[2025-10-30T17:37:52.196-0700] {local_task_job_runner.py:120} INFO - ::group::Pre task execution logs
[2025-10-30T17:37:52.206-0700] {taskinstance.py:2076} INFO - Dependencies all met for dep_context=non-requeueable deps ti=<TaskInstance: p14_data_backbone_maintenance.backup_postgres manual__2025-10-31T00:37:48+00:00 [queued]>
[2025-10-30T17:37:52.209-0700] {taskinstance.py:2076} INFO - Dependencies all met for dep_context=requeueable deps ti=<TaskInstance: p14_data_backbone_maintenance.backup_postgres manual__2025-10-31T00:37:48+00:00 [queued]>
[2025-10-30T17:37:52.209-0700] {taskinstance.py:2306} INFO - Starting attempt 1 of 2
[2025-10-30T17:37:52.215-0700] {taskinstance.py:2330} INFO - Executing <Task(BashOperator): backup_postgres> on 2025-10-31 00:37:48+00:00
[2025-10-30T17:37:52.218-0700] {standard_task_runner.py:64} INFO - Started process 62938 to run task
[2025-10-30T17:37:52.221-0700] {standard_task_runner.py:90} INFO - Running: ['airflow', 'tasks', 'run', 'p14_data_backbone_maintenance', 'backup_postgres', 'manual__2025-10-31T00:37:48+00:00', '--job-id', '41', '--raw', '--subdir', 'DAGS_FOLDER/p14_dags/p14_data_backbone_maintenance.py', '--cfg-path', '/var/folders/z8/1pxcrjv52wd_wfjg44_llz7m0000gn/T/tmpjuefxkup']
[2025-10-30T17:37:52.223-0700] {standard_task_runner.py:91} INFO - Job 41: Subtask backup_postgres
[2025-10-30T17:37:52.247-0700] {task_command.py:426} INFO - Running <TaskInstance: p14_data_backbone_maintenance.backup_postgres manual__2025-10-31T00:37:48+00:00 [running]> on host ivans-macbook-air.local
[2025-10-30T17:37:52.276-0700] {taskinstance.py:2648} INFO - Exporting env vars: AIRFLOW_CTX_DAG_OWNER='iip_system' AIRFLOW_CTX_DAG_ID='p14_data_backbone_maintenance' AIRFLOW_CTX_TASK_ID='backup_postgres' AIRFLOW_CTX_EXECUTION_DATE='2025-10-31T00:37:48+00:00' AIRFLOW_CTX_TRY_NUMBER='1' AIRFLOW_CTX_DAG_RUN_ID='manual__2025-10-31T00:37:48+00:00'
[2025-10-30T17:37:52.277-0700] {taskinstance.py:430} INFO - ::endgroup::
[2025-10-30T17:37:52.284-0700] {subprocess.py:63} INFO - Tmp dir root location: /var/folders/z8/1pxcrjv52wd_wfjg44_llz7m0000gn/T
[2025-10-30T17:37:52.285-0700] {subprocess.py:75} INFO - Running command: ['/bin/bash', '-c', 'pg_dump $POSTGRES_DB > ~/IIP_SECURE_STACK/backups/postgres_$(date +%F).sql']
[2025-10-30T17:37:52.292-0700] {subprocess.py:86} INFO - Output:
[2025-10-30T17:37:52.902-0700] {subprocess.py:97} INFO - Command exited with return code 0
[2025-10-30T17:37:52.903-0700] {taskinstance.py:441} INFO - ::group::Post task execution logs
[2025-10-30T17:37:52.914-0700] {taskinstance.py:1206} INFO - Marking task as SUCCESS. dag_id=p14_data_backbone_maintenance, task_id=backup_postgres, run_id=manual__2025-10-31T00:37:48+00:00, execution_date=20251031T003748, start_date=20251031T003752, end_date=20251031T003752
[2025-10-30T17:37:52.931-0700] {local_task_job_runner.py:243} INFO - Task exited with return code 0
[2025-10-30T17:37:52.940-0700] {taskinstance.py:3503} INFO - 1 downstream tasks scheduled from follow-on schedule check
[2025-10-30T17:37:52.940-0700] {local_task_job_runner.py:222} INFO - ::endgroup::
