[2025-10-30T17:37:54.075-0700] {local_task_job_runner.py:120} INFO - ::group::Pre task execution logs
[2025-10-30T17:37:54.085-0700] {taskinstance.py:2076} INFO - Dependencies all met for dep_context=non-requeueable deps ti=<TaskInstance: p14_data_backbone_maintenance.integrity_check manual__2025-10-31T00:37:48+00:00 [queued]>
[2025-10-30T17:37:54.088-0700] {taskinstance.py:2076} INFO - Dependencies all met for dep_context=requeueable deps ti=<TaskInstance: p14_data_backbone_maintenance.integrity_check manual__2025-10-31T00:37:48+00:00 [queued]>
[2025-10-30T17:37:54.088-0700] {taskinstance.py:2306} INFO - Starting attempt 1 of 2
[2025-10-30T17:37:54.094-0700] {taskinstance.py:2330} INFO - Executing <Task(BashOperator): integrity_check> on 2025-10-31 00:37:48+00:00
[2025-10-30T17:37:54.096-0700] {standard_task_runner.py:64} INFO - Started process 62946 to run task
[2025-10-30T17:37:54.100-0700] {standard_task_runner.py:90} INFO - Running: ['airflow', 'tasks', 'run', 'p14_data_backbone_maintenance', 'integrity_check', 'manual__2025-10-31T00:37:48+00:00', '--job-id', '42', '--raw', '--subdir', 'DAGS_FOLDER/p14_dags/p14_data_backbone_maintenance.py', '--cfg-path', '/var/folders/z8/1pxcrjv52wd_wfjg44_llz7m0000gn/T/tmpzwx3xi__']
[2025-10-30T17:37:54.102-0700] {standard_task_runner.py:91} INFO - Job 42: Subtask integrity_check
[2025-10-30T17:37:54.123-0700] {task_command.py:426} INFO - Running <TaskInstance: p14_data_backbone_maintenance.integrity_check manual__2025-10-31T00:37:48+00:00 [running]> on host ivans-macbook-air.local
[2025-10-30T17:37:54.154-0700] {taskinstance.py:2648} INFO - Exporting env vars: AIRFLOW_CTX_DAG_OWNER='iip_system' AIRFLOW_CTX_DAG_ID='p14_data_backbone_maintenance' AIRFLOW_CTX_TASK_ID='integrity_check' AIRFLOW_CTX_EXECUTION_DATE='2025-10-31T00:37:48+00:00' AIRFLOW_CTX_TRY_NUMBER='1' AIRFLOW_CTX_DAG_RUN_ID='manual__2025-10-31T00:37:48+00:00'
[2025-10-30T17:37:54.155-0700] {taskinstance.py:430} INFO - ::endgroup::
[2025-10-30T17:37:54.162-0700] {subprocess.py:63} INFO - Tmp dir root location: /var/folders/z8/1pxcrjv52wd_wfjg44_llz7m0000gn/T
[2025-10-30T17:37:54.163-0700] {subprocess.py:75} INFO - Running command: ['/bin/bash', '-c', 'psql $POSTGRES_CONN -c "SELECT now();"']
[2025-10-30T17:37:54.170-0700] {subprocess.py:86} INFO - Output:
[2025-10-30T17:37:54.200-0700] {subprocess.py:93} INFO -               now
[2025-10-30T17:37:54.201-0700] {subprocess.py:93} INFO - -------------------------------
[2025-10-30T17:37:54.201-0700] {subprocess.py:93} INFO -  2025-10-30 17:37:54.198857-07
[2025-10-30T17:37:54.201-0700] {subprocess.py:93} INFO - (1 row)
[2025-10-30T17:37:54.202-0700] {subprocess.py:93} INFO -
[2025-10-30T17:37:54.202-0700] {subprocess.py:97} INFO - Command exited with return code 0
[2025-10-30T17:37:54.203-0700] {taskinstance.py:441} INFO - ::group::Post task execution logs
[2025-10-30T17:37:54.212-0700] {taskinstance.py:1206} INFO - Marking task as SUCCESS. dag_id=p14_data_backbone_maintenance, task_id=integrity_check, run_id=manual__2025-10-31T00:37:48+00:00, execution_date=20251031T003748, start_date=20251031T003754, end_date=20251031T003754
[2025-10-30T17:37:54.236-0700] {local_task_job_runner.py:243} INFO - Task exited with return code 0
[2025-10-30T17:37:54.242-0700] {taskinstance.py:3503} INFO - 0 downstream tasks scheduled from follow-on schedule check
[2025-10-30T17:37:54.243-0700] {local_task_job_runner.py:222} INFO - ::endgroup::
