[2025-10-29T18:41:17.603-0700] {processor.py:161} INFO - Started process (PID=5222) to work on /opt/miniconda3/envs/airflow_env/lib/python3.11/site-packages/airflow/example_dags/example_dynamic_task_mapping.py
[2025-10-29T18:41:17.603-0700] {processor.py:830} INFO - Processing file /opt/miniconda3/envs/airflow_env/lib/python3.11/site-packages/airflow/example_dags/example_dynamic_task_mapping.py for tasks to queue
[2025-10-29T18:41:17.604-0700] {logging_mixin.py:188} INFO - [2025-10-29T18:41:17.604-0700] {dagbag.py:545} INFO - Filling up the DagBag from /opt/miniconda3/envs/airflow_env/lib/python3.11/site-packages/airflow/example_dags/example_dynamic_task_mapping.py
[2025-10-29T18:41:17.623-0700] {processor.py:840} INFO - DAG(s) 'example_dynamic_task_mapping' retrieved from /opt/miniconda3/envs/airflow_env/lib/python3.11/site-packages/airflow/example_dags/example_dynamic_task_mapping.py
[2025-10-29T18:41:17.712-0700] {logging_mixin.py:188} INFO - [2025-10-29T18:41:17.711-0700] {override.py:1930} INFO - Created Permission View: can edit on DAG:example_dynamic_task_mapping
[2025-10-29T18:41:17.747-0700] {logging_mixin.py:188} INFO - [2025-10-29T18:41:17.747-0700] {override.py:1930} INFO - Created Permission View: can read on DAG:example_dynamic_task_mapping
[2025-10-29T18:41:17.750-0700] {logging_mixin.py:188} INFO - [2025-10-29T18:41:17.750-0700] {override.py:1930} INFO - Created Permission View: can delete on DAG:example_dynamic_task_mapping
[2025-10-29T18:41:17.750-0700] {logging_mixin.py:188} INFO - [2025-10-29T18:41:17.750-0700] {dag.py:3089} INFO - Sync 1 DAGs
[2025-10-29T18:41:17.755-0700] {logging_mixin.py:188} INFO - [2025-10-29T18:41:17.755-0700] {dag.py:3111} INFO - Creating ORM DAG for example_dynamic_task_mapping
[2025-10-29T18:41:17.759-0700] {logging_mixin.py:188} INFO - [2025-10-29T18:41:17.759-0700] {dag.py:3947} INFO - Setting next_dagrun for example_dynamic_task_mapping to 2022-03-04 00:00:00+00:00, run_after=2022-03-05 00:00:00+00:00
[2025-10-29T18:41:17.767-0700] {processor.py:183} INFO - Processing /opt/miniconda3/envs/airflow_env/lib/python3.11/site-packages/airflow/example_dags/example_dynamic_task_mapping.py took 0.166 seconds
[2025-10-29T18:43:35.952-0700] {processor.py:161} INFO - Started process (PID=5489) to work on /opt/miniconda3/envs/airflow_env/lib/python3.11/site-packages/airflow/example_dags/example_dynamic_task_mapping.py
[2025-10-29T18:43:35.954-0700] {processor.py:830} INFO - Processing file /opt/miniconda3/envs/airflow_env/lib/python3.11/site-packages/airflow/example_dags/example_dynamic_task_mapping.py for tasks to queue
[2025-10-29T18:43:35.954-0700] {logging_mixin.py:188} INFO - [2025-10-29T18:43:35.954-0700] {dagbag.py:545} INFO - Filling up the DagBag from /opt/miniconda3/envs/airflow_env/lib/python3.11/site-packages/airflow/example_dags/example_dynamic_task_mapping.py
[2025-10-29T18:43:35.973-0700] {processor.py:840} INFO - DAG(s) 'example_dynamic_task_mapping' retrieved from /opt/miniconda3/envs/airflow_env/lib/python3.11/site-packages/airflow/example_dags/example_dynamic_task_mapping.py
[2025-10-29T18:43:36.020-0700] {logging_mixin.py:188} INFO - [2025-10-29T18:43:36.020-0700] {dag.py:3089} INFO - Sync 1 DAGs
[2025-10-29T18:43:36.028-0700] {logging_mixin.py:188} INFO - [2025-10-29T18:43:36.028-0700] {dag.py:3947} INFO - Setting next_dagrun for example_dynamic_task_mapping to 2022-03-04 00:00:00+00:00, run_after=2022-03-05 00:00:00+00:00
[2025-10-29T18:43:36.038-0700] {processor.py:183} INFO - Processing /opt/miniconda3/envs/airflow_env/lib/python3.11/site-packages/airflow/example_dags/example_dynamic_task_mapping.py took 0.088 seconds
[2025-10-29T18:46:01.155-0700] {processor.py:161} INFO - Started process (PID=5751) to work on /opt/miniconda3/envs/airflow_env/lib/python3.11/site-packages/airflow/example_dags/example_dynamic_task_mapping.py
[2025-10-29T18:46:01.155-0700] {processor.py:830} INFO - Processing file /opt/miniconda3/envs/airflow_env/lib/python3.11/site-packages/airflow/example_dags/example_dynamic_task_mapping.py for tasks to queue
[2025-10-29T18:46:01.156-0700] {logging_mixin.py:188} INFO - [2025-10-29T18:46:01.156-0700] {dagbag.py:545} INFO - Filling up the DagBag from /opt/miniconda3/envs/airflow_env/lib/python3.11/site-packages/airflow/example_dags/example_dynamic_task_mapping.py
[2025-10-29T18:46:01.175-0700] {processor.py:840} INFO - DAG(s) 'example_dynamic_task_mapping' retrieved from /opt/miniconda3/envs/airflow_env/lib/python3.11/site-packages/airflow/example_dags/example_dynamic_task_mapping.py
[2025-10-29T18:46:01.223-0700] {logging_mixin.py:188} INFO - [2025-10-29T18:46:01.223-0700] {dag.py:3089} INFO - Sync 1 DAGs
[2025-10-29T18:46:01.231-0700] {logging_mixin.py:188} INFO - [2025-10-29T18:46:01.231-0700] {dag.py:3947} INFO - Setting next_dagrun for example_dynamic_task_mapping to 2022-03-04 00:00:00+00:00, run_after=2022-03-05 00:00:00+00:00
[2025-10-29T18:46:01.242-0700] {processor.py:183} INFO - Processing /opt/miniconda3/envs/airflow_env/lib/python3.11/site-packages/airflow/example_dags/example_dynamic_task_mapping.py took 0.089 seconds
[2025-10-29T18:48:25.685-0700] {processor.py:161} INFO - Started process (PID=6002) to work on /opt/miniconda3/envs/airflow_env/lib/python3.11/site-packages/airflow/example_dags/example_dynamic_task_mapping.py
[2025-10-29T18:48:25.686-0700] {processor.py:830} INFO - Processing file /opt/miniconda3/envs/airflow_env/lib/python3.11/site-packages/airflow/example_dags/example_dynamic_task_mapping.py for tasks to queue
[2025-10-29T18:48:25.686-0700] {logging_mixin.py:188} INFO - [2025-10-29T18:48:25.686-0700] {dagbag.py:545} INFO - Filling up the DagBag from /opt/miniconda3/envs/airflow_env/lib/python3.11/site-packages/airflow/example_dags/example_dynamic_task_mapping.py
[2025-10-29T18:48:25.710-0700] {processor.py:840} INFO - DAG(s) 'example_dynamic_task_mapping' retrieved from /opt/miniconda3/envs/airflow_env/lib/python3.11/site-packages/airflow/example_dags/example_dynamic_task_mapping.py
[2025-10-29T18:48:25.758-0700] {logging_mixin.py:188} INFO - [2025-10-29T18:48:25.758-0700] {dag.py:3089} INFO - Sync 1 DAGs
[2025-10-29T18:48:25.766-0700] {logging_mixin.py:188} INFO - [2025-10-29T18:48:25.766-0700] {dag.py:3947} INFO - Setting next_dagrun for example_dynamic_task_mapping to 2022-03-04 00:00:00+00:00, run_after=2022-03-05 00:00:00+00:00
[2025-10-29T18:48:25.776-0700] {processor.py:183} INFO - Processing /opt/miniconda3/envs/airflow_env/lib/python3.11/site-packages/airflow/example_dags/example_dynamic_task_mapping.py took 0.093 seconds
[2025-10-29T18:50:49.918-0700] {processor.py:161} INFO - Started process (PID=9814) to work on /opt/miniconda3/envs/airflow_env/lib/python3.11/site-packages/airflow/example_dags/example_dynamic_task_mapping.py
[2025-10-29T18:50:49.919-0700] {processor.py:830} INFO - Processing file /opt/miniconda3/envs/airflow_env/lib/python3.11/site-packages/airflow/example_dags/example_dynamic_task_mapping.py for tasks to queue
[2025-10-29T18:50:49.919-0700] {logging_mixin.py:188} INFO - [2025-10-29T18:50:49.919-0700] {dagbag.py:545} INFO - Filling up the DagBag from /opt/miniconda3/envs/airflow_env/lib/python3.11/site-packages/airflow/example_dags/example_dynamic_task_mapping.py
[2025-10-29T18:50:49.939-0700] {processor.py:840} INFO - DAG(s) 'example_dynamic_task_mapping' retrieved from /opt/miniconda3/envs/airflow_env/lib/python3.11/site-packages/airflow/example_dags/example_dynamic_task_mapping.py
[2025-10-29T18:50:49.985-0700] {logging_mixin.py:188} INFO - [2025-10-29T18:50:49.985-0700] {dag.py:3089} INFO - Sync 1 DAGs
[2025-10-29T18:50:49.993-0700] {logging_mixin.py:188} INFO - [2025-10-29T18:50:49.993-0700] {dag.py:3947} INFO - Setting next_dagrun for example_dynamic_task_mapping to 2022-03-04 00:00:00+00:00, run_after=2022-03-05 00:00:00+00:00
[2025-10-29T18:50:50.003-0700] {processor.py:183} INFO - Processing /opt/miniconda3/envs/airflow_env/lib/python3.11/site-packages/airflow/example_dags/example_dynamic_task_mapping.py took 0.088 seconds
[2025-10-29T18:53:07.525-0700] {processor.py:161} INFO - Started process (PID=10051) to work on /opt/miniconda3/envs/airflow_env/lib/python3.11/site-packages/airflow/example_dags/example_dynamic_task_mapping.py
[2025-10-29T18:53:07.526-0700] {processor.py:830} INFO - Processing file /opt/miniconda3/envs/airflow_env/lib/python3.11/site-packages/airflow/example_dags/example_dynamic_task_mapping.py for tasks to queue
[2025-10-29T18:53:07.526-0700] {logging_mixin.py:188} INFO - [2025-10-29T18:53:07.526-0700] {dagbag.py:545} INFO - Filling up the DagBag from /opt/miniconda3/envs/airflow_env/lib/python3.11/site-packages/airflow/example_dags/example_dynamic_task_mapping.py
[2025-10-29T18:53:07.545-0700] {processor.py:840} INFO - DAG(s) 'example_dynamic_task_mapping' retrieved from /opt/miniconda3/envs/airflow_env/lib/python3.11/site-packages/airflow/example_dags/example_dynamic_task_mapping.py
[2025-10-29T18:53:07.592-0700] {logging_mixin.py:188} INFO - [2025-10-29T18:53:07.592-0700] {dag.py:3089} INFO - Sync 1 DAGs
[2025-10-29T18:53:07.600-0700] {logging_mixin.py:188} INFO - [2025-10-29T18:53:07.600-0700] {dag.py:3947} INFO - Setting next_dagrun for example_dynamic_task_mapping to 2022-03-04 00:00:00+00:00, run_after=2022-03-05 00:00:00+00:00
[2025-10-29T18:53:07.611-0700] {processor.py:183} INFO - Processing /opt/miniconda3/envs/airflow_env/lib/python3.11/site-packages/airflow/example_dags/example_dynamic_task_mapping.py took 0.087 seconds
[2025-10-29T18:55:30.063-0700] {processor.py:161} INFO - Started process (PID=10341) to work on /opt/miniconda3/envs/airflow_env/lib/python3.11/site-packages/airflow/example_dags/example_dynamic_task_mapping.py
[2025-10-29T18:55:30.064-0700] {processor.py:830} INFO - Processing file /opt/miniconda3/envs/airflow_env/lib/python3.11/site-packages/airflow/example_dags/example_dynamic_task_mapping.py for tasks to queue
[2025-10-29T18:55:30.064-0700] {logging_mixin.py:188} INFO - [2025-10-29T18:55:30.064-0700] {dagbag.py:545} INFO - Filling up the DagBag from /opt/miniconda3/envs/airflow_env/lib/python3.11/site-packages/airflow/example_dags/example_dynamic_task_mapping.py
[2025-10-29T18:55:30.084-0700] {processor.py:840} INFO - DAG(s) 'example_dynamic_task_mapping' retrieved from /opt/miniconda3/envs/airflow_env/lib/python3.11/site-packages/airflow/example_dags/example_dynamic_task_mapping.py
[2025-10-29T18:55:30.132-0700] {logging_mixin.py:188} INFO - [2025-10-29T18:55:30.132-0700] {dag.py:3089} INFO - Sync 1 DAGs
[2025-10-29T18:55:30.140-0700] {logging_mixin.py:188} INFO - [2025-10-29T18:55:30.140-0700] {dag.py:3947} INFO - Setting next_dagrun for example_dynamic_task_mapping to 2022-03-04 00:00:00+00:00, run_after=2022-03-05 00:00:00+00:00
[2025-10-29T18:55:30.150-0700] {processor.py:183} INFO - Processing /opt/miniconda3/envs/airflow_env/lib/python3.11/site-packages/airflow/example_dags/example_dynamic_task_mapping.py took 0.089 seconds
[2025-10-29T18:57:52.444-0700] {processor.py:161} INFO - Started process (PID=10598) to work on /opt/miniconda3/envs/airflow_env/lib/python3.11/site-packages/airflow/example_dags/example_dynamic_task_mapping.py
[2025-10-29T18:57:52.445-0700] {processor.py:830} INFO - Processing file /opt/miniconda3/envs/airflow_env/lib/python3.11/site-packages/airflow/example_dags/example_dynamic_task_mapping.py for tasks to queue
[2025-10-29T18:57:52.445-0700] {logging_mixin.py:188} INFO - [2025-10-29T18:57:52.445-0700] {dagbag.py:545} INFO - Filling up the DagBag from /opt/miniconda3/envs/airflow_env/lib/python3.11/site-packages/airflow/example_dags/example_dynamic_task_mapping.py
[2025-10-29T18:57:52.464-0700] {processor.py:840} INFO - DAG(s) 'example_dynamic_task_mapping' retrieved from /opt/miniconda3/envs/airflow_env/lib/python3.11/site-packages/airflow/example_dags/example_dynamic_task_mapping.py
[2025-10-29T18:57:52.512-0700] {logging_mixin.py:188} INFO - [2025-10-29T18:57:52.512-0700] {dag.py:3089} INFO - Sync 1 DAGs
[2025-10-29T18:57:52.520-0700] {logging_mixin.py:188} INFO - [2025-10-29T18:57:52.520-0700] {dag.py:3947} INFO - Setting next_dagrun for example_dynamic_task_mapping to 2022-03-04 00:00:00+00:00, run_after=2022-03-05 00:00:00+00:00
[2025-10-29T18:57:52.530-0700] {processor.py:183} INFO - Processing /opt/miniconda3/envs/airflow_env/lib/python3.11/site-packages/airflow/example_dags/example_dynamic_task_mapping.py took 0.088 seconds
[2025-10-29T18:59:52.555-0700] {processor.py:161} INFO - Started process (PID=10843) to work on /opt/miniconda3/envs/airflow_env/lib/python3.11/site-packages/airflow/example_dags/example_dynamic_task_mapping.py
[2025-10-29T18:59:52.556-0700] {processor.py:830} INFO - Processing file /opt/miniconda3/envs/airflow_env/lib/python3.11/site-packages/airflow/example_dags/example_dynamic_task_mapping.py for tasks to queue
[2025-10-29T18:59:52.556-0700] {logging_mixin.py:188} INFO - [2025-10-29T18:59:52.556-0700] {dagbag.py:545} INFO - Filling up the DagBag from /opt/miniconda3/envs/airflow_env/lib/python3.11/site-packages/airflow/example_dags/example_dynamic_task_mapping.py
[2025-10-29T18:59:52.575-0700] {processor.py:840} INFO - DAG(s) 'example_dynamic_task_mapping' retrieved from /opt/miniconda3/envs/airflow_env/lib/python3.11/site-packages/airflow/example_dags/example_dynamic_task_mapping.py
[2025-10-29T18:59:52.697-0700] {logging_mixin.py:188} INFO - [2025-10-29T18:59:52.697-0700] {dag.py:3089} INFO - Sync 1 DAGs
[2025-10-29T18:59:52.705-0700] {logging_mixin.py:188} INFO - [2025-10-29T18:59:52.705-0700] {dag.py:3947} INFO - Setting next_dagrun for example_dynamic_task_mapping to 2022-03-04 00:00:00+00:00, run_after=2022-03-05 00:00:00+00:00
[2025-10-29T18:59:52.714-0700] {processor.py:183} INFO - Processing /opt/miniconda3/envs/airflow_env/lib/python3.11/site-packages/airflow/example_dags/example_dynamic_task_mapping.py took 0.161 seconds
[2025-10-29T19:02:17.584-0700] {processor.py:161} INFO - Started process (PID=11094) to work on /opt/miniconda3/envs/airflow_env/lib/python3.11/site-packages/airflow/example_dags/example_dynamic_task_mapping.py
[2025-10-29T19:02:17.585-0700] {processor.py:830} INFO - Processing file /opt/miniconda3/envs/airflow_env/lib/python3.11/site-packages/airflow/example_dags/example_dynamic_task_mapping.py for tasks to queue
[2025-10-29T19:02:17.585-0700] {logging_mixin.py:188} INFO - [2025-10-29T19:02:17.585-0700] {dagbag.py:545} INFO - Filling up the DagBag from /opt/miniconda3/envs/airflow_env/lib/python3.11/site-packages/airflow/example_dags/example_dynamic_task_mapping.py
[2025-10-29T19:02:17.604-0700] {processor.py:840} INFO - DAG(s) 'example_dynamic_task_mapping' retrieved from /opt/miniconda3/envs/airflow_env/lib/python3.11/site-packages/airflow/example_dags/example_dynamic_task_mapping.py
[2025-10-29T19:02:17.653-0700] {logging_mixin.py:188} INFO - [2025-10-29T19:02:17.653-0700] {dag.py:3089} INFO - Sync 1 DAGs
[2025-10-29T19:02:17.661-0700] {logging_mixin.py:188} INFO - [2025-10-29T19:02:17.661-0700] {dag.py:3947} INFO - Setting next_dagrun for example_dynamic_task_mapping to 2022-03-04 00:00:00+00:00, run_after=2022-03-05 00:00:00+00:00
[2025-10-29T19:02:17.671-0700] {processor.py:183} INFO - Processing /opt/miniconda3/envs/airflow_env/lib/python3.11/site-packages/airflow/example_dags/example_dynamic_task_mapping.py took 0.089 seconds
[2025-10-29T19:04:45.070-0700] {processor.py:161} INFO - Started process (PID=11364) to work on /opt/miniconda3/envs/airflow_env/lib/python3.11/site-packages/airflow/example_dags/example_dynamic_task_mapping.py
[2025-10-29T19:04:45.070-0700] {processor.py:830} INFO - Processing file /opt/miniconda3/envs/airflow_env/lib/python3.11/site-packages/airflow/example_dags/example_dynamic_task_mapping.py for tasks to queue
[2025-10-29T19:04:45.071-0700] {logging_mixin.py:188} INFO - [2025-10-29T19:04:45.071-0700] {dagbag.py:545} INFO - Filling up the DagBag from /opt/miniconda3/envs/airflow_env/lib/python3.11/site-packages/airflow/example_dags/example_dynamic_task_mapping.py
[2025-10-29T19:04:45.091-0700] {processor.py:840} INFO - DAG(s) 'example_dynamic_task_mapping' retrieved from /opt/miniconda3/envs/airflow_env/lib/python3.11/site-packages/airflow/example_dags/example_dynamic_task_mapping.py
[2025-10-29T19:04:45.139-0700] {logging_mixin.py:188} INFO - [2025-10-29T19:04:45.139-0700] {dag.py:3089} INFO - Sync 1 DAGs
[2025-10-29T19:04:45.147-0700] {logging_mixin.py:188} INFO - [2025-10-29T19:04:45.147-0700] {dag.py:3947} INFO - Setting next_dagrun for example_dynamic_task_mapping to 2022-03-04 00:00:00+00:00, run_after=2022-03-05 00:00:00+00:00
[2025-10-29T19:04:45.157-0700] {processor.py:183} INFO - Processing /opt/miniconda3/envs/airflow_env/lib/python3.11/site-packages/airflow/example_dags/example_dynamic_task_mapping.py took 0.090 seconds
[2025-10-29T19:07:14.064-0700] {processor.py:161} INFO - Started process (PID=11635) to work on /opt/miniconda3/envs/airflow_env/lib/python3.11/site-packages/airflow/example_dags/example_dynamic_task_mapping.py
[2025-10-29T19:07:14.065-0700] {processor.py:830} INFO - Processing file /opt/miniconda3/envs/airflow_env/lib/python3.11/site-packages/airflow/example_dags/example_dynamic_task_mapping.py for tasks to queue
[2025-10-29T19:07:14.065-0700] {logging_mixin.py:188} INFO - [2025-10-29T19:07:14.065-0700] {dagbag.py:545} INFO - Filling up the DagBag from /opt/miniconda3/envs/airflow_env/lib/python3.11/site-packages/airflow/example_dags/example_dynamic_task_mapping.py
[2025-10-29T19:07:14.085-0700] {processor.py:840} INFO - DAG(s) 'example_dynamic_task_mapping' retrieved from /opt/miniconda3/envs/airflow_env/lib/python3.11/site-packages/airflow/example_dags/example_dynamic_task_mapping.py
[2025-10-29T19:07:14.131-0700] {logging_mixin.py:188} INFO - [2025-10-29T19:07:14.131-0700] {dag.py:3089} INFO - Sync 1 DAGs
[2025-10-29T19:07:14.139-0700] {logging_mixin.py:188} INFO - [2025-10-29T19:07:14.139-0700] {dag.py:3947} INFO - Setting next_dagrun for example_dynamic_task_mapping to 2022-03-04 00:00:00+00:00, run_after=2022-03-05 00:00:00+00:00
[2025-10-29T19:07:14.150-0700] {processor.py:183} INFO - Processing /opt/miniconda3/envs/airflow_env/lib/python3.11/site-packages/airflow/example_dags/example_dynamic_task_mapping.py took 0.088 seconds
[2025-10-29T19:09:40.069-0700] {processor.py:161} INFO - Started process (PID=11874) to work on /opt/miniconda3/envs/airflow_env/lib/python3.11/site-packages/airflow/example_dags/example_dynamic_task_mapping.py
[2025-10-29T19:09:40.070-0700] {processor.py:830} INFO - Processing file /opt/miniconda3/envs/airflow_env/lib/python3.11/site-packages/airflow/example_dags/example_dynamic_task_mapping.py for tasks to queue
[2025-10-29T19:09:40.070-0700] {logging_mixin.py:188} INFO - [2025-10-29T19:09:40.070-0700] {dagbag.py:545} INFO - Filling up the DagBag from /opt/miniconda3/envs/airflow_env/lib/python3.11/site-packages/airflow/example_dags/example_dynamic_task_mapping.py
[2025-10-29T19:09:40.089-0700] {processor.py:840} INFO - DAG(s) 'example_dynamic_task_mapping' retrieved from /opt/miniconda3/envs/airflow_env/lib/python3.11/site-packages/airflow/example_dags/example_dynamic_task_mapping.py
[2025-10-29T19:09:40.138-0700] {logging_mixin.py:188} INFO - [2025-10-29T19:09:40.138-0700] {dag.py:3089} INFO - Sync 1 DAGs
[2025-10-29T19:09:40.146-0700] {logging_mixin.py:188} INFO - [2025-10-29T19:09:40.146-0700] {dag.py:3947} INFO - Setting next_dagrun for example_dynamic_task_mapping to 2022-03-04 00:00:00+00:00, run_after=2022-03-05 00:00:00+00:00
[2025-10-29T19:09:40.157-0700] {processor.py:183} INFO - Processing /opt/miniconda3/envs/airflow_env/lib/python3.11/site-packages/airflow/example_dags/example_dynamic_task_mapping.py took 0.090 seconds
[2025-10-29T19:12:12.505-0700] {processor.py:161} INFO - Started process (PID=12154) to work on /opt/miniconda3/envs/airflow_env/lib/python3.11/site-packages/airflow/example_dags/example_dynamic_task_mapping.py
[2025-10-29T19:12:12.506-0700] {processor.py:830} INFO - Processing file /opt/miniconda3/envs/airflow_env/lib/python3.11/site-packages/airflow/example_dags/example_dynamic_task_mapping.py for tasks to queue
[2025-10-29T19:12:12.507-0700] {logging_mixin.py:188} INFO - [2025-10-29T19:12:12.506-0700] {dagbag.py:545} INFO - Filling up the DagBag from /opt/miniconda3/envs/airflow_env/lib/python3.11/site-packages/airflow/example_dags/example_dynamic_task_mapping.py
[2025-10-29T19:12:12.526-0700] {processor.py:840} INFO - DAG(s) 'example_dynamic_task_mapping' retrieved from /opt/miniconda3/envs/airflow_env/lib/python3.11/site-packages/airflow/example_dags/example_dynamic_task_mapping.py
[2025-10-29T19:12:12.573-0700] {logging_mixin.py:188} INFO - [2025-10-29T19:12:12.573-0700] {dag.py:3089} INFO - Sync 1 DAGs
[2025-10-29T19:12:12.581-0700] {logging_mixin.py:188} INFO - [2025-10-29T19:12:12.581-0700] {dag.py:3947} INFO - Setting next_dagrun for example_dynamic_task_mapping to 2022-03-04 00:00:00+00:00, run_after=2022-03-05 00:00:00+00:00
[2025-10-29T19:12:12.590-0700] {processor.py:183} INFO - Processing /opt/miniconda3/envs/airflow_env/lib/python3.11/site-packages/airflow/example_dags/example_dynamic_task_mapping.py took 0.087 seconds
[2025-10-29T19:14:38.258-0700] {processor.py:161} INFO - Started process (PID=12409) to work on /opt/miniconda3/envs/airflow_env/lib/python3.11/site-packages/airflow/example_dags/example_dynamic_task_mapping.py
[2025-10-29T19:14:38.259-0700] {processor.py:830} INFO - Processing file /opt/miniconda3/envs/airflow_env/lib/python3.11/site-packages/airflow/example_dags/example_dynamic_task_mapping.py for tasks to queue
[2025-10-29T19:14:38.259-0700] {logging_mixin.py:188} INFO - [2025-10-29T19:14:38.259-0700] {dagbag.py:545} INFO - Filling up the DagBag from /opt/miniconda3/envs/airflow_env/lib/python3.11/site-packages/airflow/example_dags/example_dynamic_task_mapping.py
[2025-10-29T19:14:38.280-0700] {processor.py:840} INFO - DAG(s) 'example_dynamic_task_mapping' retrieved from /opt/miniconda3/envs/airflow_env/lib/python3.11/site-packages/airflow/example_dags/example_dynamic_task_mapping.py
[2025-10-29T19:14:38.333-0700] {logging_mixin.py:188} INFO - [2025-10-29T19:14:38.333-0700] {dag.py:3089} INFO - Sync 1 DAGs
[2025-10-29T19:14:38.342-0700] {logging_mixin.py:188} INFO - [2025-10-29T19:14:38.342-0700] {dag.py:3947} INFO - Setting next_dagrun for example_dynamic_task_mapping to 2022-03-04 00:00:00+00:00, run_after=2022-03-05 00:00:00+00:00
[2025-10-29T19:14:38.352-0700] {processor.py:183} INFO - Processing /opt/miniconda3/envs/airflow_env/lib/python3.11/site-packages/airflow/example_dags/example_dynamic_task_mapping.py took 0.096 seconds
[2025-10-29T19:17:07.194-0700] {processor.py:161} INFO - Started process (PID=12664) to work on /opt/miniconda3/envs/airflow_env/lib/python3.11/site-packages/airflow/example_dags/example_dynamic_task_mapping.py
[2025-10-29T19:17:07.195-0700] {processor.py:830} INFO - Processing file /opt/miniconda3/envs/airflow_env/lib/python3.11/site-packages/airflow/example_dags/example_dynamic_task_mapping.py for tasks to queue
[2025-10-29T19:17:07.195-0700] {logging_mixin.py:188} INFO - [2025-10-29T19:17:07.195-0700] {dagbag.py:545} INFO - Filling up the DagBag from /opt/miniconda3/envs/airflow_env/lib/python3.11/site-packages/airflow/example_dags/example_dynamic_task_mapping.py
[2025-10-29T19:17:07.214-0700] {processor.py:840} INFO - DAG(s) 'example_dynamic_task_mapping' retrieved from /opt/miniconda3/envs/airflow_env/lib/python3.11/site-packages/airflow/example_dags/example_dynamic_task_mapping.py
[2025-10-29T19:17:07.261-0700] {logging_mixin.py:188} INFO - [2025-10-29T19:17:07.261-0700] {dag.py:3089} INFO - Sync 1 DAGs
[2025-10-29T19:17:07.269-0700] {logging_mixin.py:188} INFO - [2025-10-29T19:17:07.269-0700] {dag.py:3947} INFO - Setting next_dagrun for example_dynamic_task_mapping to 2022-03-04 00:00:00+00:00, run_after=2022-03-05 00:00:00+00:00
[2025-10-29T19:17:07.279-0700] {processor.py:183} INFO - Processing /opt/miniconda3/envs/airflow_env/lib/python3.11/site-packages/airflow/example_dags/example_dynamic_task_mapping.py took 0.087 seconds
[2025-10-29T19:19:35.142-0700] {processor.py:161} INFO - Started process (PID=12926) to work on /opt/miniconda3/envs/airflow_env/lib/python3.11/site-packages/airflow/example_dags/example_dynamic_task_mapping.py
[2025-10-29T19:19:35.143-0700] {processor.py:830} INFO - Processing file /opt/miniconda3/envs/airflow_env/lib/python3.11/site-packages/airflow/example_dags/example_dynamic_task_mapping.py for tasks to queue
[2025-10-29T19:19:35.144-0700] {logging_mixin.py:188} INFO - [2025-10-29T19:19:35.143-0700] {dagbag.py:545} INFO - Filling up the DagBag from /opt/miniconda3/envs/airflow_env/lib/python3.11/site-packages/airflow/example_dags/example_dynamic_task_mapping.py
[2025-10-29T19:19:35.163-0700] {processor.py:840} INFO - DAG(s) 'example_dynamic_task_mapping' retrieved from /opt/miniconda3/envs/airflow_env/lib/python3.11/site-packages/airflow/example_dags/example_dynamic_task_mapping.py
[2025-10-29T19:19:35.210-0700] {logging_mixin.py:188} INFO - [2025-10-29T19:19:35.210-0700] {dag.py:3089} INFO - Sync 1 DAGs
[2025-10-29T19:19:35.218-0700] {logging_mixin.py:188} INFO - [2025-10-29T19:19:35.218-0700] {dag.py:3947} INFO - Setting next_dagrun for example_dynamic_task_mapping to 2022-03-04 00:00:00+00:00, run_after=2022-03-05 00:00:00+00:00
[2025-10-29T19:19:35.228-0700] {processor.py:183} INFO - Processing /opt/miniconda3/envs/airflow_env/lib/python3.11/site-packages/airflow/example_dags/example_dynamic_task_mapping.py took 0.089 seconds
[2025-10-29T19:21:59.428-0700] {processor.py:161} INFO - Started process (PID=13229) to work on /opt/miniconda3/envs/airflow_env/lib/python3.11/site-packages/airflow/example_dags/example_dynamic_task_mapping.py
[2025-10-29T19:21:59.428-0700] {processor.py:830} INFO - Processing file /opt/miniconda3/envs/airflow_env/lib/python3.11/site-packages/airflow/example_dags/example_dynamic_task_mapping.py for tasks to queue
[2025-10-29T19:21:59.429-0700] {logging_mixin.py:188} INFO - [2025-10-29T19:21:59.428-0700] {dagbag.py:545} INFO - Filling up the DagBag from /opt/miniconda3/envs/airflow_env/lib/python3.11/site-packages/airflow/example_dags/example_dynamic_task_mapping.py
[2025-10-29T19:21:59.448-0700] {processor.py:840} INFO - DAG(s) 'example_dynamic_task_mapping' retrieved from /opt/miniconda3/envs/airflow_env/lib/python3.11/site-packages/airflow/example_dags/example_dynamic_task_mapping.py
[2025-10-29T19:21:59.495-0700] {logging_mixin.py:188} INFO - [2025-10-29T19:21:59.495-0700] {dag.py:3089} INFO - Sync 1 DAGs
[2025-10-29T19:21:59.503-0700] {logging_mixin.py:188} INFO - [2025-10-29T19:21:59.503-0700] {dag.py:3947} INFO - Setting next_dagrun for example_dynamic_task_mapping to 2022-03-04 00:00:00+00:00, run_after=2022-03-05 00:00:00+00:00
[2025-10-29T19:21:59.513-0700] {processor.py:183} INFO - Processing /opt/miniconda3/envs/airflow_env/lib/python3.11/site-packages/airflow/example_dags/example_dynamic_task_mapping.py took 0.088 seconds
[2025-10-29T19:24:27.728-0700] {processor.py:161} INFO - Started process (PID=13487) to work on /opt/miniconda3/envs/airflow_env/lib/python3.11/site-packages/airflow/example_dags/example_dynamic_task_mapping.py
[2025-10-29T19:24:27.729-0700] {processor.py:830} INFO - Processing file /opt/miniconda3/envs/airflow_env/lib/python3.11/site-packages/airflow/example_dags/example_dynamic_task_mapping.py for tasks to queue
[2025-10-29T19:24:27.730-0700] {logging_mixin.py:188} INFO - [2025-10-29T19:24:27.729-0700] {dagbag.py:545} INFO - Filling up the DagBag from /opt/miniconda3/envs/airflow_env/lib/python3.11/site-packages/airflow/example_dags/example_dynamic_task_mapping.py
[2025-10-29T19:24:27.749-0700] {processor.py:840} INFO - DAG(s) 'example_dynamic_task_mapping' retrieved from /opt/miniconda3/envs/airflow_env/lib/python3.11/site-packages/airflow/example_dags/example_dynamic_task_mapping.py
[2025-10-29T19:24:27.798-0700] {logging_mixin.py:188} INFO - [2025-10-29T19:24:27.798-0700] {dag.py:3089} INFO - Sync 1 DAGs
[2025-10-29T19:24:27.806-0700] {logging_mixin.py:188} INFO - [2025-10-29T19:24:27.806-0700] {dag.py:3947} INFO - Setting next_dagrun for example_dynamic_task_mapping to 2022-03-04 00:00:00+00:00, run_after=2022-03-05 00:00:00+00:00
[2025-10-29T19:24:27.817-0700] {processor.py:183} INFO - Processing /opt/miniconda3/envs/airflow_env/lib/python3.11/site-packages/airflow/example_dags/example_dynamic_task_mapping.py took 0.090 seconds
[2025-10-29T19:26:51.498-0700] {processor.py:161} INFO - Started process (PID=14155) to work on /opt/miniconda3/envs/airflow_env/lib/python3.11/site-packages/airflow/example_dags/example_dynamic_task_mapping.py
[2025-10-29T19:26:51.499-0700] {processor.py:830} INFO - Processing file /opt/miniconda3/envs/airflow_env/lib/python3.11/site-packages/airflow/example_dags/example_dynamic_task_mapping.py for tasks to queue
[2025-10-29T19:26:51.499-0700] {logging_mixin.py:188} INFO - [2025-10-29T19:26:51.499-0700] {dagbag.py:545} INFO - Filling up the DagBag from /opt/miniconda3/envs/airflow_env/lib/python3.11/site-packages/airflow/example_dags/example_dynamic_task_mapping.py
[2025-10-29T19:26:51.518-0700] {processor.py:840} INFO - DAG(s) 'example_dynamic_task_mapping' retrieved from /opt/miniconda3/envs/airflow_env/lib/python3.11/site-packages/airflow/example_dags/example_dynamic_task_mapping.py
[2025-10-29T19:26:51.566-0700] {logging_mixin.py:188} INFO - [2025-10-29T19:26:51.566-0700] {dag.py:3089} INFO - Sync 1 DAGs
[2025-10-29T19:26:51.575-0700] {logging_mixin.py:188} INFO - [2025-10-29T19:26:51.575-0700] {dag.py:3947} INFO - Setting next_dagrun for example_dynamic_task_mapping to 2022-03-04 00:00:00+00:00, run_after=2022-03-05 00:00:00+00:00
[2025-10-29T19:26:51.586-0700] {processor.py:183} INFO - Processing /opt/miniconda3/envs/airflow_env/lib/python3.11/site-packages/airflow/example_dags/example_dynamic_task_mapping.py took 0.090 seconds
[2025-10-29T19:29:19.904-0700] {processor.py:161} INFO - Started process (PID=14840) to work on /opt/miniconda3/envs/airflow_env/lib/python3.11/site-packages/airflow/example_dags/example_dynamic_task_mapping.py
[2025-10-29T19:29:19.904-0700] {processor.py:830} INFO - Processing file /opt/miniconda3/envs/airflow_env/lib/python3.11/site-packages/airflow/example_dags/example_dynamic_task_mapping.py for tasks to queue
[2025-10-29T19:29:19.905-0700] {logging_mixin.py:188} INFO - [2025-10-29T19:29:19.905-0700] {dagbag.py:545} INFO - Filling up the DagBag from /opt/miniconda3/envs/airflow_env/lib/python3.11/site-packages/airflow/example_dags/example_dynamic_task_mapping.py
[2025-10-29T19:29:19.925-0700] {processor.py:840} INFO - DAG(s) 'example_dynamic_task_mapping' retrieved from /opt/miniconda3/envs/airflow_env/lib/python3.11/site-packages/airflow/example_dags/example_dynamic_task_mapping.py
[2025-10-29T19:29:19.974-0700] {logging_mixin.py:188} INFO - [2025-10-29T19:29:19.974-0700] {dag.py:3089} INFO - Sync 1 DAGs
[2025-10-29T19:29:19.982-0700] {logging_mixin.py:188} INFO - [2025-10-29T19:29:19.982-0700] {dag.py:3947} INFO - Setting next_dagrun for example_dynamic_task_mapping to 2022-03-04 00:00:00+00:00, run_after=2022-03-05 00:00:00+00:00
[2025-10-29T19:29:19.993-0700] {processor.py:183} INFO - Processing /opt/miniconda3/envs/airflow_env/lib/python3.11/site-packages/airflow/example_dags/example_dynamic_task_mapping.py took 0.092 seconds
[2025-10-29T19:31:50.944-0700] {processor.py:161} INFO - Started process (PID=15529) to work on /opt/miniconda3/envs/airflow_env/lib/python3.11/site-packages/airflow/example_dags/example_dynamic_task_mapping.py
[2025-10-29T19:31:50.946-0700] {processor.py:830} INFO - Processing file /opt/miniconda3/envs/airflow_env/lib/python3.11/site-packages/airflow/example_dags/example_dynamic_task_mapping.py for tasks to queue
[2025-10-29T19:31:50.946-0700] {logging_mixin.py:188} INFO - [2025-10-29T19:31:50.946-0700] {dagbag.py:545} INFO - Filling up the DagBag from /opt/miniconda3/envs/airflow_env/lib/python3.11/site-packages/airflow/example_dags/example_dynamic_task_mapping.py
[2025-10-29T19:31:50.965-0700] {processor.py:840} INFO - DAG(s) 'example_dynamic_task_mapping' retrieved from /opt/miniconda3/envs/airflow_env/lib/python3.11/site-packages/airflow/example_dags/example_dynamic_task_mapping.py
[2025-10-29T19:31:51.013-0700] {logging_mixin.py:188} INFO - [2025-10-29T19:31:51.013-0700] {dag.py:3089} INFO - Sync 1 DAGs
[2025-10-29T19:31:51.021-0700] {logging_mixin.py:188} INFO - [2025-10-29T19:31:51.021-0700] {dag.py:3947} INFO - Setting next_dagrun for example_dynamic_task_mapping to 2022-03-04 00:00:00+00:00, run_after=2022-03-05 00:00:00+00:00
[2025-10-29T19:31:51.031-0700] {processor.py:183} INFO - Processing /opt/miniconda3/envs/airflow_env/lib/python3.11/site-packages/airflow/example_dags/example_dynamic_task_mapping.py took 0.089 seconds
[2025-10-29T19:34:19.406-0700] {processor.py:161} INFO - Started process (PID=16241) to work on /opt/miniconda3/envs/airflow_env/lib/python3.11/site-packages/airflow/example_dags/example_dynamic_task_mapping.py
[2025-10-29T19:34:19.407-0700] {processor.py:830} INFO - Processing file /opt/miniconda3/envs/airflow_env/lib/python3.11/site-packages/airflow/example_dags/example_dynamic_task_mapping.py for tasks to queue
[2025-10-29T19:34:19.407-0700] {logging_mixin.py:188} INFO - [2025-10-29T19:34:19.407-0700] {dagbag.py:545} INFO - Filling up the DagBag from /opt/miniconda3/envs/airflow_env/lib/python3.11/site-packages/airflow/example_dags/example_dynamic_task_mapping.py
[2025-10-29T19:34:19.426-0700] {processor.py:840} INFO - DAG(s) 'example_dynamic_task_mapping' retrieved from /opt/miniconda3/envs/airflow_env/lib/python3.11/site-packages/airflow/example_dags/example_dynamic_task_mapping.py
[2025-10-29T19:34:19.474-0700] {logging_mixin.py:188} INFO - [2025-10-29T19:34:19.474-0700] {dag.py:3089} INFO - Sync 1 DAGs
[2025-10-29T19:34:19.482-0700] {logging_mixin.py:188} INFO - [2025-10-29T19:34:19.482-0700] {dag.py:3947} INFO - Setting next_dagrun for example_dynamic_task_mapping to 2022-03-04 00:00:00+00:00, run_after=2022-03-05 00:00:00+00:00
[2025-10-29T19:34:19.492-0700] {processor.py:183} INFO - Processing /opt/miniconda3/envs/airflow_env/lib/python3.11/site-packages/airflow/example_dags/example_dynamic_task_mapping.py took 0.087 seconds
[2025-10-29T19:36:50.702-0700] {processor.py:161} INFO - Started process (PID=16935) to work on /opt/miniconda3/envs/airflow_env/lib/python3.11/site-packages/airflow/example_dags/example_dynamic_task_mapping.py
[2025-10-29T19:36:50.703-0700] {processor.py:830} INFO - Processing file /opt/miniconda3/envs/airflow_env/lib/python3.11/site-packages/airflow/example_dags/example_dynamic_task_mapping.py for tasks to queue
[2025-10-29T19:36:50.704-0700] {logging_mixin.py:188} INFO - [2025-10-29T19:36:50.704-0700] {dagbag.py:545} INFO - Filling up the DagBag from /opt/miniconda3/envs/airflow_env/lib/python3.11/site-packages/airflow/example_dags/example_dynamic_task_mapping.py
[2025-10-29T19:36:50.724-0700] {processor.py:840} INFO - DAG(s) 'example_dynamic_task_mapping' retrieved from /opt/miniconda3/envs/airflow_env/lib/python3.11/site-packages/airflow/example_dags/example_dynamic_task_mapping.py
[2025-10-29T19:36:50.773-0700] {logging_mixin.py:188} INFO - [2025-10-29T19:36:50.773-0700] {dag.py:3089} INFO - Sync 1 DAGs
[2025-10-29T19:36:50.781-0700] {logging_mixin.py:188} INFO - [2025-10-29T19:36:50.781-0700] {dag.py:3947} INFO - Setting next_dagrun for example_dynamic_task_mapping to 2022-03-04 00:00:00+00:00, run_after=2022-03-05 00:00:00+00:00
[2025-10-29T19:36:50.792-0700] {processor.py:183} INFO - Processing /opt/miniconda3/envs/airflow_env/lib/python3.11/site-packages/airflow/example_dags/example_dynamic_task_mapping.py took 0.092 seconds
[2025-10-29T19:39:19.879-0700] {processor.py:161} INFO - Started process (PID=17660) to work on /opt/miniconda3/envs/airflow_env/lib/python3.11/site-packages/airflow/example_dags/example_dynamic_task_mapping.py
[2025-10-29T19:39:19.879-0700] {processor.py:830} INFO - Processing file /opt/miniconda3/envs/airflow_env/lib/python3.11/site-packages/airflow/example_dags/example_dynamic_task_mapping.py for tasks to queue
[2025-10-29T19:39:19.880-0700] {logging_mixin.py:188} INFO - [2025-10-29T19:39:19.880-0700] {dagbag.py:545} INFO - Filling up the DagBag from /opt/miniconda3/envs/airflow_env/lib/python3.11/site-packages/airflow/example_dags/example_dynamic_task_mapping.py
[2025-10-29T19:39:19.898-0700] {processor.py:840} INFO - DAG(s) 'example_dynamic_task_mapping' retrieved from /opt/miniconda3/envs/airflow_env/lib/python3.11/site-packages/airflow/example_dags/example_dynamic_task_mapping.py
[2025-10-29T19:39:19.946-0700] {logging_mixin.py:188} INFO - [2025-10-29T19:39:19.946-0700] {dag.py:3089} INFO - Sync 1 DAGs
[2025-10-29T19:39:19.954-0700] {logging_mixin.py:188} INFO - [2025-10-29T19:39:19.954-0700] {dag.py:3947} INFO - Setting next_dagrun for example_dynamic_task_mapping to 2022-03-04 00:00:00+00:00, run_after=2022-03-05 00:00:00+00:00
[2025-10-29T19:39:19.964-0700] {processor.py:183} INFO - Processing /opt/miniconda3/envs/airflow_env/lib/python3.11/site-packages/airflow/example_dags/example_dynamic_task_mapping.py took 0.087 seconds
[2025-10-29T19:41:51.347-0700] {processor.py:161} INFO - Started process (PID=18375) to work on /opt/miniconda3/envs/airflow_env/lib/python3.11/site-packages/airflow/example_dags/example_dynamic_task_mapping.py
[2025-10-29T19:41:51.348-0700] {processor.py:830} INFO - Processing file /opt/miniconda3/envs/airflow_env/lib/python3.11/site-packages/airflow/example_dags/example_dynamic_task_mapping.py for tasks to queue
[2025-10-29T19:41:51.349-0700] {logging_mixin.py:188} INFO - [2025-10-29T19:41:51.349-0700] {dagbag.py:545} INFO - Filling up the DagBag from /opt/miniconda3/envs/airflow_env/lib/python3.11/site-packages/airflow/example_dags/example_dynamic_task_mapping.py
[2025-10-29T19:41:51.368-0700] {processor.py:840} INFO - DAG(s) 'example_dynamic_task_mapping' retrieved from /opt/miniconda3/envs/airflow_env/lib/python3.11/site-packages/airflow/example_dags/example_dynamic_task_mapping.py
[2025-10-29T19:41:51.416-0700] {logging_mixin.py:188} INFO - [2025-10-29T19:41:51.415-0700] {dag.py:3089} INFO - Sync 1 DAGs
[2025-10-29T19:41:51.424-0700] {logging_mixin.py:188} INFO - [2025-10-29T19:41:51.423-0700] {dag.py:3947} INFO - Setting next_dagrun for example_dynamic_task_mapping to 2022-03-04 00:00:00+00:00, run_after=2022-03-05 00:00:00+00:00
[2025-10-29T19:41:51.434-0700] {processor.py:183} INFO - Processing /opt/miniconda3/envs/airflow_env/lib/python3.11/site-packages/airflow/example_dags/example_dynamic_task_mapping.py took 0.089 seconds
[2025-10-29T19:44:16.457-0700] {processor.py:161} INFO - Started process (PID=19069) to work on /opt/miniconda3/envs/airflow_env/lib/python3.11/site-packages/airflow/example_dags/example_dynamic_task_mapping.py
[2025-10-29T19:44:16.457-0700] {processor.py:830} INFO - Processing file /opt/miniconda3/envs/airflow_env/lib/python3.11/site-packages/airflow/example_dags/example_dynamic_task_mapping.py for tasks to queue
[2025-10-29T19:44:16.458-0700] {logging_mixin.py:188} INFO - [2025-10-29T19:44:16.457-0700] {dagbag.py:545} INFO - Filling up the DagBag from /opt/miniconda3/envs/airflow_env/lib/python3.11/site-packages/airflow/example_dags/example_dynamic_task_mapping.py
[2025-10-29T19:44:16.478-0700] {processor.py:840} INFO - DAG(s) 'example_dynamic_task_mapping' retrieved from /opt/miniconda3/envs/airflow_env/lib/python3.11/site-packages/airflow/example_dags/example_dynamic_task_mapping.py
[2025-10-29T19:44:16.526-0700] {logging_mixin.py:188} INFO - [2025-10-29T19:44:16.526-0700] {dag.py:3089} INFO - Sync 1 DAGs
[2025-10-29T19:44:16.534-0700] {logging_mixin.py:188} INFO - [2025-10-29T19:44:16.534-0700] {dag.py:3947} INFO - Setting next_dagrun for example_dynamic_task_mapping to 2022-03-04 00:00:00+00:00, run_after=2022-03-05 00:00:00+00:00
[2025-10-29T19:44:16.545-0700] {processor.py:183} INFO - Processing /opt/miniconda3/envs/airflow_env/lib/python3.11/site-packages/airflow/example_dags/example_dynamic_task_mapping.py took 0.090 seconds
[2025-10-29T19:45:47.210-0700] {processor.py:161} INFO - Started process (PID=19577) to work on /opt/miniconda3/envs/airflow_env/lib/python3.11/site-packages/airflow/example_dags/example_dynamic_task_mapping.py
[2025-10-29T19:45:47.211-0700] {processor.py:830} INFO - Processing file /opt/miniconda3/envs/airflow_env/lib/python3.11/site-packages/airflow/example_dags/example_dynamic_task_mapping.py for tasks to queue
[2025-10-29T19:45:47.211-0700] {logging_mixin.py:188} INFO - [2025-10-29T19:45:47.211-0700] {dagbag.py:545} INFO - Filling up the DagBag from /opt/miniconda3/envs/airflow_env/lib/python3.11/site-packages/airflow/example_dags/example_dynamic_task_mapping.py
[2025-10-29T19:45:47.231-0700] {processor.py:840} INFO - DAG(s) 'example_dynamic_task_mapping' retrieved from /opt/miniconda3/envs/airflow_env/lib/python3.11/site-packages/airflow/example_dags/example_dynamic_task_mapping.py
[2025-10-29T19:45:47.280-0700] {logging_mixin.py:188} INFO - [2025-10-29T19:45:47.279-0700] {dag.py:3089} INFO - Sync 1 DAGs
[2025-10-29T19:45:47.288-0700] {logging_mixin.py:188} INFO - [2025-10-29T19:45:47.288-0700] {dag.py:3947} INFO - Setting next_dagrun for example_dynamic_task_mapping to 2022-03-04 00:00:00+00:00, run_after=2022-03-05 00:00:00+00:00
[2025-10-29T19:45:47.298-0700] {processor.py:183} INFO - Processing /opt/miniconda3/envs/airflow_env/lib/python3.11/site-packages/airflow/example_dags/example_dynamic_task_mapping.py took 0.090 seconds
[2025-10-29T20:00:26.889-0700] {processor.py:161} INFO - Started process (PID=23121) to work on /opt/miniconda3/envs/airflow_env/lib/python3.11/site-packages/airflow/example_dags/example_dynamic_task_mapping.py
[2025-10-29T20:00:26.891-0700] {processor.py:830} INFO - Processing file /opt/miniconda3/envs/airflow_env/lib/python3.11/site-packages/airflow/example_dags/example_dynamic_task_mapping.py for tasks to queue
[2025-10-29T20:00:26.891-0700] {logging_mixin.py:188} INFO - [2025-10-29T20:00:26.891-0700] {dagbag.py:545} INFO - Filling up the DagBag from /opt/miniconda3/envs/airflow_env/lib/python3.11/site-packages/airflow/example_dags/example_dynamic_task_mapping.py
[2025-10-29T20:00:26.912-0700] {processor.py:840} INFO - DAG(s) 'example_dynamic_task_mapping' retrieved from /opt/miniconda3/envs/airflow_env/lib/python3.11/site-packages/airflow/example_dags/example_dynamic_task_mapping.py
[2025-10-29T20:00:26.961-0700] {logging_mixin.py:188} INFO - [2025-10-29T20:00:26.961-0700] {dag.py:3089} INFO - Sync 1 DAGs
[2025-10-29T20:00:26.969-0700] {logging_mixin.py:188} INFO - [2025-10-29T20:00:26.969-0700] {dag.py:3947} INFO - Setting next_dagrun for example_dynamic_task_mapping to 2022-03-04 00:00:00+00:00, run_after=2022-03-05 00:00:00+00:00
[2025-10-29T20:00:26.979-0700] {processor.py:183} INFO - Processing /opt/miniconda3/envs/airflow_env/lib/python3.11/site-packages/airflow/example_dags/example_dynamic_task_mapping.py took 0.092 seconds
[2025-10-29T20:01:32.444-0700] {processor.py:161} INFO - Started process (PID=23500) to work on /opt/miniconda3/envs/airflow_env/lib/python3.11/site-packages/airflow/example_dags/example_dynamic_task_mapping.py
[2025-10-29T20:01:32.444-0700] {processor.py:830} INFO - Processing file /opt/miniconda3/envs/airflow_env/lib/python3.11/site-packages/airflow/example_dags/example_dynamic_task_mapping.py for tasks to queue
[2025-10-29T20:01:32.445-0700] {logging_mixin.py:188} INFO - [2025-10-29T20:01:32.445-0700] {dagbag.py:545} INFO - Filling up the DagBag from /opt/miniconda3/envs/airflow_env/lib/python3.11/site-packages/airflow/example_dags/example_dynamic_task_mapping.py
[2025-10-29T20:01:32.464-0700] {processor.py:840} INFO - DAG(s) 'example_dynamic_task_mapping' retrieved from /opt/miniconda3/envs/airflow_env/lib/python3.11/site-packages/airflow/example_dags/example_dynamic_task_mapping.py
[2025-10-29T20:01:32.512-0700] {logging_mixin.py:188} INFO - [2025-10-29T20:01:32.512-0700] {dag.py:3089} INFO - Sync 1 DAGs
[2025-10-29T20:01:32.520-0700] {logging_mixin.py:188} INFO - [2025-10-29T20:01:32.520-0700] {dag.py:3947} INFO - Setting next_dagrun for example_dynamic_task_mapping to 2022-03-04 00:00:00+00:00, run_after=2022-03-05 00:00:00+00:00
[2025-10-29T20:01:32.530-0700] {processor.py:183} INFO - Processing /opt/miniconda3/envs/airflow_env/lib/python3.11/site-packages/airflow/example_dags/example_dynamic_task_mapping.py took 0.089 seconds
[2025-10-29T20:02:52.972-0700] {processor.py:161} INFO - Started process (PID=23947) to work on /opt/miniconda3/envs/airflow_env/lib/python3.11/site-packages/airflow/example_dags/example_dynamic_task_mapping.py
[2025-10-29T20:02:52.973-0700] {processor.py:830} INFO - Processing file /opt/miniconda3/envs/airflow_env/lib/python3.11/site-packages/airflow/example_dags/example_dynamic_task_mapping.py for tasks to queue
[2025-10-29T20:02:52.973-0700] {logging_mixin.py:188} INFO - [2025-10-29T20:02:52.973-0700] {dagbag.py:545} INFO - Filling up the DagBag from /opt/miniconda3/envs/airflow_env/lib/python3.11/site-packages/airflow/example_dags/example_dynamic_task_mapping.py
[2025-10-29T20:02:52.992-0700] {processor.py:840} INFO - DAG(s) 'example_dynamic_task_mapping' retrieved from /opt/miniconda3/envs/airflow_env/lib/python3.11/site-packages/airflow/example_dags/example_dynamic_task_mapping.py
[2025-10-29T20:02:53.040-0700] {logging_mixin.py:188} INFO - [2025-10-29T20:02:53.040-0700] {dag.py:3089} INFO - Sync 1 DAGs
[2025-10-29T20:02:53.049-0700] {logging_mixin.py:188} INFO - [2025-10-29T20:02:53.049-0700] {dag.py:3947} INFO - Setting next_dagrun for example_dynamic_task_mapping to 2022-03-04 00:00:00+00:00, run_after=2022-03-05 00:00:00+00:00
[2025-10-29T20:02:53.060-0700] {processor.py:183} INFO - Processing /opt/miniconda3/envs/airflow_env/lib/python3.11/site-packages/airflow/example_dags/example_dynamic_task_mapping.py took 0.090 seconds
[2025-10-29T20:03:58.628-0700] {processor.py:161} INFO - Started process (PID=24328) to work on /opt/miniconda3/envs/airflow_env/lib/python3.11/site-packages/airflow/example_dags/example_dynamic_task_mapping.py
[2025-10-29T20:03:58.628-0700] {processor.py:830} INFO - Processing file /opt/miniconda3/envs/airflow_env/lib/python3.11/site-packages/airflow/example_dags/example_dynamic_task_mapping.py for tasks to queue
[2025-10-29T20:03:58.629-0700] {logging_mixin.py:188} INFO - [2025-10-29T20:03:58.629-0700] {dagbag.py:545} INFO - Filling up the DagBag from /opt/miniconda3/envs/airflow_env/lib/python3.11/site-packages/airflow/example_dags/example_dynamic_task_mapping.py
[2025-10-29T20:03:58.648-0700] {processor.py:840} INFO - DAG(s) 'example_dynamic_task_mapping' retrieved from /opt/miniconda3/envs/airflow_env/lib/python3.11/site-packages/airflow/example_dags/example_dynamic_task_mapping.py
[2025-10-29T20:03:58.694-0700] {logging_mixin.py:188} INFO - [2025-10-29T20:03:58.694-0700] {dag.py:3089} INFO - Sync 1 DAGs
[2025-10-29T20:03:58.702-0700] {logging_mixin.py:188} INFO - [2025-10-29T20:03:58.702-0700] {dag.py:3947} INFO - Setting next_dagrun for example_dynamic_task_mapping to 2022-03-04 00:00:00+00:00, run_after=2022-03-05 00:00:00+00:00
[2025-10-29T20:03:58.712-0700] {processor.py:183} INFO - Processing /opt/miniconda3/envs/airflow_env/lib/python3.11/site-packages/airflow/example_dags/example_dynamic_task_mapping.py took 0.086 seconds
[2025-10-29T20:05:13.910-0700] {processor.py:161} INFO - Started process (PID=24761) to work on /opt/miniconda3/envs/airflow_env/lib/python3.11/site-packages/airflow/example_dags/example_dynamic_task_mapping.py
[2025-10-29T20:05:13.911-0700] {processor.py:830} INFO - Processing file /opt/miniconda3/envs/airflow_env/lib/python3.11/site-packages/airflow/example_dags/example_dynamic_task_mapping.py for tasks to queue
[2025-10-29T20:05:13.911-0700] {logging_mixin.py:188} INFO - [2025-10-29T20:05:13.911-0700] {dagbag.py:545} INFO - Filling up the DagBag from /opt/miniconda3/envs/airflow_env/lib/python3.11/site-packages/airflow/example_dags/example_dynamic_task_mapping.py
[2025-10-29T20:05:13.930-0700] {processor.py:840} INFO - DAG(s) 'example_dynamic_task_mapping' retrieved from /opt/miniconda3/envs/airflow_env/lib/python3.11/site-packages/airflow/example_dags/example_dynamic_task_mapping.py
[2025-10-29T20:05:13.978-0700] {logging_mixin.py:188} INFO - [2025-10-29T20:05:13.978-0700] {dag.py:3089} INFO - Sync 1 DAGs
[2025-10-29T20:05:13.986-0700] {logging_mixin.py:188} INFO - [2025-10-29T20:05:13.986-0700] {dag.py:3947} INFO - Setting next_dagrun for example_dynamic_task_mapping to 2022-03-04 00:00:00+00:00, run_after=2022-03-05 00:00:00+00:00
[2025-10-29T20:05:13.996-0700] {processor.py:183} INFO - Processing /opt/miniconda3/envs/airflow_env/lib/python3.11/site-packages/airflow/example_dags/example_dynamic_task_mapping.py took 0.089 seconds
[2025-10-29T20:06:27.857-0700] {processor.py:161} INFO - Started process (PID=25180) to work on /opt/miniconda3/envs/airflow_env/lib/python3.11/site-packages/airflow/example_dags/example_dynamic_task_mapping.py
[2025-10-29T20:06:27.858-0700] {processor.py:830} INFO - Processing file /opt/miniconda3/envs/airflow_env/lib/python3.11/site-packages/airflow/example_dags/example_dynamic_task_mapping.py for tasks to queue
[2025-10-29T20:06:27.858-0700] {logging_mixin.py:188} INFO - [2025-10-29T20:06:27.858-0700] {dagbag.py:545} INFO - Filling up the DagBag from /opt/miniconda3/envs/airflow_env/lib/python3.11/site-packages/airflow/example_dags/example_dynamic_task_mapping.py
[2025-10-29T20:06:27.880-0700] {processor.py:840} INFO - DAG(s) 'example_dynamic_task_mapping' retrieved from /opt/miniconda3/envs/airflow_env/lib/python3.11/site-packages/airflow/example_dags/example_dynamic_task_mapping.py
[2025-10-29T20:06:27.935-0700] {logging_mixin.py:188} INFO - [2025-10-29T20:06:27.935-0700] {dag.py:3089} INFO - Sync 1 DAGs
[2025-10-29T20:06:27.944-0700] {logging_mixin.py:188} INFO - [2025-10-29T20:06:27.944-0700] {dag.py:3947} INFO - Setting next_dagrun for example_dynamic_task_mapping to 2022-03-04 00:00:00+00:00, run_after=2022-03-05 00:00:00+00:00
[2025-10-29T20:06:27.956-0700] {processor.py:183} INFO - Processing /opt/miniconda3/envs/airflow_env/lib/python3.11/site-packages/airflow/example_dags/example_dynamic_task_mapping.py took 0.101 seconds
[2025-10-29T20:07:41.455-0700] {processor.py:161} INFO - Started process (PID=25602) to work on /opt/miniconda3/envs/airflow_env/lib/python3.11/site-packages/airflow/example_dags/example_dynamic_task_mapping.py
[2025-10-29T20:07:41.456-0700] {processor.py:830} INFO - Processing file /opt/miniconda3/envs/airflow_env/lib/python3.11/site-packages/airflow/example_dags/example_dynamic_task_mapping.py for tasks to queue
[2025-10-29T20:07:41.456-0700] {logging_mixin.py:188} INFO - [2025-10-29T20:07:41.456-0700] {dagbag.py:545} INFO - Filling up the DagBag from /opt/miniconda3/envs/airflow_env/lib/python3.11/site-packages/airflow/example_dags/example_dynamic_task_mapping.py
[2025-10-29T20:07:41.476-0700] {processor.py:840} INFO - DAG(s) 'example_dynamic_task_mapping' retrieved from /opt/miniconda3/envs/airflow_env/lib/python3.11/site-packages/airflow/example_dags/example_dynamic_task_mapping.py
[2025-10-29T20:07:41.528-0700] {logging_mixin.py:188} INFO - [2025-10-29T20:07:41.527-0700] {dag.py:3089} INFO - Sync 1 DAGs
[2025-10-29T20:07:41.536-0700] {logging_mixin.py:188} INFO - [2025-10-29T20:07:41.536-0700] {dag.py:3947} INFO - Setting next_dagrun for example_dynamic_task_mapping to 2022-03-04 00:00:00+00:00, run_after=2022-03-05 00:00:00+00:00
[2025-10-29T20:07:41.547-0700] {processor.py:183} INFO - Processing /opt/miniconda3/envs/airflow_env/lib/python3.11/site-packages/airflow/example_dags/example_dynamic_task_mapping.py took 0.094 seconds
[2025-10-29T20:08:51.097-0700] {processor.py:161} INFO - Started process (PID=26003) to work on /opt/miniconda3/envs/airflow_env/lib/python3.11/site-packages/airflow/example_dags/example_dynamic_task_mapping.py
[2025-10-29T20:08:51.097-0700] {processor.py:830} INFO - Processing file /opt/miniconda3/envs/airflow_env/lib/python3.11/site-packages/airflow/example_dags/example_dynamic_task_mapping.py for tasks to queue
[2025-10-29T20:08:51.098-0700] {logging_mixin.py:188} INFO - [2025-10-29T20:08:51.097-0700] {dagbag.py:545} INFO - Filling up the DagBag from /opt/miniconda3/envs/airflow_env/lib/python3.11/site-packages/airflow/example_dags/example_dynamic_task_mapping.py
[2025-10-29T20:08:51.117-0700] {processor.py:840} INFO - DAG(s) 'example_dynamic_task_mapping' retrieved from /opt/miniconda3/envs/airflow_env/lib/python3.11/site-packages/airflow/example_dags/example_dynamic_task_mapping.py
[2025-10-29T20:08:51.166-0700] {logging_mixin.py:188} INFO - [2025-10-29T20:08:51.166-0700] {dag.py:3089} INFO - Sync 1 DAGs
[2025-10-29T20:08:51.175-0700] {logging_mixin.py:188} INFO - [2025-10-29T20:08:51.175-0700] {dag.py:3947} INFO - Setting next_dagrun for example_dynamic_task_mapping to 2022-03-04 00:00:00+00:00, run_after=2022-03-05 00:00:00+00:00
[2025-10-29T20:08:51.186-0700] {processor.py:183} INFO - Processing /opt/miniconda3/envs/airflow_env/lib/python3.11/site-packages/airflow/example_dags/example_dynamic_task_mapping.py took 0.092 seconds
[2025-10-29T20:10:12.509-0700] {processor.py:161} INFO - Started process (PID=26227) to work on /opt/miniconda3/envs/airflow_env/lib/python3.11/site-packages/airflow/example_dags/example_dynamic_task_mapping.py
[2025-10-29T20:10:12.510-0700] {processor.py:830} INFO - Processing file /opt/miniconda3/envs/airflow_env/lib/python3.11/site-packages/airflow/example_dags/example_dynamic_task_mapping.py for tasks to queue
[2025-10-29T20:10:12.510-0700] {logging_mixin.py:188} INFO - [2025-10-29T20:10:12.510-0700] {dagbag.py:545} INFO - Filling up the DagBag from /opt/miniconda3/envs/airflow_env/lib/python3.11/site-packages/airflow/example_dags/example_dynamic_task_mapping.py
[2025-10-29T20:10:12.533-0700] {processor.py:840} INFO - DAG(s) 'example_dynamic_task_mapping' retrieved from /opt/miniconda3/envs/airflow_env/lib/python3.11/site-packages/airflow/example_dags/example_dynamic_task_mapping.py
[2025-10-29T20:10:12.587-0700] {logging_mixin.py:188} INFO - [2025-10-29T20:10:12.587-0700] {dag.py:3089} INFO - Sync 1 DAGs
[2025-10-29T20:10:12.597-0700] {logging_mixin.py:188} INFO - [2025-10-29T20:10:12.597-0700] {dag.py:3947} INFO - Setting next_dagrun for example_dynamic_task_mapping to 2022-03-04 00:00:00+00:00, run_after=2022-03-05 00:00:00+00:00
[2025-10-29T20:10:12.609-0700] {processor.py:183} INFO - Processing /opt/miniconda3/envs/airflow_env/lib/python3.11/site-packages/airflow/example_dags/example_dynamic_task_mapping.py took 0.102 seconds
[2025-10-29T20:11:21.811-0700] {processor.py:161} INFO - Started process (PID=26447) to work on /opt/miniconda3/envs/airflow_env/lib/python3.11/site-packages/airflow/example_dags/example_dynamic_task_mapping.py
[2025-10-29T20:11:21.812-0700] {processor.py:830} INFO - Processing file /opt/miniconda3/envs/airflow_env/lib/python3.11/site-packages/airflow/example_dags/example_dynamic_task_mapping.py for tasks to queue
[2025-10-29T20:11:21.813-0700] {logging_mixin.py:188} INFO - [2025-10-29T20:11:21.812-0700] {dagbag.py:545} INFO - Filling up the DagBag from /opt/miniconda3/envs/airflow_env/lib/python3.11/site-packages/airflow/example_dags/example_dynamic_task_mapping.py
[2025-10-29T20:11:21.832-0700] {processor.py:840} INFO - DAG(s) 'example_dynamic_task_mapping' retrieved from /opt/miniconda3/envs/airflow_env/lib/python3.11/site-packages/airflow/example_dags/example_dynamic_task_mapping.py
[2025-10-29T20:11:21.881-0700] {logging_mixin.py:188} INFO - [2025-10-29T20:11:21.881-0700] {dag.py:3089} INFO - Sync 1 DAGs
[2025-10-29T20:11:21.889-0700] {logging_mixin.py:188} INFO - [2025-10-29T20:11:21.889-0700] {dag.py:3947} INFO - Setting next_dagrun for example_dynamic_task_mapping to 2022-03-04 00:00:00+00:00, run_after=2022-03-05 00:00:00+00:00
[2025-10-29T20:11:21.899-0700] {processor.py:183} INFO - Processing /opt/miniconda3/envs/airflow_env/lib/python3.11/site-packages/airflow/example_dags/example_dynamic_task_mapping.py took 0.091 seconds
[2025-10-29T20:12:46.629-0700] {processor.py:161} INFO - Started process (PID=26749) to work on /opt/miniconda3/envs/airflow_env/lib/python3.11/site-packages/airflow/example_dags/example_dynamic_task_mapping.py
[2025-10-29T20:12:46.630-0700] {processor.py:830} INFO - Processing file /opt/miniconda3/envs/airflow_env/lib/python3.11/site-packages/airflow/example_dags/example_dynamic_task_mapping.py for tasks to queue
[2025-10-29T20:12:46.630-0700] {logging_mixin.py:188} INFO - [2025-10-29T20:12:46.630-0700] {dagbag.py:545} INFO - Filling up the DagBag from /opt/miniconda3/envs/airflow_env/lib/python3.11/site-packages/airflow/example_dags/example_dynamic_task_mapping.py
[2025-10-29T20:12:46.664-0700] {processor.py:840} INFO - DAG(s) 'example_dynamic_task_mapping' retrieved from /opt/miniconda3/envs/airflow_env/lib/python3.11/site-packages/airflow/example_dags/example_dynamic_task_mapping.py
[2025-10-29T20:12:46.751-0700] {logging_mixin.py:188} INFO - [2025-10-29T20:12:46.751-0700] {dag.py:3089} INFO - Sync 1 DAGs
[2025-10-29T20:12:46.766-0700] {logging_mixin.py:188} INFO - [2025-10-29T20:12:46.766-0700] {dag.py:3947} INFO - Setting next_dagrun for example_dynamic_task_mapping to 2022-03-04 00:00:00+00:00, run_after=2022-03-05 00:00:00+00:00
[2025-10-29T20:12:46.785-0700] {processor.py:183} INFO - Processing /opt/miniconda3/envs/airflow_env/lib/python3.11/site-packages/airflow/example_dags/example_dynamic_task_mapping.py took 0.160 seconds
[2025-10-29T20:12:55.070-0700] {processor.py:161} INFO - Started process (PID=26771) to work on /opt/miniconda3/envs/airflow_env/lib/python3.11/site-packages/airflow/example_dags/example_dynamic_task_mapping.py
[2025-10-29T20:12:55.071-0700] {processor.py:830} INFO - Processing file /opt/miniconda3/envs/airflow_env/lib/python3.11/site-packages/airflow/example_dags/example_dynamic_task_mapping.py for tasks to queue
[2025-10-29T20:12:55.071-0700] {logging_mixin.py:188} INFO - [2025-10-29T20:12:55.071-0700] {dagbag.py:545} INFO - Filling up the DagBag from /opt/miniconda3/envs/airflow_env/lib/python3.11/site-packages/airflow/example_dags/example_dynamic_task_mapping.py
[2025-10-29T20:12:55.103-0700] {processor.py:840} INFO - DAG(s) 'example_dynamic_task_mapping' retrieved from /opt/miniconda3/envs/airflow_env/lib/python3.11/site-packages/airflow/example_dags/example_dynamic_task_mapping.py
[2025-10-29T20:12:55.177-0700] {logging_mixin.py:188} INFO - [2025-10-29T20:12:55.177-0700] {dag.py:3089} INFO - Sync 1 DAGs
[2025-10-29T20:12:55.190-0700] {logging_mixin.py:188} INFO - [2025-10-29T20:12:55.190-0700] {dag.py:3947} INFO - Setting next_dagrun for example_dynamic_task_mapping to 2022-03-04 00:00:00+00:00, run_after=2022-03-05 00:00:00+00:00
[2025-10-29T20:12:55.204-0700] {processor.py:183} INFO - Processing /opt/miniconda3/envs/airflow_env/lib/python3.11/site-packages/airflow/example_dags/example_dynamic_task_mapping.py took 0.138 seconds
[2025-10-29T20:14:05.150-0700] {processor.py:161} INFO - Started process (PID=27022) to work on /opt/miniconda3/envs/airflow_env/lib/python3.11/site-packages/airflow/example_dags/example_dynamic_task_mapping.py
[2025-10-29T20:14:05.151-0700] {processor.py:830} INFO - Processing file /opt/miniconda3/envs/airflow_env/lib/python3.11/site-packages/airflow/example_dags/example_dynamic_task_mapping.py for tasks to queue
[2025-10-29T20:14:05.152-0700] {logging_mixin.py:188} INFO - [2025-10-29T20:14:05.152-0700] {dagbag.py:545} INFO - Filling up the DagBag from /opt/miniconda3/envs/airflow_env/lib/python3.11/site-packages/airflow/example_dags/example_dynamic_task_mapping.py
[2025-10-29T20:14:05.184-0700] {processor.py:840} INFO - DAG(s) 'example_dynamic_task_mapping' retrieved from /opt/miniconda3/envs/airflow_env/lib/python3.11/site-packages/airflow/example_dags/example_dynamic_task_mapping.py
[2025-10-29T20:14:05.269-0700] {logging_mixin.py:188} INFO - [2025-10-29T20:14:05.269-0700] {dag.py:3089} INFO - Sync 1 DAGs
[2025-10-29T20:14:05.285-0700] {logging_mixin.py:188} INFO - [2025-10-29T20:14:05.285-0700] {dag.py:3947} INFO - Setting next_dagrun for example_dynamic_task_mapping to 2022-03-04 00:00:00+00:00, run_after=2022-03-05 00:00:00+00:00
[2025-10-29T20:14:05.306-0700] {processor.py:183} INFO - Processing /opt/miniconda3/envs/airflow_env/lib/python3.11/site-packages/airflow/example_dags/example_dynamic_task_mapping.py took 0.159 seconds
[2025-10-29T20:15:37.706-0700] {processor.py:161} INFO - Started process (PID=27326) to work on /opt/miniconda3/envs/airflow_env/lib/python3.11/site-packages/airflow/example_dags/example_dynamic_task_mapping.py
[2025-10-29T20:15:37.706-0700] {processor.py:830} INFO - Processing file /opt/miniconda3/envs/airflow_env/lib/python3.11/site-packages/airflow/example_dags/example_dynamic_task_mapping.py for tasks to queue
[2025-10-29T20:15:37.707-0700] {logging_mixin.py:188} INFO - [2025-10-29T20:15:37.707-0700] {dagbag.py:545} INFO - Filling up the DagBag from /opt/miniconda3/envs/airflow_env/lib/python3.11/site-packages/airflow/example_dags/example_dynamic_task_mapping.py
[2025-10-29T20:15:37.734-0700] {processor.py:840} INFO - DAG(s) 'example_dynamic_task_mapping' retrieved from /opt/miniconda3/envs/airflow_env/lib/python3.11/site-packages/airflow/example_dags/example_dynamic_task_mapping.py
[2025-10-29T20:15:37.798-0700] {logging_mixin.py:188} INFO - [2025-10-29T20:15:37.798-0700] {dag.py:3089} INFO - Sync 1 DAGs
[2025-10-29T20:15:37.809-0700] {logging_mixin.py:188} INFO - [2025-10-29T20:15:37.809-0700] {dag.py:3947} INFO - Setting next_dagrun for example_dynamic_task_mapping to 2022-03-04 00:00:00+00:00, run_after=2022-03-05 00:00:00+00:00
[2025-10-29T20:15:37.823-0700] {processor.py:183} INFO - Processing /opt/miniconda3/envs/airflow_env/lib/python3.11/site-packages/airflow/example_dags/example_dynamic_task_mapping.py took 0.120 seconds
[2025-10-29T20:15:41.059-0700] {processor.py:161} INFO - Started process (PID=27340) to work on /opt/miniconda3/envs/airflow_env/lib/python3.11/site-packages/airflow/example_dags/example_dynamic_task_mapping.py
[2025-10-29T20:15:41.060-0700] {processor.py:830} INFO - Processing file /opt/miniconda3/envs/airflow_env/lib/python3.11/site-packages/airflow/example_dags/example_dynamic_task_mapping.py for tasks to queue
[2025-10-29T20:15:41.060-0700] {logging_mixin.py:188} INFO - [2025-10-29T20:15:41.060-0700] {dagbag.py:545} INFO - Filling up the DagBag from /opt/miniconda3/envs/airflow_env/lib/python3.11/site-packages/airflow/example_dags/example_dynamic_task_mapping.py
[2025-10-29T20:15:41.086-0700] {processor.py:840} INFO - DAG(s) 'example_dynamic_task_mapping' retrieved from /opt/miniconda3/envs/airflow_env/lib/python3.11/site-packages/airflow/example_dags/example_dynamic_task_mapping.py
[2025-10-29T20:15:41.151-0700] {logging_mixin.py:188} INFO - [2025-10-29T20:15:41.151-0700] {dag.py:3089} INFO - Sync 1 DAGs
[2025-10-29T20:15:41.162-0700] {logging_mixin.py:188} INFO - [2025-10-29T20:15:41.161-0700] {dag.py:3947} INFO - Setting next_dagrun for example_dynamic_task_mapping to 2022-03-04 00:00:00+00:00, run_after=2022-03-05 00:00:00+00:00
[2025-10-29T20:15:41.175-0700] {processor.py:183} INFO - Processing /opt/miniconda3/envs/airflow_env/lib/python3.11/site-packages/airflow/example_dags/example_dynamic_task_mapping.py took 0.119 seconds
[2025-10-29T20:17:02.508-0700] {processor.py:161} INFO - Started process (PID=27619) to work on /opt/miniconda3/envs/airflow_env/lib/python3.11/site-packages/airflow/example_dags/example_dynamic_task_mapping.py
[2025-10-29T20:17:02.509-0700] {processor.py:830} INFO - Processing file /opt/miniconda3/envs/airflow_env/lib/python3.11/site-packages/airflow/example_dags/example_dynamic_task_mapping.py for tasks to queue
[2025-10-29T20:17:02.510-0700] {logging_mixin.py:188} INFO - [2025-10-29T20:17:02.510-0700] {dagbag.py:545} INFO - Filling up the DagBag from /opt/miniconda3/envs/airflow_env/lib/python3.11/site-packages/airflow/example_dags/example_dynamic_task_mapping.py
[2025-10-29T20:17:02.543-0700] {processor.py:840} INFO - DAG(s) 'example_dynamic_task_mapping' retrieved from /opt/miniconda3/envs/airflow_env/lib/python3.11/site-packages/airflow/example_dags/example_dynamic_task_mapping.py
[2025-10-29T20:17:02.627-0700] {logging_mixin.py:188} INFO - [2025-10-29T20:17:02.627-0700] {dag.py:3089} INFO - Sync 1 DAGs
[2025-10-29T20:17:02.642-0700] {logging_mixin.py:188} INFO - [2025-10-29T20:17:02.641-0700] {dag.py:3947} INFO - Setting next_dagrun for example_dynamic_task_mapping to 2022-03-04 00:00:00+00:00, run_after=2022-03-05 00:00:00+00:00
[2025-10-29T20:17:02.660-0700] {processor.py:183} INFO - Processing /opt/miniconda3/envs/airflow_env/lib/python3.11/site-packages/airflow/example_dags/example_dynamic_task_mapping.py took 0.155 seconds
[2025-10-29T20:18:38.585-0700] {processor.py:161} INFO - Started process (PID=27927) to work on /opt/miniconda3/envs/airflow_env/lib/python3.11/site-packages/airflow/example_dags/example_dynamic_task_mapping.py
[2025-10-29T20:18:38.585-0700] {processor.py:830} INFO - Processing file /opt/miniconda3/envs/airflow_env/lib/python3.11/site-packages/airflow/example_dags/example_dynamic_task_mapping.py for tasks to queue
[2025-10-29T20:18:38.586-0700] {logging_mixin.py:188} INFO - [2025-10-29T20:18:38.586-0700] {dagbag.py:545} INFO - Filling up the DagBag from /opt/miniconda3/envs/airflow_env/lib/python3.11/site-packages/airflow/example_dags/example_dynamic_task_mapping.py
[2025-10-29T20:18:38.606-0700] {processor.py:840} INFO - DAG(s) 'example_dynamic_task_mapping' retrieved from /opt/miniconda3/envs/airflow_env/lib/python3.11/site-packages/airflow/example_dags/example_dynamic_task_mapping.py
[2025-10-29T20:18:38.655-0700] {logging_mixin.py:188} INFO - [2025-10-29T20:18:38.655-0700] {dag.py:3089} INFO - Sync 1 DAGs
[2025-10-29T20:18:38.663-0700] {logging_mixin.py:188} INFO - [2025-10-29T20:18:38.663-0700] {dag.py:3947} INFO - Setting next_dagrun for example_dynamic_task_mapping to 2022-03-04 00:00:00+00:00, run_after=2022-03-05 00:00:00+00:00
[2025-10-29T20:18:38.673-0700] {processor.py:183} INFO - Processing /opt/miniconda3/envs/airflow_env/lib/python3.11/site-packages/airflow/example_dags/example_dynamic_task_mapping.py took 0.090 seconds
[2025-10-29T20:18:42.009-0700] {processor.py:161} INFO - Started process (PID=27941) to work on /opt/miniconda3/envs/airflow_env/lib/python3.11/site-packages/airflow/example_dags/example_dynamic_task_mapping.py
[2025-10-29T20:18:42.009-0700] {processor.py:830} INFO - Processing file /opt/miniconda3/envs/airflow_env/lib/python3.11/site-packages/airflow/example_dags/example_dynamic_task_mapping.py for tasks to queue
[2025-10-29T20:18:42.010-0700] {logging_mixin.py:188} INFO - [2025-10-29T20:18:42.010-0700] {dagbag.py:545} INFO - Filling up the DagBag from /opt/miniconda3/envs/airflow_env/lib/python3.11/site-packages/airflow/example_dags/example_dynamic_task_mapping.py
[2025-10-29T20:18:42.032-0700] {processor.py:840} INFO - DAG(s) 'example_dynamic_task_mapping' retrieved from /opt/miniconda3/envs/airflow_env/lib/python3.11/site-packages/airflow/example_dags/example_dynamic_task_mapping.py
[2025-10-29T20:18:42.087-0700] {logging_mixin.py:188} INFO - [2025-10-29T20:18:42.087-0700] {dag.py:3089} INFO - Sync 1 DAGs
[2025-10-29T20:18:42.096-0700] {logging_mixin.py:188} INFO - [2025-10-29T20:18:42.096-0700] {dag.py:3947} INFO - Setting next_dagrun for example_dynamic_task_mapping to 2022-03-04 00:00:00+00:00, run_after=2022-03-05 00:00:00+00:00
[2025-10-29T20:18:42.108-0700] {processor.py:183} INFO - Processing /opt/miniconda3/envs/airflow_env/lib/python3.11/site-packages/airflow/example_dags/example_dynamic_task_mapping.py took 0.101 seconds
[2025-10-29T20:20:01.878-0700] {processor.py:161} INFO - Started process (PID=28194) to work on /opt/miniconda3/envs/airflow_env/lib/python3.11/site-packages/airflow/example_dags/example_dynamic_task_mapping.py
[2025-10-29T20:20:01.880-0700] {processor.py:830} INFO - Processing file /opt/miniconda3/envs/airflow_env/lib/python3.11/site-packages/airflow/example_dags/example_dynamic_task_mapping.py for tasks to queue
[2025-10-29T20:20:01.880-0700] {logging_mixin.py:188} INFO - [2025-10-29T20:20:01.880-0700] {dagbag.py:545} INFO - Filling up the DagBag from /opt/miniconda3/envs/airflow_env/lib/python3.11/site-packages/airflow/example_dags/example_dynamic_task_mapping.py
[2025-10-29T20:20:01.904-0700] {processor.py:840} INFO - DAG(s) 'example_dynamic_task_mapping' retrieved from /opt/miniconda3/envs/airflow_env/lib/python3.11/site-packages/airflow/example_dags/example_dynamic_task_mapping.py
[2025-10-29T20:20:01.968-0700] {logging_mixin.py:188} INFO - [2025-10-29T20:20:01.968-0700] {dag.py:3089} INFO - Sync 1 DAGs
[2025-10-29T20:20:01.979-0700] {logging_mixin.py:188} INFO - [2025-10-29T20:20:01.979-0700] {dag.py:3947} INFO - Setting next_dagrun for example_dynamic_task_mapping to 2022-03-04 00:00:00+00:00, run_after=2022-03-05 00:00:00+00:00
[2025-10-29T20:20:01.993-0700] {processor.py:183} INFO - Processing /opt/miniconda3/envs/airflow_env/lib/python3.11/site-packages/airflow/example_dags/example_dynamic_task_mapping.py took 0.117 seconds
[2025-10-29T20:21:47.118-0700] {processor.py:161} INFO - Started process (PID=28559) to work on /opt/miniconda3/envs/airflow_env/lib/python3.11/site-packages/airflow/example_dags/example_dynamic_task_mapping.py
[2025-10-29T20:21:47.119-0700] {processor.py:830} INFO - Processing file /opt/miniconda3/envs/airflow_env/lib/python3.11/site-packages/airflow/example_dags/example_dynamic_task_mapping.py for tasks to queue
[2025-10-29T20:21:47.120-0700] {logging_mixin.py:188} INFO - [2025-10-29T20:21:47.120-0700] {dagbag.py:545} INFO - Filling up the DagBag from /opt/miniconda3/envs/airflow_env/lib/python3.11/site-packages/airflow/example_dags/example_dynamic_task_mapping.py
[2025-10-29T20:21:47.143-0700] {processor.py:840} INFO - DAG(s) 'example_dynamic_task_mapping' retrieved from /opt/miniconda3/envs/airflow_env/lib/python3.11/site-packages/airflow/example_dags/example_dynamic_task_mapping.py
[2025-10-29T20:21:47.202-0700] {logging_mixin.py:188} INFO - [2025-10-29T20:21:47.201-0700] {dag.py:3089} INFO - Sync 1 DAGs
[2025-10-29T20:21:47.212-0700] {logging_mixin.py:188} INFO - [2025-10-29T20:21:47.212-0700] {dag.py:3947} INFO - Setting next_dagrun for example_dynamic_task_mapping to 2022-03-04 00:00:00+00:00, run_after=2022-03-05 00:00:00+00:00
[2025-10-29T20:21:47.224-0700] {processor.py:183} INFO - Processing /opt/miniconda3/envs/airflow_env/lib/python3.11/site-packages/airflow/example_dags/example_dynamic_task_mapping.py took 0.108 seconds
[2025-10-29T20:21:54.068-0700] {processor.py:161} INFO - Started process (PID=28582) to work on /opt/miniconda3/envs/airflow_env/lib/python3.11/site-packages/airflow/example_dags/example_dynamic_task_mapping.py
[2025-10-29T20:21:54.069-0700] {processor.py:830} INFO - Processing file /opt/miniconda3/envs/airflow_env/lib/python3.11/site-packages/airflow/example_dags/example_dynamic_task_mapping.py for tasks to queue
[2025-10-29T20:21:54.070-0700] {logging_mixin.py:188} INFO - [2025-10-29T20:21:54.070-0700] {dagbag.py:545} INFO - Filling up the DagBag from /opt/miniconda3/envs/airflow_env/lib/python3.11/site-packages/airflow/example_dags/example_dynamic_task_mapping.py
[2025-10-29T20:21:54.096-0700] {processor.py:840} INFO - DAG(s) 'example_dynamic_task_mapping' retrieved from /opt/miniconda3/envs/airflow_env/lib/python3.11/site-packages/airflow/example_dags/example_dynamic_task_mapping.py
[2025-10-29T20:21:54.161-0700] {logging_mixin.py:188} INFO - [2025-10-29T20:21:54.161-0700] {dag.py:3089} INFO - Sync 1 DAGs
[2025-10-29T20:21:54.173-0700] {logging_mixin.py:188} INFO - [2025-10-29T20:21:54.172-0700] {dag.py:3947} INFO - Setting next_dagrun for example_dynamic_task_mapping to 2022-03-04 00:00:00+00:00, run_after=2022-03-05 00:00:00+00:00
[2025-10-29T20:21:54.187-0700] {processor.py:183} INFO - Processing /opt/miniconda3/envs/airflow_env/lib/python3.11/site-packages/airflow/example_dags/example_dynamic_task_mapping.py took 0.121 seconds
[2025-10-29T20:23:15.848-0700] {processor.py:161} INFO - Started process (PID=28877) to work on /opt/miniconda3/envs/airflow_env/lib/python3.11/site-packages/airflow/example_dags/example_dynamic_task_mapping.py
[2025-10-29T20:23:15.850-0700] {processor.py:830} INFO - Processing file /opt/miniconda3/envs/airflow_env/lib/python3.11/site-packages/airflow/example_dags/example_dynamic_task_mapping.py for tasks to queue
[2025-10-29T20:23:15.851-0700] {logging_mixin.py:188} INFO - [2025-10-29T20:23:15.851-0700] {dagbag.py:545} INFO - Filling up the DagBag from /opt/miniconda3/envs/airflow_env/lib/python3.11/site-packages/airflow/example_dags/example_dynamic_task_mapping.py
[2025-10-29T20:23:15.887-0700] {processor.py:840} INFO - DAG(s) 'example_dynamic_task_mapping' retrieved from /opt/miniconda3/envs/airflow_env/lib/python3.11/site-packages/airflow/example_dags/example_dynamic_task_mapping.py
[2025-10-29T20:23:15.990-0700] {logging_mixin.py:188} INFO - [2025-10-29T20:23:15.989-0700] {dag.py:3089} INFO - Sync 1 DAGs
[2025-10-29T20:23:16.005-0700] {logging_mixin.py:188} INFO - [2025-10-29T20:23:16.005-0700] {dag.py:3947} INFO - Setting next_dagrun for example_dynamic_task_mapping to 2022-03-04 00:00:00+00:00, run_after=2022-03-05 00:00:00+00:00
[2025-10-29T20:23:16.025-0700] {processor.py:183} INFO - Processing /opt/miniconda3/envs/airflow_env/lib/python3.11/site-packages/airflow/example_dags/example_dynamic_task_mapping.py took 0.181 seconds
[2025-10-29T20:25:05.939-0700] {processor.py:161} INFO - Started process (PID=29229) to work on /opt/miniconda3/envs/airflow_env/lib/python3.11/site-packages/airflow/example_dags/example_dynamic_task_mapping.py
[2025-10-29T20:25:05.940-0700] {processor.py:830} INFO - Processing file /opt/miniconda3/envs/airflow_env/lib/python3.11/site-packages/airflow/example_dags/example_dynamic_task_mapping.py for tasks to queue
[2025-10-29T20:25:05.940-0700] {logging_mixin.py:188} INFO - [2025-10-29T20:25:05.940-0700] {dagbag.py:545} INFO - Filling up the DagBag from /opt/miniconda3/envs/airflow_env/lib/python3.11/site-packages/airflow/example_dags/example_dynamic_task_mapping.py
[2025-10-29T20:25:05.967-0700] {processor.py:840} INFO - DAG(s) 'example_dynamic_task_mapping' retrieved from /opt/miniconda3/envs/airflow_env/lib/python3.11/site-packages/airflow/example_dags/example_dynamic_task_mapping.py
[2025-10-29T20:25:06.031-0700] {logging_mixin.py:188} INFO - [2025-10-29T20:25:06.031-0700] {dag.py:3089} INFO - Sync 1 DAGs
[2025-10-29T20:25:06.042-0700] {logging_mixin.py:188} INFO - [2025-10-29T20:25:06.041-0700] {dag.py:3947} INFO - Setting next_dagrun for example_dynamic_task_mapping to 2022-03-04 00:00:00+00:00, run_after=2022-03-05 00:00:00+00:00
[2025-10-29T20:25:06.055-0700] {processor.py:183} INFO - Processing /opt/miniconda3/envs/airflow_env/lib/python3.11/site-packages/airflow/example_dags/example_dynamic_task_mapping.py took 0.119 seconds
[2025-10-29T20:25:06.474-0700] {processor.py:161} INFO - Started process (PID=29231) to work on /opt/miniconda3/envs/airflow_env/lib/python3.11/site-packages/airflow/example_dags/example_dynamic_task_mapping.py
[2025-10-29T20:25:06.474-0700] {processor.py:830} INFO - Processing file /opt/miniconda3/envs/airflow_env/lib/python3.11/site-packages/airflow/example_dags/example_dynamic_task_mapping.py for tasks to queue
[2025-10-29T20:25:06.475-0700] {logging_mixin.py:188} INFO - [2025-10-29T20:25:06.475-0700] {dagbag.py:545} INFO - Filling up the DagBag from /opt/miniconda3/envs/airflow_env/lib/python3.11/site-packages/airflow/example_dags/example_dynamic_task_mapping.py
[2025-10-29T20:25:06.506-0700] {processor.py:840} INFO - DAG(s) 'example_dynamic_task_mapping' retrieved from /opt/miniconda3/envs/airflow_env/lib/python3.11/site-packages/airflow/example_dags/example_dynamic_task_mapping.py
[2025-10-29T20:25:06.591-0700] {logging_mixin.py:188} INFO - [2025-10-29T20:25:06.591-0700] {dag.py:3089} INFO - Sync 1 DAGs
[2025-10-29T20:25:06.606-0700] {logging_mixin.py:188} INFO - [2025-10-29T20:25:06.606-0700] {dag.py:3947} INFO - Setting next_dagrun for example_dynamic_task_mapping to 2022-03-04 00:00:00+00:00, run_after=2022-03-05 00:00:00+00:00
[2025-10-29T20:25:06.627-0700] {processor.py:183} INFO - Processing /opt/miniconda3/envs/airflow_env/lib/python3.11/site-packages/airflow/example_dags/example_dynamic_task_mapping.py took 0.156 seconds
[2025-10-29T20:26:07.267-0700] {processor.py:161} INFO - Started process (PID=29444) to work on /opt/miniconda3/envs/airflow_env/lib/python3.11/site-packages/airflow/example_dags/example_dynamic_task_mapping.py
[2025-10-29T20:26:07.268-0700] {processor.py:830} INFO - Processing file /opt/miniconda3/envs/airflow_env/lib/python3.11/site-packages/airflow/example_dags/example_dynamic_task_mapping.py for tasks to queue
[2025-10-29T20:26:07.269-0700] {logging_mixin.py:188} INFO - [2025-10-29T20:26:07.269-0700] {dagbag.py:545} INFO - Filling up the DagBag from /opt/miniconda3/envs/airflow_env/lib/python3.11/site-packages/airflow/example_dags/example_dynamic_task_mapping.py
[2025-10-29T20:26:07.297-0700] {processor.py:840} INFO - DAG(s) 'example_dynamic_task_mapping' retrieved from /opt/miniconda3/envs/airflow_env/lib/python3.11/site-packages/airflow/example_dags/example_dynamic_task_mapping.py
[2025-10-29T20:26:07.364-0700] {logging_mixin.py:188} INFO - [2025-10-29T20:26:07.363-0700] {dag.py:3089} INFO - Sync 1 DAGs
[2025-10-29T20:26:07.375-0700] {logging_mixin.py:188} INFO - [2025-10-29T20:26:07.375-0700] {dag.py:3947} INFO - Setting next_dagrun for example_dynamic_task_mapping to 2022-03-04 00:00:00+00:00, run_after=2022-03-05 00:00:00+00:00
[2025-10-29T20:26:07.390-0700] {processor.py:183} INFO - Processing /opt/miniconda3/envs/airflow_env/lib/python3.11/site-packages/airflow/example_dags/example_dynamic_task_mapping.py took 0.126 seconds
[2025-10-29T20:27:52.360-0700] {processor.py:161} INFO - Started process (PID=29805) to work on /opt/miniconda3/envs/airflow_env/lib/python3.11/site-packages/airflow/example_dags/example_dynamic_task_mapping.py
[2025-10-29T20:27:52.361-0700] {processor.py:830} INFO - Processing file /opt/miniconda3/envs/airflow_env/lib/python3.11/site-packages/airflow/example_dags/example_dynamic_task_mapping.py for tasks to queue
[2025-10-29T20:27:52.362-0700] {logging_mixin.py:188} INFO - [2025-10-29T20:27:52.362-0700] {dagbag.py:545} INFO - Filling up the DagBag from /opt/miniconda3/envs/airflow_env/lib/python3.11/site-packages/airflow/example_dags/example_dynamic_task_mapping.py
[2025-10-29T20:27:52.394-0700] {processor.py:840} INFO - DAG(s) 'example_dynamic_task_mapping' retrieved from /opt/miniconda3/envs/airflow_env/lib/python3.11/site-packages/airflow/example_dags/example_dynamic_task_mapping.py
[2025-10-29T20:27:52.475-0700] {logging_mixin.py:188} INFO - [2025-10-29T20:27:52.475-0700] {dag.py:3089} INFO - Sync 1 DAGs
[2025-10-29T20:27:52.486-0700] {logging_mixin.py:188} INFO - [2025-10-29T20:27:52.486-0700] {dag.py:3947} INFO - Setting next_dagrun for example_dynamic_task_mapping to 2022-03-04 00:00:00+00:00, run_after=2022-03-05 00:00:00+00:00
[2025-10-29T20:27:52.500-0700] {processor.py:183} INFO - Processing /opt/miniconda3/envs/airflow_env/lib/python3.11/site-packages/airflow/example_dags/example_dynamic_task_mapping.py took 0.143 seconds
[2025-10-29T20:27:55.208-0700] {processor.py:161} INFO - Started process (PID=29813) to work on /opt/miniconda3/envs/airflow_env/lib/python3.11/site-packages/airflow/example_dags/example_dynamic_task_mapping.py
[2025-10-29T20:27:55.209-0700] {processor.py:830} INFO - Processing file /opt/miniconda3/envs/airflow_env/lib/python3.11/site-packages/airflow/example_dags/example_dynamic_task_mapping.py for tasks to queue
[2025-10-29T20:27:55.210-0700] {logging_mixin.py:188} INFO - [2025-10-29T20:27:55.209-0700] {dagbag.py:545} INFO - Filling up the DagBag from /opt/miniconda3/envs/airflow_env/lib/python3.11/site-packages/airflow/example_dags/example_dynamic_task_mapping.py
[2025-10-29T20:27:55.235-0700] {processor.py:840} INFO - DAG(s) 'example_dynamic_task_mapping' retrieved from /opt/miniconda3/envs/airflow_env/lib/python3.11/site-packages/airflow/example_dags/example_dynamic_task_mapping.py
[2025-10-29T20:27:55.299-0700] {logging_mixin.py:188} INFO - [2025-10-29T20:27:55.299-0700] {dag.py:3089} INFO - Sync 1 DAGs
[2025-10-29T20:27:55.310-0700] {logging_mixin.py:188} INFO - [2025-10-29T20:27:55.310-0700] {dag.py:3947} INFO - Setting next_dagrun for example_dynamic_task_mapping to 2022-03-04 00:00:00+00:00, run_after=2022-03-05 00:00:00+00:00
[2025-10-29T20:27:55.324-0700] {processor.py:183} INFO - Processing /opt/miniconda3/envs/airflow_env/lib/python3.11/site-packages/airflow/example_dags/example_dynamic_task_mapping.py took 0.118 seconds
[2025-10-29T20:28:58.854-0700] {processor.py:161} INFO - Started process (PID=30033) to work on /opt/miniconda3/envs/airflow_env/lib/python3.11/site-packages/airflow/example_dags/example_dynamic_task_mapping.py
[2025-10-29T20:28:58.855-0700] {processor.py:830} INFO - Processing file /opt/miniconda3/envs/airflow_env/lib/python3.11/site-packages/airflow/example_dags/example_dynamic_task_mapping.py for tasks to queue
[2025-10-29T20:28:58.856-0700] {logging_mixin.py:188} INFO - [2025-10-29T20:28:58.856-0700] {dagbag.py:545} INFO - Filling up the DagBag from /opt/miniconda3/envs/airflow_env/lib/python3.11/site-packages/airflow/example_dags/example_dynamic_task_mapping.py
[2025-10-29T20:28:58.878-0700] {processor.py:840} INFO - DAG(s) 'example_dynamic_task_mapping' retrieved from /opt/miniconda3/envs/airflow_env/lib/python3.11/site-packages/airflow/example_dags/example_dynamic_task_mapping.py
[2025-10-29T20:28:58.942-0700] {logging_mixin.py:188} INFO - [2025-10-29T20:28:58.942-0700] {dag.py:3089} INFO - Sync 1 DAGs
[2025-10-29T20:28:58.953-0700] {logging_mixin.py:188} INFO - [2025-10-29T20:28:58.953-0700] {dag.py:3947} INFO - Setting next_dagrun for example_dynamic_task_mapping to 2022-03-04 00:00:00+00:00, run_after=2022-03-05 00:00:00+00:00
[2025-10-29T20:28:58.967-0700] {processor.py:183} INFO - Processing /opt/miniconda3/envs/airflow_env/lib/python3.11/site-packages/airflow/example_dags/example_dynamic_task_mapping.py took 0.115 seconds
