[2025-10-29T18:41:35.685-0700] {processor.py:161} INFO - Started process (PID=5251) to work on /opt/miniconda3/envs/airflow_env/lib/python3.11/site-packages/airflow/example_dags/example_branch_day_of_week_operator.py
[2025-10-29T18:41:35.686-0700] {processor.py:830} INFO - Processing file /opt/miniconda3/envs/airflow_env/lib/python3.11/site-packages/airflow/example_dags/example_branch_day_of_week_operator.py for tasks to queue
[2025-10-29T18:41:35.686-0700] {logging_mixin.py:188} INFO - [2025-10-29T18:41:35.686-0700] {dagbag.py:545} INFO - Filling up the DagBag from /opt/miniconda3/envs/airflow_env/lib/python3.11/site-packages/airflow/example_dags/example_branch_day_of_week_operator.py
[2025-10-29T18:41:35.692-0700] {processor.py:840} INFO - DAG(s) 'example_weekday_branch_operator' retrieved from /opt/miniconda3/envs/airflow_env/lib/python3.11/site-packages/airflow/example_dags/example_branch_day_of_week_operator.py
[2025-10-29T18:41:35.783-0700] {logging_mixin.py:188} INFO - [2025-10-29T18:41:35.782-0700] {override.py:1930} INFO - Created Permission View: can read on DAG:example_weekday_branch_operator
[2025-10-29T18:41:35.787-0700] {logging_mixin.py:188} INFO - [2025-10-29T18:41:35.787-0700] {override.py:1930} INFO - Created Permission View: can edit on DAG:example_weekday_branch_operator
[2025-10-29T18:41:35.790-0700] {logging_mixin.py:188} INFO - [2025-10-29T18:41:35.790-0700] {override.py:1930} INFO - Created Permission View: can delete on DAG:example_weekday_branch_operator
[2025-10-29T18:41:35.790-0700] {logging_mixin.py:188} INFO - [2025-10-29T18:41:35.790-0700] {dag.py:3089} INFO - Sync 1 DAGs
[2025-10-29T18:41:35.795-0700] {logging_mixin.py:188} INFO - [2025-10-29T18:41:35.795-0700] {dag.py:3111} INFO - Creating ORM DAG for example_weekday_branch_operator
[2025-10-29T18:41:35.800-0700] {logging_mixin.py:188} INFO - [2025-10-29T18:41:35.799-0700] {dag.py:3947} INFO - Setting next_dagrun for example_weekday_branch_operator to 2025-10-29 00:00:00+00:00, run_after=2025-10-30 00:00:00+00:00
[2025-10-29T18:41:35.841-0700] {processor.py:183} INFO - Processing /opt/miniconda3/envs/airflow_env/lib/python3.11/site-packages/airflow/example_dags/example_branch_day_of_week_operator.py took 0.158 seconds
[2025-10-29T18:43:54.112-0700] {processor.py:161} INFO - Started process (PID=5514) to work on /opt/miniconda3/envs/airflow_env/lib/python3.11/site-packages/airflow/example_dags/example_branch_day_of_week_operator.py
[2025-10-29T18:43:54.114-0700] {processor.py:830} INFO - Processing file /opt/miniconda3/envs/airflow_env/lib/python3.11/site-packages/airflow/example_dags/example_branch_day_of_week_operator.py for tasks to queue
[2025-10-29T18:43:54.114-0700] {logging_mixin.py:188} INFO - [2025-10-29T18:43:54.114-0700] {dagbag.py:545} INFO - Filling up the DagBag from /opt/miniconda3/envs/airflow_env/lib/python3.11/site-packages/airflow/example_dags/example_branch_day_of_week_operator.py
[2025-10-29T18:43:54.120-0700] {processor.py:840} INFO - DAG(s) 'example_weekday_branch_operator' retrieved from /opt/miniconda3/envs/airflow_env/lib/python3.11/site-packages/airflow/example_dags/example_branch_day_of_week_operator.py
[2025-10-29T18:43:54.169-0700] {logging_mixin.py:188} INFO - [2025-10-29T18:43:54.169-0700] {dag.py:3089} INFO - Sync 1 DAGs
[2025-10-29T18:43:54.179-0700] {logging_mixin.py:188} INFO - [2025-10-29T18:43:54.179-0700] {dag.py:3947} INFO - Setting next_dagrun for example_weekday_branch_operator to 2025-10-29 00:00:00+00:00, run_after=2025-10-30 00:00:00+00:00
[2025-10-29T18:43:54.188-0700] {processor.py:183} INFO - Processing /opt/miniconda3/envs/airflow_env/lib/python3.11/site-packages/airflow/example_dags/example_branch_day_of_week_operator.py took 0.078 seconds
[2025-10-29T18:46:18.697-0700] {processor.py:161} INFO - Started process (PID=5778) to work on /opt/miniconda3/envs/airflow_env/lib/python3.11/site-packages/airflow/example_dags/example_branch_day_of_week_operator.py
[2025-10-29T18:46:18.697-0700] {processor.py:830} INFO - Processing file /opt/miniconda3/envs/airflow_env/lib/python3.11/site-packages/airflow/example_dags/example_branch_day_of_week_operator.py for tasks to queue
[2025-10-29T18:46:18.698-0700] {logging_mixin.py:188} INFO - [2025-10-29T18:46:18.698-0700] {dagbag.py:545} INFO - Filling up the DagBag from /opt/miniconda3/envs/airflow_env/lib/python3.11/site-packages/airflow/example_dags/example_branch_day_of_week_operator.py
[2025-10-29T18:46:18.704-0700] {processor.py:840} INFO - DAG(s) 'example_weekday_branch_operator' retrieved from /opt/miniconda3/envs/airflow_env/lib/python3.11/site-packages/airflow/example_dags/example_branch_day_of_week_operator.py
[2025-10-29T18:46:18.755-0700] {logging_mixin.py:188} INFO - [2025-10-29T18:46:18.755-0700] {dag.py:3089} INFO - Sync 1 DAGs
[2025-10-29T18:46:18.765-0700] {logging_mixin.py:188} INFO - [2025-10-29T18:46:18.765-0700] {dag.py:3947} INFO - Setting next_dagrun for example_weekday_branch_operator to 2025-10-29 00:00:00+00:00, run_after=2025-10-30 00:00:00+00:00
[2025-10-29T18:46:18.775-0700] {processor.py:183} INFO - Processing /opt/miniconda3/envs/airflow_env/lib/python3.11/site-packages/airflow/example_dags/example_branch_day_of_week_operator.py took 0.080 seconds
[2025-10-29T18:48:43.024-0700] {processor.py:161} INFO - Started process (PID=6033) to work on /opt/miniconda3/envs/airflow_env/lib/python3.11/site-packages/airflow/example_dags/example_branch_day_of_week_operator.py
[2025-10-29T18:48:43.026-0700] {processor.py:830} INFO - Processing file /opt/miniconda3/envs/airflow_env/lib/python3.11/site-packages/airflow/example_dags/example_branch_day_of_week_operator.py for tasks to queue
[2025-10-29T18:48:43.026-0700] {logging_mixin.py:188} INFO - [2025-10-29T18:48:43.026-0700] {dagbag.py:545} INFO - Filling up the DagBag from /opt/miniconda3/envs/airflow_env/lib/python3.11/site-packages/airflow/example_dags/example_branch_day_of_week_operator.py
[2025-10-29T18:48:43.033-0700] {processor.py:840} INFO - DAG(s) 'example_weekday_branch_operator' retrieved from /opt/miniconda3/envs/airflow_env/lib/python3.11/site-packages/airflow/example_dags/example_branch_day_of_week_operator.py
[2025-10-29T18:48:43.082-0700] {logging_mixin.py:188} INFO - [2025-10-29T18:48:43.081-0700] {dag.py:3089} INFO - Sync 1 DAGs
[2025-10-29T18:48:43.091-0700] {logging_mixin.py:188} INFO - [2025-10-29T18:48:43.091-0700] {dag.py:3947} INFO - Setting next_dagrun for example_weekday_branch_operator to 2025-10-29 00:00:00+00:00, run_after=2025-10-30 00:00:00+00:00
[2025-10-29T18:48:43.100-0700] {processor.py:183} INFO - Processing /opt/miniconda3/envs/airflow_env/lib/python3.11/site-packages/airflow/example_dags/example_branch_day_of_week_operator.py took 0.078 seconds
[2025-10-29T18:51:07.727-0700] {processor.py:161} INFO - Started process (PID=9844) to work on /opt/miniconda3/envs/airflow_env/lib/python3.11/site-packages/airflow/example_dags/example_branch_day_of_week_operator.py
[2025-10-29T18:51:07.728-0700] {processor.py:830} INFO - Processing file /opt/miniconda3/envs/airflow_env/lib/python3.11/site-packages/airflow/example_dags/example_branch_day_of_week_operator.py for tasks to queue
[2025-10-29T18:51:07.728-0700] {logging_mixin.py:188} INFO - [2025-10-29T18:51:07.728-0700] {dagbag.py:545} INFO - Filling up the DagBag from /opt/miniconda3/envs/airflow_env/lib/python3.11/site-packages/airflow/example_dags/example_branch_day_of_week_operator.py
[2025-10-29T18:51:07.735-0700] {processor.py:840} INFO - DAG(s) 'example_weekday_branch_operator' retrieved from /opt/miniconda3/envs/airflow_env/lib/python3.11/site-packages/airflow/example_dags/example_branch_day_of_week_operator.py
[2025-10-29T18:51:07.783-0700] {logging_mixin.py:188} INFO - [2025-10-29T18:51:07.783-0700] {dag.py:3089} INFO - Sync 1 DAGs
[2025-10-29T18:51:07.792-0700] {logging_mixin.py:188} INFO - [2025-10-29T18:51:07.792-0700] {dag.py:3947} INFO - Setting next_dagrun for example_weekday_branch_operator to 2025-10-29 00:00:00+00:00, run_after=2025-10-30 00:00:00+00:00
[2025-10-29T18:51:07.802-0700] {processor.py:183} INFO - Processing /opt/miniconda3/envs/airflow_env/lib/python3.11/site-packages/airflow/example_dags/example_branch_day_of_week_operator.py took 0.076 seconds
[2025-10-29T18:53:25.612-0700] {processor.py:161} INFO - Started process (PID=10085) to work on /opt/miniconda3/envs/airflow_env/lib/python3.11/site-packages/airflow/example_dags/example_branch_day_of_week_operator.py
[2025-10-29T18:53:25.613-0700] {processor.py:830} INFO - Processing file /opt/miniconda3/envs/airflow_env/lib/python3.11/site-packages/airflow/example_dags/example_branch_day_of_week_operator.py for tasks to queue
[2025-10-29T18:53:25.613-0700] {logging_mixin.py:188} INFO - [2025-10-29T18:53:25.613-0700] {dagbag.py:545} INFO - Filling up the DagBag from /opt/miniconda3/envs/airflow_env/lib/python3.11/site-packages/airflow/example_dags/example_branch_day_of_week_operator.py
[2025-10-29T18:53:25.619-0700] {processor.py:840} INFO - DAG(s) 'example_weekday_branch_operator' retrieved from /opt/miniconda3/envs/airflow_env/lib/python3.11/site-packages/airflow/example_dags/example_branch_day_of_week_operator.py
[2025-10-29T18:53:25.668-0700] {logging_mixin.py:188} INFO - [2025-10-29T18:53:25.668-0700] {dag.py:3089} INFO - Sync 1 DAGs
[2025-10-29T18:53:25.678-0700] {logging_mixin.py:188} INFO - [2025-10-29T18:53:25.677-0700] {dag.py:3947} INFO - Setting next_dagrun for example_weekday_branch_operator to 2025-10-29 00:00:00+00:00, run_after=2025-10-30 00:00:00+00:00
[2025-10-29T18:53:25.687-0700] {processor.py:183} INFO - Processing /opt/miniconda3/envs/airflow_env/lib/python3.11/site-packages/airflow/example_dags/example_branch_day_of_week_operator.py took 0.077 seconds
[2025-10-29T18:55:47.622-0700] {processor.py:161} INFO - Started process (PID=10369) to work on /opt/miniconda3/envs/airflow_env/lib/python3.11/site-packages/airflow/example_dags/example_branch_day_of_week_operator.py
[2025-10-29T18:55:47.624-0700] {processor.py:830} INFO - Processing file /opt/miniconda3/envs/airflow_env/lib/python3.11/site-packages/airflow/example_dags/example_branch_day_of_week_operator.py for tasks to queue
[2025-10-29T18:55:47.625-0700] {logging_mixin.py:188} INFO - [2025-10-29T18:55:47.625-0700] {dagbag.py:545} INFO - Filling up the DagBag from /opt/miniconda3/envs/airflow_env/lib/python3.11/site-packages/airflow/example_dags/example_branch_day_of_week_operator.py
[2025-10-29T18:55:47.631-0700] {processor.py:840} INFO - DAG(s) 'example_weekday_branch_operator' retrieved from /opt/miniconda3/envs/airflow_env/lib/python3.11/site-packages/airflow/example_dags/example_branch_day_of_week_operator.py
[2025-10-29T18:55:47.680-0700] {logging_mixin.py:188} INFO - [2025-10-29T18:55:47.680-0700] {dag.py:3089} INFO - Sync 1 DAGs
[2025-10-29T18:55:47.689-0700] {logging_mixin.py:188} INFO - [2025-10-29T18:55:47.689-0700] {dag.py:3947} INFO - Setting next_dagrun for example_weekday_branch_operator to 2025-10-29 00:00:00+00:00, run_after=2025-10-30 00:00:00+00:00
[2025-10-29T18:55:47.699-0700] {processor.py:183} INFO - Processing /opt/miniconda3/envs/airflow_env/lib/python3.11/site-packages/airflow/example_dags/example_branch_day_of_week_operator.py took 0.079 seconds
[2025-10-29T18:58:09.686-0700] {processor.py:161} INFO - Started process (PID=10625) to work on /opt/miniconda3/envs/airflow_env/lib/python3.11/site-packages/airflow/example_dags/example_branch_day_of_week_operator.py
[2025-10-29T18:58:09.687-0700] {processor.py:830} INFO - Processing file /opt/miniconda3/envs/airflow_env/lib/python3.11/site-packages/airflow/example_dags/example_branch_day_of_week_operator.py for tasks to queue
[2025-10-29T18:58:09.687-0700] {logging_mixin.py:188} INFO - [2025-10-29T18:58:09.687-0700] {dagbag.py:545} INFO - Filling up the DagBag from /opt/miniconda3/envs/airflow_env/lib/python3.11/site-packages/airflow/example_dags/example_branch_day_of_week_operator.py
[2025-10-29T18:58:09.693-0700] {processor.py:840} INFO - DAG(s) 'example_weekday_branch_operator' retrieved from /opt/miniconda3/envs/airflow_env/lib/python3.11/site-packages/airflow/example_dags/example_branch_day_of_week_operator.py
[2025-10-29T18:58:09.742-0700] {logging_mixin.py:188} INFO - [2025-10-29T18:58:09.742-0700] {dag.py:3089} INFO - Sync 1 DAGs
[2025-10-29T18:58:09.752-0700] {logging_mixin.py:188} INFO - [2025-10-29T18:58:09.751-0700] {dag.py:3947} INFO - Setting next_dagrun for example_weekday_branch_operator to 2025-10-29 00:00:00+00:00, run_after=2025-10-30 00:00:00+00:00
[2025-10-29T18:58:09.761-0700] {processor.py:183} INFO - Processing /opt/miniconda3/envs/airflow_env/lib/python3.11/site-packages/airflow/example_dags/example_branch_day_of_week_operator.py took 0.077 seconds
[2025-10-29T19:00:10.829-0700] {processor.py:161} INFO - Started process (PID=10878) to work on /opt/miniconda3/envs/airflow_env/lib/python3.11/site-packages/airflow/example_dags/example_branch_day_of_week_operator.py
[2025-10-29T19:00:10.830-0700] {processor.py:830} INFO - Processing file /opt/miniconda3/envs/airflow_env/lib/python3.11/site-packages/airflow/example_dags/example_branch_day_of_week_operator.py for tasks to queue
[2025-10-29T19:00:10.831-0700] {logging_mixin.py:188} INFO - [2025-10-29T19:00:10.831-0700] {dagbag.py:545} INFO - Filling up the DagBag from /opt/miniconda3/envs/airflow_env/lib/python3.11/site-packages/airflow/example_dags/example_branch_day_of_week_operator.py
[2025-10-29T19:00:10.838-0700] {processor.py:840} INFO - DAG(s) 'example_weekday_branch_operator' retrieved from /opt/miniconda3/envs/airflow_env/lib/python3.11/site-packages/airflow/example_dags/example_branch_day_of_week_operator.py
[2025-10-29T19:00:10.929-0700] {logging_mixin.py:188} INFO - [2025-10-29T19:00:10.929-0700] {dag.py:3089} INFO - Sync 1 DAGs
[2025-10-29T19:00:10.937-0700] {logging_mixin.py:188} INFO - [2025-10-29T19:00:10.937-0700] {dag.py:3947} INFO - Setting next_dagrun for example_weekday_branch_operator to 2025-10-29 00:00:00+00:00, run_after=2025-10-30 00:00:00+00:00
[2025-10-29T19:00:10.981-0700] {processor.py:183} INFO - Processing /opt/miniconda3/envs/airflow_env/lib/python3.11/site-packages/airflow/example_dags/example_branch_day_of_week_operator.py took 0.154 seconds
[2025-10-29T19:02:34.821-0700] {processor.py:161} INFO - Started process (PID=11130) to work on /opt/miniconda3/envs/airflow_env/lib/python3.11/site-packages/airflow/example_dags/example_branch_day_of_week_operator.py
[2025-10-29T19:02:34.823-0700] {processor.py:830} INFO - Processing file /opt/miniconda3/envs/airflow_env/lib/python3.11/site-packages/airflow/example_dags/example_branch_day_of_week_operator.py for tasks to queue
[2025-10-29T19:02:34.823-0700] {logging_mixin.py:188} INFO - [2025-10-29T19:02:34.823-0700] {dagbag.py:545} INFO - Filling up the DagBag from /opt/miniconda3/envs/airflow_env/lib/python3.11/site-packages/airflow/example_dags/example_branch_day_of_week_operator.py
[2025-10-29T19:02:34.831-0700] {processor.py:840} INFO - DAG(s) 'example_weekday_branch_operator' retrieved from /opt/miniconda3/envs/airflow_env/lib/python3.11/site-packages/airflow/example_dags/example_branch_day_of_week_operator.py
[2025-10-29T19:02:34.890-0700] {logging_mixin.py:188} INFO - [2025-10-29T19:02:34.889-0700] {dag.py:3089} INFO - Sync 1 DAGs
[2025-10-29T19:02:34.900-0700] {logging_mixin.py:188} INFO - [2025-10-29T19:02:34.900-0700] {dag.py:3947} INFO - Setting next_dagrun for example_weekday_branch_operator to 2025-10-29 00:00:00+00:00, run_after=2025-10-30 00:00:00+00:00
[2025-10-29T19:02:34.910-0700] {processor.py:183} INFO - Processing /opt/miniconda3/envs/airflow_env/lib/python3.11/site-packages/airflow/example_dags/example_branch_day_of_week_operator.py took 0.091 seconds
[2025-10-29T19:05:02.300-0700] {processor.py:161} INFO - Started process (PID=11391) to work on /opt/miniconda3/envs/airflow_env/lib/python3.11/site-packages/airflow/example_dags/example_branch_day_of_week_operator.py
[2025-10-29T19:05:02.302-0700] {processor.py:830} INFO - Processing file /opt/miniconda3/envs/airflow_env/lib/python3.11/site-packages/airflow/example_dags/example_branch_day_of_week_operator.py for tasks to queue
[2025-10-29T19:05:02.302-0700] {logging_mixin.py:188} INFO - [2025-10-29T19:05:02.302-0700] {dagbag.py:545} INFO - Filling up the DagBag from /opt/miniconda3/envs/airflow_env/lib/python3.11/site-packages/airflow/example_dags/example_branch_day_of_week_operator.py
[2025-10-29T19:05:02.308-0700] {processor.py:840} INFO - DAG(s) 'example_weekday_branch_operator' retrieved from /opt/miniconda3/envs/airflow_env/lib/python3.11/site-packages/airflow/example_dags/example_branch_day_of_week_operator.py
[2025-10-29T19:05:02.357-0700] {logging_mixin.py:188} INFO - [2025-10-29T19:05:02.357-0700] {dag.py:3089} INFO - Sync 1 DAGs
[2025-10-29T19:05:02.366-0700] {logging_mixin.py:188} INFO - [2025-10-29T19:05:02.366-0700] {dag.py:3947} INFO - Setting next_dagrun for example_weekday_branch_operator to 2025-10-29 00:00:00+00:00, run_after=2025-10-30 00:00:00+00:00
[2025-10-29T19:05:02.376-0700] {processor.py:183} INFO - Processing /opt/miniconda3/envs/airflow_env/lib/python3.11/site-packages/airflow/example_dags/example_branch_day_of_week_operator.py took 0.077 seconds
[2025-10-29T19:07:31.501-0700] {processor.py:161} INFO - Started process (PID=11660) to work on /opt/miniconda3/envs/airflow_env/lib/python3.11/site-packages/airflow/example_dags/example_branch_day_of_week_operator.py
[2025-10-29T19:07:31.502-0700] {processor.py:830} INFO - Processing file /opt/miniconda3/envs/airflow_env/lib/python3.11/site-packages/airflow/example_dags/example_branch_day_of_week_operator.py for tasks to queue
[2025-10-29T19:07:31.503-0700] {logging_mixin.py:188} INFO - [2025-10-29T19:07:31.503-0700] {dagbag.py:545} INFO - Filling up the DagBag from /opt/miniconda3/envs/airflow_env/lib/python3.11/site-packages/airflow/example_dags/example_branch_day_of_week_operator.py
[2025-10-29T19:07:31.509-0700] {processor.py:840} INFO - DAG(s) 'example_weekday_branch_operator' retrieved from /opt/miniconda3/envs/airflow_env/lib/python3.11/site-packages/airflow/example_dags/example_branch_day_of_week_operator.py
[2025-10-29T19:07:31.558-0700] {logging_mixin.py:188} INFO - [2025-10-29T19:07:31.558-0700] {dag.py:3089} INFO - Sync 1 DAGs
[2025-10-29T19:07:31.568-0700] {logging_mixin.py:188} INFO - [2025-10-29T19:07:31.568-0700] {dag.py:3947} INFO - Setting next_dagrun for example_weekday_branch_operator to 2025-10-29 00:00:00+00:00, run_after=2025-10-30 00:00:00+00:00
[2025-10-29T19:07:31.577-0700] {processor.py:183} INFO - Processing /opt/miniconda3/envs/airflow_env/lib/python3.11/site-packages/airflow/example_dags/example_branch_day_of_week_operator.py took 0.079 seconds
[2025-10-29T19:09:57.342-0700] {processor.py:161} INFO - Started process (PID=11903) to work on /opt/miniconda3/envs/airflow_env/lib/python3.11/site-packages/airflow/example_dags/example_branch_day_of_week_operator.py
[2025-10-29T19:09:57.342-0700] {processor.py:830} INFO - Processing file /opt/miniconda3/envs/airflow_env/lib/python3.11/site-packages/airflow/example_dags/example_branch_day_of_week_operator.py for tasks to queue
[2025-10-29T19:09:57.343-0700] {logging_mixin.py:188} INFO - [2025-10-29T19:09:57.343-0700] {dagbag.py:545} INFO - Filling up the DagBag from /opt/miniconda3/envs/airflow_env/lib/python3.11/site-packages/airflow/example_dags/example_branch_day_of_week_operator.py
[2025-10-29T19:09:57.348-0700] {processor.py:840} INFO - DAG(s) 'example_weekday_branch_operator' retrieved from /opt/miniconda3/envs/airflow_env/lib/python3.11/site-packages/airflow/example_dags/example_branch_day_of_week_operator.py
[2025-10-29T19:09:57.397-0700] {logging_mixin.py:188} INFO - [2025-10-29T19:09:57.397-0700] {dag.py:3089} INFO - Sync 1 DAGs
[2025-10-29T19:09:57.406-0700] {logging_mixin.py:188} INFO - [2025-10-29T19:09:57.406-0700] {dag.py:3947} INFO - Setting next_dagrun for example_weekday_branch_operator to 2025-10-29 00:00:00+00:00, run_after=2025-10-30 00:00:00+00:00
[2025-10-29T19:09:57.415-0700] {processor.py:183} INFO - Processing /opt/miniconda3/envs/airflow_env/lib/python3.11/site-packages/airflow/example_dags/example_branch_day_of_week_operator.py took 0.075 seconds
[2025-10-29T19:12:29.843-0700] {processor.py:161} INFO - Started process (PID=12180) to work on /opt/miniconda3/envs/airflow_env/lib/python3.11/site-packages/airflow/example_dags/example_branch_day_of_week_operator.py
[2025-10-29T19:12:29.844-0700] {processor.py:830} INFO - Processing file /opt/miniconda3/envs/airflow_env/lib/python3.11/site-packages/airflow/example_dags/example_branch_day_of_week_operator.py for tasks to queue
[2025-10-29T19:12:29.844-0700] {logging_mixin.py:188} INFO - [2025-10-29T19:12:29.844-0700] {dagbag.py:545} INFO - Filling up the DagBag from /opt/miniconda3/envs/airflow_env/lib/python3.11/site-packages/airflow/example_dags/example_branch_day_of_week_operator.py
[2025-10-29T19:12:29.851-0700] {processor.py:840} INFO - DAG(s) 'example_weekday_branch_operator' retrieved from /opt/miniconda3/envs/airflow_env/lib/python3.11/site-packages/airflow/example_dags/example_branch_day_of_week_operator.py
[2025-10-29T19:12:29.900-0700] {logging_mixin.py:188} INFO - [2025-10-29T19:12:29.900-0700] {dag.py:3089} INFO - Sync 1 DAGs
[2025-10-29T19:12:29.909-0700] {logging_mixin.py:188} INFO - [2025-10-29T19:12:29.909-0700] {dag.py:3947} INFO - Setting next_dagrun for example_weekday_branch_operator to 2025-10-29 00:00:00+00:00, run_after=2025-10-30 00:00:00+00:00
[2025-10-29T19:12:29.919-0700] {processor.py:183} INFO - Processing /opt/miniconda3/envs/airflow_env/lib/python3.11/site-packages/airflow/example_dags/example_branch_day_of_week_operator.py took 0.078 seconds
[2025-10-29T19:14:56.509-0700] {processor.py:161} INFO - Started process (PID=12436) to work on /opt/miniconda3/envs/airflow_env/lib/python3.11/site-packages/airflow/example_dags/example_branch_day_of_week_operator.py
[2025-10-29T19:14:56.510-0700] {processor.py:830} INFO - Processing file /opt/miniconda3/envs/airflow_env/lib/python3.11/site-packages/airflow/example_dags/example_branch_day_of_week_operator.py for tasks to queue
[2025-10-29T19:14:56.510-0700] {logging_mixin.py:188} INFO - [2025-10-29T19:14:56.510-0700] {dagbag.py:545} INFO - Filling up the DagBag from /opt/miniconda3/envs/airflow_env/lib/python3.11/site-packages/airflow/example_dags/example_branch_day_of_week_operator.py
[2025-10-29T19:14:56.517-0700] {processor.py:840} INFO - DAG(s) 'example_weekday_branch_operator' retrieved from /opt/miniconda3/envs/airflow_env/lib/python3.11/site-packages/airflow/example_dags/example_branch_day_of_week_operator.py
[2025-10-29T19:14:56.565-0700] {logging_mixin.py:188} INFO - [2025-10-29T19:14:56.565-0700] {dag.py:3089} INFO - Sync 1 DAGs
[2025-10-29T19:14:56.575-0700] {logging_mixin.py:188} INFO - [2025-10-29T19:14:56.575-0700] {dag.py:3947} INFO - Setting next_dagrun for example_weekday_branch_operator to 2025-10-29 00:00:00+00:00, run_after=2025-10-30 00:00:00+00:00
[2025-10-29T19:14:56.584-0700] {processor.py:183} INFO - Processing /opt/miniconda3/envs/airflow_env/lib/python3.11/site-packages/airflow/example_dags/example_branch_day_of_week_operator.py took 0.077 seconds
[2025-10-29T19:17:24.274-0700] {processor.py:161} INFO - Started process (PID=12699) to work on /opt/miniconda3/envs/airflow_env/lib/python3.11/site-packages/airflow/example_dags/example_branch_day_of_week_operator.py
[2025-10-29T19:17:24.275-0700] {processor.py:830} INFO - Processing file /opt/miniconda3/envs/airflow_env/lib/python3.11/site-packages/airflow/example_dags/example_branch_day_of_week_operator.py for tasks to queue
[2025-10-29T19:17:24.275-0700] {logging_mixin.py:188} INFO - [2025-10-29T19:17:24.275-0700] {dagbag.py:545} INFO - Filling up the DagBag from /opt/miniconda3/envs/airflow_env/lib/python3.11/site-packages/airflow/example_dags/example_branch_day_of_week_operator.py
[2025-10-29T19:17:24.282-0700] {processor.py:840} INFO - DAG(s) 'example_weekday_branch_operator' retrieved from /opt/miniconda3/envs/airflow_env/lib/python3.11/site-packages/airflow/example_dags/example_branch_day_of_week_operator.py
[2025-10-29T19:17:24.330-0700] {logging_mixin.py:188} INFO - [2025-10-29T19:17:24.330-0700] {dag.py:3089} INFO - Sync 1 DAGs
[2025-10-29T19:17:24.340-0700] {logging_mixin.py:188} INFO - [2025-10-29T19:17:24.340-0700] {dag.py:3947} INFO - Setting next_dagrun for example_weekday_branch_operator to 2025-10-29 00:00:00+00:00, run_after=2025-10-30 00:00:00+00:00
[2025-10-29T19:17:24.349-0700] {processor.py:183} INFO - Processing /opt/miniconda3/envs/airflow_env/lib/python3.11/site-packages/airflow/example_dags/example_branch_day_of_week_operator.py took 0.077 seconds
[2025-10-29T19:19:51.609-0700] {processor.py:161} INFO - Started process (PID=12953) to work on /opt/miniconda3/envs/airflow_env/lib/python3.11/site-packages/airflow/example_dags/example_branch_day_of_week_operator.py
[2025-10-29T19:19:51.610-0700] {processor.py:830} INFO - Processing file /opt/miniconda3/envs/airflow_env/lib/python3.11/site-packages/airflow/example_dags/example_branch_day_of_week_operator.py for tasks to queue
[2025-10-29T19:19:51.610-0700] {logging_mixin.py:188} INFO - [2025-10-29T19:19:51.610-0700] {dagbag.py:545} INFO - Filling up the DagBag from /opt/miniconda3/envs/airflow_env/lib/python3.11/site-packages/airflow/example_dags/example_branch_day_of_week_operator.py
[2025-10-29T19:19:51.616-0700] {processor.py:840} INFO - DAG(s) 'example_weekday_branch_operator' retrieved from /opt/miniconda3/envs/airflow_env/lib/python3.11/site-packages/airflow/example_dags/example_branch_day_of_week_operator.py
[2025-10-29T19:19:51.666-0700] {logging_mixin.py:188} INFO - [2025-10-29T19:19:51.665-0700] {dag.py:3089} INFO - Sync 1 DAGs
[2025-10-29T19:19:51.675-0700] {logging_mixin.py:188} INFO - [2025-10-29T19:19:51.675-0700] {dag.py:3947} INFO - Setting next_dagrun for example_weekday_branch_operator to 2025-10-29 00:00:00+00:00, run_after=2025-10-30 00:00:00+00:00
[2025-10-29T19:19:51.685-0700] {processor.py:183} INFO - Processing /opt/miniconda3/envs/airflow_env/lib/python3.11/site-packages/airflow/example_dags/example_branch_day_of_week_operator.py took 0.078 seconds
[2025-10-29T19:22:17.605-0700] {processor.py:161} INFO - Started process (PID=13257) to work on /opt/miniconda3/envs/airflow_env/lib/python3.11/site-packages/airflow/example_dags/example_branch_day_of_week_operator.py
[2025-10-29T19:22:17.606-0700] {processor.py:830} INFO - Processing file /opt/miniconda3/envs/airflow_env/lib/python3.11/site-packages/airflow/example_dags/example_branch_day_of_week_operator.py for tasks to queue
[2025-10-29T19:22:17.606-0700] {logging_mixin.py:188} INFO - [2025-10-29T19:22:17.606-0700] {dagbag.py:545} INFO - Filling up the DagBag from /opt/miniconda3/envs/airflow_env/lib/python3.11/site-packages/airflow/example_dags/example_branch_day_of_week_operator.py
[2025-10-29T19:22:17.613-0700] {processor.py:840} INFO - DAG(s) 'example_weekday_branch_operator' retrieved from /opt/miniconda3/envs/airflow_env/lib/python3.11/site-packages/airflow/example_dags/example_branch_day_of_week_operator.py
[2025-10-29T19:22:17.663-0700] {logging_mixin.py:188} INFO - [2025-10-29T19:22:17.663-0700] {dag.py:3089} INFO - Sync 1 DAGs
[2025-10-29T19:22:17.673-0700] {logging_mixin.py:188} INFO - [2025-10-29T19:22:17.673-0700] {dag.py:3947} INFO - Setting next_dagrun for example_weekday_branch_operator to 2025-10-29 00:00:00+00:00, run_after=2025-10-30 00:00:00+00:00
[2025-10-29T19:22:17.682-0700] {processor.py:183} INFO - Processing /opt/miniconda3/envs/airflow_env/lib/python3.11/site-packages/airflow/example_dags/example_branch_day_of_week_operator.py took 0.079 seconds
[2025-10-29T19:24:44.901-0700] {processor.py:161} INFO - Started process (PID=13564) to work on /opt/miniconda3/envs/airflow_env/lib/python3.11/site-packages/airflow/example_dags/example_branch_day_of_week_operator.py
[2025-10-29T19:24:44.903-0700] {processor.py:830} INFO - Processing file /opt/miniconda3/envs/airflow_env/lib/python3.11/site-packages/airflow/example_dags/example_branch_day_of_week_operator.py for tasks to queue
[2025-10-29T19:24:44.903-0700] {logging_mixin.py:188} INFO - [2025-10-29T19:24:44.903-0700] {dagbag.py:545} INFO - Filling up the DagBag from /opt/miniconda3/envs/airflow_env/lib/python3.11/site-packages/airflow/example_dags/example_branch_day_of_week_operator.py
[2025-10-29T19:24:44.910-0700] {processor.py:840} INFO - DAG(s) 'example_weekday_branch_operator' retrieved from /opt/miniconda3/envs/airflow_env/lib/python3.11/site-packages/airflow/example_dags/example_branch_day_of_week_operator.py
[2025-10-29T19:24:44.958-0700] {logging_mixin.py:188} INFO - [2025-10-29T19:24:44.958-0700] {dag.py:3089} INFO - Sync 1 DAGs
[2025-10-29T19:24:44.968-0700] {logging_mixin.py:188} INFO - [2025-10-29T19:24:44.967-0700] {dag.py:3947} INFO - Setting next_dagrun for example_weekday_branch_operator to 2025-10-29 00:00:00+00:00, run_after=2025-10-30 00:00:00+00:00
[2025-10-29T19:24:44.977-0700] {processor.py:183} INFO - Processing /opt/miniconda3/envs/airflow_env/lib/python3.11/site-packages/airflow/example_dags/example_branch_day_of_week_operator.py took 0.078 seconds
[2025-10-29T19:27:09.573-0700] {processor.py:161} INFO - Started process (PID=14239) to work on /opt/miniconda3/envs/airflow_env/lib/python3.11/site-packages/airflow/example_dags/example_branch_day_of_week_operator.py
[2025-10-29T19:27:09.574-0700] {processor.py:830} INFO - Processing file /opt/miniconda3/envs/airflow_env/lib/python3.11/site-packages/airflow/example_dags/example_branch_day_of_week_operator.py for tasks to queue
[2025-10-29T19:27:09.574-0700] {logging_mixin.py:188} INFO - [2025-10-29T19:27:09.574-0700] {dagbag.py:545} INFO - Filling up the DagBag from /opt/miniconda3/envs/airflow_env/lib/python3.11/site-packages/airflow/example_dags/example_branch_day_of_week_operator.py
[2025-10-29T19:27:09.581-0700] {processor.py:840} INFO - DAG(s) 'example_weekday_branch_operator' retrieved from /opt/miniconda3/envs/airflow_env/lib/python3.11/site-packages/airflow/example_dags/example_branch_day_of_week_operator.py
[2025-10-29T19:27:09.631-0700] {logging_mixin.py:188} INFO - [2025-10-29T19:27:09.631-0700] {dag.py:3089} INFO - Sync 1 DAGs
[2025-10-29T19:27:09.640-0700] {logging_mixin.py:188} INFO - [2025-10-29T19:27:09.640-0700] {dag.py:3947} INFO - Setting next_dagrun for example_weekday_branch_operator to 2025-10-29 00:00:00+00:00, run_after=2025-10-30 00:00:00+00:00
[2025-10-29T19:27:09.650-0700] {processor.py:183} INFO - Processing /opt/miniconda3/envs/airflow_env/lib/python3.11/site-packages/airflow/example_dags/example_branch_day_of_week_operator.py took 0.079 seconds
[2025-10-29T19:29:38.189-0700] {processor.py:161} INFO - Started process (PID=14922) to work on /opt/miniconda3/envs/airflow_env/lib/python3.11/site-packages/airflow/example_dags/example_branch_day_of_week_operator.py
[2025-10-29T19:29:38.191-0700] {processor.py:830} INFO - Processing file /opt/miniconda3/envs/airflow_env/lib/python3.11/site-packages/airflow/example_dags/example_branch_day_of_week_operator.py for tasks to queue
[2025-10-29T19:29:38.191-0700] {logging_mixin.py:188} INFO - [2025-10-29T19:29:38.191-0700] {dagbag.py:545} INFO - Filling up the DagBag from /opt/miniconda3/envs/airflow_env/lib/python3.11/site-packages/airflow/example_dags/example_branch_day_of_week_operator.py
[2025-10-29T19:29:38.199-0700] {processor.py:840} INFO - DAG(s) 'example_weekday_branch_operator' retrieved from /opt/miniconda3/envs/airflow_env/lib/python3.11/site-packages/airflow/example_dags/example_branch_day_of_week_operator.py
[2025-10-29T19:29:38.248-0700] {logging_mixin.py:188} INFO - [2025-10-29T19:29:38.247-0700] {dag.py:3089} INFO - Sync 1 DAGs
[2025-10-29T19:29:38.257-0700] {logging_mixin.py:188} INFO - [2025-10-29T19:29:38.257-0700] {dag.py:3947} INFO - Setting next_dagrun for example_weekday_branch_operator to 2025-10-29 00:00:00+00:00, run_after=2025-10-30 00:00:00+00:00
[2025-10-29T19:29:38.267-0700] {processor.py:183} INFO - Processing /opt/miniconda3/envs/airflow_env/lib/python3.11/site-packages/airflow/example_dags/example_branch_day_of_week_operator.py took 0.080 seconds
[2025-10-29T19:32:08.228-0700] {processor.py:161} INFO - Started process (PID=15611) to work on /opt/miniconda3/envs/airflow_env/lib/python3.11/site-packages/airflow/example_dags/example_branch_day_of_week_operator.py
[2025-10-29T19:32:08.229-0700] {processor.py:830} INFO - Processing file /opt/miniconda3/envs/airflow_env/lib/python3.11/site-packages/airflow/example_dags/example_branch_day_of_week_operator.py for tasks to queue
[2025-10-29T19:32:08.230-0700] {logging_mixin.py:188} INFO - [2025-10-29T19:32:08.230-0700] {dagbag.py:545} INFO - Filling up the DagBag from /opt/miniconda3/envs/airflow_env/lib/python3.11/site-packages/airflow/example_dags/example_branch_day_of_week_operator.py
[2025-10-29T19:32:08.236-0700] {processor.py:840} INFO - DAG(s) 'example_weekday_branch_operator' retrieved from /opt/miniconda3/envs/airflow_env/lib/python3.11/site-packages/airflow/example_dags/example_branch_day_of_week_operator.py
[2025-10-29T19:32:08.285-0700] {logging_mixin.py:188} INFO - [2025-10-29T19:32:08.285-0700] {dag.py:3089} INFO - Sync 1 DAGs
[2025-10-29T19:32:08.295-0700] {logging_mixin.py:188} INFO - [2025-10-29T19:32:08.295-0700] {dag.py:3947} INFO - Setting next_dagrun for example_weekday_branch_operator to 2025-10-29 00:00:00+00:00, run_after=2025-10-30 00:00:00+00:00
[2025-10-29T19:32:08.304-0700] {processor.py:183} INFO - Processing /opt/miniconda3/envs/airflow_env/lib/python3.11/site-packages/airflow/example_dags/example_branch_day_of_week_operator.py took 0.078 seconds
[2025-10-29T19:34:37.715-0700] {processor.py:161} INFO - Started process (PID=16326) to work on /opt/miniconda3/envs/airflow_env/lib/python3.11/site-packages/airflow/example_dags/example_branch_day_of_week_operator.py
[2025-10-29T19:34:37.715-0700] {processor.py:830} INFO - Processing file /opt/miniconda3/envs/airflow_env/lib/python3.11/site-packages/airflow/example_dags/example_branch_day_of_week_operator.py for tasks to queue
[2025-10-29T19:34:37.716-0700] {logging_mixin.py:188} INFO - [2025-10-29T19:34:37.716-0700] {dagbag.py:545} INFO - Filling up the DagBag from /opt/miniconda3/envs/airflow_env/lib/python3.11/site-packages/airflow/example_dags/example_branch_day_of_week_operator.py
[2025-10-29T19:34:37.722-0700] {processor.py:840} INFO - DAG(s) 'example_weekday_branch_operator' retrieved from /opt/miniconda3/envs/airflow_env/lib/python3.11/site-packages/airflow/example_dags/example_branch_day_of_week_operator.py
[2025-10-29T19:34:37.771-0700] {logging_mixin.py:188} INFO - [2025-10-29T19:34:37.771-0700] {dag.py:3089} INFO - Sync 1 DAGs
[2025-10-29T19:34:37.781-0700] {logging_mixin.py:188} INFO - [2025-10-29T19:34:37.781-0700] {dag.py:3947} INFO - Setting next_dagrun for example_weekday_branch_operator to 2025-10-29 00:00:00+00:00, run_after=2025-10-30 00:00:00+00:00
[2025-10-29T19:34:37.790-0700] {processor.py:183} INFO - Processing /opt/miniconda3/envs/airflow_env/lib/python3.11/site-packages/airflow/example_dags/example_branch_day_of_week_operator.py took 0.077 seconds
[2025-10-29T19:37:08.671-0700] {processor.py:161} INFO - Started process (PID=17019) to work on /opt/miniconda3/envs/airflow_env/lib/python3.11/site-packages/airflow/example_dags/example_branch_day_of_week_operator.py
[2025-10-29T19:37:08.672-0700] {processor.py:830} INFO - Processing file /opt/miniconda3/envs/airflow_env/lib/python3.11/site-packages/airflow/example_dags/example_branch_day_of_week_operator.py for tasks to queue
[2025-10-29T19:37:08.672-0700] {logging_mixin.py:188} INFO - [2025-10-29T19:37:08.672-0700] {dagbag.py:545} INFO - Filling up the DagBag from /opt/miniconda3/envs/airflow_env/lib/python3.11/site-packages/airflow/example_dags/example_branch_day_of_week_operator.py
[2025-10-29T19:37:08.679-0700] {processor.py:840} INFO - DAG(s) 'example_weekday_branch_operator' retrieved from /opt/miniconda3/envs/airflow_env/lib/python3.11/site-packages/airflow/example_dags/example_branch_day_of_week_operator.py
[2025-10-29T19:37:08.730-0700] {logging_mixin.py:188} INFO - [2025-10-29T19:37:08.730-0700] {dag.py:3089} INFO - Sync 1 DAGs
[2025-10-29T19:37:08.740-0700] {logging_mixin.py:188} INFO - [2025-10-29T19:37:08.740-0700] {dag.py:3947} INFO - Setting next_dagrun for example_weekday_branch_operator to 2025-10-29 00:00:00+00:00, run_after=2025-10-30 00:00:00+00:00
[2025-10-29T19:37:08.749-0700] {processor.py:183} INFO - Processing /opt/miniconda3/envs/airflow_env/lib/python3.11/site-packages/airflow/example_dags/example_branch_day_of_week_operator.py took 0.080 seconds
[2025-10-29T19:39:37.972-0700] {processor.py:161} INFO - Started process (PID=17742) to work on /opt/miniconda3/envs/airflow_env/lib/python3.11/site-packages/airflow/example_dags/example_branch_day_of_week_operator.py
[2025-10-29T19:39:37.973-0700] {processor.py:830} INFO - Processing file /opt/miniconda3/envs/airflow_env/lib/python3.11/site-packages/airflow/example_dags/example_branch_day_of_week_operator.py for tasks to queue
[2025-10-29T19:39:37.973-0700] {logging_mixin.py:188} INFO - [2025-10-29T19:39:37.973-0700] {dagbag.py:545} INFO - Filling up the DagBag from /opt/miniconda3/envs/airflow_env/lib/python3.11/site-packages/airflow/example_dags/example_branch_day_of_week_operator.py
[2025-10-29T19:39:37.979-0700] {processor.py:840} INFO - DAG(s) 'example_weekday_branch_operator' retrieved from /opt/miniconda3/envs/airflow_env/lib/python3.11/site-packages/airflow/example_dags/example_branch_day_of_week_operator.py
[2025-10-29T19:39:38.027-0700] {logging_mixin.py:188} INFO - [2025-10-29T19:39:38.027-0700] {dag.py:3089} INFO - Sync 1 DAGs
[2025-10-29T19:39:38.037-0700] {logging_mixin.py:188} INFO - [2025-10-29T19:39:38.037-0700] {dag.py:3947} INFO - Setting next_dagrun for example_weekday_branch_operator to 2025-10-29 00:00:00+00:00, run_after=2025-10-30 00:00:00+00:00
[2025-10-29T19:39:38.047-0700] {processor.py:183} INFO - Processing /opt/miniconda3/envs/airflow_env/lib/python3.11/site-packages/airflow/example_dags/example_branch_day_of_week_operator.py took 0.076 seconds
[2025-10-29T19:42:07.367-0700] {processor.py:161} INFO - Started process (PID=18450) to work on /opt/miniconda3/envs/airflow_env/lib/python3.11/site-packages/airflow/example_dags/example_branch_day_of_week_operator.py
[2025-10-29T19:42:07.368-0700] {processor.py:830} INFO - Processing file /opt/miniconda3/envs/airflow_env/lib/python3.11/site-packages/airflow/example_dags/example_branch_day_of_week_operator.py for tasks to queue
[2025-10-29T19:42:07.369-0700] {logging_mixin.py:188} INFO - [2025-10-29T19:42:07.369-0700] {dagbag.py:545} INFO - Filling up the DagBag from /opt/miniconda3/envs/airflow_env/lib/python3.11/site-packages/airflow/example_dags/example_branch_day_of_week_operator.py
[2025-10-29T19:42:07.375-0700] {processor.py:840} INFO - DAG(s) 'example_weekday_branch_operator' retrieved from /opt/miniconda3/envs/airflow_env/lib/python3.11/site-packages/airflow/example_dags/example_branch_day_of_week_operator.py
[2025-10-29T19:42:07.424-0700] {logging_mixin.py:188} INFO - [2025-10-29T19:42:07.424-0700] {dag.py:3089} INFO - Sync 1 DAGs
[2025-10-29T19:42:07.433-0700] {logging_mixin.py:188} INFO - [2025-10-29T19:42:07.433-0700] {dag.py:3947} INFO - Setting next_dagrun for example_weekday_branch_operator to 2025-10-29 00:00:00+00:00, run_after=2025-10-30 00:00:00+00:00
[2025-10-29T19:42:07.443-0700] {processor.py:183} INFO - Processing /opt/miniconda3/envs/airflow_env/lib/python3.11/site-packages/airflow/example_dags/example_branch_day_of_week_operator.py took 0.078 seconds
[2025-10-29T19:46:05.176-0700] {processor.py:161} INFO - Started process (PID=19660) to work on /opt/miniconda3/envs/airflow_env/lib/python3.11/site-packages/airflow/example_dags/example_branch_day_of_week_operator.py
[2025-10-29T19:46:05.176-0700] {processor.py:830} INFO - Processing file /opt/miniconda3/envs/airflow_env/lib/python3.11/site-packages/airflow/example_dags/example_branch_day_of_week_operator.py for tasks to queue
[2025-10-29T19:46:05.177-0700] {logging_mixin.py:188} INFO - [2025-10-29T19:46:05.177-0700] {dagbag.py:545} INFO - Filling up the DagBag from /opt/miniconda3/envs/airflow_env/lib/python3.11/site-packages/airflow/example_dags/example_branch_day_of_week_operator.py
[2025-10-29T19:46:05.183-0700] {processor.py:840} INFO - DAG(s) 'example_weekday_branch_operator' retrieved from /opt/miniconda3/envs/airflow_env/lib/python3.11/site-packages/airflow/example_dags/example_branch_day_of_week_operator.py
[2025-10-29T19:46:05.233-0700] {logging_mixin.py:188} INFO - [2025-10-29T19:46:05.233-0700] {dag.py:3089} INFO - Sync 1 DAGs
[2025-10-29T19:46:05.243-0700] {logging_mixin.py:188} INFO - [2025-10-29T19:46:05.242-0700] {dag.py:3947} INFO - Setting next_dagrun for example_weekday_branch_operator to 2025-10-29 00:00:00+00:00, run_after=2025-10-30 00:00:00+00:00
[2025-10-29T19:46:05.253-0700] {processor.py:183} INFO - Processing /opt/miniconda3/envs/airflow_env/lib/python3.11/site-packages/airflow/example_dags/example_branch_day_of_week_operator.py took 0.079 seconds
[2025-10-29T20:00:45.076-0700] {processor.py:161} INFO - Started process (PID=23219) to work on /opt/miniconda3/envs/airflow_env/lib/python3.11/site-packages/airflow/example_dags/example_branch_day_of_week_operator.py
[2025-10-29T20:00:45.078-0700] {processor.py:830} INFO - Processing file /opt/miniconda3/envs/airflow_env/lib/python3.11/site-packages/airflow/example_dags/example_branch_day_of_week_operator.py for tasks to queue
[2025-10-29T20:00:45.078-0700] {logging_mixin.py:188} INFO - [2025-10-29T20:00:45.078-0700] {dagbag.py:545} INFO - Filling up the DagBag from /opt/miniconda3/envs/airflow_env/lib/python3.11/site-packages/airflow/example_dags/example_branch_day_of_week_operator.py
[2025-10-29T20:00:45.084-0700] {processor.py:840} INFO - DAG(s) 'example_weekday_branch_operator' retrieved from /opt/miniconda3/envs/airflow_env/lib/python3.11/site-packages/airflow/example_dags/example_branch_day_of_week_operator.py
[2025-10-29T20:00:45.134-0700] {logging_mixin.py:188} INFO - [2025-10-29T20:00:45.134-0700] {dag.py:3089} INFO - Sync 1 DAGs
[2025-10-29T20:00:45.144-0700] {logging_mixin.py:188} INFO - [2025-10-29T20:00:45.144-0700] {dag.py:3947} INFO - Setting next_dagrun for example_weekday_branch_operator to 2025-10-29 00:00:00+00:00, run_after=2025-10-30 00:00:00+00:00
[2025-10-29T20:00:45.154-0700] {processor.py:183} INFO - Processing /opt/miniconda3/envs/airflow_env/lib/python3.11/site-packages/airflow/example_dags/example_branch_day_of_week_operator.py took 0.080 seconds
[2025-10-29T20:01:49.783-0700] {processor.py:161} INFO - Started process (PID=23594) to work on /opt/miniconda3/envs/airflow_env/lib/python3.11/site-packages/airflow/example_dags/example_branch_day_of_week_operator.py
[2025-10-29T20:01:49.783-0700] {processor.py:830} INFO - Processing file /opt/miniconda3/envs/airflow_env/lib/python3.11/site-packages/airflow/example_dags/example_branch_day_of_week_operator.py for tasks to queue
[2025-10-29T20:01:49.784-0700] {logging_mixin.py:188} INFO - [2025-10-29T20:01:49.784-0700] {dagbag.py:545} INFO - Filling up the DagBag from /opt/miniconda3/envs/airflow_env/lib/python3.11/site-packages/airflow/example_dags/example_branch_day_of_week_operator.py
[2025-10-29T20:01:49.790-0700] {processor.py:840} INFO - DAG(s) 'example_weekday_branch_operator' retrieved from /opt/miniconda3/envs/airflow_env/lib/python3.11/site-packages/airflow/example_dags/example_branch_day_of_week_operator.py
[2025-10-29T20:01:49.840-0700] {logging_mixin.py:188} INFO - [2025-10-29T20:01:49.840-0700] {dag.py:3089} INFO - Sync 1 DAGs
[2025-10-29T20:01:49.850-0700] {logging_mixin.py:188} INFO - [2025-10-29T20:01:49.850-0700] {dag.py:3947} INFO - Setting next_dagrun for example_weekday_branch_operator to 2025-10-29 00:00:00+00:00, run_after=2025-10-30 00:00:00+00:00
[2025-10-29T20:01:49.860-0700] {processor.py:183} INFO - Processing /opt/miniconda3/envs/airflow_env/lib/python3.11/site-packages/airflow/example_dags/example_branch_day_of_week_operator.py took 0.079 seconds
[2025-10-29T20:03:09.866-0700] {processor.py:161} INFO - Started process (PID=24046) to work on /opt/miniconda3/envs/airflow_env/lib/python3.11/site-packages/airflow/example_dags/example_branch_day_of_week_operator.py
[2025-10-29T20:03:09.866-0700] {processor.py:830} INFO - Processing file /opt/miniconda3/envs/airflow_env/lib/python3.11/site-packages/airflow/example_dags/example_branch_day_of_week_operator.py for tasks to queue
[2025-10-29T20:03:09.867-0700] {logging_mixin.py:188} INFO - [2025-10-29T20:03:09.867-0700] {dagbag.py:545} INFO - Filling up the DagBag from /opt/miniconda3/envs/airflow_env/lib/python3.11/site-packages/airflow/example_dags/example_branch_day_of_week_operator.py
[2025-10-29T20:03:09.873-0700] {processor.py:840} INFO - DAG(s) 'example_weekday_branch_operator' retrieved from /opt/miniconda3/envs/airflow_env/lib/python3.11/site-packages/airflow/example_dags/example_branch_day_of_week_operator.py
[2025-10-29T20:03:09.922-0700] {logging_mixin.py:188} INFO - [2025-10-29T20:03:09.922-0700] {dag.py:3089} INFO - Sync 1 DAGs
[2025-10-29T20:03:09.931-0700] {logging_mixin.py:188} INFO - [2025-10-29T20:03:09.931-0700] {dag.py:3947} INFO - Setting next_dagrun for example_weekday_branch_operator to 2025-10-29 00:00:00+00:00, run_after=2025-10-30 00:00:00+00:00
[2025-10-29T20:03:09.941-0700] {processor.py:183} INFO - Processing /opt/miniconda3/envs/airflow_env/lib/python3.11/site-packages/airflow/example_dags/example_branch_day_of_week_operator.py took 0.077 seconds
[2025-10-29T20:04:15.717-0700] {processor.py:161} INFO - Started process (PID=24421) to work on /opt/miniconda3/envs/airflow_env/lib/python3.11/site-packages/airflow/example_dags/example_branch_day_of_week_operator.py
[2025-10-29T20:04:15.717-0700] {processor.py:830} INFO - Processing file /opt/miniconda3/envs/airflow_env/lib/python3.11/site-packages/airflow/example_dags/example_branch_day_of_week_operator.py for tasks to queue
[2025-10-29T20:04:15.718-0700] {logging_mixin.py:188} INFO - [2025-10-29T20:04:15.718-0700] {dagbag.py:545} INFO - Filling up the DagBag from /opt/miniconda3/envs/airflow_env/lib/python3.11/site-packages/airflow/example_dags/example_branch_day_of_week_operator.py
[2025-10-29T20:04:15.723-0700] {processor.py:840} INFO - DAG(s) 'example_weekday_branch_operator' retrieved from /opt/miniconda3/envs/airflow_env/lib/python3.11/site-packages/airflow/example_dags/example_branch_day_of_week_operator.py
[2025-10-29T20:04:15.773-0700] {logging_mixin.py:188} INFO - [2025-10-29T20:04:15.772-0700] {dag.py:3089} INFO - Sync 1 DAGs
[2025-10-29T20:04:15.782-0700] {logging_mixin.py:188} INFO - [2025-10-29T20:04:15.782-0700] {dag.py:3947} INFO - Setting next_dagrun for example_weekday_branch_operator to 2025-10-29 00:00:00+00:00, run_after=2025-10-30 00:00:00+00:00
[2025-10-29T20:04:15.792-0700] {processor.py:183} INFO - Processing /opt/miniconda3/envs/airflow_env/lib/python3.11/site-packages/airflow/example_dags/example_branch_day_of_week_operator.py took 0.077 seconds
[2025-10-29T20:05:31.972-0700] {processor.py:161} INFO - Started process (PID=24868) to work on /opt/miniconda3/envs/airflow_env/lib/python3.11/site-packages/airflow/example_dags/example_branch_day_of_week_operator.py
[2025-10-29T20:05:31.974-0700] {processor.py:830} INFO - Processing file /opt/miniconda3/envs/airflow_env/lib/python3.11/site-packages/airflow/example_dags/example_branch_day_of_week_operator.py for tasks to queue
[2025-10-29T20:05:31.974-0700] {logging_mixin.py:188} INFO - [2025-10-29T20:05:31.974-0700] {dagbag.py:545} INFO - Filling up the DagBag from /opt/miniconda3/envs/airflow_env/lib/python3.11/site-packages/airflow/example_dags/example_branch_day_of_week_operator.py
[2025-10-29T20:05:31.980-0700] {processor.py:840} INFO - DAG(s) 'example_weekday_branch_operator' retrieved from /opt/miniconda3/envs/airflow_env/lib/python3.11/site-packages/airflow/example_dags/example_branch_day_of_week_operator.py
[2025-10-29T20:05:32.030-0700] {logging_mixin.py:188} INFO - [2025-10-29T20:05:32.030-0700] {dag.py:3089} INFO - Sync 1 DAGs
[2025-10-29T20:05:32.040-0700] {logging_mixin.py:188} INFO - [2025-10-29T20:05:32.039-0700] {dag.py:3947} INFO - Setting next_dagrun for example_weekday_branch_operator to 2025-10-29 00:00:00+00:00, run_after=2025-10-30 00:00:00+00:00
[2025-10-29T20:05:32.049-0700] {processor.py:183} INFO - Processing /opt/miniconda3/envs/airflow_env/lib/python3.11/site-packages/airflow/example_dags/example_branch_day_of_week_operator.py took 0.079 seconds
[2025-10-29T20:06:44.024-0700] {processor.py:161} INFO - Started process (PID=25274) to work on /opt/miniconda3/envs/airflow_env/lib/python3.11/site-packages/airflow/example_dags/example_branch_day_of_week_operator.py
[2025-10-29T20:06:44.025-0700] {processor.py:830} INFO - Processing file /opt/miniconda3/envs/airflow_env/lib/python3.11/site-packages/airflow/example_dags/example_branch_day_of_week_operator.py for tasks to queue
[2025-10-29T20:06:44.026-0700] {logging_mixin.py:188} INFO - [2025-10-29T20:06:44.026-0700] {dagbag.py:545} INFO - Filling up the DagBag from /opt/miniconda3/envs/airflow_env/lib/python3.11/site-packages/airflow/example_dags/example_branch_day_of_week_operator.py
[2025-10-29T20:06:44.032-0700] {processor.py:840} INFO - DAG(s) 'example_weekday_branch_operator' retrieved from /opt/miniconda3/envs/airflow_env/lib/python3.11/site-packages/airflow/example_dags/example_branch_day_of_week_operator.py
[2025-10-29T20:06:44.083-0700] {logging_mixin.py:188} INFO - [2025-10-29T20:06:44.082-0700] {dag.py:3089} INFO - Sync 1 DAGs
[2025-10-29T20:06:44.092-0700] {logging_mixin.py:188} INFO - [2025-10-29T20:06:44.092-0700] {dag.py:3947} INFO - Setting next_dagrun for example_weekday_branch_operator to 2025-10-29 00:00:00+00:00, run_after=2025-10-30 00:00:00+00:00
[2025-10-29T20:06:44.103-0700] {processor.py:183} INFO - Processing /opt/miniconda3/envs/airflow_env/lib/python3.11/site-packages/airflow/example_dags/example_branch_day_of_week_operator.py took 0.081 seconds
[2025-10-29T20:07:59.829-0700] {processor.py:161} INFO - Started process (PID=25708) to work on /opt/miniconda3/envs/airflow_env/lib/python3.11/site-packages/airflow/example_dags/example_branch_day_of_week_operator.py
[2025-10-29T20:07:59.830-0700] {processor.py:830} INFO - Processing file /opt/miniconda3/envs/airflow_env/lib/python3.11/site-packages/airflow/example_dags/example_branch_day_of_week_operator.py for tasks to queue
[2025-10-29T20:07:59.830-0700] {logging_mixin.py:188} INFO - [2025-10-29T20:07:59.830-0700] {dagbag.py:545} INFO - Filling up the DagBag from /opt/miniconda3/envs/airflow_env/lib/python3.11/site-packages/airflow/example_dags/example_branch_day_of_week_operator.py
[2025-10-29T20:07:59.837-0700] {processor.py:840} INFO - DAG(s) 'example_weekday_branch_operator' retrieved from /opt/miniconda3/envs/airflow_env/lib/python3.11/site-packages/airflow/example_dags/example_branch_day_of_week_operator.py
[2025-10-29T20:07:59.887-0700] {logging_mixin.py:188} INFO - [2025-10-29T20:07:59.887-0700] {dag.py:3089} INFO - Sync 1 DAGs
[2025-10-29T20:07:59.896-0700] {logging_mixin.py:188} INFO - [2025-10-29T20:07:59.896-0700] {dag.py:3947} INFO - Setting next_dagrun for example_weekday_branch_operator to 2025-10-29 00:00:00+00:00, run_after=2025-10-30 00:00:00+00:00
[2025-10-29T20:07:59.906-0700] {processor.py:183} INFO - Processing /opt/miniconda3/envs/airflow_env/lib/python3.11/site-packages/airflow/example_dags/example_branch_day_of_week_operator.py took 0.078 seconds
[2025-10-29T20:09:09.016-0700] {processor.py:161} INFO - Started process (PID=26063) to work on /opt/miniconda3/envs/airflow_env/lib/python3.11/site-packages/airflow/example_dags/example_branch_day_of_week_operator.py
[2025-10-29T20:09:09.017-0700] {processor.py:830} INFO - Processing file /opt/miniconda3/envs/airflow_env/lib/python3.11/site-packages/airflow/example_dags/example_branch_day_of_week_operator.py for tasks to queue
[2025-10-29T20:09:09.017-0700] {logging_mixin.py:188} INFO - [2025-10-29T20:09:09.017-0700] {dagbag.py:545} INFO - Filling up the DagBag from /opt/miniconda3/envs/airflow_env/lib/python3.11/site-packages/airflow/example_dags/example_branch_day_of_week_operator.py
[2025-10-29T20:09:09.024-0700] {processor.py:840} INFO - DAG(s) 'example_weekday_branch_operator' retrieved from /opt/miniconda3/envs/airflow_env/lib/python3.11/site-packages/airflow/example_dags/example_branch_day_of_week_operator.py
[2025-10-29T20:09:09.074-0700] {logging_mixin.py:188} INFO - [2025-10-29T20:09:09.074-0700] {dag.py:3089} INFO - Sync 1 DAGs
[2025-10-29T20:09:09.084-0700] {logging_mixin.py:188} INFO - [2025-10-29T20:09:09.084-0700] {dag.py:3947} INFO - Setting next_dagrun for example_weekday_branch_operator to 2025-10-29 00:00:00+00:00, run_after=2025-10-30 00:00:00+00:00
[2025-10-29T20:09:09.094-0700] {processor.py:183} INFO - Processing /opt/miniconda3/envs/airflow_env/lib/python3.11/site-packages/airflow/example_dags/example_branch_day_of_week_operator.py took 0.080 seconds
[2025-10-29T20:10:29.636-0700] {processor.py:161} INFO - Started process (PID=26280) to work on /opt/miniconda3/envs/airflow_env/lib/python3.11/site-packages/airflow/example_dags/example_branch_day_of_week_operator.py
[2025-10-29T20:10:29.637-0700] {processor.py:830} INFO - Processing file /opt/miniconda3/envs/airflow_env/lib/python3.11/site-packages/airflow/example_dags/example_branch_day_of_week_operator.py for tasks to queue
[2025-10-29T20:10:29.637-0700] {logging_mixin.py:188} INFO - [2025-10-29T20:10:29.637-0700] {dagbag.py:545} INFO - Filling up the DagBag from /opt/miniconda3/envs/airflow_env/lib/python3.11/site-packages/airflow/example_dags/example_branch_day_of_week_operator.py
[2025-10-29T20:10:29.643-0700] {processor.py:840} INFO - DAG(s) 'example_weekday_branch_operator' retrieved from /opt/miniconda3/envs/airflow_env/lib/python3.11/site-packages/airflow/example_dags/example_branch_day_of_week_operator.py
[2025-10-29T20:10:29.693-0700] {logging_mixin.py:188} INFO - [2025-10-29T20:10:29.693-0700] {dag.py:3089} INFO - Sync 1 DAGs
[2025-10-29T20:10:29.703-0700] {logging_mixin.py:188} INFO - [2025-10-29T20:10:29.702-0700] {dag.py:3947} INFO - Setting next_dagrun for example_weekday_branch_operator to 2025-10-29 00:00:00+00:00, run_after=2025-10-30 00:00:00+00:00
[2025-10-29T20:10:29.712-0700] {processor.py:183} INFO - Processing /opt/miniconda3/envs/airflow_env/lib/python3.11/site-packages/airflow/example_dags/example_branch_day_of_week_operator.py took 0.078 seconds
[2025-10-29T20:11:39.233-0700] {processor.py:161} INFO - Started process (PID=26514) to work on /opt/miniconda3/envs/airflow_env/lib/python3.11/site-packages/airflow/example_dags/example_branch_day_of_week_operator.py
[2025-10-29T20:11:39.235-0700] {processor.py:830} INFO - Processing file /opt/miniconda3/envs/airflow_env/lib/python3.11/site-packages/airflow/example_dags/example_branch_day_of_week_operator.py for tasks to queue
[2025-10-29T20:11:39.236-0700] {logging_mixin.py:188} INFO - [2025-10-29T20:11:39.236-0700] {dagbag.py:545} INFO - Filling up the DagBag from /opt/miniconda3/envs/airflow_env/lib/python3.11/site-packages/airflow/example_dags/example_branch_day_of_week_operator.py
[2025-10-29T20:11:39.247-0700] {processor.py:840} INFO - DAG(s) 'example_weekday_branch_operator' retrieved from /opt/miniconda3/envs/airflow_env/lib/python3.11/site-packages/airflow/example_dags/example_branch_day_of_week_operator.py
[2025-10-29T20:11:39.332-0700] {logging_mixin.py:188} INFO - [2025-10-29T20:11:39.332-0700] {dag.py:3089} INFO - Sync 1 DAGs
[2025-10-29T20:11:39.348-0700] {logging_mixin.py:188} INFO - [2025-10-29T20:11:39.348-0700] {dag.py:3947} INFO - Setting next_dagrun for example_weekday_branch_operator to 2025-10-29 00:00:00+00:00, run_after=2025-10-30 00:00:00+00:00
[2025-10-29T20:11:39.363-0700] {processor.py:183} INFO - Processing /opt/miniconda3/envs/airflow_env/lib/python3.11/site-packages/airflow/example_dags/example_branch_day_of_week_operator.py took 0.133 seconds
[2025-10-29T20:13:07.011-0700] {processor.py:161} INFO - Started process (PID=26816) to work on /opt/miniconda3/envs/airflow_env/lib/python3.11/site-packages/airflow/example_dags/example_branch_day_of_week_operator.py
[2025-10-29T20:13:07.011-0700] {processor.py:830} INFO - Processing file /opt/miniconda3/envs/airflow_env/lib/python3.11/site-packages/airflow/example_dags/example_branch_day_of_week_operator.py for tasks to queue
[2025-10-29T20:13:07.012-0700] {logging_mixin.py:188} INFO - [2025-10-29T20:13:07.012-0700] {dagbag.py:545} INFO - Filling up the DagBag from /opt/miniconda3/envs/airflow_env/lib/python3.11/site-packages/airflow/example_dags/example_branch_day_of_week_operator.py
[2025-10-29T20:13:07.018-0700] {processor.py:840} INFO - DAG(s) 'example_weekday_branch_operator' retrieved from /opt/miniconda3/envs/airflow_env/lib/python3.11/site-packages/airflow/example_dags/example_branch_day_of_week_operator.py
[2025-10-29T20:13:07.067-0700] {logging_mixin.py:188} INFO - [2025-10-29T20:13:07.067-0700] {dag.py:3089} INFO - Sync 1 DAGs
[2025-10-29T20:13:07.077-0700] {logging_mixin.py:188} INFO - [2025-10-29T20:13:07.077-0700] {dag.py:3947} INFO - Setting next_dagrun for example_weekday_branch_operator to 2025-10-29 00:00:00+00:00, run_after=2025-10-30 00:00:00+00:00
[2025-10-29T20:13:07.087-0700] {processor.py:183} INFO - Processing /opt/miniconda3/envs/airflow_env/lib/python3.11/site-packages/airflow/example_dags/example_branch_day_of_week_operator.py took 0.079 seconds
[2025-10-29T20:13:13.481-0700] {processor.py:161} INFO - Started process (PID=26838) to work on /opt/miniconda3/envs/airflow_env/lib/python3.11/site-packages/airflow/example_dags/example_branch_day_of_week_operator.py
[2025-10-29T20:13:13.482-0700] {processor.py:830} INFO - Processing file /opt/miniconda3/envs/airflow_env/lib/python3.11/site-packages/airflow/example_dags/example_branch_day_of_week_operator.py for tasks to queue
[2025-10-29T20:13:13.483-0700] {logging_mixin.py:188} INFO - [2025-10-29T20:13:13.482-0700] {dagbag.py:545} INFO - Filling up the DagBag from /opt/miniconda3/envs/airflow_env/lib/python3.11/site-packages/airflow/example_dags/example_branch_day_of_week_operator.py
[2025-10-29T20:13:13.489-0700] {processor.py:840} INFO - DAG(s) 'example_weekday_branch_operator' retrieved from /opt/miniconda3/envs/airflow_env/lib/python3.11/site-packages/airflow/example_dags/example_branch_day_of_week_operator.py
[2025-10-29T20:13:13.546-0700] {logging_mixin.py:188} INFO - [2025-10-29T20:13:13.546-0700] {dag.py:3089} INFO - Sync 1 DAGs
[2025-10-29T20:13:13.557-0700] {logging_mixin.py:188} INFO - [2025-10-29T20:13:13.557-0700] {dag.py:3947} INFO - Setting next_dagrun for example_weekday_branch_operator to 2025-10-29 00:00:00+00:00, run_after=2025-10-30 00:00:00+00:00
[2025-10-29T20:13:13.568-0700] {processor.py:183} INFO - Processing /opt/miniconda3/envs/airflow_env/lib/python3.11/site-packages/airflow/example_dags/example_branch_day_of_week_operator.py took 0.089 seconds
[2025-10-29T20:14:25.105-0700] {processor.py:161} INFO - Started process (PID=27087) to work on /opt/miniconda3/envs/airflow_env/lib/python3.11/site-packages/airflow/example_dags/example_branch_day_of_week_operator.py
[2025-10-29T20:14:25.106-0700] {processor.py:830} INFO - Processing file /opt/miniconda3/envs/airflow_env/lib/python3.11/site-packages/airflow/example_dags/example_branch_day_of_week_operator.py for tasks to queue
[2025-10-29T20:14:25.106-0700] {logging_mixin.py:188} INFO - [2025-10-29T20:14:25.106-0700] {dagbag.py:545} INFO - Filling up the DagBag from /opt/miniconda3/envs/airflow_env/lib/python3.11/site-packages/airflow/example_dags/example_branch_day_of_week_operator.py
[2025-10-29T20:14:25.112-0700] {processor.py:840} INFO - DAG(s) 'example_weekday_branch_operator' retrieved from /opt/miniconda3/envs/airflow_env/lib/python3.11/site-packages/airflow/example_dags/example_branch_day_of_week_operator.py
[2025-10-29T20:14:25.169-0700] {logging_mixin.py:188} INFO - [2025-10-29T20:14:25.169-0700] {dag.py:3089} INFO - Sync 1 DAGs
[2025-10-29T20:14:25.180-0700] {logging_mixin.py:188} INFO - [2025-10-29T20:14:25.180-0700] {dag.py:3947} INFO - Setting next_dagrun for example_weekday_branch_operator to 2025-10-29 00:00:00+00:00, run_after=2025-10-30 00:00:00+00:00
[2025-10-29T20:14:25.191-0700] {processor.py:183} INFO - Processing /opt/miniconda3/envs/airflow_env/lib/python3.11/site-packages/airflow/example_dags/example_branch_day_of_week_operator.py took 0.088 seconds
[2025-10-29T20:15:57.159-0700] {processor.py:161} INFO - Started process (PID=27397) to work on /opt/miniconda3/envs/airflow_env/lib/python3.11/site-packages/airflow/example_dags/example_branch_day_of_week_operator.py
[2025-10-29T20:15:57.160-0700] {processor.py:830} INFO - Processing file /opt/miniconda3/envs/airflow_env/lib/python3.11/site-packages/airflow/example_dags/example_branch_day_of_week_operator.py for tasks to queue
[2025-10-29T20:15:57.160-0700] {logging_mixin.py:188} INFO - [2025-10-29T20:15:57.160-0700] {dagbag.py:545} INFO - Filling up the DagBag from /opt/miniconda3/envs/airflow_env/lib/python3.11/site-packages/airflow/example_dags/example_branch_day_of_week_operator.py
[2025-10-29T20:15:57.167-0700] {processor.py:840} INFO - DAG(s) 'example_weekday_branch_operator' retrieved from /opt/miniconda3/envs/airflow_env/lib/python3.11/site-packages/airflow/example_dags/example_branch_day_of_week_operator.py
[2025-10-29T20:15:57.220-0700] {logging_mixin.py:188} INFO - [2025-10-29T20:15:57.220-0700] {dag.py:3089} INFO - Sync 1 DAGs
[2025-10-29T20:15:57.229-0700] {logging_mixin.py:188} INFO - [2025-10-29T20:15:57.229-0700] {dag.py:3947} INFO - Setting next_dagrun for example_weekday_branch_operator to 2025-10-29 00:00:00+00:00, run_after=2025-10-30 00:00:00+00:00
[2025-10-29T20:15:57.239-0700] {processor.py:183} INFO - Processing /opt/miniconda3/envs/airflow_env/lib/python3.11/site-packages/airflow/example_dags/example_branch_day_of_week_operator.py took 0.082 seconds
[2025-10-29T20:16:00.059-0700] {processor.py:161} INFO - Started process (PID=27409) to work on /opt/miniconda3/envs/airflow_env/lib/python3.11/site-packages/airflow/example_dags/example_branch_day_of_week_operator.py
[2025-10-29T20:16:00.060-0700] {processor.py:830} INFO - Processing file /opt/miniconda3/envs/airflow_env/lib/python3.11/site-packages/airflow/example_dags/example_branch_day_of_week_operator.py for tasks to queue
[2025-10-29T20:16:00.060-0700] {logging_mixin.py:188} INFO - [2025-10-29T20:16:00.060-0700] {dagbag.py:545} INFO - Filling up the DagBag from /opt/miniconda3/envs/airflow_env/lib/python3.11/site-packages/airflow/example_dags/example_branch_day_of_week_operator.py
[2025-10-29T20:16:00.066-0700] {processor.py:840} INFO - DAG(s) 'example_weekday_branch_operator' retrieved from /opt/miniconda3/envs/airflow_env/lib/python3.11/site-packages/airflow/example_dags/example_branch_day_of_week_operator.py
[2025-10-29T20:16:00.121-0700] {logging_mixin.py:188} INFO - [2025-10-29T20:16:00.121-0700] {dag.py:3089} INFO - Sync 1 DAGs
[2025-10-29T20:16:00.130-0700] {logging_mixin.py:188} INFO - [2025-10-29T20:16:00.130-0700] {dag.py:3947} INFO - Setting next_dagrun for example_weekday_branch_operator to 2025-10-29 00:00:00+00:00, run_after=2025-10-30 00:00:00+00:00
[2025-10-29T20:16:00.140-0700] {processor.py:183} INFO - Processing /opt/miniconda3/envs/airflow_env/lib/python3.11/site-packages/airflow/example_dags/example_branch_day_of_week_operator.py took 0.083 seconds
[2025-10-29T20:17:23.667-0700] {processor.py:161} INFO - Started process (PID=27690) to work on /opt/miniconda3/envs/airflow_env/lib/python3.11/site-packages/airflow/example_dags/example_branch_day_of_week_operator.py
[2025-10-29T20:17:23.668-0700] {processor.py:830} INFO - Processing file /opt/miniconda3/envs/airflow_env/lib/python3.11/site-packages/airflow/example_dags/example_branch_day_of_week_operator.py for tasks to queue
[2025-10-29T20:17:23.669-0700] {logging_mixin.py:188} INFO - [2025-10-29T20:17:23.669-0700] {dagbag.py:545} INFO - Filling up the DagBag from /opt/miniconda3/envs/airflow_env/lib/python3.11/site-packages/airflow/example_dags/example_branch_day_of_week_operator.py
[2025-10-29T20:17:23.675-0700] {processor.py:840} INFO - DAG(s) 'example_weekday_branch_operator' retrieved from /opt/miniconda3/envs/airflow_env/lib/python3.11/site-packages/airflow/example_dags/example_branch_day_of_week_operator.py
[2025-10-29T20:17:23.731-0700] {logging_mixin.py:188} INFO - [2025-10-29T20:17:23.730-0700] {dag.py:3089} INFO - Sync 1 DAGs
[2025-10-29T20:17:23.742-0700] {logging_mixin.py:188} INFO - [2025-10-29T20:17:23.742-0700] {dag.py:3947} INFO - Setting next_dagrun for example_weekday_branch_operator to 2025-10-29 00:00:00+00:00, run_after=2025-10-30 00:00:00+00:00
[2025-10-29T20:17:23.753-0700] {processor.py:183} INFO - Processing /opt/miniconda3/envs/airflow_env/lib/python3.11/site-packages/airflow/example_dags/example_branch_day_of_week_operator.py took 0.088 seconds
[2025-10-29T20:18:58.359-0700] {processor.py:161} INFO - Started process (PID=27993) to work on /opt/miniconda3/envs/airflow_env/lib/python3.11/site-packages/airflow/example_dags/example_branch_day_of_week_operator.py
[2025-10-29T20:18:58.359-0700] {processor.py:830} INFO - Processing file /opt/miniconda3/envs/airflow_env/lib/python3.11/site-packages/airflow/example_dags/example_branch_day_of_week_operator.py for tasks to queue
[2025-10-29T20:18:58.360-0700] {logging_mixin.py:188} INFO - [2025-10-29T20:18:58.360-0700] {dagbag.py:545} INFO - Filling up the DagBag from /opt/miniconda3/envs/airflow_env/lib/python3.11/site-packages/airflow/example_dags/example_branch_day_of_week_operator.py
[2025-10-29T20:18:58.366-0700] {processor.py:840} INFO - DAG(s) 'example_weekday_branch_operator' retrieved from /opt/miniconda3/envs/airflow_env/lib/python3.11/site-packages/airflow/example_dags/example_branch_day_of_week_operator.py
[2025-10-29T20:18:58.417-0700] {logging_mixin.py:188} INFO - [2025-10-29T20:18:58.416-0700] {dag.py:3089} INFO - Sync 1 DAGs
[2025-10-29T20:18:58.426-0700] {logging_mixin.py:188} INFO - [2025-10-29T20:18:58.426-0700] {dag.py:3947} INFO - Setting next_dagrun for example_weekday_branch_operator to 2025-10-29 00:00:00+00:00, run_after=2025-10-30 00:00:00+00:00
[2025-10-29T20:18:58.436-0700] {processor.py:183} INFO - Processing /opt/miniconda3/envs/airflow_env/lib/python3.11/site-packages/airflow/example_dags/example_branch_day_of_week_operator.py took 0.079 seconds
[2025-10-29T20:19:01.646-0700] {processor.py:161} INFO - Started process (PID=28005) to work on /opt/miniconda3/envs/airflow_env/lib/python3.11/site-packages/airflow/example_dags/example_branch_day_of_week_operator.py
[2025-10-29T20:19:01.647-0700] {processor.py:830} INFO - Processing file /opt/miniconda3/envs/airflow_env/lib/python3.11/site-packages/airflow/example_dags/example_branch_day_of_week_operator.py for tasks to queue
[2025-10-29T20:19:01.647-0700] {logging_mixin.py:188} INFO - [2025-10-29T20:19:01.647-0700] {dagbag.py:545} INFO - Filling up the DagBag from /opt/miniconda3/envs/airflow_env/lib/python3.11/site-packages/airflow/example_dags/example_branch_day_of_week_operator.py
[2025-10-29T20:19:01.655-0700] {processor.py:840} INFO - DAG(s) 'example_weekday_branch_operator' retrieved from /opt/miniconda3/envs/airflow_env/lib/python3.11/site-packages/airflow/example_dags/example_branch_day_of_week_operator.py
[2025-10-29T20:19:01.743-0700] {logging_mixin.py:188} INFO - [2025-10-29T20:19:01.743-0700] {dag.py:3089} INFO - Sync 1 DAGs
[2025-10-29T20:19:01.757-0700] {logging_mixin.py:188} INFO - [2025-10-29T20:19:01.757-0700] {dag.py:3947} INFO - Setting next_dagrun for example_weekday_branch_operator to 2025-10-29 00:00:00+00:00, run_after=2025-10-30 00:00:00+00:00
[2025-10-29T20:19:01.772-0700] {processor.py:183} INFO - Processing /opt/miniconda3/envs/airflow_env/lib/python3.11/site-packages/airflow/example_dags/example_branch_day_of_week_operator.py took 0.130 seconds
[2025-10-29T20:20:21.990-0700] {processor.py:161} INFO - Started process (PID=28259) to work on /opt/miniconda3/envs/airflow_env/lib/python3.11/site-packages/airflow/example_dags/example_branch_day_of_week_operator.py
[2025-10-29T20:20:21.990-0700] {processor.py:830} INFO - Processing file /opt/miniconda3/envs/airflow_env/lib/python3.11/site-packages/airflow/example_dags/example_branch_day_of_week_operator.py for tasks to queue
[2025-10-29T20:20:21.991-0700] {logging_mixin.py:188} INFO - [2025-10-29T20:20:21.991-0700] {dagbag.py:545} INFO - Filling up the DagBag from /opt/miniconda3/envs/airflow_env/lib/python3.11/site-packages/airflow/example_dags/example_branch_day_of_week_operator.py
[2025-10-29T20:20:21.997-0700] {processor.py:840} INFO - DAG(s) 'example_weekday_branch_operator' retrieved from /opt/miniconda3/envs/airflow_env/lib/python3.11/site-packages/airflow/example_dags/example_branch_day_of_week_operator.py
[2025-10-29T20:20:22.054-0700] {logging_mixin.py:188} INFO - [2025-10-29T20:20:22.054-0700] {dag.py:3089} INFO - Sync 1 DAGs
[2025-10-29T20:20:22.065-0700] {logging_mixin.py:188} INFO - [2025-10-29T20:20:22.065-0700] {dag.py:3947} INFO - Setting next_dagrun for example_weekday_branch_operator to 2025-10-29 00:00:00+00:00, run_after=2025-10-30 00:00:00+00:00
[2025-10-29T20:20:22.076-0700] {processor.py:183} INFO - Processing /opt/miniconda3/envs/airflow_env/lib/python3.11/site-packages/airflow/example_dags/example_branch_day_of_week_operator.py took 0.089 seconds
[2025-10-29T20:22:07.631-0700] {processor.py:161} INFO - Started process (PID=28625) to work on /opt/miniconda3/envs/airflow_env/lib/python3.11/site-packages/airflow/example_dags/example_branch_day_of_week_operator.py
[2025-10-29T20:22:07.632-0700] {processor.py:830} INFO - Processing file /opt/miniconda3/envs/airflow_env/lib/python3.11/site-packages/airflow/example_dags/example_branch_day_of_week_operator.py for tasks to queue
[2025-10-29T20:22:07.632-0700] {logging_mixin.py:188} INFO - [2025-10-29T20:22:07.632-0700] {dagbag.py:545} INFO - Filling up the DagBag from /opt/miniconda3/envs/airflow_env/lib/python3.11/site-packages/airflow/example_dags/example_branch_day_of_week_operator.py
[2025-10-29T20:22:07.639-0700] {processor.py:840} INFO - DAG(s) 'example_weekday_branch_operator' retrieved from /opt/miniconda3/envs/airflow_env/lib/python3.11/site-packages/airflow/example_dags/example_branch_day_of_week_operator.py
[2025-10-29T20:22:07.703-0700] {logging_mixin.py:188} INFO - [2025-10-29T20:22:07.703-0700] {dag.py:3089} INFO - Sync 1 DAGs
[2025-10-29T20:22:07.720-0700] {logging_mixin.py:188} INFO - [2025-10-29T20:22:07.720-0700] {dag.py:3947} INFO - Setting next_dagrun for example_weekday_branch_operator to 2025-10-29 00:00:00+00:00, run_after=2025-10-30 00:00:00+00:00
[2025-10-29T20:22:07.738-0700] {processor.py:183} INFO - Processing /opt/miniconda3/envs/airflow_env/lib/python3.11/site-packages/airflow/example_dags/example_branch_day_of_week_operator.py took 0.110 seconds
[2025-10-29T20:22:15.324-0700] {processor.py:161} INFO - Started process (PID=28650) to work on /opt/miniconda3/envs/airflow_env/lib/python3.11/site-packages/airflow/example_dags/example_branch_day_of_week_operator.py
[2025-10-29T20:22:15.325-0700] {processor.py:830} INFO - Processing file /opt/miniconda3/envs/airflow_env/lib/python3.11/site-packages/airflow/example_dags/example_branch_day_of_week_operator.py for tasks to queue
[2025-10-29T20:22:15.326-0700] {logging_mixin.py:188} INFO - [2025-10-29T20:22:15.325-0700] {dagbag.py:545} INFO - Filling up the DagBag from /opt/miniconda3/envs/airflow_env/lib/python3.11/site-packages/airflow/example_dags/example_branch_day_of_week_operator.py
[2025-10-29T20:22:15.335-0700] {processor.py:840} INFO - DAG(s) 'example_weekday_branch_operator' retrieved from /opt/miniconda3/envs/airflow_env/lib/python3.11/site-packages/airflow/example_dags/example_branch_day_of_week_operator.py
[2025-10-29T20:22:15.412-0700] {logging_mixin.py:188} INFO - [2025-10-29T20:22:15.412-0700] {dag.py:3089} INFO - Sync 1 DAGs
[2025-10-29T20:22:15.425-0700] {logging_mixin.py:188} INFO - [2025-10-29T20:22:15.425-0700] {dag.py:3947} INFO - Setting next_dagrun for example_weekday_branch_operator to 2025-10-29 00:00:00+00:00, run_after=2025-10-30 00:00:00+00:00
[2025-10-29T20:22:15.438-0700] {processor.py:183} INFO - Processing /opt/miniconda3/envs/airflow_env/lib/python3.11/site-packages/airflow/example_dags/example_branch_day_of_week_operator.py took 0.117 seconds
[2025-10-29T20:23:36.901-0700] {processor.py:161} INFO - Started process (PID=28940) to work on /opt/miniconda3/envs/airflow_env/lib/python3.11/site-packages/airflow/example_dags/example_branch_day_of_week_operator.py
[2025-10-29T20:23:36.903-0700] {processor.py:830} INFO - Processing file /opt/miniconda3/envs/airflow_env/lib/python3.11/site-packages/airflow/example_dags/example_branch_day_of_week_operator.py for tasks to queue
[2025-10-29T20:23:36.904-0700] {logging_mixin.py:188} INFO - [2025-10-29T20:23:36.903-0700] {dagbag.py:545} INFO - Filling up the DagBag from /opt/miniconda3/envs/airflow_env/lib/python3.11/site-packages/airflow/example_dags/example_branch_day_of_week_operator.py
[2025-10-29T20:23:36.914-0700] {processor.py:840} INFO - DAG(s) 'example_weekday_branch_operator' retrieved from /opt/miniconda3/envs/airflow_env/lib/python3.11/site-packages/airflow/example_dags/example_branch_day_of_week_operator.py
[2025-10-29T20:23:36.991-0700] {logging_mixin.py:188} INFO - [2025-10-29T20:23:36.991-0700] {dag.py:3089} INFO - Sync 1 DAGs
[2025-10-29T20:23:37.004-0700] {logging_mixin.py:188} INFO - [2025-10-29T20:23:37.004-0700] {dag.py:3947} INFO - Setting next_dagrun for example_weekday_branch_operator to 2025-10-29 00:00:00+00:00, run_after=2025-10-30 00:00:00+00:00
[2025-10-29T20:23:37.017-0700] {processor.py:183} INFO - Processing /opt/miniconda3/envs/airflow_env/lib/python3.11/site-packages/airflow/example_dags/example_branch_day_of_week_operator.py took 0.119 seconds
[2025-10-29T20:25:25.252-0700] {processor.py:161} INFO - Started process (PID=29296) to work on /opt/miniconda3/envs/airflow_env/lib/python3.11/site-packages/airflow/example_dags/example_branch_day_of_week_operator.py
[2025-10-29T20:25:25.253-0700] {processor.py:830} INFO - Processing file /opt/miniconda3/envs/airflow_env/lib/python3.11/site-packages/airflow/example_dags/example_branch_day_of_week_operator.py for tasks to queue
[2025-10-29T20:25:25.253-0700] {logging_mixin.py:188} INFO - [2025-10-29T20:25:25.253-0700] {dagbag.py:545} INFO - Filling up the DagBag from /opt/miniconda3/envs/airflow_env/lib/python3.11/site-packages/airflow/example_dags/example_branch_day_of_week_operator.py
[2025-10-29T20:25:25.261-0700] {processor.py:840} INFO - DAG(s) 'example_weekday_branch_operator' retrieved from /opt/miniconda3/envs/airflow_env/lib/python3.11/site-packages/airflow/example_dags/example_branch_day_of_week_operator.py
[2025-10-29T20:25:25.327-0700] {logging_mixin.py:188} INFO - [2025-10-29T20:25:25.327-0700] {dag.py:3089} INFO - Sync 1 DAGs
[2025-10-29T20:25:25.340-0700] {logging_mixin.py:188} INFO - [2025-10-29T20:25:25.339-0700] {dag.py:3947} INFO - Setting next_dagrun for example_weekday_branch_operator to 2025-10-29 00:00:00+00:00, run_after=2025-10-30 00:00:00+00:00
[2025-10-29T20:25:25.352-0700] {processor.py:183} INFO - Processing /opt/miniconda3/envs/airflow_env/lib/python3.11/site-packages/airflow/example_dags/example_branch_day_of_week_operator.py took 0.103 seconds
[2025-10-29T20:25:26.467-0700] {processor.py:161} INFO - Started process (PID=29303) to work on /opt/miniconda3/envs/airflow_env/lib/python3.11/site-packages/airflow/example_dags/example_branch_day_of_week_operator.py
[2025-10-29T20:25:26.468-0700] {processor.py:830} INFO - Processing file /opt/miniconda3/envs/airflow_env/lib/python3.11/site-packages/airflow/example_dags/example_branch_day_of_week_operator.py for tasks to queue
[2025-10-29T20:25:26.468-0700] {logging_mixin.py:188} INFO - [2025-10-29T20:25:26.468-0700] {dagbag.py:545} INFO - Filling up the DagBag from /opt/miniconda3/envs/airflow_env/lib/python3.11/site-packages/airflow/example_dags/example_branch_day_of_week_operator.py
[2025-10-29T20:25:26.474-0700] {processor.py:840} INFO - DAG(s) 'example_weekday_branch_operator' retrieved from /opt/miniconda3/envs/airflow_env/lib/python3.11/site-packages/airflow/example_dags/example_branch_day_of_week_operator.py
[2025-10-29T20:25:26.524-0700] {logging_mixin.py:188} INFO - [2025-10-29T20:25:26.523-0700] {dag.py:3089} INFO - Sync 1 DAGs
[2025-10-29T20:25:26.534-0700] {logging_mixin.py:188} INFO - [2025-10-29T20:25:26.533-0700] {dag.py:3947} INFO - Setting next_dagrun for example_weekday_branch_operator to 2025-10-29 00:00:00+00:00, run_after=2025-10-30 00:00:00+00:00
[2025-10-29T20:25:26.544-0700] {processor.py:183} INFO - Processing /opt/miniconda3/envs/airflow_env/lib/python3.11/site-packages/airflow/example_dags/example_branch_day_of_week_operator.py took 0.079 seconds
[2025-10-29T20:26:28.140-0700] {processor.py:161} INFO - Started process (PID=29515) to work on /opt/miniconda3/envs/airflow_env/lib/python3.11/site-packages/airflow/example_dags/example_branch_day_of_week_operator.py
[2025-10-29T20:26:28.141-0700] {processor.py:830} INFO - Processing file /opt/miniconda3/envs/airflow_env/lib/python3.11/site-packages/airflow/example_dags/example_branch_day_of_week_operator.py for tasks to queue
[2025-10-29T20:26:28.142-0700] {logging_mixin.py:188} INFO - [2025-10-29T20:26:28.142-0700] {dagbag.py:545} INFO - Filling up the DagBag from /opt/miniconda3/envs/airflow_env/lib/python3.11/site-packages/airflow/example_dags/example_branch_day_of_week_operator.py
[2025-10-29T20:26:28.149-0700] {processor.py:840} INFO - DAG(s) 'example_weekday_branch_operator' retrieved from /opt/miniconda3/envs/airflow_env/lib/python3.11/site-packages/airflow/example_dags/example_branch_day_of_week_operator.py
[2025-10-29T20:26:28.213-0700] {logging_mixin.py:188} INFO - [2025-10-29T20:26:28.213-0700] {dag.py:3089} INFO - Sync 1 DAGs
[2025-10-29T20:26:28.224-0700] {logging_mixin.py:188} INFO - [2025-10-29T20:26:28.224-0700] {dag.py:3947} INFO - Setting next_dagrun for example_weekday_branch_operator to 2025-10-29 00:00:00+00:00, run_after=2025-10-30 00:00:00+00:00
[2025-10-29T20:26:28.235-0700] {processor.py:183} INFO - Processing /opt/miniconda3/envs/airflow_env/lib/python3.11/site-packages/airflow/example_dags/example_branch_day_of_week_operator.py took 0.097 seconds
[2025-10-29T20:28:11.424-0700] {processor.py:161} INFO - Started process (PID=29870) to work on /opt/miniconda3/envs/airflow_env/lib/python3.11/site-packages/airflow/example_dags/example_branch_day_of_week_operator.py
[2025-10-29T20:28:11.425-0700] {processor.py:830} INFO - Processing file /opt/miniconda3/envs/airflow_env/lib/python3.11/site-packages/airflow/example_dags/example_branch_day_of_week_operator.py for tasks to queue
[2025-10-29T20:28:11.426-0700] {logging_mixin.py:188} INFO - [2025-10-29T20:28:11.425-0700] {dagbag.py:545} INFO - Filling up the DagBag from /opt/miniconda3/envs/airflow_env/lib/python3.11/site-packages/airflow/example_dags/example_branch_day_of_week_operator.py
[2025-10-29T20:28:11.432-0700] {processor.py:840} INFO - DAG(s) 'example_weekday_branch_operator' retrieved from /opt/miniconda3/envs/airflow_env/lib/python3.11/site-packages/airflow/example_dags/example_branch_day_of_week_operator.py
[2025-10-29T20:28:11.488-0700] {logging_mixin.py:188} INFO - [2025-10-29T20:28:11.487-0700] {dag.py:3089} INFO - Sync 1 DAGs
[2025-10-29T20:28:11.498-0700] {logging_mixin.py:188} INFO - [2025-10-29T20:28:11.498-0700] {dag.py:3947} INFO - Setting next_dagrun for example_weekday_branch_operator to 2025-10-29 00:00:00+00:00, run_after=2025-10-30 00:00:00+00:00
[2025-10-29T20:28:11.509-0700] {processor.py:183} INFO - Processing /opt/miniconda3/envs/airflow_env/lib/python3.11/site-packages/airflow/example_dags/example_branch_day_of_week_operator.py took 0.087 seconds
[2025-10-29T20:28:14.616-0700] {processor.py:161} INFO - Started process (PID=29879) to work on /opt/miniconda3/envs/airflow_env/lib/python3.11/site-packages/airflow/example_dags/example_branch_day_of_week_operator.py
[2025-10-29T20:28:14.617-0700] {processor.py:830} INFO - Processing file /opt/miniconda3/envs/airflow_env/lib/python3.11/site-packages/airflow/example_dags/example_branch_day_of_week_operator.py for tasks to queue
[2025-10-29T20:28:14.618-0700] {logging_mixin.py:188} INFO - [2025-10-29T20:28:14.617-0700] {dagbag.py:545} INFO - Filling up the DagBag from /opt/miniconda3/envs/airflow_env/lib/python3.11/site-packages/airflow/example_dags/example_branch_day_of_week_operator.py
[2025-10-29T20:28:14.628-0700] {processor.py:840} INFO - DAG(s) 'example_weekday_branch_operator' retrieved from /opt/miniconda3/envs/airflow_env/lib/python3.11/site-packages/airflow/example_dags/example_branch_day_of_week_operator.py
[2025-10-29T20:28:14.741-0700] {logging_mixin.py:188} INFO - [2025-10-29T20:28:14.741-0700] {dag.py:3089} INFO - Sync 1 DAGs
[2025-10-29T20:28:14.766-0700] {logging_mixin.py:188} INFO - [2025-10-29T20:28:14.766-0700] {dag.py:3947} INFO - Setting next_dagrun for example_weekday_branch_operator to 2025-10-29 00:00:00+00:00, run_after=2025-10-30 00:00:00+00:00
[2025-10-29T20:28:14.786-0700] {processor.py:183} INFO - Processing /opt/miniconda3/envs/airflow_env/lib/python3.11/site-packages/airflow/example_dags/example_branch_day_of_week_operator.py took 0.174 seconds
[2025-10-29T20:29:17.210-0700] {processor.py:161} INFO - Started process (PID=30101) to work on /opt/miniconda3/envs/airflow_env/lib/python3.11/site-packages/airflow/example_dags/example_branch_day_of_week_operator.py
[2025-10-29T20:29:17.211-0700] {processor.py:830} INFO - Processing file /opt/miniconda3/envs/airflow_env/lib/python3.11/site-packages/airflow/example_dags/example_branch_day_of_week_operator.py for tasks to queue
[2025-10-29T20:29:17.212-0700] {logging_mixin.py:188} INFO - [2025-10-29T20:29:17.212-0700] {dagbag.py:545} INFO - Filling up the DagBag from /opt/miniconda3/envs/airflow_env/lib/python3.11/site-packages/airflow/example_dags/example_branch_day_of_week_operator.py
[2025-10-29T20:29:17.218-0700] {processor.py:840} INFO - DAG(s) 'example_weekday_branch_operator' retrieved from /opt/miniconda3/envs/airflow_env/lib/python3.11/site-packages/airflow/example_dags/example_branch_day_of_week_operator.py
[2025-10-29T20:29:17.269-0700] {logging_mixin.py:188} INFO - [2025-10-29T20:29:17.269-0700] {dag.py:3089} INFO - Sync 1 DAGs
[2025-10-29T20:29:17.279-0700] {logging_mixin.py:188} INFO - [2025-10-29T20:29:17.279-0700] {dag.py:3947} INFO - Setting next_dagrun for example_weekday_branch_operator to 2025-10-29 00:00:00+00:00, run_after=2025-10-30 00:00:00+00:00
[2025-10-29T20:29:17.289-0700] {processor.py:183} INFO - Processing /opt/miniconda3/envs/airflow_env/lib/python3.11/site-packages/airflow/example_dags/example_branch_day_of_week_operator.py took 0.081 seconds
