[2025-10-29T18:41:25.930-0700] {processor.py:161} INFO - Started process (PID=5235) to work on /opt/miniconda3/envs/airflow_env/lib/python3.11/site-packages/airflow/example_dags/example_complex.py
[2025-10-29T18:41:25.931-0700] {processor.py:830} INFO - Processing file /opt/miniconda3/envs/airflow_env/lib/python3.11/site-packages/airflow/example_dags/example_complex.py for tasks to queue
[2025-10-29T18:41:25.931-0700] {logging_mixin.py:188} INFO - [2025-10-29T18:41:25.931-0700] {dagbag.py:545} INFO - Filling up the DagBag from /opt/miniconda3/envs/airflow_env/lib/python3.11/site-packages/airflow/example_dags/example_complex.py
[2025-10-29T18:41:25.938-0700] {processor.py:840} INFO - DAG(s) 'example_complex' retrieved from /opt/miniconda3/envs/airflow_env/lib/python3.11/site-packages/airflow/example_dags/example_complex.py
[2025-10-29T18:41:26.033-0700] {logging_mixin.py:188} INFO - [2025-10-29T18:41:26.033-0700] {override.py:1930} INFO - Created Permission View: can edit on DAG:example_complex
[2025-10-29T18:41:26.038-0700] {logging_mixin.py:188} INFO - [2025-10-29T18:41:26.038-0700] {override.py:1930} INFO - Created Permission View: can delete on DAG:example_complex
[2025-10-29T18:41:26.040-0700] {logging_mixin.py:188} INFO - [2025-10-29T18:41:26.040-0700] {override.py:1930} INFO - Created Permission View: can read on DAG:example_complex
[2025-10-29T18:41:26.041-0700] {logging_mixin.py:188} INFO - [2025-10-29T18:41:26.041-0700] {dag.py:3089} INFO - Sync 1 DAGs
[2025-10-29T18:41:26.045-0700] {logging_mixin.py:188} INFO - [2025-10-29T18:41:26.045-0700] {dag.py:3111} INFO - Creating ORM DAG for example_complex
[2025-10-29T18:41:26.046-0700] {logging_mixin.py:188} INFO - [2025-10-29T18:41:26.046-0700] {dag.py:3947} INFO - Setting next_dagrun for example_complex to None, run_after=None
[2025-10-29T18:41:26.055-0700] {processor.py:183} INFO - Processing /opt/miniconda3/envs/airflow_env/lib/python3.11/site-packages/airflow/example_dags/example_complex.py took 0.127 seconds
[2025-10-29T18:43:43.990-0700] {processor.py:161} INFO - Started process (PID=5501) to work on /opt/miniconda3/envs/airflow_env/lib/python3.11/site-packages/airflow/example_dags/example_complex.py
[2025-10-29T18:43:43.992-0700] {processor.py:830} INFO - Processing file /opt/miniconda3/envs/airflow_env/lib/python3.11/site-packages/airflow/example_dags/example_complex.py for tasks to queue
[2025-10-29T18:43:43.992-0700] {logging_mixin.py:188} INFO - [2025-10-29T18:43:43.992-0700] {dagbag.py:545} INFO - Filling up the DagBag from /opt/miniconda3/envs/airflow_env/lib/python3.11/site-packages/airflow/example_dags/example_complex.py
[2025-10-29T18:43:44.000-0700] {processor.py:840} INFO - DAG(s) 'example_complex' retrieved from /opt/miniconda3/envs/airflow_env/lib/python3.11/site-packages/airflow/example_dags/example_complex.py
[2025-10-29T18:43:44.052-0700] {logging_mixin.py:188} INFO - [2025-10-29T18:43:44.052-0700] {dag.py:3089} INFO - Sync 1 DAGs
[2025-10-29T18:43:44.058-0700] {logging_mixin.py:188} INFO - [2025-10-29T18:43:44.058-0700] {dag.py:3947} INFO - Setting next_dagrun for example_complex to None, run_after=None
[2025-10-29T18:43:44.067-0700] {processor.py:183} INFO - Processing /opt/miniconda3/envs/airflow_env/lib/python3.11/site-packages/airflow/example_dags/example_complex.py took 0.079 seconds
[2025-10-29T18:46:08.433-0700] {processor.py:161} INFO - Started process (PID=5764) to work on /opt/miniconda3/envs/airflow_env/lib/python3.11/site-packages/airflow/example_dags/example_complex.py
[2025-10-29T18:46:08.433-0700] {processor.py:830} INFO - Processing file /opt/miniconda3/envs/airflow_env/lib/python3.11/site-packages/airflow/example_dags/example_complex.py for tasks to queue
[2025-10-29T18:46:08.434-0700] {logging_mixin.py:188} INFO - [2025-10-29T18:46:08.434-0700] {dagbag.py:545} INFO - Filling up the DagBag from /opt/miniconda3/envs/airflow_env/lib/python3.11/site-packages/airflow/example_dags/example_complex.py
[2025-10-29T18:46:08.441-0700] {processor.py:840} INFO - DAG(s) 'example_complex' retrieved from /opt/miniconda3/envs/airflow_env/lib/python3.11/site-packages/airflow/example_dags/example_complex.py
[2025-10-29T18:46:08.494-0700] {logging_mixin.py:188} INFO - [2025-10-29T18:46:08.494-0700] {dag.py:3089} INFO - Sync 1 DAGs
[2025-10-29T18:46:08.499-0700] {logging_mixin.py:188} INFO - [2025-10-29T18:46:08.499-0700] {dag.py:3947} INFO - Setting next_dagrun for example_complex to None, run_after=None
[2025-10-29T18:46:08.509-0700] {processor.py:183} INFO - Processing /opt/miniconda3/envs/airflow_env/lib/python3.11/site-packages/airflow/example_dags/example_complex.py took 0.078 seconds
[2025-10-29T18:48:34.009-0700] {processor.py:161} INFO - Started process (PID=6019) to work on /opt/miniconda3/envs/airflow_env/lib/python3.11/site-packages/airflow/example_dags/example_complex.py
[2025-10-29T18:48:34.010-0700] {processor.py:830} INFO - Processing file /opt/miniconda3/envs/airflow_env/lib/python3.11/site-packages/airflow/example_dags/example_complex.py for tasks to queue
[2025-10-29T18:48:34.010-0700] {logging_mixin.py:188} INFO - [2025-10-29T18:48:34.010-0700] {dagbag.py:545} INFO - Filling up the DagBag from /opt/miniconda3/envs/airflow_env/lib/python3.11/site-packages/airflow/example_dags/example_complex.py
[2025-10-29T18:48:34.018-0700] {processor.py:840} INFO - DAG(s) 'example_complex' retrieved from /opt/miniconda3/envs/airflow_env/lib/python3.11/site-packages/airflow/example_dags/example_complex.py
[2025-10-29T18:48:34.073-0700] {logging_mixin.py:188} INFO - [2025-10-29T18:48:34.073-0700] {dag.py:3089} INFO - Sync 1 DAGs
[2025-10-29T18:48:34.080-0700] {logging_mixin.py:188} INFO - [2025-10-29T18:48:34.080-0700] {dag.py:3947} INFO - Setting next_dagrun for example_complex to None, run_after=None
[2025-10-29T18:48:34.090-0700] {processor.py:183} INFO - Processing /opt/miniconda3/envs/airflow_env/lib/python3.11/site-packages/airflow/example_dags/example_complex.py took 0.083 seconds
[2025-10-29T18:50:57.958-0700] {processor.py:161} INFO - Started process (PID=9828) to work on /opt/miniconda3/envs/airflow_env/lib/python3.11/site-packages/airflow/example_dags/example_complex.py
[2025-10-29T18:50:57.959-0700] {processor.py:830} INFO - Processing file /opt/miniconda3/envs/airflow_env/lib/python3.11/site-packages/airflow/example_dags/example_complex.py for tasks to queue
[2025-10-29T18:50:57.959-0700] {logging_mixin.py:188} INFO - [2025-10-29T18:50:57.959-0700] {dagbag.py:545} INFO - Filling up the DagBag from /opt/miniconda3/envs/airflow_env/lib/python3.11/site-packages/airflow/example_dags/example_complex.py
[2025-10-29T18:50:57.966-0700] {processor.py:840} INFO - DAG(s) 'example_complex' retrieved from /opt/miniconda3/envs/airflow_env/lib/python3.11/site-packages/airflow/example_dags/example_complex.py
[2025-10-29T18:50:58.019-0700] {logging_mixin.py:188} INFO - [2025-10-29T18:50:58.019-0700] {dag.py:3089} INFO - Sync 1 DAGs
[2025-10-29T18:50:58.025-0700] {logging_mixin.py:188} INFO - [2025-10-29T18:50:58.024-0700] {dag.py:3947} INFO - Setting next_dagrun for example_complex to None, run_after=None
[2025-10-29T18:50:58.034-0700] {processor.py:183} INFO - Processing /opt/miniconda3/envs/airflow_env/lib/python3.11/site-packages/airflow/example_dags/example_complex.py took 0.079 seconds
[2025-10-29T18:53:15.758-0700] {processor.py:161} INFO - Started process (PID=10070) to work on /opt/miniconda3/envs/airflow_env/lib/python3.11/site-packages/airflow/example_dags/example_complex.py
[2025-10-29T18:53:15.758-0700] {processor.py:830} INFO - Processing file /opt/miniconda3/envs/airflow_env/lib/python3.11/site-packages/airflow/example_dags/example_complex.py for tasks to queue
[2025-10-29T18:53:15.759-0700] {logging_mixin.py:188} INFO - [2025-10-29T18:53:15.759-0700] {dagbag.py:545} INFO - Filling up the DagBag from /opt/miniconda3/envs/airflow_env/lib/python3.11/site-packages/airflow/example_dags/example_complex.py
[2025-10-29T18:53:15.766-0700] {processor.py:840} INFO - DAG(s) 'example_complex' retrieved from /opt/miniconda3/envs/airflow_env/lib/python3.11/site-packages/airflow/example_dags/example_complex.py
[2025-10-29T18:53:15.819-0700] {logging_mixin.py:188} INFO - [2025-10-29T18:53:15.819-0700] {dag.py:3089} INFO - Sync 1 DAGs
[2025-10-29T18:53:15.825-0700] {logging_mixin.py:188} INFO - [2025-10-29T18:53:15.824-0700] {dag.py:3947} INFO - Setting next_dagrun for example_complex to None, run_after=None
[2025-10-29T18:53:15.834-0700] {processor.py:183} INFO - Processing /opt/miniconda3/envs/airflow_env/lib/python3.11/site-packages/airflow/example_dags/example_complex.py took 0.079 seconds
[2025-10-29T18:55:37.496-0700] {processor.py:161} INFO - Started process (PID=10353) to work on /opt/miniconda3/envs/airflow_env/lib/python3.11/site-packages/airflow/example_dags/example_complex.py
[2025-10-29T18:55:37.497-0700] {processor.py:830} INFO - Processing file /opt/miniconda3/envs/airflow_env/lib/python3.11/site-packages/airflow/example_dags/example_complex.py for tasks to queue
[2025-10-29T18:55:37.498-0700] {logging_mixin.py:188} INFO - [2025-10-29T18:55:37.498-0700] {dagbag.py:545} INFO - Filling up the DagBag from /opt/miniconda3/envs/airflow_env/lib/python3.11/site-packages/airflow/example_dags/example_complex.py
[2025-10-29T18:55:37.505-0700] {processor.py:840} INFO - DAG(s) 'example_complex' retrieved from /opt/miniconda3/envs/airflow_env/lib/python3.11/site-packages/airflow/example_dags/example_complex.py
[2025-10-29T18:55:37.559-0700] {logging_mixin.py:188} INFO - [2025-10-29T18:55:37.558-0700] {dag.py:3089} INFO - Sync 1 DAGs
[2025-10-29T18:55:37.564-0700] {logging_mixin.py:188} INFO - [2025-10-29T18:55:37.564-0700] {dag.py:3947} INFO - Setting next_dagrun for example_complex to None, run_after=None
[2025-10-29T18:55:37.574-0700] {processor.py:183} INFO - Processing /opt/miniconda3/envs/airflow_env/lib/python3.11/site-packages/airflow/example_dags/example_complex.py took 0.079 seconds
[2025-10-29T18:58:00.639-0700] {processor.py:161} INFO - Started process (PID=10609) to work on /opt/miniconda3/envs/airflow_env/lib/python3.11/site-packages/airflow/example_dags/example_complex.py
[2025-10-29T18:58:00.640-0700] {processor.py:830} INFO - Processing file /opt/miniconda3/envs/airflow_env/lib/python3.11/site-packages/airflow/example_dags/example_complex.py for tasks to queue
[2025-10-29T18:58:00.640-0700] {logging_mixin.py:188} INFO - [2025-10-29T18:58:00.640-0700] {dagbag.py:545} INFO - Filling up the DagBag from /opt/miniconda3/envs/airflow_env/lib/python3.11/site-packages/airflow/example_dags/example_complex.py
[2025-10-29T18:58:00.647-0700] {processor.py:840} INFO - DAG(s) 'example_complex' retrieved from /opt/miniconda3/envs/airflow_env/lib/python3.11/site-packages/airflow/example_dags/example_complex.py
[2025-10-29T18:58:00.701-0700] {logging_mixin.py:188} INFO - [2025-10-29T18:58:00.700-0700] {dag.py:3089} INFO - Sync 1 DAGs
[2025-10-29T18:58:00.706-0700] {logging_mixin.py:188} INFO - [2025-10-29T18:58:00.706-0700] {dag.py:3947} INFO - Setting next_dagrun for example_complex to None, run_after=None
[2025-10-29T18:58:00.716-0700] {processor.py:183} INFO - Processing /opt/miniconda3/envs/airflow_env/lib/python3.11/site-packages/airflow/example_dags/example_complex.py took 0.078 seconds
[2025-10-29T19:00:01.187-0700] {processor.py:161} INFO - Started process (PID=10856) to work on /opt/miniconda3/envs/airflow_env/lib/python3.11/site-packages/airflow/example_dags/example_complex.py
[2025-10-29T19:00:01.187-0700] {processor.py:830} INFO - Processing file /opt/miniconda3/envs/airflow_env/lib/python3.11/site-packages/airflow/example_dags/example_complex.py for tasks to queue
[2025-10-29T19:00:01.188-0700] {logging_mixin.py:188} INFO - [2025-10-29T19:00:01.188-0700] {dagbag.py:545} INFO - Filling up the DagBag from /opt/miniconda3/envs/airflow_env/lib/python3.11/site-packages/airflow/example_dags/example_complex.py
[2025-10-29T19:00:01.195-0700] {processor.py:840} INFO - DAG(s) 'example_complex' retrieved from /opt/miniconda3/envs/airflow_env/lib/python3.11/site-packages/airflow/example_dags/example_complex.py
[2025-10-29T19:00:01.289-0700] {logging_mixin.py:188} INFO - [2025-10-29T19:00:01.289-0700] {dag.py:3089} INFO - Sync 1 DAGs
[2025-10-29T19:00:01.294-0700] {logging_mixin.py:188} INFO - [2025-10-29T19:00:01.294-0700] {dag.py:3947} INFO - Setting next_dagrun for example_complex to None, run_after=None
[2025-10-29T19:00:01.304-0700] {processor.py:183} INFO - Processing /opt/miniconda3/envs/airflow_env/lib/python3.11/site-packages/airflow/example_dags/example_complex.py took 0.119 seconds
[2025-10-29T19:02:25.831-0700] {processor.py:161} INFO - Started process (PID=11114) to work on /opt/miniconda3/envs/airflow_env/lib/python3.11/site-packages/airflow/example_dags/example_complex.py
[2025-10-29T19:02:25.832-0700] {processor.py:830} INFO - Processing file /opt/miniconda3/envs/airflow_env/lib/python3.11/site-packages/airflow/example_dags/example_complex.py for tasks to queue
[2025-10-29T19:02:25.833-0700] {logging_mixin.py:188} INFO - [2025-10-29T19:02:25.833-0700] {dagbag.py:545} INFO - Filling up the DagBag from /opt/miniconda3/envs/airflow_env/lib/python3.11/site-packages/airflow/example_dags/example_complex.py
[2025-10-29T19:02:25.840-0700] {processor.py:840} INFO - DAG(s) 'example_complex' retrieved from /opt/miniconda3/envs/airflow_env/lib/python3.11/site-packages/airflow/example_dags/example_complex.py
[2025-10-29T19:02:25.893-0700] {logging_mixin.py:188} INFO - [2025-10-29T19:02:25.893-0700] {dag.py:3089} INFO - Sync 1 DAGs
[2025-10-29T19:02:25.899-0700] {logging_mixin.py:188} INFO - [2025-10-29T19:02:25.899-0700] {dag.py:3947} INFO - Setting next_dagrun for example_complex to None, run_after=None
[2025-10-29T19:02:25.909-0700] {processor.py:183} INFO - Processing /opt/miniconda3/envs/airflow_env/lib/python3.11/site-packages/airflow/example_dags/example_complex.py took 0.080 seconds
[2025-10-29T19:04:53.023-0700] {processor.py:161} INFO - Started process (PID=11376) to work on /opt/miniconda3/envs/airflow_env/lib/python3.11/site-packages/airflow/example_dags/example_complex.py
[2025-10-29T19:04:53.024-0700] {processor.py:830} INFO - Processing file /opt/miniconda3/envs/airflow_env/lib/python3.11/site-packages/airflow/example_dags/example_complex.py for tasks to queue
[2025-10-29T19:04:53.024-0700] {logging_mixin.py:188} INFO - [2025-10-29T19:04:53.024-0700] {dagbag.py:545} INFO - Filling up the DagBag from /opt/miniconda3/envs/airflow_env/lib/python3.11/site-packages/airflow/example_dags/example_complex.py
[2025-10-29T19:04:53.031-0700] {processor.py:840} INFO - DAG(s) 'example_complex' retrieved from /opt/miniconda3/envs/airflow_env/lib/python3.11/site-packages/airflow/example_dags/example_complex.py
[2025-10-29T19:04:53.085-0700] {logging_mixin.py:188} INFO - [2025-10-29T19:04:53.085-0700] {dag.py:3089} INFO - Sync 1 DAGs
[2025-10-29T19:04:53.091-0700] {logging_mixin.py:188} INFO - [2025-10-29T19:04:53.090-0700] {dag.py:3947} INFO - Setting next_dagrun for example_complex to None, run_after=None
[2025-10-29T19:04:53.100-0700] {processor.py:183} INFO - Processing /opt/miniconda3/envs/airflow_env/lib/python3.11/site-packages/airflow/example_dags/example_complex.py took 0.079 seconds
[2025-10-29T19:07:21.615-0700] {processor.py:161} INFO - Started process (PID=11647) to work on /opt/miniconda3/envs/airflow_env/lib/python3.11/site-packages/airflow/example_dags/example_complex.py
[2025-10-29T19:07:21.617-0700] {processor.py:830} INFO - Processing file /opt/miniconda3/envs/airflow_env/lib/python3.11/site-packages/airflow/example_dags/example_complex.py for tasks to queue
[2025-10-29T19:07:21.617-0700] {logging_mixin.py:188} INFO - [2025-10-29T19:07:21.617-0700] {dagbag.py:545} INFO - Filling up the DagBag from /opt/miniconda3/envs/airflow_env/lib/python3.11/site-packages/airflow/example_dags/example_complex.py
[2025-10-29T19:07:21.625-0700] {processor.py:840} INFO - DAG(s) 'example_complex' retrieved from /opt/miniconda3/envs/airflow_env/lib/python3.11/site-packages/airflow/example_dags/example_complex.py
[2025-10-29T19:07:21.678-0700] {logging_mixin.py:188} INFO - [2025-10-29T19:07:21.678-0700] {dag.py:3089} INFO - Sync 1 DAGs
[2025-10-29T19:07:21.684-0700] {logging_mixin.py:188} INFO - [2025-10-29T19:07:21.684-0700] {dag.py:3947} INFO - Setting next_dagrun for example_complex to None, run_after=None
[2025-10-29T19:07:21.693-0700] {processor.py:183} INFO - Processing /opt/miniconda3/envs/airflow_env/lib/python3.11/site-packages/airflow/example_dags/example_complex.py took 0.080 seconds
[2025-10-29T19:09:47.320-0700] {processor.py:161} INFO - Started process (PID=11887) to work on /opt/miniconda3/envs/airflow_env/lib/python3.11/site-packages/airflow/example_dags/example_complex.py
[2025-10-29T19:09:47.321-0700] {processor.py:830} INFO - Processing file /opt/miniconda3/envs/airflow_env/lib/python3.11/site-packages/airflow/example_dags/example_complex.py for tasks to queue
[2025-10-29T19:09:47.321-0700] {logging_mixin.py:188} INFO - [2025-10-29T19:09:47.321-0700] {dagbag.py:545} INFO - Filling up the DagBag from /opt/miniconda3/envs/airflow_env/lib/python3.11/site-packages/airflow/example_dags/example_complex.py
[2025-10-29T19:09:47.328-0700] {processor.py:840} INFO - DAG(s) 'example_complex' retrieved from /opt/miniconda3/envs/airflow_env/lib/python3.11/site-packages/airflow/example_dags/example_complex.py
[2025-10-29T19:09:47.383-0700] {logging_mixin.py:188} INFO - [2025-10-29T19:09:47.383-0700] {dag.py:3089} INFO - Sync 1 DAGs
[2025-10-29T19:09:47.388-0700] {logging_mixin.py:188} INFO - [2025-10-29T19:09:47.388-0700] {dag.py:3947} INFO - Setting next_dagrun for example_complex to None, run_after=None
[2025-10-29T19:09:47.398-0700] {processor.py:183} INFO - Processing /opt/miniconda3/envs/airflow_env/lib/python3.11/site-packages/airflow/example_dags/example_complex.py took 0.079 seconds
[2025-10-29T19:12:20.821-0700] {processor.py:161} INFO - Started process (PID=12166) to work on /opt/miniconda3/envs/airflow_env/lib/python3.11/site-packages/airflow/example_dags/example_complex.py
[2025-10-29T19:12:20.822-0700] {processor.py:830} INFO - Processing file /opt/miniconda3/envs/airflow_env/lib/python3.11/site-packages/airflow/example_dags/example_complex.py for tasks to queue
[2025-10-29T19:12:20.822-0700] {logging_mixin.py:188} INFO - [2025-10-29T19:12:20.822-0700] {dagbag.py:545} INFO - Filling up the DagBag from /opt/miniconda3/envs/airflow_env/lib/python3.11/site-packages/airflow/example_dags/example_complex.py
[2025-10-29T19:12:20.829-0700] {processor.py:840} INFO - DAG(s) 'example_complex' retrieved from /opt/miniconda3/envs/airflow_env/lib/python3.11/site-packages/airflow/example_dags/example_complex.py
[2025-10-29T19:12:20.884-0700] {logging_mixin.py:188} INFO - [2025-10-29T19:12:20.883-0700] {dag.py:3089} INFO - Sync 1 DAGs
[2025-10-29T19:12:20.889-0700] {logging_mixin.py:188} INFO - [2025-10-29T19:12:20.889-0700] {dag.py:3947} INFO - Setting next_dagrun for example_complex to None, run_after=None
[2025-10-29T19:12:20.898-0700] {processor.py:183} INFO - Processing /opt/miniconda3/envs/airflow_env/lib/python3.11/site-packages/airflow/example_dags/example_complex.py took 0.080 seconds
[2025-10-29T19:14:46.493-0700] {processor.py:161} INFO - Started process (PID=12420) to work on /opt/miniconda3/envs/airflow_env/lib/python3.11/site-packages/airflow/example_dags/example_complex.py
[2025-10-29T19:14:46.493-0700] {processor.py:830} INFO - Processing file /opt/miniconda3/envs/airflow_env/lib/python3.11/site-packages/airflow/example_dags/example_complex.py for tasks to queue
[2025-10-29T19:14:46.494-0700] {logging_mixin.py:188} INFO - [2025-10-29T19:14:46.494-0700] {dagbag.py:545} INFO - Filling up the DagBag from /opt/miniconda3/envs/airflow_env/lib/python3.11/site-packages/airflow/example_dags/example_complex.py
[2025-10-29T19:14:46.501-0700] {processor.py:840} INFO - DAG(s) 'example_complex' retrieved from /opt/miniconda3/envs/airflow_env/lib/python3.11/site-packages/airflow/example_dags/example_complex.py
[2025-10-29T19:14:46.554-0700] {logging_mixin.py:188} INFO - [2025-10-29T19:14:46.554-0700] {dag.py:3089} INFO - Sync 1 DAGs
[2025-10-29T19:14:46.560-0700] {logging_mixin.py:188} INFO - [2025-10-29T19:14:46.560-0700] {dag.py:3947} INFO - Setting next_dagrun for example_complex to None, run_after=None
[2025-10-29T19:14:46.569-0700] {processor.py:183} INFO - Processing /opt/miniconda3/envs/airflow_env/lib/python3.11/site-packages/airflow/example_dags/example_complex.py took 0.079 seconds
[2025-10-29T19:17:14.425-0700] {processor.py:161} INFO - Started process (PID=12683) to work on /opt/miniconda3/envs/airflow_env/lib/python3.11/site-packages/airflow/example_dags/example_complex.py
[2025-10-29T19:17:14.426-0700] {processor.py:830} INFO - Processing file /opt/miniconda3/envs/airflow_env/lib/python3.11/site-packages/airflow/example_dags/example_complex.py for tasks to queue
[2025-10-29T19:17:14.426-0700] {logging_mixin.py:188} INFO - [2025-10-29T19:17:14.426-0700] {dagbag.py:545} INFO - Filling up the DagBag from /opt/miniconda3/envs/airflow_env/lib/python3.11/site-packages/airflow/example_dags/example_complex.py
[2025-10-29T19:17:14.433-0700] {processor.py:840} INFO - DAG(s) 'example_complex' retrieved from /opt/miniconda3/envs/airflow_env/lib/python3.11/site-packages/airflow/example_dags/example_complex.py
[2025-10-29T19:17:14.487-0700] {logging_mixin.py:188} INFO - [2025-10-29T19:17:14.487-0700] {dag.py:3089} INFO - Sync 1 DAGs
[2025-10-29T19:17:14.492-0700] {logging_mixin.py:188} INFO - [2025-10-29T19:17:14.492-0700] {dag.py:3947} INFO - Setting next_dagrun for example_complex to None, run_after=None
[2025-10-29T19:17:14.502-0700] {processor.py:183} INFO - Processing /opt/miniconda3/envs/airflow_env/lib/python3.11/site-packages/airflow/example_dags/example_complex.py took 0.079 seconds
[2025-10-29T19:19:42.296-0700] {processor.py:161} INFO - Started process (PID=12937) to work on /opt/miniconda3/envs/airflow_env/lib/python3.11/site-packages/airflow/example_dags/example_complex.py
[2025-10-29T19:19:42.297-0700] {processor.py:830} INFO - Processing file /opt/miniconda3/envs/airflow_env/lib/python3.11/site-packages/airflow/example_dags/example_complex.py for tasks to queue
[2025-10-29T19:19:42.298-0700] {logging_mixin.py:188} INFO - [2025-10-29T19:19:42.298-0700] {dagbag.py:545} INFO - Filling up the DagBag from /opt/miniconda3/envs/airflow_env/lib/python3.11/site-packages/airflow/example_dags/example_complex.py
[2025-10-29T19:19:42.306-0700] {processor.py:840} INFO - DAG(s) 'example_complex' retrieved from /opt/miniconda3/envs/airflow_env/lib/python3.11/site-packages/airflow/example_dags/example_complex.py
[2025-10-29T19:19:42.359-0700] {logging_mixin.py:188} INFO - [2025-10-29T19:19:42.359-0700] {dag.py:3089} INFO - Sync 1 DAGs
[2025-10-29T19:19:42.365-0700] {logging_mixin.py:188} INFO - [2025-10-29T19:19:42.365-0700] {dag.py:3947} INFO - Setting next_dagrun for example_complex to None, run_after=None
[2025-10-29T19:19:42.375-0700] {processor.py:183} INFO - Processing /opt/miniconda3/envs/airflow_env/lib/python3.11/site-packages/airflow/example_dags/example_complex.py took 0.081 seconds
[2025-10-29T19:22:07.707-0700] {processor.py:161} INFO - Started process (PID=13242) to work on /opt/miniconda3/envs/airflow_env/lib/python3.11/site-packages/airflow/example_dags/example_complex.py
[2025-10-29T19:22:07.708-0700] {processor.py:830} INFO - Processing file /opt/miniconda3/envs/airflow_env/lib/python3.11/site-packages/airflow/example_dags/example_complex.py for tasks to queue
[2025-10-29T19:22:07.708-0700] {logging_mixin.py:188} INFO - [2025-10-29T19:22:07.708-0700] {dagbag.py:545} INFO - Filling up the DagBag from /opt/miniconda3/envs/airflow_env/lib/python3.11/site-packages/airflow/example_dags/example_complex.py
[2025-10-29T19:22:07.715-0700] {processor.py:840} INFO - DAG(s) 'example_complex' retrieved from /opt/miniconda3/envs/airflow_env/lib/python3.11/site-packages/airflow/example_dags/example_complex.py
[2025-10-29T19:22:07.768-0700] {logging_mixin.py:188} INFO - [2025-10-29T19:22:07.768-0700] {dag.py:3089} INFO - Sync 1 DAGs
[2025-10-29T19:22:07.773-0700] {logging_mixin.py:188} INFO - [2025-10-29T19:22:07.773-0700] {dag.py:3947} INFO - Setting next_dagrun for example_complex to None, run_after=None
[2025-10-29T19:22:07.783-0700] {processor.py:183} INFO - Processing /opt/miniconda3/envs/airflow_env/lib/python3.11/site-packages/airflow/example_dags/example_complex.py took 0.078 seconds
[2025-10-29T19:24:35.770-0700] {processor.py:161} INFO - Started process (PID=13525) to work on /opt/miniconda3/envs/airflow_env/lib/python3.11/site-packages/airflow/example_dags/example_complex.py
[2025-10-29T19:24:35.771-0700] {processor.py:830} INFO - Processing file /opt/miniconda3/envs/airflow_env/lib/python3.11/site-packages/airflow/example_dags/example_complex.py for tasks to queue
[2025-10-29T19:24:35.771-0700] {logging_mixin.py:188} INFO - [2025-10-29T19:24:35.771-0700] {dagbag.py:545} INFO - Filling up the DagBag from /opt/miniconda3/envs/airflow_env/lib/python3.11/site-packages/airflow/example_dags/example_complex.py
[2025-10-29T19:24:35.779-0700] {processor.py:840} INFO - DAG(s) 'example_complex' retrieved from /opt/miniconda3/envs/airflow_env/lib/python3.11/site-packages/airflow/example_dags/example_complex.py
[2025-10-29T19:24:35.832-0700] {logging_mixin.py:188} INFO - [2025-10-29T19:24:35.832-0700] {dag.py:3089} INFO - Sync 1 DAGs
[2025-10-29T19:24:35.837-0700] {logging_mixin.py:188} INFO - [2025-10-29T19:24:35.837-0700] {dag.py:3947} INFO - Setting next_dagrun for example_complex to None, run_after=None
[2025-10-29T19:24:35.848-0700] {processor.py:183} INFO - Processing /opt/miniconda3/envs/airflow_env/lib/python3.11/site-packages/airflow/example_dags/example_complex.py took 0.080 seconds
[2025-10-29T19:26:59.738-0700] {processor.py:161} INFO - Started process (PID=14193) to work on /opt/miniconda3/envs/airflow_env/lib/python3.11/site-packages/airflow/example_dags/example_complex.py
[2025-10-29T19:26:59.739-0700] {processor.py:830} INFO - Processing file /opt/miniconda3/envs/airflow_env/lib/python3.11/site-packages/airflow/example_dags/example_complex.py for tasks to queue
[2025-10-29T19:26:59.740-0700] {logging_mixin.py:188} INFO - [2025-10-29T19:26:59.739-0700] {dagbag.py:545} INFO - Filling up the DagBag from /opt/miniconda3/envs/airflow_env/lib/python3.11/site-packages/airflow/example_dags/example_complex.py
[2025-10-29T19:26:59.747-0700] {processor.py:840} INFO - DAG(s) 'example_complex' retrieved from /opt/miniconda3/envs/airflow_env/lib/python3.11/site-packages/airflow/example_dags/example_complex.py
[2025-10-29T19:26:59.800-0700] {logging_mixin.py:188} INFO - [2025-10-29T19:26:59.800-0700] {dag.py:3089} INFO - Sync 1 DAGs
[2025-10-29T19:26:59.805-0700] {logging_mixin.py:188} INFO - [2025-10-29T19:26:59.805-0700] {dag.py:3947} INFO - Setting next_dagrun for example_complex to None, run_after=None
[2025-10-29T19:26:59.816-0700] {processor.py:183} INFO - Processing /opt/miniconda3/envs/airflow_env/lib/python3.11/site-packages/airflow/example_dags/example_complex.py took 0.079 seconds
[2025-10-29T19:29:28.126-0700] {processor.py:161} INFO - Started process (PID=14876) to work on /opt/miniconda3/envs/airflow_env/lib/python3.11/site-packages/airflow/example_dags/example_complex.py
[2025-10-29T19:29:28.127-0700] {processor.py:830} INFO - Processing file /opt/miniconda3/envs/airflow_env/lib/python3.11/site-packages/airflow/example_dags/example_complex.py for tasks to queue
[2025-10-29T19:29:28.127-0700] {logging_mixin.py:188} INFO - [2025-10-29T19:29:28.127-0700] {dagbag.py:545} INFO - Filling up the DagBag from /opt/miniconda3/envs/airflow_env/lib/python3.11/site-packages/airflow/example_dags/example_complex.py
[2025-10-29T19:29:28.134-0700] {processor.py:840} INFO - DAG(s) 'example_complex' retrieved from /opt/miniconda3/envs/airflow_env/lib/python3.11/site-packages/airflow/example_dags/example_complex.py
[2025-10-29T19:29:28.188-0700] {logging_mixin.py:188} INFO - [2025-10-29T19:29:28.187-0700] {dag.py:3089} INFO - Sync 1 DAGs
[2025-10-29T19:29:28.193-0700] {logging_mixin.py:188} INFO - [2025-10-29T19:29:28.193-0700] {dag.py:3947} INFO - Setting next_dagrun for example_complex to None, run_after=None
[2025-10-29T19:29:28.203-0700] {processor.py:183} INFO - Processing /opt/miniconda3/envs/airflow_env/lib/python3.11/site-packages/airflow/example_dags/example_complex.py took 0.079 seconds
[2025-10-29T19:31:59.033-0700] {processor.py:161} INFO - Started process (PID=15564) to work on /opt/miniconda3/envs/airflow_env/lib/python3.11/site-packages/airflow/example_dags/example_complex.py
[2025-10-29T19:31:59.034-0700] {processor.py:830} INFO - Processing file /opt/miniconda3/envs/airflow_env/lib/python3.11/site-packages/airflow/example_dags/example_complex.py for tasks to queue
[2025-10-29T19:31:59.035-0700] {logging_mixin.py:188} INFO - [2025-10-29T19:31:59.035-0700] {dagbag.py:545} INFO - Filling up the DagBag from /opt/miniconda3/envs/airflow_env/lib/python3.11/site-packages/airflow/example_dags/example_complex.py
[2025-10-29T19:31:59.042-0700] {processor.py:840} INFO - DAG(s) 'example_complex' retrieved from /opt/miniconda3/envs/airflow_env/lib/python3.11/site-packages/airflow/example_dags/example_complex.py
[2025-10-29T19:31:59.096-0700] {logging_mixin.py:188} INFO - [2025-10-29T19:31:59.096-0700] {dag.py:3089} INFO - Sync 1 DAGs
[2025-10-29T19:31:59.102-0700] {logging_mixin.py:188} INFO - [2025-10-29T19:31:59.101-0700] {dag.py:3947} INFO - Setting next_dagrun for example_complex to None, run_after=None
[2025-10-29T19:31:59.111-0700] {processor.py:183} INFO - Processing /opt/miniconda3/envs/airflow_env/lib/python3.11/site-packages/airflow/example_dags/example_complex.py took 0.080 seconds
[2025-10-29T19:34:27.653-0700] {processor.py:161} INFO - Started process (PID=16280) to work on /opt/miniconda3/envs/airflow_env/lib/python3.11/site-packages/airflow/example_dags/example_complex.py
[2025-10-29T19:34:27.654-0700] {processor.py:830} INFO - Processing file /opt/miniconda3/envs/airflow_env/lib/python3.11/site-packages/airflow/example_dags/example_complex.py for tasks to queue
[2025-10-29T19:34:27.654-0700] {logging_mixin.py:188} INFO - [2025-10-29T19:34:27.654-0700] {dagbag.py:545} INFO - Filling up the DagBag from /opt/miniconda3/envs/airflow_env/lib/python3.11/site-packages/airflow/example_dags/example_complex.py
[2025-10-29T19:34:27.661-0700] {processor.py:840} INFO - DAG(s) 'example_complex' retrieved from /opt/miniconda3/envs/airflow_env/lib/python3.11/site-packages/airflow/example_dags/example_complex.py
[2025-10-29T19:34:27.714-0700] {logging_mixin.py:188} INFO - [2025-10-29T19:34:27.714-0700] {dag.py:3089} INFO - Sync 1 DAGs
[2025-10-29T19:34:27.720-0700] {logging_mixin.py:188} INFO - [2025-10-29T19:34:27.720-0700] {dag.py:3947} INFO - Setting next_dagrun for example_complex to None, run_after=None
[2025-10-29T19:34:27.729-0700] {processor.py:183} INFO - Processing /opt/miniconda3/envs/airflow_env/lib/python3.11/site-packages/airflow/example_dags/example_complex.py took 0.078 seconds
[2025-10-29T19:36:59.275-0700] {processor.py:161} INFO - Started process (PID=16972) to work on /opt/miniconda3/envs/airflow_env/lib/python3.11/site-packages/airflow/example_dags/example_complex.py
[2025-10-29T19:36:59.277-0700] {processor.py:830} INFO - Processing file /opt/miniconda3/envs/airflow_env/lib/python3.11/site-packages/airflow/example_dags/example_complex.py for tasks to queue
[2025-10-29T19:36:59.277-0700] {logging_mixin.py:188} INFO - [2025-10-29T19:36:59.277-0700] {dagbag.py:545} INFO - Filling up the DagBag from /opt/miniconda3/envs/airflow_env/lib/python3.11/site-packages/airflow/example_dags/example_complex.py
[2025-10-29T19:36:59.285-0700] {processor.py:840} INFO - DAG(s) 'example_complex' retrieved from /opt/miniconda3/envs/airflow_env/lib/python3.11/site-packages/airflow/example_dags/example_complex.py
[2025-10-29T19:36:59.339-0700] {logging_mixin.py:188} INFO - [2025-10-29T19:36:59.339-0700] {dag.py:3089} INFO - Sync 1 DAGs
[2025-10-29T19:36:59.345-0700] {logging_mixin.py:188} INFO - [2025-10-29T19:36:59.345-0700] {dag.py:3947} INFO - Setting next_dagrun for example_complex to None, run_after=None
[2025-10-29T19:36:59.355-0700] {processor.py:183} INFO - Processing /opt/miniconda3/envs/airflow_env/lib/python3.11/site-packages/airflow/example_dags/example_complex.py took 0.082 seconds
[2025-10-29T19:39:27.880-0700] {processor.py:161} INFO - Started process (PID=17695) to work on /opt/miniconda3/envs/airflow_env/lib/python3.11/site-packages/airflow/example_dags/example_complex.py
[2025-10-29T19:39:27.880-0700] {processor.py:830} INFO - Processing file /opt/miniconda3/envs/airflow_env/lib/python3.11/site-packages/airflow/example_dags/example_complex.py for tasks to queue
[2025-10-29T19:39:27.881-0700] {logging_mixin.py:188} INFO - [2025-10-29T19:39:27.881-0700] {dagbag.py:545} INFO - Filling up the DagBag from /opt/miniconda3/envs/airflow_env/lib/python3.11/site-packages/airflow/example_dags/example_complex.py
[2025-10-29T19:39:27.888-0700] {processor.py:840} INFO - DAG(s) 'example_complex' retrieved from /opt/miniconda3/envs/airflow_env/lib/python3.11/site-packages/airflow/example_dags/example_complex.py
[2025-10-29T19:39:27.941-0700] {logging_mixin.py:188} INFO - [2025-10-29T19:39:27.941-0700] {dag.py:3089} INFO - Sync 1 DAGs
[2025-10-29T19:39:27.946-0700] {logging_mixin.py:188} INFO - [2025-10-29T19:39:27.946-0700] {dag.py:3947} INFO - Setting next_dagrun for example_complex to None, run_after=None
[2025-10-29T19:39:27.956-0700] {processor.py:183} INFO - Processing /opt/miniconda3/envs/airflow_env/lib/python3.11/site-packages/airflow/example_dags/example_complex.py took 0.079 seconds
[2025-10-29T19:41:58.729-0700] {processor.py:161} INFO - Started process (PID=18411) to work on /opt/miniconda3/envs/airflow_env/lib/python3.11/site-packages/airflow/example_dags/example_complex.py
[2025-10-29T19:41:58.731-0700] {processor.py:830} INFO - Processing file /opt/miniconda3/envs/airflow_env/lib/python3.11/site-packages/airflow/example_dags/example_complex.py for tasks to queue
[2025-10-29T19:41:58.731-0700] {logging_mixin.py:188} INFO - [2025-10-29T19:41:58.731-0700] {dagbag.py:545} INFO - Filling up the DagBag from /opt/miniconda3/envs/airflow_env/lib/python3.11/site-packages/airflow/example_dags/example_complex.py
[2025-10-29T19:41:58.738-0700] {processor.py:840} INFO - DAG(s) 'example_complex' retrieved from /opt/miniconda3/envs/airflow_env/lib/python3.11/site-packages/airflow/example_dags/example_complex.py
[2025-10-29T19:41:58.791-0700] {logging_mixin.py:188} INFO - [2025-10-29T19:41:58.791-0700] {dag.py:3089} INFO - Sync 1 DAGs
[2025-10-29T19:41:58.797-0700] {logging_mixin.py:188} INFO - [2025-10-29T19:41:58.797-0700] {dag.py:3947} INFO - Setting next_dagrun for example_complex to None, run_after=None
[2025-10-29T19:41:58.806-0700] {processor.py:183} INFO - Processing /opt/miniconda3/envs/airflow_env/lib/python3.11/site-packages/airflow/example_dags/example_complex.py took 0.079 seconds
[2025-10-29T19:44:24.426-0700] {processor.py:161} INFO - Started process (PID=19105) to work on /opt/miniconda3/envs/airflow_env/lib/python3.11/site-packages/airflow/example_dags/example_complex.py
[2025-10-29T19:44:24.427-0700] {processor.py:830} INFO - Processing file /opt/miniconda3/envs/airflow_env/lib/python3.11/site-packages/airflow/example_dags/example_complex.py for tasks to queue
[2025-10-29T19:44:24.427-0700] {logging_mixin.py:188} INFO - [2025-10-29T19:44:24.427-0700] {dagbag.py:545} INFO - Filling up the DagBag from /opt/miniconda3/envs/airflow_env/lib/python3.11/site-packages/airflow/example_dags/example_complex.py
[2025-10-29T19:44:24.434-0700] {processor.py:840} INFO - DAG(s) 'example_complex' retrieved from /opt/miniconda3/envs/airflow_env/lib/python3.11/site-packages/airflow/example_dags/example_complex.py
[2025-10-29T19:44:24.487-0700] {logging_mixin.py:188} INFO - [2025-10-29T19:44:24.487-0700] {dag.py:3089} INFO - Sync 1 DAGs
[2025-10-29T19:44:24.492-0700] {logging_mixin.py:188} INFO - [2025-10-29T19:44:24.492-0700] {dag.py:3947} INFO - Setting next_dagrun for example_complex to None, run_after=None
[2025-10-29T19:44:24.502-0700] {processor.py:183} INFO - Processing /opt/miniconda3/envs/airflow_env/lib/python3.11/site-packages/airflow/example_dags/example_complex.py took 0.078 seconds
[2025-10-29T19:45:55.230-0700] {processor.py:161} INFO - Started process (PID=19613) to work on /opt/miniconda3/envs/airflow_env/lib/python3.11/site-packages/airflow/example_dags/example_complex.py
[2025-10-29T19:45:55.230-0700] {processor.py:830} INFO - Processing file /opt/miniconda3/envs/airflow_env/lib/python3.11/site-packages/airflow/example_dags/example_complex.py for tasks to queue
[2025-10-29T19:45:55.231-0700] {logging_mixin.py:188} INFO - [2025-10-29T19:45:55.231-0700] {dagbag.py:545} INFO - Filling up the DagBag from /opt/miniconda3/envs/airflow_env/lib/python3.11/site-packages/airflow/example_dags/example_complex.py
[2025-10-29T19:45:55.238-0700] {processor.py:840} INFO - DAG(s) 'example_complex' retrieved from /opt/miniconda3/envs/airflow_env/lib/python3.11/site-packages/airflow/example_dags/example_complex.py
[2025-10-29T19:45:55.291-0700] {logging_mixin.py:188} INFO - [2025-10-29T19:45:55.291-0700] {dag.py:3089} INFO - Sync 1 DAGs
[2025-10-29T19:45:55.296-0700] {logging_mixin.py:188} INFO - [2025-10-29T19:45:55.296-0700] {dag.py:3947} INFO - Setting next_dagrun for example_complex to None, run_after=None
[2025-10-29T19:45:55.306-0700] {processor.py:183} INFO - Processing /opt/miniconda3/envs/airflow_env/lib/python3.11/site-packages/airflow/example_dags/example_complex.py took 0.079 seconds
[2025-10-29T20:00:35.303-0700] {processor.py:161} INFO - Started process (PID=23166) to work on /opt/miniconda3/envs/airflow_env/lib/python3.11/site-packages/airflow/example_dags/example_complex.py
[2025-10-29T20:00:35.304-0700] {processor.py:830} INFO - Processing file /opt/miniconda3/envs/airflow_env/lib/python3.11/site-packages/airflow/example_dags/example_complex.py for tasks to queue
[2025-10-29T20:00:35.305-0700] {logging_mixin.py:188} INFO - [2025-10-29T20:00:35.305-0700] {dagbag.py:545} INFO - Filling up the DagBag from /opt/miniconda3/envs/airflow_env/lib/python3.11/site-packages/airflow/example_dags/example_complex.py
[2025-10-29T20:00:35.312-0700] {processor.py:840} INFO - DAG(s) 'example_complex' retrieved from /opt/miniconda3/envs/airflow_env/lib/python3.11/site-packages/airflow/example_dags/example_complex.py
[2025-10-29T20:00:35.367-0700] {logging_mixin.py:188} INFO - [2025-10-29T20:00:35.367-0700] {dag.py:3089} INFO - Sync 1 DAGs
[2025-10-29T20:00:35.373-0700] {logging_mixin.py:188} INFO - [2025-10-29T20:00:35.373-0700] {dag.py:3947} INFO - Setting next_dagrun for example_complex to None, run_after=None
[2025-10-29T20:00:35.382-0700] {processor.py:183} INFO - Processing /opt/miniconda3/envs/airflow_env/lib/python3.11/site-packages/airflow/example_dags/example_complex.py took 0.082 seconds
[2025-10-29T20:01:40.760-0700] {processor.py:161} INFO - Started process (PID=23546) to work on /opt/miniconda3/envs/airflow_env/lib/python3.11/site-packages/airflow/example_dags/example_complex.py
[2025-10-29T20:01:40.760-0700] {processor.py:830} INFO - Processing file /opt/miniconda3/envs/airflow_env/lib/python3.11/site-packages/airflow/example_dags/example_complex.py for tasks to queue
[2025-10-29T20:01:40.761-0700] {logging_mixin.py:188} INFO - [2025-10-29T20:01:40.761-0700] {dagbag.py:545} INFO - Filling up the DagBag from /opt/miniconda3/envs/airflow_env/lib/python3.11/site-packages/airflow/example_dags/example_complex.py
[2025-10-29T20:01:40.768-0700] {processor.py:840} INFO - DAG(s) 'example_complex' retrieved from /opt/miniconda3/envs/airflow_env/lib/python3.11/site-packages/airflow/example_dags/example_complex.py
[2025-10-29T20:01:40.821-0700] {logging_mixin.py:188} INFO - [2025-10-29T20:01:40.821-0700] {dag.py:3089} INFO - Sync 1 DAGs
[2025-10-29T20:01:40.826-0700] {logging_mixin.py:188} INFO - [2025-10-29T20:01:40.826-0700] {dag.py:3947} INFO - Setting next_dagrun for example_complex to None, run_after=None
[2025-10-29T20:01:40.836-0700] {processor.py:183} INFO - Processing /opt/miniconda3/envs/airflow_env/lib/python3.11/site-packages/airflow/example_dags/example_complex.py took 0.078 seconds
[2025-10-29T20:03:01.197-0700] {processor.py:161} INFO - Started process (PID=23996) to work on /opt/miniconda3/envs/airflow_env/lib/python3.11/site-packages/airflow/example_dags/example_complex.py
[2025-10-29T20:03:01.197-0700] {processor.py:830} INFO - Processing file /opt/miniconda3/envs/airflow_env/lib/python3.11/site-packages/airflow/example_dags/example_complex.py for tasks to queue
[2025-10-29T20:03:01.198-0700] {logging_mixin.py:188} INFO - [2025-10-29T20:03:01.198-0700] {dagbag.py:545} INFO - Filling up the DagBag from /opt/miniconda3/envs/airflow_env/lib/python3.11/site-packages/airflow/example_dags/example_complex.py
[2025-10-29T20:03:01.205-0700] {processor.py:840} INFO - DAG(s) 'example_complex' retrieved from /opt/miniconda3/envs/airflow_env/lib/python3.11/site-packages/airflow/example_dags/example_complex.py
[2025-10-29T20:03:01.259-0700] {logging_mixin.py:188} INFO - [2025-10-29T20:03:01.259-0700] {dag.py:3089} INFO - Sync 1 DAGs
[2025-10-29T20:03:01.264-0700] {logging_mixin.py:188} INFO - [2025-10-29T20:03:01.264-0700] {dag.py:3947} INFO - Setting next_dagrun for example_complex to None, run_after=None
[2025-10-29T20:03:01.274-0700] {processor.py:183} INFO - Processing /opt/miniconda3/envs/airflow_env/lib/python3.11/site-packages/airflow/example_dags/example_complex.py took 0.080 seconds
[2025-10-29T20:04:06.825-0700] {processor.py:161} INFO - Started process (PID=24372) to work on /opt/miniconda3/envs/airflow_env/lib/python3.11/site-packages/airflow/example_dags/example_complex.py
[2025-10-29T20:04:06.826-0700] {processor.py:830} INFO - Processing file /opt/miniconda3/envs/airflow_env/lib/python3.11/site-packages/airflow/example_dags/example_complex.py for tasks to queue
[2025-10-29T20:04:06.826-0700] {logging_mixin.py:188} INFO - [2025-10-29T20:04:06.826-0700] {dagbag.py:545} INFO - Filling up the DagBag from /opt/miniconda3/envs/airflow_env/lib/python3.11/site-packages/airflow/example_dags/example_complex.py
[2025-10-29T20:04:06.833-0700] {processor.py:840} INFO - DAG(s) 'example_complex' retrieved from /opt/miniconda3/envs/airflow_env/lib/python3.11/site-packages/airflow/example_dags/example_complex.py
[2025-10-29T20:04:06.887-0700] {logging_mixin.py:188} INFO - [2025-10-29T20:04:06.887-0700] {dag.py:3089} INFO - Sync 1 DAGs
[2025-10-29T20:04:06.893-0700] {logging_mixin.py:188} INFO - [2025-10-29T20:04:06.893-0700] {dag.py:3947} INFO - Setting next_dagrun for example_complex to None, run_after=None
[2025-10-29T20:04:06.903-0700] {processor.py:183} INFO - Processing /opt/miniconda3/envs/airflow_env/lib/python3.11/site-packages/airflow/example_dags/example_complex.py took 0.080 seconds
[2025-10-29T20:05:22.160-0700] {processor.py:161} INFO - Started process (PID=24812) to work on /opt/miniconda3/envs/airflow_env/lib/python3.11/site-packages/airflow/example_dags/example_complex.py
[2025-10-29T20:05:22.162-0700] {processor.py:830} INFO - Processing file /opt/miniconda3/envs/airflow_env/lib/python3.11/site-packages/airflow/example_dags/example_complex.py for tasks to queue
[2025-10-29T20:05:22.162-0700] {logging_mixin.py:188} INFO - [2025-10-29T20:05:22.162-0700] {dagbag.py:545} INFO - Filling up the DagBag from /opt/miniconda3/envs/airflow_env/lib/python3.11/site-packages/airflow/example_dags/example_complex.py
[2025-10-29T20:05:22.169-0700] {processor.py:840} INFO - DAG(s) 'example_complex' retrieved from /opt/miniconda3/envs/airflow_env/lib/python3.11/site-packages/airflow/example_dags/example_complex.py
[2025-10-29T20:05:22.225-0700] {logging_mixin.py:188} INFO - [2025-10-29T20:05:22.225-0700] {dag.py:3089} INFO - Sync 1 DAGs
[2025-10-29T20:05:22.231-0700] {logging_mixin.py:188} INFO - [2025-10-29T20:05:22.231-0700] {dag.py:3947} INFO - Setting next_dagrun for example_complex to None, run_after=None
[2025-10-29T20:05:22.241-0700] {processor.py:183} INFO - Processing /opt/miniconda3/envs/airflow_env/lib/python3.11/site-packages/airflow/example_dags/example_complex.py took 0.083 seconds
[2025-10-29T20:06:35.028-0700] {processor.py:161} INFO - Started process (PID=25220) to work on /opt/miniconda3/envs/airflow_env/lib/python3.11/site-packages/airflow/example_dags/example_complex.py
[2025-10-29T20:06:35.029-0700] {processor.py:830} INFO - Processing file /opt/miniconda3/envs/airflow_env/lib/python3.11/site-packages/airflow/example_dags/example_complex.py for tasks to queue
[2025-10-29T20:06:35.029-0700] {logging_mixin.py:188} INFO - [2025-10-29T20:06:35.029-0700] {dagbag.py:545} INFO - Filling up the DagBag from /opt/miniconda3/envs/airflow_env/lib/python3.11/site-packages/airflow/example_dags/example_complex.py
[2025-10-29T20:06:35.037-0700] {processor.py:840} INFO - DAG(s) 'example_complex' retrieved from /opt/miniconda3/envs/airflow_env/lib/python3.11/site-packages/airflow/example_dags/example_complex.py
[2025-10-29T20:06:35.090-0700] {logging_mixin.py:188} INFO - [2025-10-29T20:06:35.090-0700] {dag.py:3089} INFO - Sync 1 DAGs
[2025-10-29T20:06:35.096-0700] {logging_mixin.py:188} INFO - [2025-10-29T20:06:35.096-0700] {dag.py:3947} INFO - Setting next_dagrun for example_complex to None, run_after=None
[2025-10-29T20:06:35.105-0700] {processor.py:183} INFO - Processing /opt/miniconda3/envs/airflow_env/lib/python3.11/site-packages/airflow/example_dags/example_complex.py took 0.079 seconds
[2025-10-29T20:07:49.753-0700] {processor.py:161} INFO - Started process (PID=25643) to work on /opt/miniconda3/envs/airflow_env/lib/python3.11/site-packages/airflow/example_dags/example_complex.py
[2025-10-29T20:07:49.753-0700] {processor.py:830} INFO - Processing file /opt/miniconda3/envs/airflow_env/lib/python3.11/site-packages/airflow/example_dags/example_complex.py for tasks to queue
[2025-10-29T20:07:49.754-0700] {logging_mixin.py:188} INFO - [2025-10-29T20:07:49.754-0700] {dagbag.py:545} INFO - Filling up the DagBag from /opt/miniconda3/envs/airflow_env/lib/python3.11/site-packages/airflow/example_dags/example_complex.py
[2025-10-29T20:07:49.761-0700] {processor.py:840} INFO - DAG(s) 'example_complex' retrieved from /opt/miniconda3/envs/airflow_env/lib/python3.11/site-packages/airflow/example_dags/example_complex.py
[2025-10-29T20:07:49.815-0700] {logging_mixin.py:188} INFO - [2025-10-29T20:07:49.815-0700] {dag.py:3089} INFO - Sync 1 DAGs
[2025-10-29T20:07:49.820-0700] {logging_mixin.py:188} INFO - [2025-10-29T20:07:49.820-0700] {dag.py:3947} INFO - Setting next_dagrun for example_complex to None, run_after=None
[2025-10-29T20:07:49.830-0700] {processor.py:183} INFO - Processing /opt/miniconda3/envs/airflow_env/lib/python3.11/site-packages/airflow/example_dags/example_complex.py took 0.079 seconds
[2025-10-29T20:08:59.303-0700] {processor.py:161} INFO - Started process (PID=26036) to work on /opt/miniconda3/envs/airflow_env/lib/python3.11/site-packages/airflow/example_dags/example_complex.py
[2025-10-29T20:08:59.304-0700] {processor.py:830} INFO - Processing file /opt/miniconda3/envs/airflow_env/lib/python3.11/site-packages/airflow/example_dags/example_complex.py for tasks to queue
[2025-10-29T20:08:59.304-0700] {logging_mixin.py:188} INFO - [2025-10-29T20:08:59.304-0700] {dagbag.py:545} INFO - Filling up the DagBag from /opt/miniconda3/envs/airflow_env/lib/python3.11/site-packages/airflow/example_dags/example_complex.py
[2025-10-29T20:08:59.311-0700] {processor.py:840} INFO - DAG(s) 'example_complex' retrieved from /opt/miniconda3/envs/airflow_env/lib/python3.11/site-packages/airflow/example_dags/example_complex.py
[2025-10-29T20:08:59.367-0700] {logging_mixin.py:188} INFO - [2025-10-29T20:08:59.367-0700] {dag.py:3089} INFO - Sync 1 DAGs
[2025-10-29T20:08:59.374-0700] {logging_mixin.py:188} INFO - [2025-10-29T20:08:59.373-0700] {dag.py:3947} INFO - Setting next_dagrun for example_complex to None, run_after=None
[2025-10-29T20:08:59.384-0700] {processor.py:183} INFO - Processing /opt/miniconda3/envs/airflow_env/lib/python3.11/site-packages/airflow/example_dags/example_complex.py took 0.083 seconds
[2025-10-29T20:10:19.518-0700] {processor.py:161} INFO - Started process (PID=26255) to work on /opt/miniconda3/envs/airflow_env/lib/python3.11/site-packages/airflow/example_dags/example_complex.py
[2025-10-29T20:10:19.518-0700] {processor.py:830} INFO - Processing file /opt/miniconda3/envs/airflow_env/lib/python3.11/site-packages/airflow/example_dags/example_complex.py for tasks to queue
[2025-10-29T20:10:19.519-0700] {logging_mixin.py:188} INFO - [2025-10-29T20:10:19.519-0700] {dagbag.py:545} INFO - Filling up the DagBag from /opt/miniconda3/envs/airflow_env/lib/python3.11/site-packages/airflow/example_dags/example_complex.py
[2025-10-29T20:10:19.526-0700] {processor.py:840} INFO - DAG(s) 'example_complex' retrieved from /opt/miniconda3/envs/airflow_env/lib/python3.11/site-packages/airflow/example_dags/example_complex.py
[2025-10-29T20:10:19.579-0700] {logging_mixin.py:188} INFO - [2025-10-29T20:10:19.579-0700] {dag.py:3089} INFO - Sync 1 DAGs
[2025-10-29T20:10:19.584-0700] {logging_mixin.py:188} INFO - [2025-10-29T20:10:19.584-0700] {dag.py:3947} INFO - Setting next_dagrun for example_complex to None, run_after=None
[2025-10-29T20:10:19.594-0700] {processor.py:183} INFO - Processing /opt/miniconda3/envs/airflow_env/lib/python3.11/site-packages/airflow/example_dags/example_complex.py took 0.079 seconds
[2025-10-29T20:11:29.841-0700] {processor.py:161} INFO - Started process (PID=26481) to work on /opt/miniconda3/envs/airflow_env/lib/python3.11/site-packages/airflow/example_dags/example_complex.py
[2025-10-29T20:11:29.842-0700] {processor.py:830} INFO - Processing file /opt/miniconda3/envs/airflow_env/lib/python3.11/site-packages/airflow/example_dags/example_complex.py for tasks to queue
[2025-10-29T20:11:29.842-0700] {logging_mixin.py:188} INFO - [2025-10-29T20:11:29.842-0700] {dagbag.py:545} INFO - Filling up the DagBag from /opt/miniconda3/envs/airflow_env/lib/python3.11/site-packages/airflow/example_dags/example_complex.py
[2025-10-29T20:11:29.849-0700] {processor.py:840} INFO - DAG(s) 'example_complex' retrieved from /opt/miniconda3/envs/airflow_env/lib/python3.11/site-packages/airflow/example_dags/example_complex.py
[2025-10-29T20:11:29.903-0700] {logging_mixin.py:188} INFO - [2025-10-29T20:11:29.903-0700] {dag.py:3089} INFO - Sync 1 DAGs
[2025-10-29T20:11:29.908-0700] {logging_mixin.py:188} INFO - [2025-10-29T20:11:29.908-0700] {dag.py:3947} INFO - Setting next_dagrun for example_complex to None, run_after=None
[2025-10-29T20:11:29.918-0700] {processor.py:183} INFO - Processing /opt/miniconda3/envs/airflow_env/lib/python3.11/site-packages/airflow/example_dags/example_complex.py took 0.079 seconds
[2025-10-29T20:12:57.326-0700] {processor.py:161} INFO - Started process (PID=26779) to work on /opt/miniconda3/envs/airflow_env/lib/python3.11/site-packages/airflow/example_dags/example_complex.py
[2025-10-29T20:12:57.327-0700] {processor.py:830} INFO - Processing file /opt/miniconda3/envs/airflow_env/lib/python3.11/site-packages/airflow/example_dags/example_complex.py for tasks to queue
[2025-10-29T20:12:57.327-0700] {logging_mixin.py:188} INFO - [2025-10-29T20:12:57.327-0700] {dagbag.py:545} INFO - Filling up the DagBag from /opt/miniconda3/envs/airflow_env/lib/python3.11/site-packages/airflow/example_dags/example_complex.py
[2025-10-29T20:12:57.336-0700] {processor.py:840} INFO - DAG(s) 'example_complex' retrieved from /opt/miniconda3/envs/airflow_env/lib/python3.11/site-packages/airflow/example_dags/example_complex.py
[2025-10-29T20:12:57.400-0700] {logging_mixin.py:188} INFO - [2025-10-29T20:12:57.400-0700] {dag.py:3089} INFO - Sync 1 DAGs
[2025-10-29T20:12:57.407-0700] {logging_mixin.py:188} INFO - [2025-10-29T20:12:57.407-0700] {dag.py:3947} INFO - Setting next_dagrun for example_complex to None, run_after=None
[2025-10-29T20:12:57.422-0700] {processor.py:183} INFO - Processing /opt/miniconda3/envs/airflow_env/lib/python3.11/site-packages/airflow/example_dags/example_complex.py took 0.098 seconds
[2025-10-29T20:13:03.127-0700] {processor.py:161} INFO - Started process (PID=26799) to work on /opt/miniconda3/envs/airflow_env/lib/python3.11/site-packages/airflow/example_dags/example_complex.py
[2025-10-29T20:13:03.128-0700] {processor.py:830} INFO - Processing file /opt/miniconda3/envs/airflow_env/lib/python3.11/site-packages/airflow/example_dags/example_complex.py for tasks to queue
[2025-10-29T20:13:03.128-0700] {logging_mixin.py:188} INFO - [2025-10-29T20:13:03.128-0700] {dagbag.py:545} INFO - Filling up the DagBag from /opt/miniconda3/envs/airflow_env/lib/python3.11/site-packages/airflow/example_dags/example_complex.py
[2025-10-29T20:13:03.137-0700] {processor.py:840} INFO - DAG(s) 'example_complex' retrieved from /opt/miniconda3/envs/airflow_env/lib/python3.11/site-packages/airflow/example_dags/example_complex.py
[2025-10-29T20:13:03.202-0700] {logging_mixin.py:188} INFO - [2025-10-29T20:13:03.202-0700] {dag.py:3089} INFO - Sync 1 DAGs
[2025-10-29T20:13:03.209-0700] {logging_mixin.py:188} INFO - [2025-10-29T20:13:03.209-0700] {dag.py:3947} INFO - Setting next_dagrun for example_complex to None, run_after=None
[2025-10-29T20:13:03.222-0700] {processor.py:183} INFO - Processing /opt/miniconda3/envs/airflow_env/lib/python3.11/site-packages/airflow/example_dags/example_complex.py took 0.097 seconds
[2025-10-29T20:14:14.325-0700] {processor.py:161} INFO - Started process (PID=27053) to work on /opt/miniconda3/envs/airflow_env/lib/python3.11/site-packages/airflow/example_dags/example_complex.py
[2025-10-29T20:14:14.326-0700] {processor.py:830} INFO - Processing file /opt/miniconda3/envs/airflow_env/lib/python3.11/site-packages/airflow/example_dags/example_complex.py for tasks to queue
[2025-10-29T20:14:14.326-0700] {logging_mixin.py:188} INFO - [2025-10-29T20:14:14.326-0700] {dagbag.py:545} INFO - Filling up the DagBag from /opt/miniconda3/envs/airflow_env/lib/python3.11/site-packages/airflow/example_dags/example_complex.py
[2025-10-29T20:14:14.335-0700] {processor.py:840} INFO - DAG(s) 'example_complex' retrieved from /opt/miniconda3/envs/airflow_env/lib/python3.11/site-packages/airflow/example_dags/example_complex.py
[2025-10-29T20:14:14.413-0700] {logging_mixin.py:188} INFO - [2025-10-29T20:14:14.413-0700] {dag.py:3089} INFO - Sync 1 DAGs
[2025-10-29T20:14:14.422-0700] {logging_mixin.py:188} INFO - [2025-10-29T20:14:14.422-0700] {dag.py:3947} INFO - Setting next_dagrun for example_complex to None, run_after=None
[2025-10-29T20:14:14.439-0700] {processor.py:183} INFO - Processing /opt/miniconda3/envs/airflow_env/lib/python3.11/site-packages/airflow/example_dags/example_complex.py took 0.116 seconds
[2025-10-29T20:15:46.517-0700] {processor.py:161} INFO - Started process (PID=27356) to work on /opt/miniconda3/envs/airflow_env/lib/python3.11/site-packages/airflow/example_dags/example_complex.py
[2025-10-29T20:15:46.518-0700] {processor.py:830} INFO - Processing file /opt/miniconda3/envs/airflow_env/lib/python3.11/site-packages/airflow/example_dags/example_complex.py for tasks to queue
[2025-10-29T20:15:46.519-0700] {logging_mixin.py:188} INFO - [2025-10-29T20:15:46.518-0700] {dagbag.py:545} INFO - Filling up the DagBag from /opt/miniconda3/envs/airflow_env/lib/python3.11/site-packages/airflow/example_dags/example_complex.py
[2025-10-29T20:15:46.531-0700] {processor.py:840} INFO - DAG(s) 'example_complex' retrieved from /opt/miniconda3/envs/airflow_env/lib/python3.11/site-packages/airflow/example_dags/example_complex.py
[2025-10-29T20:15:46.655-0700] {logging_mixin.py:188} INFO - [2025-10-29T20:15:46.654-0700] {dag.py:3089} INFO - Sync 1 DAGs
[2025-10-29T20:15:46.669-0700] {logging_mixin.py:188} INFO - [2025-10-29T20:15:46.669-0700] {dag.py:3947} INFO - Setting next_dagrun for example_complex to None, run_after=None
[2025-10-29T20:15:46.696-0700] {processor.py:183} INFO - Processing /opt/miniconda3/envs/airflow_env/lib/python3.11/site-packages/airflow/example_dags/example_complex.py took 0.183 seconds
[2025-10-29T20:15:50.271-0700] {processor.py:161} INFO - Started process (PID=27367) to work on /opt/miniconda3/envs/airflow_env/lib/python3.11/site-packages/airflow/example_dags/example_complex.py
[2025-10-29T20:15:50.272-0700] {processor.py:830} INFO - Processing file /opt/miniconda3/envs/airflow_env/lib/python3.11/site-packages/airflow/example_dags/example_complex.py for tasks to queue
[2025-10-29T20:15:50.273-0700] {logging_mixin.py:188} INFO - [2025-10-29T20:15:50.273-0700] {dagbag.py:545} INFO - Filling up the DagBag from /opt/miniconda3/envs/airflow_env/lib/python3.11/site-packages/airflow/example_dags/example_complex.py
[2025-10-29T20:15:50.285-0700] {processor.py:840} INFO - DAG(s) 'example_complex' retrieved from /opt/miniconda3/envs/airflow_env/lib/python3.11/site-packages/airflow/example_dags/example_complex.py
[2025-10-29T20:15:50.378-0700] {logging_mixin.py:188} INFO - [2025-10-29T20:15:50.378-0700] {dag.py:3089} INFO - Sync 1 DAGs
[2025-10-29T20:15:50.391-0700] {logging_mixin.py:188} INFO - [2025-10-29T20:15:50.391-0700] {dag.py:3947} INFO - Setting next_dagrun for example_complex to None, run_after=None
[2025-10-29T20:15:50.407-0700] {processor.py:183} INFO - Processing /opt/miniconda3/envs/airflow_env/lib/python3.11/site-packages/airflow/example_dags/example_complex.py took 0.139 seconds
[2025-10-29T20:17:12.223-0700] {processor.py:161} INFO - Started process (PID=27650) to work on /opt/miniconda3/envs/airflow_env/lib/python3.11/site-packages/airflow/example_dags/example_complex.py
[2025-10-29T20:17:12.224-0700] {processor.py:830} INFO - Processing file /opt/miniconda3/envs/airflow_env/lib/python3.11/site-packages/airflow/example_dags/example_complex.py for tasks to queue
[2025-10-29T20:17:12.225-0700] {logging_mixin.py:188} INFO - [2025-10-29T20:17:12.225-0700] {dagbag.py:545} INFO - Filling up the DagBag from /opt/miniconda3/envs/airflow_env/lib/python3.11/site-packages/airflow/example_dags/example_complex.py
[2025-10-29T20:17:12.235-0700] {processor.py:840} INFO - DAG(s) 'example_complex' retrieved from /opt/miniconda3/envs/airflow_env/lib/python3.11/site-packages/airflow/example_dags/example_complex.py
[2025-10-29T20:17:12.328-0700] {logging_mixin.py:188} INFO - [2025-10-29T20:17:12.328-0700] {dag.py:3089} INFO - Sync 1 DAGs
[2025-10-29T20:17:12.337-0700] {logging_mixin.py:188} INFO - [2025-10-29T20:17:12.337-0700] {dag.py:3947} INFO - Setting next_dagrun for example_complex to None, run_after=None
[2025-10-29T20:17:12.352-0700] {processor.py:183} INFO - Processing /opt/miniconda3/envs/airflow_env/lib/python3.11/site-packages/airflow/example_dags/example_complex.py took 0.132 seconds
[2025-10-29T20:18:47.462-0700] {processor.py:161} INFO - Started process (PID=27956) to work on /opt/miniconda3/envs/airflow_env/lib/python3.11/site-packages/airflow/example_dags/example_complex.py
[2025-10-29T20:18:47.463-0700] {processor.py:830} INFO - Processing file /opt/miniconda3/envs/airflow_env/lib/python3.11/site-packages/airflow/example_dags/example_complex.py for tasks to queue
[2025-10-29T20:18:47.464-0700] {logging_mixin.py:188} INFO - [2025-10-29T20:18:47.463-0700] {dagbag.py:545} INFO - Filling up the DagBag from /opt/miniconda3/envs/airflow_env/lib/python3.11/site-packages/airflow/example_dags/example_complex.py
[2025-10-29T20:18:47.476-0700] {processor.py:840} INFO - DAG(s) 'example_complex' retrieved from /opt/miniconda3/envs/airflow_env/lib/python3.11/site-packages/airflow/example_dags/example_complex.py
[2025-10-29T20:18:47.572-0700] {logging_mixin.py:188} INFO - [2025-10-29T20:18:47.572-0700] {dag.py:3089} INFO - Sync 1 DAGs
[2025-10-29T20:18:47.582-0700] {logging_mixin.py:188} INFO - [2025-10-29T20:18:47.582-0700] {dag.py:3947} INFO - Setting next_dagrun for example_complex to None, run_after=None
[2025-10-29T20:18:47.599-0700] {processor.py:183} INFO - Processing /opt/miniconda3/envs/airflow_env/lib/python3.11/site-packages/airflow/example_dags/example_complex.py took 0.140 seconds
[2025-10-29T20:18:50.994-0700] {processor.py:161} INFO - Started process (PID=27971) to work on /opt/miniconda3/envs/airflow_env/lib/python3.11/site-packages/airflow/example_dags/example_complex.py
[2025-10-29T20:18:50.995-0700] {processor.py:830} INFO - Processing file /opt/miniconda3/envs/airflow_env/lib/python3.11/site-packages/airflow/example_dags/example_complex.py for tasks to queue
[2025-10-29T20:18:50.995-0700] {logging_mixin.py:188} INFO - [2025-10-29T20:18:50.995-0700] {dagbag.py:545} INFO - Filling up the DagBag from /opt/miniconda3/envs/airflow_env/lib/python3.11/site-packages/airflow/example_dags/example_complex.py
[2025-10-29T20:18:51.003-0700] {processor.py:840} INFO - DAG(s) 'example_complex' retrieved from /opt/miniconda3/envs/airflow_env/lib/python3.11/site-packages/airflow/example_dags/example_complex.py
[2025-10-29T20:18:51.067-0700] {logging_mixin.py:188} INFO - [2025-10-29T20:18:51.067-0700] {dag.py:3089} INFO - Sync 1 DAGs
[2025-10-29T20:18:51.074-0700] {logging_mixin.py:188} INFO - [2025-10-29T20:18:51.073-0700] {dag.py:3947} INFO - Setting next_dagrun for example_complex to None, run_after=None
[2025-10-29T20:18:51.085-0700] {processor.py:183} INFO - Processing /opt/miniconda3/envs/airflow_env/lib/python3.11/site-packages/airflow/example_dags/example_complex.py took 0.093 seconds
[2025-10-29T20:20:10.827-0700] {processor.py:161} INFO - Started process (PID=28223) to work on /opt/miniconda3/envs/airflow_env/lib/python3.11/site-packages/airflow/example_dags/example_complex.py
[2025-10-29T20:20:10.828-0700] {processor.py:830} INFO - Processing file /opt/miniconda3/envs/airflow_env/lib/python3.11/site-packages/airflow/example_dags/example_complex.py for tasks to queue
[2025-10-29T20:20:10.829-0700] {logging_mixin.py:188} INFO - [2025-10-29T20:20:10.829-0700] {dagbag.py:545} INFO - Filling up the DagBag from /opt/miniconda3/envs/airflow_env/lib/python3.11/site-packages/airflow/example_dags/example_complex.py
[2025-10-29T20:20:10.841-0700] {processor.py:840} INFO - DAG(s) 'example_complex' retrieved from /opt/miniconda3/envs/airflow_env/lib/python3.11/site-packages/airflow/example_dags/example_complex.py
[2025-10-29T20:20:10.923-0700] {logging_mixin.py:188} INFO - [2025-10-29T20:20:10.923-0700] {dag.py:3089} INFO - Sync 1 DAGs
[2025-10-29T20:20:10.932-0700] {logging_mixin.py:188} INFO - [2025-10-29T20:20:10.932-0700] {dag.py:3947} INFO - Setting next_dagrun for example_complex to None, run_after=None
[2025-10-29T20:20:10.947-0700] {processor.py:183} INFO - Processing /opt/miniconda3/envs/airflow_env/lib/python3.11/site-packages/airflow/example_dags/example_complex.py took 0.123 seconds
[2025-10-29T20:21:56.325-0700] {processor.py:161} INFO - Started process (PID=28590) to work on /opt/miniconda3/envs/airflow_env/lib/python3.11/site-packages/airflow/example_dags/example_complex.py
[2025-10-29T20:21:56.326-0700] {processor.py:830} INFO - Processing file /opt/miniconda3/envs/airflow_env/lib/python3.11/site-packages/airflow/example_dags/example_complex.py for tasks to queue
[2025-10-29T20:21:56.326-0700] {logging_mixin.py:188} INFO - [2025-10-29T20:21:56.326-0700] {dagbag.py:545} INFO - Filling up the DagBag from /opt/miniconda3/envs/airflow_env/lib/python3.11/site-packages/airflow/example_dags/example_complex.py
[2025-10-29T20:21:56.335-0700] {processor.py:840} INFO - DAG(s) 'example_complex' retrieved from /opt/miniconda3/envs/airflow_env/lib/python3.11/site-packages/airflow/example_dags/example_complex.py
[2025-10-29T20:21:56.400-0700] {logging_mixin.py:188} INFO - [2025-10-29T20:21:56.400-0700] {dag.py:3089} INFO - Sync 1 DAGs
[2025-10-29T20:21:56.407-0700] {logging_mixin.py:188} INFO - [2025-10-29T20:21:56.407-0700] {dag.py:3947} INFO - Setting next_dagrun for example_complex to None, run_after=None
[2025-10-29T20:21:56.419-0700] {processor.py:183} INFO - Processing /opt/miniconda3/envs/airflow_env/lib/python3.11/site-packages/airflow/example_dags/example_complex.py took 0.096 seconds
[2025-10-29T20:22:03.523-0700] {processor.py:161} INFO - Started process (PID=28612) to work on /opt/miniconda3/envs/airflow_env/lib/python3.11/site-packages/airflow/example_dags/example_complex.py
[2025-10-29T20:22:03.524-0700] {processor.py:830} INFO - Processing file /opt/miniconda3/envs/airflow_env/lib/python3.11/site-packages/airflow/example_dags/example_complex.py for tasks to queue
[2025-10-29T20:22:03.526-0700] {logging_mixin.py:188} INFO - [2025-10-29T20:22:03.526-0700] {dagbag.py:545} INFO - Filling up the DagBag from /opt/miniconda3/envs/airflow_env/lib/python3.11/site-packages/airflow/example_dags/example_complex.py
[2025-10-29T20:22:03.544-0700] {processor.py:840} INFO - DAG(s) 'example_complex' retrieved from /opt/miniconda3/envs/airflow_env/lib/python3.11/site-packages/airflow/example_dags/example_complex.py
[2025-10-29T20:22:03.662-0700] {logging_mixin.py:188} INFO - [2025-10-29T20:22:03.661-0700] {dag.py:3089} INFO - Sync 1 DAGs
[2025-10-29T20:22:03.673-0700] {logging_mixin.py:188} INFO - [2025-10-29T20:22:03.673-0700] {dag.py:3947} INFO - Setting next_dagrun for example_complex to None, run_after=None
[2025-10-29T20:22:03.692-0700] {processor.py:183} INFO - Processing /opt/miniconda3/envs/airflow_env/lib/python3.11/site-packages/airflow/example_dags/example_complex.py took 0.174 seconds
[2025-10-29T20:23:25.109-0700] {processor.py:161} INFO - Started process (PID=28904) to work on /opt/miniconda3/envs/airflow_env/lib/python3.11/site-packages/airflow/example_dags/example_complex.py
[2025-10-29T20:23:25.111-0700] {processor.py:830} INFO - Processing file /opt/miniconda3/envs/airflow_env/lib/python3.11/site-packages/airflow/example_dags/example_complex.py for tasks to queue
[2025-10-29T20:23:25.112-0700] {logging_mixin.py:188} INFO - [2025-10-29T20:23:25.112-0700] {dagbag.py:545} INFO - Filling up the DagBag from /opt/miniconda3/envs/airflow_env/lib/python3.11/site-packages/airflow/example_dags/example_complex.py
[2025-10-29T20:23:25.125-0700] {processor.py:840} INFO - DAG(s) 'example_complex' retrieved from /opt/miniconda3/envs/airflow_env/lib/python3.11/site-packages/airflow/example_dags/example_complex.py
[2025-10-29T20:23:25.224-0700] {logging_mixin.py:188} INFO - [2025-10-29T20:23:25.223-0700] {dag.py:3089} INFO - Sync 1 DAGs
[2025-10-29T20:23:25.233-0700] {logging_mixin.py:188} INFO - [2025-10-29T20:23:25.232-0700] {dag.py:3947} INFO - Setting next_dagrun for example_complex to None, run_after=None
[2025-10-29T20:23:25.249-0700] {processor.py:183} INFO - Processing /opt/miniconda3/envs/airflow_env/lib/python3.11/site-packages/airflow/example_dags/example_complex.py took 0.144 seconds
[2025-10-29T20:25:15.817-0700] {processor.py:161} INFO - Started process (PID=29265) to work on /opt/miniconda3/envs/airflow_env/lib/python3.11/site-packages/airflow/example_dags/example_complex.py
[2025-10-29T20:25:15.817-0700] {processor.py:830} INFO - Processing file /opt/miniconda3/envs/airflow_env/lib/python3.11/site-packages/airflow/example_dags/example_complex.py for tasks to queue
[2025-10-29T20:25:15.818-0700] {logging_mixin.py:188} INFO - [2025-10-29T20:25:15.818-0700] {dagbag.py:545} INFO - Filling up the DagBag from /opt/miniconda3/envs/airflow_env/lib/python3.11/site-packages/airflow/example_dags/example_complex.py
[2025-10-29T20:25:15.825-0700] {processor.py:840} INFO - DAG(s) 'example_complex' retrieved from /opt/miniconda3/envs/airflow_env/lib/python3.11/site-packages/airflow/example_dags/example_complex.py
[2025-10-29T20:25:15.879-0700] {logging_mixin.py:188} INFO - [2025-10-29T20:25:15.879-0700] {dag.py:3089} INFO - Sync 1 DAGs
[2025-10-29T20:25:15.884-0700] {logging_mixin.py:188} INFO - [2025-10-29T20:25:15.884-0700] {dag.py:3947} INFO - Setting next_dagrun for example_complex to None, run_after=None
[2025-10-29T20:25:15.894-0700] {processor.py:183} INFO - Processing /opt/miniconda3/envs/airflow_env/lib/python3.11/site-packages/airflow/example_dags/example_complex.py took 0.079 seconds
[2025-10-29T20:25:16.823-0700] {processor.py:161} INFO - Started process (PID=29267) to work on /opt/miniconda3/envs/airflow_env/lib/python3.11/site-packages/airflow/example_dags/example_complex.py
[2025-10-29T20:25:16.824-0700] {processor.py:830} INFO - Processing file /opt/miniconda3/envs/airflow_env/lib/python3.11/site-packages/airflow/example_dags/example_complex.py for tasks to queue
[2025-10-29T20:25:16.825-0700] {logging_mixin.py:188} INFO - [2025-10-29T20:25:16.825-0700] {dagbag.py:545} INFO - Filling up the DagBag from /opt/miniconda3/envs/airflow_env/lib/python3.11/site-packages/airflow/example_dags/example_complex.py
[2025-10-29T20:25:16.837-0700] {processor.py:840} INFO - DAG(s) 'example_complex' retrieved from /opt/miniconda3/envs/airflow_env/lib/python3.11/site-packages/airflow/example_dags/example_complex.py
[2025-10-29T20:25:16.937-0700] {logging_mixin.py:188} INFO - [2025-10-29T20:25:16.937-0700] {dag.py:3089} INFO - Sync 1 DAGs
[2025-10-29T20:25:16.946-0700] {logging_mixin.py:188} INFO - [2025-10-29T20:25:16.946-0700] {dag.py:3947} INFO - Setting next_dagrun for example_complex to None, run_after=None
[2025-10-29T20:25:16.962-0700] {processor.py:183} INFO - Processing /opt/miniconda3/envs/airflow_env/lib/python3.11/site-packages/airflow/example_dags/example_complex.py took 0.142 seconds
[2025-10-29T20:26:17.069-0700] {processor.py:161} INFO - Started process (PID=29482) to work on /opt/miniconda3/envs/airflow_env/lib/python3.11/site-packages/airflow/example_dags/example_complex.py
[2025-10-29T20:26:17.069-0700] {processor.py:830} INFO - Processing file /opt/miniconda3/envs/airflow_env/lib/python3.11/site-packages/airflow/example_dags/example_complex.py for tasks to queue
[2025-10-29T20:26:17.070-0700] {logging_mixin.py:188} INFO - [2025-10-29T20:26:17.070-0700] {dagbag.py:545} INFO - Filling up the DagBag from /opt/miniconda3/envs/airflow_env/lib/python3.11/site-packages/airflow/example_dags/example_complex.py
[2025-10-29T20:26:17.077-0700] {processor.py:840} INFO - DAG(s) 'example_complex' retrieved from /opt/miniconda3/envs/airflow_env/lib/python3.11/site-packages/airflow/example_dags/example_complex.py
[2025-10-29T20:26:17.131-0700] {logging_mixin.py:188} INFO - [2025-10-29T20:26:17.131-0700] {dag.py:3089} INFO - Sync 1 DAGs
[2025-10-29T20:26:17.137-0700] {logging_mixin.py:188} INFO - [2025-10-29T20:26:17.136-0700] {dag.py:3947} INFO - Setting next_dagrun for example_complex to None, run_after=None
[2025-10-29T20:26:17.146-0700] {processor.py:183} INFO - Processing /opt/miniconda3/envs/airflow_env/lib/python3.11/site-packages/airflow/example_dags/example_complex.py took 0.080 seconds
[2025-10-29T20:28:00.850-0700] {processor.py:161} INFO - Started process (PID=29835) to work on /opt/miniconda3/envs/airflow_env/lib/python3.11/site-packages/airflow/example_dags/example_complex.py
[2025-10-29T20:28:00.851-0700] {processor.py:830} INFO - Processing file /opt/miniconda3/envs/airflow_env/lib/python3.11/site-packages/airflow/example_dags/example_complex.py for tasks to queue
[2025-10-29T20:28:00.852-0700] {logging_mixin.py:188} INFO - [2025-10-29T20:28:00.851-0700] {dagbag.py:545} INFO - Filling up the DagBag from /opt/miniconda3/envs/airflow_env/lib/python3.11/site-packages/airflow/example_dags/example_complex.py
[2025-10-29T20:28:00.860-0700] {processor.py:840} INFO - DAG(s) 'example_complex' retrieved from /opt/miniconda3/envs/airflow_env/lib/python3.11/site-packages/airflow/example_dags/example_complex.py
[2025-10-29T20:28:00.922-0700] {logging_mixin.py:188} INFO - [2025-10-29T20:28:00.921-0700] {dag.py:3089} INFO - Sync 1 DAGs
[2025-10-29T20:28:00.928-0700] {logging_mixin.py:188} INFO - [2025-10-29T20:28:00.928-0700] {dag.py:3947} INFO - Setting next_dagrun for example_complex to None, run_after=None
[2025-10-29T20:28:00.939-0700] {processor.py:183} INFO - Processing /opt/miniconda3/envs/airflow_env/lib/python3.11/site-packages/airflow/example_dags/example_complex.py took 0.091 seconds
[2025-10-29T20:28:03.667-0700] {processor.py:161} INFO - Started process (PID=29842) to work on /opt/miniconda3/envs/airflow_env/lib/python3.11/site-packages/airflow/example_dags/example_complex.py
[2025-10-29T20:28:03.668-0700] {processor.py:830} INFO - Processing file /opt/miniconda3/envs/airflow_env/lib/python3.11/site-packages/airflow/example_dags/example_complex.py for tasks to queue
[2025-10-29T20:28:03.668-0700] {logging_mixin.py:188} INFO - [2025-10-29T20:28:03.668-0700] {dagbag.py:545} INFO - Filling up the DagBag from /opt/miniconda3/envs/airflow_env/lib/python3.11/site-packages/airflow/example_dags/example_complex.py
[2025-10-29T20:28:03.677-0700] {processor.py:840} INFO - DAG(s) 'example_complex' retrieved from /opt/miniconda3/envs/airflow_env/lib/python3.11/site-packages/airflow/example_dags/example_complex.py
[2025-10-29T20:28:03.754-0700] {logging_mixin.py:188} INFO - [2025-10-29T20:28:03.754-0700] {dag.py:3089} INFO - Sync 1 DAGs
[2025-10-29T20:28:03.763-0700] {logging_mixin.py:188} INFO - [2025-10-29T20:28:03.763-0700] {dag.py:3947} INFO - Setting next_dagrun for example_complex to None, run_after=None
[2025-10-29T20:28:03.779-0700] {processor.py:183} INFO - Processing /opt/miniconda3/envs/airflow_env/lib/python3.11/site-packages/airflow/example_dags/example_complex.py took 0.114 seconds
[2025-10-29T20:29:07.481-0700] {processor.py:161} INFO - Started process (PID=30061) to work on /opt/miniconda3/envs/airflow_env/lib/python3.11/site-packages/airflow/example_dags/example_complex.py
[2025-10-29T20:29:07.482-0700] {processor.py:830} INFO - Processing file /opt/miniconda3/envs/airflow_env/lib/python3.11/site-packages/airflow/example_dags/example_complex.py for tasks to queue
[2025-10-29T20:29:07.483-0700] {logging_mixin.py:188} INFO - [2025-10-29T20:29:07.483-0700] {dagbag.py:545} INFO - Filling up the DagBag from /opt/miniconda3/envs/airflow_env/lib/python3.11/site-packages/airflow/example_dags/example_complex.py
[2025-10-29T20:29:07.496-0700] {processor.py:840} INFO - DAG(s) 'example_complex' retrieved from /opt/miniconda3/envs/airflow_env/lib/python3.11/site-packages/airflow/example_dags/example_complex.py
[2025-10-29T20:29:07.590-0700] {logging_mixin.py:188} INFO - [2025-10-29T20:29:07.589-0700] {dag.py:3089} INFO - Sync 1 DAGs
[2025-10-29T20:29:07.599-0700] {logging_mixin.py:188} INFO - [2025-10-29T20:29:07.598-0700] {dag.py:3947} INFO - Setting next_dagrun for example_complex to None, run_after=None
[2025-10-29T20:29:07.615-0700] {processor.py:183} INFO - Processing /opt/miniconda3/envs/airflow_env/lib/python3.11/site-packages/airflow/example_dags/example_complex.py took 0.136 seconds
