[2025-10-29T18:40:48.005-0700] {processor.py:161} INFO - Started process (PID=5171) to work on /opt/miniconda3/envs/airflow_env/lib/python3.11/site-packages/airflow/example_dags/example_setup_teardown.py
[2025-10-29T18:40:48.006-0700] {processor.py:830} INFO - Processing file /opt/miniconda3/envs/airflow_env/lib/python3.11/site-packages/airflow/example_dags/example_setup_teardown.py for tasks to queue
[2025-10-29T18:40:48.006-0700] {logging_mixin.py:188} INFO - [2025-10-29T18:40:48.006-0700] {dagbag.py:545} INFO - Filling up the DagBag from /opt/miniconda3/envs/airflow_env/lib/python3.11/site-packages/airflow/example_dags/example_setup_teardown.py
[2025-10-29T18:40:48.011-0700] {processor.py:840} INFO - DAG(s) 'example_setup_teardown' retrieved from /opt/miniconda3/envs/airflow_env/lib/python3.11/site-packages/airflow/example_dags/example_setup_teardown.py
[2025-10-29T18:40:48.109-0700] {logging_mixin.py:188} INFO - [2025-10-29T18:40:48.109-0700] {override.py:1930} INFO - Created Permission View: can edit on DAG:example_setup_teardown
[2025-10-29T18:40:48.114-0700] {logging_mixin.py:188} INFO - [2025-10-29T18:40:48.114-0700] {override.py:1930} INFO - Created Permission View: can read on DAG:example_setup_teardown
[2025-10-29T18:40:48.117-0700] {logging_mixin.py:188} INFO - [2025-10-29T18:40:48.116-0700] {override.py:1930} INFO - Created Permission View: can delete on DAG:example_setup_teardown
[2025-10-29T18:40:48.117-0700] {logging_mixin.py:188} INFO - [2025-10-29T18:40:48.117-0700] {dag.py:3089} INFO - Sync 1 DAGs
[2025-10-29T18:40:48.122-0700] {logging_mixin.py:188} INFO - [2025-10-29T18:40:48.122-0700] {dag.py:3111} INFO - Creating ORM DAG for example_setup_teardown
[2025-10-29T18:40:48.126-0700] {logging_mixin.py:188} INFO - [2025-10-29T18:40:48.126-0700] {dag.py:3947} INFO - Setting next_dagrun for example_setup_teardown to 2025-10-29 00:00:00+00:00, run_after=2025-10-30 00:00:00+00:00
[2025-10-29T18:40:48.136-0700] {processor.py:183} INFO - Processing /opt/miniconda3/envs/airflow_env/lib/python3.11/site-packages/airflow/example_dags/example_setup_teardown.py took 0.132 seconds
[2025-10-29T18:42:27.321-0700] {processor.py:161} INFO - Started process (PID=5363) to work on /opt/miniconda3/envs/airflow_env/lib/python3.11/site-packages/airflow/example_dags/example_setup_teardown.py
[2025-10-29T18:42:27.321-0700] {processor.py:830} INFO - Processing file /opt/miniconda3/envs/airflow_env/lib/python3.11/site-packages/airflow/example_dags/example_setup_teardown.py for tasks to queue
[2025-10-29T18:42:27.322-0700] {logging_mixin.py:188} INFO - [2025-10-29T18:42:27.322-0700] {dagbag.py:545} INFO - Filling up the DagBag from /opt/miniconda3/envs/airflow_env/lib/python3.11/site-packages/airflow/example_dags/example_setup_teardown.py
[2025-10-29T18:42:27.326-0700] {processor.py:840} INFO - DAG(s) 'example_setup_teardown' retrieved from /opt/miniconda3/envs/airflow_env/lib/python3.11/site-packages/airflow/example_dags/example_setup_teardown.py
[2025-10-29T18:42:27.376-0700] {logging_mixin.py:188} INFO - [2025-10-29T18:42:27.376-0700] {dag.py:3089} INFO - Sync 1 DAGs
[2025-10-29T18:42:27.385-0700] {logging_mixin.py:188} INFO - [2025-10-29T18:42:27.385-0700] {dag.py:3947} INFO - Setting next_dagrun for example_setup_teardown to 2025-10-29 00:00:00+00:00, run_after=2025-10-30 00:00:00+00:00
[2025-10-29T18:42:27.395-0700] {processor.py:183} INFO - Processing /opt/miniconda3/envs/airflow_env/lib/python3.11/site-packages/airflow/example_dags/example_setup_teardown.py took 0.076 seconds
[2025-10-29T18:44:46.615-0700] {processor.py:161} INFO - Started process (PID=5624) to work on /opt/miniconda3/envs/airflow_env/lib/python3.11/site-packages/airflow/example_dags/example_setup_teardown.py
[2025-10-29T18:44:46.617-0700] {processor.py:830} INFO - Processing file /opt/miniconda3/envs/airflow_env/lib/python3.11/site-packages/airflow/example_dags/example_setup_teardown.py for tasks to queue
[2025-10-29T18:44:46.617-0700] {logging_mixin.py:188} INFO - [2025-10-29T18:44:46.617-0700] {dagbag.py:545} INFO - Filling up the DagBag from /opt/miniconda3/envs/airflow_env/lib/python3.11/site-packages/airflow/example_dags/example_setup_teardown.py
[2025-10-29T18:44:46.621-0700] {processor.py:840} INFO - DAG(s) 'example_setup_teardown' retrieved from /opt/miniconda3/envs/airflow_env/lib/python3.11/site-packages/airflow/example_dags/example_setup_teardown.py
[2025-10-29T18:44:46.671-0700] {logging_mixin.py:188} INFO - [2025-10-29T18:44:46.670-0700] {dag.py:3089} INFO - Sync 1 DAGs
[2025-10-29T18:44:46.680-0700] {logging_mixin.py:188} INFO - [2025-10-29T18:44:46.679-0700] {dag.py:3947} INFO - Setting next_dagrun for example_setup_teardown to 2025-10-29 00:00:00+00:00, run_after=2025-10-30 00:00:00+00:00
[2025-10-29T18:44:46.689-0700] {processor.py:183} INFO - Processing /opt/miniconda3/envs/airflow_env/lib/python3.11/site-packages/airflow/example_dags/example_setup_teardown.py took 0.075 seconds
[2025-10-29T18:47:13.265-0700] {processor.py:161} INFO - Started process (PID=5888) to work on /opt/miniconda3/envs/airflow_env/lib/python3.11/site-packages/airflow/example_dags/example_setup_teardown.py
[2025-10-29T18:47:13.266-0700] {processor.py:830} INFO - Processing file /opt/miniconda3/envs/airflow_env/lib/python3.11/site-packages/airflow/example_dags/example_setup_teardown.py for tasks to queue
[2025-10-29T18:47:13.266-0700] {logging_mixin.py:188} INFO - [2025-10-29T18:47:13.266-0700] {dagbag.py:545} INFO - Filling up the DagBag from /opt/miniconda3/envs/airflow_env/lib/python3.11/site-packages/airflow/example_dags/example_setup_teardown.py
[2025-10-29T18:47:13.270-0700] {processor.py:840} INFO - DAG(s) 'example_setup_teardown' retrieved from /opt/miniconda3/envs/airflow_env/lib/python3.11/site-packages/airflow/example_dags/example_setup_teardown.py
[2025-10-29T18:47:13.319-0700] {logging_mixin.py:188} INFO - [2025-10-29T18:47:13.319-0700] {dag.py:3089} INFO - Sync 1 DAGs
[2025-10-29T18:47:13.328-0700] {logging_mixin.py:188} INFO - [2025-10-29T18:47:13.328-0700] {dag.py:3947} INFO - Setting next_dagrun for example_setup_teardown to 2025-10-29 00:00:00+00:00, run_after=2025-10-30 00:00:00+00:00
[2025-10-29T18:47:13.338-0700] {processor.py:183} INFO - Processing /opt/miniconda3/envs/airflow_env/lib/python3.11/site-packages/airflow/example_dags/example_setup_teardown.py took 0.074 seconds
[2025-10-29T18:49:38.679-0700] {processor.py:161} INFO - Started process (PID=7350) to work on /opt/miniconda3/envs/airflow_env/lib/python3.11/site-packages/airflow/example_dags/example_setup_teardown.py
[2025-10-29T18:49:38.679-0700] {processor.py:830} INFO - Processing file /opt/miniconda3/envs/airflow_env/lib/python3.11/site-packages/airflow/example_dags/example_setup_teardown.py for tasks to queue
[2025-10-29T18:49:38.680-0700] {logging_mixin.py:188} INFO - [2025-10-29T18:49:38.680-0700] {dagbag.py:545} INFO - Filling up the DagBag from /opt/miniconda3/envs/airflow_env/lib/python3.11/site-packages/airflow/example_dags/example_setup_teardown.py
[2025-10-29T18:49:38.684-0700] {processor.py:840} INFO - DAG(s) 'example_setup_teardown' retrieved from /opt/miniconda3/envs/airflow_env/lib/python3.11/site-packages/airflow/example_dags/example_setup_teardown.py
[2025-10-29T18:49:38.733-0700] {logging_mixin.py:188} INFO - [2025-10-29T18:49:38.733-0700] {dag.py:3089} INFO - Sync 1 DAGs
[2025-10-29T18:49:38.742-0700] {logging_mixin.py:188} INFO - [2025-10-29T18:49:38.742-0700] {dag.py:3947} INFO - Setting next_dagrun for example_setup_teardown to 2025-10-29 00:00:00+00:00, run_after=2025-10-30 00:00:00+00:00
[2025-10-29T18:49:38.751-0700] {processor.py:183} INFO - Processing /opt/miniconda3/envs/airflow_env/lib/python3.11/site-packages/airflow/example_dags/example_setup_teardown.py took 0.075 seconds
[2025-10-29T18:52:00.143-0700] {processor.py:161} INFO - Started process (PID=9938) to work on /opt/miniconda3/envs/airflow_env/lib/python3.11/site-packages/airflow/example_dags/example_setup_teardown.py
[2025-10-29T18:52:00.144-0700] {processor.py:830} INFO - Processing file /opt/miniconda3/envs/airflow_env/lib/python3.11/site-packages/airflow/example_dags/example_setup_teardown.py for tasks to queue
[2025-10-29T18:52:00.144-0700] {logging_mixin.py:188} INFO - [2025-10-29T18:52:00.144-0700] {dagbag.py:545} INFO - Filling up the DagBag from /opt/miniconda3/envs/airflow_env/lib/python3.11/site-packages/airflow/example_dags/example_setup_teardown.py
[2025-10-29T18:52:00.148-0700] {processor.py:840} INFO - DAG(s) 'example_setup_teardown' retrieved from /opt/miniconda3/envs/airflow_env/lib/python3.11/site-packages/airflow/example_dags/example_setup_teardown.py
[2025-10-29T18:52:00.197-0700] {logging_mixin.py:188} INFO - [2025-10-29T18:52:00.197-0700] {dag.py:3089} INFO - Sync 1 DAGs
[2025-10-29T18:52:00.206-0700] {logging_mixin.py:188} INFO - [2025-10-29T18:52:00.206-0700] {dag.py:3947} INFO - Setting next_dagrun for example_setup_teardown to 2025-10-29 00:00:00+00:00, run_after=2025-10-30 00:00:00+00:00
[2025-10-29T18:52:00.215-0700] {processor.py:183} INFO - Processing /opt/miniconda3/envs/airflow_env/lib/python3.11/site-packages/airflow/example_dags/example_setup_teardown.py took 0.074 seconds
[2025-10-29T18:54:18.896-0700] {processor.py:161} INFO - Started process (PID=10205) to work on /opt/miniconda3/envs/airflow_env/lib/python3.11/site-packages/airflow/example_dags/example_setup_teardown.py
[2025-10-29T18:54:18.898-0700] {processor.py:830} INFO - Processing file /opt/miniconda3/envs/airflow_env/lib/python3.11/site-packages/airflow/example_dags/example_setup_teardown.py for tasks to queue
[2025-10-29T18:54:18.899-0700] {logging_mixin.py:188} INFO - [2025-10-29T18:54:18.899-0700] {dagbag.py:545} INFO - Filling up the DagBag from /opt/miniconda3/envs/airflow_env/lib/python3.11/site-packages/airflow/example_dags/example_setup_teardown.py
[2025-10-29T18:54:18.903-0700] {processor.py:840} INFO - DAG(s) 'example_setup_teardown' retrieved from /opt/miniconda3/envs/airflow_env/lib/python3.11/site-packages/airflow/example_dags/example_setup_teardown.py
[2025-10-29T18:54:18.952-0700] {logging_mixin.py:188} INFO - [2025-10-29T18:54:18.952-0700] {dag.py:3089} INFO - Sync 1 DAGs
[2025-10-29T18:54:18.962-0700] {logging_mixin.py:188} INFO - [2025-10-29T18:54:18.962-0700] {dag.py:3947} INFO - Setting next_dagrun for example_setup_teardown to 2025-10-29 00:00:00+00:00, run_after=2025-10-30 00:00:00+00:00
[2025-10-29T18:54:18.972-0700] {processor.py:183} INFO - Processing /opt/miniconda3/envs/airflow_env/lib/python3.11/site-packages/airflow/example_dags/example_setup_teardown.py took 0.078 seconds
[2025-10-29T18:56:41.750-0700] {processor.py:161} INFO - Started process (PID=10458) to work on /opt/miniconda3/envs/airflow_env/lib/python3.11/site-packages/airflow/example_dags/example_setup_teardown.py
[2025-10-29T18:56:41.751-0700] {processor.py:830} INFO - Processing file /opt/miniconda3/envs/airflow_env/lib/python3.11/site-packages/airflow/example_dags/example_setup_teardown.py for tasks to queue
[2025-10-29T18:56:41.752-0700] {logging_mixin.py:188} INFO - [2025-10-29T18:56:41.752-0700] {dagbag.py:545} INFO - Filling up the DagBag from /opt/miniconda3/envs/airflow_env/lib/python3.11/site-packages/airflow/example_dags/example_setup_teardown.py
[2025-10-29T18:56:41.756-0700] {processor.py:840} INFO - DAG(s) 'example_setup_teardown' retrieved from /opt/miniconda3/envs/airflow_env/lib/python3.11/site-packages/airflow/example_dags/example_setup_teardown.py
[2025-10-29T18:56:41.804-0700] {logging_mixin.py:188} INFO - [2025-10-29T18:56:41.804-0700] {dag.py:3089} INFO - Sync 1 DAGs
[2025-10-29T18:56:41.813-0700] {logging_mixin.py:188} INFO - [2025-10-29T18:56:41.813-0700] {dag.py:3947} INFO - Setting next_dagrun for example_setup_teardown to 2025-10-29 00:00:00+00:00, run_after=2025-10-30 00:00:00+00:00
[2025-10-29T18:56:41.823-0700] {processor.py:183} INFO - Processing /opt/miniconda3/envs/airflow_env/lib/python3.11/site-packages/airflow/example_dags/example_setup_teardown.py took 0.075 seconds
[2025-10-29T18:59:22.345-0700] {processor.py:161} INFO - Started process (PID=10797) to work on /opt/miniconda3/envs/airflow_env/lib/python3.11/site-packages/airflow/example_dags/example_setup_teardown.py
[2025-10-29T18:59:22.345-0700] {processor.py:830} INFO - Processing file /opt/miniconda3/envs/airflow_env/lib/python3.11/site-packages/airflow/example_dags/example_setup_teardown.py for tasks to queue
[2025-10-29T18:59:22.346-0700] {logging_mixin.py:188} INFO - [2025-10-29T18:59:22.346-0700] {dagbag.py:545} INFO - Filling up the DagBag from /opt/miniconda3/envs/airflow_env/lib/python3.11/site-packages/airflow/example_dags/example_setup_teardown.py
[2025-10-29T18:59:22.350-0700] {processor.py:840} INFO - DAG(s) 'example_setup_teardown' retrieved from /opt/miniconda3/envs/airflow_env/lib/python3.11/site-packages/airflow/example_dags/example_setup_teardown.py
[2025-10-29T18:59:22.438-0700] {logging_mixin.py:188} INFO - [2025-10-29T18:59:22.438-0700] {dag.py:3089} INFO - Sync 1 DAGs
[2025-10-29T18:59:22.446-0700] {logging_mixin.py:188} INFO - [2025-10-29T18:59:22.446-0700] {dag.py:3947} INFO - Setting next_dagrun for example_setup_teardown to 2025-10-29 00:00:00+00:00, run_after=2025-10-30 00:00:00+00:00
[2025-10-29T18:59:22.456-0700] {processor.py:183} INFO - Processing /opt/miniconda3/envs/airflow_env/lib/python3.11/site-packages/airflow/example_dags/example_setup_teardown.py took 0.114 seconds
[2025-10-29T19:01:05.112-0700] {processor.py:161} INFO - Started process (PID=10975) to work on /opt/miniconda3/envs/airflow_env/lib/python3.11/site-packages/airflow/example_dags/example_setup_teardown.py
[2025-10-29T19:01:05.113-0700] {processor.py:830} INFO - Processing file /opt/miniconda3/envs/airflow_env/lib/python3.11/site-packages/airflow/example_dags/example_setup_teardown.py for tasks to queue
[2025-10-29T19:01:05.113-0700] {logging_mixin.py:188} INFO - [2025-10-29T19:01:05.113-0700] {dagbag.py:545} INFO - Filling up the DagBag from /opt/miniconda3/envs/airflow_env/lib/python3.11/site-packages/airflow/example_dags/example_setup_teardown.py
[2025-10-29T19:01:05.118-0700] {processor.py:840} INFO - DAG(s) 'example_setup_teardown' retrieved from /opt/miniconda3/envs/airflow_env/lib/python3.11/site-packages/airflow/example_dags/example_setup_teardown.py
[2025-10-29T19:01:05.166-0700] {logging_mixin.py:188} INFO - [2025-10-29T19:01:05.166-0700] {dag.py:3089} INFO - Sync 1 DAGs
[2025-10-29T19:01:05.175-0700] {logging_mixin.py:188} INFO - [2025-10-29T19:01:05.175-0700] {dag.py:3947} INFO - Setting next_dagrun for example_setup_teardown to 2025-10-29 00:00:00+00:00, run_after=2025-10-30 00:00:00+00:00
[2025-10-29T19:01:05.185-0700] {processor.py:183} INFO - Processing /opt/miniconda3/envs/airflow_env/lib/python3.11/site-packages/airflow/example_dags/example_setup_teardown.py took 0.075 seconds
[2025-10-29T19:03:29.540-0700] {processor.py:161} INFO - Started process (PID=11235) to work on /opt/miniconda3/envs/airflow_env/lib/python3.11/site-packages/airflow/example_dags/example_setup_teardown.py
[2025-10-29T19:03:29.541-0700] {processor.py:830} INFO - Processing file /opt/miniconda3/envs/airflow_env/lib/python3.11/site-packages/airflow/example_dags/example_setup_teardown.py for tasks to queue
[2025-10-29T19:03:29.541-0700] {logging_mixin.py:188} INFO - [2025-10-29T19:03:29.541-0700] {dagbag.py:545} INFO - Filling up the DagBag from /opt/miniconda3/envs/airflow_env/lib/python3.11/site-packages/airflow/example_dags/example_setup_teardown.py
[2025-10-29T19:03:29.546-0700] {processor.py:840} INFO - DAG(s) 'example_setup_teardown' retrieved from /opt/miniconda3/envs/airflow_env/lib/python3.11/site-packages/airflow/example_dags/example_setup_teardown.py
[2025-10-29T19:03:29.596-0700] {logging_mixin.py:188} INFO - [2025-10-29T19:03:29.595-0700] {dag.py:3089} INFO - Sync 1 DAGs
[2025-10-29T19:03:29.605-0700] {logging_mixin.py:188} INFO - [2025-10-29T19:03:29.604-0700] {dag.py:3947} INFO - Setting next_dagrun for example_setup_teardown to 2025-10-29 00:00:00+00:00, run_after=2025-10-30 00:00:00+00:00
[2025-10-29T19:03:29.615-0700] {processor.py:183} INFO - Processing /opt/miniconda3/envs/airflow_env/lib/python3.11/site-packages/airflow/example_dags/example_setup_teardown.py took 0.076 seconds
[2025-10-29T19:05:58.814-0700] {processor.py:161} INFO - Started process (PID=11500) to work on /opt/miniconda3/envs/airflow_env/lib/python3.11/site-packages/airflow/example_dags/example_setup_teardown.py
[2025-10-29T19:05:58.815-0700] {processor.py:830} INFO - Processing file /opt/miniconda3/envs/airflow_env/lib/python3.11/site-packages/airflow/example_dags/example_setup_teardown.py for tasks to queue
[2025-10-29T19:05:58.815-0700] {logging_mixin.py:188} INFO - [2025-10-29T19:05:58.815-0700] {dagbag.py:545} INFO - Filling up the DagBag from /opt/miniconda3/envs/airflow_env/lib/python3.11/site-packages/airflow/example_dags/example_setup_teardown.py
[2025-10-29T19:05:58.819-0700] {processor.py:840} INFO - DAG(s) 'example_setup_teardown' retrieved from /opt/miniconda3/envs/airflow_env/lib/python3.11/site-packages/airflow/example_dags/example_setup_teardown.py
[2025-10-29T19:05:58.868-0700] {logging_mixin.py:188} INFO - [2025-10-29T19:05:58.868-0700] {dag.py:3089} INFO - Sync 1 DAGs
[2025-10-29T19:05:58.878-0700] {logging_mixin.py:188} INFO - [2025-10-29T19:05:58.878-0700] {dag.py:3947} INFO - Setting next_dagrun for example_setup_teardown to 2025-10-29 00:00:00+00:00, run_after=2025-10-30 00:00:00+00:00
[2025-10-29T19:05:58.887-0700] {processor.py:183} INFO - Processing /opt/miniconda3/envs/airflow_env/lib/python3.11/site-packages/airflow/example_dags/example_setup_teardown.py took 0.075 seconds
[2025-10-29T19:08:27.864-0700] {processor.py:161} INFO - Started process (PID=11754) to work on /opt/miniconda3/envs/airflow_env/lib/python3.11/site-packages/airflow/example_dags/example_setup_teardown.py
[2025-10-29T19:08:27.865-0700] {processor.py:830} INFO - Processing file /opt/miniconda3/envs/airflow_env/lib/python3.11/site-packages/airflow/example_dags/example_setup_teardown.py for tasks to queue
[2025-10-29T19:08:27.866-0700] {logging_mixin.py:188} INFO - [2025-10-29T19:08:27.865-0700] {dagbag.py:545} INFO - Filling up the DagBag from /opt/miniconda3/envs/airflow_env/lib/python3.11/site-packages/airflow/example_dags/example_setup_teardown.py
[2025-10-29T19:08:27.870-0700] {processor.py:840} INFO - DAG(s) 'example_setup_teardown' retrieved from /opt/miniconda3/envs/airflow_env/lib/python3.11/site-packages/airflow/example_dags/example_setup_teardown.py
[2025-10-29T19:08:27.918-0700] {logging_mixin.py:188} INFO - [2025-10-29T19:08:27.918-0700] {dag.py:3089} INFO - Sync 1 DAGs
[2025-10-29T19:08:27.927-0700] {logging_mixin.py:188} INFO - [2025-10-29T19:08:27.927-0700] {dag.py:3947} INFO - Setting next_dagrun for example_setup_teardown to 2025-10-29 00:00:00+00:00, run_after=2025-10-30 00:00:00+00:00
[2025-10-29T19:08:27.936-0700] {processor.py:183} INFO - Processing /opt/miniconda3/envs/airflow_env/lib/python3.11/site-packages/airflow/example_dags/example_setup_teardown.py took 0.074 seconds
[2025-10-29T19:10:53.975-0700] {processor.py:161} INFO - Started process (PID=12007) to work on /opt/miniconda3/envs/airflow_env/lib/python3.11/site-packages/airflow/example_dags/example_setup_teardown.py
[2025-10-29T19:10:53.975-0700] {processor.py:830} INFO - Processing file /opt/miniconda3/envs/airflow_env/lib/python3.11/site-packages/airflow/example_dags/example_setup_teardown.py for tasks to queue
[2025-10-29T19:10:53.976-0700] {logging_mixin.py:188} INFO - [2025-10-29T19:10:53.976-0700] {dagbag.py:545} INFO - Filling up the DagBag from /opt/miniconda3/envs/airflow_env/lib/python3.11/site-packages/airflow/example_dags/example_setup_teardown.py
[2025-10-29T19:10:53.980-0700] {processor.py:840} INFO - DAG(s) 'example_setup_teardown' retrieved from /opt/miniconda3/envs/airflow_env/lib/python3.11/site-packages/airflow/example_dags/example_setup_teardown.py
[2025-10-29T19:10:54.029-0700] {logging_mixin.py:188} INFO - [2025-10-29T19:10:54.029-0700] {dag.py:3089} INFO - Sync 1 DAGs
[2025-10-29T19:10:54.039-0700] {logging_mixin.py:188} INFO - [2025-10-29T19:10:54.038-0700] {dag.py:3947} INFO - Setting next_dagrun for example_setup_teardown to 2025-10-29 00:00:00+00:00, run_after=2025-10-30 00:00:00+00:00
[2025-10-29T19:10:54.048-0700] {processor.py:183} INFO - Processing /opt/miniconda3/envs/airflow_env/lib/python3.11/site-packages/airflow/example_dags/example_setup_teardown.py took 0.075 seconds
[2025-10-29T19:13:25.855-0700] {processor.py:161} INFO - Started process (PID=12291) to work on /opt/miniconda3/envs/airflow_env/lib/python3.11/site-packages/airflow/example_dags/example_setup_teardown.py
[2025-10-29T19:13:25.857-0700] {processor.py:830} INFO - Processing file /opt/miniconda3/envs/airflow_env/lib/python3.11/site-packages/airflow/example_dags/example_setup_teardown.py for tasks to queue
[2025-10-29T19:13:25.857-0700] {logging_mixin.py:188} INFO - [2025-10-29T19:13:25.857-0700] {dagbag.py:545} INFO - Filling up the DagBag from /opt/miniconda3/envs/airflow_env/lib/python3.11/site-packages/airflow/example_dags/example_setup_teardown.py
[2025-10-29T19:13:25.861-0700] {processor.py:840} INFO - DAG(s) 'example_setup_teardown' retrieved from /opt/miniconda3/envs/airflow_env/lib/python3.11/site-packages/airflow/example_dags/example_setup_teardown.py
[2025-10-29T19:13:25.911-0700] {logging_mixin.py:188} INFO - [2025-10-29T19:13:25.911-0700] {dag.py:3089} INFO - Sync 1 DAGs
[2025-10-29T19:13:25.920-0700] {logging_mixin.py:188} INFO - [2025-10-29T19:13:25.920-0700] {dag.py:3947} INFO - Setting next_dagrun for example_setup_teardown to 2025-10-29 00:00:00+00:00, run_after=2025-10-30 00:00:00+00:00
[2025-10-29T19:13:25.929-0700] {processor.py:183} INFO - Processing /opt/miniconda3/envs/airflow_env/lib/python3.11/site-packages/airflow/example_dags/example_setup_teardown.py took 0.076 seconds
[2025-10-29T19:15:53.003-0700] {processor.py:161} INFO - Started process (PID=12541) to work on /opt/miniconda3/envs/airflow_env/lib/python3.11/site-packages/airflow/example_dags/example_setup_teardown.py
[2025-10-29T19:15:53.003-0700] {processor.py:830} INFO - Processing file /opt/miniconda3/envs/airflow_env/lib/python3.11/site-packages/airflow/example_dags/example_setup_teardown.py for tasks to queue
[2025-10-29T19:15:53.004-0700] {logging_mixin.py:188} INFO - [2025-10-29T19:15:53.004-0700] {dagbag.py:545} INFO - Filling up the DagBag from /opt/miniconda3/envs/airflow_env/lib/python3.11/site-packages/airflow/example_dags/example_setup_teardown.py
[2025-10-29T19:15:53.008-0700] {processor.py:840} INFO - DAG(s) 'example_setup_teardown' retrieved from /opt/miniconda3/envs/airflow_env/lib/python3.11/site-packages/airflow/example_dags/example_setup_teardown.py
[2025-10-29T19:15:53.057-0700] {logging_mixin.py:188} INFO - [2025-10-29T19:15:53.057-0700] {dag.py:3089} INFO - Sync 1 DAGs
[2025-10-29T19:15:53.066-0700] {logging_mixin.py:188} INFO - [2025-10-29T19:15:53.065-0700] {dag.py:3947} INFO - Setting next_dagrun for example_setup_teardown to 2025-10-29 00:00:00+00:00, run_after=2025-10-30 00:00:00+00:00
[2025-10-29T19:15:53.075-0700] {processor.py:183} INFO - Processing /opt/miniconda3/envs/airflow_env/lib/python3.11/site-packages/airflow/example_dags/example_setup_teardown.py took 0.074 seconds
[2025-10-29T19:18:21.854-0700] {processor.py:161} INFO - Started process (PID=12801) to work on /opt/miniconda3/envs/airflow_env/lib/python3.11/site-packages/airflow/example_dags/example_setup_teardown.py
[2025-10-29T19:18:21.856-0700] {processor.py:830} INFO - Processing file /opt/miniconda3/envs/airflow_env/lib/python3.11/site-packages/airflow/example_dags/example_setup_teardown.py for tasks to queue
[2025-10-29T19:18:21.856-0700] {logging_mixin.py:188} INFO - [2025-10-29T19:18:21.856-0700] {dagbag.py:545} INFO - Filling up the DagBag from /opt/miniconda3/envs/airflow_env/lib/python3.11/site-packages/airflow/example_dags/example_setup_teardown.py
[2025-10-29T19:18:21.861-0700] {processor.py:840} INFO - DAG(s) 'example_setup_teardown' retrieved from /opt/miniconda3/envs/airflow_env/lib/python3.11/site-packages/airflow/example_dags/example_setup_teardown.py
[2025-10-29T19:18:21.910-0700] {logging_mixin.py:188} INFO - [2025-10-29T19:18:21.910-0700] {dag.py:3089} INFO - Sync 1 DAGs
[2025-10-29T19:18:21.919-0700] {logging_mixin.py:188} INFO - [2025-10-29T19:18:21.919-0700] {dag.py:3947} INFO - Setting next_dagrun for example_setup_teardown to 2025-10-29 00:00:00+00:00, run_after=2025-10-30 00:00:00+00:00
[2025-10-29T19:18:21.929-0700] {processor.py:183} INFO - Processing /opt/miniconda3/envs/airflow_env/lib/python3.11/site-packages/airflow/example_dags/example_setup_teardown.py took 0.076 seconds
[2025-10-29T19:20:47.001-0700] {processor.py:161} INFO - Started process (PID=13062) to work on /opt/miniconda3/envs/airflow_env/lib/python3.11/site-packages/airflow/example_dags/example_setup_teardown.py
[2025-10-29T19:20:47.002-0700] {processor.py:830} INFO - Processing file /opt/miniconda3/envs/airflow_env/lib/python3.11/site-packages/airflow/example_dags/example_setup_teardown.py for tasks to queue
[2025-10-29T19:20:47.002-0700] {logging_mixin.py:188} INFO - [2025-10-29T19:20:47.002-0700] {dagbag.py:545} INFO - Filling up the DagBag from /opt/miniconda3/envs/airflow_env/lib/python3.11/site-packages/airflow/example_dags/example_setup_teardown.py
[2025-10-29T19:20:47.006-0700] {processor.py:840} INFO - DAG(s) 'example_setup_teardown' retrieved from /opt/miniconda3/envs/airflow_env/lib/python3.11/site-packages/airflow/example_dags/example_setup_teardown.py
[2025-10-29T19:20:47.057-0700] {logging_mixin.py:188} INFO - [2025-10-29T19:20:47.057-0700] {dag.py:3089} INFO - Sync 1 DAGs
[2025-10-29T19:20:47.066-0700] {logging_mixin.py:188} INFO - [2025-10-29T19:20:47.065-0700] {dag.py:3947} INFO - Setting next_dagrun for example_setup_teardown to 2025-10-29 00:00:00+00:00, run_after=2025-10-30 00:00:00+00:00
[2025-10-29T19:20:47.075-0700] {processor.py:183} INFO - Processing /opt/miniconda3/envs/airflow_env/lib/python3.11/site-packages/airflow/example_dags/example_setup_teardown.py took 0.076 seconds
[2025-10-29T19:23:12.973-0700] {processor.py:161} INFO - Started process (PID=13357) to work on /opt/miniconda3/envs/airflow_env/lib/python3.11/site-packages/airflow/example_dags/example_setup_teardown.py
[2025-10-29T19:23:12.974-0700] {processor.py:830} INFO - Processing file /opt/miniconda3/envs/airflow_env/lib/python3.11/site-packages/airflow/example_dags/example_setup_teardown.py for tasks to queue
[2025-10-29T19:23:12.974-0700] {logging_mixin.py:188} INFO - [2025-10-29T19:23:12.974-0700] {dagbag.py:545} INFO - Filling up the DagBag from /opt/miniconda3/envs/airflow_env/lib/python3.11/site-packages/airflow/example_dags/example_setup_teardown.py
[2025-10-29T19:23:12.978-0700] {processor.py:840} INFO - DAG(s) 'example_setup_teardown' retrieved from /opt/miniconda3/envs/airflow_env/lib/python3.11/site-packages/airflow/example_dags/example_setup_teardown.py
[2025-10-29T19:23:13.028-0700] {logging_mixin.py:188} INFO - [2025-10-29T19:23:13.028-0700] {dag.py:3089} INFO - Sync 1 DAGs
[2025-10-29T19:23:13.037-0700] {logging_mixin.py:188} INFO - [2025-10-29T19:23:13.037-0700] {dag.py:3947} INFO - Setting next_dagrun for example_setup_teardown to 2025-10-29 00:00:00+00:00, run_after=2025-10-30 00:00:00+00:00
[2025-10-29T19:23:13.046-0700] {processor.py:183} INFO - Processing /opt/miniconda3/envs/airflow_env/lib/python3.11/site-packages/airflow/example_dags/example_setup_teardown.py took 0.075 seconds
[2025-10-29T19:25:39.224-0700] {processor.py:161} INFO - Started process (PID=13822) to work on /opt/miniconda3/envs/airflow_env/lib/python3.11/site-packages/airflow/example_dags/example_setup_teardown.py
[2025-10-29T19:25:39.226-0700] {processor.py:830} INFO - Processing file /opt/miniconda3/envs/airflow_env/lib/python3.11/site-packages/airflow/example_dags/example_setup_teardown.py for tasks to queue
[2025-10-29T19:25:39.226-0700] {logging_mixin.py:188} INFO - [2025-10-29T19:25:39.226-0700] {dagbag.py:545} INFO - Filling up the DagBag from /opt/miniconda3/envs/airflow_env/lib/python3.11/site-packages/airflow/example_dags/example_setup_teardown.py
[2025-10-29T19:25:39.231-0700] {processor.py:840} INFO - DAG(s) 'example_setup_teardown' retrieved from /opt/miniconda3/envs/airflow_env/lib/python3.11/site-packages/airflow/example_dags/example_setup_teardown.py
[2025-10-29T19:25:39.279-0700] {logging_mixin.py:188} INFO - [2025-10-29T19:25:39.279-0700] {dag.py:3089} INFO - Sync 1 DAGs
[2025-10-29T19:25:39.288-0700] {logging_mixin.py:188} INFO - [2025-10-29T19:25:39.288-0700] {dag.py:3947} INFO - Setting next_dagrun for example_setup_teardown to 2025-10-29 00:00:00+00:00, run_after=2025-10-30 00:00:00+00:00
[2025-10-29T19:25:39.298-0700] {processor.py:183} INFO - Processing /opt/miniconda3/envs/airflow_env/lib/python3.11/site-packages/airflow/example_dags/example_setup_teardown.py took 0.076 seconds
[2025-10-29T19:28:06.327-0700] {processor.py:161} INFO - Started process (PID=14502) to work on /opt/miniconda3/envs/airflow_env/lib/python3.11/site-packages/airflow/example_dags/example_setup_teardown.py
[2025-10-29T19:28:06.327-0700] {processor.py:830} INFO - Processing file /opt/miniconda3/envs/airflow_env/lib/python3.11/site-packages/airflow/example_dags/example_setup_teardown.py for tasks to queue
[2025-10-29T19:28:06.327-0700] {logging_mixin.py:188} INFO - [2025-10-29T19:28:06.327-0700] {dagbag.py:545} INFO - Filling up the DagBag from /opt/miniconda3/envs/airflow_env/lib/python3.11/site-packages/airflow/example_dags/example_setup_teardown.py
[2025-10-29T19:28:06.332-0700] {processor.py:840} INFO - DAG(s) 'example_setup_teardown' retrieved from /opt/miniconda3/envs/airflow_env/lib/python3.11/site-packages/airflow/example_dags/example_setup_teardown.py
[2025-10-29T19:28:06.382-0700] {logging_mixin.py:188} INFO - [2025-10-29T19:28:06.382-0700] {dag.py:3089} INFO - Sync 1 DAGs
[2025-10-29T19:28:06.391-0700] {logging_mixin.py:188} INFO - [2025-10-29T19:28:06.391-0700] {dag.py:3947} INFO - Setting next_dagrun for example_setup_teardown to 2025-10-29 00:00:00+00:00, run_after=2025-10-30 00:00:00+00:00
[2025-10-29T19:28:06.401-0700] {processor.py:183} INFO - Processing /opt/miniconda3/envs/airflow_env/lib/python3.11/site-packages/airflow/example_dags/example_setup_teardown.py took 0.077 seconds
[2025-10-29T19:30:35.606-0700] {processor.py:161} INFO - Started process (PID=15182) to work on /opt/miniconda3/envs/airflow_env/lib/python3.11/site-packages/airflow/example_dags/example_setup_teardown.py
[2025-10-29T19:30:35.608-0700] {processor.py:830} INFO - Processing file /opt/miniconda3/envs/airflow_env/lib/python3.11/site-packages/airflow/example_dags/example_setup_teardown.py for tasks to queue
[2025-10-29T19:30:35.608-0700] {logging_mixin.py:188} INFO - [2025-10-29T19:30:35.608-0700] {dagbag.py:545} INFO - Filling up the DagBag from /opt/miniconda3/envs/airflow_env/lib/python3.11/site-packages/airflow/example_dags/example_setup_teardown.py
[2025-10-29T19:30:35.613-0700] {processor.py:840} INFO - DAG(s) 'example_setup_teardown' retrieved from /opt/miniconda3/envs/airflow_env/lib/python3.11/site-packages/airflow/example_dags/example_setup_teardown.py
[2025-10-29T19:30:35.662-0700] {logging_mixin.py:188} INFO - [2025-10-29T19:30:35.662-0700] {dag.py:3089} INFO - Sync 1 DAGs
[2025-10-29T19:30:35.671-0700] {logging_mixin.py:188} INFO - [2025-10-29T19:30:35.671-0700] {dag.py:3947} INFO - Setting next_dagrun for example_setup_teardown to 2025-10-29 00:00:00+00:00, run_after=2025-10-30 00:00:00+00:00
[2025-10-29T19:30:35.681-0700] {processor.py:183} INFO - Processing /opt/miniconda3/envs/airflow_env/lib/python3.11/site-packages/airflow/example_dags/example_setup_teardown.py took 0.076 seconds
[2025-10-29T19:33:05.780-0700] {processor.py:161} INFO - Started process (PID=15898) to work on /opt/miniconda3/envs/airflow_env/lib/python3.11/site-packages/airflow/example_dags/example_setup_teardown.py
[2025-10-29T19:33:05.781-0700] {processor.py:830} INFO - Processing file /opt/miniconda3/envs/airflow_env/lib/python3.11/site-packages/airflow/example_dags/example_setup_teardown.py for tasks to queue
[2025-10-29T19:33:05.781-0700] {logging_mixin.py:188} INFO - [2025-10-29T19:33:05.781-0700] {dagbag.py:545} INFO - Filling up the DagBag from /opt/miniconda3/envs/airflow_env/lib/python3.11/site-packages/airflow/example_dags/example_setup_teardown.py
[2025-10-29T19:33:05.786-0700] {processor.py:840} INFO - DAG(s) 'example_setup_teardown' retrieved from /opt/miniconda3/envs/airflow_env/lib/python3.11/site-packages/airflow/example_dags/example_setup_teardown.py
[2025-10-29T19:33:05.836-0700] {logging_mixin.py:188} INFO - [2025-10-29T19:33:05.836-0700] {dag.py:3089} INFO - Sync 1 DAGs
[2025-10-29T19:33:05.845-0700] {logging_mixin.py:188} INFO - [2025-10-29T19:33:05.845-0700] {dag.py:3947} INFO - Setting next_dagrun for example_setup_teardown to 2025-10-29 00:00:00+00:00, run_after=2025-10-30 00:00:00+00:00
[2025-10-29T19:33:05.854-0700] {processor.py:183} INFO - Processing /opt/miniconda3/envs/airflow_env/lib/python3.11/site-packages/airflow/example_dags/example_setup_teardown.py took 0.076 seconds
[2025-10-29T19:35:35.359-0700] {processor.py:161} INFO - Started process (PID=16587) to work on /opt/miniconda3/envs/airflow_env/lib/python3.11/site-packages/airflow/example_dags/example_setup_teardown.py
[2025-10-29T19:35:35.360-0700] {processor.py:830} INFO - Processing file /opt/miniconda3/envs/airflow_env/lib/python3.11/site-packages/airflow/example_dags/example_setup_teardown.py for tasks to queue
[2025-10-29T19:35:35.361-0700] {logging_mixin.py:188} INFO - [2025-10-29T19:35:35.361-0700] {dagbag.py:545} INFO - Filling up the DagBag from /opt/miniconda3/envs/airflow_env/lib/python3.11/site-packages/airflow/example_dags/example_setup_teardown.py
[2025-10-29T19:35:35.365-0700] {processor.py:840} INFO - DAG(s) 'example_setup_teardown' retrieved from /opt/miniconda3/envs/airflow_env/lib/python3.11/site-packages/airflow/example_dags/example_setup_teardown.py
[2025-10-29T19:35:35.415-0700] {logging_mixin.py:188} INFO - [2025-10-29T19:35:35.415-0700] {dag.py:3089} INFO - Sync 1 DAGs
[2025-10-29T19:35:35.424-0700] {logging_mixin.py:188} INFO - [2025-10-29T19:35:35.424-0700] {dag.py:3947} INFO - Setting next_dagrun for example_setup_teardown to 2025-10-29 00:00:00+00:00, run_after=2025-10-30 00:00:00+00:00
[2025-10-29T19:35:35.433-0700] {processor.py:183} INFO - Processing /opt/miniconda3/envs/airflow_env/lib/python3.11/site-packages/airflow/example_dags/example_setup_teardown.py took 0.076 seconds
[2025-10-29T19:38:05.476-0700] {processor.py:161} INFO - Started process (PID=17318) to work on /opt/miniconda3/envs/airflow_env/lib/python3.11/site-packages/airflow/example_dags/example_setup_teardown.py
[2025-10-29T19:38:05.477-0700] {processor.py:830} INFO - Processing file /opt/miniconda3/envs/airflow_env/lib/python3.11/site-packages/airflow/example_dags/example_setup_teardown.py for tasks to queue
[2025-10-29T19:38:05.478-0700] {logging_mixin.py:188} INFO - [2025-10-29T19:38:05.477-0700] {dagbag.py:545} INFO - Filling up the DagBag from /opt/miniconda3/envs/airflow_env/lib/python3.11/site-packages/airflow/example_dags/example_setup_teardown.py
[2025-10-29T19:38:05.482-0700] {processor.py:840} INFO - DAG(s) 'example_setup_teardown' retrieved from /opt/miniconda3/envs/airflow_env/lib/python3.11/site-packages/airflow/example_dags/example_setup_teardown.py
[2025-10-29T19:38:05.532-0700] {logging_mixin.py:188} INFO - [2025-10-29T19:38:05.531-0700] {dag.py:3089} INFO - Sync 1 DAGs
[2025-10-29T19:38:05.540-0700] {logging_mixin.py:188} INFO - [2025-10-29T19:38:05.540-0700] {dag.py:3947} INFO - Setting next_dagrun for example_setup_teardown to 2025-10-29 00:00:00+00:00, run_after=2025-10-30 00:00:00+00:00
[2025-10-29T19:38:05.551-0700] {processor.py:183} INFO - Processing /opt/miniconda3/envs/airflow_env/lib/python3.11/site-packages/airflow/example_dags/example_setup_teardown.py took 0.077 seconds
[2025-10-29T19:40:35.747-0700] {processor.py:161} INFO - Started process (PID=18020) to work on /opt/miniconda3/envs/airflow_env/lib/python3.11/site-packages/airflow/example_dags/example_setup_teardown.py
[2025-10-29T19:40:35.748-0700] {processor.py:830} INFO - Processing file /opt/miniconda3/envs/airflow_env/lib/python3.11/site-packages/airflow/example_dags/example_setup_teardown.py for tasks to queue
[2025-10-29T19:40:35.748-0700] {logging_mixin.py:188} INFO - [2025-10-29T19:40:35.748-0700] {dagbag.py:545} INFO - Filling up the DagBag from /opt/miniconda3/envs/airflow_env/lib/python3.11/site-packages/airflow/example_dags/example_setup_teardown.py
[2025-10-29T19:40:35.752-0700] {processor.py:840} INFO - DAG(s) 'example_setup_teardown' retrieved from /opt/miniconda3/envs/airflow_env/lib/python3.11/site-packages/airflow/example_dags/example_setup_teardown.py
[2025-10-29T19:40:35.803-0700] {logging_mixin.py:188} INFO - [2025-10-29T19:40:35.803-0700] {dag.py:3089} INFO - Sync 1 DAGs
[2025-10-29T19:40:35.812-0700] {logging_mixin.py:188} INFO - [2025-10-29T19:40:35.812-0700] {dag.py:3947} INFO - Setting next_dagrun for example_setup_teardown to 2025-10-29 00:00:00+00:00, run_after=2025-10-30 00:00:00+00:00
[2025-10-29T19:40:35.822-0700] {processor.py:183} INFO - Processing /opt/miniconda3/envs/airflow_env/lib/python3.11/site-packages/airflow/example_dags/example_setup_teardown.py took 0.077 seconds
[2025-10-29T19:43:02.629-0700] {processor.py:161} INFO - Started process (PID=18714) to work on /opt/miniconda3/envs/airflow_env/lib/python3.11/site-packages/airflow/example_dags/example_setup_teardown.py
[2025-10-29T19:43:02.630-0700] {processor.py:830} INFO - Processing file /opt/miniconda3/envs/airflow_env/lib/python3.11/site-packages/airflow/example_dags/example_setup_teardown.py for tasks to queue
[2025-10-29T19:43:02.631-0700] {logging_mixin.py:188} INFO - [2025-10-29T19:43:02.631-0700] {dagbag.py:545} INFO - Filling up the DagBag from /opt/miniconda3/envs/airflow_env/lib/python3.11/site-packages/airflow/example_dags/example_setup_teardown.py
[2025-10-29T19:43:02.635-0700] {processor.py:840} INFO - DAG(s) 'example_setup_teardown' retrieved from /opt/miniconda3/envs/airflow_env/lib/python3.11/site-packages/airflow/example_dags/example_setup_teardown.py
[2025-10-29T19:43:02.684-0700] {logging_mixin.py:188} INFO - [2025-10-29T19:43:02.684-0700] {dag.py:3089} INFO - Sync 1 DAGs
[2025-10-29T19:43:02.693-0700] {logging_mixin.py:188} INFO - [2025-10-29T19:43:02.693-0700] {dag.py:3947} INFO - Setting next_dagrun for example_setup_teardown to 2025-10-29 00:00:00+00:00, run_after=2025-10-30 00:00:00+00:00
[2025-10-29T19:43:02.702-0700] {processor.py:183} INFO - Processing /opt/miniconda3/envs/airflow_env/lib/python3.11/site-packages/airflow/example_dags/example_setup_teardown.py took 0.075 seconds
[2025-10-29T19:45:20.202-0700] {processor.py:161} INFO - Started process (PID=19447) to work on /opt/miniconda3/envs/airflow_env/lib/python3.11/site-packages/airflow/example_dags/example_setup_teardown.py
[2025-10-29T19:45:20.203-0700] {processor.py:830} INFO - Processing file /opt/miniconda3/envs/airflow_env/lib/python3.11/site-packages/airflow/example_dags/example_setup_teardown.py for tasks to queue
[2025-10-29T19:45:20.203-0700] {logging_mixin.py:188} INFO - [2025-10-29T19:45:20.203-0700] {dagbag.py:545} INFO - Filling up the DagBag from /opt/miniconda3/envs/airflow_env/lib/python3.11/site-packages/airflow/example_dags/example_setup_teardown.py
[2025-10-29T19:45:20.207-0700] {processor.py:840} INFO - DAG(s) 'example_setup_teardown' retrieved from /opt/miniconda3/envs/airflow_env/lib/python3.11/site-packages/airflow/example_dags/example_setup_teardown.py
[2025-10-29T19:45:20.257-0700] {logging_mixin.py:188} INFO - [2025-10-29T19:45:20.257-0700] {dag.py:3089} INFO - Sync 1 DAGs
[2025-10-29T19:45:20.265-0700] {logging_mixin.py:188} INFO - [2025-10-29T19:45:20.265-0700] {dag.py:3947} INFO - Setting next_dagrun for example_setup_teardown to 2025-10-29 00:00:00+00:00, run_after=2025-10-30 00:00:00+00:00
[2025-10-29T19:45:20.275-0700] {processor.py:183} INFO - Processing /opt/miniconda3/envs/airflow_env/lib/python3.11/site-packages/airflow/example_dags/example_setup_teardown.py took 0.074 seconds
[2025-10-29T19:46:58.451-0700] {processor.py:161} INFO - Started process (PID=19913) to work on /opt/miniconda3/envs/airflow_env/lib/python3.11/site-packages/airflow/example_dags/example_setup_teardown.py
[2025-10-29T19:46:58.452-0700] {processor.py:830} INFO - Processing file /opt/miniconda3/envs/airflow_env/lib/python3.11/site-packages/airflow/example_dags/example_setup_teardown.py for tasks to queue
[2025-10-29T19:46:58.452-0700] {logging_mixin.py:188} INFO - [2025-10-29T19:46:58.452-0700] {dagbag.py:545} INFO - Filling up the DagBag from /opt/miniconda3/envs/airflow_env/lib/python3.11/site-packages/airflow/example_dags/example_setup_teardown.py
[2025-10-29T19:46:58.457-0700] {processor.py:840} INFO - DAG(s) 'example_setup_teardown' retrieved from /opt/miniconda3/envs/airflow_env/lib/python3.11/site-packages/airflow/example_dags/example_setup_teardown.py
[2025-10-29T19:46:58.505-0700] {logging_mixin.py:188} INFO - [2025-10-29T19:46:58.505-0700] {dag.py:3089} INFO - Sync 1 DAGs
[2025-10-29T19:46:58.514-0700] {logging_mixin.py:188} INFO - [2025-10-29T19:46:58.514-0700] {dag.py:3947} INFO - Setting next_dagrun for example_setup_teardown to 2025-10-29 00:00:00+00:00, run_after=2025-10-30 00:00:00+00:00
[2025-10-29T19:46:58.523-0700] {processor.py:183} INFO - Processing /opt/miniconda3/envs/airflow_env/lib/python3.11/site-packages/airflow/example_dags/example_setup_teardown.py took 0.074 seconds
[2025-10-29T19:59:57.760-0700] {processor.py:161} INFO - Started process (PID=22976) to work on /opt/miniconda3/envs/airflow_env/lib/python3.11/site-packages/airflow/example_dags/example_setup_teardown.py
[2025-10-29T19:59:57.762-0700] {processor.py:830} INFO - Processing file /opt/miniconda3/envs/airflow_env/lib/python3.11/site-packages/airflow/example_dags/example_setup_teardown.py for tasks to queue
[2025-10-29T19:59:57.762-0700] {logging_mixin.py:188} INFO - [2025-10-29T19:59:57.762-0700] {dagbag.py:545} INFO - Filling up the DagBag from /opt/miniconda3/envs/airflow_env/lib/python3.11/site-packages/airflow/example_dags/example_setup_teardown.py
[2025-10-29T19:59:57.766-0700] {processor.py:840} INFO - DAG(s) 'example_setup_teardown' retrieved from /opt/miniconda3/envs/airflow_env/lib/python3.11/site-packages/airflow/example_dags/example_setup_teardown.py
[2025-10-29T19:59:57.815-0700] {logging_mixin.py:188} INFO - [2025-10-29T19:59:57.815-0700] {dag.py:3089} INFO - Sync 1 DAGs
[2025-10-29T19:59:57.824-0700] {logging_mixin.py:188} INFO - [2025-10-29T19:59:57.824-0700] {dag.py:3947} INFO - Setting next_dagrun for example_setup_teardown to 2025-10-29 00:00:00+00:00, run_after=2025-10-30 00:00:00+00:00
[2025-10-29T19:59:57.834-0700] {processor.py:183} INFO - Processing /opt/miniconda3/envs/airflow_env/lib/python3.11/site-packages/airflow/example_dags/example_setup_teardown.py took 0.075 seconds
[2025-10-29T20:01:04.447-0700] {processor.py:161} INFO - Started process (PID=23335) to work on /opt/miniconda3/envs/airflow_env/lib/python3.11/site-packages/airflow/example_dags/example_setup_teardown.py
[2025-10-29T20:01:04.447-0700] {processor.py:830} INFO - Processing file /opt/miniconda3/envs/airflow_env/lib/python3.11/site-packages/airflow/example_dags/example_setup_teardown.py for tasks to queue
[2025-10-29T20:01:04.448-0700] {logging_mixin.py:188} INFO - [2025-10-29T20:01:04.448-0700] {dagbag.py:545} INFO - Filling up the DagBag from /opt/miniconda3/envs/airflow_env/lib/python3.11/site-packages/airflow/example_dags/example_setup_teardown.py
[2025-10-29T20:01:04.452-0700] {processor.py:840} INFO - DAG(s) 'example_setup_teardown' retrieved from /opt/miniconda3/envs/airflow_env/lib/python3.11/site-packages/airflow/example_dags/example_setup_teardown.py
[2025-10-29T20:01:04.502-0700] {logging_mixin.py:188} INFO - [2025-10-29T20:01:04.502-0700] {dag.py:3089} INFO - Sync 1 DAGs
[2025-10-29T20:01:04.511-0700] {logging_mixin.py:188} INFO - [2025-10-29T20:01:04.511-0700] {dag.py:3947} INFO - Setting next_dagrun for example_setup_teardown to 2025-10-29 00:00:00+00:00, run_after=2025-10-30 00:00:00+00:00
[2025-10-29T20:01:04.521-0700] {processor.py:183} INFO - Processing /opt/miniconda3/envs/airflow_env/lib/python3.11/site-packages/airflow/example_dags/example_setup_teardown.py took 0.076 seconds
[2025-10-29T20:01:42.111-0700] {processor.py:161} INFO - Started process (PID=23551) to work on /opt/miniconda3/envs/airflow_env/lib/python3.11/site-packages/airflow/example_dags/example_setup_teardown.py
[2025-10-29T20:01:42.112-0700] {processor.py:830} INFO - Processing file /opt/miniconda3/envs/airflow_env/lib/python3.11/site-packages/airflow/example_dags/example_setup_teardown.py for tasks to queue
[2025-10-29T20:01:42.112-0700] {logging_mixin.py:188} INFO - [2025-10-29T20:01:42.112-0700] {dagbag.py:545} INFO - Filling up the DagBag from /opt/miniconda3/envs/airflow_env/lib/python3.11/site-packages/airflow/example_dags/example_setup_teardown.py
[2025-10-29T20:01:42.117-0700] {processor.py:840} INFO - DAG(s) 'example_setup_teardown' retrieved from /opt/miniconda3/envs/airflow_env/lib/python3.11/site-packages/airflow/example_dags/example_setup_teardown.py
[2025-10-29T20:01:42.166-0700] {logging_mixin.py:188} INFO - [2025-10-29T20:01:42.166-0700] {dag.py:3089} INFO - Sync 1 DAGs
[2025-10-29T20:01:42.175-0700] {logging_mixin.py:188} INFO - [2025-10-29T20:01:42.175-0700] {dag.py:3947} INFO - Setting next_dagrun for example_setup_teardown to 2025-10-29 00:00:00+00:00, run_after=2025-10-30 00:00:00+00:00
[2025-10-29T20:01:42.185-0700] {processor.py:183} INFO - Processing /opt/miniconda3/envs/airflow_env/lib/python3.11/site-packages/airflow/example_dags/example_setup_teardown.py took 0.076 seconds
[2025-10-29T20:02:46.055-0700] {processor.py:161} INFO - Started process (PID=23910) to work on /opt/miniconda3/envs/airflow_env/lib/python3.11/site-packages/airflow/example_dags/example_setup_teardown.py
[2025-10-29T20:02:46.056-0700] {processor.py:830} INFO - Processing file /opt/miniconda3/envs/airflow_env/lib/python3.11/site-packages/airflow/example_dags/example_setup_teardown.py for tasks to queue
[2025-10-29T20:02:46.056-0700] {logging_mixin.py:188} INFO - [2025-10-29T20:02:46.056-0700] {dagbag.py:545} INFO - Filling up the DagBag from /opt/miniconda3/envs/airflow_env/lib/python3.11/site-packages/airflow/example_dags/example_setup_teardown.py
[2025-10-29T20:02:46.061-0700] {processor.py:840} INFO - DAG(s) 'example_setup_teardown' retrieved from /opt/miniconda3/envs/airflow_env/lib/python3.11/site-packages/airflow/example_dags/example_setup_teardown.py
[2025-10-29T20:02:46.110-0700] {logging_mixin.py:188} INFO - [2025-10-29T20:02:46.110-0700] {dag.py:3089} INFO - Sync 1 DAGs
[2025-10-29T20:02:46.118-0700] {logging_mixin.py:188} INFO - [2025-10-29T20:02:46.118-0700] {dag.py:3947} INFO - Setting next_dagrun for example_setup_teardown to 2025-10-29 00:00:00+00:00, run_after=2025-10-30 00:00:00+00:00
[2025-10-29T20:02:46.128-0700] {processor.py:183} INFO - Processing /opt/miniconda3/envs/airflow_env/lib/python3.11/site-packages/airflow/example_dags/example_setup_teardown.py took 0.075 seconds
[2025-10-29T20:04:03.420-0700] {processor.py:161} INFO - Started process (PID=24352) to work on /opt/miniconda3/envs/airflow_env/lib/python3.11/site-packages/airflow/example_dags/example_setup_teardown.py
[2025-10-29T20:04:03.421-0700] {processor.py:830} INFO - Processing file /opt/miniconda3/envs/airflow_env/lib/python3.11/site-packages/airflow/example_dags/example_setup_teardown.py for tasks to queue
[2025-10-29T20:04:03.421-0700] {logging_mixin.py:188} INFO - [2025-10-29T20:04:03.421-0700] {dagbag.py:545} INFO - Filling up the DagBag from /opt/miniconda3/envs/airflow_env/lib/python3.11/site-packages/airflow/example_dags/example_setup_teardown.py
[2025-10-29T20:04:03.425-0700] {processor.py:840} INFO - DAG(s) 'example_setup_teardown' retrieved from /opt/miniconda3/envs/airflow_env/lib/python3.11/site-packages/airflow/example_dags/example_setup_teardown.py
[2025-10-29T20:04:03.475-0700] {logging_mixin.py:188} INFO - [2025-10-29T20:04:03.475-0700] {dag.py:3089} INFO - Sync 1 DAGs
[2025-10-29T20:04:03.484-0700] {logging_mixin.py:188} INFO - [2025-10-29T20:04:03.484-0700] {dag.py:3947} INFO - Setting next_dagrun for example_setup_teardown to 2025-10-29 00:00:00+00:00, run_after=2025-10-30 00:00:00+00:00
[2025-10-29T20:04:03.494-0700] {processor.py:183} INFO - Processing /opt/miniconda3/envs/airflow_env/lib/python3.11/site-packages/airflow/example_dags/example_setup_teardown.py took 0.075 seconds
[2025-10-29T20:05:13.207-0700] {processor.py:161} INFO - Started process (PID=24760) to work on /opt/miniconda3/envs/airflow_env/lib/python3.11/site-packages/airflow/example_dags/example_setup_teardown.py
[2025-10-29T20:05:13.209-0700] {processor.py:830} INFO - Processing file /opt/miniconda3/envs/airflow_env/lib/python3.11/site-packages/airflow/example_dags/example_setup_teardown.py for tasks to queue
[2025-10-29T20:05:13.209-0700] {logging_mixin.py:188} INFO - [2025-10-29T20:05:13.209-0700] {dagbag.py:545} INFO - Filling up the DagBag from /opt/miniconda3/envs/airflow_env/lib/python3.11/site-packages/airflow/example_dags/example_setup_teardown.py
[2025-10-29T20:05:13.214-0700] {processor.py:840} INFO - DAG(s) 'example_setup_teardown' retrieved from /opt/miniconda3/envs/airflow_env/lib/python3.11/site-packages/airflow/example_dags/example_setup_teardown.py
[2025-10-29T20:05:13.264-0700] {logging_mixin.py:188} INFO - [2025-10-29T20:05:13.264-0700] {dag.py:3089} INFO - Sync 1 DAGs
[2025-10-29T20:05:13.273-0700] {logging_mixin.py:188} INFO - [2025-10-29T20:05:13.273-0700] {dag.py:3947} INFO - Setting next_dagrun for example_setup_teardown to 2025-10-29 00:00:00+00:00, run_after=2025-10-30 00:00:00+00:00
[2025-10-29T20:05:13.282-0700] {processor.py:183} INFO - Processing /opt/miniconda3/envs/airflow_env/lib/python3.11/site-packages/airflow/example_dags/example_setup_teardown.py took 0.077 seconds
[2025-10-29T20:06:28.253-0700] {processor.py:161} INFO - Started process (PID=25181) to work on /opt/miniconda3/envs/airflow_env/lib/python3.11/site-packages/airflow/example_dags/example_setup_teardown.py
[2025-10-29T20:06:28.253-0700] {processor.py:830} INFO - Processing file /opt/miniconda3/envs/airflow_env/lib/python3.11/site-packages/airflow/example_dags/example_setup_teardown.py for tasks to queue
[2025-10-29T20:06:28.254-0700] {logging_mixin.py:188} INFO - [2025-10-29T20:06:28.254-0700] {dagbag.py:545} INFO - Filling up the DagBag from /opt/miniconda3/envs/airflow_env/lib/python3.11/site-packages/airflow/example_dags/example_setup_teardown.py
[2025-10-29T20:06:28.258-0700] {processor.py:840} INFO - DAG(s) 'example_setup_teardown' retrieved from /opt/miniconda3/envs/airflow_env/lib/python3.11/site-packages/airflow/example_dags/example_setup_teardown.py
[2025-10-29T20:06:28.307-0700] {logging_mixin.py:188} INFO - [2025-10-29T20:06:28.307-0700] {dag.py:3089} INFO - Sync 1 DAGs
[2025-10-29T20:06:28.316-0700] {logging_mixin.py:188} INFO - [2025-10-29T20:06:28.316-0700] {dag.py:3947} INFO - Setting next_dagrun for example_setup_teardown to 2025-10-29 00:00:00+00:00, run_after=2025-10-30 00:00:00+00:00
[2025-10-29T20:06:28.325-0700] {processor.py:183} INFO - Processing /opt/miniconda3/envs/airflow_env/lib/python3.11/site-packages/airflow/example_dags/example_setup_teardown.py took 0.074 seconds
[2025-10-29T20:07:37.283-0700] {processor.py:161} INFO - Started process (PID=25575) to work on /opt/miniconda3/envs/airflow_env/lib/python3.11/site-packages/airflow/example_dags/example_setup_teardown.py
[2025-10-29T20:07:37.284-0700] {processor.py:830} INFO - Processing file /opt/miniconda3/envs/airflow_env/lib/python3.11/site-packages/airflow/example_dags/example_setup_teardown.py for tasks to queue
[2025-10-29T20:07:37.284-0700] {logging_mixin.py:188} INFO - [2025-10-29T20:07:37.284-0700] {dagbag.py:545} INFO - Filling up the DagBag from /opt/miniconda3/envs/airflow_env/lib/python3.11/site-packages/airflow/example_dags/example_setup_teardown.py
[2025-10-29T20:07:37.289-0700] {processor.py:840} INFO - DAG(s) 'example_setup_teardown' retrieved from /opt/miniconda3/envs/airflow_env/lib/python3.11/site-packages/airflow/example_dags/example_setup_teardown.py
[2025-10-29T20:07:37.339-0700] {logging_mixin.py:188} INFO - [2025-10-29T20:07:37.339-0700] {dag.py:3089} INFO - Sync 1 DAGs
[2025-10-29T20:07:37.348-0700] {logging_mixin.py:188} INFO - [2025-10-29T20:07:37.348-0700] {dag.py:3947} INFO - Setting next_dagrun for example_setup_teardown to 2025-10-29 00:00:00+00:00, run_after=2025-10-30 00:00:00+00:00
[2025-10-29T20:07:37.357-0700] {processor.py:183} INFO - Processing /opt/miniconda3/envs/airflow_env/lib/python3.11/site-packages/airflow/example_dags/example_setup_teardown.py took 0.076 seconds
[2025-10-29T20:08:55.169-0700] {processor.py:161} INFO - Started process (PID=26026) to work on /opt/miniconda3/envs/airflow_env/lib/python3.11/site-packages/airflow/example_dags/example_setup_teardown.py
[2025-10-29T20:08:55.170-0700] {processor.py:830} INFO - Processing file /opt/miniconda3/envs/airflow_env/lib/python3.11/site-packages/airflow/example_dags/example_setup_teardown.py for tasks to queue
[2025-10-29T20:08:55.171-0700] {logging_mixin.py:188} INFO - [2025-10-29T20:08:55.171-0700] {dagbag.py:545} INFO - Filling up the DagBag from /opt/miniconda3/envs/airflow_env/lib/python3.11/site-packages/airflow/example_dags/example_setup_teardown.py
[2025-10-29T20:08:55.176-0700] {processor.py:840} INFO - DAG(s) 'example_setup_teardown' retrieved from /opt/miniconda3/envs/airflow_env/lib/python3.11/site-packages/airflow/example_dags/example_setup_teardown.py
[2025-10-29T20:08:55.230-0700] {logging_mixin.py:188} INFO - [2025-10-29T20:08:55.230-0700] {dag.py:3089} INFO - Sync 1 DAGs
[2025-10-29T20:08:55.239-0700] {logging_mixin.py:188} INFO - [2025-10-29T20:08:55.239-0700] {dag.py:3947} INFO - Setting next_dagrun for example_setup_teardown to 2025-10-29 00:00:00+00:00, run_after=2025-10-30 00:00:00+00:00
[2025-10-29T20:08:55.250-0700] {processor.py:183} INFO - Processing /opt/miniconda3/envs/airflow_env/lib/python3.11/site-packages/airflow/example_dags/example_setup_teardown.py took 0.084 seconds
[2025-10-29T20:10:05.773-0700] {processor.py:161} INFO - Started process (PID=26213) to work on /opt/miniconda3/envs/airflow_env/lib/python3.11/site-packages/airflow/example_dags/example_setup_teardown.py
[2025-10-29T20:10:05.774-0700] {processor.py:830} INFO - Processing file /opt/miniconda3/envs/airflow_env/lib/python3.11/site-packages/airflow/example_dags/example_setup_teardown.py for tasks to queue
[2025-10-29T20:10:05.774-0700] {logging_mixin.py:188} INFO - [2025-10-29T20:10:05.774-0700] {dagbag.py:545} INFO - Filling up the DagBag from /opt/miniconda3/envs/airflow_env/lib/python3.11/site-packages/airflow/example_dags/example_setup_teardown.py
[2025-10-29T20:10:05.779-0700] {processor.py:840} INFO - DAG(s) 'example_setup_teardown' retrieved from /opt/miniconda3/envs/airflow_env/lib/python3.11/site-packages/airflow/example_dags/example_setup_teardown.py
[2025-10-29T20:10:05.837-0700] {logging_mixin.py:188} INFO - [2025-10-29T20:10:05.837-0700] {dag.py:3089} INFO - Sync 1 DAGs
[2025-10-29T20:10:05.849-0700] {logging_mixin.py:188} INFO - [2025-10-29T20:10:05.849-0700] {dag.py:3947} INFO - Setting next_dagrun for example_setup_teardown to 2025-10-29 00:00:00+00:00, run_after=2025-10-30 00:00:00+00:00
[2025-10-29T20:10:05.863-0700] {processor.py:183} INFO - Processing /opt/miniconda3/envs/airflow_env/lib/python3.11/site-packages/airflow/example_dags/example_setup_teardown.py took 0.092 seconds
[2025-10-29T20:11:26.939-0700] {processor.py:161} INFO - Started process (PID=26464) to work on /opt/miniconda3/envs/airflow_env/lib/python3.11/site-packages/airflow/example_dags/example_setup_teardown.py
[2025-10-29T20:11:26.940-0700] {processor.py:830} INFO - Processing file /opt/miniconda3/envs/airflow_env/lib/python3.11/site-packages/airflow/example_dags/example_setup_teardown.py for tasks to queue
[2025-10-29T20:11:26.941-0700] {logging_mixin.py:188} INFO - [2025-10-29T20:11:26.940-0700] {dagbag.py:545} INFO - Filling up the DagBag from /opt/miniconda3/envs/airflow_env/lib/python3.11/site-packages/airflow/example_dags/example_setup_teardown.py
[2025-10-29T20:11:26.945-0700] {processor.py:840} INFO - DAG(s) 'example_setup_teardown' retrieved from /opt/miniconda3/envs/airflow_env/lib/python3.11/site-packages/airflow/example_dags/example_setup_teardown.py
[2025-10-29T20:11:26.996-0700] {logging_mixin.py:188} INFO - [2025-10-29T20:11:26.995-0700] {dag.py:3089} INFO - Sync 1 DAGs
[2025-10-29T20:11:27.005-0700] {logging_mixin.py:188} INFO - [2025-10-29T20:11:27.005-0700] {dag.py:3947} INFO - Setting next_dagrun for example_setup_teardown to 2025-10-29 00:00:00+00:00, run_after=2025-10-30 00:00:00+00:00
[2025-10-29T20:11:27.014-0700] {processor.py:183} INFO - Processing /opt/miniconda3/envs/airflow_env/lib/python3.11/site-packages/airflow/example_dags/example_setup_teardown.py took 0.077 seconds
[2025-10-29T20:12:20.272-0700] {processor.py:161} INFO - Started process (PID=26665) to work on /opt/miniconda3/envs/airflow_env/lib/python3.11/site-packages/airflow/example_dags/example_setup_teardown.py
[2025-10-29T20:12:20.273-0700] {processor.py:830} INFO - Processing file /opt/miniconda3/envs/airflow_env/lib/python3.11/site-packages/airflow/example_dags/example_setup_teardown.py for tasks to queue
[2025-10-29T20:12:20.274-0700] {logging_mixin.py:188} INFO - [2025-10-29T20:12:20.273-0700] {dagbag.py:545} INFO - Filling up the DagBag from /opt/miniconda3/envs/airflow_env/lib/python3.11/site-packages/airflow/example_dags/example_setup_teardown.py
[2025-10-29T20:12:20.279-0700] {processor.py:840} INFO - DAG(s) 'example_setup_teardown' retrieved from /opt/miniconda3/envs/airflow_env/lib/python3.11/site-packages/airflow/example_dags/example_setup_teardown.py
[2025-10-29T20:12:20.345-0700] {logging_mixin.py:188} INFO - [2025-10-29T20:12:20.345-0700] {dag.py:3089} INFO - Sync 1 DAGs
[2025-10-29T20:12:20.360-0700] {logging_mixin.py:188} INFO - [2025-10-29T20:12:20.360-0700] {dag.py:3947} INFO - Setting next_dagrun for example_setup_teardown to 2025-10-29 00:00:00+00:00, run_after=2025-10-30 00:00:00+00:00
[2025-10-29T20:12:20.375-0700] {processor.py:183} INFO - Processing /opt/miniconda3/envs/airflow_env/lib/python3.11/site-packages/airflow/example_dags/example_setup_teardown.py took 0.105 seconds
[2025-10-29T20:12:40.052-0700] {processor.py:161} INFO - Started process (PID=26730) to work on /opt/miniconda3/envs/airflow_env/lib/python3.11/site-packages/airflow/example_dags/example_setup_teardown.py
[2025-10-29T20:12:40.053-0700] {processor.py:830} INFO - Processing file /opt/miniconda3/envs/airflow_env/lib/python3.11/site-packages/airflow/example_dags/example_setup_teardown.py for tasks to queue
[2025-10-29T20:12:40.053-0700] {logging_mixin.py:188} INFO - [2025-10-29T20:12:40.053-0700] {dagbag.py:545} INFO - Filling up the DagBag from /opt/miniconda3/envs/airflow_env/lib/python3.11/site-packages/airflow/example_dags/example_setup_teardown.py
[2025-10-29T20:12:40.058-0700] {processor.py:840} INFO - DAG(s) 'example_setup_teardown' retrieved from /opt/miniconda3/envs/airflow_env/lib/python3.11/site-packages/airflow/example_dags/example_setup_teardown.py
[2025-10-29T20:12:40.116-0700] {logging_mixin.py:188} INFO - [2025-10-29T20:12:40.116-0700] {dag.py:3089} INFO - Sync 1 DAGs
[2025-10-29T20:12:40.129-0700] {logging_mixin.py:188} INFO - [2025-10-29T20:12:40.128-0700] {dag.py:3947} INFO - Setting next_dagrun for example_setup_teardown to 2025-10-29 00:00:00+00:00, run_after=2025-10-30 00:00:00+00:00
[2025-10-29T20:12:40.144-0700] {processor.py:183} INFO - Processing /opt/miniconda3/envs/airflow_env/lib/python3.11/site-packages/airflow/example_dags/example_setup_teardown.py took 0.095 seconds
[2025-10-29T20:14:05.894-0700] {processor.py:161} INFO - Started process (PID=27024) to work on /opt/miniconda3/envs/airflow_env/lib/python3.11/site-packages/airflow/example_dags/example_setup_teardown.py
[2025-10-29T20:14:05.895-0700] {processor.py:830} INFO - Processing file /opt/miniconda3/envs/airflow_env/lib/python3.11/site-packages/airflow/example_dags/example_setup_teardown.py for tasks to queue
[2025-10-29T20:14:05.895-0700] {logging_mixin.py:188} INFO - [2025-10-29T20:14:05.895-0700] {dagbag.py:545} INFO - Filling up the DagBag from /opt/miniconda3/envs/airflow_env/lib/python3.11/site-packages/airflow/example_dags/example_setup_teardown.py
[2025-10-29T20:14:05.902-0700] {processor.py:840} INFO - DAG(s) 'example_setup_teardown' retrieved from /opt/miniconda3/envs/airflow_env/lib/python3.11/site-packages/airflow/example_dags/example_setup_teardown.py
[2025-10-29T20:14:05.976-0700] {logging_mixin.py:188} INFO - [2025-10-29T20:14:05.976-0700] {dag.py:3089} INFO - Sync 1 DAGs
[2025-10-29T20:14:05.989-0700] {logging_mixin.py:188} INFO - [2025-10-29T20:14:05.988-0700] {dag.py:3947} INFO - Setting next_dagrun for example_setup_teardown to 2025-10-29 00:00:00+00:00, run_after=2025-10-30 00:00:00+00:00
[2025-10-29T20:14:06.003-0700] {processor.py:183} INFO - Processing /opt/miniconda3/envs/airflow_env/lib/python3.11/site-packages/airflow/example_dags/example_setup_teardown.py took 0.113 seconds
[2025-10-29T20:14:13.703-0700] {processor.py:161} INFO - Started process (PID=27052) to work on /opt/miniconda3/envs/airflow_env/lib/python3.11/site-packages/airflow/example_dags/example_setup_teardown.py
[2025-10-29T20:14:13.703-0700] {processor.py:830} INFO - Processing file /opt/miniconda3/envs/airflow_env/lib/python3.11/site-packages/airflow/example_dags/example_setup_teardown.py for tasks to queue
[2025-10-29T20:14:13.704-0700] {logging_mixin.py:188} INFO - [2025-10-29T20:14:13.704-0700] {dagbag.py:545} INFO - Filling up the DagBag from /opt/miniconda3/envs/airflow_env/lib/python3.11/site-packages/airflow/example_dags/example_setup_teardown.py
[2025-10-29T20:14:13.709-0700] {processor.py:840} INFO - DAG(s) 'example_setup_teardown' retrieved from /opt/miniconda3/envs/airflow_env/lib/python3.11/site-packages/airflow/example_dags/example_setup_teardown.py
[2025-10-29T20:14:13.766-0700] {logging_mixin.py:188} INFO - [2025-10-29T20:14:13.765-0700] {dag.py:3089} INFO - Sync 1 DAGs
[2025-10-29T20:14:13.776-0700] {logging_mixin.py:188} INFO - [2025-10-29T20:14:13.776-0700] {dag.py:3947} INFO - Setting next_dagrun for example_setup_teardown to 2025-10-29 00:00:00+00:00, run_after=2025-10-30 00:00:00+00:00
[2025-10-29T20:14:13.787-0700] {processor.py:183} INFO - Processing /opt/miniconda3/envs/airflow_env/lib/python3.11/site-packages/airflow/example_dags/example_setup_teardown.py took 0.087 seconds
[2025-10-29T20:15:31.426-0700] {processor.py:161} INFO - Started process (PID=27307) to work on /opt/miniconda3/envs/airflow_env/lib/python3.11/site-packages/airflow/example_dags/example_setup_teardown.py
[2025-10-29T20:15:31.427-0700] {processor.py:830} INFO - Processing file /opt/miniconda3/envs/airflow_env/lib/python3.11/site-packages/airflow/example_dags/example_setup_teardown.py for tasks to queue
[2025-10-29T20:15:31.428-0700] {logging_mixin.py:188} INFO - [2025-10-29T20:15:31.428-0700] {dagbag.py:545} INFO - Filling up the DagBag from /opt/miniconda3/envs/airflow_env/lib/python3.11/site-packages/airflow/example_dags/example_setup_teardown.py
[2025-10-29T20:15:31.435-0700] {processor.py:840} INFO - DAG(s) 'example_setup_teardown' retrieved from /opt/miniconda3/envs/airflow_env/lib/python3.11/site-packages/airflow/example_dags/example_setup_teardown.py
[2025-10-29T20:15:31.521-0700] {logging_mixin.py:188} INFO - [2025-10-29T20:15:31.521-0700] {dag.py:3089} INFO - Sync 1 DAGs
[2025-10-29T20:15:31.534-0700] {logging_mixin.py:188} INFO - [2025-10-29T20:15:31.534-0700] {dag.py:3947} INFO - Setting next_dagrun for example_setup_teardown to 2025-10-29 00:00:00+00:00, run_after=2025-10-30 00:00:00+00:00
[2025-10-29T20:15:31.549-0700] {processor.py:183} INFO - Processing /opt/miniconda3/envs/airflow_env/lib/python3.11/site-packages/airflow/example_dags/example_setup_teardown.py took 0.127 seconds
[2025-10-29T20:17:03.606-0700] {processor.py:161} INFO - Started process (PID=27622) to work on /opt/miniconda3/envs/airflow_env/lib/python3.11/site-packages/airflow/example_dags/example_setup_teardown.py
[2025-10-29T20:17:03.608-0700] {processor.py:830} INFO - Processing file /opt/miniconda3/envs/airflow_env/lib/python3.11/site-packages/airflow/example_dags/example_setup_teardown.py for tasks to queue
[2025-10-29T20:17:03.609-0700] {logging_mixin.py:188} INFO - [2025-10-29T20:17:03.608-0700] {dagbag.py:545} INFO - Filling up the DagBag from /opt/miniconda3/envs/airflow_env/lib/python3.11/site-packages/airflow/example_dags/example_setup_teardown.py
[2025-10-29T20:17:03.615-0700] {processor.py:840} INFO - DAG(s) 'example_setup_teardown' retrieved from /opt/miniconda3/envs/airflow_env/lib/python3.11/site-packages/airflow/example_dags/example_setup_teardown.py
[2025-10-29T20:17:03.685-0700] {logging_mixin.py:188} INFO - [2025-10-29T20:17:03.685-0700] {dag.py:3089} INFO - Sync 1 DAGs
[2025-10-29T20:17:03.698-0700] {logging_mixin.py:188} INFO - [2025-10-29T20:17:03.697-0700] {dag.py:3947} INFO - Setting next_dagrun for example_setup_teardown to 2025-10-29 00:00:00+00:00, run_after=2025-10-30 00:00:00+00:00
[2025-10-29T20:17:03.711-0700] {processor.py:183} INFO - Processing /opt/miniconda3/envs/airflow_env/lib/python3.11/site-packages/airflow/example_dags/example_setup_teardown.py took 0.108 seconds
[2025-10-29T20:17:07.910-0700] {processor.py:161} INFO - Started process (PID=27634) to work on /opt/miniconda3/envs/airflow_env/lib/python3.11/site-packages/airflow/example_dags/example_setup_teardown.py
[2025-10-29T20:17:07.910-0700] {processor.py:830} INFO - Processing file /opt/miniconda3/envs/airflow_env/lib/python3.11/site-packages/airflow/example_dags/example_setup_teardown.py for tasks to queue
[2025-10-29T20:17:07.911-0700] {logging_mixin.py:188} INFO - [2025-10-29T20:17:07.911-0700] {dagbag.py:545} INFO - Filling up the DagBag from /opt/miniconda3/envs/airflow_env/lib/python3.11/site-packages/airflow/example_dags/example_setup_teardown.py
[2025-10-29T20:17:07.916-0700] {processor.py:840} INFO - DAG(s) 'example_setup_teardown' retrieved from /opt/miniconda3/envs/airflow_env/lib/python3.11/site-packages/airflow/example_dags/example_setup_teardown.py
[2025-10-29T20:17:07.973-0700] {logging_mixin.py:188} INFO - [2025-10-29T20:17:07.973-0700] {dag.py:3089} INFO - Sync 1 DAGs
[2025-10-29T20:17:07.983-0700] {logging_mixin.py:188} INFO - [2025-10-29T20:17:07.983-0700] {dag.py:3947} INFO - Setting next_dagrun for example_setup_teardown to 2025-10-29 00:00:00+00:00, run_after=2025-10-30 00:00:00+00:00
[2025-10-29T20:17:07.995-0700] {processor.py:183} INFO - Processing /opt/miniconda3/envs/airflow_env/lib/python3.11/site-packages/airflow/example_dags/example_setup_teardown.py took 0.088 seconds
[2025-10-29T20:18:27.698-0700] {processor.py:161} INFO - Started process (PID=27891) to work on /opt/miniconda3/envs/airflow_env/lib/python3.11/site-packages/airflow/example_dags/example_setup_teardown.py
[2025-10-29T20:18:27.698-0700] {processor.py:830} INFO - Processing file /opt/miniconda3/envs/airflow_env/lib/python3.11/site-packages/airflow/example_dags/example_setup_teardown.py for tasks to queue
[2025-10-29T20:18:27.699-0700] {logging_mixin.py:188} INFO - [2025-10-29T20:18:27.699-0700] {dagbag.py:545} INFO - Filling up the DagBag from /opt/miniconda3/envs/airflow_env/lib/python3.11/site-packages/airflow/example_dags/example_setup_teardown.py
[2025-10-29T20:18:27.705-0700] {processor.py:840} INFO - DAG(s) 'example_setup_teardown' retrieved from /opt/miniconda3/envs/airflow_env/lib/python3.11/site-packages/airflow/example_dags/example_setup_teardown.py
[2025-10-29T20:18:27.776-0700] {logging_mixin.py:188} INFO - [2025-10-29T20:18:27.776-0700] {dag.py:3089} INFO - Sync 1 DAGs
[2025-10-29T20:18:27.789-0700] {logging_mixin.py:188} INFO - [2025-10-29T20:18:27.789-0700] {dag.py:3947} INFO - Setting next_dagrun for example_setup_teardown to 2025-10-29 00:00:00+00:00, run_after=2025-10-30 00:00:00+00:00
[2025-10-29T20:18:27.802-0700] {processor.py:183} INFO - Processing /opt/miniconda3/envs/airflow_env/lib/python3.11/site-packages/airflow/example_dags/example_setup_teardown.py took 0.108 seconds
[2025-10-29T20:18:34.219-0700] {processor.py:161} INFO - Started process (PID=27914) to work on /opt/miniconda3/envs/airflow_env/lib/python3.11/site-packages/airflow/example_dags/example_setup_teardown.py
[2025-10-29T20:18:34.219-0700] {processor.py:830} INFO - Processing file /opt/miniconda3/envs/airflow_env/lib/python3.11/site-packages/airflow/example_dags/example_setup_teardown.py for tasks to queue
[2025-10-29T20:18:34.220-0700] {logging_mixin.py:188} INFO - [2025-10-29T20:18:34.220-0700] {dagbag.py:545} INFO - Filling up the DagBag from /opt/miniconda3/envs/airflow_env/lib/python3.11/site-packages/airflow/example_dags/example_setup_teardown.py
[2025-10-29T20:18:34.227-0700] {processor.py:840} INFO - DAG(s) 'example_setup_teardown' retrieved from /opt/miniconda3/envs/airflow_env/lib/python3.11/site-packages/airflow/example_dags/example_setup_teardown.py
[2025-10-29T20:18:34.319-0700] {logging_mixin.py:188} INFO - [2025-10-29T20:18:34.318-0700] {dag.py:3089} INFO - Sync 1 DAGs
[2025-10-29T20:18:34.336-0700] {logging_mixin.py:188} INFO - [2025-10-29T20:18:34.336-0700] {dag.py:3947} INFO - Setting next_dagrun for example_setup_teardown to 2025-10-29 00:00:00+00:00, run_after=2025-10-30 00:00:00+00:00
[2025-10-29T20:18:34.352-0700] {processor.py:183} INFO - Processing /opt/miniconda3/envs/airflow_env/lib/python3.11/site-packages/airflow/example_dags/example_setup_teardown.py took 0.137 seconds
[2025-10-29T20:18:37.900-0700] {processor.py:161} INFO - Started process (PID=27925) to work on /opt/miniconda3/envs/airflow_env/lib/python3.11/site-packages/airflow/example_dags/example_setup_teardown.py
[2025-10-29T20:18:37.901-0700] {processor.py:830} INFO - Processing file /opt/miniconda3/envs/airflow_env/lib/python3.11/site-packages/airflow/example_dags/example_setup_teardown.py for tasks to queue
[2025-10-29T20:18:37.901-0700] {logging_mixin.py:188} INFO - [2025-10-29T20:18:37.901-0700] {dagbag.py:545} INFO - Filling up the DagBag from /opt/miniconda3/envs/airflow_env/lib/python3.11/site-packages/airflow/example_dags/example_setup_teardown.py
[2025-10-29T20:18:37.907-0700] {processor.py:840} INFO - DAG(s) 'example_setup_teardown' retrieved from /opt/miniconda3/envs/airflow_env/lib/python3.11/site-packages/airflow/example_dags/example_setup_teardown.py
[2025-10-29T20:18:37.982-0700] {logging_mixin.py:188} INFO - [2025-10-29T20:18:37.982-0700] {dag.py:3089} INFO - Sync 1 DAGs
[2025-10-29T20:18:37.994-0700] {logging_mixin.py:188} INFO - [2025-10-29T20:18:37.994-0700] {dag.py:3947} INFO - Setting next_dagrun for example_setup_teardown to 2025-10-29 00:00:00+00:00, run_after=2025-10-30 00:00:00+00:00
[2025-10-29T20:18:38.007-0700] {processor.py:183} INFO - Processing /opt/miniconda3/envs/airflow_env/lib/python3.11/site-packages/airflow/example_dags/example_setup_teardown.py took 0.110 seconds
[2025-10-29T20:19:59.869-0700] {processor.py:161} INFO - Started process (PID=28186) to work on /opt/miniconda3/envs/airflow_env/lib/python3.11/site-packages/airflow/example_dags/example_setup_teardown.py
[2025-10-29T20:19:59.870-0700] {processor.py:830} INFO - Processing file /opt/miniconda3/envs/airflow_env/lib/python3.11/site-packages/airflow/example_dags/example_setup_teardown.py for tasks to queue
[2025-10-29T20:19:59.870-0700] {logging_mixin.py:188} INFO - [2025-10-29T20:19:59.870-0700] {dagbag.py:545} INFO - Filling up the DagBag from /opt/miniconda3/envs/airflow_env/lib/python3.11/site-packages/airflow/example_dags/example_setup_teardown.py
[2025-10-29T20:19:59.875-0700] {processor.py:840} INFO - DAG(s) 'example_setup_teardown' retrieved from /opt/miniconda3/envs/airflow_env/lib/python3.11/site-packages/airflow/example_dags/example_setup_teardown.py
[2025-10-29T20:19:59.941-0700] {logging_mixin.py:188} INFO - [2025-10-29T20:19:59.940-0700] {dag.py:3089} INFO - Sync 1 DAGs
[2025-10-29T20:19:59.957-0700] {logging_mixin.py:188} INFO - [2025-10-29T20:19:59.956-0700] {dag.py:3947} INFO - Setting next_dagrun for example_setup_teardown to 2025-10-29 00:00:00+00:00, run_after=2025-10-30 00:00:00+00:00
[2025-10-29T20:19:59.972-0700] {processor.py:183} INFO - Processing /opt/miniconda3/envs/airflow_env/lib/python3.11/site-packages/airflow/example_dags/example_setup_teardown.py took 0.106 seconds
[2025-10-29T20:20:07.620-0700] {processor.py:161} INFO - Started process (PID=28212) to work on /opt/miniconda3/envs/airflow_env/lib/python3.11/site-packages/airflow/example_dags/example_setup_teardown.py
[2025-10-29T20:20:07.621-0700] {processor.py:830} INFO - Processing file /opt/miniconda3/envs/airflow_env/lib/python3.11/site-packages/airflow/example_dags/example_setup_teardown.py for tasks to queue
[2025-10-29T20:20:07.621-0700] {logging_mixin.py:188} INFO - [2025-10-29T20:20:07.621-0700] {dagbag.py:545} INFO - Filling up the DagBag from /opt/miniconda3/envs/airflow_env/lib/python3.11/site-packages/airflow/example_dags/example_setup_teardown.py
[2025-10-29T20:20:07.628-0700] {processor.py:840} INFO - DAG(s) 'example_setup_teardown' retrieved from /opt/miniconda3/envs/airflow_env/lib/python3.11/site-packages/airflow/example_dags/example_setup_teardown.py
[2025-10-29T20:20:07.711-0700] {logging_mixin.py:188} INFO - [2025-10-29T20:20:07.711-0700] {dag.py:3089} INFO - Sync 1 DAGs
[2025-10-29T20:20:07.726-0700] {logging_mixin.py:188} INFO - [2025-10-29T20:20:07.726-0700] {dag.py:3947} INFO - Setting next_dagrun for example_setup_teardown to 2025-10-29 00:00:00+00:00, run_after=2025-10-30 00:00:00+00:00
[2025-10-29T20:20:07.741-0700] {processor.py:183} INFO - Processing /opt/miniconda3/envs/airflow_env/lib/python3.11/site-packages/airflow/example_dags/example_setup_teardown.py took 0.125 seconds
[2025-10-29T20:20:12.338-0700] {processor.py:161} INFO - Started process (PID=28228) to work on /opt/miniconda3/envs/airflow_env/lib/python3.11/site-packages/airflow/example_dags/example_setup_teardown.py
[2025-10-29T20:20:12.339-0700] {processor.py:830} INFO - Processing file /opt/miniconda3/envs/airflow_env/lib/python3.11/site-packages/airflow/example_dags/example_setup_teardown.py for tasks to queue
[2025-10-29T20:20:12.340-0700] {logging_mixin.py:188} INFO - [2025-10-29T20:20:12.339-0700] {dagbag.py:545} INFO - Filling up the DagBag from /opt/miniconda3/envs/airflow_env/lib/python3.11/site-packages/airflow/example_dags/example_setup_teardown.py
[2025-10-29T20:20:12.346-0700] {processor.py:840} INFO - DAG(s) 'example_setup_teardown' retrieved from /opt/miniconda3/envs/airflow_env/lib/python3.11/site-packages/airflow/example_dags/example_setup_teardown.py
[2025-10-29T20:20:12.423-0700] {logging_mixin.py:188} INFO - [2025-10-29T20:20:12.423-0700] {dag.py:3089} INFO - Sync 1 DAGs
[2025-10-29T20:20:12.436-0700] {logging_mixin.py:188} INFO - [2025-10-29T20:20:12.436-0700] {dag.py:3947} INFO - Setting next_dagrun for example_setup_teardown to 2025-10-29 00:00:00+00:00, run_after=2025-10-30 00:00:00+00:00
[2025-10-29T20:20:12.448-0700] {processor.py:183} INFO - Processing /opt/miniconda3/envs/airflow_env/lib/python3.11/site-packages/airflow/example_dags/example_setup_teardown.py took 0.114 seconds
[2025-10-29T20:21:32.738-0700] {processor.py:161} INFO - Started process (PID=28513) to work on /opt/miniconda3/envs/airflow_env/lib/python3.11/site-packages/airflow/example_dags/example_setup_teardown.py
[2025-10-29T20:21:32.739-0700] {processor.py:830} INFO - Processing file /opt/miniconda3/envs/airflow_env/lib/python3.11/site-packages/airflow/example_dags/example_setup_teardown.py for tasks to queue
[2025-10-29T20:21:32.739-0700] {logging_mixin.py:188} INFO - [2025-10-29T20:21:32.739-0700] {dagbag.py:545} INFO - Filling up the DagBag from /opt/miniconda3/envs/airflow_env/lib/python3.11/site-packages/airflow/example_dags/example_setup_teardown.py
[2025-10-29T20:21:32.745-0700] {processor.py:840} INFO - DAG(s) 'example_setup_teardown' retrieved from /opt/miniconda3/envs/airflow_env/lib/python3.11/site-packages/airflow/example_dags/example_setup_teardown.py
[2025-10-29T20:21:32.813-0700] {logging_mixin.py:188} INFO - [2025-10-29T20:21:32.813-0700] {dag.py:3089} INFO - Sync 1 DAGs
[2025-10-29T20:21:32.825-0700] {logging_mixin.py:188} INFO - [2025-10-29T20:21:32.825-0700] {dag.py:3947} INFO - Setting next_dagrun for example_setup_teardown to 2025-10-29 00:00:00+00:00, run_after=2025-10-30 00:00:00+00:00
[2025-10-29T20:21:32.838-0700] {processor.py:183} INFO - Processing /opt/miniconda3/envs/airflow_env/lib/python3.11/site-packages/airflow/example_dags/example_setup_teardown.py took 0.103 seconds
[2025-10-29T20:21:43.330-0700] {processor.py:161} INFO - Started process (PID=28547) to work on /opt/miniconda3/envs/airflow_env/lib/python3.11/site-packages/airflow/example_dags/example_setup_teardown.py
[2025-10-29T20:21:43.331-0700] {processor.py:830} INFO - Processing file /opt/miniconda3/envs/airflow_env/lib/python3.11/site-packages/airflow/example_dags/example_setup_teardown.py for tasks to queue
[2025-10-29T20:21:43.331-0700] {logging_mixin.py:188} INFO - [2025-10-29T20:21:43.331-0700] {dagbag.py:545} INFO - Filling up the DagBag from /opt/miniconda3/envs/airflow_env/lib/python3.11/site-packages/airflow/example_dags/example_setup_teardown.py
[2025-10-29T20:21:43.336-0700] {processor.py:840} INFO - DAG(s) 'example_setup_teardown' retrieved from /opt/miniconda3/envs/airflow_env/lib/python3.11/site-packages/airflow/example_dags/example_setup_teardown.py
[2025-10-29T20:21:43.393-0700] {logging_mixin.py:188} INFO - [2025-10-29T20:21:43.393-0700] {dag.py:3089} INFO - Sync 1 DAGs
[2025-10-29T20:21:43.403-0700] {logging_mixin.py:188} INFO - [2025-10-29T20:21:43.403-0700] {dag.py:3947} INFO - Setting next_dagrun for example_setup_teardown to 2025-10-29 00:00:00+00:00, run_after=2025-10-30 00:00:00+00:00
[2025-10-29T20:21:43.415-0700] {processor.py:183} INFO - Processing /opt/miniconda3/envs/airflow_env/lib/python3.11/site-packages/airflow/example_dags/example_setup_teardown.py took 0.087 seconds
[2025-10-29T20:21:47.358-0700] {processor.py:161} INFO - Started process (PID=28560) to work on /opt/miniconda3/envs/airflow_env/lib/python3.11/site-packages/airflow/example_dags/example_setup_teardown.py
[2025-10-29T20:21:47.359-0700] {processor.py:830} INFO - Processing file /opt/miniconda3/envs/airflow_env/lib/python3.11/site-packages/airflow/example_dags/example_setup_teardown.py for tasks to queue
[2025-10-29T20:21:47.359-0700] {logging_mixin.py:188} INFO - [2025-10-29T20:21:47.359-0700] {dagbag.py:545} INFO - Filling up the DagBag from /opt/miniconda3/envs/airflow_env/lib/python3.11/site-packages/airflow/example_dags/example_setup_teardown.py
[2025-10-29T20:21:47.364-0700] {processor.py:840} INFO - DAG(s) 'example_setup_teardown' retrieved from /opt/miniconda3/envs/airflow_env/lib/python3.11/site-packages/airflow/example_dags/example_setup_teardown.py
[2025-10-29T20:21:47.437-0700] {logging_mixin.py:188} INFO - [2025-10-29T20:21:47.437-0700] {dag.py:3089} INFO - Sync 1 DAGs
[2025-10-29T20:21:47.452-0700] {logging_mixin.py:188} INFO - [2025-10-29T20:21:47.452-0700] {dag.py:3947} INFO - Setting next_dagrun for example_setup_teardown to 2025-10-29 00:00:00+00:00, run_after=2025-10-30 00:00:00+00:00
[2025-10-29T20:21:47.471-0700] {processor.py:183} INFO - Processing /opt/miniconda3/envs/airflow_env/lib/python3.11/site-packages/airflow/example_dags/example_setup_teardown.py took 0.115 seconds
[2025-10-29T20:23:13.223-0700] {processor.py:161} INFO - Started process (PID=28862) to work on /opt/miniconda3/envs/airflow_env/lib/python3.11/site-packages/airflow/example_dags/example_setup_teardown.py
[2025-10-29T20:23:13.224-0700] {processor.py:830} INFO - Processing file /opt/miniconda3/envs/airflow_env/lib/python3.11/site-packages/airflow/example_dags/example_setup_teardown.py for tasks to queue
[2025-10-29T20:23:13.225-0700] {logging_mixin.py:188} INFO - [2025-10-29T20:23:13.225-0700] {dagbag.py:545} INFO - Filling up the DagBag from /opt/miniconda3/envs/airflow_env/lib/python3.11/site-packages/airflow/example_dags/example_setup_teardown.py
[2025-10-29T20:23:13.233-0700] {processor.py:840} INFO - DAG(s) 'example_setup_teardown' retrieved from /opt/miniconda3/envs/airflow_env/lib/python3.11/site-packages/airflow/example_dags/example_setup_teardown.py
[2025-10-29T20:23:13.322-0700] {logging_mixin.py:188} INFO - [2025-10-29T20:23:13.322-0700] {dag.py:3089} INFO - Sync 1 DAGs
[2025-10-29T20:23:13.337-0700] {logging_mixin.py:188} INFO - [2025-10-29T20:23:13.337-0700] {dag.py:3947} INFO - Setting next_dagrun for example_setup_teardown to 2025-10-29 00:00:00+00:00, run_after=2025-10-30 00:00:00+00:00
[2025-10-29T20:23:13.354-0700] {processor.py:183} INFO - Processing /opt/miniconda3/envs/airflow_env/lib/python3.11/site-packages/airflow/example_dags/example_setup_teardown.py took 0.135 seconds
[2025-10-29T20:23:23.239-0700] {processor.py:161} INFO - Started process (PID=28898) to work on /opt/miniconda3/envs/airflow_env/lib/python3.11/site-packages/airflow/example_dags/example_setup_teardown.py
[2025-10-29T20:23:23.240-0700] {processor.py:830} INFO - Processing file /opt/miniconda3/envs/airflow_env/lib/python3.11/site-packages/airflow/example_dags/example_setup_teardown.py for tasks to queue
[2025-10-29T20:23:23.241-0700] {logging_mixin.py:188} INFO - [2025-10-29T20:23:23.240-0700] {dagbag.py:545} INFO - Filling up the DagBag from /opt/miniconda3/envs/airflow_env/lib/python3.11/site-packages/airflow/example_dags/example_setup_teardown.py
[2025-10-29T20:23:23.248-0700] {processor.py:840} INFO - DAG(s) 'example_setup_teardown' retrieved from /opt/miniconda3/envs/airflow_env/lib/python3.11/site-packages/airflow/example_dags/example_setup_teardown.py
[2025-10-29T20:23:23.336-0700] {logging_mixin.py:188} INFO - [2025-10-29T20:23:23.335-0700] {dag.py:3089} INFO - Sync 1 DAGs
[2025-10-29T20:23:23.352-0700] {logging_mixin.py:188} INFO - [2025-10-29T20:23:23.351-0700] {dag.py:3947} INFO - Setting next_dagrun for example_setup_teardown to 2025-10-29 00:00:00+00:00, run_after=2025-10-30 00:00:00+00:00
[2025-10-29T20:23:23.367-0700] {processor.py:183} INFO - Processing /opt/miniconda3/envs/airflow_env/lib/python3.11/site-packages/airflow/example_dags/example_setup_teardown.py took 0.130 seconds
[2025-10-29T20:23:33.203-0700] {processor.py:161} INFO - Started process (PID=28927) to work on /opt/miniconda3/envs/airflow_env/lib/python3.11/site-packages/airflow/example_dags/example_setup_teardown.py
[2025-10-29T20:23:33.204-0700] {processor.py:830} INFO - Processing file /opt/miniconda3/envs/airflow_env/lib/python3.11/site-packages/airflow/example_dags/example_setup_teardown.py for tasks to queue
[2025-10-29T20:23:33.204-0700] {logging_mixin.py:188} INFO - [2025-10-29T20:23:33.204-0700] {dagbag.py:545} INFO - Filling up the DagBag from /opt/miniconda3/envs/airflow_env/lib/python3.11/site-packages/airflow/example_dags/example_setup_teardown.py
[2025-10-29T20:23:33.211-0700] {processor.py:840} INFO - DAG(s) 'example_setup_teardown' retrieved from /opt/miniconda3/envs/airflow_env/lib/python3.11/site-packages/airflow/example_dags/example_setup_teardown.py
[2025-10-29T20:23:33.301-0700] {logging_mixin.py:188} INFO - [2025-10-29T20:23:33.301-0700] {dag.py:3089} INFO - Sync 1 DAGs
[2025-10-29T20:23:33.317-0700] {logging_mixin.py:188} INFO - [2025-10-29T20:23:33.317-0700] {dag.py:3947} INFO - Setting next_dagrun for example_setup_teardown to 2025-10-29 00:00:00+00:00, run_after=2025-10-30 00:00:00+00:00
[2025-10-29T20:23:33.334-0700] {processor.py:183} INFO - Processing /opt/miniconda3/envs/airflow_env/lib/python3.11/site-packages/airflow/example_dags/example_setup_teardown.py took 0.135 seconds
[2025-10-29T20:24:41.675-0700] {processor.py:161} INFO - Started process (PID=29147) to work on /opt/miniconda3/envs/airflow_env/lib/python3.11/site-packages/airflow/example_dags/example_setup_teardown.py
[2025-10-29T20:24:41.676-0700] {processor.py:830} INFO - Processing file /opt/miniconda3/envs/airflow_env/lib/python3.11/site-packages/airflow/example_dags/example_setup_teardown.py for tasks to queue
[2025-10-29T20:24:41.677-0700] {logging_mixin.py:188} INFO - [2025-10-29T20:24:41.676-0700] {dagbag.py:545} INFO - Filling up the DagBag from /opt/miniconda3/envs/airflow_env/lib/python3.11/site-packages/airflow/example_dags/example_setup_teardown.py
[2025-10-29T20:24:41.682-0700] {processor.py:840} INFO - DAG(s) 'example_setup_teardown' retrieved from /opt/miniconda3/envs/airflow_env/lib/python3.11/site-packages/airflow/example_dags/example_setup_teardown.py
[2025-10-29T20:24:41.749-0700] {logging_mixin.py:188} INFO - [2025-10-29T20:24:41.749-0700] {dag.py:3089} INFO - Sync 1 DAGs
[2025-10-29T20:24:41.761-0700] {logging_mixin.py:188} INFO - [2025-10-29T20:24:41.761-0700] {dag.py:3947} INFO - Setting next_dagrun for example_setup_teardown to 2025-10-29 00:00:00+00:00, run_after=2025-10-30 00:00:00+00:00
[2025-10-29T20:24:41.773-0700] {processor.py:183} INFO - Processing /opt/miniconda3/envs/airflow_env/lib/python3.11/site-packages/airflow/example_dags/example_setup_teardown.py took 0.099 seconds
[2025-10-29T20:24:57.827-0700] {processor.py:161} INFO - Started process (PID=29201) to work on /opt/miniconda3/envs/airflow_env/lib/python3.11/site-packages/airflow/example_dags/example_setup_teardown.py
[2025-10-29T20:24:57.828-0700] {processor.py:830} INFO - Processing file /opt/miniconda3/envs/airflow_env/lib/python3.11/site-packages/airflow/example_dags/example_setup_teardown.py for tasks to queue
[2025-10-29T20:24:57.828-0700] {logging_mixin.py:188} INFO - [2025-10-29T20:24:57.828-0700] {dagbag.py:545} INFO - Filling up the DagBag from /opt/miniconda3/envs/airflow_env/lib/python3.11/site-packages/airflow/example_dags/example_setup_teardown.py
[2025-10-29T20:24:57.834-0700] {processor.py:840} INFO - DAG(s) 'example_setup_teardown' retrieved from /opt/miniconda3/envs/airflow_env/lib/python3.11/site-packages/airflow/example_dags/example_setup_teardown.py
[2025-10-29T20:24:57.902-0700] {logging_mixin.py:188} INFO - [2025-10-29T20:24:57.902-0700] {dag.py:3089} INFO - Sync 1 DAGs
[2025-10-29T20:24:57.914-0700] {logging_mixin.py:188} INFO - [2025-10-29T20:24:57.914-0700] {dag.py:3947} INFO - Setting next_dagrun for example_setup_teardown to 2025-10-29 00:00:00+00:00, run_after=2025-10-30 00:00:00+00:00
[2025-10-29T20:24:57.927-0700] {processor.py:183} INFO - Processing /opt/miniconda3/envs/airflow_env/lib/python3.11/site-packages/airflow/example_dags/example_setup_teardown.py took 0.103 seconds
[2025-10-29T20:25:01.723-0700] {processor.py:161} INFO - Started process (PID=29214) to work on /opt/miniconda3/envs/airflow_env/lib/python3.11/site-packages/airflow/example_dags/example_setup_teardown.py
[2025-10-29T20:25:01.723-0700] {processor.py:830} INFO - Processing file /opt/miniconda3/envs/airflow_env/lib/python3.11/site-packages/airflow/example_dags/example_setup_teardown.py for tasks to queue
[2025-10-29T20:25:01.724-0700] {logging_mixin.py:188} INFO - [2025-10-29T20:25:01.724-0700] {dagbag.py:545} INFO - Filling up the DagBag from /opt/miniconda3/envs/airflow_env/lib/python3.11/site-packages/airflow/example_dags/example_setup_teardown.py
[2025-10-29T20:25:01.729-0700] {processor.py:840} INFO - DAG(s) 'example_setup_teardown' retrieved from /opt/miniconda3/envs/airflow_env/lib/python3.11/site-packages/airflow/example_dags/example_setup_teardown.py
[2025-10-29T20:25:01.786-0700] {logging_mixin.py:188} INFO - [2025-10-29T20:25:01.785-0700] {dag.py:3089} INFO - Sync 1 DAGs
[2025-10-29T20:25:01.796-0700] {logging_mixin.py:188} INFO - [2025-10-29T20:25:01.796-0700] {dag.py:3947} INFO - Setting next_dagrun for example_setup_teardown to 2025-10-29 00:00:00+00:00, run_after=2025-10-30 00:00:00+00:00
[2025-10-29T20:25:01.808-0700] {processor.py:183} INFO - Processing /opt/miniconda3/envs/airflow_env/lib/python3.11/site-packages/airflow/example_dags/example_setup_teardown.py took 0.088 seconds
[2025-10-29T20:26:04.854-0700] {processor.py:161} INFO - Started process (PID=29432) to work on /opt/miniconda3/envs/airflow_env/lib/python3.11/site-packages/airflow/example_dags/example_setup_teardown.py
[2025-10-29T20:26:04.855-0700] {processor.py:830} INFO - Processing file /opt/miniconda3/envs/airflow_env/lib/python3.11/site-packages/airflow/example_dags/example_setup_teardown.py for tasks to queue
[2025-10-29T20:26:04.855-0700] {logging_mixin.py:188} INFO - [2025-10-29T20:26:04.855-0700] {dagbag.py:545} INFO - Filling up the DagBag from /opt/miniconda3/envs/airflow_env/lib/python3.11/site-packages/airflow/example_dags/example_setup_teardown.py
[2025-10-29T20:26:04.861-0700] {processor.py:840} INFO - DAG(s) 'example_setup_teardown' retrieved from /opt/miniconda3/envs/airflow_env/lib/python3.11/site-packages/airflow/example_dags/example_setup_teardown.py
[2025-10-29T20:26:04.942-0700] {logging_mixin.py:188} INFO - [2025-10-29T20:26:04.942-0700] {dag.py:3089} INFO - Sync 1 DAGs
[2025-10-29T20:26:04.957-0700] {logging_mixin.py:188} INFO - [2025-10-29T20:26:04.957-0700] {dag.py:3947} INFO - Setting next_dagrun for example_setup_teardown to 2025-10-29 00:00:00+00:00, run_after=2025-10-30 00:00:00+00:00
[2025-10-29T20:26:04.973-0700] {processor.py:183} INFO - Processing /opt/miniconda3/envs/airflow_env/lib/python3.11/site-packages/airflow/example_dags/example_setup_teardown.py took 0.122 seconds
[2025-10-29T20:26:27.486-0700] {processor.py:161} INFO - Started process (PID=29513) to work on /opt/miniconda3/envs/airflow_env/lib/python3.11/site-packages/airflow/example_dags/example_setup_teardown.py
[2025-10-29T20:26:27.487-0700] {processor.py:830} INFO - Processing file /opt/miniconda3/envs/airflow_env/lib/python3.11/site-packages/airflow/example_dags/example_setup_teardown.py for tasks to queue
[2025-10-29T20:26:27.488-0700] {logging_mixin.py:188} INFO - [2025-10-29T20:26:27.488-0700] {dagbag.py:545} INFO - Filling up the DagBag from /opt/miniconda3/envs/airflow_env/lib/python3.11/site-packages/airflow/example_dags/example_setup_teardown.py
[2025-10-29T20:26:27.496-0700] {processor.py:840} INFO - DAG(s) 'example_setup_teardown' retrieved from /opt/miniconda3/envs/airflow_env/lib/python3.11/site-packages/airflow/example_dags/example_setup_teardown.py
[2025-10-29T20:26:27.589-0700] {logging_mixin.py:188} INFO - [2025-10-29T20:26:27.589-0700] {dag.py:3089} INFO - Sync 1 DAGs
[2025-10-29T20:26:27.604-0700] {logging_mixin.py:188} INFO - [2025-10-29T20:26:27.604-0700] {dag.py:3947} INFO - Setting next_dagrun for example_setup_teardown to 2025-10-29 00:00:00+00:00, run_after=2025-10-30 00:00:00+00:00
[2025-10-29T20:26:27.620-0700] {processor.py:183} INFO - Processing /opt/miniconda3/envs/airflow_env/lib/python3.11/site-packages/airflow/example_dags/example_setup_teardown.py took 0.138 seconds
[2025-10-29T20:26:30.174-0700] {processor.py:161} INFO - Started process (PID=29524) to work on /opt/miniconda3/envs/airflow_env/lib/python3.11/site-packages/airflow/example_dags/example_setup_teardown.py
[2025-10-29T20:26:30.176-0700] {processor.py:830} INFO - Processing file /opt/miniconda3/envs/airflow_env/lib/python3.11/site-packages/airflow/example_dags/example_setup_teardown.py for tasks to queue
[2025-10-29T20:26:30.177-0700] {logging_mixin.py:188} INFO - [2025-10-29T20:26:30.176-0700] {dagbag.py:545} INFO - Filling up the DagBag from /opt/miniconda3/envs/airflow_env/lib/python3.11/site-packages/airflow/example_dags/example_setup_teardown.py
[2025-10-29T20:26:30.184-0700] {processor.py:840} INFO - DAG(s) 'example_setup_teardown' retrieved from /opt/miniconda3/envs/airflow_env/lib/python3.11/site-packages/airflow/example_dags/example_setup_teardown.py
[2025-10-29T20:26:30.269-0700] {logging_mixin.py:188} INFO - [2025-10-29T20:26:30.269-0700] {dag.py:3089} INFO - Sync 1 DAGs
[2025-10-29T20:26:30.285-0700] {logging_mixin.py:188} INFO - [2025-10-29T20:26:30.285-0700] {dag.py:3947} INFO - Setting next_dagrun for example_setup_teardown to 2025-10-29 00:00:00+00:00, run_after=2025-10-30 00:00:00+00:00
[2025-10-29T20:26:30.301-0700] {processor.py:183} INFO - Processing /opt/miniconda3/envs/airflow_env/lib/python3.11/site-packages/airflow/example_dags/example_setup_teardown.py took 0.130 seconds
[2025-10-29T20:27:29.459-0700] {processor.py:161} INFO - Started process (PID=29731) to work on /opt/miniconda3/envs/airflow_env/lib/python3.11/site-packages/airflow/example_dags/example_setup_teardown.py
[2025-10-29T20:27:29.460-0700] {processor.py:830} INFO - Processing file /opt/miniconda3/envs/airflow_env/lib/python3.11/site-packages/airflow/example_dags/example_setup_teardown.py for tasks to queue
[2025-10-29T20:27:29.460-0700] {logging_mixin.py:188} INFO - [2025-10-29T20:27:29.460-0700] {dagbag.py:545} INFO - Filling up the DagBag from /opt/miniconda3/envs/airflow_env/lib/python3.11/site-packages/airflow/example_dags/example_setup_teardown.py
[2025-10-29T20:27:29.465-0700] {processor.py:840} INFO - DAG(s) 'example_setup_teardown' retrieved from /opt/miniconda3/envs/airflow_env/lib/python3.11/site-packages/airflow/example_dags/example_setup_teardown.py
[2025-10-29T20:27:29.522-0700] {logging_mixin.py:188} INFO - [2025-10-29T20:27:29.522-0700] {dag.py:3089} INFO - Sync 1 DAGs
[2025-10-29T20:27:29.533-0700] {logging_mixin.py:188} INFO - [2025-10-29T20:27:29.532-0700] {dag.py:3947} INFO - Setting next_dagrun for example_setup_teardown to 2025-10-29 00:00:00+00:00, run_after=2025-10-30 00:00:00+00:00
[2025-10-29T20:27:29.545-0700] {processor.py:183} INFO - Processing /opt/miniconda3/envs/airflow_env/lib/python3.11/site-packages/airflow/example_dags/example_setup_teardown.py took 0.088 seconds
[2025-10-29T20:28:56.467-0700] {processor.py:161} INFO - Started process (PID=30024) to work on /opt/miniconda3/envs/airflow_env/lib/python3.11/site-packages/airflow/example_dags/example_setup_teardown.py
[2025-10-29T20:28:56.469-0700] {processor.py:830} INFO - Processing file /opt/miniconda3/envs/airflow_env/lib/python3.11/site-packages/airflow/example_dags/example_setup_teardown.py for tasks to queue
[2025-10-29T20:28:56.470-0700] {logging_mixin.py:188} INFO - [2025-10-29T20:28:56.470-0700] {dagbag.py:545} INFO - Filling up the DagBag from /opt/miniconda3/envs/airflow_env/lib/python3.11/site-packages/airflow/example_dags/example_setup_teardown.py
[2025-10-29T20:28:56.479-0700] {processor.py:840} INFO - DAG(s) 'example_setup_teardown' retrieved from /opt/miniconda3/envs/airflow_env/lib/python3.11/site-packages/airflow/example_dags/example_setup_teardown.py
[2025-10-29T20:28:56.576-0700] {logging_mixin.py:188} INFO - [2025-10-29T20:28:56.576-0700] {dag.py:3089} INFO - Sync 1 DAGs
[2025-10-29T20:28:56.593-0700] {logging_mixin.py:188} INFO - [2025-10-29T20:28:56.593-0700] {dag.py:3947} INFO - Setting next_dagrun for example_setup_teardown to 2025-10-29 00:00:00+00:00, run_after=2025-10-30 00:00:00+00:00
[2025-10-29T20:28:56.614-0700] {processor.py:183} INFO - Processing /opt/miniconda3/envs/airflow_env/lib/python3.11/site-packages/airflow/example_dags/example_setup_teardown.py took 0.152 seconds
[2025-10-29T20:29:15.363-0700] {processor.py:161} INFO - Started process (PID=30094) to work on /opt/miniconda3/envs/airflow_env/lib/python3.11/site-packages/airflow/example_dags/example_setup_teardown.py
[2025-10-29T20:29:15.364-0700] {processor.py:830} INFO - Processing file /opt/miniconda3/envs/airflow_env/lib/python3.11/site-packages/airflow/example_dags/example_setup_teardown.py for tasks to queue
[2025-10-29T20:29:15.365-0700] {logging_mixin.py:188} INFO - [2025-10-29T20:29:15.365-0700] {dagbag.py:545} INFO - Filling up the DagBag from /opt/miniconda3/envs/airflow_env/lib/python3.11/site-packages/airflow/example_dags/example_setup_teardown.py
[2025-10-29T20:29:15.371-0700] {processor.py:840} INFO - DAG(s) 'example_setup_teardown' retrieved from /opt/miniconda3/envs/airflow_env/lib/python3.11/site-packages/airflow/example_dags/example_setup_teardown.py
[2025-10-29T20:29:15.436-0700] {logging_mixin.py:188} INFO - [2025-10-29T20:29:15.436-0700] {dag.py:3089} INFO - Sync 1 DAGs
[2025-10-29T20:29:15.448-0700] {logging_mixin.py:188} INFO - [2025-10-29T20:29:15.448-0700] {dag.py:3947} INFO - Setting next_dagrun for example_setup_teardown to 2025-10-29 00:00:00+00:00, run_after=2025-10-30 00:00:00+00:00
[2025-10-29T20:29:15.460-0700] {processor.py:183} INFO - Processing /opt/miniconda3/envs/airflow_env/lib/python3.11/site-packages/airflow/example_dags/example_setup_teardown.py took 0.099 seconds
[2025-10-29T20:29:18.589-0700] {processor.py:161} INFO - Started process (PID=30107) to work on /opt/miniconda3/envs/airflow_env/lib/python3.11/site-packages/airflow/example_dags/example_setup_teardown.py
[2025-10-29T20:29:18.589-0700] {processor.py:830} INFO - Processing file /opt/miniconda3/envs/airflow_env/lib/python3.11/site-packages/airflow/example_dags/example_setup_teardown.py for tasks to queue
[2025-10-29T20:29:18.590-0700] {logging_mixin.py:188} INFO - [2025-10-29T20:29:18.590-0700] {dagbag.py:545} INFO - Filling up the DagBag from /opt/miniconda3/envs/airflow_env/lib/python3.11/site-packages/airflow/example_dags/example_setup_teardown.py
[2025-10-29T20:29:18.596-0700] {processor.py:840} INFO - DAG(s) 'example_setup_teardown' retrieved from /opt/miniconda3/envs/airflow_env/lib/python3.11/site-packages/airflow/example_dags/example_setup_teardown.py
[2025-10-29T20:29:18.660-0700] {logging_mixin.py:188} INFO - [2025-10-29T20:29:18.660-0700] {dag.py:3089} INFO - Sync 1 DAGs
[2025-10-29T20:29:18.671-0700] {logging_mixin.py:188} INFO - [2025-10-29T20:29:18.671-0700] {dag.py:3947} INFO - Setting next_dagrun for example_setup_teardown to 2025-10-29 00:00:00+00:00, run_after=2025-10-30 00:00:00+00:00
[2025-10-29T20:29:18.683-0700] {processor.py:183} INFO - Processing /opt/miniconda3/envs/airflow_env/lib/python3.11/site-packages/airflow/example_dags/example_setup_teardown.py took 0.097 seconds
