[2025-10-29T18:41:07.575-0700] {processor.py:161} INFO - Started process (PID=5204) to work on /opt/miniconda3/envs/airflow_env/lib/python3.11/site-packages/airflow/example_dags/example_latest_only_with_trigger.py
[2025-10-29T18:41:07.575-0700] {processor.py:830} INFO - Processing file /opt/miniconda3/envs/airflow_env/lib/python3.11/site-packages/airflow/example_dags/example_latest_only_with_trigger.py for tasks to queue
[2025-10-29T18:41:07.576-0700] {logging_mixin.py:188} INFO - [2025-10-29T18:41:07.576-0700] {dagbag.py:545} INFO - Filling up the DagBag from /opt/miniconda3/envs/airflow_env/lib/python3.11/site-packages/airflow/example_dags/example_latest_only_with_trigger.py
[2025-10-29T18:41:07.580-0700] {processor.py:840} INFO - DAG(s) 'latest_only_with_trigger' retrieved from /opt/miniconda3/envs/airflow_env/lib/python3.11/site-packages/airflow/example_dags/example_latest_only_with_trigger.py
[2025-10-29T18:41:07.670-0700] {logging_mixin.py:188} INFO - [2025-10-29T18:41:07.670-0700] {override.py:1930} INFO - Created Permission View: can edit on DAG:latest_only_with_trigger
[2025-10-29T18:41:07.674-0700] {logging_mixin.py:188} INFO - [2025-10-29T18:41:07.674-0700] {override.py:1930} INFO - Created Permission View: can delete on DAG:latest_only_with_trigger
[2025-10-29T18:41:07.677-0700] {logging_mixin.py:188} INFO - [2025-10-29T18:41:07.677-0700] {override.py:1930} INFO - Created Permission View: can read on DAG:latest_only_with_trigger
[2025-10-29T18:41:07.677-0700] {logging_mixin.py:188} INFO - [2025-10-29T18:41:07.677-0700] {dag.py:3089} INFO - Sync 1 DAGs
[2025-10-29T18:41:07.682-0700] {logging_mixin.py:188} INFO - [2025-10-29T18:41:07.682-0700] {dag.py:3111} INFO - Creating ORM DAG for latest_only_with_trigger
[2025-10-29T18:41:07.686-0700] {logging_mixin.py:188} INFO - [2025-10-29T18:41:07.686-0700] {dag.py:3947} INFO - Setting next_dagrun for latest_only_with_trigger to 2025-10-29 20:00:00+00:00, run_after=2025-10-30 00:00:00+00:00
[2025-10-29T18:41:07.727-0700] {processor.py:183} INFO - Processing /opt/miniconda3/envs/airflow_env/lib/python3.11/site-packages/airflow/example_dags/example_latest_only_with_trigger.py took 0.154 seconds
[2025-10-29T18:42:47.540-0700] {processor.py:161} INFO - Started process (PID=5399) to work on /opt/miniconda3/envs/airflow_env/lib/python3.11/site-packages/airflow/example_dags/example_latest_only_with_trigger.py
[2025-10-29T18:42:47.542-0700] {processor.py:830} INFO - Processing file /opt/miniconda3/envs/airflow_env/lib/python3.11/site-packages/airflow/example_dags/example_latest_only_with_trigger.py for tasks to queue
[2025-10-29T18:42:47.542-0700] {logging_mixin.py:188} INFO - [2025-10-29T18:42:47.542-0700] {dagbag.py:545} INFO - Filling up the DagBag from /opt/miniconda3/envs/airflow_env/lib/python3.11/site-packages/airflow/example_dags/example_latest_only_with_trigger.py
[2025-10-29T18:42:47.547-0700] {processor.py:840} INFO - DAG(s) 'latest_only_with_trigger' retrieved from /opt/miniconda3/envs/airflow_env/lib/python3.11/site-packages/airflow/example_dags/example_latest_only_with_trigger.py
[2025-10-29T18:42:47.596-0700] {logging_mixin.py:188} INFO - [2025-10-29T18:42:47.595-0700] {dag.py:3089} INFO - Sync 1 DAGs
[2025-10-29T18:42:47.605-0700] {logging_mixin.py:188} INFO - [2025-10-29T18:42:47.605-0700] {dag.py:3947} INFO - Setting next_dagrun for latest_only_with_trigger to 2025-10-29 20:00:00+00:00, run_after=2025-10-30 00:00:00+00:00
[2025-10-29T18:42:47.614-0700] {processor.py:183} INFO - Processing /opt/miniconda3/envs/airflow_env/lib/python3.11/site-packages/airflow/example_dags/example_latest_only_with_trigger.py took 0.076 seconds
[2025-10-29T18:45:08.826-0700] {processor.py:161} INFO - Started process (PID=5659) to work on /opt/miniconda3/envs/airflow_env/lib/python3.11/site-packages/airflow/example_dags/example_latest_only_with_trigger.py
[2025-10-29T18:45:08.827-0700] {processor.py:830} INFO - Processing file /opt/miniconda3/envs/airflow_env/lib/python3.11/site-packages/airflow/example_dags/example_latest_only_with_trigger.py for tasks to queue
[2025-10-29T18:45:08.827-0700] {logging_mixin.py:188} INFO - [2025-10-29T18:45:08.827-0700] {dagbag.py:545} INFO - Filling up the DagBag from /opt/miniconda3/envs/airflow_env/lib/python3.11/site-packages/airflow/example_dags/example_latest_only_with_trigger.py
[2025-10-29T18:45:08.831-0700] {processor.py:840} INFO - DAG(s) 'latest_only_with_trigger' retrieved from /opt/miniconda3/envs/airflow_env/lib/python3.11/site-packages/airflow/example_dags/example_latest_only_with_trigger.py
[2025-10-29T18:45:08.880-0700] {logging_mixin.py:188} INFO - [2025-10-29T18:45:08.880-0700] {dag.py:3089} INFO - Sync 1 DAGs
[2025-10-29T18:45:08.890-0700] {logging_mixin.py:188} INFO - [2025-10-29T18:45:08.889-0700] {dag.py:3947} INFO - Setting next_dagrun for latest_only_with_trigger to 2025-10-29 20:00:00+00:00, run_after=2025-10-30 00:00:00+00:00
[2025-10-29T18:45:08.899-0700] {processor.py:183} INFO - Processing /opt/miniconda3/envs/airflow_env/lib/python3.11/site-packages/airflow/example_dags/example_latest_only_with_trigger.py took 0.075 seconds
[2025-10-29T18:47:33.324-0700] {processor.py:161} INFO - Started process (PID=5918) to work on /opt/miniconda3/envs/airflow_env/lib/python3.11/site-packages/airflow/example_dags/example_latest_only_with_trigger.py
[2025-10-29T18:47:33.325-0700] {processor.py:830} INFO - Processing file /opt/miniconda3/envs/airflow_env/lib/python3.11/site-packages/airflow/example_dags/example_latest_only_with_trigger.py for tasks to queue
[2025-10-29T18:47:33.325-0700] {logging_mixin.py:188} INFO - [2025-10-29T18:47:33.325-0700] {dagbag.py:545} INFO - Filling up the DagBag from /opt/miniconda3/envs/airflow_env/lib/python3.11/site-packages/airflow/example_dags/example_latest_only_with_trigger.py
[2025-10-29T18:47:33.329-0700] {processor.py:840} INFO - DAG(s) 'latest_only_with_trigger' retrieved from /opt/miniconda3/envs/airflow_env/lib/python3.11/site-packages/airflow/example_dags/example_latest_only_with_trigger.py
[2025-10-29T18:47:33.378-0700] {logging_mixin.py:188} INFO - [2025-10-29T18:47:33.378-0700] {dag.py:3089} INFO - Sync 1 DAGs
[2025-10-29T18:47:33.387-0700] {logging_mixin.py:188} INFO - [2025-10-29T18:47:33.387-0700] {dag.py:3947} INFO - Setting next_dagrun for latest_only_with_trigger to 2025-10-29 20:00:00+00:00, run_after=2025-10-30 00:00:00+00:00
[2025-10-29T18:47:33.397-0700] {processor.py:183} INFO - Processing /opt/miniconda3/envs/airflow_env/lib/python3.11/site-packages/airflow/example_dags/example_latest_only_with_trigger.py took 0.074 seconds
[2025-10-29T18:49:58.673-0700] {processor.py:161} INFO - Started process (PID=8487) to work on /opt/miniconda3/envs/airflow_env/lib/python3.11/site-packages/airflow/example_dags/example_latest_only_with_trigger.py
[2025-10-29T18:49:58.674-0700] {processor.py:830} INFO - Processing file /opt/miniconda3/envs/airflow_env/lib/python3.11/site-packages/airflow/example_dags/example_latest_only_with_trigger.py for tasks to queue
[2025-10-29T18:49:58.674-0700] {logging_mixin.py:188} INFO - [2025-10-29T18:49:58.674-0700] {dagbag.py:545} INFO - Filling up the DagBag from /opt/miniconda3/envs/airflow_env/lib/python3.11/site-packages/airflow/example_dags/example_latest_only_with_trigger.py
[2025-10-29T18:49:58.680-0700] {processor.py:840} INFO - DAG(s) 'latest_only_with_trigger' retrieved from /opt/miniconda3/envs/airflow_env/lib/python3.11/site-packages/airflow/example_dags/example_latest_only_with_trigger.py
[2025-10-29T18:49:58.733-0700] {logging_mixin.py:188} INFO - [2025-10-29T18:49:58.732-0700] {dag.py:3089} INFO - Sync 1 DAGs
[2025-10-29T18:49:58.742-0700] {logging_mixin.py:188} INFO - [2025-10-29T18:49:58.742-0700] {dag.py:3947} INFO - Setting next_dagrun for latest_only_with_trigger to 2025-10-29 20:00:00+00:00, run_after=2025-10-30 00:00:00+00:00
[2025-10-29T18:49:58.752-0700] {processor.py:183} INFO - Processing /opt/miniconda3/envs/airflow_env/lib/python3.11/site-packages/airflow/example_dags/example_latest_only_with_trigger.py took 0.081 seconds
[2025-10-29T18:52:18.073-0700] {processor.py:161} INFO - Started process (PID=9970) to work on /opt/miniconda3/envs/airflow_env/lib/python3.11/site-packages/airflow/example_dags/example_latest_only_with_trigger.py
[2025-10-29T18:52:18.073-0700] {processor.py:830} INFO - Processing file /opt/miniconda3/envs/airflow_env/lib/python3.11/site-packages/airflow/example_dags/example_latest_only_with_trigger.py for tasks to queue
[2025-10-29T18:52:18.074-0700] {logging_mixin.py:188} INFO - [2025-10-29T18:52:18.074-0700] {dagbag.py:545} INFO - Filling up the DagBag from /opt/miniconda3/envs/airflow_env/lib/python3.11/site-packages/airflow/example_dags/example_latest_only_with_trigger.py
[2025-10-29T18:52:18.078-0700] {processor.py:840} INFO - DAG(s) 'latest_only_with_trigger' retrieved from /opt/miniconda3/envs/airflow_env/lib/python3.11/site-packages/airflow/example_dags/example_latest_only_with_trigger.py
[2025-10-29T18:52:18.126-0700] {logging_mixin.py:188} INFO - [2025-10-29T18:52:18.126-0700] {dag.py:3089} INFO - Sync 1 DAGs
[2025-10-29T18:52:18.135-0700] {logging_mixin.py:188} INFO - [2025-10-29T18:52:18.135-0700] {dag.py:3947} INFO - Setting next_dagrun for latest_only_with_trigger to 2025-10-29 20:00:00+00:00, run_after=2025-10-30 00:00:00+00:00
[2025-10-29T18:52:18.145-0700] {processor.py:183} INFO - Processing /opt/miniconda3/envs/airflow_env/lib/python3.11/site-packages/airflow/example_dags/example_latest_only_with_trigger.py took 0.074 seconds
[2025-10-29T18:54:37.976-0700] {processor.py:161} INFO - Started process (PID=10245) to work on /opt/miniconda3/envs/airflow_env/lib/python3.11/site-packages/airflow/example_dags/example_latest_only_with_trigger.py
[2025-10-29T18:54:37.977-0700] {processor.py:830} INFO - Processing file /opt/miniconda3/envs/airflow_env/lib/python3.11/site-packages/airflow/example_dags/example_latest_only_with_trigger.py for tasks to queue
[2025-10-29T18:54:37.978-0700] {logging_mixin.py:188} INFO - [2025-10-29T18:54:37.978-0700] {dagbag.py:545} INFO - Filling up the DagBag from /opt/miniconda3/envs/airflow_env/lib/python3.11/site-packages/airflow/example_dags/example_latest_only_with_trigger.py
[2025-10-29T18:54:37.982-0700] {processor.py:840} INFO - DAG(s) 'latest_only_with_trigger' retrieved from /opt/miniconda3/envs/airflow_env/lib/python3.11/site-packages/airflow/example_dags/example_latest_only_with_trigger.py
[2025-10-29T18:54:38.030-0700] {logging_mixin.py:188} INFO - [2025-10-29T18:54:38.030-0700] {dag.py:3089} INFO - Sync 1 DAGs
[2025-10-29T18:54:38.040-0700] {logging_mixin.py:188} INFO - [2025-10-29T18:54:38.040-0700] {dag.py:3947} INFO - Setting next_dagrun for latest_only_with_trigger to 2025-10-29 20:00:00+00:00, run_after=2025-10-30 00:00:00+00:00
[2025-10-29T18:54:38.049-0700] {processor.py:183} INFO - Processing /opt/miniconda3/envs/airflow_env/lib/python3.11/site-packages/airflow/example_dags/example_latest_only_with_trigger.py took 0.075 seconds
[2025-10-29T18:57:01.117-0700] {processor.py:161} INFO - Started process (PID=10490) to work on /opt/miniconda3/envs/airflow_env/lib/python3.11/site-packages/airflow/example_dags/example_latest_only_with_trigger.py
[2025-10-29T18:57:01.118-0700] {processor.py:830} INFO - Processing file /opt/miniconda3/envs/airflow_env/lib/python3.11/site-packages/airflow/example_dags/example_latest_only_with_trigger.py for tasks to queue
[2025-10-29T18:57:01.118-0700] {logging_mixin.py:188} INFO - [2025-10-29T18:57:01.118-0700] {dagbag.py:545} INFO - Filling up the DagBag from /opt/miniconda3/envs/airflow_env/lib/python3.11/site-packages/airflow/example_dags/example_latest_only_with_trigger.py
[2025-10-29T18:57:01.122-0700] {processor.py:840} INFO - DAG(s) 'latest_only_with_trigger' retrieved from /opt/miniconda3/envs/airflow_env/lib/python3.11/site-packages/airflow/example_dags/example_latest_only_with_trigger.py
[2025-10-29T18:57:01.171-0700] {logging_mixin.py:188} INFO - [2025-10-29T18:57:01.171-0700] {dag.py:3089} INFO - Sync 1 DAGs
[2025-10-29T18:57:01.180-0700] {logging_mixin.py:188} INFO - [2025-10-29T18:57:01.180-0700] {dag.py:3947} INFO - Setting next_dagrun for latest_only_with_trigger to 2025-10-29 20:00:00+00:00, run_after=2025-10-30 00:00:00+00:00
[2025-10-29T18:57:01.189-0700] {processor.py:183} INFO - Processing /opt/miniconda3/envs/airflow_env/lib/python3.11/site-packages/airflow/example_dags/example_latest_only_with_trigger.py took 0.074 seconds
[2025-10-29T18:59:42.743-0700] {processor.py:161} INFO - Started process (PID=10827) to work on /opt/miniconda3/envs/airflow_env/lib/python3.11/site-packages/airflow/example_dags/example_latest_only_with_trigger.py
[2025-10-29T18:59:42.743-0700] {processor.py:830} INFO - Processing file /opt/miniconda3/envs/airflow_env/lib/python3.11/site-packages/airflow/example_dags/example_latest_only_with_trigger.py for tasks to queue
[2025-10-29T18:59:42.744-0700] {logging_mixin.py:188} INFO - [2025-10-29T18:59:42.744-0700] {dagbag.py:545} INFO - Filling up the DagBag from /opt/miniconda3/envs/airflow_env/lib/python3.11/site-packages/airflow/example_dags/example_latest_only_with_trigger.py
[2025-10-29T18:59:42.748-0700] {processor.py:840} INFO - DAG(s) 'latest_only_with_trigger' retrieved from /opt/miniconda3/envs/airflow_env/lib/python3.11/site-packages/airflow/example_dags/example_latest_only_with_trigger.py
[2025-10-29T18:59:42.841-0700] {logging_mixin.py:188} INFO - [2025-10-29T18:59:42.841-0700] {dag.py:3089} INFO - Sync 1 DAGs
[2025-10-29T18:59:42.849-0700] {logging_mixin.py:188} INFO - [2025-10-29T18:59:42.849-0700] {dag.py:3947} INFO - Setting next_dagrun for latest_only_with_trigger to 2025-10-29 20:00:00+00:00, run_after=2025-10-30 00:00:00+00:00
[2025-10-29T18:59:42.892-0700] {processor.py:183} INFO - Processing /opt/miniconda3/envs/airflow_env/lib/python3.11/site-packages/airflow/example_dags/example_latest_only_with_trigger.py took 0.151 seconds
[2025-10-29T19:01:25.150-0700] {processor.py:161} INFO - Started process (PID=11013) to work on /opt/miniconda3/envs/airflow_env/lib/python3.11/site-packages/airflow/example_dags/example_latest_only_with_trigger.py
[2025-10-29T19:01:25.151-0700] {processor.py:830} INFO - Processing file /opt/miniconda3/envs/airflow_env/lib/python3.11/site-packages/airflow/example_dags/example_latest_only_with_trigger.py for tasks to queue
[2025-10-29T19:01:25.152-0700] {logging_mixin.py:188} INFO - [2025-10-29T19:01:25.152-0700] {dagbag.py:545} INFO - Filling up the DagBag from /opt/miniconda3/envs/airflow_env/lib/python3.11/site-packages/airflow/example_dags/example_latest_only_with_trigger.py
[2025-10-29T19:01:25.156-0700] {processor.py:840} INFO - DAG(s) 'latest_only_with_trigger' retrieved from /opt/miniconda3/envs/airflow_env/lib/python3.11/site-packages/airflow/example_dags/example_latest_only_with_trigger.py
[2025-10-29T19:01:25.205-0700] {logging_mixin.py:188} INFO - [2025-10-29T19:01:25.204-0700] {dag.py:3089} INFO - Sync 1 DAGs
[2025-10-29T19:01:25.213-0700] {logging_mixin.py:188} INFO - [2025-10-29T19:01:25.213-0700] {dag.py:3947} INFO - Setting next_dagrun for latest_only_with_trigger to 2025-10-29 20:00:00+00:00, run_after=2025-10-30 00:00:00+00:00
[2025-10-29T19:01:25.223-0700] {processor.py:183} INFO - Processing /opt/miniconda3/envs/airflow_env/lib/python3.11/site-packages/airflow/example_dags/example_latest_only_with_trigger.py took 0.075 seconds
[2025-10-29T19:03:50.661-0700] {processor.py:161} INFO - Started process (PID=11273) to work on /opt/miniconda3/envs/airflow_env/lib/python3.11/site-packages/airflow/example_dags/example_latest_only_with_trigger.py
[2025-10-29T19:03:50.661-0700] {processor.py:830} INFO - Processing file /opt/miniconda3/envs/airflow_env/lib/python3.11/site-packages/airflow/example_dags/example_latest_only_with_trigger.py for tasks to queue
[2025-10-29T19:03:50.662-0700] {logging_mixin.py:188} INFO - [2025-10-29T19:03:50.662-0700] {dagbag.py:545} INFO - Filling up the DagBag from /opt/miniconda3/envs/airflow_env/lib/python3.11/site-packages/airflow/example_dags/example_latest_only_with_trigger.py
[2025-10-29T19:03:50.666-0700] {processor.py:840} INFO - DAG(s) 'latest_only_with_trigger' retrieved from /opt/miniconda3/envs/airflow_env/lib/python3.11/site-packages/airflow/example_dags/example_latest_only_with_trigger.py
[2025-10-29T19:03:50.715-0700] {logging_mixin.py:188} INFO - [2025-10-29T19:03:50.715-0700] {dag.py:3089} INFO - Sync 1 DAGs
[2025-10-29T19:03:50.724-0700] {logging_mixin.py:188} INFO - [2025-10-29T19:03:50.724-0700] {dag.py:3947} INFO - Setting next_dagrun for latest_only_with_trigger to 2025-10-29 20:00:00+00:00, run_after=2025-10-30 00:00:00+00:00
[2025-10-29T19:03:50.733-0700] {processor.py:183} INFO - Processing /opt/miniconda3/envs/airflow_env/lib/python3.11/site-packages/airflow/example_dags/example_latest_only_with_trigger.py took 0.075 seconds
[2025-10-29T19:06:19.010-0700] {processor.py:161} INFO - Started process (PID=11539) to work on /opt/miniconda3/envs/airflow_env/lib/python3.11/site-packages/airflow/example_dags/example_latest_only_with_trigger.py
[2025-10-29T19:06:19.010-0700] {processor.py:830} INFO - Processing file /opt/miniconda3/envs/airflow_env/lib/python3.11/site-packages/airflow/example_dags/example_latest_only_with_trigger.py for tasks to queue
[2025-10-29T19:06:19.011-0700] {logging_mixin.py:188} INFO - [2025-10-29T19:06:19.011-0700] {dagbag.py:545} INFO - Filling up the DagBag from /opt/miniconda3/envs/airflow_env/lib/python3.11/site-packages/airflow/example_dags/example_latest_only_with_trigger.py
[2025-10-29T19:06:19.016-0700] {processor.py:840} INFO - DAG(s) 'latest_only_with_trigger' retrieved from /opt/miniconda3/envs/airflow_env/lib/python3.11/site-packages/airflow/example_dags/example_latest_only_with_trigger.py
[2025-10-29T19:06:19.065-0700] {logging_mixin.py:188} INFO - [2025-10-29T19:06:19.065-0700] {dag.py:3089} INFO - Sync 1 DAGs
[2025-10-29T19:06:19.075-0700] {logging_mixin.py:188} INFO - [2025-10-29T19:06:19.074-0700] {dag.py:3947} INFO - Setting next_dagrun for latest_only_with_trigger to 2025-10-29 20:00:00+00:00, run_after=2025-10-30 00:00:00+00:00
[2025-10-29T19:06:19.084-0700] {processor.py:183} INFO - Processing /opt/miniconda3/envs/airflow_env/lib/python3.11/site-packages/airflow/example_dags/example_latest_only_with_trigger.py took 0.076 seconds
[2025-10-29T19:08:45.951-0700] {processor.py:161} INFO - Started process (PID=11782) to work on /opt/miniconda3/envs/airflow_env/lib/python3.11/site-packages/airflow/example_dags/example_latest_only_with_trigger.py
[2025-10-29T19:08:45.951-0700] {processor.py:830} INFO - Processing file /opt/miniconda3/envs/airflow_env/lib/python3.11/site-packages/airflow/example_dags/example_latest_only_with_trigger.py for tasks to queue
[2025-10-29T19:08:45.952-0700] {logging_mixin.py:188} INFO - [2025-10-29T19:08:45.952-0700] {dagbag.py:545} INFO - Filling up the DagBag from /opt/miniconda3/envs/airflow_env/lib/python3.11/site-packages/airflow/example_dags/example_latest_only_with_trigger.py
[2025-10-29T19:08:45.956-0700] {processor.py:840} INFO - DAG(s) 'latest_only_with_trigger' retrieved from /opt/miniconda3/envs/airflow_env/lib/python3.11/site-packages/airflow/example_dags/example_latest_only_with_trigger.py
[2025-10-29T19:08:46.004-0700] {logging_mixin.py:188} INFO - [2025-10-29T19:08:46.004-0700] {dag.py:3089} INFO - Sync 1 DAGs
[2025-10-29T19:08:46.013-0700] {logging_mixin.py:188} INFO - [2025-10-29T19:08:46.013-0700] {dag.py:3947} INFO - Setting next_dagrun for latest_only_with_trigger to 2025-10-29 20:00:00+00:00, run_after=2025-10-30 00:00:00+00:00
[2025-10-29T19:08:46.023-0700] {processor.py:183} INFO - Processing /opt/miniconda3/envs/airflow_env/lib/python3.11/site-packages/airflow/example_dags/example_latest_only_with_trigger.py took 0.074 seconds
[2025-10-29T19:11:15.179-0700] {processor.py:161} INFO - Started process (PID=12053) to work on /opt/miniconda3/envs/airflow_env/lib/python3.11/site-packages/airflow/example_dags/example_latest_only_with_trigger.py
[2025-10-29T19:11:15.180-0700] {processor.py:830} INFO - Processing file /opt/miniconda3/envs/airflow_env/lib/python3.11/site-packages/airflow/example_dags/example_latest_only_with_trigger.py for tasks to queue
[2025-10-29T19:11:15.180-0700] {logging_mixin.py:188} INFO - [2025-10-29T19:11:15.180-0700] {dagbag.py:545} INFO - Filling up the DagBag from /opt/miniconda3/envs/airflow_env/lib/python3.11/site-packages/airflow/example_dags/example_latest_only_with_trigger.py
[2025-10-29T19:11:15.185-0700] {processor.py:840} INFO - DAG(s) 'latest_only_with_trigger' retrieved from /opt/miniconda3/envs/airflow_env/lib/python3.11/site-packages/airflow/example_dags/example_latest_only_with_trigger.py
[2025-10-29T19:11:15.239-0700] {logging_mixin.py:188} INFO - [2025-10-29T19:11:15.239-0700] {dag.py:3089} INFO - Sync 1 DAGs
[2025-10-29T19:11:15.249-0700] {logging_mixin.py:188} INFO - [2025-10-29T19:11:15.249-0700] {dag.py:3947} INFO - Setting next_dagrun for latest_only_with_trigger to 2025-10-29 20:00:00+00:00, run_after=2025-10-30 00:00:00+00:00
[2025-10-29T19:11:15.259-0700] {processor.py:183} INFO - Processing /opt/miniconda3/envs/airflow_env/lib/python3.11/site-packages/airflow/example_dags/example_latest_only_with_trigger.py took 0.082 seconds
[2025-10-29T19:13:45.518-0700] {processor.py:161} INFO - Started process (PID=12322) to work on /opt/miniconda3/envs/airflow_env/lib/python3.11/site-packages/airflow/example_dags/example_latest_only_with_trigger.py
[2025-10-29T19:13:45.519-0700] {processor.py:830} INFO - Processing file /opt/miniconda3/envs/airflow_env/lib/python3.11/site-packages/airflow/example_dags/example_latest_only_with_trigger.py for tasks to queue
[2025-10-29T19:13:45.519-0700] {logging_mixin.py:188} INFO - [2025-10-29T19:13:45.519-0700] {dagbag.py:545} INFO - Filling up the DagBag from /opt/miniconda3/envs/airflow_env/lib/python3.11/site-packages/airflow/example_dags/example_latest_only_with_trigger.py
[2025-10-29T19:13:45.524-0700] {processor.py:840} INFO - DAG(s) 'latest_only_with_trigger' retrieved from /opt/miniconda3/envs/airflow_env/lib/python3.11/site-packages/airflow/example_dags/example_latest_only_with_trigger.py
[2025-10-29T19:13:45.572-0700] {logging_mixin.py:188} INFO - [2025-10-29T19:13:45.572-0700] {dag.py:3089} INFO - Sync 1 DAGs
[2025-10-29T19:13:45.581-0700] {logging_mixin.py:188} INFO - [2025-10-29T19:13:45.580-0700] {dag.py:3947} INFO - Setting next_dagrun for latest_only_with_trigger to 2025-10-29 20:00:00+00:00, run_after=2025-10-30 00:00:00+00:00
[2025-10-29T19:13:45.590-0700] {processor.py:183} INFO - Processing /opt/miniconda3/envs/airflow_env/lib/python3.11/site-packages/airflow/example_dags/example_latest_only_with_trigger.py took 0.074 seconds
[2025-10-29T19:16:13.055-0700] {processor.py:161} INFO - Started process (PID=12574) to work on /opt/miniconda3/envs/airflow_env/lib/python3.11/site-packages/airflow/example_dags/example_latest_only_with_trigger.py
[2025-10-29T19:16:13.055-0700] {processor.py:830} INFO - Processing file /opt/miniconda3/envs/airflow_env/lib/python3.11/site-packages/airflow/example_dags/example_latest_only_with_trigger.py for tasks to queue
[2025-10-29T19:16:13.056-0700] {logging_mixin.py:188} INFO - [2025-10-29T19:16:13.055-0700] {dagbag.py:545} INFO - Filling up the DagBag from /opt/miniconda3/envs/airflow_env/lib/python3.11/site-packages/airflow/example_dags/example_latest_only_with_trigger.py
[2025-10-29T19:16:13.060-0700] {processor.py:840} INFO - DAG(s) 'latest_only_with_trigger' retrieved from /opt/miniconda3/envs/airflow_env/lib/python3.11/site-packages/airflow/example_dags/example_latest_only_with_trigger.py
[2025-10-29T19:16:13.109-0700] {logging_mixin.py:188} INFO - [2025-10-29T19:16:13.108-0700] {dag.py:3089} INFO - Sync 1 DAGs
[2025-10-29T19:16:13.117-0700] {logging_mixin.py:188} INFO - [2025-10-29T19:16:13.117-0700] {dag.py:3947} INFO - Setting next_dagrun for latest_only_with_trigger to 2025-10-29 20:00:00+00:00, run_after=2025-10-30 00:00:00+00:00
[2025-10-29T19:16:13.128-0700] {processor.py:183} INFO - Processing /opt/miniconda3/envs/airflow_env/lib/python3.11/site-packages/airflow/example_dags/example_latest_only_with_trigger.py took 0.075 seconds
[2025-10-29T19:18:41.988-0700] {processor.py:161} INFO - Started process (PID=12833) to work on /opt/miniconda3/envs/airflow_env/lib/python3.11/site-packages/airflow/example_dags/example_latest_only_with_trigger.py
[2025-10-29T19:18:41.989-0700] {processor.py:830} INFO - Processing file /opt/miniconda3/envs/airflow_env/lib/python3.11/site-packages/airflow/example_dags/example_latest_only_with_trigger.py for tasks to queue
[2025-10-29T19:18:41.990-0700] {logging_mixin.py:188} INFO - [2025-10-29T19:18:41.990-0700] {dagbag.py:545} INFO - Filling up the DagBag from /opt/miniconda3/envs/airflow_env/lib/python3.11/site-packages/airflow/example_dags/example_latest_only_with_trigger.py
[2025-10-29T19:18:41.994-0700] {processor.py:840} INFO - DAG(s) 'latest_only_with_trigger' retrieved from /opt/miniconda3/envs/airflow_env/lib/python3.11/site-packages/airflow/example_dags/example_latest_only_with_trigger.py
[2025-10-29T19:18:42.043-0700] {logging_mixin.py:188} INFO - [2025-10-29T19:18:42.043-0700] {dag.py:3089} INFO - Sync 1 DAGs
[2025-10-29T19:18:42.052-0700] {logging_mixin.py:188} INFO - [2025-10-29T19:18:42.052-0700] {dag.py:3947} INFO - Setting next_dagrun for latest_only_with_trigger to 2025-10-29 20:00:00+00:00, run_after=2025-10-30 00:00:00+00:00
[2025-10-29T19:18:42.061-0700] {processor.py:183} INFO - Processing /opt/miniconda3/envs/airflow_env/lib/python3.11/site-packages/airflow/example_dags/example_latest_only_with_trigger.py took 0.075 seconds
[2025-10-29T19:21:06.212-0700] {processor.py:161} INFO - Started process (PID=13125) to work on /opt/miniconda3/envs/airflow_env/lib/python3.11/site-packages/airflow/example_dags/example_latest_only_with_trigger.py
[2025-10-29T19:21:06.212-0700] {processor.py:830} INFO - Processing file /opt/miniconda3/envs/airflow_env/lib/python3.11/site-packages/airflow/example_dags/example_latest_only_with_trigger.py for tasks to queue
[2025-10-29T19:21:06.213-0700] {logging_mixin.py:188} INFO - [2025-10-29T19:21:06.212-0700] {dagbag.py:545} INFO - Filling up the DagBag from /opt/miniconda3/envs/airflow_env/lib/python3.11/site-packages/airflow/example_dags/example_latest_only_with_trigger.py
[2025-10-29T19:21:06.217-0700] {processor.py:840} INFO - DAG(s) 'latest_only_with_trigger' retrieved from /opt/miniconda3/envs/airflow_env/lib/python3.11/site-packages/airflow/example_dags/example_latest_only_with_trigger.py
[2025-10-29T19:21:06.266-0700] {logging_mixin.py:188} INFO - [2025-10-29T19:21:06.266-0700] {dag.py:3089} INFO - Sync 1 DAGs
[2025-10-29T19:21:06.275-0700] {logging_mixin.py:188} INFO - [2025-10-29T19:21:06.275-0700] {dag.py:3947} INFO - Setting next_dagrun for latest_only_with_trigger to 2025-10-29 20:00:00+00:00, run_after=2025-10-30 00:00:00+00:00
[2025-10-29T19:21:06.284-0700] {processor.py:183} INFO - Processing /opt/miniconda3/envs/airflow_env/lib/python3.11/site-packages/airflow/example_dags/example_latest_only_with_trigger.py took 0.075 seconds
[2025-10-29T19:23:33.160-0700] {processor.py:161} INFO - Started process (PID=13389) to work on /opt/miniconda3/envs/airflow_env/lib/python3.11/site-packages/airflow/example_dags/example_latest_only_with_trigger.py
[2025-10-29T19:23:33.161-0700] {processor.py:830} INFO - Processing file /opt/miniconda3/envs/airflow_env/lib/python3.11/site-packages/airflow/example_dags/example_latest_only_with_trigger.py for tasks to queue
[2025-10-29T19:23:33.161-0700] {logging_mixin.py:188} INFO - [2025-10-29T19:23:33.161-0700] {dagbag.py:545} INFO - Filling up the DagBag from /opt/miniconda3/envs/airflow_env/lib/python3.11/site-packages/airflow/example_dags/example_latest_only_with_trigger.py
[2025-10-29T19:23:33.165-0700] {processor.py:840} INFO - DAG(s) 'latest_only_with_trigger' retrieved from /opt/miniconda3/envs/airflow_env/lib/python3.11/site-packages/airflow/example_dags/example_latest_only_with_trigger.py
[2025-10-29T19:23:33.214-0700] {logging_mixin.py:188} INFO - [2025-10-29T19:23:33.214-0700] {dag.py:3089} INFO - Sync 1 DAGs
[2025-10-29T19:23:33.223-0700] {logging_mixin.py:188} INFO - [2025-10-29T19:23:33.223-0700] {dag.py:3947} INFO - Setting next_dagrun for latest_only_with_trigger to 2025-10-29 20:00:00+00:00, run_after=2025-10-30 00:00:00+00:00
[2025-10-29T19:23:33.232-0700] {processor.py:183} INFO - Processing /opt/miniconda3/envs/airflow_env/lib/python3.11/site-packages/airflow/example_dags/example_latest_only_with_trigger.py took 0.074 seconds
[2025-10-29T19:25:59.251-0700] {processor.py:161} INFO - Started process (PID=13913) to work on /opt/miniconda3/envs/airflow_env/lib/python3.11/site-packages/airflow/example_dags/example_latest_only_with_trigger.py
[2025-10-29T19:25:59.252-0700] {processor.py:830} INFO - Processing file /opt/miniconda3/envs/airflow_env/lib/python3.11/site-packages/airflow/example_dags/example_latest_only_with_trigger.py for tasks to queue
[2025-10-29T19:25:59.253-0700] {logging_mixin.py:188} INFO - [2025-10-29T19:25:59.253-0700] {dagbag.py:545} INFO - Filling up the DagBag from /opt/miniconda3/envs/airflow_env/lib/python3.11/site-packages/airflow/example_dags/example_latest_only_with_trigger.py
[2025-10-29T19:25:59.258-0700] {processor.py:840} INFO - DAG(s) 'latest_only_with_trigger' retrieved from /opt/miniconda3/envs/airflow_env/lib/python3.11/site-packages/airflow/example_dags/example_latest_only_with_trigger.py
[2025-10-29T19:25:59.306-0700] {logging_mixin.py:188} INFO - [2025-10-29T19:25:59.306-0700] {dag.py:3089} INFO - Sync 1 DAGs
[2025-10-29T19:25:59.315-0700] {logging_mixin.py:188} INFO - [2025-10-29T19:25:59.315-0700] {dag.py:3947} INFO - Setting next_dagrun for latest_only_with_trigger to 2025-10-29 20:00:00+00:00, run_after=2025-10-30 00:00:00+00:00
[2025-10-29T19:25:59.324-0700] {processor.py:183} INFO - Processing /opt/miniconda3/envs/airflow_env/lib/python3.11/site-packages/airflow/example_dags/example_latest_only_with_trigger.py took 0.075 seconds
[2025-10-29T19:28:26.363-0700] {processor.py:161} INFO - Started process (PID=14588) to work on /opt/miniconda3/envs/airflow_env/lib/python3.11/site-packages/airflow/example_dags/example_latest_only_with_trigger.py
[2025-10-29T19:28:26.364-0700] {processor.py:830} INFO - Processing file /opt/miniconda3/envs/airflow_env/lib/python3.11/site-packages/airflow/example_dags/example_latest_only_with_trigger.py for tasks to queue
[2025-10-29T19:28:26.364-0700] {logging_mixin.py:188} INFO - [2025-10-29T19:28:26.364-0700] {dagbag.py:545} INFO - Filling up the DagBag from /opt/miniconda3/envs/airflow_env/lib/python3.11/site-packages/airflow/example_dags/example_latest_only_with_trigger.py
[2025-10-29T19:28:26.369-0700] {processor.py:840} INFO - DAG(s) 'latest_only_with_trigger' retrieved from /opt/miniconda3/envs/airflow_env/lib/python3.11/site-packages/airflow/example_dags/example_latest_only_with_trigger.py
[2025-10-29T19:28:26.418-0700] {logging_mixin.py:188} INFO - [2025-10-29T19:28:26.418-0700] {dag.py:3089} INFO - Sync 1 DAGs
[2025-10-29T19:28:26.427-0700] {logging_mixin.py:188} INFO - [2025-10-29T19:28:26.427-0700] {dag.py:3947} INFO - Setting next_dagrun for latest_only_with_trigger to 2025-10-29 20:00:00+00:00, run_after=2025-10-30 00:00:00+00:00
[2025-10-29T19:28:26.436-0700] {processor.py:183} INFO - Processing /opt/miniconda3/envs/airflow_env/lib/python3.11/site-packages/airflow/example_dags/example_latest_only_with_trigger.py took 0.075 seconds
[2025-10-29T19:30:54.884-0700] {processor.py:161} INFO - Started process (PID=15273) to work on /opt/miniconda3/envs/airflow_env/lib/python3.11/site-packages/airflow/example_dags/example_latest_only_with_trigger.py
[2025-10-29T19:30:54.885-0700] {processor.py:830} INFO - Processing file /opt/miniconda3/envs/airflow_env/lib/python3.11/site-packages/airflow/example_dags/example_latest_only_with_trigger.py for tasks to queue
[2025-10-29T19:30:54.885-0700] {logging_mixin.py:188} INFO - [2025-10-29T19:30:54.885-0700] {dagbag.py:545} INFO - Filling up the DagBag from /opt/miniconda3/envs/airflow_env/lib/python3.11/site-packages/airflow/example_dags/example_latest_only_with_trigger.py
[2025-10-29T19:30:54.890-0700] {processor.py:840} INFO - DAG(s) 'latest_only_with_trigger' retrieved from /opt/miniconda3/envs/airflow_env/lib/python3.11/site-packages/airflow/example_dags/example_latest_only_with_trigger.py
[2025-10-29T19:30:54.939-0700] {logging_mixin.py:188} INFO - [2025-10-29T19:30:54.939-0700] {dag.py:3089} INFO - Sync 1 DAGs
[2025-10-29T19:30:54.948-0700] {logging_mixin.py:188} INFO - [2025-10-29T19:30:54.948-0700] {dag.py:3947} INFO - Setting next_dagrun for latest_only_with_trigger to 2025-10-29 20:00:00+00:00, run_after=2025-10-30 00:00:00+00:00
[2025-10-29T19:30:54.958-0700] {processor.py:183} INFO - Processing /opt/miniconda3/envs/airflow_env/lib/python3.11/site-packages/airflow/example_dags/example_latest_only_with_trigger.py took 0.076 seconds
[2025-10-29T19:33:24.961-0700] {processor.py:161} INFO - Started process (PID=15995) to work on /opt/miniconda3/envs/airflow_env/lib/python3.11/site-packages/airflow/example_dags/example_latest_only_with_trigger.py
[2025-10-29T19:33:24.961-0700] {processor.py:830} INFO - Processing file /opt/miniconda3/envs/airflow_env/lib/python3.11/site-packages/airflow/example_dags/example_latest_only_with_trigger.py for tasks to queue
[2025-10-29T19:33:24.962-0700] {logging_mixin.py:188} INFO - [2025-10-29T19:33:24.962-0700] {dagbag.py:545} INFO - Filling up the DagBag from /opt/miniconda3/envs/airflow_env/lib/python3.11/site-packages/airflow/example_dags/example_latest_only_with_trigger.py
[2025-10-29T19:33:24.967-0700] {processor.py:840} INFO - DAG(s) 'latest_only_with_trigger' retrieved from /opt/miniconda3/envs/airflow_env/lib/python3.11/site-packages/airflow/example_dags/example_latest_only_with_trigger.py
[2025-10-29T19:33:25.016-0700] {logging_mixin.py:188} INFO - [2025-10-29T19:33:25.015-0700] {dag.py:3089} INFO - Sync 1 DAGs
[2025-10-29T19:33:25.024-0700] {logging_mixin.py:188} INFO - [2025-10-29T19:33:25.024-0700] {dag.py:3947} INFO - Setting next_dagrun for latest_only_with_trigger to 2025-10-29 20:00:00+00:00, run_after=2025-10-30 00:00:00+00:00
[2025-10-29T19:33:25.034-0700] {processor.py:183} INFO - Processing /opt/miniconda3/envs/airflow_env/lib/python3.11/site-packages/airflow/example_dags/example_latest_only_with_trigger.py took 0.075 seconds
[2025-10-29T19:35:55.438-0700] {processor.py:161} INFO - Started process (PID=16677) to work on /opt/miniconda3/envs/airflow_env/lib/python3.11/site-packages/airflow/example_dags/example_latest_only_with_trigger.py
[2025-10-29T19:35:55.440-0700] {processor.py:830} INFO - Processing file /opt/miniconda3/envs/airflow_env/lib/python3.11/site-packages/airflow/example_dags/example_latest_only_with_trigger.py for tasks to queue
[2025-10-29T19:35:55.440-0700] {logging_mixin.py:188} INFO - [2025-10-29T19:35:55.440-0700] {dagbag.py:545} INFO - Filling up the DagBag from /opt/miniconda3/envs/airflow_env/lib/python3.11/site-packages/airflow/example_dags/example_latest_only_with_trigger.py
[2025-10-29T19:35:55.445-0700] {processor.py:840} INFO - DAG(s) 'latest_only_with_trigger' retrieved from /opt/miniconda3/envs/airflow_env/lib/python3.11/site-packages/airflow/example_dags/example_latest_only_with_trigger.py
[2025-10-29T19:35:55.494-0700] {logging_mixin.py:188} INFO - [2025-10-29T19:35:55.493-0700] {dag.py:3089} INFO - Sync 1 DAGs
[2025-10-29T19:35:55.502-0700] {logging_mixin.py:188} INFO - [2025-10-29T19:35:55.502-0700] {dag.py:3947} INFO - Setting next_dagrun for latest_only_with_trigger to 2025-10-29 20:00:00+00:00, run_after=2025-10-30 00:00:00+00:00
[2025-10-29T19:35:55.512-0700] {processor.py:183} INFO - Processing /opt/miniconda3/envs/airflow_env/lib/python3.11/site-packages/airflow/example_dags/example_latest_only_with_trigger.py took 0.075 seconds
[2025-10-29T19:38:25.599-0700] {processor.py:161} INFO - Started process (PID=17400) to work on /opt/miniconda3/envs/airflow_env/lib/python3.11/site-packages/airflow/example_dags/example_latest_only_with_trigger.py
[2025-10-29T19:38:25.600-0700] {processor.py:830} INFO - Processing file /opt/miniconda3/envs/airflow_env/lib/python3.11/site-packages/airflow/example_dags/example_latest_only_with_trigger.py for tasks to queue
[2025-10-29T19:38:25.600-0700] {logging_mixin.py:188} INFO - [2025-10-29T19:38:25.600-0700] {dagbag.py:545} INFO - Filling up the DagBag from /opt/miniconda3/envs/airflow_env/lib/python3.11/site-packages/airflow/example_dags/example_latest_only_with_trigger.py
[2025-10-29T19:38:25.604-0700] {processor.py:840} INFO - DAG(s) 'latest_only_with_trigger' retrieved from /opt/miniconda3/envs/airflow_env/lib/python3.11/site-packages/airflow/example_dags/example_latest_only_with_trigger.py
[2025-10-29T19:38:25.654-0700] {logging_mixin.py:188} INFO - [2025-10-29T19:38:25.653-0700] {dag.py:3089} INFO - Sync 1 DAGs
[2025-10-29T19:38:25.662-0700] {logging_mixin.py:188} INFO - [2025-10-29T19:38:25.662-0700] {dag.py:3947} INFO - Setting next_dagrun for latest_only_with_trigger to 2025-10-29 20:00:00+00:00, run_after=2025-10-30 00:00:00+00:00
[2025-10-29T19:38:25.672-0700] {processor.py:183} INFO - Processing /opt/miniconda3/envs/airflow_env/lib/python3.11/site-packages/airflow/example_dags/example_latest_only_with_trigger.py took 0.075 seconds
[2025-10-29T19:40:56.015-0700] {processor.py:161} INFO - Started process (PID=18116) to work on /opt/miniconda3/envs/airflow_env/lib/python3.11/site-packages/airflow/example_dags/example_latest_only_with_trigger.py
[2025-10-29T19:40:56.015-0700] {processor.py:830} INFO - Processing file /opt/miniconda3/envs/airflow_env/lib/python3.11/site-packages/airflow/example_dags/example_latest_only_with_trigger.py for tasks to queue
[2025-10-29T19:40:56.016-0700] {logging_mixin.py:188} INFO - [2025-10-29T19:40:56.016-0700] {dagbag.py:545} INFO - Filling up the DagBag from /opt/miniconda3/envs/airflow_env/lib/python3.11/site-packages/airflow/example_dags/example_latest_only_with_trigger.py
[2025-10-29T19:40:56.020-0700] {processor.py:840} INFO - DAG(s) 'latest_only_with_trigger' retrieved from /opt/miniconda3/envs/airflow_env/lib/python3.11/site-packages/airflow/example_dags/example_latest_only_with_trigger.py
[2025-10-29T19:40:56.069-0700] {logging_mixin.py:188} INFO - [2025-10-29T19:40:56.068-0700] {dag.py:3089} INFO - Sync 1 DAGs
[2025-10-29T19:40:56.077-0700] {logging_mixin.py:188} INFO - [2025-10-29T19:40:56.077-0700] {dag.py:3947} INFO - Setting next_dagrun for latest_only_with_trigger to 2025-10-29 20:00:00+00:00, run_after=2025-10-30 00:00:00+00:00
[2025-10-29T19:40:56.087-0700] {processor.py:183} INFO - Processing /opt/miniconda3/envs/airflow_env/lib/python3.11/site-packages/airflow/example_dags/example_latest_only_with_trigger.py took 0.075 seconds
[2025-10-29T19:43:21.883-0700] {processor.py:161} INFO - Started process (PID=18810) to work on /opt/miniconda3/envs/airflow_env/lib/python3.11/site-packages/airflow/example_dags/example_latest_only_with_trigger.py
[2025-10-29T19:43:21.884-0700] {processor.py:830} INFO - Processing file /opt/miniconda3/envs/airflow_env/lib/python3.11/site-packages/airflow/example_dags/example_latest_only_with_trigger.py for tasks to queue
[2025-10-29T19:43:21.885-0700] {logging_mixin.py:188} INFO - [2025-10-29T19:43:21.884-0700] {dagbag.py:545} INFO - Filling up the DagBag from /opt/miniconda3/envs/airflow_env/lib/python3.11/site-packages/airflow/example_dags/example_latest_only_with_trigger.py
[2025-10-29T19:43:21.889-0700] {processor.py:840} INFO - DAG(s) 'latest_only_with_trigger' retrieved from /opt/miniconda3/envs/airflow_env/lib/python3.11/site-packages/airflow/example_dags/example_latest_only_with_trigger.py
[2025-10-29T19:43:21.938-0700] {logging_mixin.py:188} INFO - [2025-10-29T19:43:21.938-0700] {dag.py:3089} INFO - Sync 1 DAGs
[2025-10-29T19:43:21.947-0700] {logging_mixin.py:188} INFO - [2025-10-29T19:43:21.947-0700] {dag.py:3947} INFO - Setting next_dagrun for latest_only_with_trigger to 2025-10-29 20:00:00+00:00, run_after=2025-10-30 00:00:00+00:00
[2025-10-29T19:43:21.956-0700] {processor.py:183} INFO - Processing /opt/miniconda3/envs/airflow_env/lib/python3.11/site-packages/airflow/example_dags/example_latest_only_with_trigger.py took 0.075 seconds
[2025-10-29T19:45:38.152-0700] {processor.py:161} INFO - Started process (PID=19532) to work on /opt/miniconda3/envs/airflow_env/lib/python3.11/site-packages/airflow/example_dags/example_latest_only_with_trigger.py
[2025-10-29T19:45:38.153-0700] {processor.py:830} INFO - Processing file /opt/miniconda3/envs/airflow_env/lib/python3.11/site-packages/airflow/example_dags/example_latest_only_with_trigger.py for tasks to queue
[2025-10-29T19:45:38.153-0700] {logging_mixin.py:188} INFO - [2025-10-29T19:45:38.153-0700] {dagbag.py:545} INFO - Filling up the DagBag from /opt/miniconda3/envs/airflow_env/lib/python3.11/site-packages/airflow/example_dags/example_latest_only_with_trigger.py
[2025-10-29T19:45:38.157-0700] {processor.py:840} INFO - DAG(s) 'latest_only_with_trigger' retrieved from /opt/miniconda3/envs/airflow_env/lib/python3.11/site-packages/airflow/example_dags/example_latest_only_with_trigger.py
[2025-10-29T19:45:38.206-0700] {logging_mixin.py:188} INFO - [2025-10-29T19:45:38.205-0700] {dag.py:3089} INFO - Sync 1 DAGs
[2025-10-29T19:45:38.214-0700] {logging_mixin.py:188} INFO - [2025-10-29T19:45:38.214-0700] {dag.py:3947} INFO - Setting next_dagrun for latest_only_with_trigger to 2025-10-29 20:00:00+00:00, run_after=2025-10-30 00:00:00+00:00
[2025-10-29T19:45:38.224-0700] {processor.py:183} INFO - Processing /opt/miniconda3/envs/airflow_env/lib/python3.11/site-packages/airflow/example_dags/example_latest_only_with_trigger.py took 0.074 seconds
[2025-10-29T19:47:18.596-0700] {processor.py:161} INFO - Started process (PID=20010) to work on /opt/miniconda3/envs/airflow_env/lib/python3.11/site-packages/airflow/example_dags/example_latest_only_with_trigger.py
[2025-10-29T19:47:18.597-0700] {processor.py:830} INFO - Processing file /opt/miniconda3/envs/airflow_env/lib/python3.11/site-packages/airflow/example_dags/example_latest_only_with_trigger.py for tasks to queue
[2025-10-29T19:47:18.597-0700] {logging_mixin.py:188} INFO - [2025-10-29T19:47:18.597-0700] {dagbag.py:545} INFO - Filling up the DagBag from /opt/miniconda3/envs/airflow_env/lib/python3.11/site-packages/airflow/example_dags/example_latest_only_with_trigger.py
[2025-10-29T19:47:18.602-0700] {processor.py:840} INFO - DAG(s) 'latest_only_with_trigger' retrieved from /opt/miniconda3/envs/airflow_env/lib/python3.11/site-packages/airflow/example_dags/example_latest_only_with_trigger.py
[2025-10-29T19:47:18.652-0700] {logging_mixin.py:188} INFO - [2025-10-29T19:47:18.652-0700] {dag.py:3089} INFO - Sync 1 DAGs
[2025-10-29T19:47:18.661-0700] {logging_mixin.py:188} INFO - [2025-10-29T19:47:18.661-0700] {dag.py:3947} INFO - Setting next_dagrun for latest_only_with_trigger to 2025-10-29 20:00:00+00:00, run_after=2025-10-30 00:00:00+00:00
[2025-10-29T19:47:18.671-0700] {processor.py:183} INFO - Processing /opt/miniconda3/envs/airflow_env/lib/python3.11/site-packages/airflow/example_dags/example_latest_only_with_trigger.py took 0.077 seconds
[2025-10-29T20:00:16.884-0700] {processor.py:161} INFO - Started process (PID=23065) to work on /opt/miniconda3/envs/airflow_env/lib/python3.11/site-packages/airflow/example_dags/example_latest_only_with_trigger.py
[2025-10-29T20:00:16.886-0700] {processor.py:830} INFO - Processing file /opt/miniconda3/envs/airflow_env/lib/python3.11/site-packages/airflow/example_dags/example_latest_only_with_trigger.py for tasks to queue
[2025-10-29T20:00:16.886-0700] {logging_mixin.py:188} INFO - [2025-10-29T20:00:16.886-0700] {dagbag.py:545} INFO - Filling up the DagBag from /opt/miniconda3/envs/airflow_env/lib/python3.11/site-packages/airflow/example_dags/example_latest_only_with_trigger.py
[2025-10-29T20:00:16.891-0700] {processor.py:840} INFO - DAG(s) 'latest_only_with_trigger' retrieved from /opt/miniconda3/envs/airflow_env/lib/python3.11/site-packages/airflow/example_dags/example_latest_only_with_trigger.py
[2025-10-29T20:00:16.941-0700] {logging_mixin.py:188} INFO - [2025-10-29T20:00:16.940-0700] {dag.py:3089} INFO - Sync 1 DAGs
[2025-10-29T20:00:16.950-0700] {logging_mixin.py:188} INFO - [2025-10-29T20:00:16.950-0700] {dag.py:3947} INFO - Setting next_dagrun for latest_only_with_trigger to 2025-10-29 20:00:00+00:00, run_after=2025-10-30 00:00:00+00:00
[2025-10-29T20:00:16.959-0700] {processor.py:183} INFO - Processing /opt/miniconda3/envs/airflow_env/lib/python3.11/site-packages/airflow/example_dags/example_latest_only_with_trigger.py took 0.077 seconds
[2025-10-29T20:01:22.749-0700] {processor.py:161} INFO - Started process (PID=23445) to work on /opt/miniconda3/envs/airflow_env/lib/python3.11/site-packages/airflow/example_dags/example_latest_only_with_trigger.py
[2025-10-29T20:01:22.749-0700] {processor.py:830} INFO - Processing file /opt/miniconda3/envs/airflow_env/lib/python3.11/site-packages/airflow/example_dags/example_latest_only_with_trigger.py for tasks to queue
[2025-10-29T20:01:22.750-0700] {logging_mixin.py:188} INFO - [2025-10-29T20:01:22.750-0700] {dagbag.py:545} INFO - Filling up the DagBag from /opt/miniconda3/envs/airflow_env/lib/python3.11/site-packages/airflow/example_dags/example_latest_only_with_trigger.py
[2025-10-29T20:01:22.754-0700] {processor.py:840} INFO - DAG(s) 'latest_only_with_trigger' retrieved from /opt/miniconda3/envs/airflow_env/lib/python3.11/site-packages/airflow/example_dags/example_latest_only_with_trigger.py
[2025-10-29T20:01:22.802-0700] {logging_mixin.py:188} INFO - [2025-10-29T20:01:22.802-0700] {dag.py:3089} INFO - Sync 1 DAGs
[2025-10-29T20:01:22.811-0700] {logging_mixin.py:188} INFO - [2025-10-29T20:01:22.811-0700] {dag.py:3947} INFO - Setting next_dagrun for latest_only_with_trigger to 2025-10-29 20:00:00+00:00, run_after=2025-10-30 00:00:00+00:00
[2025-10-29T20:01:22.820-0700] {processor.py:183} INFO - Processing /opt/miniconda3/envs/airflow_env/lib/python3.11/site-packages/airflow/example_dags/example_latest_only_with_trigger.py took 0.074 seconds
[2025-10-29T20:02:02.212-0700] {processor.py:161} INFO - Started process (PID=23660) to work on /opt/miniconda3/envs/airflow_env/lib/python3.11/site-packages/airflow/example_dags/example_latest_only_with_trigger.py
[2025-10-29T20:02:02.213-0700] {processor.py:830} INFO - Processing file /opt/miniconda3/envs/airflow_env/lib/python3.11/site-packages/airflow/example_dags/example_latest_only_with_trigger.py for tasks to queue
[2025-10-29T20:02:02.213-0700] {logging_mixin.py:188} INFO - [2025-10-29T20:02:02.213-0700] {dagbag.py:545} INFO - Filling up the DagBag from /opt/miniconda3/envs/airflow_env/lib/python3.11/site-packages/airflow/example_dags/example_latest_only_with_trigger.py
[2025-10-29T20:02:02.217-0700] {processor.py:840} INFO - DAG(s) 'latest_only_with_trigger' retrieved from /opt/miniconda3/envs/airflow_env/lib/python3.11/site-packages/airflow/example_dags/example_latest_only_with_trigger.py
[2025-10-29T20:02:02.267-0700] {logging_mixin.py:188} INFO - [2025-10-29T20:02:02.266-0700] {dag.py:3089} INFO - Sync 1 DAGs
[2025-10-29T20:02:02.276-0700] {logging_mixin.py:188} INFO - [2025-10-29T20:02:02.275-0700] {dag.py:3947} INFO - Setting next_dagrun for latest_only_with_trigger to 2025-10-29 20:00:00+00:00, run_after=2025-10-30 00:00:00+00:00
[2025-10-29T20:02:02.285-0700] {processor.py:183} INFO - Processing /opt/miniconda3/envs/airflow_env/lib/python3.11/site-packages/airflow/example_dags/example_latest_only_with_trigger.py took 0.075 seconds
[2025-10-29T20:03:05.377-0700] {processor.py:161} INFO - Started process (PID=24021) to work on /opt/miniconda3/envs/airflow_env/lib/python3.11/site-packages/airflow/example_dags/example_latest_only_with_trigger.py
[2025-10-29T20:03:05.377-0700] {processor.py:830} INFO - Processing file /opt/miniconda3/envs/airflow_env/lib/python3.11/site-packages/airflow/example_dags/example_latest_only_with_trigger.py for tasks to queue
[2025-10-29T20:03:05.378-0700] {logging_mixin.py:188} INFO - [2025-10-29T20:03:05.378-0700] {dagbag.py:545} INFO - Filling up the DagBag from /opt/miniconda3/envs/airflow_env/lib/python3.11/site-packages/airflow/example_dags/example_latest_only_with_trigger.py
[2025-10-29T20:03:05.382-0700] {processor.py:840} INFO - DAG(s) 'latest_only_with_trigger' retrieved from /opt/miniconda3/envs/airflow_env/lib/python3.11/site-packages/airflow/example_dags/example_latest_only_with_trigger.py
[2025-10-29T20:03:05.431-0700] {logging_mixin.py:188} INFO - [2025-10-29T20:03:05.431-0700] {dag.py:3089} INFO - Sync 1 DAGs
[2025-10-29T20:03:05.440-0700] {logging_mixin.py:188} INFO - [2025-10-29T20:03:05.440-0700] {dag.py:3947} INFO - Setting next_dagrun for latest_only_with_trigger to 2025-10-29 20:00:00+00:00, run_after=2025-10-30 00:00:00+00:00
[2025-10-29T20:03:05.449-0700] {processor.py:183} INFO - Processing /opt/miniconda3/envs/airflow_env/lib/python3.11/site-packages/airflow/example_dags/example_latest_only_with_trigger.py took 0.075 seconds
[2025-10-29T20:04:22.508-0700] {processor.py:161} INFO - Started process (PID=24466) to work on /opt/miniconda3/envs/airflow_env/lib/python3.11/site-packages/airflow/example_dags/example_latest_only_with_trigger.py
[2025-10-29T20:04:22.509-0700] {processor.py:830} INFO - Processing file /opt/miniconda3/envs/airflow_env/lib/python3.11/site-packages/airflow/example_dags/example_latest_only_with_trigger.py for tasks to queue
[2025-10-29T20:04:22.509-0700] {logging_mixin.py:188} INFO - [2025-10-29T20:04:22.509-0700] {dagbag.py:545} INFO - Filling up the DagBag from /opt/miniconda3/envs/airflow_env/lib/python3.11/site-packages/airflow/example_dags/example_latest_only_with_trigger.py
[2025-10-29T20:04:22.513-0700] {processor.py:840} INFO - DAG(s) 'latest_only_with_trigger' retrieved from /opt/miniconda3/envs/airflow_env/lib/python3.11/site-packages/airflow/example_dags/example_latest_only_with_trigger.py
[2025-10-29T20:04:22.562-0700] {logging_mixin.py:188} INFO - [2025-10-29T20:04:22.562-0700] {dag.py:3089} INFO - Sync 1 DAGs
[2025-10-29T20:04:22.571-0700] {logging_mixin.py:188} INFO - [2025-10-29T20:04:22.571-0700] {dag.py:3947} INFO - Setting next_dagrun for latest_only_with_trigger to 2025-10-29 20:00:00+00:00, run_after=2025-10-30 00:00:00+00:00
[2025-10-29T20:04:22.580-0700] {processor.py:183} INFO - Processing /opt/miniconda3/envs/airflow_env/lib/python3.11/site-packages/airflow/example_dags/example_latest_only_with_trigger.py took 0.074 seconds
[2025-10-29T20:05:32.598-0700] {processor.py:161} INFO - Started process (PID=24869) to work on /opt/miniconda3/envs/airflow_env/lib/python3.11/site-packages/airflow/example_dags/example_latest_only_with_trigger.py
[2025-10-29T20:05:32.599-0700] {processor.py:830} INFO - Processing file /opt/miniconda3/envs/airflow_env/lib/python3.11/site-packages/airflow/example_dags/example_latest_only_with_trigger.py for tasks to queue
[2025-10-29T20:05:32.599-0700] {logging_mixin.py:188} INFO - [2025-10-29T20:05:32.599-0700] {dagbag.py:545} INFO - Filling up the DagBag from /opt/miniconda3/envs/airflow_env/lib/python3.11/site-packages/airflow/example_dags/example_latest_only_with_trigger.py
[2025-10-29T20:05:32.604-0700] {processor.py:840} INFO - DAG(s) 'latest_only_with_trigger' retrieved from /opt/miniconda3/envs/airflow_env/lib/python3.11/site-packages/airflow/example_dags/example_latest_only_with_trigger.py
[2025-10-29T20:05:32.653-0700] {logging_mixin.py:188} INFO - [2025-10-29T20:05:32.652-0700] {dag.py:3089} INFO - Sync 1 DAGs
[2025-10-29T20:05:32.662-0700] {logging_mixin.py:188} INFO - [2025-10-29T20:05:32.662-0700] {dag.py:3947} INFO - Setting next_dagrun for latest_only_with_trigger to 2025-10-29 20:00:00+00:00, run_after=2025-10-30 00:00:00+00:00
[2025-10-29T20:05:32.671-0700] {processor.py:183} INFO - Processing /opt/miniconda3/envs/airflow_env/lib/python3.11/site-packages/airflow/example_dags/example_latest_only_with_trigger.py took 0.076 seconds
[2025-10-29T20:06:48.302-0700] {processor.py:161} INFO - Started process (PID=25295) to work on /opt/miniconda3/envs/airflow_env/lib/python3.11/site-packages/airflow/example_dags/example_latest_only_with_trigger.py
[2025-10-29T20:06:48.303-0700] {processor.py:830} INFO - Processing file /opt/miniconda3/envs/airflow_env/lib/python3.11/site-packages/airflow/example_dags/example_latest_only_with_trigger.py for tasks to queue
[2025-10-29T20:06:48.303-0700] {logging_mixin.py:188} INFO - [2025-10-29T20:06:48.303-0700] {dagbag.py:545} INFO - Filling up the DagBag from /opt/miniconda3/envs/airflow_env/lib/python3.11/site-packages/airflow/example_dags/example_latest_only_with_trigger.py
[2025-10-29T20:06:48.307-0700] {processor.py:840} INFO - DAG(s) 'latest_only_with_trigger' retrieved from /opt/miniconda3/envs/airflow_env/lib/python3.11/site-packages/airflow/example_dags/example_latest_only_with_trigger.py
[2025-10-29T20:06:48.357-0700] {logging_mixin.py:188} INFO - [2025-10-29T20:06:48.357-0700] {dag.py:3089} INFO - Sync 1 DAGs
[2025-10-29T20:06:48.366-0700] {logging_mixin.py:188} INFO - [2025-10-29T20:06:48.366-0700] {dag.py:3947} INFO - Setting next_dagrun for latest_only_with_trigger to 2025-10-29 20:00:00+00:00, run_after=2025-10-30 00:00:00+00:00
[2025-10-29T20:06:48.376-0700] {processor.py:183} INFO - Processing /opt/miniconda3/envs/airflow_env/lib/python3.11/site-packages/airflow/example_dags/example_latest_only_with_trigger.py took 0.076 seconds
[2025-10-29T20:07:57.554-0700] {processor.py:161} INFO - Started process (PID=25697) to work on /opt/miniconda3/envs/airflow_env/lib/python3.11/site-packages/airflow/example_dags/example_latest_only_with_trigger.py
[2025-10-29T20:07:57.555-0700] {processor.py:830} INFO - Processing file /opt/miniconda3/envs/airflow_env/lib/python3.11/site-packages/airflow/example_dags/example_latest_only_with_trigger.py for tasks to queue
[2025-10-29T20:07:57.555-0700] {logging_mixin.py:188} INFO - [2025-10-29T20:07:57.555-0700] {dagbag.py:545} INFO - Filling up the DagBag from /opt/miniconda3/envs/airflow_env/lib/python3.11/site-packages/airflow/example_dags/example_latest_only_with_trigger.py
[2025-10-29T20:07:57.559-0700] {processor.py:840} INFO - DAG(s) 'latest_only_with_trigger' retrieved from /opt/miniconda3/envs/airflow_env/lib/python3.11/site-packages/airflow/example_dags/example_latest_only_with_trigger.py
[2025-10-29T20:07:57.610-0700] {logging_mixin.py:188} INFO - [2025-10-29T20:07:57.610-0700] {dag.py:3089} INFO - Sync 1 DAGs
[2025-10-29T20:07:57.619-0700] {logging_mixin.py:188} INFO - [2025-10-29T20:07:57.619-0700] {dag.py:3947} INFO - Setting next_dagrun for latest_only_with_trigger to 2025-10-29 20:00:00+00:00, run_after=2025-10-30 00:00:00+00:00
[2025-10-29T20:07:57.628-0700] {processor.py:183} INFO - Processing /opt/miniconda3/envs/airflow_env/lib/python3.11/site-packages/airflow/example_dags/example_latest_only_with_trigger.py took 0.077 seconds
[2025-10-29T20:09:14.820-0700] {processor.py:161} INFO - Started process (PID=26084) to work on /opt/miniconda3/envs/airflow_env/lib/python3.11/site-packages/airflow/example_dags/example_latest_only_with_trigger.py
[2025-10-29T20:09:14.821-0700] {processor.py:830} INFO - Processing file /opt/miniconda3/envs/airflow_env/lib/python3.11/site-packages/airflow/example_dags/example_latest_only_with_trigger.py for tasks to queue
[2025-10-29T20:09:14.821-0700] {logging_mixin.py:188} INFO - [2025-10-29T20:09:14.821-0700] {dagbag.py:545} INFO - Filling up the DagBag from /opt/miniconda3/envs/airflow_env/lib/python3.11/site-packages/airflow/example_dags/example_latest_only_with_trigger.py
[2025-10-29T20:09:14.826-0700] {processor.py:840} INFO - DAG(s) 'latest_only_with_trigger' retrieved from /opt/miniconda3/envs/airflow_env/lib/python3.11/site-packages/airflow/example_dags/example_latest_only_with_trigger.py
[2025-10-29T20:09:14.879-0700] {logging_mixin.py:188} INFO - [2025-10-29T20:09:14.879-0700] {dag.py:3089} INFO - Sync 1 DAGs
[2025-10-29T20:09:14.888-0700] {logging_mixin.py:188} INFO - [2025-10-29T20:09:14.888-0700] {dag.py:3947} INFO - Setting next_dagrun for latest_only_with_trigger to 2025-10-29 20:00:00+00:00, run_after=2025-10-30 00:00:00+00:00
[2025-10-29T20:09:14.898-0700] {processor.py:183} INFO - Processing /opt/miniconda3/envs/airflow_env/lib/python3.11/site-packages/airflow/example_dags/example_latest_only_with_trigger.py took 0.080 seconds
[2025-10-29T20:10:24.933-0700] {processor.py:161} INFO - Started process (PID=26268) to work on /opt/miniconda3/envs/airflow_env/lib/python3.11/site-packages/airflow/example_dags/example_latest_only_with_trigger.py
[2025-10-29T20:10:24.934-0700] {processor.py:830} INFO - Processing file /opt/miniconda3/envs/airflow_env/lib/python3.11/site-packages/airflow/example_dags/example_latest_only_with_trigger.py for tasks to queue
[2025-10-29T20:10:24.934-0700] {logging_mixin.py:188} INFO - [2025-10-29T20:10:24.934-0700] {dagbag.py:545} INFO - Filling up the DagBag from /opt/miniconda3/envs/airflow_env/lib/python3.11/site-packages/airflow/example_dags/example_latest_only_with_trigger.py
[2025-10-29T20:10:24.939-0700] {processor.py:840} INFO - DAG(s) 'latest_only_with_trigger' retrieved from /opt/miniconda3/envs/airflow_env/lib/python3.11/site-packages/airflow/example_dags/example_latest_only_with_trigger.py
[2025-10-29T20:10:24.990-0700] {logging_mixin.py:188} INFO - [2025-10-29T20:10:24.990-0700] {dag.py:3089} INFO - Sync 1 DAGs
[2025-10-29T20:10:25.000-0700] {logging_mixin.py:188} INFO - [2025-10-29T20:10:25.000-0700] {dag.py:3947} INFO - Setting next_dagrun for latest_only_with_trigger to 2025-10-29 20:00:00+00:00, run_after=2025-10-30 00:00:00+00:00
[2025-10-29T20:10:25.010-0700] {processor.py:183} INFO - Processing /opt/miniconda3/envs/airflow_env/lib/python3.11/site-packages/airflow/example_dags/example_latest_only_with_trigger.py took 0.078 seconds
[2025-10-29T20:11:47.177-0700] {processor.py:161} INFO - Started process (PID=26544) to work on /opt/miniconda3/envs/airflow_env/lib/python3.11/site-packages/airflow/example_dags/example_latest_only_with_trigger.py
[2025-10-29T20:11:47.178-0700] {processor.py:830} INFO - Processing file /opt/miniconda3/envs/airflow_env/lib/python3.11/site-packages/airflow/example_dags/example_latest_only_with_trigger.py for tasks to queue
[2025-10-29T20:11:47.179-0700] {logging_mixin.py:188} INFO - [2025-10-29T20:11:47.179-0700] {dagbag.py:545} INFO - Filling up the DagBag from /opt/miniconda3/envs/airflow_env/lib/python3.11/site-packages/airflow/example_dags/example_latest_only_with_trigger.py
[2025-10-29T20:11:47.185-0700] {processor.py:840} INFO - DAG(s) 'latest_only_with_trigger' retrieved from /opt/miniconda3/envs/airflow_env/lib/python3.11/site-packages/airflow/example_dags/example_latest_only_with_trigger.py
[2025-10-29T20:11:47.264-0700] {logging_mixin.py:188} INFO - [2025-10-29T20:11:47.264-0700] {dag.py:3089} INFO - Sync 1 DAGs
[2025-10-29T20:11:47.279-0700] {logging_mixin.py:188} INFO - [2025-10-29T20:11:47.279-0700] {dag.py:3947} INFO - Setting next_dagrun for latest_only_with_trigger to 2025-10-29 20:00:00+00:00, run_after=2025-10-30 00:00:00+00:00
[2025-10-29T20:11:47.294-0700] {processor.py:183} INFO - Processing /opt/miniconda3/envs/airflow_env/lib/python3.11/site-packages/airflow/example_dags/example_latest_only_with_trigger.py took 0.120 seconds
[2025-10-29T20:12:41.133-0700] {processor.py:161} INFO - Started process (PID=26734) to work on /opt/miniconda3/envs/airflow_env/lib/python3.11/site-packages/airflow/example_dags/example_latest_only_with_trigger.py
[2025-10-29T20:12:41.134-0700] {processor.py:830} INFO - Processing file /opt/miniconda3/envs/airflow_env/lib/python3.11/site-packages/airflow/example_dags/example_latest_only_with_trigger.py for tasks to queue
[2025-10-29T20:12:41.135-0700] {logging_mixin.py:188} INFO - [2025-10-29T20:12:41.135-0700] {dagbag.py:545} INFO - Filling up the DagBag from /opt/miniconda3/envs/airflow_env/lib/python3.11/site-packages/airflow/example_dags/example_latest_only_with_trigger.py
[2025-10-29T20:12:41.141-0700] {processor.py:840} INFO - DAG(s) 'latest_only_with_trigger' retrieved from /opt/miniconda3/envs/airflow_env/lib/python3.11/site-packages/airflow/example_dags/example_latest_only_with_trigger.py
[2025-10-29T20:12:41.213-0700] {logging_mixin.py:188} INFO - [2025-10-29T20:12:41.212-0700] {dag.py:3089} INFO - Sync 1 DAGs
[2025-10-29T20:12:41.226-0700] {logging_mixin.py:188} INFO - [2025-10-29T20:12:41.226-0700] {dag.py:3947} INFO - Setting next_dagrun for latest_only_with_trigger to 2025-10-29 20:00:00+00:00, run_after=2025-10-30 00:00:00+00:00
[2025-10-29T20:12:41.240-0700] {processor.py:183} INFO - Processing /opt/miniconda3/envs/airflow_env/lib/python3.11/site-packages/airflow/example_dags/example_latest_only_with_trigger.py took 0.110 seconds
[2025-10-29T20:13:03.944-0700] {processor.py:161} INFO - Started process (PID=26804) to work on /opt/miniconda3/envs/airflow_env/lib/python3.11/site-packages/airflow/example_dags/example_latest_only_with_trigger.py
[2025-10-29T20:13:03.945-0700] {processor.py:830} INFO - Processing file /opt/miniconda3/envs/airflow_env/lib/python3.11/site-packages/airflow/example_dags/example_latest_only_with_trigger.py for tasks to queue
[2025-10-29T20:13:03.945-0700] {logging_mixin.py:188} INFO - [2025-10-29T20:13:03.945-0700] {dagbag.py:545} INFO - Filling up the DagBag from /opt/miniconda3/envs/airflow_env/lib/python3.11/site-packages/airflow/example_dags/example_latest_only_with_trigger.py
[2025-10-29T20:13:03.949-0700] {processor.py:840} INFO - DAG(s) 'latest_only_with_trigger' retrieved from /opt/miniconda3/envs/airflow_env/lib/python3.11/site-packages/airflow/example_dags/example_latest_only_with_trigger.py
[2025-10-29T20:13:03.997-0700] {logging_mixin.py:188} INFO - [2025-10-29T20:13:03.997-0700] {dag.py:3089} INFO - Sync 1 DAGs
[2025-10-29T20:13:04.006-0700] {logging_mixin.py:188} INFO - [2025-10-29T20:13:04.006-0700] {dag.py:3947} INFO - Setting next_dagrun for latest_only_with_trigger to 2025-10-29 20:00:00+00:00, run_after=2025-10-30 00:00:00+00:00
[2025-10-29T20:13:04.015-0700] {processor.py:183} INFO - Processing /opt/miniconda3/envs/airflow_env/lib/python3.11/site-packages/airflow/example_dags/example_latest_only_with_trigger.py took 0.073 seconds
[2025-10-29T20:14:28.713-0700] {processor.py:161} INFO - Started process (PID=27099) to work on /opt/miniconda3/envs/airflow_env/lib/python3.11/site-packages/airflow/example_dags/example_latest_only_with_trigger.py
[2025-10-29T20:14:28.714-0700] {processor.py:830} INFO - Processing file /opt/miniconda3/envs/airflow_env/lib/python3.11/site-packages/airflow/example_dags/example_latest_only_with_trigger.py for tasks to queue
[2025-10-29T20:14:28.715-0700] {logging_mixin.py:188} INFO - [2025-10-29T20:14:28.715-0700] {dagbag.py:545} INFO - Filling up the DagBag from /opt/miniconda3/envs/airflow_env/lib/python3.11/site-packages/airflow/example_dags/example_latest_only_with_trigger.py
[2025-10-29T20:14:28.722-0700] {processor.py:840} INFO - DAG(s) 'latest_only_with_trigger' retrieved from /opt/miniconda3/envs/airflow_env/lib/python3.11/site-packages/airflow/example_dags/example_latest_only_with_trigger.py
[2025-10-29T20:14:28.812-0700] {logging_mixin.py:188} INFO - [2025-10-29T20:14:28.812-0700] {dag.py:3089} INFO - Sync 1 DAGs
[2025-10-29T20:14:28.828-0700] {logging_mixin.py:188} INFO - [2025-10-29T20:14:28.828-0700] {dag.py:3947} INFO - Setting next_dagrun for latest_only_with_trigger to 2025-10-29 20:00:00+00:00, run_after=2025-10-30 00:00:00+00:00
[2025-10-29T20:14:28.845-0700] {processor.py:183} INFO - Processing /opt/miniconda3/envs/airflow_env/lib/python3.11/site-packages/airflow/example_dags/example_latest_only_with_trigger.py took 0.135 seconds
[2025-10-29T20:14:35.884-0700] {processor.py:161} INFO - Started process (PID=27122) to work on /opt/miniconda3/envs/airflow_env/lib/python3.11/site-packages/airflow/example_dags/example_latest_only_with_trigger.py
[2025-10-29T20:14:35.884-0700] {processor.py:830} INFO - Processing file /opt/miniconda3/envs/airflow_env/lib/python3.11/site-packages/airflow/example_dags/example_latest_only_with_trigger.py for tasks to queue
[2025-10-29T20:14:35.885-0700] {logging_mixin.py:188} INFO - [2025-10-29T20:14:35.885-0700] {dagbag.py:545} INFO - Filling up the DagBag from /opt/miniconda3/envs/airflow_env/lib/python3.11/site-packages/airflow/example_dags/example_latest_only_with_trigger.py
[2025-10-29T20:14:35.892-0700] {processor.py:840} INFO - DAG(s) 'latest_only_with_trigger' retrieved from /opt/miniconda3/envs/airflow_env/lib/python3.11/site-packages/airflow/example_dags/example_latest_only_with_trigger.py
[2025-10-29T20:14:35.960-0700] {logging_mixin.py:188} INFO - [2025-10-29T20:14:35.960-0700] {dag.py:3089} INFO - Sync 1 DAGs
[2025-10-29T20:14:35.972-0700] {logging_mixin.py:188} INFO - [2025-10-29T20:14:35.972-0700] {dag.py:3947} INFO - Setting next_dagrun for latest_only_with_trigger to 2025-10-29 20:00:00+00:00, run_after=2025-10-30 00:00:00+00:00
[2025-10-29T20:14:35.985-0700] {processor.py:183} INFO - Processing /opt/miniconda3/envs/airflow_env/lib/python3.11/site-packages/airflow/example_dags/example_latest_only_with_trigger.py took 0.105 seconds
[2025-10-29T20:15:52.833-0700] {processor.py:161} INFO - Started process (PID=27377) to work on /opt/miniconda3/envs/airflow_env/lib/python3.11/site-packages/airflow/example_dags/example_latest_only_with_trigger.py
[2025-10-29T20:15:52.834-0700] {processor.py:830} INFO - Processing file /opt/miniconda3/envs/airflow_env/lib/python3.11/site-packages/airflow/example_dags/example_latest_only_with_trigger.py for tasks to queue
[2025-10-29T20:15:52.835-0700] {logging_mixin.py:188} INFO - [2025-10-29T20:15:52.835-0700] {dagbag.py:545} INFO - Filling up the DagBag from /opt/miniconda3/envs/airflow_env/lib/python3.11/site-packages/airflow/example_dags/example_latest_only_with_trigger.py
[2025-10-29T20:15:52.842-0700] {processor.py:840} INFO - DAG(s) 'latest_only_with_trigger' retrieved from /opt/miniconda3/envs/airflow_env/lib/python3.11/site-packages/airflow/example_dags/example_latest_only_with_trigger.py
[2025-10-29T20:15:52.930-0700] {logging_mixin.py:188} INFO - [2025-10-29T20:15:52.930-0700] {dag.py:3089} INFO - Sync 1 DAGs
[2025-10-29T20:15:52.945-0700] {logging_mixin.py:188} INFO - [2025-10-29T20:15:52.945-0700] {dag.py:3947} INFO - Setting next_dagrun for latest_only_with_trigger to 2025-10-29 20:00:00+00:00, run_after=2025-10-30 00:00:00+00:00
[2025-10-29T20:15:52.958-0700] {processor.py:183} INFO - Processing /opt/miniconda3/envs/airflow_env/lib/python3.11/site-packages/airflow/example_dags/example_latest_only_with_trigger.py took 0.129 seconds
[2025-10-29T20:17:27.052-0700] {processor.py:161} INFO - Started process (PID=27700) to work on /opt/miniconda3/envs/airflow_env/lib/python3.11/site-packages/airflow/example_dags/example_latest_only_with_trigger.py
[2025-10-29T20:17:27.053-0700] {processor.py:830} INFO - Processing file /opt/miniconda3/envs/airflow_env/lib/python3.11/site-packages/airflow/example_dags/example_latest_only_with_trigger.py for tasks to queue
[2025-10-29T20:17:27.054-0700] {logging_mixin.py:188} INFO - [2025-10-29T20:17:27.054-0700] {dagbag.py:545} INFO - Filling up the DagBag from /opt/miniconda3/envs/airflow_env/lib/python3.11/site-packages/airflow/example_dags/example_latest_only_with_trigger.py
[2025-10-29T20:17:27.062-0700] {processor.py:840} INFO - DAG(s) 'latest_only_with_trigger' retrieved from /opt/miniconda3/envs/airflow_env/lib/python3.11/site-packages/airflow/example_dags/example_latest_only_with_trigger.py
[2025-10-29T20:17:27.149-0700] {logging_mixin.py:188} INFO - [2025-10-29T20:17:27.149-0700] {dag.py:3089} INFO - Sync 1 DAGs
[2025-10-29T20:17:27.165-0700] {logging_mixin.py:188} INFO - [2025-10-29T20:17:27.165-0700] {dag.py:3947} INFO - Setting next_dagrun for latest_only_with_trigger to 2025-10-29 20:00:00+00:00, run_after=2025-10-30 00:00:00+00:00
[2025-10-29T20:17:27.182-0700] {processor.py:183} INFO - Processing /opt/miniconda3/envs/airflow_env/lib/python3.11/site-packages/airflow/example_dags/example_latest_only_with_trigger.py took 0.133 seconds
[2025-10-29T20:17:29.796-0700] {processor.py:161} INFO - Started process (PID=27709) to work on /opt/miniconda3/envs/airflow_env/lib/python3.11/site-packages/airflow/example_dags/example_latest_only_with_trigger.py
[2025-10-29T20:17:29.797-0700] {processor.py:830} INFO - Processing file /opt/miniconda3/envs/airflow_env/lib/python3.11/site-packages/airflow/example_dags/example_latest_only_with_trigger.py for tasks to queue
[2025-10-29T20:17:29.798-0700] {logging_mixin.py:188} INFO - [2025-10-29T20:17:29.798-0700] {dagbag.py:545} INFO - Filling up the DagBag from /opt/miniconda3/envs/airflow_env/lib/python3.11/site-packages/airflow/example_dags/example_latest_only_with_trigger.py
[2025-10-29T20:17:29.803-0700] {processor.py:840} INFO - DAG(s) 'latest_only_with_trigger' retrieved from /opt/miniconda3/envs/airflow_env/lib/python3.11/site-packages/airflow/example_dags/example_latest_only_with_trigger.py
[2025-10-29T20:17:29.870-0700] {logging_mixin.py:188} INFO - [2025-10-29T20:17:29.870-0700] {dag.py:3089} INFO - Sync 1 DAGs
[2025-10-29T20:17:29.883-0700] {logging_mixin.py:188} INFO - [2025-10-29T20:17:29.882-0700] {dag.py:3947} INFO - Setting next_dagrun for latest_only_with_trigger to 2025-10-29 20:00:00+00:00, run_after=2025-10-30 00:00:00+00:00
[2025-10-29T20:17:29.895-0700] {processor.py:183} INFO - Processing /opt/miniconda3/envs/airflow_env/lib/python3.11/site-packages/airflow/example_dags/example_latest_only_with_trigger.py took 0.102 seconds
[2025-10-29T20:18:48.210-0700] {processor.py:161} INFO - Started process (PID=27959) to work on /opt/miniconda3/envs/airflow_env/lib/python3.11/site-packages/airflow/example_dags/example_latest_only_with_trigger.py
[2025-10-29T20:18:48.211-0700] {processor.py:830} INFO - Processing file /opt/miniconda3/envs/airflow_env/lib/python3.11/site-packages/airflow/example_dags/example_latest_only_with_trigger.py for tasks to queue
[2025-10-29T20:18:48.212-0700] {logging_mixin.py:188} INFO - [2025-10-29T20:18:48.211-0700] {dagbag.py:545} INFO - Filling up the DagBag from /opt/miniconda3/envs/airflow_env/lib/python3.11/site-packages/airflow/example_dags/example_latest_only_with_trigger.py
[2025-10-29T20:18:48.217-0700] {processor.py:840} INFO - DAG(s) 'latest_only_with_trigger' retrieved from /opt/miniconda3/envs/airflow_env/lib/python3.11/site-packages/airflow/example_dags/example_latest_only_with_trigger.py
[2025-10-29T20:18:48.285-0700] {logging_mixin.py:188} INFO - [2025-10-29T20:18:48.285-0700] {dag.py:3089} INFO - Sync 1 DAGs
[2025-10-29T20:18:48.297-0700] {logging_mixin.py:188} INFO - [2025-10-29T20:18:48.297-0700] {dag.py:3947} INFO - Setting next_dagrun for latest_only_with_trigger to 2025-10-29 20:00:00+00:00, run_after=2025-10-30 00:00:00+00:00
[2025-10-29T20:18:48.310-0700] {processor.py:183} INFO - Processing /opt/miniconda3/envs/airflow_env/lib/python3.11/site-packages/airflow/example_dags/example_latest_only_with_trigger.py took 0.103 seconds
[2025-10-29T20:20:30.630-0700] {processor.py:161} INFO - Started process (PID=28280) to work on /opt/miniconda3/envs/airflow_env/lib/python3.11/site-packages/airflow/example_dags/example_latest_only_with_trigger.py
[2025-10-29T20:20:30.634-0700] {processor.py:830} INFO - Processing file /opt/miniconda3/envs/airflow_env/lib/python3.11/site-packages/airflow/example_dags/example_latest_only_with_trigger.py for tasks to queue
[2025-10-29T20:20:30.635-0700] {logging_mixin.py:188} INFO - [2025-10-29T20:20:30.635-0700] {dagbag.py:545} INFO - Filling up the DagBag from /opt/miniconda3/envs/airflow_env/lib/python3.11/site-packages/airflow/example_dags/example_latest_only_with_trigger.py
[2025-10-29T20:20:30.643-0700] {processor.py:840} INFO - DAG(s) 'latest_only_with_trigger' retrieved from /opt/miniconda3/envs/airflow_env/lib/python3.11/site-packages/airflow/example_dags/example_latest_only_with_trigger.py
[2025-10-29T20:20:30.739-0700] {logging_mixin.py:188} INFO - [2025-10-29T20:20:30.738-0700] {dag.py:3089} INFO - Sync 1 DAGs
[2025-10-29T20:20:30.756-0700] {logging_mixin.py:188} INFO - [2025-10-29T20:20:30.756-0700] {dag.py:3947} INFO - Setting next_dagrun for latest_only_with_trigger to 2025-10-29 20:00:00+00:00, run_after=2025-10-30 00:00:00+00:00
[2025-10-29T20:20:30.773-0700] {processor.py:183} INFO - Processing /opt/miniconda3/envs/airflow_env/lib/python3.11/site-packages/airflow/example_dags/example_latest_only_with_trigger.py took 0.148 seconds
[2025-10-29T20:20:37.148-0700] {processor.py:161} INFO - Started process (PID=28304) to work on /opt/miniconda3/envs/airflow_env/lib/python3.11/site-packages/airflow/example_dags/example_latest_only_with_trigger.py
[2025-10-29T20:20:37.148-0700] {processor.py:830} INFO - Processing file /opt/miniconda3/envs/airflow_env/lib/python3.11/site-packages/airflow/example_dags/example_latest_only_with_trigger.py for tasks to queue
[2025-10-29T20:20:37.149-0700] {logging_mixin.py:188} INFO - [2025-10-29T20:20:37.149-0700] {dagbag.py:545} INFO - Filling up the DagBag from /opt/miniconda3/envs/airflow_env/lib/python3.11/site-packages/airflow/example_dags/example_latest_only_with_trigger.py
[2025-10-29T20:20:37.154-0700] {processor.py:840} INFO - DAG(s) 'latest_only_with_trigger' retrieved from /opt/miniconda3/envs/airflow_env/lib/python3.11/site-packages/airflow/example_dags/example_latest_only_with_trigger.py
[2025-10-29T20:20:37.215-0700] {logging_mixin.py:188} INFO - [2025-10-29T20:20:37.215-0700] {dag.py:3089} INFO - Sync 1 DAGs
[2025-10-29T20:20:37.226-0700] {logging_mixin.py:188} INFO - [2025-10-29T20:20:37.226-0700] {dag.py:3947} INFO - Setting next_dagrun for latest_only_with_trigger to 2025-10-29 20:00:00+00:00, run_after=2025-10-30 00:00:00+00:00
[2025-10-29T20:20:37.238-0700] {processor.py:183} INFO - Processing /opt/miniconda3/envs/airflow_env/lib/python3.11/site-packages/airflow/example_dags/example_latest_only_with_trigger.py took 0.093 seconds
[2025-10-29T20:21:55.440-0700] {processor.py:161} INFO - Started process (PID=28587) to work on /opt/miniconda3/envs/airflow_env/lib/python3.11/site-packages/airflow/example_dags/example_latest_only_with_trigger.py
[2025-10-29T20:21:55.442-0700] {processor.py:830} INFO - Processing file /opt/miniconda3/envs/airflow_env/lib/python3.11/site-packages/airflow/example_dags/example_latest_only_with_trigger.py for tasks to queue
[2025-10-29T20:21:55.442-0700] {logging_mixin.py:188} INFO - [2025-10-29T20:21:55.442-0700] {dagbag.py:545} INFO - Filling up the DagBag from /opt/miniconda3/envs/airflow_env/lib/python3.11/site-packages/airflow/example_dags/example_latest_only_with_trigger.py
[2025-10-29T20:21:55.446-0700] {processor.py:840} INFO - DAG(s) 'latest_only_with_trigger' retrieved from /opt/miniconda3/envs/airflow_env/lib/python3.11/site-packages/airflow/example_dags/example_latest_only_with_trigger.py
[2025-10-29T20:21:55.496-0700] {logging_mixin.py:188} INFO - [2025-10-29T20:21:55.496-0700] {dag.py:3089} INFO - Sync 1 DAGs
[2025-10-29T20:21:55.505-0700] {logging_mixin.py:188} INFO - [2025-10-29T20:21:55.505-0700] {dag.py:3947} INFO - Setting next_dagrun for latest_only_with_trigger to 2025-10-29 20:00:00+00:00, run_after=2025-10-30 00:00:00+00:00
[2025-10-29T20:21:55.515-0700] {processor.py:183} INFO - Processing /opt/miniconda3/envs/airflow_env/lib/python3.11/site-packages/airflow/example_dags/example_latest_only_with_trigger.py took 0.077 seconds
[2025-10-29T20:23:50.309-0700] {processor.py:161} INFO - Started process (PID=28978) to work on /opt/miniconda3/envs/airflow_env/lib/python3.11/site-packages/airflow/example_dags/example_latest_only_with_trigger.py
[2025-10-29T20:23:50.311-0700] {processor.py:830} INFO - Processing file /opt/miniconda3/envs/airflow_env/lib/python3.11/site-packages/airflow/example_dags/example_latest_only_with_trigger.py for tasks to queue
[2025-10-29T20:23:50.312-0700] {logging_mixin.py:188} INFO - [2025-10-29T20:23:50.312-0700] {dagbag.py:545} INFO - Filling up the DagBag from /opt/miniconda3/envs/airflow_env/lib/python3.11/site-packages/airflow/example_dags/example_latest_only_with_trigger.py
[2025-10-29T20:23:50.321-0700] {processor.py:840} INFO - DAG(s) 'latest_only_with_trigger' retrieved from /opt/miniconda3/envs/airflow_env/lib/python3.11/site-packages/airflow/example_dags/example_latest_only_with_trigger.py
[2025-10-29T20:23:50.416-0700] {logging_mixin.py:188} INFO - [2025-10-29T20:23:50.416-0700] {dag.py:3089} INFO - Sync 1 DAGs
[2025-10-29T20:23:50.434-0700] {logging_mixin.py:188} INFO - [2025-10-29T20:23:50.433-0700] {dag.py:3947} INFO - Setting next_dagrun for latest_only_with_trigger to 2025-10-29 20:00:00+00:00, run_after=2025-10-30 00:00:00+00:00
[2025-10-29T20:23:50.452-0700] {processor.py:183} INFO - Processing /opt/miniconda3/envs/airflow_env/lib/python3.11/site-packages/airflow/example_dags/example_latest_only_with_trigger.py took 0.146 seconds
[2025-10-29T20:23:56.651-0700] {processor.py:161} INFO - Started process (PID=28999) to work on /opt/miniconda3/envs/airflow_env/lib/python3.11/site-packages/airflow/example_dags/example_latest_only_with_trigger.py
[2025-10-29T20:23:56.652-0700] {processor.py:830} INFO - Processing file /opt/miniconda3/envs/airflow_env/lib/python3.11/site-packages/airflow/example_dags/example_latest_only_with_trigger.py for tasks to queue
[2025-10-29T20:23:56.652-0700] {logging_mixin.py:188} INFO - [2025-10-29T20:23:56.652-0700] {dagbag.py:545} INFO - Filling up the DagBag from /opt/miniconda3/envs/airflow_env/lib/python3.11/site-packages/airflow/example_dags/example_latest_only_with_trigger.py
[2025-10-29T20:23:56.658-0700] {processor.py:840} INFO - DAG(s) 'latest_only_with_trigger' retrieved from /opt/miniconda3/envs/airflow_env/lib/python3.11/site-packages/airflow/example_dags/example_latest_only_with_trigger.py
[2025-10-29T20:23:56.728-0700] {logging_mixin.py:188} INFO - [2025-10-29T20:23:56.728-0700] {dag.py:3089} INFO - Sync 1 DAGs
[2025-10-29T20:23:56.743-0700] {logging_mixin.py:188} INFO - [2025-10-29T20:23:56.742-0700] {dag.py:3947} INFO - Setting next_dagrun for latest_only_with_trigger to 2025-10-29 20:00:00+00:00, run_after=2025-10-30 00:00:00+00:00
[2025-10-29T20:23:56.758-0700] {processor.py:183} INFO - Processing /opt/miniconda3/envs/airflow_env/lib/python3.11/site-packages/airflow/example_dags/example_latest_only_with_trigger.py took 0.110 seconds
[2025-10-29T20:25:03.054-0700] {processor.py:161} INFO - Started process (PID=29218) to work on /opt/miniconda3/envs/airflow_env/lib/python3.11/site-packages/airflow/example_dags/example_latest_only_with_trigger.py
[2025-10-29T20:25:03.055-0700] {processor.py:830} INFO - Processing file /opt/miniconda3/envs/airflow_env/lib/python3.11/site-packages/airflow/example_dags/example_latest_only_with_trigger.py for tasks to queue
[2025-10-29T20:25:03.055-0700] {logging_mixin.py:188} INFO - [2025-10-29T20:25:03.055-0700] {dagbag.py:545} INFO - Filling up the DagBag from /opt/miniconda3/envs/airflow_env/lib/python3.11/site-packages/airflow/example_dags/example_latest_only_with_trigger.py
[2025-10-29T20:25:03.059-0700] {processor.py:840} INFO - DAG(s) 'latest_only_with_trigger' retrieved from /opt/miniconda3/envs/airflow_env/lib/python3.11/site-packages/airflow/example_dags/example_latest_only_with_trigger.py
[2025-10-29T20:25:03.109-0700] {logging_mixin.py:188} INFO - [2025-10-29T20:25:03.109-0700] {dag.py:3089} INFO - Sync 1 DAGs
[2025-10-29T20:25:03.119-0700] {logging_mixin.py:188} INFO - [2025-10-29T20:25:03.118-0700] {dag.py:3947} INFO - Setting next_dagrun for latest_only_with_trigger to 2025-10-29 20:00:00+00:00, run_after=2025-10-30 00:00:00+00:00
[2025-10-29T20:25:03.128-0700] {processor.py:183} INFO - Processing /opt/miniconda3/envs/airflow_env/lib/python3.11/site-packages/airflow/example_dags/example_latest_only_with_trigger.py took 0.076 seconds
[2025-10-29T20:26:46.185-0700] {processor.py:161} INFO - Started process (PID=29577) to work on /opt/miniconda3/envs/airflow_env/lib/python3.11/site-packages/airflow/example_dags/example_latest_only_with_trigger.py
[2025-10-29T20:26:46.186-0700] {processor.py:830} INFO - Processing file /opt/miniconda3/envs/airflow_env/lib/python3.11/site-packages/airflow/example_dags/example_latest_only_with_trigger.py for tasks to queue
[2025-10-29T20:26:46.187-0700] {logging_mixin.py:188} INFO - [2025-10-29T20:26:46.187-0700] {dagbag.py:545} INFO - Filling up the DagBag from /opt/miniconda3/envs/airflow_env/lib/python3.11/site-packages/airflow/example_dags/example_latest_only_with_trigger.py
[2025-10-29T20:26:46.191-0700] {processor.py:840} INFO - DAG(s) 'latest_only_with_trigger' retrieved from /opt/miniconda3/envs/airflow_env/lib/python3.11/site-packages/airflow/example_dags/example_latest_only_with_trigger.py
[2025-10-29T20:26:46.241-0700] {logging_mixin.py:188} INFO - [2025-10-29T20:26:46.240-0700] {dag.py:3089} INFO - Sync 1 DAGs
[2025-10-29T20:26:46.250-0700] {logging_mixin.py:188} INFO - [2025-10-29T20:26:46.250-0700] {dag.py:3947} INFO - Setting next_dagrun for latest_only_with_trigger to 2025-10-29 20:00:00+00:00, run_after=2025-10-30 00:00:00+00:00
[2025-10-29T20:26:46.259-0700] {processor.py:183} INFO - Processing /opt/miniconda3/envs/airflow_env/lib/python3.11/site-packages/airflow/example_dags/example_latest_only_with_trigger.py took 0.076 seconds
[2025-10-29T20:26:49.605-0700] {processor.py:161} INFO - Started process (PID=29590) to work on /opt/miniconda3/envs/airflow_env/lib/python3.11/site-packages/airflow/example_dags/example_latest_only_with_trigger.py
[2025-10-29T20:26:49.606-0700] {processor.py:830} INFO - Processing file /opt/miniconda3/envs/airflow_env/lib/python3.11/site-packages/airflow/example_dags/example_latest_only_with_trigger.py for tasks to queue
[2025-10-29T20:26:49.606-0700] {logging_mixin.py:188} INFO - [2025-10-29T20:26:49.606-0700] {dagbag.py:545} INFO - Filling up the DagBag from /opt/miniconda3/envs/airflow_env/lib/python3.11/site-packages/airflow/example_dags/example_latest_only_with_trigger.py
[2025-10-29T20:26:49.612-0700] {processor.py:840} INFO - DAG(s) 'latest_only_with_trigger' retrieved from /opt/miniconda3/envs/airflow_env/lib/python3.11/site-packages/airflow/example_dags/example_latest_only_with_trigger.py
[2025-10-29T20:26:49.681-0700] {logging_mixin.py:188} INFO - [2025-10-29T20:26:49.681-0700] {dag.py:3089} INFO - Sync 1 DAGs
[2025-10-29T20:26:49.693-0700] {logging_mixin.py:188} INFO - [2025-10-29T20:26:49.693-0700] {dag.py:3947} INFO - Setting next_dagrun for latest_only_with_trigger to 2025-10-29 20:00:00+00:00, run_after=2025-10-30 00:00:00+00:00
[2025-10-29T20:26:49.706-0700] {processor.py:183} INFO - Processing /opt/miniconda3/envs/airflow_env/lib/python3.11/site-packages/airflow/example_dags/example_latest_only_with_trigger.py took 0.104 seconds
[2025-10-29T20:27:51.433-0700] {processor.py:161} INFO - Started process (PID=29804) to work on /opt/miniconda3/envs/airflow_env/lib/python3.11/site-packages/airflow/example_dags/example_latest_only_with_trigger.py
[2025-10-29T20:27:51.434-0700] {processor.py:830} INFO - Processing file /opt/miniconda3/envs/airflow_env/lib/python3.11/site-packages/airflow/example_dags/example_latest_only_with_trigger.py for tasks to queue
[2025-10-29T20:27:51.435-0700] {logging_mixin.py:188} INFO - [2025-10-29T20:27:51.435-0700] {dagbag.py:545} INFO - Filling up the DagBag from /opt/miniconda3/envs/airflow_env/lib/python3.11/site-packages/airflow/example_dags/example_latest_only_with_trigger.py
[2025-10-29T20:27:51.442-0700] {processor.py:840} INFO - DAG(s) 'latest_only_with_trigger' retrieved from /opt/miniconda3/envs/airflow_env/lib/python3.11/site-packages/airflow/example_dags/example_latest_only_with_trigger.py
[2025-10-29T20:27:51.526-0700] {logging_mixin.py:188} INFO - [2025-10-29T20:27:51.526-0700] {dag.py:3089} INFO - Sync 1 DAGs
[2025-10-29T20:27:51.542-0700] {logging_mixin.py:188} INFO - [2025-10-29T20:27:51.542-0700] {dag.py:3947} INFO - Setting next_dagrun for latest_only_with_trigger to 2025-10-29 20:00:00+00:00, run_after=2025-10-30 00:00:00+00:00
[2025-10-29T20:27:51.559-0700] {processor.py:183} INFO - Processing /opt/miniconda3/envs/airflow_env/lib/python3.11/site-packages/airflow/example_dags/example_latest_only_with_trigger.py took 0.130 seconds
[2025-10-29T20:29:35.266-0700] {processor.py:161} INFO - Started process (PID=30162) to work on /opt/miniconda3/envs/airflow_env/lib/python3.11/site-packages/airflow/example_dags/example_latest_only_with_trigger.py
[2025-10-29T20:29:35.268-0700] {processor.py:830} INFO - Processing file /opt/miniconda3/envs/airflow_env/lib/python3.11/site-packages/airflow/example_dags/example_latest_only_with_trigger.py for tasks to queue
[2025-10-29T20:29:35.269-0700] {logging_mixin.py:188} INFO - [2025-10-29T20:29:35.269-0700] {dagbag.py:545} INFO - Filling up the DagBag from /opt/miniconda3/envs/airflow_env/lib/python3.11/site-packages/airflow/example_dags/example_latest_only_with_trigger.py
[2025-10-29T20:29:35.275-0700] {processor.py:840} INFO - DAG(s) 'latest_only_with_trigger' retrieved from /opt/miniconda3/envs/airflow_env/lib/python3.11/site-packages/airflow/example_dags/example_latest_only_with_trigger.py
[2025-10-29T20:29:35.351-0700] {logging_mixin.py:188} INFO - [2025-10-29T20:29:35.351-0700] {dag.py:3089} INFO - Sync 1 DAGs
[2025-10-29T20:29:35.363-0700] {logging_mixin.py:188} INFO - [2025-10-29T20:29:35.363-0700] {dag.py:3947} INFO - Setting next_dagrun for latest_only_with_trigger to 2025-10-29 20:00:00+00:00, run_after=2025-10-30 00:00:00+00:00
[2025-10-29T20:29:35.376-0700] {processor.py:183} INFO - Processing /opt/miniconda3/envs/airflow_env/lib/python3.11/site-packages/airflow/example_dags/example_latest_only_with_trigger.py took 0.113 seconds
[2025-10-29T20:29:37.415-0700] {processor.py:161} INFO - Started process (PID=30168) to work on /opt/miniconda3/envs/airflow_env/lib/python3.11/site-packages/airflow/example_dags/example_latest_only_with_trigger.py
[2025-10-29T20:29:37.416-0700] {processor.py:830} INFO - Processing file /opt/miniconda3/envs/airflow_env/lib/python3.11/site-packages/airflow/example_dags/example_latest_only_with_trigger.py for tasks to queue
[2025-10-29T20:29:37.417-0700] {logging_mixin.py:188} INFO - [2025-10-29T20:29:37.417-0700] {dagbag.py:545} INFO - Filling up the DagBag from /opt/miniconda3/envs/airflow_env/lib/python3.11/site-packages/airflow/example_dags/example_latest_only_with_trigger.py
[2025-10-29T20:29:37.424-0700] {processor.py:840} INFO - DAG(s) 'latest_only_with_trigger' retrieved from /opt/miniconda3/envs/airflow_env/lib/python3.11/site-packages/airflow/example_dags/example_latest_only_with_trigger.py
[2025-10-29T20:29:37.507-0700] {logging_mixin.py:188} INFO - [2025-10-29T20:29:37.507-0700] {dag.py:3089} INFO - Sync 1 DAGs
[2025-10-29T20:29:37.523-0700] {logging_mixin.py:188} INFO - [2025-10-29T20:29:37.523-0700] {dag.py:3947} INFO - Setting next_dagrun for latest_only_with_trigger to 2025-10-29 20:00:00+00:00, run_after=2025-10-30 00:00:00+00:00
[2025-10-29T20:29:37.539-0700] {processor.py:183} INFO - Processing /opt/miniconda3/envs/airflow_env/lib/python3.11/site-packages/airflow/example_dags/example_latest_only_with_trigger.py took 0.128 seconds
