[2025-10-29T18:41:33.964-0700] {processor.py:161} INFO - Started process (PID=5248) to work on /opt/miniconda3/envs/airflow_env/lib/python3.11/site-packages/airflow/example_dags/example_branch_labels.py
[2025-10-29T18:41:33.965-0700] {processor.py:830} INFO - Processing file /opt/miniconda3/envs/airflow_env/lib/python3.11/site-packages/airflow/example_dags/example_branch_labels.py for tasks to queue
[2025-10-29T18:41:33.965-0700] {logging_mixin.py:188} INFO - [2025-10-29T18:41:33.965-0700] {dagbag.py:545} INFO - Filling up the DagBag from /opt/miniconda3/envs/airflow_env/lib/python3.11/site-packages/airflow/example_dags/example_branch_labels.py
[2025-10-29T18:41:33.970-0700] {processor.py:840} INFO - DAG(s) 'example_branch_labels' retrieved from /opt/miniconda3/envs/airflow_env/lib/python3.11/site-packages/airflow/example_dags/example_branch_labels.py
[2025-10-29T18:41:34.061-0700] {logging_mixin.py:188} INFO - [2025-10-29T18:41:34.061-0700] {override.py:1930} INFO - Created Permission View: can read on DAG:example_branch_labels
[2025-10-29T18:41:34.065-0700] {logging_mixin.py:188} INFO - [2025-10-29T18:41:34.065-0700] {override.py:1930} INFO - Created Permission View: can delete on DAG:example_branch_labels
[2025-10-29T18:41:34.068-0700] {logging_mixin.py:188} INFO - [2025-10-29T18:41:34.068-0700] {override.py:1930} INFO - Created Permission View: can edit on DAG:example_branch_labels
[2025-10-29T18:41:34.068-0700] {logging_mixin.py:188} INFO - [2025-10-29T18:41:34.068-0700] {dag.py:3089} INFO - Sync 1 DAGs
[2025-10-29T18:41:34.073-0700] {logging_mixin.py:188} INFO - [2025-10-29T18:41:34.073-0700] {dag.py:3111} INFO - Creating ORM DAG for example_branch_labels
[2025-10-29T18:41:34.077-0700] {logging_mixin.py:188} INFO - [2025-10-29T18:41:34.077-0700] {dag.py:3947} INFO - Setting next_dagrun for example_branch_labels to 2025-10-29 00:00:00+00:00, run_after=2025-10-30 00:00:00+00:00
[2025-10-29T18:41:34.086-0700] {processor.py:183} INFO - Processing /opt/miniconda3/envs/airflow_env/lib/python3.11/site-packages/airflow/example_dags/example_branch_labels.py took 0.124 seconds
[2025-10-29T18:43:52.048-0700] {processor.py:161} INFO - Started process (PID=5512) to work on /opt/miniconda3/envs/airflow_env/lib/python3.11/site-packages/airflow/example_dags/example_branch_labels.py
[2025-10-29T18:43:52.049-0700] {processor.py:830} INFO - Processing file /opt/miniconda3/envs/airflow_env/lib/python3.11/site-packages/airflow/example_dags/example_branch_labels.py for tasks to queue
[2025-10-29T18:43:52.049-0700] {logging_mixin.py:188} INFO - [2025-10-29T18:43:52.049-0700] {dagbag.py:545} INFO - Filling up the DagBag from /opt/miniconda3/envs/airflow_env/lib/python3.11/site-packages/airflow/example_dags/example_branch_labels.py
[2025-10-29T18:43:52.055-0700] {processor.py:840} INFO - DAG(s) 'example_branch_labels' retrieved from /opt/miniconda3/envs/airflow_env/lib/python3.11/site-packages/airflow/example_dags/example_branch_labels.py
[2025-10-29T18:43:52.103-0700] {logging_mixin.py:188} INFO - [2025-10-29T18:43:52.103-0700] {dag.py:3089} INFO - Sync 1 DAGs
[2025-10-29T18:43:52.113-0700] {logging_mixin.py:188} INFO - [2025-10-29T18:43:52.112-0700] {dag.py:3947} INFO - Setting next_dagrun for example_branch_labels to 2025-10-29 00:00:00+00:00, run_after=2025-10-30 00:00:00+00:00
[2025-10-29T18:43:52.122-0700] {processor.py:183} INFO - Processing /opt/miniconda3/envs/airflow_env/lib/python3.11/site-packages/airflow/example_dags/example_branch_labels.py took 0.076 seconds
[2025-10-29T18:46:16.614-0700] {processor.py:161} INFO - Started process (PID=5776) to work on /opt/miniconda3/envs/airflow_env/lib/python3.11/site-packages/airflow/example_dags/example_branch_labels.py
[2025-10-29T18:46:16.615-0700] {processor.py:830} INFO - Processing file /opt/miniconda3/envs/airflow_env/lib/python3.11/site-packages/airflow/example_dags/example_branch_labels.py for tasks to queue
[2025-10-29T18:46:16.615-0700] {logging_mixin.py:188} INFO - [2025-10-29T18:46:16.615-0700] {dagbag.py:545} INFO - Filling up the DagBag from /opt/miniconda3/envs/airflow_env/lib/python3.11/site-packages/airflow/example_dags/example_branch_labels.py
[2025-10-29T18:46:16.621-0700] {processor.py:840} INFO - DAG(s) 'example_branch_labels' retrieved from /opt/miniconda3/envs/airflow_env/lib/python3.11/site-packages/airflow/example_dags/example_branch_labels.py
[2025-10-29T18:46:16.671-0700] {logging_mixin.py:188} INFO - [2025-10-29T18:46:16.671-0700] {dag.py:3089} INFO - Sync 1 DAGs
[2025-10-29T18:46:16.681-0700] {logging_mixin.py:188} INFO - [2025-10-29T18:46:16.680-0700] {dag.py:3947} INFO - Setting next_dagrun for example_branch_labels to 2025-10-29 00:00:00+00:00, run_after=2025-10-30 00:00:00+00:00
[2025-10-29T18:46:16.690-0700] {processor.py:183} INFO - Processing /opt/miniconda3/envs/airflow_env/lib/python3.11/site-packages/airflow/example_dags/example_branch_labels.py took 0.077 seconds
[2025-10-29T18:48:41.742-0700] {processor.py:161} INFO - Started process (PID=6031) to work on /opt/miniconda3/envs/airflow_env/lib/python3.11/site-packages/airflow/example_dags/example_branch_labels.py
[2025-10-29T18:48:41.743-0700] {processor.py:830} INFO - Processing file /opt/miniconda3/envs/airflow_env/lib/python3.11/site-packages/airflow/example_dags/example_branch_labels.py for tasks to queue
[2025-10-29T18:48:41.744-0700] {logging_mixin.py:188} INFO - [2025-10-29T18:48:41.743-0700] {dagbag.py:545} INFO - Filling up the DagBag from /opt/miniconda3/envs/airflow_env/lib/python3.11/site-packages/airflow/example_dags/example_branch_labels.py
[2025-10-29T18:48:41.749-0700] {processor.py:840} INFO - DAG(s) 'example_branch_labels' retrieved from /opt/miniconda3/envs/airflow_env/lib/python3.11/site-packages/airflow/example_dags/example_branch_labels.py
[2025-10-29T18:48:41.798-0700] {logging_mixin.py:188} INFO - [2025-10-29T18:48:41.798-0700] {dag.py:3089} INFO - Sync 1 DAGs
[2025-10-29T18:48:41.807-0700] {logging_mixin.py:188} INFO - [2025-10-29T18:48:41.807-0700] {dag.py:3947} INFO - Setting next_dagrun for example_branch_labels to 2025-10-29 00:00:00+00:00, run_after=2025-10-30 00:00:00+00:00
[2025-10-29T18:48:41.817-0700] {processor.py:183} INFO - Processing /opt/miniconda3/envs/airflow_env/lib/python3.11/site-packages/airflow/example_dags/example_branch_labels.py took 0.077 seconds
[2025-10-29T18:51:06.000-0700] {processor.py:161} INFO - Started process (PID=9842) to work on /opt/miniconda3/envs/airflow_env/lib/python3.11/site-packages/airflow/example_dags/example_branch_labels.py
[2025-10-29T18:51:06.001-0700] {processor.py:830} INFO - Processing file /opt/miniconda3/envs/airflow_env/lib/python3.11/site-packages/airflow/example_dags/example_branch_labels.py for tasks to queue
[2025-10-29T18:51:06.001-0700] {logging_mixin.py:188} INFO - [2025-10-29T18:51:06.001-0700] {dagbag.py:545} INFO - Filling up the DagBag from /opt/miniconda3/envs/airflow_env/lib/python3.11/site-packages/airflow/example_dags/example_branch_labels.py
[2025-10-29T18:51:06.006-0700] {processor.py:840} INFO - DAG(s) 'example_branch_labels' retrieved from /opt/miniconda3/envs/airflow_env/lib/python3.11/site-packages/airflow/example_dags/example_branch_labels.py
[2025-10-29T18:51:06.055-0700] {logging_mixin.py:188} INFO - [2025-10-29T18:51:06.055-0700] {dag.py:3089} INFO - Sync 1 DAGs
[2025-10-29T18:51:06.065-0700] {logging_mixin.py:188} INFO - [2025-10-29T18:51:06.064-0700] {dag.py:3947} INFO - Setting next_dagrun for example_branch_labels to 2025-10-29 00:00:00+00:00, run_after=2025-10-30 00:00:00+00:00
[2025-10-29T18:51:06.074-0700] {processor.py:183} INFO - Processing /opt/miniconda3/envs/airflow_env/lib/python3.11/site-packages/airflow/example_dags/example_branch_labels.py took 0.076 seconds
[2025-10-29T18:53:23.586-0700] {processor.py:161} INFO - Started process (PID=10080) to work on /opt/miniconda3/envs/airflow_env/lib/python3.11/site-packages/airflow/example_dags/example_branch_labels.py
[2025-10-29T18:53:23.586-0700] {processor.py:830} INFO - Processing file /opt/miniconda3/envs/airflow_env/lib/python3.11/site-packages/airflow/example_dags/example_branch_labels.py for tasks to queue
[2025-10-29T18:53:23.587-0700] {logging_mixin.py:188} INFO - [2025-10-29T18:53:23.587-0700] {dagbag.py:545} INFO - Filling up the DagBag from /opt/miniconda3/envs/airflow_env/lib/python3.11/site-packages/airflow/example_dags/example_branch_labels.py
[2025-10-29T18:53:23.592-0700] {processor.py:840} INFO - DAG(s) 'example_branch_labels' retrieved from /opt/miniconda3/envs/airflow_env/lib/python3.11/site-packages/airflow/example_dags/example_branch_labels.py
[2025-10-29T18:53:23.641-0700] {logging_mixin.py:188} INFO - [2025-10-29T18:53:23.640-0700] {dag.py:3089} INFO - Sync 1 DAGs
[2025-10-29T18:53:23.650-0700] {logging_mixin.py:188} INFO - [2025-10-29T18:53:23.650-0700] {dag.py:3947} INFO - Setting next_dagrun for example_branch_labels to 2025-10-29 00:00:00+00:00, run_after=2025-10-30 00:00:00+00:00
[2025-10-29T18:53:23.659-0700] {processor.py:183} INFO - Processing /opt/miniconda3/envs/airflow_env/lib/python3.11/site-packages/airflow/example_dags/example_branch_labels.py took 0.076 seconds
[2025-10-29T18:55:45.577-0700] {processor.py:161} INFO - Started process (PID=10366) to work on /opt/miniconda3/envs/airflow_env/lib/python3.11/site-packages/airflow/example_dags/example_branch_labels.py
[2025-10-29T18:55:45.578-0700] {processor.py:830} INFO - Processing file /opt/miniconda3/envs/airflow_env/lib/python3.11/site-packages/airflow/example_dags/example_branch_labels.py for tasks to queue
[2025-10-29T18:55:45.578-0700] {logging_mixin.py:188} INFO - [2025-10-29T18:55:45.578-0700] {dagbag.py:545} INFO - Filling up the DagBag from /opt/miniconda3/envs/airflow_env/lib/python3.11/site-packages/airflow/example_dags/example_branch_labels.py
[2025-10-29T18:55:45.583-0700] {processor.py:840} INFO - DAG(s) 'example_branch_labels' retrieved from /opt/miniconda3/envs/airflow_env/lib/python3.11/site-packages/airflow/example_dags/example_branch_labels.py
[2025-10-29T18:55:45.632-0700] {logging_mixin.py:188} INFO - [2025-10-29T18:55:45.631-0700] {dag.py:3089} INFO - Sync 1 DAGs
[2025-10-29T18:55:45.641-0700] {logging_mixin.py:188} INFO - [2025-10-29T18:55:45.641-0700] {dag.py:3947} INFO - Setting next_dagrun for example_branch_labels to 2025-10-29 00:00:00+00:00, run_after=2025-10-30 00:00:00+00:00
[2025-10-29T18:55:45.650-0700] {processor.py:183} INFO - Processing /opt/miniconda3/envs/airflow_env/lib/python3.11/site-packages/airflow/example_dags/example_branch_labels.py took 0.076 seconds
[2025-10-29T18:58:07.636-0700] {processor.py:161} INFO - Started process (PID=10622) to work on /opt/miniconda3/envs/airflow_env/lib/python3.11/site-packages/airflow/example_dags/example_branch_labels.py
[2025-10-29T18:58:07.636-0700] {processor.py:830} INFO - Processing file /opt/miniconda3/envs/airflow_env/lib/python3.11/site-packages/airflow/example_dags/example_branch_labels.py for tasks to queue
[2025-10-29T18:58:07.637-0700] {logging_mixin.py:188} INFO - [2025-10-29T18:58:07.637-0700] {dagbag.py:545} INFO - Filling up the DagBag from /opt/miniconda3/envs/airflow_env/lib/python3.11/site-packages/airflow/example_dags/example_branch_labels.py
[2025-10-29T18:58:07.642-0700] {processor.py:840} INFO - DAG(s) 'example_branch_labels' retrieved from /opt/miniconda3/envs/airflow_env/lib/python3.11/site-packages/airflow/example_dags/example_branch_labels.py
[2025-10-29T18:58:07.691-0700] {logging_mixin.py:188} INFO - [2025-10-29T18:58:07.690-0700] {dag.py:3089} INFO - Sync 1 DAGs
[2025-10-29T18:58:07.700-0700] {logging_mixin.py:188} INFO - [2025-10-29T18:58:07.700-0700] {dag.py:3947} INFO - Setting next_dagrun for example_branch_labels to 2025-10-29 00:00:00+00:00, run_after=2025-10-30 00:00:00+00:00
[2025-10-29T18:58:07.710-0700] {processor.py:183} INFO - Processing /opt/miniconda3/envs/airflow_env/lib/python3.11/site-packages/airflow/example_dags/example_branch_labels.py took 0.076 seconds
[2025-10-29T19:00:08.687-0700] {processor.py:161} INFO - Started process (PID=10875) to work on /opt/miniconda3/envs/airflow_env/lib/python3.11/site-packages/airflow/example_dags/example_branch_labels.py
[2025-10-29T19:00:08.689-0700] {processor.py:830} INFO - Processing file /opt/miniconda3/envs/airflow_env/lib/python3.11/site-packages/airflow/example_dags/example_branch_labels.py for tasks to queue
[2025-10-29T19:00:08.689-0700] {logging_mixin.py:188} INFO - [2025-10-29T19:00:08.689-0700] {dagbag.py:545} INFO - Filling up the DagBag from /opt/miniconda3/envs/airflow_env/lib/python3.11/site-packages/airflow/example_dags/example_branch_labels.py
[2025-10-29T19:00:08.694-0700] {processor.py:840} INFO - DAG(s) 'example_branch_labels' retrieved from /opt/miniconda3/envs/airflow_env/lib/python3.11/site-packages/airflow/example_dags/example_branch_labels.py
[2025-10-29T19:00:08.787-0700] {logging_mixin.py:188} INFO - [2025-10-29T19:00:08.786-0700] {dag.py:3089} INFO - Sync 1 DAGs
[2025-10-29T19:00:08.795-0700] {logging_mixin.py:188} INFO - [2025-10-29T19:00:08.795-0700] {dag.py:3947} INFO - Setting next_dagrun for example_branch_labels to 2025-10-29 00:00:00+00:00, run_after=2025-10-30 00:00:00+00:00
[2025-10-29T19:00:08.806-0700] {processor.py:183} INFO - Processing /opt/miniconda3/envs/airflow_env/lib/python3.11/site-packages/airflow/example_dags/example_branch_labels.py took 0.121 seconds
[2025-10-29T19:02:33.624-0700] {processor.py:161} INFO - Started process (PID=11127) to work on /opt/miniconda3/envs/airflow_env/lib/python3.11/site-packages/airflow/example_dags/example_branch_labels.py
[2025-10-29T19:02:33.626-0700] {processor.py:830} INFO - Processing file /opt/miniconda3/envs/airflow_env/lib/python3.11/site-packages/airflow/example_dags/example_branch_labels.py for tasks to queue
[2025-10-29T19:02:33.627-0700] {logging_mixin.py:188} INFO - [2025-10-29T19:02:33.626-0700] {dagbag.py:545} INFO - Filling up the DagBag from /opt/miniconda3/envs/airflow_env/lib/python3.11/site-packages/airflow/example_dags/example_branch_labels.py
[2025-10-29T19:02:33.632-0700] {processor.py:840} INFO - DAG(s) 'example_branch_labels' retrieved from /opt/miniconda3/envs/airflow_env/lib/python3.11/site-packages/airflow/example_dags/example_branch_labels.py
[2025-10-29T19:02:33.682-0700] {logging_mixin.py:188} INFO - [2025-10-29T19:02:33.682-0700] {dag.py:3089} INFO - Sync 1 DAGs
[2025-10-29T19:02:33.692-0700] {logging_mixin.py:188} INFO - [2025-10-29T19:02:33.692-0700] {dag.py:3947} INFO - Setting next_dagrun for example_branch_labels to 2025-10-29 00:00:00+00:00, run_after=2025-10-30 00:00:00+00:00
[2025-10-29T19:02:33.702-0700] {processor.py:183} INFO - Processing /opt/miniconda3/envs/airflow_env/lib/python3.11/site-packages/airflow/example_dags/example_branch_labels.py took 0.081 seconds
[2025-10-29T19:05:00.291-0700] {processor.py:161} INFO - Started process (PID=11387) to work on /opt/miniconda3/envs/airflow_env/lib/python3.11/site-packages/airflow/example_dags/example_branch_labels.py
[2025-10-29T19:05:00.292-0700] {processor.py:830} INFO - Processing file /opt/miniconda3/envs/airflow_env/lib/python3.11/site-packages/airflow/example_dags/example_branch_labels.py for tasks to queue
[2025-10-29T19:05:00.292-0700] {logging_mixin.py:188} INFO - [2025-10-29T19:05:00.292-0700] {dagbag.py:545} INFO - Filling up the DagBag from /opt/miniconda3/envs/airflow_env/lib/python3.11/site-packages/airflow/example_dags/example_branch_labels.py
[2025-10-29T19:05:00.297-0700] {processor.py:840} INFO - DAG(s) 'example_branch_labels' retrieved from /opt/miniconda3/envs/airflow_env/lib/python3.11/site-packages/airflow/example_dags/example_branch_labels.py
[2025-10-29T19:05:00.346-0700] {logging_mixin.py:188} INFO - [2025-10-29T19:05:00.345-0700] {dag.py:3089} INFO - Sync 1 DAGs
[2025-10-29T19:05:00.355-0700] {logging_mixin.py:188} INFO - [2025-10-29T19:05:00.355-0700] {dag.py:3947} INFO - Setting next_dagrun for example_branch_labels to 2025-10-29 00:00:00+00:00, run_after=2025-10-30 00:00:00+00:00
[2025-10-29T19:05:00.364-0700] {processor.py:183} INFO - Processing /opt/miniconda3/envs/airflow_env/lib/python3.11/site-packages/airflow/example_dags/example_branch_labels.py took 0.075 seconds
[2025-10-29T19:07:29.461-0700] {processor.py:161} INFO - Started process (PID=11658) to work on /opt/miniconda3/envs/airflow_env/lib/python3.11/site-packages/airflow/example_dags/example_branch_labels.py
[2025-10-29T19:07:29.463-0700] {processor.py:830} INFO - Processing file /opt/miniconda3/envs/airflow_env/lib/python3.11/site-packages/airflow/example_dags/example_branch_labels.py for tasks to queue
[2025-10-29T19:07:29.464-0700] {logging_mixin.py:188} INFO - [2025-10-29T19:07:29.463-0700] {dagbag.py:545} INFO - Filling up the DagBag from /opt/miniconda3/envs/airflow_env/lib/python3.11/site-packages/airflow/example_dags/example_branch_labels.py
[2025-10-29T19:07:29.469-0700] {processor.py:840} INFO - DAG(s) 'example_branch_labels' retrieved from /opt/miniconda3/envs/airflow_env/lib/python3.11/site-packages/airflow/example_dags/example_branch_labels.py
[2025-10-29T19:07:29.518-0700] {logging_mixin.py:188} INFO - [2025-10-29T19:07:29.518-0700] {dag.py:3089} INFO - Sync 1 DAGs
[2025-10-29T19:07:29.527-0700] {logging_mixin.py:188} INFO - [2025-10-29T19:07:29.527-0700] {dag.py:3947} INFO - Setting next_dagrun for example_branch_labels to 2025-10-29 00:00:00+00:00, run_after=2025-10-30 00:00:00+00:00
[2025-10-29T19:07:29.537-0700] {processor.py:183} INFO - Processing /opt/miniconda3/envs/airflow_env/lib/python3.11/site-packages/airflow/example_dags/example_branch_labels.py took 0.078 seconds
[2025-10-29T19:09:55.322-0700] {processor.py:161} INFO - Started process (PID=11899) to work on /opt/miniconda3/envs/airflow_env/lib/python3.11/site-packages/airflow/example_dags/example_branch_labels.py
[2025-10-29T19:09:55.323-0700] {processor.py:830} INFO - Processing file /opt/miniconda3/envs/airflow_env/lib/python3.11/site-packages/airflow/example_dags/example_branch_labels.py for tasks to queue
[2025-10-29T19:09:55.323-0700] {logging_mixin.py:188} INFO - [2025-10-29T19:09:55.323-0700] {dagbag.py:545} INFO - Filling up the DagBag from /opt/miniconda3/envs/airflow_env/lib/python3.11/site-packages/airflow/example_dags/example_branch_labels.py
[2025-10-29T19:09:55.328-0700] {processor.py:840} INFO - DAG(s) 'example_branch_labels' retrieved from /opt/miniconda3/envs/airflow_env/lib/python3.11/site-packages/airflow/example_dags/example_branch_labels.py
[2025-10-29T19:09:55.379-0700] {logging_mixin.py:188} INFO - [2025-10-29T19:09:55.378-0700] {dag.py:3089} INFO - Sync 1 DAGs
[2025-10-29T19:09:55.388-0700] {logging_mixin.py:188} INFO - [2025-10-29T19:09:55.388-0700] {dag.py:3947} INFO - Setting next_dagrun for example_branch_labels to 2025-10-29 00:00:00+00:00, run_after=2025-10-30 00:00:00+00:00
[2025-10-29T19:09:55.397-0700] {processor.py:183} INFO - Processing /opt/miniconda3/envs/airflow_env/lib/python3.11/site-packages/airflow/example_dags/example_branch_labels.py took 0.078 seconds
[2025-10-29T19:12:27.764-0700] {processor.py:161} INFO - Started process (PID=12178) to work on /opt/miniconda3/envs/airflow_env/lib/python3.11/site-packages/airflow/example_dags/example_branch_labels.py
[2025-10-29T19:12:27.765-0700] {processor.py:830} INFO - Processing file /opt/miniconda3/envs/airflow_env/lib/python3.11/site-packages/airflow/example_dags/example_branch_labels.py for tasks to queue
[2025-10-29T19:12:27.766-0700] {logging_mixin.py:188} INFO - [2025-10-29T19:12:27.766-0700] {dagbag.py:545} INFO - Filling up the DagBag from /opt/miniconda3/envs/airflow_env/lib/python3.11/site-packages/airflow/example_dags/example_branch_labels.py
[2025-10-29T19:12:27.771-0700] {processor.py:840} INFO - DAG(s) 'example_branch_labels' retrieved from /opt/miniconda3/envs/airflow_env/lib/python3.11/site-packages/airflow/example_dags/example_branch_labels.py
[2025-10-29T19:12:27.822-0700] {logging_mixin.py:188} INFO - [2025-10-29T19:12:27.822-0700] {dag.py:3089} INFO - Sync 1 DAGs
[2025-10-29T19:12:27.832-0700] {logging_mixin.py:188} INFO - [2025-10-29T19:12:27.832-0700] {dag.py:3947} INFO - Setting next_dagrun for example_branch_labels to 2025-10-29 00:00:00+00:00, run_after=2025-10-30 00:00:00+00:00
[2025-10-29T19:12:27.842-0700] {processor.py:183} INFO - Processing /opt/miniconda3/envs/airflow_env/lib/python3.11/site-packages/airflow/example_dags/example_branch_labels.py took 0.080 seconds
[2025-10-29T19:14:54.515-0700] {processor.py:161} INFO - Started process (PID=12434) to work on /opt/miniconda3/envs/airflow_env/lib/python3.11/site-packages/airflow/example_dags/example_branch_labels.py
[2025-10-29T19:14:54.516-0700] {processor.py:830} INFO - Processing file /opt/miniconda3/envs/airflow_env/lib/python3.11/site-packages/airflow/example_dags/example_branch_labels.py for tasks to queue
[2025-10-29T19:14:54.516-0700] {logging_mixin.py:188} INFO - [2025-10-29T19:14:54.516-0700] {dagbag.py:545} INFO - Filling up the DagBag from /opt/miniconda3/envs/airflow_env/lib/python3.11/site-packages/airflow/example_dags/example_branch_labels.py
[2025-10-29T19:14:54.521-0700] {processor.py:840} INFO - DAG(s) 'example_branch_labels' retrieved from /opt/miniconda3/envs/airflow_env/lib/python3.11/site-packages/airflow/example_dags/example_branch_labels.py
[2025-10-29T19:14:54.571-0700] {logging_mixin.py:188} INFO - [2025-10-29T19:14:54.571-0700] {dag.py:3089} INFO - Sync 1 DAGs
[2025-10-29T19:14:54.581-0700] {logging_mixin.py:188} INFO - [2025-10-29T19:14:54.580-0700] {dag.py:3947} INFO - Setting next_dagrun for example_branch_labels to 2025-10-29 00:00:00+00:00, run_after=2025-10-30 00:00:00+00:00
[2025-10-29T19:14:54.590-0700] {processor.py:183} INFO - Processing /opt/miniconda3/envs/airflow_env/lib/python3.11/site-packages/airflow/example_dags/example_branch_labels.py took 0.077 seconds
[2025-10-29T19:17:22.259-0700] {processor.py:161} INFO - Started process (PID=12694) to work on /opt/miniconda3/envs/airflow_env/lib/python3.11/site-packages/airflow/example_dags/example_branch_labels.py
[2025-10-29T19:17:22.259-0700] {processor.py:830} INFO - Processing file /opt/miniconda3/envs/airflow_env/lib/python3.11/site-packages/airflow/example_dags/example_branch_labels.py for tasks to queue
[2025-10-29T19:17:22.260-0700] {logging_mixin.py:188} INFO - [2025-10-29T19:17:22.260-0700] {dagbag.py:545} INFO - Filling up the DagBag from /opt/miniconda3/envs/airflow_env/lib/python3.11/site-packages/airflow/example_dags/example_branch_labels.py
[2025-10-29T19:17:22.264-0700] {processor.py:840} INFO - DAG(s) 'example_branch_labels' retrieved from /opt/miniconda3/envs/airflow_env/lib/python3.11/site-packages/airflow/example_dags/example_branch_labels.py
[2025-10-29T19:17:22.314-0700] {logging_mixin.py:188} INFO - [2025-10-29T19:17:22.314-0700] {dag.py:3089} INFO - Sync 1 DAGs
[2025-10-29T19:17:22.323-0700] {logging_mixin.py:188} INFO - [2025-10-29T19:17:22.323-0700] {dag.py:3947} INFO - Setting next_dagrun for example_branch_labels to 2025-10-29 00:00:00+00:00, run_after=2025-10-30 00:00:00+00:00
[2025-10-29T19:17:22.332-0700] {processor.py:183} INFO - Processing /opt/miniconda3/envs/airflow_env/lib/python3.11/site-packages/airflow/example_dags/example_branch_labels.py took 0.076 seconds
[2025-10-29T19:19:49.580-0700] {processor.py:161} INFO - Started process (PID=12950) to work on /opt/miniconda3/envs/airflow_env/lib/python3.11/site-packages/airflow/example_dags/example_branch_labels.py
[2025-10-29T19:19:49.582-0700] {processor.py:830} INFO - Processing file /opt/miniconda3/envs/airflow_env/lib/python3.11/site-packages/airflow/example_dags/example_branch_labels.py for tasks to queue
[2025-10-29T19:19:49.582-0700] {logging_mixin.py:188} INFO - [2025-10-29T19:19:49.582-0700] {dagbag.py:545} INFO - Filling up the DagBag from /opt/miniconda3/envs/airflow_env/lib/python3.11/site-packages/airflow/example_dags/example_branch_labels.py
[2025-10-29T19:19:49.587-0700] {processor.py:840} INFO - DAG(s) 'example_branch_labels' retrieved from /opt/miniconda3/envs/airflow_env/lib/python3.11/site-packages/airflow/example_dags/example_branch_labels.py
[2025-10-29T19:19:49.636-0700] {logging_mixin.py:188} INFO - [2025-10-29T19:19:49.636-0700] {dag.py:3089} INFO - Sync 1 DAGs
[2025-10-29T19:19:49.645-0700] {logging_mixin.py:188} INFO - [2025-10-29T19:19:49.645-0700] {dag.py:3947} INFO - Setting next_dagrun for example_branch_labels to 2025-10-29 00:00:00+00:00, run_after=2025-10-30 00:00:00+00:00
[2025-10-29T19:19:49.654-0700] {processor.py:183} INFO - Processing /opt/miniconda3/envs/airflow_env/lib/python3.11/site-packages/airflow/example_dags/example_branch_labels.py took 0.076 seconds
[2025-10-29T19:22:15.541-0700] {processor.py:161} INFO - Started process (PID=13255) to work on /opt/miniconda3/envs/airflow_env/lib/python3.11/site-packages/airflow/example_dags/example_branch_labels.py
[2025-10-29T19:22:15.541-0700] {processor.py:830} INFO - Processing file /opt/miniconda3/envs/airflow_env/lib/python3.11/site-packages/airflow/example_dags/example_branch_labels.py for tasks to queue
[2025-10-29T19:22:15.542-0700] {logging_mixin.py:188} INFO - [2025-10-29T19:22:15.542-0700] {dagbag.py:545} INFO - Filling up the DagBag from /opt/miniconda3/envs/airflow_env/lib/python3.11/site-packages/airflow/example_dags/example_branch_labels.py
[2025-10-29T19:22:15.547-0700] {processor.py:840} INFO - DAG(s) 'example_branch_labels' retrieved from /opt/miniconda3/envs/airflow_env/lib/python3.11/site-packages/airflow/example_dags/example_branch_labels.py
[2025-10-29T19:22:15.598-0700] {logging_mixin.py:188} INFO - [2025-10-29T19:22:15.597-0700] {dag.py:3089} INFO - Sync 1 DAGs
[2025-10-29T19:22:15.608-0700] {logging_mixin.py:188} INFO - [2025-10-29T19:22:15.607-0700] {dag.py:3947} INFO - Setting next_dagrun for example_branch_labels to 2025-10-29 00:00:00+00:00, run_after=2025-10-30 00:00:00+00:00
[2025-10-29T19:22:15.618-0700] {processor.py:183} INFO - Processing /opt/miniconda3/envs/airflow_env/lib/python3.11/site-packages/airflow/example_dags/example_branch_labels.py took 0.079 seconds
[2025-10-29T19:24:43.769-0700] {processor.py:161} INFO - Started process (PID=13562) to work on /opt/miniconda3/envs/airflow_env/lib/python3.11/site-packages/airflow/example_dags/example_branch_labels.py
[2025-10-29T19:24:43.771-0700] {processor.py:830} INFO - Processing file /opt/miniconda3/envs/airflow_env/lib/python3.11/site-packages/airflow/example_dags/example_branch_labels.py for tasks to queue
[2025-10-29T19:24:43.772-0700] {logging_mixin.py:188} INFO - [2025-10-29T19:24:43.772-0700] {dagbag.py:545} INFO - Filling up the DagBag from /opt/miniconda3/envs/airflow_env/lib/python3.11/site-packages/airflow/example_dags/example_branch_labels.py
[2025-10-29T19:24:43.777-0700] {processor.py:840} INFO - DAG(s) 'example_branch_labels' retrieved from /opt/miniconda3/envs/airflow_env/lib/python3.11/site-packages/airflow/example_dags/example_branch_labels.py
[2025-10-29T19:24:43.826-0700] {logging_mixin.py:188} INFO - [2025-10-29T19:24:43.825-0700] {dag.py:3089} INFO - Sync 1 DAGs
[2025-10-29T19:24:43.835-0700] {logging_mixin.py:188} INFO - [2025-10-29T19:24:43.835-0700] {dag.py:3947} INFO - Setting next_dagrun for example_branch_labels to 2025-10-29 00:00:00+00:00, run_after=2025-10-30 00:00:00+00:00
[2025-10-29T19:24:43.844-0700] {processor.py:183} INFO - Processing /opt/miniconda3/envs/airflow_env/lib/python3.11/site-packages/airflow/example_dags/example_branch_labels.py took 0.076 seconds
[2025-10-29T19:27:07.542-0700] {processor.py:161} INFO - Started process (PID=14229) to work on /opt/miniconda3/envs/airflow_env/lib/python3.11/site-packages/airflow/example_dags/example_branch_labels.py
[2025-10-29T19:27:07.543-0700] {processor.py:830} INFO - Processing file /opt/miniconda3/envs/airflow_env/lib/python3.11/site-packages/airflow/example_dags/example_branch_labels.py for tasks to queue
[2025-10-29T19:27:07.543-0700] {logging_mixin.py:188} INFO - [2025-10-29T19:27:07.543-0700] {dagbag.py:545} INFO - Filling up the DagBag from /opt/miniconda3/envs/airflow_env/lib/python3.11/site-packages/airflow/example_dags/example_branch_labels.py
[2025-10-29T19:27:07.549-0700] {processor.py:840} INFO - DAG(s) 'example_branch_labels' retrieved from /opt/miniconda3/envs/airflow_env/lib/python3.11/site-packages/airflow/example_dags/example_branch_labels.py
[2025-10-29T19:27:07.599-0700] {logging_mixin.py:188} INFO - [2025-10-29T19:27:07.598-0700] {dag.py:3089} INFO - Sync 1 DAGs
[2025-10-29T19:27:07.608-0700] {logging_mixin.py:188} INFO - [2025-10-29T19:27:07.608-0700] {dag.py:3947} INFO - Setting next_dagrun for example_branch_labels to 2025-10-29 00:00:00+00:00, run_after=2025-10-30 00:00:00+00:00
[2025-10-29T19:27:07.617-0700] {processor.py:183} INFO - Processing /opt/miniconda3/envs/airflow_env/lib/python3.11/site-packages/airflow/example_dags/example_branch_labels.py took 0.077 seconds
[2025-10-29T19:29:36.100-0700] {processor.py:161} INFO - Started process (PID=14914) to work on /opt/miniconda3/envs/airflow_env/lib/python3.11/site-packages/airflow/example_dags/example_branch_labels.py
[2025-10-29T19:29:36.101-0700] {processor.py:830} INFO - Processing file /opt/miniconda3/envs/airflow_env/lib/python3.11/site-packages/airflow/example_dags/example_branch_labels.py for tasks to queue
[2025-10-29T19:29:36.102-0700] {logging_mixin.py:188} INFO - [2025-10-29T19:29:36.102-0700] {dagbag.py:545} INFO - Filling up the DagBag from /opt/miniconda3/envs/airflow_env/lib/python3.11/site-packages/airflow/example_dags/example_branch_labels.py
[2025-10-29T19:29:36.107-0700] {processor.py:840} INFO - DAG(s) 'example_branch_labels' retrieved from /opt/miniconda3/envs/airflow_env/lib/python3.11/site-packages/airflow/example_dags/example_branch_labels.py
[2025-10-29T19:29:36.157-0700] {logging_mixin.py:188} INFO - [2025-10-29T19:29:36.157-0700] {dag.py:3089} INFO - Sync 1 DAGs
[2025-10-29T19:29:36.166-0700] {logging_mixin.py:188} INFO - [2025-10-29T19:29:36.166-0700] {dag.py:3947} INFO - Setting next_dagrun for example_branch_labels to 2025-10-29 00:00:00+00:00, run_after=2025-10-30 00:00:00+00:00
[2025-10-29T19:29:36.176-0700] {processor.py:183} INFO - Processing /opt/miniconda3/envs/airflow_env/lib/python3.11/site-packages/airflow/example_dags/example_branch_labels.py took 0.078 seconds
[2025-10-29T19:32:06.185-0700] {processor.py:161} INFO - Started process (PID=15601) to work on /opt/miniconda3/envs/airflow_env/lib/python3.11/site-packages/airflow/example_dags/example_branch_labels.py
[2025-10-29T19:32:06.186-0700] {processor.py:830} INFO - Processing file /opt/miniconda3/envs/airflow_env/lib/python3.11/site-packages/airflow/example_dags/example_branch_labels.py for tasks to queue
[2025-10-29T19:32:06.186-0700] {logging_mixin.py:188} INFO - [2025-10-29T19:32:06.186-0700] {dagbag.py:545} INFO - Filling up the DagBag from /opt/miniconda3/envs/airflow_env/lib/python3.11/site-packages/airflow/example_dags/example_branch_labels.py
[2025-10-29T19:32:06.192-0700] {processor.py:840} INFO - DAG(s) 'example_branch_labels' retrieved from /opt/miniconda3/envs/airflow_env/lib/python3.11/site-packages/airflow/example_dags/example_branch_labels.py
[2025-10-29T19:32:06.242-0700] {logging_mixin.py:188} INFO - [2025-10-29T19:32:06.242-0700] {dag.py:3089} INFO - Sync 1 DAGs
[2025-10-29T19:32:06.252-0700] {logging_mixin.py:188} INFO - [2025-10-29T19:32:06.252-0700] {dag.py:3947} INFO - Setting next_dagrun for example_branch_labels to 2025-10-29 00:00:00+00:00, run_after=2025-10-30 00:00:00+00:00
[2025-10-29T19:32:06.262-0700] {processor.py:183} INFO - Processing /opt/miniconda3/envs/airflow_env/lib/python3.11/site-packages/airflow/example_dags/example_branch_labels.py took 0.079 seconds
[2025-10-29T19:34:35.712-0700] {processor.py:161} INFO - Started process (PID=16317) to work on /opt/miniconda3/envs/airflow_env/lib/python3.11/site-packages/airflow/example_dags/example_branch_labels.py
[2025-10-29T19:34:35.713-0700] {processor.py:830} INFO - Processing file /opt/miniconda3/envs/airflow_env/lib/python3.11/site-packages/airflow/example_dags/example_branch_labels.py for tasks to queue
[2025-10-29T19:34:35.713-0700] {logging_mixin.py:188} INFO - [2025-10-29T19:34:35.713-0700] {dagbag.py:545} INFO - Filling up the DagBag from /opt/miniconda3/envs/airflow_env/lib/python3.11/site-packages/airflow/example_dags/example_branch_labels.py
[2025-10-29T19:34:35.718-0700] {processor.py:840} INFO - DAG(s) 'example_branch_labels' retrieved from /opt/miniconda3/envs/airflow_env/lib/python3.11/site-packages/airflow/example_dags/example_branch_labels.py
[2025-10-29T19:34:35.768-0700] {logging_mixin.py:188} INFO - [2025-10-29T19:34:35.768-0700] {dag.py:3089} INFO - Sync 1 DAGs
[2025-10-29T19:34:35.777-0700] {logging_mixin.py:188} INFO - [2025-10-29T19:34:35.777-0700] {dag.py:3947} INFO - Setting next_dagrun for example_branch_labels to 2025-10-29 00:00:00+00:00, run_after=2025-10-30 00:00:00+00:00
[2025-10-29T19:34:35.786-0700] {processor.py:183} INFO - Processing /opt/miniconda3/envs/airflow_env/lib/python3.11/site-packages/airflow/example_dags/example_branch_labels.py took 0.076 seconds
[2025-10-29T19:37:06.605-0700] {processor.py:161} INFO - Started process (PID=17006) to work on /opt/miniconda3/envs/airflow_env/lib/python3.11/site-packages/airflow/example_dags/example_branch_labels.py
[2025-10-29T19:37:06.606-0700] {processor.py:830} INFO - Processing file /opt/miniconda3/envs/airflow_env/lib/python3.11/site-packages/airflow/example_dags/example_branch_labels.py for tasks to queue
[2025-10-29T19:37:06.607-0700] {logging_mixin.py:188} INFO - [2025-10-29T19:37:06.607-0700] {dagbag.py:545} INFO - Filling up the DagBag from /opt/miniconda3/envs/airflow_env/lib/python3.11/site-packages/airflow/example_dags/example_branch_labels.py
[2025-10-29T19:37:06.612-0700] {processor.py:840} INFO - DAG(s) 'example_branch_labels' retrieved from /opt/miniconda3/envs/airflow_env/lib/python3.11/site-packages/airflow/example_dags/example_branch_labels.py
[2025-10-29T19:37:06.661-0700] {logging_mixin.py:188} INFO - [2025-10-29T19:37:06.661-0700] {dag.py:3089} INFO - Sync 1 DAGs
[2025-10-29T19:37:06.671-0700] {logging_mixin.py:188} INFO - [2025-10-29T19:37:06.670-0700] {dag.py:3947} INFO - Setting next_dagrun for example_branch_labels to 2025-10-29 00:00:00+00:00, run_after=2025-10-30 00:00:00+00:00
[2025-10-29T19:37:06.680-0700] {processor.py:183} INFO - Processing /opt/miniconda3/envs/airflow_env/lib/python3.11/site-packages/airflow/example_dags/example_branch_labels.py took 0.077 seconds
[2025-10-29T19:39:35.936-0700] {processor.py:161} INFO - Started process (PID=17734) to work on /opt/miniconda3/envs/airflow_env/lib/python3.11/site-packages/airflow/example_dags/example_branch_labels.py
[2025-10-29T19:39:35.937-0700] {processor.py:830} INFO - Processing file /opt/miniconda3/envs/airflow_env/lib/python3.11/site-packages/airflow/example_dags/example_branch_labels.py for tasks to queue
[2025-10-29T19:39:35.937-0700] {logging_mixin.py:188} INFO - [2025-10-29T19:39:35.937-0700] {dagbag.py:545} INFO - Filling up the DagBag from /opt/miniconda3/envs/airflow_env/lib/python3.11/site-packages/airflow/example_dags/example_branch_labels.py
[2025-10-29T19:39:35.942-0700] {processor.py:840} INFO - DAG(s) 'example_branch_labels' retrieved from /opt/miniconda3/envs/airflow_env/lib/python3.11/site-packages/airflow/example_dags/example_branch_labels.py
[2025-10-29T19:39:35.991-0700] {logging_mixin.py:188} INFO - [2025-10-29T19:39:35.991-0700] {dag.py:3089} INFO - Sync 1 DAGs
[2025-10-29T19:39:36.001-0700] {logging_mixin.py:188} INFO - [2025-10-29T19:39:36.000-0700] {dag.py:3947} INFO - Setting next_dagrun for example_branch_labels to 2025-10-29 00:00:00+00:00, run_after=2025-10-30 00:00:00+00:00
[2025-10-29T19:39:36.010-0700] {processor.py:183} INFO - Processing /opt/miniconda3/envs/airflow_env/lib/python3.11/site-packages/airflow/example_dags/example_branch_labels.py took 0.075 seconds
[2025-10-29T19:42:06.257-0700] {processor.py:161} INFO - Started process (PID=18448) to work on /opt/miniconda3/envs/airflow_env/lib/python3.11/site-packages/airflow/example_dags/example_branch_labels.py
[2025-10-29T19:42:06.258-0700] {processor.py:830} INFO - Processing file /opt/miniconda3/envs/airflow_env/lib/python3.11/site-packages/airflow/example_dags/example_branch_labels.py for tasks to queue
[2025-10-29T19:42:06.258-0700] {logging_mixin.py:188} INFO - [2025-10-29T19:42:06.258-0700] {dagbag.py:545} INFO - Filling up the DagBag from /opt/miniconda3/envs/airflow_env/lib/python3.11/site-packages/airflow/example_dags/example_branch_labels.py
[2025-10-29T19:42:06.264-0700] {processor.py:840} INFO - DAG(s) 'example_branch_labels' retrieved from /opt/miniconda3/envs/airflow_env/lib/python3.11/site-packages/airflow/example_dags/example_branch_labels.py
[2025-10-29T19:42:06.313-0700] {logging_mixin.py:188} INFO - [2025-10-29T19:42:06.313-0700] {dag.py:3089} INFO - Sync 1 DAGs
[2025-10-29T19:42:06.323-0700] {logging_mixin.py:188} INFO - [2025-10-29T19:42:06.322-0700] {dag.py:3947} INFO - Setting next_dagrun for example_branch_labels to 2025-10-29 00:00:00+00:00, run_after=2025-10-30 00:00:00+00:00
[2025-10-29T19:42:06.332-0700] {processor.py:183} INFO - Processing /opt/miniconda3/envs/airflow_env/lib/python3.11/site-packages/airflow/example_dags/example_branch_labels.py took 0.077 seconds
[2025-10-29T19:46:03.152-0700] {processor.py:161} INFO - Started process (PID=19647) to work on /opt/miniconda3/envs/airflow_env/lib/python3.11/site-packages/airflow/example_dags/example_branch_labels.py
[2025-10-29T19:46:03.152-0700] {processor.py:830} INFO - Processing file /opt/miniconda3/envs/airflow_env/lib/python3.11/site-packages/airflow/example_dags/example_branch_labels.py for tasks to queue
[2025-10-29T19:46:03.153-0700] {logging_mixin.py:188} INFO - [2025-10-29T19:46:03.153-0700] {dagbag.py:545} INFO - Filling up the DagBag from /opt/miniconda3/envs/airflow_env/lib/python3.11/site-packages/airflow/example_dags/example_branch_labels.py
[2025-10-29T19:46:03.158-0700] {processor.py:840} INFO - DAG(s) 'example_branch_labels' retrieved from /opt/miniconda3/envs/airflow_env/lib/python3.11/site-packages/airflow/example_dags/example_branch_labels.py
[2025-10-29T19:46:03.208-0700] {logging_mixin.py:188} INFO - [2025-10-29T19:46:03.207-0700] {dag.py:3089} INFO - Sync 1 DAGs
[2025-10-29T19:46:03.217-0700] {logging_mixin.py:188} INFO - [2025-10-29T19:46:03.217-0700] {dag.py:3947} INFO - Setting next_dagrun for example_branch_labels to 2025-10-29 00:00:00+00:00, run_after=2025-10-30 00:00:00+00:00
[2025-10-29T19:46:03.226-0700] {processor.py:183} INFO - Processing /opt/miniconda3/envs/airflow_env/lib/python3.11/site-packages/airflow/example_dags/example_branch_labels.py took 0.077 seconds
[2025-10-29T20:00:42.933-0700] {processor.py:161} INFO - Started process (PID=23209) to work on /opt/miniconda3/envs/airflow_env/lib/python3.11/site-packages/airflow/example_dags/example_branch_labels.py
[2025-10-29T20:00:42.935-0700] {processor.py:830} INFO - Processing file /opt/miniconda3/envs/airflow_env/lib/python3.11/site-packages/airflow/example_dags/example_branch_labels.py for tasks to queue
[2025-10-29T20:00:42.935-0700] {logging_mixin.py:188} INFO - [2025-10-29T20:00:42.935-0700] {dagbag.py:545} INFO - Filling up the DagBag from /opt/miniconda3/envs/airflow_env/lib/python3.11/site-packages/airflow/example_dags/example_branch_labels.py
[2025-10-29T20:00:42.941-0700] {processor.py:840} INFO - DAG(s) 'example_branch_labels' retrieved from /opt/miniconda3/envs/airflow_env/lib/python3.11/site-packages/airflow/example_dags/example_branch_labels.py
[2025-10-29T20:00:42.995-0700] {logging_mixin.py:188} INFO - [2025-10-29T20:00:42.995-0700] {dag.py:3089} INFO - Sync 1 DAGs
[2025-10-29T20:00:43.006-0700] {logging_mixin.py:188} INFO - [2025-10-29T20:00:43.006-0700] {dag.py:3947} INFO - Setting next_dagrun for example_branch_labels to 2025-10-29 00:00:00+00:00, run_after=2025-10-30 00:00:00+00:00
[2025-10-29T20:00:43.016-0700] {processor.py:183} INFO - Processing /opt/miniconda3/envs/airflow_env/lib/python3.11/site-packages/airflow/example_dags/example_branch_labels.py took 0.085 seconds
[2025-10-29T20:01:48.512-0700] {processor.py:161} INFO - Started process (PID=23590) to work on /opt/miniconda3/envs/airflow_env/lib/python3.11/site-packages/airflow/example_dags/example_branch_labels.py
[2025-10-29T20:01:48.513-0700] {processor.py:830} INFO - Processing file /opt/miniconda3/envs/airflow_env/lib/python3.11/site-packages/airflow/example_dags/example_branch_labels.py for tasks to queue
[2025-10-29T20:01:48.513-0700] {logging_mixin.py:188} INFO - [2025-10-29T20:01:48.513-0700] {dagbag.py:545} INFO - Filling up the DagBag from /opt/miniconda3/envs/airflow_env/lib/python3.11/site-packages/airflow/example_dags/example_branch_labels.py
[2025-10-29T20:01:48.518-0700] {processor.py:840} INFO - DAG(s) 'example_branch_labels' retrieved from /opt/miniconda3/envs/airflow_env/lib/python3.11/site-packages/airflow/example_dags/example_branch_labels.py
[2025-10-29T20:01:48.568-0700] {logging_mixin.py:188} INFO - [2025-10-29T20:01:48.568-0700] {dag.py:3089} INFO - Sync 1 DAGs
[2025-10-29T20:01:48.577-0700] {logging_mixin.py:188} INFO - [2025-10-29T20:01:48.577-0700] {dag.py:3947} INFO - Setting next_dagrun for example_branch_labels to 2025-10-29 00:00:00+00:00, run_after=2025-10-30 00:00:00+00:00
[2025-10-29T20:01:48.587-0700] {processor.py:183} INFO - Processing /opt/miniconda3/envs/airflow_env/lib/python3.11/site-packages/airflow/example_dags/example_branch_labels.py took 0.076 seconds
[2025-10-29T20:03:08.193-0700] {processor.py:161} INFO - Started process (PID=24037) to work on /opt/miniconda3/envs/airflow_env/lib/python3.11/site-packages/airflow/example_dags/example_branch_labels.py
[2025-10-29T20:03:08.193-0700] {processor.py:830} INFO - Processing file /opt/miniconda3/envs/airflow_env/lib/python3.11/site-packages/airflow/example_dags/example_branch_labels.py for tasks to queue
[2025-10-29T20:03:08.194-0700] {logging_mixin.py:188} INFO - [2025-10-29T20:03:08.194-0700] {dagbag.py:545} INFO - Filling up the DagBag from /opt/miniconda3/envs/airflow_env/lib/python3.11/site-packages/airflow/example_dags/example_branch_labels.py
[2025-10-29T20:03:08.198-0700] {processor.py:840} INFO - DAG(s) 'example_branch_labels' retrieved from /opt/miniconda3/envs/airflow_env/lib/python3.11/site-packages/airflow/example_dags/example_branch_labels.py
[2025-10-29T20:03:08.247-0700] {logging_mixin.py:188} INFO - [2025-10-29T20:03:08.247-0700] {dag.py:3089} INFO - Sync 1 DAGs
[2025-10-29T20:03:08.257-0700] {logging_mixin.py:188} INFO - [2025-10-29T20:03:08.257-0700] {dag.py:3947} INFO - Setting next_dagrun for example_branch_labels to 2025-10-29 00:00:00+00:00, run_after=2025-10-30 00:00:00+00:00
[2025-10-29T20:03:08.266-0700] {processor.py:183} INFO - Processing /opt/miniconda3/envs/airflow_env/lib/python3.11/site-packages/airflow/example_dags/example_branch_labels.py took 0.076 seconds
[2025-10-29T20:04:14.631-0700] {processor.py:161} INFO - Started process (PID=24418) to work on /opt/miniconda3/envs/airflow_env/lib/python3.11/site-packages/airflow/example_dags/example_branch_labels.py
[2025-10-29T20:04:14.632-0700] {processor.py:830} INFO - Processing file /opt/miniconda3/envs/airflow_env/lib/python3.11/site-packages/airflow/example_dags/example_branch_labels.py for tasks to queue
[2025-10-29T20:04:14.632-0700] {logging_mixin.py:188} INFO - [2025-10-29T20:04:14.632-0700] {dagbag.py:545} INFO - Filling up the DagBag from /opt/miniconda3/envs/airflow_env/lib/python3.11/site-packages/airflow/example_dags/example_branch_labels.py
[2025-10-29T20:04:14.638-0700] {processor.py:840} INFO - DAG(s) 'example_branch_labels' retrieved from /opt/miniconda3/envs/airflow_env/lib/python3.11/site-packages/airflow/example_dags/example_branch_labels.py
[2025-10-29T20:04:14.691-0700] {logging_mixin.py:188} INFO - [2025-10-29T20:04:14.691-0700] {dag.py:3089} INFO - Sync 1 DAGs
[2025-10-29T20:04:14.701-0700] {logging_mixin.py:188} INFO - [2025-10-29T20:04:14.701-0700] {dag.py:3947} INFO - Setting next_dagrun for example_branch_labels to 2025-10-29 00:00:00+00:00, run_after=2025-10-30 00:00:00+00:00
[2025-10-29T20:04:14.711-0700] {processor.py:183} INFO - Processing /opt/miniconda3/envs/airflow_env/lib/python3.11/site-packages/airflow/example_dags/example_branch_labels.py took 0.083 seconds
[2025-10-29T20:05:29.956-0700] {processor.py:161} INFO - Started process (PID=24857) to work on /opt/miniconda3/envs/airflow_env/lib/python3.11/site-packages/airflow/example_dags/example_branch_labels.py
[2025-10-29T20:05:29.957-0700] {processor.py:830} INFO - Processing file /opt/miniconda3/envs/airflow_env/lib/python3.11/site-packages/airflow/example_dags/example_branch_labels.py for tasks to queue
[2025-10-29T20:05:29.957-0700] {logging_mixin.py:188} INFO - [2025-10-29T20:05:29.957-0700] {dagbag.py:545} INFO - Filling up the DagBag from /opt/miniconda3/envs/airflow_env/lib/python3.11/site-packages/airflow/example_dags/example_branch_labels.py
[2025-10-29T20:05:29.962-0700] {processor.py:840} INFO - DAG(s) 'example_branch_labels' retrieved from /opt/miniconda3/envs/airflow_env/lib/python3.11/site-packages/airflow/example_dags/example_branch_labels.py
[2025-10-29T20:05:30.012-0700] {logging_mixin.py:188} INFO - [2025-10-29T20:05:30.012-0700] {dag.py:3089} INFO - Sync 1 DAGs
[2025-10-29T20:05:30.022-0700] {logging_mixin.py:188} INFO - [2025-10-29T20:05:30.021-0700] {dag.py:3947} INFO - Setting next_dagrun for example_branch_labels to 2025-10-29 00:00:00+00:00, run_after=2025-10-30 00:00:00+00:00
[2025-10-29T20:05:30.031-0700] {processor.py:183} INFO - Processing /opt/miniconda3/envs/airflow_env/lib/python3.11/site-packages/airflow/example_dags/example_branch_labels.py took 0.078 seconds
[2025-10-29T20:06:43.027-0700] {processor.py:161} INFO - Started process (PID=25264) to work on /opt/miniconda3/envs/airflow_env/lib/python3.11/site-packages/airflow/example_dags/example_branch_labels.py
[2025-10-29T20:06:43.027-0700] {processor.py:830} INFO - Processing file /opt/miniconda3/envs/airflow_env/lib/python3.11/site-packages/airflow/example_dags/example_branch_labels.py for tasks to queue
[2025-10-29T20:06:43.028-0700] {logging_mixin.py:188} INFO - [2025-10-29T20:06:43.028-0700] {dagbag.py:545} INFO - Filling up the DagBag from /opt/miniconda3/envs/airflow_env/lib/python3.11/site-packages/airflow/example_dags/example_branch_labels.py
[2025-10-29T20:06:43.033-0700] {processor.py:840} INFO - DAG(s) 'example_branch_labels' retrieved from /opt/miniconda3/envs/airflow_env/lib/python3.11/site-packages/airflow/example_dags/example_branch_labels.py
[2025-10-29T20:06:43.081-0700] {logging_mixin.py:188} INFO - [2025-10-29T20:06:43.081-0700] {dag.py:3089} INFO - Sync 1 DAGs
[2025-10-29T20:06:43.091-0700] {logging_mixin.py:188} INFO - [2025-10-29T20:06:43.091-0700] {dag.py:3947} INFO - Setting next_dagrun for example_branch_labels to 2025-10-29 00:00:00+00:00, run_after=2025-10-30 00:00:00+00:00
[2025-10-29T20:06:43.100-0700] {processor.py:183} INFO - Processing /opt/miniconda3/envs/airflow_env/lib/python3.11/site-packages/airflow/example_dags/example_branch_labels.py took 0.075 seconds
[2025-10-29T20:07:57.778-0700] {processor.py:161} INFO - Started process (PID=25698) to work on /opt/miniconda3/envs/airflow_env/lib/python3.11/site-packages/airflow/example_dags/example_branch_labels.py
[2025-10-29T20:07:57.779-0700] {processor.py:830} INFO - Processing file /opt/miniconda3/envs/airflow_env/lib/python3.11/site-packages/airflow/example_dags/example_branch_labels.py for tasks to queue
[2025-10-29T20:07:57.780-0700] {logging_mixin.py:188} INFO - [2025-10-29T20:07:57.779-0700] {dagbag.py:545} INFO - Filling up the DagBag from /opt/miniconda3/envs/airflow_env/lib/python3.11/site-packages/airflow/example_dags/example_branch_labels.py
[2025-10-29T20:07:57.785-0700] {processor.py:840} INFO - DAG(s) 'example_branch_labels' retrieved from /opt/miniconda3/envs/airflow_env/lib/python3.11/site-packages/airflow/example_dags/example_branch_labels.py
[2025-10-29T20:07:57.836-0700] {logging_mixin.py:188} INFO - [2025-10-29T20:07:57.836-0700] {dag.py:3089} INFO - Sync 1 DAGs
[2025-10-29T20:07:57.845-0700] {logging_mixin.py:188} INFO - [2025-10-29T20:07:57.845-0700] {dag.py:3947} INFO - Setting next_dagrun for example_branch_labels to 2025-10-29 00:00:00+00:00, run_after=2025-10-30 00:00:00+00:00
[2025-10-29T20:07:57.855-0700] {processor.py:183} INFO - Processing /opt/miniconda3/envs/airflow_env/lib/python3.11/site-packages/airflow/example_dags/example_branch_labels.py took 0.079 seconds
[2025-10-29T20:09:07.197-0700] {processor.py:161} INFO - Started process (PID=26056) to work on /opt/miniconda3/envs/airflow_env/lib/python3.11/site-packages/airflow/example_dags/example_branch_labels.py
[2025-10-29T20:09:07.198-0700] {processor.py:830} INFO - Processing file /opt/miniconda3/envs/airflow_env/lib/python3.11/site-packages/airflow/example_dags/example_branch_labels.py for tasks to queue
[2025-10-29T20:09:07.198-0700] {logging_mixin.py:188} INFO - [2025-10-29T20:09:07.198-0700] {dagbag.py:545} INFO - Filling up the DagBag from /opt/miniconda3/envs/airflow_env/lib/python3.11/site-packages/airflow/example_dags/example_branch_labels.py
[2025-10-29T20:09:07.203-0700] {processor.py:840} INFO - DAG(s) 'example_branch_labels' retrieved from /opt/miniconda3/envs/airflow_env/lib/python3.11/site-packages/airflow/example_dags/example_branch_labels.py
[2025-10-29T20:09:07.253-0700] {logging_mixin.py:188} INFO - [2025-10-29T20:09:07.253-0700] {dag.py:3089} INFO - Sync 1 DAGs
[2025-10-29T20:09:07.263-0700] {logging_mixin.py:188} INFO - [2025-10-29T20:09:07.263-0700] {dag.py:3947} INFO - Setting next_dagrun for example_branch_labels to 2025-10-29 00:00:00+00:00, run_after=2025-10-30 00:00:00+00:00
[2025-10-29T20:09:07.272-0700] {processor.py:183} INFO - Processing /opt/miniconda3/envs/airflow_env/lib/python3.11/site-packages/airflow/example_dags/example_branch_labels.py took 0.077 seconds
[2025-10-29T20:10:27.651-0700] {processor.py:161} INFO - Started process (PID=26276) to work on /opt/miniconda3/envs/airflow_env/lib/python3.11/site-packages/airflow/example_dags/example_branch_labels.py
[2025-10-29T20:10:27.651-0700] {processor.py:830} INFO - Processing file /opt/miniconda3/envs/airflow_env/lib/python3.11/site-packages/airflow/example_dags/example_branch_labels.py for tasks to queue
[2025-10-29T20:10:27.652-0700] {logging_mixin.py:188} INFO - [2025-10-29T20:10:27.652-0700] {dagbag.py:545} INFO - Filling up the DagBag from /opt/miniconda3/envs/airflow_env/lib/python3.11/site-packages/airflow/example_dags/example_branch_labels.py
[2025-10-29T20:10:27.657-0700] {processor.py:840} INFO - DAG(s) 'example_branch_labels' retrieved from /opt/miniconda3/envs/airflow_env/lib/python3.11/site-packages/airflow/example_dags/example_branch_labels.py
[2025-10-29T20:10:27.707-0700] {logging_mixin.py:188} INFO - [2025-10-29T20:10:27.707-0700] {dag.py:3089} INFO - Sync 1 DAGs
[2025-10-29T20:10:27.717-0700] {logging_mixin.py:188} INFO - [2025-10-29T20:10:27.717-0700] {dag.py:3947} INFO - Setting next_dagrun for example_branch_labels to 2025-10-29 00:00:00+00:00, run_after=2025-10-30 00:00:00+00:00
[2025-10-29T20:10:27.726-0700] {processor.py:183} INFO - Processing /opt/miniconda3/envs/airflow_env/lib/python3.11/site-packages/airflow/example_dags/example_branch_labels.py took 0.078 seconds
[2025-10-29T20:11:37.943-0700] {processor.py:161} INFO - Started process (PID=26510) to work on /opt/miniconda3/envs/airflow_env/lib/python3.11/site-packages/airflow/example_dags/example_branch_labels.py
[2025-10-29T20:11:37.944-0700] {processor.py:830} INFO - Processing file /opt/miniconda3/envs/airflow_env/lib/python3.11/site-packages/airflow/example_dags/example_branch_labels.py for tasks to queue
[2025-10-29T20:11:37.945-0700] {logging_mixin.py:188} INFO - [2025-10-29T20:11:37.944-0700] {dagbag.py:545} INFO - Filling up the DagBag from /opt/miniconda3/envs/airflow_env/lib/python3.11/site-packages/airflow/example_dags/example_branch_labels.py
[2025-10-29T20:11:37.949-0700] {processor.py:840} INFO - DAG(s) 'example_branch_labels' retrieved from /opt/miniconda3/envs/airflow_env/lib/python3.11/site-packages/airflow/example_dags/example_branch_labels.py
[2025-10-29T20:11:37.999-0700] {logging_mixin.py:188} INFO - [2025-10-29T20:11:37.998-0700] {dag.py:3089} INFO - Sync 1 DAGs
[2025-10-29T20:11:38.008-0700] {logging_mixin.py:188} INFO - [2025-10-29T20:11:38.008-0700] {dag.py:3947} INFO - Setting next_dagrun for example_branch_labels to 2025-10-29 00:00:00+00:00, run_after=2025-10-30 00:00:00+00:00
[2025-10-29T20:11:38.017-0700] {processor.py:183} INFO - Processing /opt/miniconda3/envs/airflow_env/lib/python3.11/site-packages/airflow/example_dags/example_branch_labels.py took 0.076 seconds
[2025-10-29T20:13:04.923-0700] {processor.py:161} INFO - Started process (PID=26807) to work on /opt/miniconda3/envs/airflow_env/lib/python3.11/site-packages/airflow/example_dags/example_branch_labels.py
[2025-10-29T20:13:04.924-0700] {processor.py:830} INFO - Processing file /opt/miniconda3/envs/airflow_env/lib/python3.11/site-packages/airflow/example_dags/example_branch_labels.py for tasks to queue
[2025-10-29T20:13:04.924-0700] {logging_mixin.py:188} INFO - [2025-10-29T20:13:04.924-0700] {dagbag.py:545} INFO - Filling up the DagBag from /opt/miniconda3/envs/airflow_env/lib/python3.11/site-packages/airflow/example_dags/example_branch_labels.py
[2025-10-29T20:13:04.930-0700] {processor.py:840} INFO - DAG(s) 'example_branch_labels' retrieved from /opt/miniconda3/envs/airflow_env/lib/python3.11/site-packages/airflow/example_dags/example_branch_labels.py
[2025-10-29T20:13:04.989-0700] {logging_mixin.py:188} INFO - [2025-10-29T20:13:04.989-0700] {dag.py:3089} INFO - Sync 1 DAGs
[2025-10-29T20:13:05.000-0700] {logging_mixin.py:188} INFO - [2025-10-29T20:13:04.999-0700] {dag.py:3947} INFO - Setting next_dagrun for example_branch_labels to 2025-10-29 00:00:00+00:00, run_after=2025-10-30 00:00:00+00:00
[2025-10-29T20:13:05.012-0700] {processor.py:183} INFO - Processing /opt/miniconda3/envs/airflow_env/lib/python3.11/site-packages/airflow/example_dags/example_branch_labels.py took 0.092 seconds
[2025-10-29T20:13:11.406-0700] {processor.py:161} INFO - Started process (PID=26831) to work on /opt/miniconda3/envs/airflow_env/lib/python3.11/site-packages/airflow/example_dags/example_branch_labels.py
[2025-10-29T20:13:11.406-0700] {processor.py:830} INFO - Processing file /opt/miniconda3/envs/airflow_env/lib/python3.11/site-packages/airflow/example_dags/example_branch_labels.py for tasks to queue
[2025-10-29T20:13:11.407-0700] {logging_mixin.py:188} INFO - [2025-10-29T20:13:11.407-0700] {dagbag.py:545} INFO - Filling up the DagBag from /opt/miniconda3/envs/airflow_env/lib/python3.11/site-packages/airflow/example_dags/example_branch_labels.py
[2025-10-29T20:13:11.412-0700] {processor.py:840} INFO - DAG(s) 'example_branch_labels' retrieved from /opt/miniconda3/envs/airflow_env/lib/python3.11/site-packages/airflow/example_dags/example_branch_labels.py
[2025-10-29T20:13:11.470-0700] {logging_mixin.py:188} INFO - [2025-10-29T20:13:11.470-0700] {dag.py:3089} INFO - Sync 1 DAGs
[2025-10-29T20:13:11.481-0700] {logging_mixin.py:188} INFO - [2025-10-29T20:13:11.481-0700] {dag.py:3947} INFO - Setting next_dagrun for example_branch_labels to 2025-10-29 00:00:00+00:00, run_after=2025-10-30 00:00:00+00:00
[2025-10-29T20:13:11.492-0700] {processor.py:183} INFO - Processing /opt/miniconda3/envs/airflow_env/lib/python3.11/site-packages/airflow/example_dags/example_branch_labels.py took 0.089 seconds
[2025-10-29T20:14:23.359-0700] {processor.py:161} INFO - Started process (PID=27082) to work on /opt/miniconda3/envs/airflow_env/lib/python3.11/site-packages/airflow/example_dags/example_branch_labels.py
[2025-10-29T20:14:23.360-0700] {processor.py:830} INFO - Processing file /opt/miniconda3/envs/airflow_env/lib/python3.11/site-packages/airflow/example_dags/example_branch_labels.py for tasks to queue
[2025-10-29T20:14:23.361-0700] {logging_mixin.py:188} INFO - [2025-10-29T20:14:23.361-0700] {dagbag.py:545} INFO - Filling up the DagBag from /opt/miniconda3/envs/airflow_env/lib/python3.11/site-packages/airflow/example_dags/example_branch_labels.py
[2025-10-29T20:14:23.369-0700] {processor.py:840} INFO - DAG(s) 'example_branch_labels' retrieved from /opt/miniconda3/envs/airflow_env/lib/python3.11/site-packages/airflow/example_dags/example_branch_labels.py
[2025-10-29T20:14:23.450-0700] {logging_mixin.py:188} INFO - [2025-10-29T20:14:23.450-0700] {dag.py:3089} INFO - Sync 1 DAGs
[2025-10-29T20:14:23.466-0700] {logging_mixin.py:188} INFO - [2025-10-29T20:14:23.466-0700] {dag.py:3947} INFO - Setting next_dagrun for example_branch_labels to 2025-10-29 00:00:00+00:00, run_after=2025-10-30 00:00:00+00:00
[2025-10-29T20:14:23.482-0700] {processor.py:183} INFO - Processing /opt/miniconda3/envs/airflow_env/lib/python3.11/site-packages/airflow/example_dags/example_branch_labels.py took 0.126 seconds
[2025-10-29T20:15:55.340-0700] {processor.py:161} INFO - Started process (PID=27392) to work on /opt/miniconda3/envs/airflow_env/lib/python3.11/site-packages/airflow/example_dags/example_branch_labels.py
[2025-10-29T20:15:55.341-0700] {processor.py:830} INFO - Processing file /opt/miniconda3/envs/airflow_env/lib/python3.11/site-packages/airflow/example_dags/example_branch_labels.py for tasks to queue
[2025-10-29T20:15:55.341-0700] {logging_mixin.py:188} INFO - [2025-10-29T20:15:55.341-0700] {dagbag.py:545} INFO - Filling up the DagBag from /opt/miniconda3/envs/airflow_env/lib/python3.11/site-packages/airflow/example_dags/example_branch_labels.py
[2025-10-29T20:15:55.346-0700] {processor.py:840} INFO - DAG(s) 'example_branch_labels' retrieved from /opt/miniconda3/envs/airflow_env/lib/python3.11/site-packages/airflow/example_dags/example_branch_labels.py
[2025-10-29T20:15:55.396-0700] {logging_mixin.py:188} INFO - [2025-10-29T20:15:55.396-0700] {dag.py:3089} INFO - Sync 1 DAGs
[2025-10-29T20:15:55.407-0700] {logging_mixin.py:188} INFO - [2025-10-29T20:15:55.407-0700] {dag.py:3947} INFO - Setting next_dagrun for example_branch_labels to 2025-10-29 00:00:00+00:00, run_after=2025-10-30 00:00:00+00:00
[2025-10-29T20:15:55.419-0700] {processor.py:183} INFO - Processing /opt/miniconda3/envs/airflow_env/lib/python3.11/site-packages/airflow/example_dags/example_branch_labels.py took 0.081 seconds
[2025-10-29T20:15:58.097-0700] {processor.py:161} INFO - Started process (PID=27402) to work on /opt/miniconda3/envs/airflow_env/lib/python3.11/site-packages/airflow/example_dags/example_branch_labels.py
[2025-10-29T20:15:58.097-0700] {processor.py:830} INFO - Processing file /opt/miniconda3/envs/airflow_env/lib/python3.11/site-packages/airflow/example_dags/example_branch_labels.py for tasks to queue
[2025-10-29T20:15:58.098-0700] {logging_mixin.py:188} INFO - [2025-10-29T20:15:58.098-0700] {dagbag.py:545} INFO - Filling up the DagBag from /opt/miniconda3/envs/airflow_env/lib/python3.11/site-packages/airflow/example_dags/example_branch_labels.py
[2025-10-29T20:15:58.103-0700] {processor.py:840} INFO - DAG(s) 'example_branch_labels' retrieved from /opt/miniconda3/envs/airflow_env/lib/python3.11/site-packages/airflow/example_dags/example_branch_labels.py
[2025-10-29T20:15:58.154-0700] {logging_mixin.py:188} INFO - [2025-10-29T20:15:58.154-0700] {dag.py:3089} INFO - Sync 1 DAGs
[2025-10-29T20:15:58.163-0700] {logging_mixin.py:188} INFO - [2025-10-29T20:15:58.163-0700] {dag.py:3947} INFO - Setting next_dagrun for example_branch_labels to 2025-10-29 00:00:00+00:00, run_after=2025-10-30 00:00:00+00:00
[2025-10-29T20:15:58.173-0700] {processor.py:183} INFO - Processing /opt/miniconda3/envs/airflow_env/lib/python3.11/site-packages/airflow/example_dags/example_branch_labels.py took 0.079 seconds
[2025-10-29T20:17:21.452-0700] {processor.py:161} INFO - Started process (PID=27685) to work on /opt/miniconda3/envs/airflow_env/lib/python3.11/site-packages/airflow/example_dags/example_branch_labels.py
[2025-10-29T20:17:21.454-0700] {processor.py:830} INFO - Processing file /opt/miniconda3/envs/airflow_env/lib/python3.11/site-packages/airflow/example_dags/example_branch_labels.py for tasks to queue
[2025-10-29T20:17:21.455-0700] {logging_mixin.py:188} INFO - [2025-10-29T20:17:21.455-0700] {dagbag.py:545} INFO - Filling up the DagBag from /opt/miniconda3/envs/airflow_env/lib/python3.11/site-packages/airflow/example_dags/example_branch_labels.py
[2025-10-29T20:17:21.464-0700] {processor.py:840} INFO - DAG(s) 'example_branch_labels' retrieved from /opt/miniconda3/envs/airflow_env/lib/python3.11/site-packages/airflow/example_dags/example_branch_labels.py
[2025-10-29T20:17:21.551-0700] {logging_mixin.py:188} INFO - [2025-10-29T20:17:21.551-0700] {dag.py:3089} INFO - Sync 1 DAGs
[2025-10-29T20:17:21.569-0700] {logging_mixin.py:188} INFO - [2025-10-29T20:17:21.568-0700] {dag.py:3947} INFO - Setting next_dagrun for example_branch_labels to 2025-10-29 00:00:00+00:00, run_after=2025-10-30 00:00:00+00:00
[2025-10-29T20:17:21.587-0700] {processor.py:183} INFO - Processing /opt/miniconda3/envs/airflow_env/lib/python3.11/site-packages/airflow/example_dags/example_branch_labels.py took 0.138 seconds
[2025-10-29T20:18:56.259-0700] {processor.py:161} INFO - Started process (PID=27987) to work on /opt/miniconda3/envs/airflow_env/lib/python3.11/site-packages/airflow/example_dags/example_branch_labels.py
[2025-10-29T20:18:56.260-0700] {processor.py:830} INFO - Processing file /opt/miniconda3/envs/airflow_env/lib/python3.11/site-packages/airflow/example_dags/example_branch_labels.py for tasks to queue
[2025-10-29T20:18:56.260-0700] {logging_mixin.py:188} INFO - [2025-10-29T20:18:56.260-0700] {dagbag.py:545} INFO - Filling up the DagBag from /opt/miniconda3/envs/airflow_env/lib/python3.11/site-packages/airflow/example_dags/example_branch_labels.py
[2025-10-29T20:18:56.267-0700] {processor.py:840} INFO - DAG(s) 'example_branch_labels' retrieved from /opt/miniconda3/envs/airflow_env/lib/python3.11/site-packages/airflow/example_dags/example_branch_labels.py
[2025-10-29T20:18:56.324-0700] {logging_mixin.py:188} INFO - [2025-10-29T20:18:56.324-0700] {dag.py:3089} INFO - Sync 1 DAGs
[2025-10-29T20:18:56.335-0700] {logging_mixin.py:188} INFO - [2025-10-29T20:18:56.335-0700] {dag.py:3947} INFO - Setting next_dagrun for example_branch_labels to 2025-10-29 00:00:00+00:00, run_after=2025-10-30 00:00:00+00:00
[2025-10-29T20:18:56.346-0700] {processor.py:183} INFO - Processing /opt/miniconda3/envs/airflow_env/lib/python3.11/site-packages/airflow/example_dags/example_branch_labels.py took 0.090 seconds
[2025-10-29T20:18:59.894-0700] {processor.py:161} INFO - Started process (PID=27996) to work on /opt/miniconda3/envs/airflow_env/lib/python3.11/site-packages/airflow/example_dags/example_branch_labels.py
[2025-10-29T20:18:59.895-0700] {processor.py:830} INFO - Processing file /opt/miniconda3/envs/airflow_env/lib/python3.11/site-packages/airflow/example_dags/example_branch_labels.py for tasks to queue
[2025-10-29T20:18:59.896-0700] {logging_mixin.py:188} INFO - [2025-10-29T20:18:59.896-0700] {dagbag.py:545} INFO - Filling up the DagBag from /opt/miniconda3/envs/airflow_env/lib/python3.11/site-packages/airflow/example_dags/example_branch_labels.py
[2025-10-29T20:18:59.905-0700] {processor.py:840} INFO - DAG(s) 'example_branch_labels' retrieved from /opt/miniconda3/envs/airflow_env/lib/python3.11/site-packages/airflow/example_dags/example_branch_labels.py
[2025-10-29T20:18:59.988-0700] {logging_mixin.py:188} INFO - [2025-10-29T20:18:59.987-0700] {dag.py:3089} INFO - Sync 1 DAGs
[2025-10-29T20:19:00.003-0700] {logging_mixin.py:188} INFO - [2025-10-29T20:19:00.003-0700] {dag.py:3947} INFO - Setting next_dagrun for example_branch_labels to 2025-10-29 00:00:00+00:00, run_after=2025-10-30 00:00:00+00:00
[2025-10-29T20:19:00.019-0700] {processor.py:183} INFO - Processing /opt/miniconda3/envs/airflow_env/lib/python3.11/site-packages/airflow/example_dags/example_branch_labels.py took 0.128 seconds
[2025-10-29T20:20:20.394-0700] {processor.py:161} INFO - Started process (PID=28252) to work on /opt/miniconda3/envs/airflow_env/lib/python3.11/site-packages/airflow/example_dags/example_branch_labels.py
[2025-10-29T20:20:20.395-0700] {processor.py:830} INFO - Processing file /opt/miniconda3/envs/airflow_env/lib/python3.11/site-packages/airflow/example_dags/example_branch_labels.py for tasks to queue
[2025-10-29T20:20:20.396-0700] {logging_mixin.py:188} INFO - [2025-10-29T20:20:20.396-0700] {dagbag.py:545} INFO - Filling up the DagBag from /opt/miniconda3/envs/airflow_env/lib/python3.11/site-packages/airflow/example_dags/example_branch_labels.py
[2025-10-29T20:20:20.405-0700] {processor.py:840} INFO - DAG(s) 'example_branch_labels' retrieved from /opt/miniconda3/envs/airflow_env/lib/python3.11/site-packages/airflow/example_dags/example_branch_labels.py
[2025-10-29T20:20:20.498-0700] {logging_mixin.py:188} INFO - [2025-10-29T20:20:20.497-0700] {dag.py:3089} INFO - Sync 1 DAGs
[2025-10-29T20:20:20.515-0700] {logging_mixin.py:188} INFO - [2025-10-29T20:20:20.515-0700] {dag.py:3947} INFO - Setting next_dagrun for example_branch_labels to 2025-10-29 00:00:00+00:00, run_after=2025-10-30 00:00:00+00:00
[2025-10-29T20:20:20.531-0700] {processor.py:183} INFO - Processing /opt/miniconda3/envs/airflow_env/lib/python3.11/site-packages/airflow/example_dags/example_branch_labels.py took 0.141 seconds
[2025-10-29T20:22:05.366-0700] {processor.py:161} INFO - Started process (PID=28619) to work on /opt/miniconda3/envs/airflow_env/lib/python3.11/site-packages/airflow/example_dags/example_branch_labels.py
[2025-10-29T20:22:05.367-0700] {processor.py:830} INFO - Processing file /opt/miniconda3/envs/airflow_env/lib/python3.11/site-packages/airflow/example_dags/example_branch_labels.py for tasks to queue
[2025-10-29T20:22:05.368-0700] {logging_mixin.py:188} INFO - [2025-10-29T20:22:05.368-0700] {dagbag.py:545} INFO - Filling up the DagBag from /opt/miniconda3/envs/airflow_env/lib/python3.11/site-packages/airflow/example_dags/example_branch_labels.py
[2025-10-29T20:22:05.376-0700] {processor.py:840} INFO - DAG(s) 'example_branch_labels' retrieved from /opt/miniconda3/envs/airflow_env/lib/python3.11/site-packages/airflow/example_dags/example_branch_labels.py
[2025-10-29T20:22:05.462-0700] {logging_mixin.py:188} INFO - [2025-10-29T20:22:05.462-0700] {dag.py:3089} INFO - Sync 1 DAGs
[2025-10-29T20:22:05.479-0700] {logging_mixin.py:188} INFO - [2025-10-29T20:22:05.478-0700] {dag.py:3947} INFO - Setting next_dagrun for example_branch_labels to 2025-10-29 00:00:00+00:00, run_after=2025-10-30 00:00:00+00:00
[2025-10-29T20:22:05.495-0700] {processor.py:183} INFO - Processing /opt/miniconda3/envs/airflow_env/lib/python3.11/site-packages/airflow/example_dags/example_branch_labels.py took 0.132 seconds
[2025-10-29T20:22:13.832-0700] {processor.py:161} INFO - Started process (PID=28645) to work on /opt/miniconda3/envs/airflow_env/lib/python3.11/site-packages/airflow/example_dags/example_branch_labels.py
[2025-10-29T20:22:13.832-0700] {processor.py:830} INFO - Processing file /opt/miniconda3/envs/airflow_env/lib/python3.11/site-packages/airflow/example_dags/example_branch_labels.py for tasks to queue
[2025-10-29T20:22:13.833-0700] {logging_mixin.py:188} INFO - [2025-10-29T20:22:13.833-0700] {dagbag.py:545} INFO - Filling up the DagBag from /opt/miniconda3/envs/airflow_env/lib/python3.11/site-packages/airflow/example_dags/example_branch_labels.py
[2025-10-29T20:22:13.840-0700] {processor.py:840} INFO - DAG(s) 'example_branch_labels' retrieved from /opt/miniconda3/envs/airflow_env/lib/python3.11/site-packages/airflow/example_dags/example_branch_labels.py
[2025-10-29T20:22:13.918-0700] {logging_mixin.py:188} INFO - [2025-10-29T20:22:13.918-0700] {dag.py:3089} INFO - Sync 1 DAGs
[2025-10-29T20:22:13.931-0700] {logging_mixin.py:188} INFO - [2025-10-29T20:22:13.931-0700] {dag.py:3947} INFO - Setting next_dagrun for example_branch_labels to 2025-10-29 00:00:00+00:00, run_after=2025-10-30 00:00:00+00:00
[2025-10-29T20:22:13.944-0700] {processor.py:183} INFO - Processing /opt/miniconda3/envs/airflow_env/lib/python3.11/site-packages/airflow/example_dags/example_branch_labels.py took 0.116 seconds
[2025-10-29T20:23:34.361-0700] {processor.py:161} INFO - Started process (PID=28931) to work on /opt/miniconda3/envs/airflow_env/lib/python3.11/site-packages/airflow/example_dags/example_branch_labels.py
[2025-10-29T20:23:34.362-0700] {processor.py:830} INFO - Processing file /opt/miniconda3/envs/airflow_env/lib/python3.11/site-packages/airflow/example_dags/example_branch_labels.py for tasks to queue
[2025-10-29T20:23:34.363-0700] {logging_mixin.py:188} INFO - [2025-10-29T20:23:34.363-0700] {dagbag.py:545} INFO - Filling up the DagBag from /opt/miniconda3/envs/airflow_env/lib/python3.11/site-packages/airflow/example_dags/example_branch_labels.py
[2025-10-29T20:23:34.370-0700] {processor.py:840} INFO - DAG(s) 'example_branch_labels' retrieved from /opt/miniconda3/envs/airflow_env/lib/python3.11/site-packages/airflow/example_dags/example_branch_labels.py
[2025-10-29T20:23:34.440-0700] {logging_mixin.py:188} INFO - [2025-10-29T20:23:34.440-0700] {dag.py:3089} INFO - Sync 1 DAGs
[2025-10-29T20:23:34.453-0700] {logging_mixin.py:188} INFO - [2025-10-29T20:23:34.453-0700] {dag.py:3947} INFO - Setting next_dagrun for example_branch_labels to 2025-10-29 00:00:00+00:00, run_after=2025-10-30 00:00:00+00:00
[2025-10-29T20:23:34.466-0700] {processor.py:183} INFO - Processing /opt/miniconda3/envs/airflow_env/lib/python3.11/site-packages/airflow/example_dags/example_branch_labels.py took 0.107 seconds
[2025-10-29T20:25:23.815-0700] {processor.py:161} INFO - Started process (PID=29292) to work on /opt/miniconda3/envs/airflow_env/lib/python3.11/site-packages/airflow/example_dags/example_branch_labels.py
[2025-10-29T20:25:23.816-0700] {processor.py:830} INFO - Processing file /opt/miniconda3/envs/airflow_env/lib/python3.11/site-packages/airflow/example_dags/example_branch_labels.py for tasks to queue
[2025-10-29T20:25:23.816-0700] {logging_mixin.py:188} INFO - [2025-10-29T20:25:23.816-0700] {dagbag.py:545} INFO - Filling up the DagBag from /opt/miniconda3/envs/airflow_env/lib/python3.11/site-packages/airflow/example_dags/example_branch_labels.py
[2025-10-29T20:25:23.822-0700] {processor.py:840} INFO - DAG(s) 'example_branch_labels' retrieved from /opt/miniconda3/envs/airflow_env/lib/python3.11/site-packages/airflow/example_dags/example_branch_labels.py
[2025-10-29T20:25:23.879-0700] {logging_mixin.py:188} INFO - [2025-10-29T20:25:23.879-0700] {dag.py:3089} INFO - Sync 1 DAGs
[2025-10-29T20:25:23.890-0700] {logging_mixin.py:188} INFO - [2025-10-29T20:25:23.890-0700] {dag.py:3947} INFO - Setting next_dagrun for example_branch_labels to 2025-10-29 00:00:00+00:00, run_after=2025-10-30 00:00:00+00:00
[2025-10-29T20:25:23.901-0700] {processor.py:183} INFO - Processing /opt/miniconda3/envs/airflow_env/lib/python3.11/site-packages/airflow/example_dags/example_branch_labels.py took 0.088 seconds
[2025-10-29T20:25:24.695-0700] {processor.py:161} INFO - Started process (PID=29294) to work on /opt/miniconda3/envs/airflow_env/lib/python3.11/site-packages/airflow/example_dags/example_branch_labels.py
[2025-10-29T20:25:24.696-0700] {processor.py:830} INFO - Processing file /opt/miniconda3/envs/airflow_env/lib/python3.11/site-packages/airflow/example_dags/example_branch_labels.py for tasks to queue
[2025-10-29T20:25:24.697-0700] {logging_mixin.py:188} INFO - [2025-10-29T20:25:24.696-0700] {dagbag.py:545} INFO - Filling up the DagBag from /opt/miniconda3/envs/airflow_env/lib/python3.11/site-packages/airflow/example_dags/example_branch_labels.py
[2025-10-29T20:25:24.705-0700] {processor.py:840} INFO - DAG(s) 'example_branch_labels' retrieved from /opt/miniconda3/envs/airflow_env/lib/python3.11/site-packages/airflow/example_dags/example_branch_labels.py
[2025-10-29T20:25:24.787-0700] {logging_mixin.py:188} INFO - [2025-10-29T20:25:24.787-0700] {dag.py:3089} INFO - Sync 1 DAGs
[2025-10-29T20:25:24.803-0700] {logging_mixin.py:188} INFO - [2025-10-29T20:25:24.803-0700] {dag.py:3947} INFO - Setting next_dagrun for example_branch_labels to 2025-10-29 00:00:00+00:00, run_after=2025-10-30 00:00:00+00:00
[2025-10-29T20:25:24.818-0700] {processor.py:183} INFO - Processing /opt/miniconda3/envs/airflow_env/lib/python3.11/site-packages/airflow/example_dags/example_branch_labels.py took 0.126 seconds
[2025-10-29T20:26:26.206-0700] {processor.py:161} INFO - Started process (PID=29511) to work on /opt/miniconda3/envs/airflow_env/lib/python3.11/site-packages/airflow/example_dags/example_branch_labels.py
[2025-10-29T20:26:26.207-0700] {processor.py:830} INFO - Processing file /opt/miniconda3/envs/airflow_env/lib/python3.11/site-packages/airflow/example_dags/example_branch_labels.py for tasks to queue
[2025-10-29T20:26:26.207-0700] {logging_mixin.py:188} INFO - [2025-10-29T20:26:26.207-0700] {dagbag.py:545} INFO - Filling up the DagBag from /opt/miniconda3/envs/airflow_env/lib/python3.11/site-packages/airflow/example_dags/example_branch_labels.py
[2025-10-29T20:26:26.212-0700] {processor.py:840} INFO - DAG(s) 'example_branch_labels' retrieved from /opt/miniconda3/envs/airflow_env/lib/python3.11/site-packages/airflow/example_dags/example_branch_labels.py
[2025-10-29T20:26:26.262-0700] {logging_mixin.py:188} INFO - [2025-10-29T20:26:26.262-0700] {dag.py:3089} INFO - Sync 1 DAGs
[2025-10-29T20:26:26.272-0700] {logging_mixin.py:188} INFO - [2025-10-29T20:26:26.272-0700] {dag.py:3947} INFO - Setting next_dagrun for example_branch_labels to 2025-10-29 00:00:00+00:00, run_after=2025-10-30 00:00:00+00:00
[2025-10-29T20:26:26.281-0700] {processor.py:183} INFO - Processing /opt/miniconda3/envs/airflow_env/lib/python3.11/site-packages/airflow/example_dags/example_branch_labels.py took 0.077 seconds
[2025-10-29T20:28:09.616-0700] {processor.py:161} INFO - Started process (PID=29865) to work on /opt/miniconda3/envs/airflow_env/lib/python3.11/site-packages/airflow/example_dags/example_branch_labels.py
[2025-10-29T20:28:09.616-0700] {processor.py:830} INFO - Processing file /opt/miniconda3/envs/airflow_env/lib/python3.11/site-packages/airflow/example_dags/example_branch_labels.py for tasks to queue
[2025-10-29T20:28:09.617-0700] {logging_mixin.py:188} INFO - [2025-10-29T20:28:09.617-0700] {dagbag.py:545} INFO - Filling up the DagBag from /opt/miniconda3/envs/airflow_env/lib/python3.11/site-packages/airflow/example_dags/example_branch_labels.py
[2025-10-29T20:28:09.622-0700] {processor.py:840} INFO - DAG(s) 'example_branch_labels' retrieved from /opt/miniconda3/envs/airflow_env/lib/python3.11/site-packages/airflow/example_dags/example_branch_labels.py
[2025-10-29T20:28:09.672-0700] {logging_mixin.py:188} INFO - [2025-10-29T20:28:09.672-0700] {dag.py:3089} INFO - Sync 1 DAGs
[2025-10-29T20:28:09.683-0700] {logging_mixin.py:188} INFO - [2025-10-29T20:28:09.683-0700] {dag.py:3947} INFO - Setting next_dagrun for example_branch_labels to 2025-10-29 00:00:00+00:00, run_after=2025-10-30 00:00:00+00:00
[2025-10-29T20:28:09.694-0700] {processor.py:183} INFO - Processing /opt/miniconda3/envs/airflow_env/lib/python3.11/site-packages/airflow/example_dags/example_branch_labels.py took 0.080 seconds
[2025-10-29T20:28:12.890-0700] {processor.py:161} INFO - Started process (PID=29874) to work on /opt/miniconda3/envs/airflow_env/lib/python3.11/site-packages/airflow/example_dags/example_branch_labels.py
[2025-10-29T20:28:12.890-0700] {processor.py:830} INFO - Processing file /opt/miniconda3/envs/airflow_env/lib/python3.11/site-packages/airflow/example_dags/example_branch_labels.py for tasks to queue
[2025-10-29T20:28:12.891-0700] {logging_mixin.py:188} INFO - [2025-10-29T20:28:12.891-0700] {dagbag.py:545} INFO - Filling up the DagBag from /opt/miniconda3/envs/airflow_env/lib/python3.11/site-packages/airflow/example_dags/example_branch_labels.py
[2025-10-29T20:28:12.897-0700] {processor.py:840} INFO - DAG(s) 'example_branch_labels' retrieved from /opt/miniconda3/envs/airflow_env/lib/python3.11/site-packages/airflow/example_dags/example_branch_labels.py
[2025-10-29T20:28:12.954-0700] {logging_mixin.py:188} INFO - [2025-10-29T20:28:12.954-0700] {dag.py:3089} INFO - Sync 1 DAGs
[2025-10-29T20:28:12.965-0700] {logging_mixin.py:188} INFO - [2025-10-29T20:28:12.965-0700] {dag.py:3947} INFO - Setting next_dagrun for example_branch_labels to 2025-10-29 00:00:00+00:00, run_after=2025-10-30 00:00:00+00:00
[2025-10-29T20:28:12.976-0700] {processor.py:183} INFO - Processing /opt/miniconda3/envs/airflow_env/lib/python3.11/site-packages/airflow/example_dags/example_branch_labels.py took 0.089 seconds
[2025-10-29T20:29:15.156-0700] {processor.py:161} INFO - Started process (PID=30086) to work on /opt/miniconda3/envs/airflow_env/lib/python3.11/site-packages/airflow/example_dags/example_branch_labels.py
[2025-10-29T20:29:15.157-0700] {processor.py:830} INFO - Processing file /opt/miniconda3/envs/airflow_env/lib/python3.11/site-packages/airflow/example_dags/example_branch_labels.py for tasks to queue
[2025-10-29T20:29:15.158-0700] {logging_mixin.py:188} INFO - [2025-10-29T20:29:15.158-0700] {dagbag.py:545} INFO - Filling up the DagBag from /opt/miniconda3/envs/airflow_env/lib/python3.11/site-packages/airflow/example_dags/example_branch_labels.py
[2025-10-29T20:29:15.164-0700] {processor.py:840} INFO - DAG(s) 'example_branch_labels' retrieved from /opt/miniconda3/envs/airflow_env/lib/python3.11/site-packages/airflow/example_dags/example_branch_labels.py
[2025-10-29T20:29:15.227-0700] {logging_mixin.py:188} INFO - [2025-10-29T20:29:15.227-0700] {dag.py:3089} INFO - Sync 1 DAGs
[2025-10-29T20:29:15.238-0700] {logging_mixin.py:188} INFO - [2025-10-29T20:29:15.238-0700] {dag.py:3947} INFO - Setting next_dagrun for example_branch_labels to 2025-10-29 00:00:00+00:00, run_after=2025-10-30 00:00:00+00:00
[2025-10-29T20:29:15.249-0700] {processor.py:183} INFO - Processing /opt/miniconda3/envs/airflow_env/lib/python3.11/site-packages/airflow/example_dags/example_branch_labels.py took 0.095 seconds
