[2025-10-29T18:40:56.258-0700] {processor.py:161} INFO - Started process (PID=5184) to work on /opt/miniconda3/envs/airflow_env/lib/python3.11/site-packages/airflow/example_dags/example_python_decorator.py
[2025-10-29T18:40:56.259-0700] {processor.py:830} INFO - Processing file /opt/miniconda3/envs/airflow_env/lib/python3.11/site-packages/airflow/example_dags/example_python_decorator.py for tasks to queue
[2025-10-29T18:40:56.259-0700] {logging_mixin.py:188} INFO - [2025-10-29T18:40:56.259-0700] {dagbag.py:545} INFO - Filling up the DagBag from /opt/miniconda3/envs/airflow_env/lib/python3.11/site-packages/airflow/example_dags/example_python_decorator.py
[2025-10-29T18:40:56.278-0700] {logging_mixin.py:188} INFO - [2025-10-29T18:40:56.278-0700] {example_python_decorator.py:80} WARNING - The virtalenv_python example task requires virtualenv, please install it.
[2025-10-29T18:40:56.279-0700] {processor.py:840} INFO - DAG(s) 'example_python_decorator' retrieved from /opt/miniconda3/envs/airflow_env/lib/python3.11/site-packages/airflow/example_dags/example_python_decorator.py
[2025-10-29T18:40:56.405-0700] {logging_mixin.py:188} INFO - [2025-10-29T18:40:56.369-0700] {override.py:1930} INFO - Created Permission View: can edit on DAG:example_python_decorator
[2025-10-29T18:40:56.411-0700] {logging_mixin.py:188} INFO - [2025-10-29T18:40:56.411-0700] {override.py:1930} INFO - Created Permission View: can read on DAG:example_python_decorator
[2025-10-29T18:40:56.414-0700] {logging_mixin.py:188} INFO - [2025-10-29T18:40:56.414-0700] {override.py:1930} INFO - Created Permission View: can delete on DAG:example_python_decorator
[2025-10-29T18:40:56.414-0700] {logging_mixin.py:188} INFO - [2025-10-29T18:40:56.414-0700] {dag.py:3089} INFO - Sync 1 DAGs
[2025-10-29T18:40:56.419-0700] {logging_mixin.py:188} INFO - [2025-10-29T18:40:56.419-0700] {dag.py:3111} INFO - Creating ORM DAG for example_python_decorator
[2025-10-29T18:40:56.420-0700] {logging_mixin.py:188} INFO - [2025-10-29T18:40:56.420-0700] {dag.py:3947} INFO - Setting next_dagrun for example_python_decorator to None, run_after=None
[2025-10-29T18:40:56.428-0700] {processor.py:183} INFO - Processing /opt/miniconda3/envs/airflow_env/lib/python3.11/site-packages/airflow/example_dags/example_python_decorator.py took 0.173 seconds
[2025-10-29T18:42:35.448-0700] {processor.py:161} INFO - Started process (PID=5374) to work on /opt/miniconda3/envs/airflow_env/lib/python3.11/site-packages/airflow/example_dags/example_python_decorator.py
[2025-10-29T18:42:35.449-0700] {processor.py:830} INFO - Processing file /opt/miniconda3/envs/airflow_env/lib/python3.11/site-packages/airflow/example_dags/example_python_decorator.py for tasks to queue
[2025-10-29T18:42:35.449-0700] {logging_mixin.py:188} INFO - [2025-10-29T18:42:35.449-0700] {dagbag.py:545} INFO - Filling up the DagBag from /opt/miniconda3/envs/airflow_env/lib/python3.11/site-packages/airflow/example_dags/example_python_decorator.py
[2025-10-29T18:42:35.470-0700] {logging_mixin.py:188} INFO - [2025-10-29T18:42:35.470-0700] {example_python_decorator.py:80} WARNING - The virtalenv_python example task requires virtualenv, please install it.
[2025-10-29T18:42:35.471-0700] {processor.py:840} INFO - DAG(s) 'example_python_decorator' retrieved from /opt/miniconda3/envs/airflow_env/lib/python3.11/site-packages/airflow/example_dags/example_python_decorator.py
[2025-10-29T18:42:35.521-0700] {logging_mixin.py:188} INFO - [2025-10-29T18:42:35.521-0700] {dag.py:3089} INFO - Sync 1 DAGs
[2025-10-29T18:42:35.526-0700] {logging_mixin.py:188} INFO - [2025-10-29T18:42:35.526-0700] {dag.py:3947} INFO - Setting next_dagrun for example_python_decorator to None, run_after=None
[2025-10-29T18:42:35.536-0700] {processor.py:183} INFO - Processing /opt/miniconda3/envs/airflow_env/lib/python3.11/site-packages/airflow/example_dags/example_python_decorator.py took 0.090 seconds
[2025-10-29T18:44:54.616-0700] {processor.py:161} INFO - Started process (PID=5635) to work on /opt/miniconda3/envs/airflow_env/lib/python3.11/site-packages/airflow/example_dags/example_python_decorator.py
[2025-10-29T18:44:54.618-0700] {processor.py:830} INFO - Processing file /opt/miniconda3/envs/airflow_env/lib/python3.11/site-packages/airflow/example_dags/example_python_decorator.py for tasks to queue
[2025-10-29T18:44:54.618-0700] {logging_mixin.py:188} INFO - [2025-10-29T18:44:54.618-0700] {dagbag.py:545} INFO - Filling up the DagBag from /opt/miniconda3/envs/airflow_env/lib/python3.11/site-packages/airflow/example_dags/example_python_decorator.py
[2025-10-29T18:44:54.637-0700] {logging_mixin.py:188} INFO - [2025-10-29T18:44:54.637-0700] {example_python_decorator.py:80} WARNING - The virtalenv_python example task requires virtualenv, please install it.
[2025-10-29T18:44:54.638-0700] {processor.py:840} INFO - DAG(s) 'example_python_decorator' retrieved from /opt/miniconda3/envs/airflow_env/lib/python3.11/site-packages/airflow/example_dags/example_python_decorator.py
[2025-10-29T18:44:54.687-0700] {logging_mixin.py:188} INFO - [2025-10-29T18:44:54.687-0700] {dag.py:3089} INFO - Sync 1 DAGs
[2025-10-29T18:44:54.692-0700] {logging_mixin.py:188} INFO - [2025-10-29T18:44:54.692-0700] {dag.py:3947} INFO - Setting next_dagrun for example_python_decorator to None, run_after=None
[2025-10-29T18:44:54.702-0700] {processor.py:183} INFO - Processing /opt/miniconda3/envs/airflow_env/lib/python3.11/site-packages/airflow/example_dags/example_python_decorator.py took 0.088 seconds
[2025-10-29T18:47:21.225-0700] {processor.py:161} INFO - Started process (PID=5901) to work on /opt/miniconda3/envs/airflow_env/lib/python3.11/site-packages/airflow/example_dags/example_python_decorator.py
[2025-10-29T18:47:21.226-0700] {processor.py:830} INFO - Processing file /opt/miniconda3/envs/airflow_env/lib/python3.11/site-packages/airflow/example_dags/example_python_decorator.py for tasks to queue
[2025-10-29T18:47:21.226-0700] {logging_mixin.py:188} INFO - [2025-10-29T18:47:21.226-0700] {dagbag.py:545} INFO - Filling up the DagBag from /opt/miniconda3/envs/airflow_env/lib/python3.11/site-packages/airflow/example_dags/example_python_decorator.py
[2025-10-29T18:47:21.245-0700] {logging_mixin.py:188} INFO - [2025-10-29T18:47:21.245-0700] {example_python_decorator.py:80} WARNING - The virtalenv_python example task requires virtualenv, please install it.
[2025-10-29T18:47:21.246-0700] {processor.py:840} INFO - DAG(s) 'example_python_decorator' retrieved from /opt/miniconda3/envs/airflow_env/lib/python3.11/site-packages/airflow/example_dags/example_python_decorator.py
[2025-10-29T18:47:21.294-0700] {logging_mixin.py:188} INFO - [2025-10-29T18:47:21.293-0700] {dag.py:3089} INFO - Sync 1 DAGs
[2025-10-29T18:47:21.298-0700] {logging_mixin.py:188} INFO - [2025-10-29T18:47:21.298-0700] {dag.py:3947} INFO - Setting next_dagrun for example_python_decorator to None, run_after=None
[2025-10-29T18:47:21.308-0700] {processor.py:183} INFO - Processing /opt/miniconda3/envs/airflow_env/lib/python3.11/site-packages/airflow/example_dags/example_python_decorator.py took 0.085 seconds
[2025-10-29T18:49:46.680-0700] {processor.py:161} INFO - Started process (PID=7636) to work on /opt/miniconda3/envs/airflow_env/lib/python3.11/site-packages/airflow/example_dags/example_python_decorator.py
[2025-10-29T18:49:46.682-0700] {processor.py:830} INFO - Processing file /opt/miniconda3/envs/airflow_env/lib/python3.11/site-packages/airflow/example_dags/example_python_decorator.py for tasks to queue
[2025-10-29T18:49:46.682-0700] {logging_mixin.py:188} INFO - [2025-10-29T18:49:46.682-0700] {dagbag.py:545} INFO - Filling up the DagBag from /opt/miniconda3/envs/airflow_env/lib/python3.11/site-packages/airflow/example_dags/example_python_decorator.py
[2025-10-29T18:49:46.702-0700] {logging_mixin.py:188} INFO - [2025-10-29T18:49:46.702-0700] {example_python_decorator.py:80} WARNING - The virtalenv_python example task requires virtualenv, please install it.
[2025-10-29T18:49:46.703-0700] {processor.py:840} INFO - DAG(s) 'example_python_decorator' retrieved from /opt/miniconda3/envs/airflow_env/lib/python3.11/site-packages/airflow/example_dags/example_python_decorator.py
[2025-10-29T18:49:46.753-0700] {logging_mixin.py:188} INFO - [2025-10-29T18:49:46.753-0700] {dag.py:3089} INFO - Sync 1 DAGs
[2025-10-29T18:49:46.758-0700] {logging_mixin.py:188} INFO - [2025-10-29T18:49:46.758-0700] {dag.py:3947} INFO - Setting next_dagrun for example_python_decorator to None, run_after=None
[2025-10-29T18:49:46.767-0700] {processor.py:183} INFO - Processing /opt/miniconda3/envs/airflow_env/lib/python3.11/site-packages/airflow/example_dags/example_python_decorator.py took 0.089 seconds
[2025-10-29T18:52:07.153-0700] {processor.py:161} INFO - Started process (PID=9952) to work on /opt/miniconda3/envs/airflow_env/lib/python3.11/site-packages/airflow/example_dags/example_python_decorator.py
[2025-10-29T18:52:07.154-0700] {processor.py:830} INFO - Processing file /opt/miniconda3/envs/airflow_env/lib/python3.11/site-packages/airflow/example_dags/example_python_decorator.py for tasks to queue
[2025-10-29T18:52:07.154-0700] {logging_mixin.py:188} INFO - [2025-10-29T18:52:07.154-0700] {dagbag.py:545} INFO - Filling up the DagBag from /opt/miniconda3/envs/airflow_env/lib/python3.11/site-packages/airflow/example_dags/example_python_decorator.py
[2025-10-29T18:52:07.174-0700] {logging_mixin.py:188} INFO - [2025-10-29T18:52:07.174-0700] {example_python_decorator.py:80} WARNING - The virtalenv_python example task requires virtualenv, please install it.
[2025-10-29T18:52:07.175-0700] {processor.py:840} INFO - DAG(s) 'example_python_decorator' retrieved from /opt/miniconda3/envs/airflow_env/lib/python3.11/site-packages/airflow/example_dags/example_python_decorator.py
[2025-10-29T18:52:07.224-0700] {logging_mixin.py:188} INFO - [2025-10-29T18:52:07.223-0700] {dag.py:3089} INFO - Sync 1 DAGs
[2025-10-29T18:52:07.228-0700] {logging_mixin.py:188} INFO - [2025-10-29T18:52:07.228-0700] {dag.py:3947} INFO - Setting next_dagrun for example_python_decorator to None, run_after=None
[2025-10-29T18:52:07.238-0700] {processor.py:183} INFO - Processing /opt/miniconda3/envs/airflow_env/lib/python3.11/site-packages/airflow/example_dags/example_python_decorator.py took 0.087 seconds
[2025-10-29T18:54:26.370-0700] {processor.py:161} INFO - Started process (PID=10219) to work on /opt/miniconda3/envs/airflow_env/lib/python3.11/site-packages/airflow/example_dags/example_python_decorator.py
[2025-10-29T18:54:26.373-0700] {processor.py:830} INFO - Processing file /opt/miniconda3/envs/airflow_env/lib/python3.11/site-packages/airflow/example_dags/example_python_decorator.py for tasks to queue
[2025-10-29T18:54:26.373-0700] {logging_mixin.py:188} INFO - [2025-10-29T18:54:26.373-0700] {dagbag.py:545} INFO - Filling up the DagBag from /opt/miniconda3/envs/airflow_env/lib/python3.11/site-packages/airflow/example_dags/example_python_decorator.py
[2025-10-29T18:54:26.393-0700] {logging_mixin.py:188} INFO - [2025-10-29T18:54:26.393-0700] {example_python_decorator.py:80} WARNING - The virtalenv_python example task requires virtualenv, please install it.
[2025-10-29T18:54:26.394-0700] {processor.py:840} INFO - DAG(s) 'example_python_decorator' retrieved from /opt/miniconda3/envs/airflow_env/lib/python3.11/site-packages/airflow/example_dags/example_python_decorator.py
[2025-10-29T18:54:26.443-0700] {logging_mixin.py:188} INFO - [2025-10-29T18:54:26.442-0700] {dag.py:3089} INFO - Sync 1 DAGs
[2025-10-29T18:54:26.447-0700] {logging_mixin.py:188} INFO - [2025-10-29T18:54:26.447-0700] {dag.py:3947} INFO - Setting next_dagrun for example_python_decorator to None, run_after=None
[2025-10-29T18:54:26.457-0700] {processor.py:183} INFO - Processing /opt/miniconda3/envs/airflow_env/lib/python3.11/site-packages/airflow/example_dags/example_python_decorator.py took 0.089 seconds
[2025-10-29T18:56:48.812-0700] {processor.py:161} INFO - Started process (PID=10472) to work on /opt/miniconda3/envs/airflow_env/lib/python3.11/site-packages/airflow/example_dags/example_python_decorator.py
[2025-10-29T18:56:48.813-0700] {processor.py:830} INFO - Processing file /opt/miniconda3/envs/airflow_env/lib/python3.11/site-packages/airflow/example_dags/example_python_decorator.py for tasks to queue
[2025-10-29T18:56:48.813-0700] {logging_mixin.py:188} INFO - [2025-10-29T18:56:48.813-0700] {dagbag.py:545} INFO - Filling up the DagBag from /opt/miniconda3/envs/airflow_env/lib/python3.11/site-packages/airflow/example_dags/example_python_decorator.py
[2025-10-29T18:56:48.833-0700] {logging_mixin.py:188} INFO - [2025-10-29T18:56:48.833-0700] {example_python_decorator.py:80} WARNING - The virtalenv_python example task requires virtualenv, please install it.
[2025-10-29T18:56:48.834-0700] {processor.py:840} INFO - DAG(s) 'example_python_decorator' retrieved from /opt/miniconda3/envs/airflow_env/lib/python3.11/site-packages/airflow/example_dags/example_python_decorator.py
[2025-10-29T18:56:48.883-0700] {logging_mixin.py:188} INFO - [2025-10-29T18:56:48.883-0700] {dag.py:3089} INFO - Sync 1 DAGs
[2025-10-29T18:56:48.887-0700] {logging_mixin.py:188} INFO - [2025-10-29T18:56:48.887-0700] {dag.py:3947} INFO - Setting next_dagrun for example_python_decorator to None, run_after=None
[2025-10-29T18:56:48.897-0700] {processor.py:183} INFO - Processing /opt/miniconda3/envs/airflow_env/lib/python3.11/site-packages/airflow/example_dags/example_python_decorator.py took 0.088 seconds
[2025-10-29T18:59:30.542-0700] {processor.py:161} INFO - Started process (PID=10809) to work on /opt/miniconda3/envs/airflow_env/lib/python3.11/site-packages/airflow/example_dags/example_python_decorator.py
[2025-10-29T18:59:30.543-0700] {processor.py:830} INFO - Processing file /opt/miniconda3/envs/airflow_env/lib/python3.11/site-packages/airflow/example_dags/example_python_decorator.py for tasks to queue
[2025-10-29T18:59:30.543-0700] {logging_mixin.py:188} INFO - [2025-10-29T18:59:30.543-0700] {dagbag.py:545} INFO - Filling up the DagBag from /opt/miniconda3/envs/airflow_env/lib/python3.11/site-packages/airflow/example_dags/example_python_decorator.py
[2025-10-29T18:59:30.563-0700] {logging_mixin.py:188} INFO - [2025-10-29T18:59:30.562-0700] {example_python_decorator.py:80} WARNING - The virtalenv_python example task requires virtualenv, please install it.
[2025-10-29T18:59:30.564-0700] {processor.py:840} INFO - DAG(s) 'example_python_decorator' retrieved from /opt/miniconda3/envs/airflow_env/lib/python3.11/site-packages/airflow/example_dags/example_python_decorator.py
[2025-10-29T18:59:30.687-0700] {logging_mixin.py:188} INFO - [2025-10-29T18:59:30.687-0700] {dag.py:3089} INFO - Sync 1 DAGs
[2025-10-29T18:59:30.692-0700] {logging_mixin.py:188} INFO - [2025-10-29T18:59:30.692-0700] {dag.py:3947} INFO - Setting next_dagrun for example_python_decorator to None, run_after=None
[2025-10-29T18:59:30.702-0700] {processor.py:183} INFO - Processing /opt/miniconda3/envs/airflow_env/lib/python3.11/site-packages/airflow/example_dags/example_python_decorator.py took 0.162 seconds
[2025-10-29T19:01:13.076-0700] {processor.py:161} INFO - Started process (PID=10993) to work on /opt/miniconda3/envs/airflow_env/lib/python3.11/site-packages/airflow/example_dags/example_python_decorator.py
[2025-10-29T19:01:13.076-0700] {processor.py:830} INFO - Processing file /opt/miniconda3/envs/airflow_env/lib/python3.11/site-packages/airflow/example_dags/example_python_decorator.py for tasks to queue
[2025-10-29T19:01:13.077-0700] {logging_mixin.py:188} INFO - [2025-10-29T19:01:13.077-0700] {dagbag.py:545} INFO - Filling up the DagBag from /opt/miniconda3/envs/airflow_env/lib/python3.11/site-packages/airflow/example_dags/example_python_decorator.py
[2025-10-29T19:01:13.096-0700] {logging_mixin.py:188} INFO - [2025-10-29T19:01:13.096-0700] {example_python_decorator.py:80} WARNING - The virtalenv_python example task requires virtualenv, please install it.
[2025-10-29T19:01:13.097-0700] {processor.py:840} INFO - DAG(s) 'example_python_decorator' retrieved from /opt/miniconda3/envs/airflow_env/lib/python3.11/site-packages/airflow/example_dags/example_python_decorator.py
[2025-10-29T19:01:13.145-0700] {logging_mixin.py:188} INFO - [2025-10-29T19:01:13.145-0700] {dag.py:3089} INFO - Sync 1 DAGs
[2025-10-29T19:01:13.150-0700] {logging_mixin.py:188} INFO - [2025-10-29T19:01:13.149-0700] {dag.py:3947} INFO - Setting next_dagrun for example_python_decorator to None, run_after=None
[2025-10-29T19:01:13.159-0700] {processor.py:183} INFO - Processing /opt/miniconda3/envs/airflow_env/lib/python3.11/site-packages/airflow/example_dags/example_python_decorator.py took 0.086 seconds
[2025-10-29T19:03:38.529-0700] {processor.py:161} INFO - Started process (PID=11253) to work on /opt/miniconda3/envs/airflow_env/lib/python3.11/site-packages/airflow/example_dags/example_python_decorator.py
[2025-10-29T19:03:38.530-0700] {processor.py:830} INFO - Processing file /opt/miniconda3/envs/airflow_env/lib/python3.11/site-packages/airflow/example_dags/example_python_decorator.py for tasks to queue
[2025-10-29T19:03:38.530-0700] {logging_mixin.py:188} INFO - [2025-10-29T19:03:38.530-0700] {dagbag.py:545} INFO - Filling up the DagBag from /opt/miniconda3/envs/airflow_env/lib/python3.11/site-packages/airflow/example_dags/example_python_decorator.py
[2025-10-29T19:03:38.550-0700] {logging_mixin.py:188} INFO - [2025-10-29T19:03:38.550-0700] {example_python_decorator.py:80} WARNING - The virtalenv_python example task requires virtualenv, please install it.
[2025-10-29T19:03:38.551-0700] {processor.py:840} INFO - DAG(s) 'example_python_decorator' retrieved from /opt/miniconda3/envs/airflow_env/lib/python3.11/site-packages/airflow/example_dags/example_python_decorator.py
[2025-10-29T19:03:38.601-0700] {logging_mixin.py:188} INFO - [2025-10-29T19:03:38.601-0700] {dag.py:3089} INFO - Sync 1 DAGs
[2025-10-29T19:03:38.606-0700] {logging_mixin.py:188} INFO - [2025-10-29T19:03:38.606-0700] {dag.py:3947} INFO - Setting next_dagrun for example_python_decorator to None, run_after=None
[2025-10-29T19:03:38.616-0700] {processor.py:183} INFO - Processing /opt/miniconda3/envs/airflow_env/lib/python3.11/site-packages/airflow/example_dags/example_python_decorator.py took 0.090 seconds
[2025-10-29T19:06:06.888-0700] {processor.py:161} INFO - Started process (PID=11514) to work on /opt/miniconda3/envs/airflow_env/lib/python3.11/site-packages/airflow/example_dags/example_python_decorator.py
[2025-10-29T19:06:06.889-0700] {processor.py:830} INFO - Processing file /opt/miniconda3/envs/airflow_env/lib/python3.11/site-packages/airflow/example_dags/example_python_decorator.py for tasks to queue
[2025-10-29T19:06:06.890-0700] {logging_mixin.py:188} INFO - [2025-10-29T19:06:06.890-0700] {dagbag.py:545} INFO - Filling up the DagBag from /opt/miniconda3/envs/airflow_env/lib/python3.11/site-packages/airflow/example_dags/example_python_decorator.py
[2025-10-29T19:06:06.910-0700] {logging_mixin.py:188} INFO - [2025-10-29T19:06:06.910-0700] {example_python_decorator.py:80} WARNING - The virtalenv_python example task requires virtualenv, please install it.
[2025-10-29T19:06:06.911-0700] {processor.py:840} INFO - DAG(s) 'example_python_decorator' retrieved from /opt/miniconda3/envs/airflow_env/lib/python3.11/site-packages/airflow/example_dags/example_python_decorator.py
[2025-10-29T19:06:06.960-0700] {logging_mixin.py:188} INFO - [2025-10-29T19:06:06.960-0700] {dag.py:3089} INFO - Sync 1 DAGs
[2025-10-29T19:06:06.965-0700] {logging_mixin.py:188} INFO - [2025-10-29T19:06:06.965-0700] {dag.py:3947} INFO - Setting next_dagrun for example_python_decorator to None, run_after=None
[2025-10-29T19:06:06.975-0700] {processor.py:183} INFO - Processing /opt/miniconda3/envs/airflow_env/lib/python3.11/site-packages/airflow/example_dags/example_python_decorator.py took 0.089 seconds
[2025-10-29T19:08:35.822-0700] {processor.py:161} INFO - Started process (PID=11765) to work on /opt/miniconda3/envs/airflow_env/lib/python3.11/site-packages/airflow/example_dags/example_python_decorator.py
[2025-10-29T19:08:35.824-0700] {processor.py:830} INFO - Processing file /opt/miniconda3/envs/airflow_env/lib/python3.11/site-packages/airflow/example_dags/example_python_decorator.py for tasks to queue
[2025-10-29T19:08:35.824-0700] {logging_mixin.py:188} INFO - [2025-10-29T19:08:35.824-0700] {dagbag.py:545} INFO - Filling up the DagBag from /opt/miniconda3/envs/airflow_env/lib/python3.11/site-packages/airflow/example_dags/example_python_decorator.py
[2025-10-29T19:08:35.844-0700] {logging_mixin.py:188} INFO - [2025-10-29T19:08:35.843-0700] {example_python_decorator.py:80} WARNING - The virtalenv_python example task requires virtualenv, please install it.
[2025-10-29T19:08:35.845-0700] {processor.py:840} INFO - DAG(s) 'example_python_decorator' retrieved from /opt/miniconda3/envs/airflow_env/lib/python3.11/site-packages/airflow/example_dags/example_python_decorator.py
[2025-10-29T19:08:35.893-0700] {logging_mixin.py:188} INFO - [2025-10-29T19:08:35.893-0700] {dag.py:3089} INFO - Sync 1 DAGs
[2025-10-29T19:08:35.898-0700] {logging_mixin.py:188} INFO - [2025-10-29T19:08:35.898-0700] {dag.py:3947} INFO - Setting next_dagrun for example_python_decorator to None, run_after=None
[2025-10-29T19:08:35.908-0700] {processor.py:183} INFO - Processing /opt/miniconda3/envs/airflow_env/lib/python3.11/site-packages/airflow/example_dags/example_python_decorator.py took 0.087 seconds
[2025-10-29T19:11:03.768-0700] {processor.py:161} INFO - Started process (PID=12031) to work on /opt/miniconda3/envs/airflow_env/lib/python3.11/site-packages/airflow/example_dags/example_python_decorator.py
[2025-10-29T19:11:03.769-0700] {processor.py:830} INFO - Processing file /opt/miniconda3/envs/airflow_env/lib/python3.11/site-packages/airflow/example_dags/example_python_decorator.py for tasks to queue
[2025-10-29T19:11:03.769-0700] {logging_mixin.py:188} INFO - [2025-10-29T19:11:03.769-0700] {dagbag.py:545} INFO - Filling up the DagBag from /opt/miniconda3/envs/airflow_env/lib/python3.11/site-packages/airflow/example_dags/example_python_decorator.py
[2025-10-29T19:11:03.788-0700] {logging_mixin.py:188} INFO - [2025-10-29T19:11:03.788-0700] {example_python_decorator.py:80} WARNING - The virtalenv_python example task requires virtualenv, please install it.
[2025-10-29T19:11:03.790-0700] {processor.py:840} INFO - DAG(s) 'example_python_decorator' retrieved from /opt/miniconda3/envs/airflow_env/lib/python3.11/site-packages/airflow/example_dags/example_python_decorator.py
[2025-10-29T19:11:03.838-0700] {logging_mixin.py:188} INFO - [2025-10-29T19:11:03.838-0700] {dag.py:3089} INFO - Sync 1 DAGs
[2025-10-29T19:11:03.843-0700] {logging_mixin.py:188} INFO - [2025-10-29T19:11:03.842-0700] {dag.py:3947} INFO - Setting next_dagrun for example_python_decorator to None, run_after=None
[2025-10-29T19:11:03.852-0700] {processor.py:183} INFO - Processing /opt/miniconda3/envs/airflow_env/lib/python3.11/site-packages/airflow/example_dags/example_python_decorator.py took 0.086 seconds
[2025-10-29T19:13:33.882-0700] {processor.py:161} INFO - Started process (PID=12304) to work on /opt/miniconda3/envs/airflow_env/lib/python3.11/site-packages/airflow/example_dags/example_python_decorator.py
[2025-10-29T19:13:33.883-0700] {processor.py:830} INFO - Processing file /opt/miniconda3/envs/airflow_env/lib/python3.11/site-packages/airflow/example_dags/example_python_decorator.py for tasks to queue
[2025-10-29T19:13:33.883-0700] {logging_mixin.py:188} INFO - [2025-10-29T19:13:33.883-0700] {dagbag.py:545} INFO - Filling up the DagBag from /opt/miniconda3/envs/airflow_env/lib/python3.11/site-packages/airflow/example_dags/example_python_decorator.py
[2025-10-29T19:13:33.903-0700] {logging_mixin.py:188} INFO - [2025-10-29T19:13:33.902-0700] {example_python_decorator.py:80} WARNING - The virtalenv_python example task requires virtualenv, please install it.
[2025-10-29T19:13:33.904-0700] {processor.py:840} INFO - DAG(s) 'example_python_decorator' retrieved from /opt/miniconda3/envs/airflow_env/lib/python3.11/site-packages/airflow/example_dags/example_python_decorator.py
[2025-10-29T19:13:33.952-0700] {logging_mixin.py:188} INFO - [2025-10-29T19:13:33.951-0700] {dag.py:3089} INFO - Sync 1 DAGs
[2025-10-29T19:13:33.956-0700] {logging_mixin.py:188} INFO - [2025-10-29T19:13:33.956-0700] {dag.py:3947} INFO - Setting next_dagrun for example_python_decorator to None, run_after=None
[2025-10-29T19:13:33.966-0700] {processor.py:183} INFO - Processing /opt/miniconda3/envs/airflow_env/lib/python3.11/site-packages/airflow/example_dags/example_python_decorator.py took 0.086 seconds
[2025-10-29T19:16:01.001-0700] {processor.py:161} INFO - Started process (PID=12556) to work on /opt/miniconda3/envs/airflow_env/lib/python3.11/site-packages/airflow/example_dags/example_python_decorator.py
[2025-10-29T19:16:01.001-0700] {processor.py:830} INFO - Processing file /opt/miniconda3/envs/airflow_env/lib/python3.11/site-packages/airflow/example_dags/example_python_decorator.py for tasks to queue
[2025-10-29T19:16:01.002-0700] {logging_mixin.py:188} INFO - [2025-10-29T19:16:01.002-0700] {dagbag.py:545} INFO - Filling up the DagBag from /opt/miniconda3/envs/airflow_env/lib/python3.11/site-packages/airflow/example_dags/example_python_decorator.py
[2025-10-29T19:16:01.021-0700] {logging_mixin.py:188} INFO - [2025-10-29T19:16:01.021-0700] {example_python_decorator.py:80} WARNING - The virtalenv_python example task requires virtualenv, please install it.
[2025-10-29T19:16:01.022-0700] {processor.py:840} INFO - DAG(s) 'example_python_decorator' retrieved from /opt/miniconda3/envs/airflow_env/lib/python3.11/site-packages/airflow/example_dags/example_python_decorator.py
[2025-10-29T19:16:01.070-0700] {logging_mixin.py:188} INFO - [2025-10-29T19:16:01.070-0700] {dag.py:3089} INFO - Sync 1 DAGs
[2025-10-29T19:16:01.075-0700] {logging_mixin.py:188} INFO - [2025-10-29T19:16:01.075-0700] {dag.py:3947} INFO - Setting next_dagrun for example_python_decorator to None, run_after=None
[2025-10-29T19:16:01.085-0700] {processor.py:183} INFO - Processing /opt/miniconda3/envs/airflow_env/lib/python3.11/site-packages/airflow/example_dags/example_python_decorator.py took 0.087 seconds
[2025-10-29T19:18:29.900-0700] {processor.py:161} INFO - Started process (PID=12813) to work on /opt/miniconda3/envs/airflow_env/lib/python3.11/site-packages/airflow/example_dags/example_python_decorator.py
[2025-10-29T19:18:29.901-0700] {processor.py:830} INFO - Processing file /opt/miniconda3/envs/airflow_env/lib/python3.11/site-packages/airflow/example_dags/example_python_decorator.py for tasks to queue
[2025-10-29T19:18:29.902-0700] {logging_mixin.py:188} INFO - [2025-10-29T19:18:29.902-0700] {dagbag.py:545} INFO - Filling up the DagBag from /opt/miniconda3/envs/airflow_env/lib/python3.11/site-packages/airflow/example_dags/example_python_decorator.py
[2025-10-29T19:18:29.922-0700] {logging_mixin.py:188} INFO - [2025-10-29T19:18:29.922-0700] {example_python_decorator.py:80} WARNING - The virtalenv_python example task requires virtualenv, please install it.
[2025-10-29T19:18:29.923-0700] {processor.py:840} INFO - DAG(s) 'example_python_decorator' retrieved from /opt/miniconda3/envs/airflow_env/lib/python3.11/site-packages/airflow/example_dags/example_python_decorator.py
[2025-10-29T19:18:29.973-0700] {logging_mixin.py:188} INFO - [2025-10-29T19:18:29.973-0700] {dag.py:3089} INFO - Sync 1 DAGs
[2025-10-29T19:18:29.978-0700] {logging_mixin.py:188} INFO - [2025-10-29T19:18:29.978-0700] {dag.py:3947} INFO - Setting next_dagrun for example_python_decorator to None, run_after=None
[2025-10-29T19:18:29.987-0700] {processor.py:183} INFO - Processing /opt/miniconda3/envs/airflow_env/lib/python3.11/site-packages/airflow/example_dags/example_python_decorator.py took 0.089 seconds
[2025-10-29T19:20:54.770-0700] {processor.py:161} INFO - Started process (PID=13088) to work on /opt/miniconda3/envs/airflow_env/lib/python3.11/site-packages/airflow/example_dags/example_python_decorator.py
[2025-10-29T19:20:54.771-0700] {processor.py:830} INFO - Processing file /opt/miniconda3/envs/airflow_env/lib/python3.11/site-packages/airflow/example_dags/example_python_decorator.py for tasks to queue
[2025-10-29T19:20:54.771-0700] {logging_mixin.py:188} INFO - [2025-10-29T19:20:54.771-0700] {dagbag.py:545} INFO - Filling up the DagBag from /opt/miniconda3/envs/airflow_env/lib/python3.11/site-packages/airflow/example_dags/example_python_decorator.py
[2025-10-29T19:20:54.791-0700] {logging_mixin.py:188} INFO - [2025-10-29T19:20:54.791-0700] {example_python_decorator.py:80} WARNING - The virtalenv_python example task requires virtualenv, please install it.
[2025-10-29T19:20:54.793-0700] {processor.py:840} INFO - DAG(s) 'example_python_decorator' retrieved from /opt/miniconda3/envs/airflow_env/lib/python3.11/site-packages/airflow/example_dags/example_python_decorator.py
[2025-10-29T19:20:54.845-0700] {logging_mixin.py:188} INFO - [2025-10-29T19:20:54.845-0700] {dag.py:3089} INFO - Sync 1 DAGs
[2025-10-29T19:20:54.850-0700] {logging_mixin.py:188} INFO - [2025-10-29T19:20:54.850-0700] {dag.py:3947} INFO - Setting next_dagrun for example_python_decorator to None, run_after=None
[2025-10-29T19:20:54.861-0700] {processor.py:183} INFO - Processing /opt/miniconda3/envs/airflow_env/lib/python3.11/site-packages/airflow/example_dags/example_python_decorator.py took 0.093 seconds
[2025-10-29T19:23:21.079-0700] {processor.py:161} INFO - Started process (PID=13368) to work on /opt/miniconda3/envs/airflow_env/lib/python3.11/site-packages/airflow/example_dags/example_python_decorator.py
[2025-10-29T19:23:21.080-0700] {processor.py:830} INFO - Processing file /opt/miniconda3/envs/airflow_env/lib/python3.11/site-packages/airflow/example_dags/example_python_decorator.py for tasks to queue
[2025-10-29T19:23:21.080-0700] {logging_mixin.py:188} INFO - [2025-10-29T19:23:21.080-0700] {dagbag.py:545} INFO - Filling up the DagBag from /opt/miniconda3/envs/airflow_env/lib/python3.11/site-packages/airflow/example_dags/example_python_decorator.py
[2025-10-29T19:23:21.099-0700] {logging_mixin.py:188} INFO - [2025-10-29T19:23:21.099-0700] {example_python_decorator.py:80} WARNING - The virtalenv_python example task requires virtualenv, please install it.
[2025-10-29T19:23:21.101-0700] {processor.py:840} INFO - DAG(s) 'example_python_decorator' retrieved from /opt/miniconda3/envs/airflow_env/lib/python3.11/site-packages/airflow/example_dags/example_python_decorator.py
[2025-10-29T19:23:21.149-0700] {logging_mixin.py:188} INFO - [2025-10-29T19:23:21.149-0700] {dag.py:3089} INFO - Sync 1 DAGs
[2025-10-29T19:23:21.153-0700] {logging_mixin.py:188} INFO - [2025-10-29T19:23:21.153-0700] {dag.py:3947} INFO - Setting next_dagrun for example_python_decorator to None, run_after=None
[2025-10-29T19:23:21.163-0700] {processor.py:183} INFO - Processing /opt/miniconda3/envs/airflow_env/lib/python3.11/site-packages/airflow/example_dags/example_python_decorator.py took 0.086 seconds
[2025-10-29T19:25:47.153-0700] {processor.py:161} INFO - Started process (PID=13857) to work on /opt/miniconda3/envs/airflow_env/lib/python3.11/site-packages/airflow/example_dags/example_python_decorator.py
[2025-10-29T19:25:47.154-0700] {processor.py:830} INFO - Processing file /opt/miniconda3/envs/airflow_env/lib/python3.11/site-packages/airflow/example_dags/example_python_decorator.py for tasks to queue
[2025-10-29T19:25:47.155-0700] {logging_mixin.py:188} INFO - [2025-10-29T19:25:47.155-0700] {dagbag.py:545} INFO - Filling up the DagBag from /opt/miniconda3/envs/airflow_env/lib/python3.11/site-packages/airflow/example_dags/example_python_decorator.py
[2025-10-29T19:25:47.174-0700] {logging_mixin.py:188} INFO - [2025-10-29T19:25:47.174-0700] {example_python_decorator.py:80} WARNING - The virtalenv_python example task requires virtualenv, please install it.
[2025-10-29T19:25:47.176-0700] {processor.py:840} INFO - DAG(s) 'example_python_decorator' retrieved from /opt/miniconda3/envs/airflow_env/lib/python3.11/site-packages/airflow/example_dags/example_python_decorator.py
[2025-10-29T19:25:47.224-0700] {logging_mixin.py:188} INFO - [2025-10-29T19:25:47.224-0700] {dag.py:3089} INFO - Sync 1 DAGs
[2025-10-29T19:25:47.229-0700] {logging_mixin.py:188} INFO - [2025-10-29T19:25:47.229-0700] {dag.py:3947} INFO - Setting next_dagrun for example_python_decorator to None, run_after=None
[2025-10-29T19:25:47.239-0700] {processor.py:183} INFO - Processing /opt/miniconda3/envs/airflow_env/lib/python3.11/site-packages/airflow/example_dags/example_python_decorator.py took 0.088 seconds
[2025-10-29T19:28:14.297-0700] {processor.py:161} INFO - Started process (PID=14539) to work on /opt/miniconda3/envs/airflow_env/lib/python3.11/site-packages/airflow/example_dags/example_python_decorator.py
[2025-10-29T19:28:14.298-0700] {processor.py:830} INFO - Processing file /opt/miniconda3/envs/airflow_env/lib/python3.11/site-packages/airflow/example_dags/example_python_decorator.py for tasks to queue
[2025-10-29T19:28:14.298-0700] {logging_mixin.py:188} INFO - [2025-10-29T19:28:14.298-0700] {dagbag.py:545} INFO - Filling up the DagBag from /opt/miniconda3/envs/airflow_env/lib/python3.11/site-packages/airflow/example_dags/example_python_decorator.py
[2025-10-29T19:28:14.318-0700] {logging_mixin.py:188} INFO - [2025-10-29T19:28:14.318-0700] {example_python_decorator.py:80} WARNING - The virtalenv_python example task requires virtualenv, please install it.
[2025-10-29T19:28:14.319-0700] {processor.py:840} INFO - DAG(s) 'example_python_decorator' retrieved from /opt/miniconda3/envs/airflow_env/lib/python3.11/site-packages/airflow/example_dags/example_python_decorator.py
[2025-10-29T19:28:14.368-0700] {logging_mixin.py:188} INFO - [2025-10-29T19:28:14.368-0700] {dag.py:3089} INFO - Sync 1 DAGs
[2025-10-29T19:28:14.373-0700] {logging_mixin.py:188} INFO - [2025-10-29T19:28:14.373-0700] {dag.py:3947} INFO - Setting next_dagrun for example_python_decorator to None, run_after=None
[2025-10-29T19:28:14.383-0700] {processor.py:183} INFO - Processing /opt/miniconda3/envs/airflow_env/lib/python3.11/site-packages/airflow/example_dags/example_python_decorator.py took 0.087 seconds
[2025-10-29T19:30:43.722-0700] {processor.py:161} INFO - Started process (PID=15218) to work on /opt/miniconda3/envs/airflow_env/lib/python3.11/site-packages/airflow/example_dags/example_python_decorator.py
[2025-10-29T19:30:43.723-0700] {processor.py:830} INFO - Processing file /opt/miniconda3/envs/airflow_env/lib/python3.11/site-packages/airflow/example_dags/example_python_decorator.py for tasks to queue
[2025-10-29T19:30:43.723-0700] {logging_mixin.py:188} INFO - [2025-10-29T19:30:43.723-0700] {dagbag.py:545} INFO - Filling up the DagBag from /opt/miniconda3/envs/airflow_env/lib/python3.11/site-packages/airflow/example_dags/example_python_decorator.py
[2025-10-29T19:30:43.743-0700] {logging_mixin.py:188} INFO - [2025-10-29T19:30:43.743-0700] {example_python_decorator.py:80} WARNING - The virtalenv_python example task requires virtualenv, please install it.
[2025-10-29T19:30:43.745-0700] {processor.py:840} INFO - DAG(s) 'example_python_decorator' retrieved from /opt/miniconda3/envs/airflow_env/lib/python3.11/site-packages/airflow/example_dags/example_python_decorator.py
[2025-10-29T19:30:43.794-0700] {logging_mixin.py:188} INFO - [2025-10-29T19:30:43.794-0700] {dag.py:3089} INFO - Sync 1 DAGs
[2025-10-29T19:30:43.799-0700] {logging_mixin.py:188} INFO - [2025-10-29T19:30:43.799-0700] {dag.py:3947} INFO - Setting next_dagrun for example_python_decorator to None, run_after=None
[2025-10-29T19:30:43.809-0700] {processor.py:183} INFO - Processing /opt/miniconda3/envs/airflow_env/lib/python3.11/site-packages/airflow/example_dags/example_python_decorator.py took 0.089 seconds
[2025-10-29T19:33:12.767-0700] {processor.py:161} INFO - Started process (PID=15931) to work on /opt/miniconda3/envs/airflow_env/lib/python3.11/site-packages/airflow/example_dags/example_python_decorator.py
[2025-10-29T19:33:12.768-0700] {processor.py:830} INFO - Processing file /opt/miniconda3/envs/airflow_env/lib/python3.11/site-packages/airflow/example_dags/example_python_decorator.py for tasks to queue
[2025-10-29T19:33:12.769-0700] {logging_mixin.py:188} INFO - [2025-10-29T19:33:12.769-0700] {dagbag.py:545} INFO - Filling up the DagBag from /opt/miniconda3/envs/airflow_env/lib/python3.11/site-packages/airflow/example_dags/example_python_decorator.py
[2025-10-29T19:33:12.788-0700] {logging_mixin.py:188} INFO - [2025-10-29T19:33:12.788-0700] {example_python_decorator.py:80} WARNING - The virtalenv_python example task requires virtualenv, please install it.
[2025-10-29T19:33:12.789-0700] {processor.py:840} INFO - DAG(s) 'example_python_decorator' retrieved from /opt/miniconda3/envs/airflow_env/lib/python3.11/site-packages/airflow/example_dags/example_python_decorator.py
[2025-10-29T19:33:12.838-0700] {logging_mixin.py:188} INFO - [2025-10-29T19:33:12.838-0700] {dag.py:3089} INFO - Sync 1 DAGs
[2025-10-29T19:33:12.843-0700] {logging_mixin.py:188} INFO - [2025-10-29T19:33:12.842-0700] {dag.py:3947} INFO - Setting next_dagrun for example_python_decorator to None, run_after=None
[2025-10-29T19:33:12.852-0700] {processor.py:183} INFO - Processing /opt/miniconda3/envs/airflow_env/lib/python3.11/site-packages/airflow/example_dags/example_python_decorator.py took 0.087 seconds
[2025-10-29T19:35:43.331-0700] {processor.py:161} INFO - Started process (PID=16624) to work on /opt/miniconda3/envs/airflow_env/lib/python3.11/site-packages/airflow/example_dags/example_python_decorator.py
[2025-10-29T19:35:43.332-0700] {processor.py:830} INFO - Processing file /opt/miniconda3/envs/airflow_env/lib/python3.11/site-packages/airflow/example_dags/example_python_decorator.py for tasks to queue
[2025-10-29T19:35:43.332-0700] {logging_mixin.py:188} INFO - [2025-10-29T19:35:43.332-0700] {dagbag.py:545} INFO - Filling up the DagBag from /opt/miniconda3/envs/airflow_env/lib/python3.11/site-packages/airflow/example_dags/example_python_decorator.py
[2025-10-29T19:35:43.352-0700] {logging_mixin.py:188} INFO - [2025-10-29T19:35:43.352-0700] {example_python_decorator.py:80} WARNING - The virtalenv_python example task requires virtualenv, please install it.
[2025-10-29T19:35:43.353-0700] {processor.py:840} INFO - DAG(s) 'example_python_decorator' retrieved from /opt/miniconda3/envs/airflow_env/lib/python3.11/site-packages/airflow/example_dags/example_python_decorator.py
[2025-10-29T19:35:43.402-0700] {logging_mixin.py:188} INFO - [2025-10-29T19:35:43.402-0700] {dag.py:3089} INFO - Sync 1 DAGs
[2025-10-29T19:35:43.407-0700] {logging_mixin.py:188} INFO - [2025-10-29T19:35:43.406-0700] {dag.py:3947} INFO - Setting next_dagrun for example_python_decorator to None, run_after=None
[2025-10-29T19:35:43.416-0700] {processor.py:183} INFO - Processing /opt/miniconda3/envs/airflow_env/lib/python3.11/site-packages/airflow/example_dags/example_python_decorator.py took 0.087 seconds
[2025-10-29T19:38:13.499-0700] {processor.py:161} INFO - Started process (PID=17347) to work on /opt/miniconda3/envs/airflow_env/lib/python3.11/site-packages/airflow/example_dags/example_python_decorator.py
[2025-10-29T19:38:13.500-0700] {processor.py:830} INFO - Processing file /opt/miniconda3/envs/airflow_env/lib/python3.11/site-packages/airflow/example_dags/example_python_decorator.py for tasks to queue
[2025-10-29T19:38:13.500-0700] {logging_mixin.py:188} INFO - [2025-10-29T19:38:13.500-0700] {dagbag.py:545} INFO - Filling up the DagBag from /opt/miniconda3/envs/airflow_env/lib/python3.11/site-packages/airflow/example_dags/example_python_decorator.py
[2025-10-29T19:38:13.519-0700] {logging_mixin.py:188} INFO - [2025-10-29T19:38:13.519-0700] {example_python_decorator.py:80} WARNING - The virtalenv_python example task requires virtualenv, please install it.
[2025-10-29T19:38:13.520-0700] {processor.py:840} INFO - DAG(s) 'example_python_decorator' retrieved from /opt/miniconda3/envs/airflow_env/lib/python3.11/site-packages/airflow/example_dags/example_python_decorator.py
[2025-10-29T19:38:13.568-0700] {logging_mixin.py:188} INFO - [2025-10-29T19:38:13.568-0700] {dag.py:3089} INFO - Sync 1 DAGs
[2025-10-29T19:38:13.573-0700] {logging_mixin.py:188} INFO - [2025-10-29T19:38:13.573-0700] {dag.py:3947} INFO - Setting next_dagrun for example_python_decorator to None, run_after=None
[2025-10-29T19:38:13.583-0700] {processor.py:183} INFO - Processing /opt/miniconda3/envs/airflow_env/lib/python3.11/site-packages/airflow/example_dags/example_python_decorator.py took 0.085 seconds
[2025-10-29T19:40:43.908-0700] {processor.py:161} INFO - Started process (PID=18063) to work on /opt/miniconda3/envs/airflow_env/lib/python3.11/site-packages/airflow/example_dags/example_python_decorator.py
[2025-10-29T19:40:43.908-0700] {processor.py:830} INFO - Processing file /opt/miniconda3/envs/airflow_env/lib/python3.11/site-packages/airflow/example_dags/example_python_decorator.py for tasks to queue
[2025-10-29T19:40:43.909-0700] {logging_mixin.py:188} INFO - [2025-10-29T19:40:43.909-0700] {dagbag.py:545} INFO - Filling up the DagBag from /opt/miniconda3/envs/airflow_env/lib/python3.11/site-packages/airflow/example_dags/example_python_decorator.py
[2025-10-29T19:40:43.928-0700] {logging_mixin.py:188} INFO - [2025-10-29T19:40:43.928-0700] {example_python_decorator.py:80} WARNING - The virtalenv_python example task requires virtualenv, please install it.
[2025-10-29T19:40:43.930-0700] {processor.py:840} INFO - DAG(s) 'example_python_decorator' retrieved from /opt/miniconda3/envs/airflow_env/lib/python3.11/site-packages/airflow/example_dags/example_python_decorator.py
[2025-10-29T19:40:43.980-0700] {logging_mixin.py:188} INFO - [2025-10-29T19:40:43.979-0700] {dag.py:3089} INFO - Sync 1 DAGs
[2025-10-29T19:40:43.984-0700] {logging_mixin.py:188} INFO - [2025-10-29T19:40:43.984-0700] {dag.py:3947} INFO - Setting next_dagrun for example_python_decorator to None, run_after=None
[2025-10-29T19:40:43.994-0700] {processor.py:183} INFO - Processing /opt/miniconda3/envs/airflow_env/lib/python3.11/site-packages/airflow/example_dags/example_python_decorator.py took 0.088 seconds
[2025-10-29T19:43:10.125-0700] {processor.py:161} INFO - Started process (PID=18750) to work on /opt/miniconda3/envs/airflow_env/lib/python3.11/site-packages/airflow/example_dags/example_python_decorator.py
[2025-10-29T19:43:10.127-0700] {processor.py:830} INFO - Processing file /opt/miniconda3/envs/airflow_env/lib/python3.11/site-packages/airflow/example_dags/example_python_decorator.py for tasks to queue
[2025-10-29T19:43:10.127-0700] {logging_mixin.py:188} INFO - [2025-10-29T19:43:10.127-0700] {dagbag.py:545} INFO - Filling up the DagBag from /opt/miniconda3/envs/airflow_env/lib/python3.11/site-packages/airflow/example_dags/example_python_decorator.py
[2025-10-29T19:43:10.146-0700] {logging_mixin.py:188} INFO - [2025-10-29T19:43:10.146-0700] {example_python_decorator.py:80} WARNING - The virtalenv_python example task requires virtualenv, please install it.
[2025-10-29T19:43:10.148-0700] {processor.py:840} INFO - DAG(s) 'example_python_decorator' retrieved from /opt/miniconda3/envs/airflow_env/lib/python3.11/site-packages/airflow/example_dags/example_python_decorator.py
[2025-10-29T19:43:10.196-0700] {logging_mixin.py:188} INFO - [2025-10-29T19:43:10.196-0700] {dag.py:3089} INFO - Sync 1 DAGs
[2025-10-29T19:43:10.201-0700] {logging_mixin.py:188} INFO - [2025-10-29T19:43:10.201-0700] {dag.py:3947} INFO - Setting next_dagrun for example_python_decorator to None, run_after=None
[2025-10-29T19:43:10.211-0700] {processor.py:183} INFO - Processing /opt/miniconda3/envs/airflow_env/lib/python3.11/site-packages/airflow/example_dags/example_python_decorator.py took 0.087 seconds
[2025-10-29T19:45:27.203-0700] {processor.py:161} INFO - Started process (PID=19483) to work on /opt/miniconda3/envs/airflow_env/lib/python3.11/site-packages/airflow/example_dags/example_python_decorator.py
[2025-10-29T19:45:27.204-0700] {processor.py:830} INFO - Processing file /opt/miniconda3/envs/airflow_env/lib/python3.11/site-packages/airflow/example_dags/example_python_decorator.py for tasks to queue
[2025-10-29T19:45:27.204-0700] {logging_mixin.py:188} INFO - [2025-10-29T19:45:27.204-0700] {dagbag.py:545} INFO - Filling up the DagBag from /opt/miniconda3/envs/airflow_env/lib/python3.11/site-packages/airflow/example_dags/example_python_decorator.py
[2025-10-29T19:45:27.223-0700] {logging_mixin.py:188} INFO - [2025-10-29T19:45:27.223-0700] {example_python_decorator.py:80} WARNING - The virtalenv_python example task requires virtualenv, please install it.
[2025-10-29T19:45:27.225-0700] {processor.py:840} INFO - DAG(s) 'example_python_decorator' retrieved from /opt/miniconda3/envs/airflow_env/lib/python3.11/site-packages/airflow/example_dags/example_python_decorator.py
[2025-10-29T19:45:27.273-0700] {logging_mixin.py:188} INFO - [2025-10-29T19:45:27.272-0700] {dag.py:3089} INFO - Sync 1 DAGs
[2025-10-29T19:45:27.277-0700] {logging_mixin.py:188} INFO - [2025-10-29T19:45:27.277-0700] {dag.py:3947} INFO - Setting next_dagrun for example_python_decorator to None, run_after=None
[2025-10-29T19:45:27.287-0700] {processor.py:183} INFO - Processing /opt/miniconda3/envs/airflow_env/lib/python3.11/site-packages/airflow/example_dags/example_python_decorator.py took 0.085 seconds
[2025-10-29T19:47:06.462-0700] {processor.py:161} INFO - Started process (PID=19951) to work on /opt/miniconda3/envs/airflow_env/lib/python3.11/site-packages/airflow/example_dags/example_python_decorator.py
[2025-10-29T19:47:06.463-0700] {processor.py:830} INFO - Processing file /opt/miniconda3/envs/airflow_env/lib/python3.11/site-packages/airflow/example_dags/example_python_decorator.py for tasks to queue
[2025-10-29T19:47:06.463-0700] {logging_mixin.py:188} INFO - [2025-10-29T19:47:06.463-0700] {dagbag.py:545} INFO - Filling up the DagBag from /opt/miniconda3/envs/airflow_env/lib/python3.11/site-packages/airflow/example_dags/example_python_decorator.py
[2025-10-29T19:47:06.483-0700] {logging_mixin.py:188} INFO - [2025-10-29T19:47:06.483-0700] {example_python_decorator.py:80} WARNING - The virtalenv_python example task requires virtualenv, please install it.
[2025-10-29T19:47:06.484-0700] {processor.py:840} INFO - DAG(s) 'example_python_decorator' retrieved from /opt/miniconda3/envs/airflow_env/lib/python3.11/site-packages/airflow/example_dags/example_python_decorator.py
[2025-10-29T19:47:06.532-0700] {logging_mixin.py:188} INFO - [2025-10-29T19:47:06.532-0700] {dag.py:3089} INFO - Sync 1 DAGs
[2025-10-29T19:47:06.537-0700] {logging_mixin.py:188} INFO - [2025-10-29T19:47:06.537-0700] {dag.py:3947} INFO - Setting next_dagrun for example_python_decorator to None, run_after=None
[2025-10-29T19:47:06.546-0700] {processor.py:183} INFO - Processing /opt/miniconda3/envs/airflow_env/lib/python3.11/site-packages/airflow/example_dags/example_python_decorator.py took 0.086 seconds
[2025-10-29T20:00:04.805-0700] {processor.py:161} INFO - Started process (PID=23005) to work on /opt/miniconda3/envs/airflow_env/lib/python3.11/site-packages/airflow/example_dags/example_python_decorator.py
[2025-10-29T20:00:04.806-0700] {processor.py:830} INFO - Processing file /opt/miniconda3/envs/airflow_env/lib/python3.11/site-packages/airflow/example_dags/example_python_decorator.py for tasks to queue
[2025-10-29T20:00:04.806-0700] {logging_mixin.py:188} INFO - [2025-10-29T20:00:04.806-0700] {dagbag.py:545} INFO - Filling up the DagBag from /opt/miniconda3/envs/airflow_env/lib/python3.11/site-packages/airflow/example_dags/example_python_decorator.py
[2025-10-29T20:00:04.825-0700] {logging_mixin.py:188} INFO - [2025-10-29T20:00:04.825-0700] {example_python_decorator.py:80} WARNING - The virtalenv_python example task requires virtualenv, please install it.
[2025-10-29T20:00:04.826-0700] {processor.py:840} INFO - DAG(s) 'example_python_decorator' retrieved from /opt/miniconda3/envs/airflow_env/lib/python3.11/site-packages/airflow/example_dags/example_python_decorator.py
[2025-10-29T20:00:04.875-0700] {logging_mixin.py:188} INFO - [2025-10-29T20:00:04.874-0700] {dag.py:3089} INFO - Sync 1 DAGs
[2025-10-29T20:00:04.879-0700] {logging_mixin.py:188} INFO - [2025-10-29T20:00:04.879-0700] {dag.py:3947} INFO - Setting next_dagrun for example_python_decorator to None, run_after=None
[2025-10-29T20:00:04.889-0700] {processor.py:183} INFO - Processing /opt/miniconda3/envs/airflow_env/lib/python3.11/site-packages/airflow/example_dags/example_python_decorator.py took 0.086 seconds
[2025-10-29T20:01:12.520-0700] {processor.py:161} INFO - Started process (PID=23381) to work on /opt/miniconda3/envs/airflow_env/lib/python3.11/site-packages/airflow/example_dags/example_python_decorator.py
[2025-10-29T20:01:12.520-0700] {processor.py:830} INFO - Processing file /opt/miniconda3/envs/airflow_env/lib/python3.11/site-packages/airflow/example_dags/example_python_decorator.py for tasks to queue
[2025-10-29T20:01:12.521-0700] {logging_mixin.py:188} INFO - [2025-10-29T20:01:12.521-0700] {dagbag.py:545} INFO - Filling up the DagBag from /opt/miniconda3/envs/airflow_env/lib/python3.11/site-packages/airflow/example_dags/example_python_decorator.py
[2025-10-29T20:01:12.541-0700] {logging_mixin.py:188} INFO - [2025-10-29T20:01:12.541-0700] {example_python_decorator.py:80} WARNING - The virtalenv_python example task requires virtualenv, please install it.
[2025-10-29T20:01:12.543-0700] {processor.py:840} INFO - DAG(s) 'example_python_decorator' retrieved from /opt/miniconda3/envs/airflow_env/lib/python3.11/site-packages/airflow/example_dags/example_python_decorator.py
[2025-10-29T20:01:12.593-0700] {logging_mixin.py:188} INFO - [2025-10-29T20:01:12.592-0700] {dag.py:3089} INFO - Sync 1 DAGs
[2025-10-29T20:01:12.597-0700] {logging_mixin.py:188} INFO - [2025-10-29T20:01:12.597-0700] {dag.py:3947} INFO - Setting next_dagrun for example_python_decorator to None, run_after=None
[2025-10-29T20:01:12.608-0700] {processor.py:183} INFO - Processing /opt/miniconda3/envs/airflow_env/lib/python3.11/site-packages/airflow/example_dags/example_python_decorator.py took 0.090 seconds
[2025-10-29T20:01:50.239-0700] {processor.py:161} INFO - Started process (PID=23595) to work on /opt/miniconda3/envs/airflow_env/lib/python3.11/site-packages/airflow/example_dags/example_python_decorator.py
[2025-10-29T20:01:50.240-0700] {processor.py:830} INFO - Processing file /opt/miniconda3/envs/airflow_env/lib/python3.11/site-packages/airflow/example_dags/example_python_decorator.py for tasks to queue
[2025-10-29T20:01:50.240-0700] {logging_mixin.py:188} INFO - [2025-10-29T20:01:50.240-0700] {dagbag.py:545} INFO - Filling up the DagBag from /opt/miniconda3/envs/airflow_env/lib/python3.11/site-packages/airflow/example_dags/example_python_decorator.py
[2025-10-29T20:01:50.260-0700] {logging_mixin.py:188} INFO - [2025-10-29T20:01:50.260-0700] {example_python_decorator.py:80} WARNING - The virtalenv_python example task requires virtualenv, please install it.
[2025-10-29T20:01:50.262-0700] {processor.py:840} INFO - DAG(s) 'example_python_decorator' retrieved from /opt/miniconda3/envs/airflow_env/lib/python3.11/site-packages/airflow/example_dags/example_python_decorator.py
[2025-10-29T20:01:50.311-0700] {logging_mixin.py:188} INFO - [2025-10-29T20:01:50.311-0700] {dag.py:3089} INFO - Sync 1 DAGs
[2025-10-29T20:01:50.316-0700] {logging_mixin.py:188} INFO - [2025-10-29T20:01:50.316-0700] {dag.py:3947} INFO - Setting next_dagrun for example_python_decorator to None, run_after=None
[2025-10-29T20:01:50.326-0700] {processor.py:183} INFO - Processing /opt/miniconda3/envs/airflow_env/lib/python3.11/site-packages/airflow/example_dags/example_python_decorator.py took 0.089 seconds
[2025-10-29T20:02:53.099-0700] {processor.py:161} INFO - Started process (PID=23948) to work on /opt/miniconda3/envs/airflow_env/lib/python3.11/site-packages/airflow/example_dags/example_python_decorator.py
[2025-10-29T20:02:53.100-0700] {processor.py:830} INFO - Processing file /opt/miniconda3/envs/airflow_env/lib/python3.11/site-packages/airflow/example_dags/example_python_decorator.py for tasks to queue
[2025-10-29T20:02:53.100-0700] {logging_mixin.py:188} INFO - [2025-10-29T20:02:53.100-0700] {dagbag.py:545} INFO - Filling up the DagBag from /opt/miniconda3/envs/airflow_env/lib/python3.11/site-packages/airflow/example_dags/example_python_decorator.py
[2025-10-29T20:02:53.122-0700] {logging_mixin.py:188} INFO - [2025-10-29T20:02:53.121-0700] {example_python_decorator.py:80} WARNING - The virtalenv_python example task requires virtualenv, please install it.
[2025-10-29T20:02:53.123-0700] {processor.py:840} INFO - DAG(s) 'example_python_decorator' retrieved from /opt/miniconda3/envs/airflow_env/lib/python3.11/site-packages/airflow/example_dags/example_python_decorator.py
[2025-10-29T20:02:53.175-0700] {logging_mixin.py:188} INFO - [2025-10-29T20:02:53.175-0700] {dag.py:3089} INFO - Sync 1 DAGs
[2025-10-29T20:02:53.180-0700] {logging_mixin.py:188} INFO - [2025-10-29T20:02:53.180-0700] {dag.py:3947} INFO - Setting next_dagrun for example_python_decorator to None, run_after=None
[2025-10-29T20:02:53.191-0700] {processor.py:183} INFO - Processing /opt/miniconda3/envs/airflow_env/lib/python3.11/site-packages/airflow/example_dags/example_python_decorator.py took 0.094 seconds
[2025-10-29T20:04:10.879-0700] {processor.py:161} INFO - Started process (PID=24398) to work on /opt/miniconda3/envs/airflow_env/lib/python3.11/site-packages/airflow/example_dags/example_python_decorator.py
[2025-10-29T20:04:10.879-0700] {processor.py:830} INFO - Processing file /opt/miniconda3/envs/airflow_env/lib/python3.11/site-packages/airflow/example_dags/example_python_decorator.py for tasks to queue
[2025-10-29T20:04:10.880-0700] {logging_mixin.py:188} INFO - [2025-10-29T20:04:10.880-0700] {dagbag.py:545} INFO - Filling up the DagBag from /opt/miniconda3/envs/airflow_env/lib/python3.11/site-packages/airflow/example_dags/example_python_decorator.py
[2025-10-29T20:04:10.899-0700] {logging_mixin.py:188} INFO - [2025-10-29T20:04:10.899-0700] {example_python_decorator.py:80} WARNING - The virtalenv_python example task requires virtualenv, please install it.
[2025-10-29T20:04:10.900-0700] {processor.py:840} INFO - DAG(s) 'example_python_decorator' retrieved from /opt/miniconda3/envs/airflow_env/lib/python3.11/site-packages/airflow/example_dags/example_python_decorator.py
[2025-10-29T20:04:10.949-0700] {logging_mixin.py:188} INFO - [2025-10-29T20:04:10.949-0700] {dag.py:3089} INFO - Sync 1 DAGs
[2025-10-29T20:04:10.954-0700] {logging_mixin.py:188} INFO - [2025-10-29T20:04:10.953-0700] {dag.py:3947} INFO - Setting next_dagrun for example_python_decorator to None, run_after=None
[2025-10-29T20:04:10.963-0700] {processor.py:183} INFO - Processing /opt/miniconda3/envs/airflow_env/lib/python3.11/site-packages/airflow/example_dags/example_python_decorator.py took 0.087 seconds
[2025-10-29T20:05:20.485-0700] {processor.py:161} INFO - Started process (PID=24802) to work on /opt/miniconda3/envs/airflow_env/lib/python3.11/site-packages/airflow/example_dags/example_python_decorator.py
[2025-10-29T20:05:20.485-0700] {processor.py:830} INFO - Processing file /opt/miniconda3/envs/airflow_env/lib/python3.11/site-packages/airflow/example_dags/example_python_decorator.py for tasks to queue
[2025-10-29T20:05:20.486-0700] {logging_mixin.py:188} INFO - [2025-10-29T20:05:20.486-0700] {dagbag.py:545} INFO - Filling up the DagBag from /opt/miniconda3/envs/airflow_env/lib/python3.11/site-packages/airflow/example_dags/example_python_decorator.py
[2025-10-29T20:05:20.505-0700] {logging_mixin.py:188} INFO - [2025-10-29T20:05:20.505-0700] {example_python_decorator.py:80} WARNING - The virtalenv_python example task requires virtualenv, please install it.
[2025-10-29T20:05:20.506-0700] {processor.py:840} INFO - DAG(s) 'example_python_decorator' retrieved from /opt/miniconda3/envs/airflow_env/lib/python3.11/site-packages/airflow/example_dags/example_python_decorator.py
[2025-10-29T20:05:20.554-0700] {logging_mixin.py:188} INFO - [2025-10-29T20:05:20.554-0700] {dag.py:3089} INFO - Sync 1 DAGs
[2025-10-29T20:05:20.559-0700] {logging_mixin.py:188} INFO - [2025-10-29T20:05:20.559-0700] {dag.py:3947} INFO - Setting next_dagrun for example_python_decorator to None, run_after=None
[2025-10-29T20:05:20.568-0700] {processor.py:183} INFO - Processing /opt/miniconda3/envs/airflow_env/lib/python3.11/site-packages/airflow/example_dags/example_python_decorator.py took 0.086 seconds
[2025-10-29T20:06:36.242-0700] {processor.py:161} INFO - Started process (PID=25228) to work on /opt/miniconda3/envs/airflow_env/lib/python3.11/site-packages/airflow/example_dags/example_python_decorator.py
[2025-10-29T20:06:36.242-0700] {processor.py:830} INFO - Processing file /opt/miniconda3/envs/airflow_env/lib/python3.11/site-packages/airflow/example_dags/example_python_decorator.py for tasks to queue
[2025-10-29T20:06:36.243-0700] {logging_mixin.py:188} INFO - [2025-10-29T20:06:36.243-0700] {dagbag.py:545} INFO - Filling up the DagBag from /opt/miniconda3/envs/airflow_env/lib/python3.11/site-packages/airflow/example_dags/example_python_decorator.py
[2025-10-29T20:06:36.262-0700] {logging_mixin.py:188} INFO - [2025-10-29T20:06:36.262-0700] {example_python_decorator.py:80} WARNING - The virtalenv_python example task requires virtualenv, please install it.
[2025-10-29T20:06:36.263-0700] {processor.py:840} INFO - DAG(s) 'example_python_decorator' retrieved from /opt/miniconda3/envs/airflow_env/lib/python3.11/site-packages/airflow/example_dags/example_python_decorator.py
[2025-10-29T20:06:36.312-0700] {logging_mixin.py:188} INFO - [2025-10-29T20:06:36.312-0700] {dag.py:3089} INFO - Sync 1 DAGs
[2025-10-29T20:06:36.317-0700] {logging_mixin.py:188} INFO - [2025-10-29T20:06:36.317-0700] {dag.py:3947} INFO - Setting next_dagrun for example_python_decorator to None, run_after=None
[2025-10-29T20:06:36.326-0700] {processor.py:183} INFO - Processing /opt/miniconda3/envs/airflow_env/lib/python3.11/site-packages/airflow/example_dags/example_python_decorator.py took 0.087 seconds
[2025-10-29T20:07:45.438-0700] {processor.py:161} INFO - Started process (PID=25622) to work on /opt/miniconda3/envs/airflow_env/lib/python3.11/site-packages/airflow/example_dags/example_python_decorator.py
[2025-10-29T20:07:45.439-0700] {processor.py:830} INFO - Processing file /opt/miniconda3/envs/airflow_env/lib/python3.11/site-packages/airflow/example_dags/example_python_decorator.py for tasks to queue
[2025-10-29T20:07:45.439-0700] {logging_mixin.py:188} INFO - [2025-10-29T20:07:45.439-0700] {dagbag.py:545} INFO - Filling up the DagBag from /opt/miniconda3/envs/airflow_env/lib/python3.11/site-packages/airflow/example_dags/example_python_decorator.py
[2025-10-29T20:07:45.462-0700] {logging_mixin.py:188} INFO - [2025-10-29T20:07:45.462-0700] {example_python_decorator.py:80} WARNING - The virtalenv_python example task requires virtualenv, please install it.
[2025-10-29T20:07:45.464-0700] {processor.py:840} INFO - DAG(s) 'example_python_decorator' retrieved from /opt/miniconda3/envs/airflow_env/lib/python3.11/site-packages/airflow/example_dags/example_python_decorator.py
[2025-10-29T20:07:45.520-0700] {logging_mixin.py:188} INFO - [2025-10-29T20:07:45.520-0700] {dag.py:3089} INFO - Sync 1 DAGs
[2025-10-29T20:07:45.525-0700] {logging_mixin.py:188} INFO - [2025-10-29T20:07:45.525-0700] {dag.py:3947} INFO - Setting next_dagrun for example_python_decorator to None, run_after=None
[2025-10-29T20:07:45.537-0700] {processor.py:183} INFO - Processing /opt/miniconda3/envs/airflow_env/lib/python3.11/site-packages/airflow/example_dags/example_python_decorator.py took 0.101 seconds
[2025-10-29T20:09:03.301-0700] {processor.py:161} INFO - Started process (PID=26047) to work on /opt/miniconda3/envs/airflow_env/lib/python3.11/site-packages/airflow/example_dags/example_python_decorator.py
[2025-10-29T20:09:03.301-0700] {processor.py:830} INFO - Processing file /opt/miniconda3/envs/airflow_env/lib/python3.11/site-packages/airflow/example_dags/example_python_decorator.py for tasks to queue
[2025-10-29T20:09:03.302-0700] {logging_mixin.py:188} INFO - [2025-10-29T20:09:03.302-0700] {dagbag.py:545} INFO - Filling up the DagBag from /opt/miniconda3/envs/airflow_env/lib/python3.11/site-packages/airflow/example_dags/example_python_decorator.py
[2025-10-29T20:09:03.323-0700] {logging_mixin.py:188} INFO - [2025-10-29T20:09:03.323-0700] {example_python_decorator.py:80} WARNING - The virtalenv_python example task requires virtualenv, please install it.
[2025-10-29T20:09:03.324-0700] {processor.py:840} INFO - DAG(s) 'example_python_decorator' retrieved from /opt/miniconda3/envs/airflow_env/lib/python3.11/site-packages/airflow/example_dags/example_python_decorator.py
[2025-10-29T20:09:03.376-0700] {logging_mixin.py:188} INFO - [2025-10-29T20:09:03.376-0700] {dag.py:3089} INFO - Sync 1 DAGs
[2025-10-29T20:09:03.381-0700] {logging_mixin.py:188} INFO - [2025-10-29T20:09:03.381-0700] {dag.py:3947} INFO - Setting next_dagrun for example_python_decorator to None, run_after=None
[2025-10-29T20:09:03.391-0700] {processor.py:183} INFO - Processing /opt/miniconda3/envs/airflow_env/lib/python3.11/site-packages/airflow/example_dags/example_python_decorator.py took 0.093 seconds
[2025-10-29T20:10:13.240-0700] {processor.py:161} INFO - Started process (PID=26231) to work on /opt/miniconda3/envs/airflow_env/lib/python3.11/site-packages/airflow/example_dags/example_python_decorator.py
[2025-10-29T20:10:13.241-0700] {processor.py:830} INFO - Processing file /opt/miniconda3/envs/airflow_env/lib/python3.11/site-packages/airflow/example_dags/example_python_decorator.py for tasks to queue
[2025-10-29T20:10:13.241-0700] {logging_mixin.py:188} INFO - [2025-10-29T20:10:13.241-0700] {dagbag.py:545} INFO - Filling up the DagBag from /opt/miniconda3/envs/airflow_env/lib/python3.11/site-packages/airflow/example_dags/example_python_decorator.py
[2025-10-29T20:10:13.260-0700] {logging_mixin.py:188} INFO - [2025-10-29T20:10:13.260-0700] {example_python_decorator.py:80} WARNING - The virtalenv_python example task requires virtualenv, please install it.
[2025-10-29T20:10:13.261-0700] {processor.py:840} INFO - DAG(s) 'example_python_decorator' retrieved from /opt/miniconda3/envs/airflow_env/lib/python3.11/site-packages/airflow/example_dags/example_python_decorator.py
[2025-10-29T20:10:13.310-0700] {logging_mixin.py:188} INFO - [2025-10-29T20:10:13.310-0700] {dag.py:3089} INFO - Sync 1 DAGs
[2025-10-29T20:10:13.314-0700] {logging_mixin.py:188} INFO - [2025-10-29T20:10:13.314-0700] {dag.py:3947} INFO - Setting next_dagrun for example_python_decorator to None, run_after=None
[2025-10-29T20:10:13.324-0700] {processor.py:183} INFO - Processing /opt/miniconda3/envs/airflow_env/lib/python3.11/site-packages/airflow/example_dags/example_python_decorator.py took 0.086 seconds
[2025-10-29T20:11:34.966-0700] {processor.py:161} INFO - Started process (PID=26500) to work on /opt/miniconda3/envs/airflow_env/lib/python3.11/site-packages/airflow/example_dags/example_python_decorator.py
[2025-10-29T20:11:34.967-0700] {processor.py:830} INFO - Processing file /opt/miniconda3/envs/airflow_env/lib/python3.11/site-packages/airflow/example_dags/example_python_decorator.py for tasks to queue
[2025-10-29T20:11:34.968-0700] {logging_mixin.py:188} INFO - [2025-10-29T20:11:34.968-0700] {dagbag.py:545} INFO - Filling up the DagBag from /opt/miniconda3/envs/airflow_env/lib/python3.11/site-packages/airflow/example_dags/example_python_decorator.py
[2025-10-29T20:11:34.987-0700] {logging_mixin.py:188} INFO - [2025-10-29T20:11:34.987-0700] {example_python_decorator.py:80} WARNING - The virtalenv_python example task requires virtualenv, please install it.
[2025-10-29T20:11:34.988-0700] {processor.py:840} INFO - DAG(s) 'example_python_decorator' retrieved from /opt/miniconda3/envs/airflow_env/lib/python3.11/site-packages/airflow/example_dags/example_python_decorator.py
[2025-10-29T20:11:35.037-0700] {logging_mixin.py:188} INFO - [2025-10-29T20:11:35.037-0700] {dag.py:3089} INFO - Sync 1 DAGs
[2025-10-29T20:11:35.042-0700] {logging_mixin.py:188} INFO - [2025-10-29T20:11:35.042-0700] {dag.py:3947} INFO - Setting next_dagrun for example_python_decorator to None, run_after=None
[2025-10-29T20:11:35.052-0700] {processor.py:183} INFO - Processing /opt/miniconda3/envs/airflow_env/lib/python3.11/site-packages/airflow/example_dags/example_python_decorator.py took 0.088 seconds
[2025-10-29T20:12:28.355-0700] {processor.py:161} INFO - Started process (PID=26691) to work on /opt/miniconda3/envs/airflow_env/lib/python3.11/site-packages/airflow/example_dags/example_python_decorator.py
[2025-10-29T20:12:28.356-0700] {processor.py:830} INFO - Processing file /opt/miniconda3/envs/airflow_env/lib/python3.11/site-packages/airflow/example_dags/example_python_decorator.py for tasks to queue
[2025-10-29T20:12:28.356-0700] {logging_mixin.py:188} INFO - [2025-10-29T20:12:28.356-0700] {dagbag.py:545} INFO - Filling up the DagBag from /opt/miniconda3/envs/airflow_env/lib/python3.11/site-packages/airflow/example_dags/example_python_decorator.py
[2025-10-29T20:12:28.379-0700] {logging_mixin.py:188} INFO - [2025-10-29T20:12:28.379-0700] {example_python_decorator.py:80} WARNING - The virtalenv_python example task requires virtualenv, please install it.
[2025-10-29T20:12:28.380-0700] {processor.py:840} INFO - DAG(s) 'example_python_decorator' retrieved from /opt/miniconda3/envs/airflow_env/lib/python3.11/site-packages/airflow/example_dags/example_python_decorator.py
[2025-10-29T20:12:28.435-0700] {logging_mixin.py:188} INFO - [2025-10-29T20:12:28.435-0700] {dag.py:3089} INFO - Sync 1 DAGs
[2025-10-29T20:12:28.441-0700] {logging_mixin.py:188} INFO - [2025-10-29T20:12:28.441-0700] {dag.py:3947} INFO - Setting next_dagrun for example_python_decorator to None, run_after=None
[2025-10-29T20:12:28.452-0700] {processor.py:183} INFO - Processing /opt/miniconda3/envs/airflow_env/lib/python3.11/site-packages/airflow/example_dags/example_python_decorator.py took 0.099 seconds
[2025-10-29T20:12:50.302-0700] {processor.py:161} INFO - Started process (PID=26758) to work on /opt/miniconda3/envs/airflow_env/lib/python3.11/site-packages/airflow/example_dags/example_python_decorator.py
[2025-10-29T20:12:50.303-0700] {processor.py:830} INFO - Processing file /opt/miniconda3/envs/airflow_env/lib/python3.11/site-packages/airflow/example_dags/example_python_decorator.py for tasks to queue
[2025-10-29T20:12:50.303-0700] {logging_mixin.py:188} INFO - [2025-10-29T20:12:50.303-0700] {dagbag.py:545} INFO - Filling up the DagBag from /opt/miniconda3/envs/airflow_env/lib/python3.11/site-packages/airflow/example_dags/example_python_decorator.py
[2025-10-29T20:12:50.331-0700] {logging_mixin.py:188} INFO - [2025-10-29T20:12:50.331-0700] {example_python_decorator.py:80} WARNING - The virtalenv_python example task requires virtualenv, please install it.
[2025-10-29T20:12:50.332-0700] {processor.py:840} INFO - DAG(s) 'example_python_decorator' retrieved from /opt/miniconda3/envs/airflow_env/lib/python3.11/site-packages/airflow/example_dags/example_python_decorator.py
[2025-10-29T20:12:50.402-0700] {logging_mixin.py:188} INFO - [2025-10-29T20:12:50.401-0700] {dag.py:3089} INFO - Sync 1 DAGs
[2025-10-29T20:12:50.409-0700] {logging_mixin.py:188} INFO - [2025-10-29T20:12:50.408-0700] {dag.py:3947} INFO - Setting next_dagrun for example_python_decorator to None, run_after=None
[2025-10-29T20:12:50.423-0700] {processor.py:183} INFO - Processing /opt/miniconda3/envs/airflow_env/lib/python3.11/site-packages/airflow/example_dags/example_python_decorator.py took 0.123 seconds
[2025-10-29T20:14:15.121-0700] {processor.py:161} INFO - Started process (PID=27055) to work on /opt/miniconda3/envs/airflow_env/lib/python3.11/site-packages/airflow/example_dags/example_python_decorator.py
[2025-10-29T20:14:15.122-0700] {processor.py:830} INFO - Processing file /opt/miniconda3/envs/airflow_env/lib/python3.11/site-packages/airflow/example_dags/example_python_decorator.py for tasks to queue
[2025-10-29T20:14:15.122-0700] {logging_mixin.py:188} INFO - [2025-10-29T20:14:15.122-0700] {dagbag.py:545} INFO - Filling up the DagBag from /opt/miniconda3/envs/airflow_env/lib/python3.11/site-packages/airflow/example_dags/example_python_decorator.py
[2025-10-29T20:14:15.146-0700] {logging_mixin.py:188} INFO - [2025-10-29T20:14:15.145-0700] {example_python_decorator.py:80} WARNING - The virtalenv_python example task requires virtualenv, please install it.
[2025-10-29T20:14:15.147-0700] {processor.py:840} INFO - DAG(s) 'example_python_decorator' retrieved from /opt/miniconda3/envs/airflow_env/lib/python3.11/site-packages/airflow/example_dags/example_python_decorator.py
[2025-10-29T20:14:15.206-0700] {logging_mixin.py:188} INFO - [2025-10-29T20:14:15.206-0700] {dag.py:3089} INFO - Sync 1 DAGs
[2025-10-29T20:14:15.213-0700] {logging_mixin.py:188} INFO - [2025-10-29T20:14:15.213-0700] {dag.py:3947} INFO - Setting next_dagrun for example_python_decorator to None, run_after=None
[2025-10-29T20:14:15.228-0700] {processor.py:183} INFO - Processing /opt/miniconda3/envs/airflow_env/lib/python3.11/site-packages/airflow/example_dags/example_python_decorator.py took 0.109 seconds
[2025-10-29T20:14:22.832-0700] {processor.py:161} INFO - Started process (PID=27080) to work on /opt/miniconda3/envs/airflow_env/lib/python3.11/site-packages/airflow/example_dags/example_python_decorator.py
[2025-10-29T20:14:22.833-0700] {processor.py:830} INFO - Processing file /opt/miniconda3/envs/airflow_env/lib/python3.11/site-packages/airflow/example_dags/example_python_decorator.py for tasks to queue
[2025-10-29T20:14:22.834-0700] {logging_mixin.py:188} INFO - [2025-10-29T20:14:22.833-0700] {dagbag.py:545} INFO - Filling up the DagBag from /opt/miniconda3/envs/airflow_env/lib/python3.11/site-packages/airflow/example_dags/example_python_decorator.py
[2025-10-29T20:14:22.860-0700] {logging_mixin.py:188} INFO - [2025-10-29T20:14:22.860-0700] {example_python_decorator.py:80} WARNING - The virtalenv_python example task requires virtualenv, please install it.
[2025-10-29T20:14:22.862-0700] {processor.py:840} INFO - DAG(s) 'example_python_decorator' retrieved from /opt/miniconda3/envs/airflow_env/lib/python3.11/site-packages/airflow/example_dags/example_python_decorator.py
[2025-10-29T20:14:22.928-0700] {logging_mixin.py:188} INFO - [2025-10-29T20:14:22.927-0700] {dag.py:3089} INFO - Sync 1 DAGs
[2025-10-29T20:14:22.934-0700] {logging_mixin.py:188} INFO - [2025-10-29T20:14:22.934-0700] {dag.py:3947} INFO - Setting next_dagrun for example_python_decorator to None, run_after=None
[2025-10-29T20:14:22.948-0700] {processor.py:183} INFO - Processing /opt/miniconda3/envs/airflow_env/lib/python3.11/site-packages/airflow/example_dags/example_python_decorator.py took 0.118 seconds
[2025-10-29T20:15:40.240-0700] {processor.py:161} INFO - Started process (PID=27337) to work on /opt/miniconda3/envs/airflow_env/lib/python3.11/site-packages/airflow/example_dags/example_python_decorator.py
[2025-10-29T20:15:40.241-0700] {processor.py:830} INFO - Processing file /opt/miniconda3/envs/airflow_env/lib/python3.11/site-packages/airflow/example_dags/example_python_decorator.py for tasks to queue
[2025-10-29T20:15:40.242-0700] {logging_mixin.py:188} INFO - [2025-10-29T20:15:40.241-0700] {dagbag.py:545} INFO - Filling up the DagBag from /opt/miniconda3/envs/airflow_env/lib/python3.11/site-packages/airflow/example_dags/example_python_decorator.py
[2025-10-29T20:15:40.276-0700] {logging_mixin.py:188} INFO - [2025-10-29T20:15:40.276-0700] {example_python_decorator.py:80} WARNING - The virtalenv_python example task requires virtualenv, please install it.
[2025-10-29T20:15:40.278-0700] {processor.py:840} INFO - DAG(s) 'example_python_decorator' retrieved from /opt/miniconda3/envs/airflow_env/lib/python3.11/site-packages/airflow/example_dags/example_python_decorator.py
[2025-10-29T20:15:40.363-0700] {logging_mixin.py:188} INFO - [2025-10-29T20:15:40.362-0700] {dag.py:3089} INFO - Sync 1 DAGs
[2025-10-29T20:15:40.371-0700] {logging_mixin.py:188} INFO - [2025-10-29T20:15:40.370-0700] {dag.py:3947} INFO - Setting next_dagrun for example_python_decorator to None, run_after=None
[2025-10-29T20:15:40.386-0700] {processor.py:183} INFO - Processing /opt/miniconda3/envs/airflow_env/lib/python3.11/site-packages/airflow/example_dags/example_python_decorator.py took 0.150 seconds
[2025-10-29T20:17:13.343-0700] {processor.py:161} INFO - Started process (PID=27654) to work on /opt/miniconda3/envs/airflow_env/lib/python3.11/site-packages/airflow/example_dags/example_python_decorator.py
[2025-10-29T20:17:13.345-0700] {processor.py:830} INFO - Processing file /opt/miniconda3/envs/airflow_env/lib/python3.11/site-packages/airflow/example_dags/example_python_decorator.py for tasks to queue
[2025-10-29T20:17:13.345-0700] {logging_mixin.py:188} INFO - [2025-10-29T20:17:13.345-0700] {dagbag.py:545} INFO - Filling up the DagBag from /opt/miniconda3/envs/airflow_env/lib/python3.11/site-packages/airflow/example_dags/example_python_decorator.py
[2025-10-29T20:17:13.365-0700] {logging_mixin.py:188} INFO - [2025-10-29T20:17:13.365-0700] {example_python_decorator.py:80} WARNING - The virtalenv_python example task requires virtualenv, please install it.
[2025-10-29T20:17:13.366-0700] {processor.py:840} INFO - DAG(s) 'example_python_decorator' retrieved from /opt/miniconda3/envs/airflow_env/lib/python3.11/site-packages/airflow/example_dags/example_python_decorator.py
[2025-10-29T20:17:13.416-0700] {logging_mixin.py:188} INFO - [2025-10-29T20:17:13.416-0700] {dag.py:3089} INFO - Sync 1 DAGs
[2025-10-29T20:17:13.421-0700] {logging_mixin.py:188} INFO - [2025-10-29T20:17:13.421-0700] {dag.py:3947} INFO - Setting next_dagrun for example_python_decorator to None, run_after=None
[2025-10-29T20:17:13.431-0700] {processor.py:183} INFO - Processing /opt/miniconda3/envs/airflow_env/lib/python3.11/site-packages/airflow/example_dags/example_python_decorator.py took 0.089 seconds
[2025-10-29T20:17:16.212-0700] {processor.py:161} INFO - Started process (PID=27666) to work on /opt/miniconda3/envs/airflow_env/lib/python3.11/site-packages/airflow/example_dags/example_python_decorator.py
[2025-10-29T20:17:16.213-0700] {processor.py:830} INFO - Processing file /opt/miniconda3/envs/airflow_env/lib/python3.11/site-packages/airflow/example_dags/example_python_decorator.py for tasks to queue
[2025-10-29T20:17:16.213-0700] {logging_mixin.py:188} INFO - [2025-10-29T20:17:16.213-0700] {dagbag.py:545} INFO - Filling up the DagBag from /opt/miniconda3/envs/airflow_env/lib/python3.11/site-packages/airflow/example_dags/example_python_decorator.py
[2025-10-29T20:17:16.237-0700] {logging_mixin.py:188} INFO - [2025-10-29T20:17:16.237-0700] {example_python_decorator.py:80} WARNING - The virtalenv_python example task requires virtualenv, please install it.
[2025-10-29T20:17:16.238-0700] {processor.py:840} INFO - DAG(s) 'example_python_decorator' retrieved from /opt/miniconda3/envs/airflow_env/lib/python3.11/site-packages/airflow/example_dags/example_python_decorator.py
[2025-10-29T20:17:16.296-0700] {logging_mixin.py:188} INFO - [2025-10-29T20:17:16.296-0700] {dag.py:3089} INFO - Sync 1 DAGs
[2025-10-29T20:17:16.302-0700] {logging_mixin.py:188} INFO - [2025-10-29T20:17:16.302-0700] {dag.py:3947} INFO - Setting next_dagrun for example_python_decorator to None, run_after=None
[2025-10-29T20:17:16.314-0700] {processor.py:183} INFO - Processing /opt/miniconda3/envs/airflow_env/lib/python3.11/site-packages/airflow/example_dags/example_python_decorator.py took 0.104 seconds
[2025-10-29T20:18:34.983-0700] {processor.py:161} INFO - Started process (PID=27917) to work on /opt/miniconda3/envs/airflow_env/lib/python3.11/site-packages/airflow/example_dags/example_python_decorator.py
[2025-10-29T20:18:34.984-0700] {processor.py:830} INFO - Processing file /opt/miniconda3/envs/airflow_env/lib/python3.11/site-packages/airflow/example_dags/example_python_decorator.py for tasks to queue
[2025-10-29T20:18:34.985-0700] {logging_mixin.py:188} INFO - [2025-10-29T20:18:34.984-0700] {dagbag.py:545} INFO - Filling up the DagBag from /opt/miniconda3/envs/airflow_env/lib/python3.11/site-packages/airflow/example_dags/example_python_decorator.py
[2025-10-29T20:18:35.012-0700] {logging_mixin.py:188} INFO - [2025-10-29T20:18:35.012-0700] {example_python_decorator.py:80} WARNING - The virtalenv_python example task requires virtualenv, please install it.
[2025-10-29T20:18:35.014-0700] {processor.py:840} INFO - DAG(s) 'example_python_decorator' retrieved from /opt/miniconda3/envs/airflow_env/lib/python3.11/site-packages/airflow/example_dags/example_python_decorator.py
[2025-10-29T20:18:35.084-0700] {logging_mixin.py:188} INFO - [2025-10-29T20:18:35.084-0700] {dag.py:3089} INFO - Sync 1 DAGs
[2025-10-29T20:18:35.092-0700] {logging_mixin.py:188} INFO - [2025-10-29T20:18:35.092-0700] {dag.py:3947} INFO - Setting next_dagrun for example_python_decorator to None, run_after=None
[2025-10-29T20:18:35.109-0700] {processor.py:183} INFO - Processing /opt/miniconda3/envs/airflow_env/lib/python3.11/site-packages/airflow/example_dags/example_python_decorator.py took 0.129 seconds
[2025-10-29T20:20:16.272-0700] {processor.py:161} INFO - Started process (PID=28241) to work on /opt/miniconda3/envs/airflow_env/lib/python3.11/site-packages/airflow/example_dags/example_python_decorator.py
[2025-10-29T20:20:16.272-0700] {processor.py:830} INFO - Processing file /opt/miniconda3/envs/airflow_env/lib/python3.11/site-packages/airflow/example_dags/example_python_decorator.py for tasks to queue
[2025-10-29T20:20:16.273-0700] {logging_mixin.py:188} INFO - [2025-10-29T20:20:16.273-0700] {dagbag.py:545} INFO - Filling up the DagBag from /opt/miniconda3/envs/airflow_env/lib/python3.11/site-packages/airflow/example_dags/example_python_decorator.py
[2025-10-29T20:20:16.297-0700] {logging_mixin.py:188} INFO - [2025-10-29T20:20:16.297-0700] {example_python_decorator.py:80} WARNING - The virtalenv_python example task requires virtualenv, please install it.
[2025-10-29T20:20:16.298-0700] {processor.py:840} INFO - DAG(s) 'example_python_decorator' retrieved from /opt/miniconda3/envs/airflow_env/lib/python3.11/site-packages/airflow/example_dags/example_python_decorator.py
[2025-10-29T20:20:16.359-0700] {logging_mixin.py:188} INFO - [2025-10-29T20:20:16.359-0700] {dag.py:3089} INFO - Sync 1 DAGs
[2025-10-29T20:20:16.365-0700] {logging_mixin.py:188} INFO - [2025-10-29T20:20:16.365-0700] {dag.py:3947} INFO - Setting next_dagrun for example_python_decorator to None, run_after=None
[2025-10-29T20:20:16.377-0700] {processor.py:183} INFO - Processing /opt/miniconda3/envs/airflow_env/lib/python3.11/site-packages/airflow/example_dags/example_python_decorator.py took 0.108 seconds
[2025-10-29T20:20:22.627-0700] {processor.py:161} INFO - Started process (PID=28260) to work on /opt/miniconda3/envs/airflow_env/lib/python3.11/site-packages/airflow/example_dags/example_python_decorator.py
[2025-10-29T20:20:22.628-0700] {processor.py:830} INFO - Processing file /opt/miniconda3/envs/airflow_env/lib/python3.11/site-packages/airflow/example_dags/example_python_decorator.py for tasks to queue
[2025-10-29T20:20:22.628-0700] {logging_mixin.py:188} INFO - [2025-10-29T20:20:22.628-0700] {dagbag.py:545} INFO - Filling up the DagBag from /opt/miniconda3/envs/airflow_env/lib/python3.11/site-packages/airflow/example_dags/example_python_decorator.py
[2025-10-29T20:20:22.661-0700] {logging_mixin.py:188} INFO - [2025-10-29T20:20:22.661-0700] {example_python_decorator.py:80} WARNING - The virtalenv_python example task requires virtualenv, please install it.
[2025-10-29T20:20:22.664-0700] {processor.py:840} INFO - DAG(s) 'example_python_decorator' retrieved from /opt/miniconda3/envs/airflow_env/lib/python3.11/site-packages/airflow/example_dags/example_python_decorator.py
[2025-10-29T20:20:22.749-0700] {logging_mixin.py:188} INFO - [2025-10-29T20:20:22.748-0700] {dag.py:3089} INFO - Sync 1 DAGs
[2025-10-29T20:20:22.756-0700] {logging_mixin.py:188} INFO - [2025-10-29T20:20:22.755-0700] {dag.py:3947} INFO - Setting next_dagrun for example_python_decorator to None, run_after=None
[2025-10-29T20:20:22.771-0700] {processor.py:183} INFO - Processing /opt/miniconda3/envs/airflow_env/lib/python3.11/site-packages/airflow/example_dags/example_python_decorator.py took 0.147 seconds
[2025-10-29T20:21:42.615-0700] {processor.py:161} INFO - Started process (PID=28544) to work on /opt/miniconda3/envs/airflow_env/lib/python3.11/site-packages/airflow/example_dags/example_python_decorator.py
[2025-10-29T20:21:42.615-0700] {processor.py:830} INFO - Processing file /opt/miniconda3/envs/airflow_env/lib/python3.11/site-packages/airflow/example_dags/example_python_decorator.py for tasks to queue
[2025-10-29T20:21:42.616-0700] {logging_mixin.py:188} INFO - [2025-10-29T20:21:42.616-0700] {dagbag.py:545} INFO - Filling up the DagBag from /opt/miniconda3/envs/airflow_env/lib/python3.11/site-packages/airflow/example_dags/example_python_decorator.py
[2025-10-29T20:21:42.638-0700] {logging_mixin.py:188} INFO - [2025-10-29T20:21:42.638-0700] {example_python_decorator.py:80} WARNING - The virtalenv_python example task requires virtualenv, please install it.
[2025-10-29T20:21:42.640-0700] {processor.py:840} INFO - DAG(s) 'example_python_decorator' retrieved from /opt/miniconda3/envs/airflow_env/lib/python3.11/site-packages/airflow/example_dags/example_python_decorator.py
[2025-10-29T20:21:42.697-0700] {logging_mixin.py:188} INFO - [2025-10-29T20:21:42.696-0700] {dag.py:3089} INFO - Sync 1 DAGs
[2025-10-29T20:21:42.702-0700] {logging_mixin.py:188} INFO - [2025-10-29T20:21:42.702-0700] {dag.py:3947} INFO - Setting next_dagrun for example_python_decorator to None, run_after=None
[2025-10-29T20:21:42.713-0700] {processor.py:183} INFO - Processing /opt/miniconda3/envs/airflow_env/lib/python3.11/site-packages/airflow/example_dags/example_python_decorator.py took 0.101 seconds
[2025-10-29T20:23:33.963-0700] {processor.py:161} INFO - Started process (PID=28928) to work on /opt/miniconda3/envs/airflow_env/lib/python3.11/site-packages/airflow/example_dags/example_python_decorator.py
[2025-10-29T20:23:33.964-0700] {processor.py:830} INFO - Processing file /opt/miniconda3/envs/airflow_env/lib/python3.11/site-packages/airflow/example_dags/example_python_decorator.py for tasks to queue
[2025-10-29T20:23:33.964-0700] {logging_mixin.py:188} INFO - [2025-10-29T20:23:33.964-0700] {dagbag.py:545} INFO - Filling up the DagBag from /opt/miniconda3/envs/airflow_env/lib/python3.11/site-packages/airflow/example_dags/example_python_decorator.py
[2025-10-29T20:23:33.998-0700] {logging_mixin.py:188} INFO - [2025-10-29T20:23:33.997-0700] {example_python_decorator.py:80} WARNING - The virtalenv_python example task requires virtualenv, please install it.
[2025-10-29T20:23:34.000-0700] {processor.py:840} INFO - DAG(s) 'example_python_decorator' retrieved from /opt/miniconda3/envs/airflow_env/lib/python3.11/site-packages/airflow/example_dags/example_python_decorator.py
[2025-10-29T20:23:34.078-0700] {logging_mixin.py:188} INFO - [2025-10-29T20:23:34.078-0700] {dag.py:3089} INFO - Sync 1 DAGs
[2025-10-29T20:23:34.085-0700] {logging_mixin.py:188} INFO - [2025-10-29T20:23:34.085-0700] {dag.py:3947} INFO - Setting next_dagrun for example_python_decorator to None, run_after=None
[2025-10-29T20:23:34.099-0700] {processor.py:183} INFO - Processing /opt/miniconda3/envs/airflow_env/lib/python3.11/site-packages/airflow/example_dags/example_python_decorator.py took 0.140 seconds
[2025-10-29T20:23:42.523-0700] {processor.py:161} INFO - Started process (PID=28955) to work on /opt/miniconda3/envs/airflow_env/lib/python3.11/site-packages/airflow/example_dags/example_python_decorator.py
[2025-10-29T20:23:42.524-0700] {processor.py:830} INFO - Processing file /opt/miniconda3/envs/airflow_env/lib/python3.11/site-packages/airflow/example_dags/example_python_decorator.py for tasks to queue
[2025-10-29T20:23:42.525-0700] {logging_mixin.py:188} INFO - [2025-10-29T20:23:42.525-0700] {dagbag.py:545} INFO - Filling up the DagBag from /opt/miniconda3/envs/airflow_env/lib/python3.11/site-packages/airflow/example_dags/example_python_decorator.py
[2025-10-29T20:23:42.569-0700] {logging_mixin.py:188} INFO - [2025-10-29T20:23:42.569-0700] {example_python_decorator.py:80} WARNING - The virtalenv_python example task requires virtualenv, please install it.
[2025-10-29T20:23:42.572-0700] {processor.py:840} INFO - DAG(s) 'example_python_decorator' retrieved from /opt/miniconda3/envs/airflow_env/lib/python3.11/site-packages/airflow/example_dags/example_python_decorator.py
[2025-10-29T20:23:42.675-0700] {logging_mixin.py:188} INFO - [2025-10-29T20:23:42.674-0700] {dag.py:3089} INFO - Sync 1 DAGs
[2025-10-29T20:23:42.684-0700] {logging_mixin.py:188} INFO - [2025-10-29T20:23:42.684-0700] {dag.py:3947} INFO - Setting next_dagrun for example_python_decorator to None, run_after=None
[2025-10-29T20:23:42.702-0700] {processor.py:183} INFO - Processing /opt/miniconda3/envs/airflow_env/lib/python3.11/site-packages/airflow/example_dags/example_python_decorator.py took 0.183 seconds
[2025-10-29T20:24:50.646-0700] {processor.py:161} INFO - Started process (PID=29177) to work on /opt/miniconda3/envs/airflow_env/lib/python3.11/site-packages/airflow/example_dags/example_python_decorator.py
[2025-10-29T20:24:50.646-0700] {processor.py:830} INFO - Processing file /opt/miniconda3/envs/airflow_env/lib/python3.11/site-packages/airflow/example_dags/example_python_decorator.py for tasks to queue
[2025-10-29T20:24:50.647-0700] {logging_mixin.py:188} INFO - [2025-10-29T20:24:50.647-0700] {dagbag.py:545} INFO - Filling up the DagBag from /opt/miniconda3/envs/airflow_env/lib/python3.11/site-packages/airflow/example_dags/example_python_decorator.py
[2025-10-29T20:24:50.669-0700] {logging_mixin.py:188} INFO - [2025-10-29T20:24:50.669-0700] {example_python_decorator.py:80} WARNING - The virtalenv_python example task requires virtualenv, please install it.
[2025-10-29T20:24:50.671-0700] {processor.py:840} INFO - DAG(s) 'example_python_decorator' retrieved from /opt/miniconda3/envs/airflow_env/lib/python3.11/site-packages/airflow/example_dags/example_python_decorator.py
[2025-10-29T20:24:50.727-0700] {logging_mixin.py:188} INFO - [2025-10-29T20:24:50.727-0700] {dag.py:3089} INFO - Sync 1 DAGs
[2025-10-29T20:24:50.732-0700] {logging_mixin.py:188} INFO - [2025-10-29T20:24:50.732-0700] {dag.py:3947} INFO - Setting next_dagrun for example_python_decorator to None, run_after=None
[2025-10-29T20:24:50.743-0700] {processor.py:183} INFO - Processing /opt/miniconda3/envs/airflow_env/lib/python3.11/site-packages/airflow/example_dags/example_python_decorator.py took 0.100 seconds
[2025-10-29T20:26:33.760-0700] {processor.py:161} INFO - Started process (PID=29534) to work on /opt/miniconda3/envs/airflow_env/lib/python3.11/site-packages/airflow/example_dags/example_python_decorator.py
[2025-10-29T20:26:33.761-0700] {processor.py:830} INFO - Processing file /opt/miniconda3/envs/airflow_env/lib/python3.11/site-packages/airflow/example_dags/example_python_decorator.py for tasks to queue
[2025-10-29T20:26:33.761-0700] {logging_mixin.py:188} INFO - [2025-10-29T20:26:33.761-0700] {dagbag.py:545} INFO - Filling up the DagBag from /opt/miniconda3/envs/airflow_env/lib/python3.11/site-packages/airflow/example_dags/example_python_decorator.py
[2025-10-29T20:26:33.793-0700] {logging_mixin.py:188} INFO - [2025-10-29T20:26:33.793-0700] {example_python_decorator.py:80} WARNING - The virtalenv_python example task requires virtualenv, please install it.
[2025-10-29T20:26:33.795-0700] {processor.py:840} INFO - DAG(s) 'example_python_decorator' retrieved from /opt/miniconda3/envs/airflow_env/lib/python3.11/site-packages/airflow/example_dags/example_python_decorator.py
[2025-10-29T20:26:33.876-0700] {logging_mixin.py:188} INFO - [2025-10-29T20:26:33.875-0700] {dag.py:3089} INFO - Sync 1 DAGs
[2025-10-29T20:26:33.883-0700] {logging_mixin.py:188} INFO - [2025-10-29T20:26:33.883-0700] {dag.py:3947} INFO - Setting next_dagrun for example_python_decorator to None, run_after=None
[2025-10-29T20:26:33.899-0700] {processor.py:183} INFO - Processing /opt/miniconda3/envs/airflow_env/lib/python3.11/site-packages/airflow/example_dags/example_python_decorator.py took 0.142 seconds
[2025-10-29T20:26:36.792-0700] {processor.py:161} INFO - Started process (PID=29545) to work on /opt/miniconda3/envs/airflow_env/lib/python3.11/site-packages/airflow/example_dags/example_python_decorator.py
[2025-10-29T20:26:36.793-0700] {processor.py:830} INFO - Processing file /opt/miniconda3/envs/airflow_env/lib/python3.11/site-packages/airflow/example_dags/example_python_decorator.py for tasks to queue
[2025-10-29T20:26:36.794-0700] {logging_mixin.py:188} INFO - [2025-10-29T20:26:36.794-0700] {dagbag.py:545} INFO - Filling up the DagBag from /opt/miniconda3/envs/airflow_env/lib/python3.11/site-packages/airflow/example_dags/example_python_decorator.py
[2025-10-29T20:26:36.827-0700] {logging_mixin.py:188} INFO - [2025-10-29T20:26:36.827-0700] {example_python_decorator.py:80} WARNING - The virtalenv_python example task requires virtualenv, please install it.
[2025-10-29T20:26:36.829-0700] {processor.py:840} INFO - DAG(s) 'example_python_decorator' retrieved from /opt/miniconda3/envs/airflow_env/lib/python3.11/site-packages/airflow/example_dags/example_python_decorator.py
[2025-10-29T20:26:36.919-0700] {logging_mixin.py:188} INFO - [2025-10-29T20:26:36.919-0700] {dag.py:3089} INFO - Sync 1 DAGs
[2025-10-29T20:26:36.927-0700] {logging_mixin.py:188} INFO - [2025-10-29T20:26:36.927-0700] {dag.py:3947} INFO - Setting next_dagrun for example_python_decorator to None, run_after=None
[2025-10-29T20:26:36.948-0700] {processor.py:183} INFO - Processing /opt/miniconda3/envs/airflow_env/lib/python3.11/site-packages/airflow/example_dags/example_python_decorator.py took 0.159 seconds
[2025-10-29T20:27:37.732-0700] {processor.py:161} INFO - Started process (PID=29760) to work on /opt/miniconda3/envs/airflow_env/lib/python3.11/site-packages/airflow/example_dags/example_python_decorator.py
[2025-10-29T20:27:37.733-0700] {processor.py:830} INFO - Processing file /opt/miniconda3/envs/airflow_env/lib/python3.11/site-packages/airflow/example_dags/example_python_decorator.py for tasks to queue
[2025-10-29T20:27:37.734-0700] {logging_mixin.py:188} INFO - [2025-10-29T20:27:37.733-0700] {dagbag.py:545} INFO - Filling up the DagBag from /opt/miniconda3/envs/airflow_env/lib/python3.11/site-packages/airflow/example_dags/example_python_decorator.py
[2025-10-29T20:27:37.756-0700] {logging_mixin.py:188} INFO - [2025-10-29T20:27:37.756-0700] {example_python_decorator.py:80} WARNING - The virtalenv_python example task requires virtualenv, please install it.
[2025-10-29T20:27:37.757-0700] {processor.py:840} INFO - DAG(s) 'example_python_decorator' retrieved from /opt/miniconda3/envs/airflow_env/lib/python3.11/site-packages/airflow/example_dags/example_python_decorator.py
[2025-10-29T20:27:37.813-0700] {logging_mixin.py:188} INFO - [2025-10-29T20:27:37.813-0700] {dag.py:3089} INFO - Sync 1 DAGs
[2025-10-29T20:27:37.818-0700] {logging_mixin.py:188} INFO - [2025-10-29T20:27:37.818-0700] {dag.py:3947} INFO - Setting next_dagrun for example_python_decorator to None, run_after=None
[2025-10-29T20:27:37.829-0700] {processor.py:183} INFO - Processing /opt/miniconda3/envs/airflow_env/lib/python3.11/site-packages/airflow/example_dags/example_python_decorator.py took 0.099 seconds
[2025-10-29T20:29:21.661-0700] {processor.py:161} INFO - Started process (PID=30117) to work on /opt/miniconda3/envs/airflow_env/lib/python3.11/site-packages/airflow/example_dags/example_python_decorator.py
[2025-10-29T20:29:21.662-0700] {processor.py:830} INFO - Processing file /opt/miniconda3/envs/airflow_env/lib/python3.11/site-packages/airflow/example_dags/example_python_decorator.py for tasks to queue
[2025-10-29T20:29:21.662-0700] {logging_mixin.py:188} INFO - [2025-10-29T20:29:21.662-0700] {dagbag.py:545} INFO - Filling up the DagBag from /opt/miniconda3/envs/airflow_env/lib/python3.11/site-packages/airflow/example_dags/example_python_decorator.py
[2025-10-29T20:29:21.685-0700] {logging_mixin.py:188} INFO - [2025-10-29T20:29:21.685-0700] {example_python_decorator.py:80} WARNING - The virtalenv_python example task requires virtualenv, please install it.
[2025-10-29T20:29:21.686-0700] {processor.py:840} INFO - DAG(s) 'example_python_decorator' retrieved from /opt/miniconda3/envs/airflow_env/lib/python3.11/site-packages/airflow/example_dags/example_python_decorator.py
[2025-10-29T20:29:21.741-0700] {logging_mixin.py:188} INFO - [2025-10-29T20:29:21.741-0700] {dag.py:3089} INFO - Sync 1 DAGs
[2025-10-29T20:29:21.747-0700] {logging_mixin.py:188} INFO - [2025-10-29T20:29:21.747-0700] {dag.py:3947} INFO - Setting next_dagrun for example_python_decorator to None, run_after=None
[2025-10-29T20:29:21.758-0700] {processor.py:183} INFO - Processing /opt/miniconda3/envs/airflow_env/lib/python3.11/site-packages/airflow/example_dags/example_python_decorator.py took 0.100 seconds
[2025-10-29T20:29:24.456-0700] {processor.py:161} INFO - Started process (PID=30124) to work on /opt/miniconda3/envs/airflow_env/lib/python3.11/site-packages/airflow/example_dags/example_python_decorator.py
[2025-10-29T20:29:24.457-0700] {processor.py:830} INFO - Processing file /opt/miniconda3/envs/airflow_env/lib/python3.11/site-packages/airflow/example_dags/example_python_decorator.py for tasks to queue
[2025-10-29T20:29:24.458-0700] {logging_mixin.py:188} INFO - [2025-10-29T20:29:24.458-0700] {dagbag.py:545} INFO - Filling up the DagBag from /opt/miniconda3/envs/airflow_env/lib/python3.11/site-packages/airflow/example_dags/example_python_decorator.py
[2025-10-29T20:29:24.495-0700] {logging_mixin.py:188} INFO - [2025-10-29T20:29:24.495-0700] {example_python_decorator.py:80} WARNING - The virtalenv_python example task requires virtualenv, please install it.
[2025-10-29T20:29:24.497-0700] {processor.py:840} INFO - DAG(s) 'example_python_decorator' retrieved from /opt/miniconda3/envs/airflow_env/lib/python3.11/site-packages/airflow/example_dags/example_python_decorator.py
[2025-10-29T20:29:24.574-0700] {logging_mixin.py:188} INFO - [2025-10-29T20:29:24.574-0700] {dag.py:3089} INFO - Sync 1 DAGs
[2025-10-29T20:29:24.580-0700] {logging_mixin.py:188} INFO - [2025-10-29T20:29:24.580-0700] {dag.py:3947} INFO - Setting next_dagrun for example_python_decorator to None, run_after=None
[2025-10-29T20:29:24.593-0700] {processor.py:183} INFO - Processing /opt/miniconda3/envs/airflow_env/lib/python3.11/site-packages/airflow/example_dags/example_python_decorator.py took 0.140 seconds
