[2025-10-29T18:41:23.742-0700] {processor.py:161} INFO - Started process (PID=5232) to work on /opt/miniconda3/envs/airflow_env/lib/python3.11/site-packages/airflow/example_dags/example_dag_decorator.py
[2025-10-29T18:41:23.742-0700] {processor.py:830} INFO - Processing file /opt/miniconda3/envs/airflow_env/lib/python3.11/site-packages/airflow/example_dags/example_dag_decorator.py for tasks to queue
[2025-10-29T18:41:23.743-0700] {logging_mixin.py:188} INFO - [2025-10-29T18:41:23.743-0700] {dagbag.py:545} INFO - Filling up the DagBag from /opt/miniconda3/envs/airflow_env/lib/python3.11/site-packages/airflow/example_dags/example_dag_decorator.py
[2025-10-29T18:41:23.814-0700] {processor.py:840} INFO - DAG(s) 'example_dag_decorator' retrieved from /opt/miniconda3/envs/airflow_env/lib/python3.11/site-packages/airflow/example_dags/example_dag_decorator.py
[2025-10-29T18:41:23.931-0700] {logging_mixin.py:188} INFO - [2025-10-29T18:41:23.931-0700] {override.py:1930} INFO - Created Permission View: can read on DAG:example_dag_decorator
[2025-10-29T18:41:23.935-0700] {logging_mixin.py:188} INFO - [2025-10-29T18:41:23.935-0700] {override.py:1930} INFO - Created Permission View: can edit on DAG:example_dag_decorator
[2025-10-29T18:41:23.938-0700] {logging_mixin.py:188} INFO - [2025-10-29T18:41:23.938-0700] {override.py:1930} INFO - Created Permission View: can delete on DAG:example_dag_decorator
[2025-10-29T18:41:23.938-0700] {logging_mixin.py:188} INFO - [2025-10-29T18:41:23.938-0700] {dag.py:3089} INFO - Sync 1 DAGs
[2025-10-29T18:41:23.943-0700] {logging_mixin.py:188} INFO - [2025-10-29T18:41:23.943-0700] {dag.py:3111} INFO - Creating ORM DAG for example_dag_decorator
[2025-10-29T18:41:23.943-0700] {logging_mixin.py:188} INFO - [2025-10-29T18:41:23.943-0700] {dag.py:3947} INFO - Setting next_dagrun for example_dag_decorator to None, run_after=None
[2025-10-29T18:41:23.952-0700] {processor.py:183} INFO - Processing /opt/miniconda3/envs/airflow_env/lib/python3.11/site-packages/airflow/example_dags/example_dag_decorator.py took 0.212 seconds
[2025-10-29T18:43:42.008-0700] {processor.py:161} INFO - Started process (PID=5497) to work on /opt/miniconda3/envs/airflow_env/lib/python3.11/site-packages/airflow/example_dags/example_dag_decorator.py
[2025-10-29T18:43:42.010-0700] {processor.py:830} INFO - Processing file /opt/miniconda3/envs/airflow_env/lib/python3.11/site-packages/airflow/example_dags/example_dag_decorator.py for tasks to queue
[2025-10-29T18:43:42.010-0700] {logging_mixin.py:188} INFO - [2025-10-29T18:43:42.010-0700] {dagbag.py:545} INFO - Filling up the DagBag from /opt/miniconda3/envs/airflow_env/lib/python3.11/site-packages/airflow/example_dags/example_dag_decorator.py
[2025-10-29T18:43:42.090-0700] {processor.py:840} INFO - DAG(s) 'example_dag_decorator' retrieved from /opt/miniconda3/envs/airflow_env/lib/python3.11/site-packages/airflow/example_dags/example_dag_decorator.py
[2025-10-29T18:43:42.225-0700] {logging_mixin.py:188} INFO - [2025-10-29T18:43:42.225-0700] {dag.py:3089} INFO - Sync 1 DAGs
[2025-10-29T18:43:42.230-0700] {logging_mixin.py:188} INFO - [2025-10-29T18:43:42.230-0700] {dag.py:3947} INFO - Setting next_dagrun for example_dag_decorator to None, run_after=None
[2025-10-29T18:43:42.239-0700] {processor.py:183} INFO - Processing /opt/miniconda3/envs/airflow_env/lib/python3.11/site-packages/airflow/example_dags/example_dag_decorator.py took 0.233 seconds
[2025-10-29T18:46:06.275-0700] {processor.py:161} INFO - Started process (PID=5760) to work on /opt/miniconda3/envs/airflow_env/lib/python3.11/site-packages/airflow/example_dags/example_dag_decorator.py
[2025-10-29T18:46:06.275-0700] {processor.py:830} INFO - Processing file /opt/miniconda3/envs/airflow_env/lib/python3.11/site-packages/airflow/example_dags/example_dag_decorator.py for tasks to queue
[2025-10-29T18:46:06.276-0700] {logging_mixin.py:188} INFO - [2025-10-29T18:46:06.275-0700] {dagbag.py:545} INFO - Filling up the DagBag from /opt/miniconda3/envs/airflow_env/lib/python3.11/site-packages/airflow/example_dags/example_dag_decorator.py
[2025-10-29T18:46:06.340-0700] {processor.py:840} INFO - DAG(s) 'example_dag_decorator' retrieved from /opt/miniconda3/envs/airflow_env/lib/python3.11/site-packages/airflow/example_dags/example_dag_decorator.py
[2025-10-29T18:46:06.463-0700] {logging_mixin.py:188} INFO - [2025-10-29T18:46:06.463-0700] {dag.py:3089} INFO - Sync 1 DAGs
[2025-10-29T18:46:06.467-0700] {logging_mixin.py:188} INFO - [2025-10-29T18:46:06.467-0700] {dag.py:3947} INFO - Setting next_dagrun for example_dag_decorator to None, run_after=None
[2025-10-29T18:46:06.477-0700] {processor.py:183} INFO - Processing /opt/miniconda3/envs/airflow_env/lib/python3.11/site-packages/airflow/example_dags/example_dag_decorator.py took 0.205 seconds
[2025-10-29T18:48:31.783-0700] {processor.py:161} INFO - Started process (PID=6014) to work on /opt/miniconda3/envs/airflow_env/lib/python3.11/site-packages/airflow/example_dags/example_dag_decorator.py
[2025-10-29T18:48:31.784-0700] {processor.py:830} INFO - Processing file /opt/miniconda3/envs/airflow_env/lib/python3.11/site-packages/airflow/example_dags/example_dag_decorator.py for tasks to queue
[2025-10-29T18:48:31.784-0700] {logging_mixin.py:188} INFO - [2025-10-29T18:48:31.784-0700] {dagbag.py:545} INFO - Filling up the DagBag from /opt/miniconda3/envs/airflow_env/lib/python3.11/site-packages/airflow/example_dags/example_dag_decorator.py
[2025-10-29T18:48:31.875-0700] {processor.py:840} INFO - DAG(s) 'example_dag_decorator' retrieved from /opt/miniconda3/envs/airflow_env/lib/python3.11/site-packages/airflow/example_dags/example_dag_decorator.py
[2025-10-29T18:48:32.028-0700] {logging_mixin.py:188} INFO - [2025-10-29T18:48:32.027-0700] {dag.py:3089} INFO - Sync 1 DAGs
[2025-10-29T18:48:32.032-0700] {logging_mixin.py:188} INFO - [2025-10-29T18:48:32.032-0700] {dag.py:3947} INFO - Setting next_dagrun for example_dag_decorator to None, run_after=None
[2025-10-29T18:48:32.041-0700] {processor.py:183} INFO - Processing /opt/miniconda3/envs/airflow_env/lib/python3.11/site-packages/airflow/example_dags/example_dag_decorator.py took 0.261 seconds
[2025-10-29T18:50:56.035-0700] {processor.py:161} INFO - Started process (PID=9826) to work on /opt/miniconda3/envs/airflow_env/lib/python3.11/site-packages/airflow/example_dags/example_dag_decorator.py
[2025-10-29T18:50:56.036-0700] {processor.py:830} INFO - Processing file /opt/miniconda3/envs/airflow_env/lib/python3.11/site-packages/airflow/example_dags/example_dag_decorator.py for tasks to queue
[2025-10-29T18:50:56.037-0700] {logging_mixin.py:188} INFO - [2025-10-29T18:50:56.037-0700] {dagbag.py:545} INFO - Filling up the DagBag from /opt/miniconda3/envs/airflow_env/lib/python3.11/site-packages/airflow/example_dags/example_dag_decorator.py
[2025-10-29T18:50:56.114-0700] {processor.py:840} INFO - DAG(s) 'example_dag_decorator' retrieved from /opt/miniconda3/envs/airflow_env/lib/python3.11/site-packages/airflow/example_dags/example_dag_decorator.py
[2025-10-29T18:50:56.248-0700] {logging_mixin.py:188} INFO - [2025-10-29T18:50:56.247-0700] {dag.py:3089} INFO - Sync 1 DAGs
[2025-10-29T18:50:56.252-0700] {logging_mixin.py:188} INFO - [2025-10-29T18:50:56.252-0700] {dag.py:3947} INFO - Setting next_dagrun for example_dag_decorator to None, run_after=None
[2025-10-29T18:50:56.261-0700] {processor.py:183} INFO - Processing /opt/miniconda3/envs/airflow_env/lib/python3.11/site-packages/airflow/example_dags/example_dag_decorator.py took 0.228 seconds
[2025-10-29T18:53:13.605-0700] {processor.py:161} INFO - Started process (PID=10067) to work on /opt/miniconda3/envs/airflow_env/lib/python3.11/site-packages/airflow/example_dags/example_dag_decorator.py
[2025-10-29T18:53:13.605-0700] {processor.py:830} INFO - Processing file /opt/miniconda3/envs/airflow_env/lib/python3.11/site-packages/airflow/example_dags/example_dag_decorator.py for tasks to queue
[2025-10-29T18:53:13.606-0700] {logging_mixin.py:188} INFO - [2025-10-29T18:53:13.606-0700] {dagbag.py:545} INFO - Filling up the DagBag from /opt/miniconda3/envs/airflow_env/lib/python3.11/site-packages/airflow/example_dags/example_dag_decorator.py
[2025-10-29T18:53:13.664-0700] {processor.py:840} INFO - DAG(s) 'example_dag_decorator' retrieved from /opt/miniconda3/envs/airflow_env/lib/python3.11/site-packages/airflow/example_dags/example_dag_decorator.py
[2025-10-29T18:53:13.780-0700] {logging_mixin.py:188} INFO - [2025-10-29T18:53:13.780-0700] {dag.py:3089} INFO - Sync 1 DAGs
[2025-10-29T18:53:13.784-0700] {logging_mixin.py:188} INFO - [2025-10-29T18:53:13.784-0700] {dag.py:3947} INFO - Setting next_dagrun for example_dag_decorator to None, run_after=None
[2025-10-29T18:53:13.794-0700] {processor.py:183} INFO - Processing /opt/miniconda3/envs/airflow_env/lib/python3.11/site-packages/airflow/example_dags/example_dag_decorator.py took 0.191 seconds
[2025-10-29T18:55:35.329-0700] {processor.py:161} INFO - Started process (PID=10350) to work on /opt/miniconda3/envs/airflow_env/lib/python3.11/site-packages/airflow/example_dags/example_dag_decorator.py
[2025-10-29T18:55:35.330-0700] {processor.py:830} INFO - Processing file /opt/miniconda3/envs/airflow_env/lib/python3.11/site-packages/airflow/example_dags/example_dag_decorator.py for tasks to queue
[2025-10-29T18:55:35.331-0700] {logging_mixin.py:188} INFO - [2025-10-29T18:55:35.331-0700] {dagbag.py:545} INFO - Filling up the DagBag from /opt/miniconda3/envs/airflow_env/lib/python3.11/site-packages/airflow/example_dags/example_dag_decorator.py
[2025-10-29T18:55:35.398-0700] {processor.py:840} INFO - DAG(s) 'example_dag_decorator' retrieved from /opt/miniconda3/envs/airflow_env/lib/python3.11/site-packages/airflow/example_dags/example_dag_decorator.py
[2025-10-29T18:55:35.533-0700] {logging_mixin.py:188} INFO - [2025-10-29T18:55:35.533-0700] {dag.py:3089} INFO - Sync 1 DAGs
[2025-10-29T18:55:35.537-0700] {logging_mixin.py:188} INFO - [2025-10-29T18:55:35.537-0700] {dag.py:3947} INFO - Setting next_dagrun for example_dag_decorator to None, run_after=None
[2025-10-29T18:55:35.547-0700] {processor.py:183} INFO - Processing /opt/miniconda3/envs/airflow_env/lib/python3.11/site-packages/airflow/example_dags/example_dag_decorator.py took 0.220 seconds
[2025-10-29T18:57:58.496-0700] {processor.py:161} INFO - Started process (PID=10606) to work on /opt/miniconda3/envs/airflow_env/lib/python3.11/site-packages/airflow/example_dags/example_dag_decorator.py
[2025-10-29T18:57:58.497-0700] {processor.py:830} INFO - Processing file /opt/miniconda3/envs/airflow_env/lib/python3.11/site-packages/airflow/example_dags/example_dag_decorator.py for tasks to queue
[2025-10-29T18:57:58.497-0700] {logging_mixin.py:188} INFO - [2025-10-29T18:57:58.497-0700] {dagbag.py:545} INFO - Filling up the DagBag from /opt/miniconda3/envs/airflow_env/lib/python3.11/site-packages/airflow/example_dags/example_dag_decorator.py
[2025-10-29T18:57:58.563-0700] {processor.py:840} INFO - DAG(s) 'example_dag_decorator' retrieved from /opt/miniconda3/envs/airflow_env/lib/python3.11/site-packages/airflow/example_dags/example_dag_decorator.py
[2025-10-29T18:57:58.678-0700] {logging_mixin.py:188} INFO - [2025-10-29T18:57:58.678-0700] {dag.py:3089} INFO - Sync 1 DAGs
[2025-10-29T18:57:58.683-0700] {logging_mixin.py:188} INFO - [2025-10-29T18:57:58.683-0700] {dag.py:3947} INFO - Setting next_dagrun for example_dag_decorator to None, run_after=None
[2025-10-29T18:57:58.692-0700] {processor.py:183} INFO - Processing /opt/miniconda3/envs/airflow_env/lib/python3.11/site-packages/airflow/example_dags/example_dag_decorator.py took 0.198 seconds
[2025-10-29T18:59:59.011-0700] {processor.py:161} INFO - Started process (PID=10853) to work on /opt/miniconda3/envs/airflow_env/lib/python3.11/site-packages/airflow/example_dags/example_dag_decorator.py
[2025-10-29T18:59:59.011-0700] {processor.py:830} INFO - Processing file /opt/miniconda3/envs/airflow_env/lib/python3.11/site-packages/airflow/example_dags/example_dag_decorator.py for tasks to queue
[2025-10-29T18:59:59.012-0700] {logging_mixin.py:188} INFO - [2025-10-29T18:59:59.012-0700] {dagbag.py:545} INFO - Filling up the DagBag from /opt/miniconda3/envs/airflow_env/lib/python3.11/site-packages/airflow/example_dags/example_dag_decorator.py
[2025-10-29T18:59:59.070-0700] {processor.py:840} INFO - DAG(s) 'example_dag_decorator' retrieved from /opt/miniconda3/envs/airflow_env/lib/python3.11/site-packages/airflow/example_dags/example_dag_decorator.py
[2025-10-29T18:59:59.188-0700] {logging_mixin.py:188} INFO - [2025-10-29T18:59:59.188-0700] {dag.py:3089} INFO - Sync 1 DAGs
[2025-10-29T18:59:59.193-0700] {logging_mixin.py:188} INFO - [2025-10-29T18:59:59.193-0700] {dag.py:3947} INFO - Setting next_dagrun for example_dag_decorator to None, run_after=None
[2025-10-29T18:59:59.203-0700] {processor.py:183} INFO - Processing /opt/miniconda3/envs/airflow_env/lib/python3.11/site-packages/airflow/example_dags/example_dag_decorator.py took 0.194 seconds
[2025-10-29T19:02:23.638-0700] {processor.py:161} INFO - Started process (PID=11112) to work on /opt/miniconda3/envs/airflow_env/lib/python3.11/site-packages/airflow/example_dags/example_dag_decorator.py
[2025-10-29T19:02:23.640-0700] {processor.py:830} INFO - Processing file /opt/miniconda3/envs/airflow_env/lib/python3.11/site-packages/airflow/example_dags/example_dag_decorator.py for tasks to queue
[2025-10-29T19:02:23.640-0700] {logging_mixin.py:188} INFO - [2025-10-29T19:02:23.640-0700] {dagbag.py:545} INFO - Filling up the DagBag from /opt/miniconda3/envs/airflow_env/lib/python3.11/site-packages/airflow/example_dags/example_dag_decorator.py
[2025-10-29T19:02:23.715-0700] {processor.py:840} INFO - DAG(s) 'example_dag_decorator' retrieved from /opt/miniconda3/envs/airflow_env/lib/python3.11/site-packages/airflow/example_dags/example_dag_decorator.py
[2025-10-29T19:02:23.832-0700] {logging_mixin.py:188} INFO - [2025-10-29T19:02:23.832-0700] {dag.py:3089} INFO - Sync 1 DAGs
[2025-10-29T19:02:23.836-0700] {logging_mixin.py:188} INFO - [2025-10-29T19:02:23.836-0700] {dag.py:3947} INFO - Setting next_dagrun for example_dag_decorator to None, run_after=None
[2025-10-29T19:02:23.846-0700] {processor.py:183} INFO - Processing /opt/miniconda3/envs/airflow_env/lib/python3.11/site-packages/airflow/example_dags/example_dag_decorator.py took 0.210 seconds
[2025-10-29T19:04:50.873-0700] {processor.py:161} INFO - Started process (PID=11371) to work on /opt/miniconda3/envs/airflow_env/lib/python3.11/site-packages/airflow/example_dags/example_dag_decorator.py
[2025-10-29T19:04:50.874-0700] {processor.py:830} INFO - Processing file /opt/miniconda3/envs/airflow_env/lib/python3.11/site-packages/airflow/example_dags/example_dag_decorator.py for tasks to queue
[2025-10-29T19:04:50.874-0700] {logging_mixin.py:188} INFO - [2025-10-29T19:04:50.874-0700] {dagbag.py:545} INFO - Filling up the DagBag from /opt/miniconda3/envs/airflow_env/lib/python3.11/site-packages/airflow/example_dags/example_dag_decorator.py
[2025-10-29T19:04:50.937-0700] {processor.py:840} INFO - DAG(s) 'example_dag_decorator' retrieved from /opt/miniconda3/envs/airflow_env/lib/python3.11/site-packages/airflow/example_dags/example_dag_decorator.py
[2025-10-29T19:04:51.057-0700] {logging_mixin.py:188} INFO - [2025-10-29T19:04:51.057-0700] {dag.py:3089} INFO - Sync 1 DAGs
[2025-10-29T19:04:51.061-0700] {logging_mixin.py:188} INFO - [2025-10-29T19:04:51.061-0700] {dag.py:3947} INFO - Setting next_dagrun for example_dag_decorator to None, run_after=None
[2025-10-29T19:04:51.071-0700] {processor.py:183} INFO - Processing /opt/miniconda3/envs/airflow_env/lib/python3.11/site-packages/airflow/example_dags/example_dag_decorator.py took 0.199 seconds
[2025-10-29T19:07:19.405-0700] {processor.py:161} INFO - Started process (PID=11643) to work on /opt/miniconda3/envs/airflow_env/lib/python3.11/site-packages/airflow/example_dags/example_dag_decorator.py
[2025-10-29T19:07:19.406-0700] {processor.py:830} INFO - Processing file /opt/miniconda3/envs/airflow_env/lib/python3.11/site-packages/airflow/example_dags/example_dag_decorator.py for tasks to queue
[2025-10-29T19:07:19.407-0700] {logging_mixin.py:188} INFO - [2025-10-29T19:07:19.407-0700] {dagbag.py:545} INFO - Filling up the DagBag from /opt/miniconda3/envs/airflow_env/lib/python3.11/site-packages/airflow/example_dags/example_dag_decorator.py
[2025-10-29T19:07:19.487-0700] {processor.py:840} INFO - DAG(s) 'example_dag_decorator' retrieved from /opt/miniconda3/envs/airflow_env/lib/python3.11/site-packages/airflow/example_dags/example_dag_decorator.py
[2025-10-29T19:07:19.623-0700] {logging_mixin.py:188} INFO - [2025-10-29T19:07:19.623-0700] {dag.py:3089} INFO - Sync 1 DAGs
[2025-10-29T19:07:19.628-0700] {logging_mixin.py:188} INFO - [2025-10-29T19:07:19.627-0700] {dag.py:3947} INFO - Setting next_dagrun for example_dag_decorator to None, run_after=None
[2025-10-29T19:07:19.637-0700] {processor.py:183} INFO - Processing /opt/miniconda3/envs/airflow_env/lib/python3.11/site-packages/airflow/example_dags/example_dag_decorator.py took 0.234 seconds
[2025-10-29T19:09:45.135-0700] {processor.py:161} INFO - Started process (PID=11883) to work on /opt/miniconda3/envs/airflow_env/lib/python3.11/site-packages/airflow/example_dags/example_dag_decorator.py
[2025-10-29T19:09:45.135-0700] {processor.py:830} INFO - Processing file /opt/miniconda3/envs/airflow_env/lib/python3.11/site-packages/airflow/example_dags/example_dag_decorator.py for tasks to queue
[2025-10-29T19:09:45.136-0700] {logging_mixin.py:188} INFO - [2025-10-29T19:09:45.136-0700] {dagbag.py:545} INFO - Filling up the DagBag from /opt/miniconda3/envs/airflow_env/lib/python3.11/site-packages/airflow/example_dags/example_dag_decorator.py
[2025-10-29T19:09:45.207-0700] {processor.py:840} INFO - DAG(s) 'example_dag_decorator' retrieved from /opt/miniconda3/envs/airflow_env/lib/python3.11/site-packages/airflow/example_dags/example_dag_decorator.py
[2025-10-29T19:09:45.322-0700] {logging_mixin.py:188} INFO - [2025-10-29T19:09:45.321-0700] {dag.py:3089} INFO - Sync 1 DAGs
[2025-10-29T19:09:45.326-0700] {logging_mixin.py:188} INFO - [2025-10-29T19:09:45.326-0700] {dag.py:3947} INFO - Setting next_dagrun for example_dag_decorator to None, run_after=None
[2025-10-29T19:09:45.335-0700] {processor.py:183} INFO - Processing /opt/miniconda3/envs/airflow_env/lib/python3.11/site-packages/airflow/example_dags/example_dag_decorator.py took 0.203 seconds
[2025-10-29T19:12:18.597-0700] {processor.py:161} INFO - Started process (PID=12163) to work on /opt/miniconda3/envs/airflow_env/lib/python3.11/site-packages/airflow/example_dags/example_dag_decorator.py
[2025-10-29T19:12:18.597-0700] {processor.py:830} INFO - Processing file /opt/miniconda3/envs/airflow_env/lib/python3.11/site-packages/airflow/example_dags/example_dag_decorator.py for tasks to queue
[2025-10-29T19:12:18.598-0700] {logging_mixin.py:188} INFO - [2025-10-29T19:12:18.598-0700] {dagbag.py:545} INFO - Filling up the DagBag from /opt/miniconda3/envs/airflow_env/lib/python3.11/site-packages/airflow/example_dags/example_dag_decorator.py
[2025-10-29T19:12:18.675-0700] {processor.py:840} INFO - DAG(s) 'example_dag_decorator' retrieved from /opt/miniconda3/envs/airflow_env/lib/python3.11/site-packages/airflow/example_dags/example_dag_decorator.py
[2025-10-29T19:12:18.813-0700] {logging_mixin.py:188} INFO - [2025-10-29T19:12:18.812-0700] {dag.py:3089} INFO - Sync 1 DAGs
[2025-10-29T19:12:18.817-0700] {logging_mixin.py:188} INFO - [2025-10-29T19:12:18.817-0700] {dag.py:3947} INFO - Setting next_dagrun for example_dag_decorator to None, run_after=None
[2025-10-29T19:12:18.826-0700] {processor.py:183} INFO - Processing /opt/miniconda3/envs/airflow_env/lib/python3.11/site-packages/airflow/example_dags/example_dag_decorator.py took 0.232 seconds
[2025-10-29T19:14:44.310-0700] {processor.py:161} INFO - Started process (PID=12418) to work on /opt/miniconda3/envs/airflow_env/lib/python3.11/site-packages/airflow/example_dags/example_dag_decorator.py
[2025-10-29T19:14:44.311-0700] {processor.py:830} INFO - Processing file /opt/miniconda3/envs/airflow_env/lib/python3.11/site-packages/airflow/example_dags/example_dag_decorator.py for tasks to queue
[2025-10-29T19:14:44.311-0700] {logging_mixin.py:188} INFO - [2025-10-29T19:14:44.311-0700] {dagbag.py:545} INFO - Filling up the DagBag from /opt/miniconda3/envs/airflow_env/lib/python3.11/site-packages/airflow/example_dags/example_dag_decorator.py
[2025-10-29T19:14:44.376-0700] {processor.py:840} INFO - DAG(s) 'example_dag_decorator' retrieved from /opt/miniconda3/envs/airflow_env/lib/python3.11/site-packages/airflow/example_dags/example_dag_decorator.py
[2025-10-29T19:14:44.511-0700] {logging_mixin.py:188} INFO - [2025-10-29T19:14:44.511-0700] {dag.py:3089} INFO - Sync 1 DAGs
[2025-10-29T19:14:44.515-0700] {logging_mixin.py:188} INFO - [2025-10-29T19:14:44.515-0700] {dag.py:3947} INFO - Setting next_dagrun for example_dag_decorator to None, run_after=None
[2025-10-29T19:14:44.525-0700] {processor.py:183} INFO - Processing /opt/miniconda3/envs/airflow_env/lib/python3.11/site-packages/airflow/example_dags/example_dag_decorator.py took 0.216 seconds
[2025-10-29T19:17:12.236-0700] {processor.py:161} INFO - Started process (PID=12673) to work on /opt/miniconda3/envs/airflow_env/lib/python3.11/site-packages/airflow/example_dags/example_dag_decorator.py
[2025-10-29T19:17:12.236-0700] {processor.py:830} INFO - Processing file /opt/miniconda3/envs/airflow_env/lib/python3.11/site-packages/airflow/example_dags/example_dag_decorator.py for tasks to queue
[2025-10-29T19:17:12.237-0700] {logging_mixin.py:188} INFO - [2025-10-29T19:17:12.237-0700] {dagbag.py:545} INFO - Filling up the DagBag from /opt/miniconda3/envs/airflow_env/lib/python3.11/site-packages/airflow/example_dags/example_dag_decorator.py
[2025-10-29T19:17:12.300-0700] {processor.py:840} INFO - DAG(s) 'example_dag_decorator' retrieved from /opt/miniconda3/envs/airflow_env/lib/python3.11/site-packages/airflow/example_dags/example_dag_decorator.py
[2025-10-29T19:17:12.420-0700] {logging_mixin.py:188} INFO - [2025-10-29T19:17:12.420-0700] {dag.py:3089} INFO - Sync 1 DAGs
[2025-10-29T19:17:12.424-0700] {logging_mixin.py:188} INFO - [2025-10-29T19:17:12.424-0700] {dag.py:3947} INFO - Setting next_dagrun for example_dag_decorator to None, run_after=None
[2025-10-29T19:17:12.434-0700] {processor.py:183} INFO - Processing /opt/miniconda3/envs/airflow_env/lib/python3.11/site-packages/airflow/example_dags/example_dag_decorator.py took 0.200 seconds
[2025-10-29T19:19:40.386-0700] {processor.py:161} INFO - Started process (PID=12935) to work on /opt/miniconda3/envs/airflow_env/lib/python3.11/site-packages/airflow/example_dags/example_dag_decorator.py
[2025-10-29T19:19:40.388-0700] {processor.py:830} INFO - Processing file /opt/miniconda3/envs/airflow_env/lib/python3.11/site-packages/airflow/example_dags/example_dag_decorator.py for tasks to queue
[2025-10-29T19:19:40.388-0700] {logging_mixin.py:188} INFO - [2025-10-29T19:19:40.388-0700] {dagbag.py:545} INFO - Filling up the DagBag from /opt/miniconda3/envs/airflow_env/lib/python3.11/site-packages/airflow/example_dags/example_dag_decorator.py
[2025-10-29T19:19:40.469-0700] {processor.py:840} INFO - DAG(s) 'example_dag_decorator' retrieved from /opt/miniconda3/envs/airflow_env/lib/python3.11/site-packages/airflow/example_dags/example_dag_decorator.py
[2025-10-29T19:19:40.608-0700] {logging_mixin.py:188} INFO - [2025-10-29T19:19:40.608-0700] {dag.py:3089} INFO - Sync 1 DAGs
[2025-10-29T19:19:40.612-0700] {logging_mixin.py:188} INFO - [2025-10-29T19:19:40.612-0700] {dag.py:3947} INFO - Setting next_dagrun for example_dag_decorator to None, run_after=None
[2025-10-29T19:19:40.622-0700] {processor.py:183} INFO - Processing /opt/miniconda3/envs/airflow_env/lib/python3.11/site-packages/airflow/example_dags/example_dag_decorator.py took 0.237 seconds
[2025-10-29T19:22:05.510-0700] {processor.py:161} INFO - Started process (PID=13240) to work on /opt/miniconda3/envs/airflow_env/lib/python3.11/site-packages/airflow/example_dags/example_dag_decorator.py
[2025-10-29T19:22:05.510-0700] {processor.py:830} INFO - Processing file /opt/miniconda3/envs/airflow_env/lib/python3.11/site-packages/airflow/example_dags/example_dag_decorator.py for tasks to queue
[2025-10-29T19:22:05.511-0700] {logging_mixin.py:188} INFO - [2025-10-29T19:22:05.510-0700] {dagbag.py:545} INFO - Filling up the DagBag from /opt/miniconda3/envs/airflow_env/lib/python3.11/site-packages/airflow/example_dags/example_dag_decorator.py
[2025-10-29T19:22:05.590-0700] {processor.py:840} INFO - DAG(s) 'example_dag_decorator' retrieved from /opt/miniconda3/envs/airflow_env/lib/python3.11/site-packages/airflow/example_dags/example_dag_decorator.py
[2025-10-29T19:22:05.727-0700] {logging_mixin.py:188} INFO - [2025-10-29T19:22:05.726-0700] {dag.py:3089} INFO - Sync 1 DAGs
[2025-10-29T19:22:05.731-0700] {logging_mixin.py:188} INFO - [2025-10-29T19:22:05.731-0700] {dag.py:3947} INFO - Setting next_dagrun for example_dag_decorator to None, run_after=None
[2025-10-29T19:22:05.741-0700] {processor.py:183} INFO - Processing /opt/miniconda3/envs/airflow_env/lib/python3.11/site-packages/airflow/example_dags/example_dag_decorator.py took 0.233 seconds
[2025-10-29T19:24:33.847-0700] {processor.py:161} INFO - Started process (PID=13516) to work on /opt/miniconda3/envs/airflow_env/lib/python3.11/site-packages/airflow/example_dags/example_dag_decorator.py
[2025-10-29T19:24:33.848-0700] {processor.py:830} INFO - Processing file /opt/miniconda3/envs/airflow_env/lib/python3.11/site-packages/airflow/example_dags/example_dag_decorator.py for tasks to queue
[2025-10-29T19:24:33.849-0700] {logging_mixin.py:188} INFO - [2025-10-29T19:24:33.849-0700] {dagbag.py:545} INFO - Filling up the DagBag from /opt/miniconda3/envs/airflow_env/lib/python3.11/site-packages/airflow/example_dags/example_dag_decorator.py
[2025-10-29T19:24:33.929-0700] {processor.py:840} INFO - DAG(s) 'example_dag_decorator' retrieved from /opt/miniconda3/envs/airflow_env/lib/python3.11/site-packages/airflow/example_dags/example_dag_decorator.py
[2025-10-29T19:24:34.065-0700] {logging_mixin.py:188} INFO - [2025-10-29T19:24:34.065-0700] {dag.py:3089} INFO - Sync 1 DAGs
[2025-10-29T19:24:34.069-0700] {logging_mixin.py:188} INFO - [2025-10-29T19:24:34.069-0700] {dag.py:3947} INFO - Setting next_dagrun for example_dag_decorator to None, run_after=None
[2025-10-29T19:24:34.079-0700] {processor.py:183} INFO - Processing /opt/miniconda3/envs/airflow_env/lib/python3.11/site-packages/airflow/example_dags/example_dag_decorator.py took 0.234 seconds
[2025-10-29T19:26:57.527-0700] {processor.py:161} INFO - Started process (PID=14183) to work on /opt/miniconda3/envs/airflow_env/lib/python3.11/site-packages/airflow/example_dags/example_dag_decorator.py
[2025-10-29T19:26:57.527-0700] {processor.py:830} INFO - Processing file /opt/miniconda3/envs/airflow_env/lib/python3.11/site-packages/airflow/example_dags/example_dag_decorator.py for tasks to queue
[2025-10-29T19:26:57.527-0700] {logging_mixin.py:188} INFO - [2025-10-29T19:26:57.527-0700] {dagbag.py:545} INFO - Filling up the DagBag from /opt/miniconda3/envs/airflow_env/lib/python3.11/site-packages/airflow/example_dags/example_dag_decorator.py
[2025-10-29T19:26:57.607-0700] {processor.py:840} INFO - DAG(s) 'example_dag_decorator' retrieved from /opt/miniconda3/envs/airflow_env/lib/python3.11/site-packages/airflow/example_dags/example_dag_decorator.py
[2025-10-29T19:26:57.742-0700] {logging_mixin.py:188} INFO - [2025-10-29T19:26:57.742-0700] {dag.py:3089} INFO - Sync 1 DAGs
[2025-10-29T19:26:57.747-0700] {logging_mixin.py:188} INFO - [2025-10-29T19:26:57.746-0700] {dag.py:3947} INFO - Setting next_dagrun for example_dag_decorator to None, run_after=None
[2025-10-29T19:26:57.756-0700] {processor.py:183} INFO - Processing /opt/miniconda3/envs/airflow_env/lib/python3.11/site-packages/airflow/example_dags/example_dag_decorator.py took 0.232 seconds
[2025-10-29T19:29:25.960-0700] {processor.py:161} INFO - Started process (PID=14868) to work on /opt/miniconda3/envs/airflow_env/lib/python3.11/site-packages/airflow/example_dags/example_dag_decorator.py
[2025-10-29T19:29:25.961-0700] {processor.py:830} INFO - Processing file /opt/miniconda3/envs/airflow_env/lib/python3.11/site-packages/airflow/example_dags/example_dag_decorator.py for tasks to queue
[2025-10-29T19:29:25.961-0700] {logging_mixin.py:188} INFO - [2025-10-29T19:29:25.961-0700] {dagbag.py:545} INFO - Filling up the DagBag from /opt/miniconda3/envs/airflow_env/lib/python3.11/site-packages/airflow/example_dags/example_dag_decorator.py
[2025-10-29T19:29:26.031-0700] {processor.py:840} INFO - DAG(s) 'example_dag_decorator' retrieved from /opt/miniconda3/envs/airflow_env/lib/python3.11/site-packages/airflow/example_dags/example_dag_decorator.py
[2025-10-29T19:29:26.147-0700] {logging_mixin.py:188} INFO - [2025-10-29T19:29:26.147-0700] {dag.py:3089} INFO - Sync 1 DAGs
[2025-10-29T19:29:26.151-0700] {logging_mixin.py:188} INFO - [2025-10-29T19:29:26.151-0700] {dag.py:3947} INFO - Setting next_dagrun for example_dag_decorator to None, run_after=None
[2025-10-29T19:29:26.161-0700] {processor.py:183} INFO - Processing /opt/miniconda3/envs/airflow_env/lib/python3.11/site-packages/airflow/example_dags/example_dag_decorator.py took 0.203 seconds
[2025-10-29T19:31:57.093-0700] {processor.py:161} INFO - Started process (PID=15562) to work on /opt/miniconda3/envs/airflow_env/lib/python3.11/site-packages/airflow/example_dags/example_dag_decorator.py
[2025-10-29T19:31:57.094-0700] {processor.py:830} INFO - Processing file /opt/miniconda3/envs/airflow_env/lib/python3.11/site-packages/airflow/example_dags/example_dag_decorator.py for tasks to queue
[2025-10-29T19:31:57.094-0700] {logging_mixin.py:188} INFO - [2025-10-29T19:31:57.094-0700] {dagbag.py:545} INFO - Filling up the DagBag from /opt/miniconda3/envs/airflow_env/lib/python3.11/site-packages/airflow/example_dags/example_dag_decorator.py
[2025-10-29T19:31:57.174-0700] {processor.py:840} INFO - DAG(s) 'example_dag_decorator' retrieved from /opt/miniconda3/envs/airflow_env/lib/python3.11/site-packages/airflow/example_dags/example_dag_decorator.py
[2025-10-29T19:31:57.312-0700] {logging_mixin.py:188} INFO - [2025-10-29T19:31:57.312-0700] {dag.py:3089} INFO - Sync 1 DAGs
[2025-10-29T19:31:57.316-0700] {logging_mixin.py:188} INFO - [2025-10-29T19:31:57.316-0700] {dag.py:3947} INFO - Setting next_dagrun for example_dag_decorator to None, run_after=None
[2025-10-29T19:31:57.326-0700] {processor.py:183} INFO - Processing /opt/miniconda3/envs/airflow_env/lib/python3.11/site-packages/airflow/example_dags/example_dag_decorator.py took 0.235 seconds
[2025-10-29T19:34:25.471-0700] {processor.py:161} INFO - Started process (PID=16270) to work on /opt/miniconda3/envs/airflow_env/lib/python3.11/site-packages/airflow/example_dags/example_dag_decorator.py
[2025-10-29T19:34:25.471-0700] {processor.py:830} INFO - Processing file /opt/miniconda3/envs/airflow_env/lib/python3.11/site-packages/airflow/example_dags/example_dag_decorator.py for tasks to queue
[2025-10-29T19:34:25.472-0700] {logging_mixin.py:188} INFO - [2025-10-29T19:34:25.472-0700] {dagbag.py:545} INFO - Filling up the DagBag from /opt/miniconda3/envs/airflow_env/lib/python3.11/site-packages/airflow/example_dags/example_dag_decorator.py
[2025-10-29T19:34:25.545-0700] {processor.py:840} INFO - DAG(s) 'example_dag_decorator' retrieved from /opt/miniconda3/envs/airflow_env/lib/python3.11/site-packages/airflow/example_dags/example_dag_decorator.py
[2025-10-29T19:34:25.663-0700] {logging_mixin.py:188} INFO - [2025-10-29T19:34:25.663-0700] {dag.py:3089} INFO - Sync 1 DAGs
[2025-10-29T19:34:25.667-0700] {logging_mixin.py:188} INFO - [2025-10-29T19:34:25.667-0700] {dag.py:3947} INFO - Setting next_dagrun for example_dag_decorator to None, run_after=None
[2025-10-29T19:34:25.677-0700] {processor.py:183} INFO - Processing /opt/miniconda3/envs/airflow_env/lib/python3.11/site-packages/airflow/example_dags/example_dag_decorator.py took 0.208 seconds
[2025-10-29T19:36:57.003-0700] {processor.py:161} INFO - Started process (PID=16963) to work on /opt/miniconda3/envs/airflow_env/lib/python3.11/site-packages/airflow/example_dags/example_dag_decorator.py
[2025-10-29T19:36:57.004-0700] {processor.py:830} INFO - Processing file /opt/miniconda3/envs/airflow_env/lib/python3.11/site-packages/airflow/example_dags/example_dag_decorator.py for tasks to queue
[2025-10-29T19:36:57.004-0700] {logging_mixin.py:188} INFO - [2025-10-29T19:36:57.004-0700] {dagbag.py:545} INFO - Filling up the DagBag from /opt/miniconda3/envs/airflow_env/lib/python3.11/site-packages/airflow/example_dags/example_dag_decorator.py
[2025-10-29T19:36:57.086-0700] {processor.py:840} INFO - DAG(s) 'example_dag_decorator' retrieved from /opt/miniconda3/envs/airflow_env/lib/python3.11/site-packages/airflow/example_dags/example_dag_decorator.py
[2025-10-29T19:36:57.236-0700] {logging_mixin.py:188} INFO - [2025-10-29T19:36:57.236-0700] {dag.py:3089} INFO - Sync 1 DAGs
[2025-10-29T19:36:57.241-0700] {logging_mixin.py:188} INFO - [2025-10-29T19:36:57.241-0700] {dag.py:3947} INFO - Setting next_dagrun for example_dag_decorator to None, run_after=None
[2025-10-29T19:36:57.251-0700] {processor.py:183} INFO - Processing /opt/miniconda3/envs/airflow_env/lib/python3.11/site-packages/airflow/example_dags/example_dag_decorator.py took 0.251 seconds
[2025-10-29T19:39:25.994-0700] {processor.py:161} INFO - Started process (PID=17687) to work on /opt/miniconda3/envs/airflow_env/lib/python3.11/site-packages/airflow/example_dags/example_dag_decorator.py
[2025-10-29T19:39:25.994-0700] {processor.py:830} INFO - Processing file /opt/miniconda3/envs/airflow_env/lib/python3.11/site-packages/airflow/example_dags/example_dag_decorator.py for tasks to queue
[2025-10-29T19:39:25.995-0700] {logging_mixin.py:188} INFO - [2025-10-29T19:39:25.995-0700] {dagbag.py:545} INFO - Filling up the DagBag from /opt/miniconda3/envs/airflow_env/lib/python3.11/site-packages/airflow/example_dags/example_dag_decorator.py
[2025-10-29T19:39:26.052-0700] {processor.py:840} INFO - DAG(s) 'example_dag_decorator' retrieved from /opt/miniconda3/envs/airflow_env/lib/python3.11/site-packages/airflow/example_dags/example_dag_decorator.py
[2025-10-29T19:39:26.170-0700] {logging_mixin.py:188} INFO - [2025-10-29T19:39:26.170-0700] {dag.py:3089} INFO - Sync 1 DAGs
[2025-10-29T19:39:26.174-0700] {logging_mixin.py:188} INFO - [2025-10-29T19:39:26.174-0700] {dag.py:3947} INFO - Setting next_dagrun for example_dag_decorator to None, run_after=None
[2025-10-29T19:39:26.184-0700] {processor.py:183} INFO - Processing /opt/miniconda3/envs/airflow_env/lib/python3.11/site-packages/airflow/example_dags/example_dag_decorator.py took 0.193 seconds
[2025-10-29T19:41:56.525-0700] {processor.py:161} INFO - Started process (PID=18401) to work on /opt/miniconda3/envs/airflow_env/lib/python3.11/site-packages/airflow/example_dags/example_dag_decorator.py
[2025-10-29T19:41:56.527-0700] {processor.py:830} INFO - Processing file /opt/miniconda3/envs/airflow_env/lib/python3.11/site-packages/airflow/example_dags/example_dag_decorator.py for tasks to queue
[2025-10-29T19:41:56.527-0700] {logging_mixin.py:188} INFO - [2025-10-29T19:41:56.527-0700] {dagbag.py:545} INFO - Filling up the DagBag from /opt/miniconda3/envs/airflow_env/lib/python3.11/site-packages/airflow/example_dags/example_dag_decorator.py
[2025-10-29T19:41:56.607-0700] {processor.py:840} INFO - DAG(s) 'example_dag_decorator' retrieved from /opt/miniconda3/envs/airflow_env/lib/python3.11/site-packages/airflow/example_dags/example_dag_decorator.py
[2025-10-29T19:41:56.743-0700] {logging_mixin.py:188} INFO - [2025-10-29T19:41:56.743-0700] {dag.py:3089} INFO - Sync 1 DAGs
[2025-10-29T19:41:56.748-0700] {logging_mixin.py:188} INFO - [2025-10-29T19:41:56.748-0700] {dag.py:3947} INFO - Setting next_dagrun for example_dag_decorator to None, run_after=None
[2025-10-29T19:41:56.758-0700] {processor.py:183} INFO - Processing /opt/miniconda3/envs/airflow_env/lib/python3.11/site-packages/airflow/example_dags/example_dag_decorator.py took 0.234 seconds
[2025-10-29T19:44:22.566-0700] {processor.py:161} INFO - Started process (PID=19093) to work on /opt/miniconda3/envs/airflow_env/lib/python3.11/site-packages/airflow/example_dags/example_dag_decorator.py
[2025-10-29T19:44:22.567-0700] {processor.py:830} INFO - Processing file /opt/miniconda3/envs/airflow_env/lib/python3.11/site-packages/airflow/example_dags/example_dag_decorator.py for tasks to queue
[2025-10-29T19:44:22.567-0700] {logging_mixin.py:188} INFO - [2025-10-29T19:44:22.567-0700] {dagbag.py:545} INFO - Filling up the DagBag from /opt/miniconda3/envs/airflow_env/lib/python3.11/site-packages/airflow/example_dags/example_dag_decorator.py
[2025-10-29T19:44:22.625-0700] {processor.py:840} INFO - DAG(s) 'example_dag_decorator' retrieved from /opt/miniconda3/envs/airflow_env/lib/python3.11/site-packages/airflow/example_dags/example_dag_decorator.py
[2025-10-29T19:44:22.761-0700] {logging_mixin.py:188} INFO - [2025-10-29T19:44:22.761-0700] {dag.py:3089} INFO - Sync 1 DAGs
[2025-10-29T19:44:22.766-0700] {logging_mixin.py:188} INFO - [2025-10-29T19:44:22.766-0700] {dag.py:3947} INFO - Setting next_dagrun for example_dag_decorator to None, run_after=None
[2025-10-29T19:44:22.776-0700] {processor.py:183} INFO - Processing /opt/miniconda3/envs/airflow_env/lib/python3.11/site-packages/airflow/example_dags/example_dag_decorator.py took 0.211 seconds
[2025-10-29T19:45:53.336-0700] {processor.py:161} INFO - Started process (PID=19603) to work on /opt/miniconda3/envs/airflow_env/lib/python3.11/site-packages/airflow/example_dags/example_dag_decorator.py
[2025-10-29T19:45:53.336-0700] {processor.py:830} INFO - Processing file /opt/miniconda3/envs/airflow_env/lib/python3.11/site-packages/airflow/example_dags/example_dag_decorator.py for tasks to queue
[2025-10-29T19:45:53.337-0700] {logging_mixin.py:188} INFO - [2025-10-29T19:45:53.337-0700] {dagbag.py:545} INFO - Filling up the DagBag from /opt/miniconda3/envs/airflow_env/lib/python3.11/site-packages/airflow/example_dags/example_dag_decorator.py
[2025-10-29T19:45:53.398-0700] {processor.py:840} INFO - DAG(s) 'example_dag_decorator' retrieved from /opt/miniconda3/envs/airflow_env/lib/python3.11/site-packages/airflow/example_dags/example_dag_decorator.py
[2025-10-29T19:45:53.519-0700] {logging_mixin.py:188} INFO - [2025-10-29T19:45:53.519-0700] {dag.py:3089} INFO - Sync 1 DAGs
[2025-10-29T19:45:53.523-0700] {logging_mixin.py:188} INFO - [2025-10-29T19:45:53.523-0700] {dag.py:3947} INFO - Setting next_dagrun for example_dag_decorator to None, run_after=None
[2025-10-29T19:45:53.533-0700] {processor.py:183} INFO - Processing /opt/miniconda3/envs/airflow_env/lib/python3.11/site-packages/airflow/example_dags/example_dag_decorator.py took 0.199 seconds
[2025-10-29T20:00:33.053-0700] {processor.py:161} INFO - Started process (PID=23152) to work on /opt/miniconda3/envs/airflow_env/lib/python3.11/site-packages/airflow/example_dags/example_dag_decorator.py
[2025-10-29T20:00:33.054-0700] {processor.py:830} INFO - Processing file /opt/miniconda3/envs/airflow_env/lib/python3.11/site-packages/airflow/example_dags/example_dag_decorator.py for tasks to queue
[2025-10-29T20:00:33.054-0700] {logging_mixin.py:188} INFO - [2025-10-29T20:00:33.054-0700] {dagbag.py:545} INFO - Filling up the DagBag from /opt/miniconda3/envs/airflow_env/lib/python3.11/site-packages/airflow/example_dags/example_dag_decorator.py
[2025-10-29T20:00:33.122-0700] {processor.py:840} INFO - DAG(s) 'example_dag_decorator' retrieved from /opt/miniconda3/envs/airflow_env/lib/python3.11/site-packages/airflow/example_dags/example_dag_decorator.py
[2025-10-29T20:00:33.258-0700] {logging_mixin.py:188} INFO - [2025-10-29T20:00:33.258-0700] {dag.py:3089} INFO - Sync 1 DAGs
[2025-10-29T20:00:33.262-0700] {logging_mixin.py:188} INFO - [2025-10-29T20:00:33.262-0700] {dag.py:3947} INFO - Setting next_dagrun for example_dag_decorator to None, run_after=None
[2025-10-29T20:00:33.272-0700] {processor.py:183} INFO - Processing /opt/miniconda3/envs/airflow_env/lib/python3.11/site-packages/airflow/example_dags/example_dag_decorator.py took 0.221 seconds
[2025-10-29T20:01:38.608-0700] {processor.py:161} INFO - Started process (PID=23535) to work on /opt/miniconda3/envs/airflow_env/lib/python3.11/site-packages/airflow/example_dags/example_dag_decorator.py
[2025-10-29T20:01:38.609-0700] {processor.py:830} INFO - Processing file /opt/miniconda3/envs/airflow_env/lib/python3.11/site-packages/airflow/example_dags/example_dag_decorator.py for tasks to queue
[2025-10-29T20:01:38.609-0700] {logging_mixin.py:188} INFO - [2025-10-29T20:01:38.609-0700] {dagbag.py:545} INFO - Filling up the DagBag from /opt/miniconda3/envs/airflow_env/lib/python3.11/site-packages/airflow/example_dags/example_dag_decorator.py
[2025-10-29T20:01:38.675-0700] {processor.py:840} INFO - DAG(s) 'example_dag_decorator' retrieved from /opt/miniconda3/envs/airflow_env/lib/python3.11/site-packages/airflow/example_dags/example_dag_decorator.py
[2025-10-29T20:01:38.792-0700] {logging_mixin.py:188} INFO - [2025-10-29T20:01:38.792-0700] {dag.py:3089} INFO - Sync 1 DAGs
[2025-10-29T20:01:38.796-0700] {logging_mixin.py:188} INFO - [2025-10-29T20:01:38.796-0700] {dag.py:3947} INFO - Setting next_dagrun for example_dag_decorator to None, run_after=None
[2025-10-29T20:01:38.806-0700] {processor.py:183} INFO - Processing /opt/miniconda3/envs/airflow_env/lib/python3.11/site-packages/airflow/example_dags/example_dag_decorator.py took 0.200 seconds
[2025-10-29T20:02:59.016-0700] {processor.py:161} INFO - Started process (PID=23980) to work on /opt/miniconda3/envs/airflow_env/lib/python3.11/site-packages/airflow/example_dags/example_dag_decorator.py
[2025-10-29T20:02:59.016-0700] {processor.py:830} INFO - Processing file /opt/miniconda3/envs/airflow_env/lib/python3.11/site-packages/airflow/example_dags/example_dag_decorator.py for tasks to queue
[2025-10-29T20:02:59.017-0700] {logging_mixin.py:188} INFO - [2025-10-29T20:02:59.016-0700] {dagbag.py:545} INFO - Filling up the DagBag from /opt/miniconda3/envs/airflow_env/lib/python3.11/site-packages/airflow/example_dags/example_dag_decorator.py
[2025-10-29T20:02:59.079-0700] {processor.py:840} INFO - DAG(s) 'example_dag_decorator' retrieved from /opt/miniconda3/envs/airflow_env/lib/python3.11/site-packages/airflow/example_dags/example_dag_decorator.py
[2025-10-29T20:02:59.201-0700] {logging_mixin.py:188} INFO - [2025-10-29T20:02:59.201-0700] {dag.py:3089} INFO - Sync 1 DAGs
[2025-10-29T20:02:59.205-0700] {logging_mixin.py:188} INFO - [2025-10-29T20:02:59.205-0700] {dag.py:3947} INFO - Setting next_dagrun for example_dag_decorator to None, run_after=None
[2025-10-29T20:02:59.215-0700] {processor.py:183} INFO - Processing /opt/miniconda3/envs/airflow_env/lib/python3.11/site-packages/airflow/example_dags/example_dag_decorator.py took 0.201 seconds
[2025-10-29T20:04:04.667-0700] {processor.py:161} INFO - Started process (PID=24361) to work on /opt/miniconda3/envs/airflow_env/lib/python3.11/site-packages/airflow/example_dags/example_dag_decorator.py
[2025-10-29T20:04:04.667-0700] {processor.py:830} INFO - Processing file /opt/miniconda3/envs/airflow_env/lib/python3.11/site-packages/airflow/example_dags/example_dag_decorator.py for tasks to queue
[2025-10-29T20:04:04.668-0700] {logging_mixin.py:188} INFO - [2025-10-29T20:04:04.668-0700] {dagbag.py:545} INFO - Filling up the DagBag from /opt/miniconda3/envs/airflow_env/lib/python3.11/site-packages/airflow/example_dags/example_dag_decorator.py
[2025-10-29T20:04:04.737-0700] {processor.py:840} INFO - DAG(s) 'example_dag_decorator' retrieved from /opt/miniconda3/envs/airflow_env/lib/python3.11/site-packages/airflow/example_dags/example_dag_decorator.py
[2025-10-29T20:04:04.860-0700] {logging_mixin.py:188} INFO - [2025-10-29T20:04:04.860-0700] {dag.py:3089} INFO - Sync 1 DAGs
[2025-10-29T20:04:04.865-0700] {logging_mixin.py:188} INFO - [2025-10-29T20:04:04.865-0700] {dag.py:3947} INFO - Setting next_dagrun for example_dag_decorator to None, run_after=None
[2025-10-29T20:04:04.875-0700] {processor.py:183} INFO - Processing /opt/miniconda3/envs/airflow_env/lib/python3.11/site-packages/airflow/example_dags/example_dag_decorator.py took 0.210 seconds
[2025-10-29T20:05:19.923-0700] {processor.py:161} INFO - Started process (PID=24801) to work on /opt/miniconda3/envs/airflow_env/lib/python3.11/site-packages/airflow/example_dags/example_dag_decorator.py
[2025-10-29T20:05:19.924-0700] {processor.py:830} INFO - Processing file /opt/miniconda3/envs/airflow_env/lib/python3.11/site-packages/airflow/example_dags/example_dag_decorator.py for tasks to queue
[2025-10-29T20:05:19.925-0700] {logging_mixin.py:188} INFO - [2025-10-29T20:05:19.925-0700] {dagbag.py:545} INFO - Filling up the DagBag from /opt/miniconda3/envs/airflow_env/lib/python3.11/site-packages/airflow/example_dags/example_dag_decorator.py
[2025-10-29T20:05:20.007-0700] {processor.py:840} INFO - DAG(s) 'example_dag_decorator' retrieved from /opt/miniconda3/envs/airflow_env/lib/python3.11/site-packages/airflow/example_dags/example_dag_decorator.py
[2025-10-29T20:05:20.150-0700] {logging_mixin.py:188} INFO - [2025-10-29T20:05:20.150-0700] {dag.py:3089} INFO - Sync 1 DAGs
[2025-10-29T20:05:20.155-0700] {logging_mixin.py:188} INFO - [2025-10-29T20:05:20.155-0700] {dag.py:3947} INFO - Setting next_dagrun for example_dag_decorator to None, run_after=None
[2025-10-29T20:05:20.164-0700] {processor.py:183} INFO - Processing /opt/miniconda3/envs/airflow_env/lib/python3.11/site-packages/airflow/example_dags/example_dag_decorator.py took 0.243 seconds
[2025-10-29T20:06:32.880-0700] {processor.py:161} INFO - Started process (PID=25208) to work on /opt/miniconda3/envs/airflow_env/lib/python3.11/site-packages/airflow/example_dags/example_dag_decorator.py
[2025-10-29T20:06:32.880-0700] {processor.py:830} INFO - Processing file /opt/miniconda3/envs/airflow_env/lib/python3.11/site-packages/airflow/example_dags/example_dag_decorator.py for tasks to queue
[2025-10-29T20:06:32.881-0700] {logging_mixin.py:188} INFO - [2025-10-29T20:06:32.881-0700] {dagbag.py:545} INFO - Filling up the DagBag from /opt/miniconda3/envs/airflow_env/lib/python3.11/site-packages/airflow/example_dags/example_dag_decorator.py
[2025-10-29T20:06:32.956-0700] {processor.py:840} INFO - DAG(s) 'example_dag_decorator' retrieved from /opt/miniconda3/envs/airflow_env/lib/python3.11/site-packages/airflow/example_dags/example_dag_decorator.py
[2025-10-29T20:06:33.075-0700] {logging_mixin.py:188} INFO - [2025-10-29T20:06:33.075-0700] {dag.py:3089} INFO - Sync 1 DAGs
[2025-10-29T20:06:33.079-0700] {logging_mixin.py:188} INFO - [2025-10-29T20:06:33.079-0700] {dag.py:3947} INFO - Setting next_dagrun for example_dag_decorator to None, run_after=None
[2025-10-29T20:06:33.089-0700] {processor.py:183} INFO - Processing /opt/miniconda3/envs/airflow_env/lib/python3.11/site-packages/airflow/example_dags/example_dag_decorator.py took 0.211 seconds
[2025-10-29T20:07:47.423-0700] {processor.py:161} INFO - Started process (PID=25632) to work on /opt/miniconda3/envs/airflow_env/lib/python3.11/site-packages/airflow/example_dags/example_dag_decorator.py
[2025-10-29T20:07:47.423-0700] {processor.py:830} INFO - Processing file /opt/miniconda3/envs/airflow_env/lib/python3.11/site-packages/airflow/example_dags/example_dag_decorator.py for tasks to queue
[2025-10-29T20:07:47.424-0700] {logging_mixin.py:188} INFO - [2025-10-29T20:07:47.424-0700] {dagbag.py:545} INFO - Filling up the DagBag from /opt/miniconda3/envs/airflow_env/lib/python3.11/site-packages/airflow/example_dags/example_dag_decorator.py
[2025-10-29T20:07:47.494-0700] {processor.py:840} INFO - DAG(s) 'example_dag_decorator' retrieved from /opt/miniconda3/envs/airflow_env/lib/python3.11/site-packages/airflow/example_dags/example_dag_decorator.py
[2025-10-29T20:07:47.618-0700] {logging_mixin.py:188} INFO - [2025-10-29T20:07:47.618-0700] {dag.py:3089} INFO - Sync 1 DAGs
[2025-10-29T20:07:47.623-0700] {logging_mixin.py:188} INFO - [2025-10-29T20:07:47.623-0700] {dag.py:3947} INFO - Setting next_dagrun for example_dag_decorator to None, run_after=None
[2025-10-29T20:07:47.633-0700] {processor.py:183} INFO - Processing /opt/miniconda3/envs/airflow_env/lib/python3.11/site-packages/airflow/example_dags/example_dag_decorator.py took 0.212 seconds
[2025-10-29T20:08:57.109-0700] {processor.py:161} INFO - Started process (PID=26029) to work on /opt/miniconda3/envs/airflow_env/lib/python3.11/site-packages/airflow/example_dags/example_dag_decorator.py
[2025-10-29T20:08:57.109-0700] {processor.py:830} INFO - Processing file /opt/miniconda3/envs/airflow_env/lib/python3.11/site-packages/airflow/example_dags/example_dag_decorator.py for tasks to queue
[2025-10-29T20:08:57.110-0700] {logging_mixin.py:188} INFO - [2025-10-29T20:08:57.110-0700] {dagbag.py:545} INFO - Filling up the DagBag from /opt/miniconda3/envs/airflow_env/lib/python3.11/site-packages/airflow/example_dags/example_dag_decorator.py
[2025-10-29T20:08:57.188-0700] {processor.py:840} INFO - DAG(s) 'example_dag_decorator' retrieved from /opt/miniconda3/envs/airflow_env/lib/python3.11/site-packages/airflow/example_dags/example_dag_decorator.py
[2025-10-29T20:08:57.308-0700] {logging_mixin.py:188} INFO - [2025-10-29T20:08:57.307-0700] {dag.py:3089} INFO - Sync 1 DAGs
[2025-10-29T20:08:57.312-0700] {logging_mixin.py:188} INFO - [2025-10-29T20:08:57.312-0700] {dag.py:3947} INFO - Setting next_dagrun for example_dag_decorator to None, run_after=None
[2025-10-29T20:08:57.322-0700] {processor.py:183} INFO - Processing /opt/miniconda3/envs/airflow_env/lib/python3.11/site-packages/airflow/example_dags/example_dag_decorator.py took 0.216 seconds
[2025-10-29T20:10:17.999-0700] {processor.py:161} INFO - Started process (PID=26252) to work on /opt/miniconda3/envs/airflow_env/lib/python3.11/site-packages/airflow/example_dags/example_dag_decorator.py
[2025-10-29T20:10:18.000-0700] {processor.py:830} INFO - Processing file /opt/miniconda3/envs/airflow_env/lib/python3.11/site-packages/airflow/example_dags/example_dag_decorator.py for tasks to queue
[2025-10-29T20:10:18.000-0700] {logging_mixin.py:188} INFO - [2025-10-29T20:10:18.000-0700] {dagbag.py:545} INFO - Filling up the DagBag from /opt/miniconda3/envs/airflow_env/lib/python3.11/site-packages/airflow/example_dags/example_dag_decorator.py
[2025-10-29T20:10:18.070-0700] {processor.py:840} INFO - DAG(s) 'example_dag_decorator' retrieved from /opt/miniconda3/envs/airflow_env/lib/python3.11/site-packages/airflow/example_dags/example_dag_decorator.py
[2025-10-29T20:10:18.190-0700] {logging_mixin.py:188} INFO - [2025-10-29T20:10:18.190-0700] {dag.py:3089} INFO - Sync 1 DAGs
[2025-10-29T20:10:18.195-0700] {logging_mixin.py:188} INFO - [2025-10-29T20:10:18.194-0700] {dag.py:3947} INFO - Setting next_dagrun for example_dag_decorator to None, run_after=None
[2025-10-29T20:10:18.204-0700] {processor.py:183} INFO - Processing /opt/miniconda3/envs/airflow_env/lib/python3.11/site-packages/airflow/example_dags/example_dag_decorator.py took 0.207 seconds
[2025-10-29T20:11:27.828-0700] {processor.py:161} INFO - Started process (PID=26468) to work on /opt/miniconda3/envs/airflow_env/lib/python3.11/site-packages/airflow/example_dags/example_dag_decorator.py
[2025-10-29T20:11:27.829-0700] {processor.py:830} INFO - Processing file /opt/miniconda3/envs/airflow_env/lib/python3.11/site-packages/airflow/example_dags/example_dag_decorator.py for tasks to queue
[2025-10-29T20:11:27.830-0700] {logging_mixin.py:188} INFO - [2025-10-29T20:11:27.830-0700] {dagbag.py:545} INFO - Filling up the DagBag from /opt/miniconda3/envs/airflow_env/lib/python3.11/site-packages/airflow/example_dags/example_dag_decorator.py
[2025-10-29T20:11:27.897-0700] {processor.py:840} INFO - DAG(s) 'example_dag_decorator' retrieved from /opt/miniconda3/envs/airflow_env/lib/python3.11/site-packages/airflow/example_dags/example_dag_decorator.py
[2025-10-29T20:11:28.036-0700] {logging_mixin.py:188} INFO - [2025-10-29T20:11:28.036-0700] {dag.py:3089} INFO - Sync 1 DAGs
[2025-10-29T20:11:28.040-0700] {logging_mixin.py:188} INFO - [2025-10-29T20:11:28.040-0700] {dag.py:3947} INFO - Setting next_dagrun for example_dag_decorator to None, run_after=None
[2025-10-29T20:11:28.051-0700] {processor.py:183} INFO - Processing /opt/miniconda3/envs/airflow_env/lib/python3.11/site-packages/airflow/example_dags/example_dag_decorator.py took 0.224 seconds
[2025-10-29T20:12:54.852-0700] {processor.py:161} INFO - Started process (PID=26770) to work on /opt/miniconda3/envs/airflow_env/lib/python3.11/site-packages/airflow/example_dags/example_dag_decorator.py
[2025-10-29T20:12:54.852-0700] {processor.py:830} INFO - Processing file /opt/miniconda3/envs/airflow_env/lib/python3.11/site-packages/airflow/example_dags/example_dag_decorator.py for tasks to queue
[2025-10-29T20:12:54.853-0700] {logging_mixin.py:188} INFO - [2025-10-29T20:12:54.853-0700] {dagbag.py:545} INFO - Filling up the DagBag from /opt/miniconda3/envs/airflow_env/lib/python3.11/site-packages/airflow/example_dags/example_dag_decorator.py
[2025-10-29T20:12:54.962-0700] {processor.py:840} INFO - DAG(s) 'example_dag_decorator' retrieved from /opt/miniconda3/envs/airflow_env/lib/python3.11/site-packages/airflow/example_dags/example_dag_decorator.py
[2025-10-29T20:12:55.166-0700] {logging_mixin.py:188} INFO - [2025-10-29T20:12:55.166-0700] {dag.py:3089} INFO - Sync 1 DAGs
[2025-10-29T20:12:55.173-0700] {logging_mixin.py:188} INFO - [2025-10-29T20:12:55.173-0700] {dag.py:3947} INFO - Setting next_dagrun for example_dag_decorator to None, run_after=None
[2025-10-29T20:12:55.189-0700] {processor.py:183} INFO - Processing /opt/miniconda3/envs/airflow_env/lib/python3.11/site-packages/airflow/example_dags/example_dag_decorator.py took 0.341 seconds
[2025-10-29T20:13:01.195-0700] {processor.py:161} INFO - Started process (PID=26793) to work on /opt/miniconda3/envs/airflow_env/lib/python3.11/site-packages/airflow/example_dags/example_dag_decorator.py
[2025-10-29T20:13:01.196-0700] {processor.py:830} INFO - Processing file /opt/miniconda3/envs/airflow_env/lib/python3.11/site-packages/airflow/example_dags/example_dag_decorator.py for tasks to queue
[2025-10-29T20:13:01.196-0700] {logging_mixin.py:188} INFO - [2025-10-29T20:13:01.196-0700] {dagbag.py:545} INFO - Filling up the DagBag from /opt/miniconda3/envs/airflow_env/lib/python3.11/site-packages/airflow/example_dags/example_dag_decorator.py
[2025-10-29T20:13:01.290-0700] {processor.py:840} INFO - DAG(s) 'example_dag_decorator' retrieved from /opt/miniconda3/envs/airflow_env/lib/python3.11/site-packages/airflow/example_dags/example_dag_decorator.py
[2025-10-29T20:13:01.299-0700] {logging_mixin.py:188} INFO - [2025-10-29T20:13:01.298-0700] {dag.py:3089} INFO - Sync 1 DAGs
[2025-10-29T20:13:01.386-0700] {logging_mixin.py:188} INFO - [2025-10-29T20:13:01.386-0700] {dag.py:3947} INFO - Setting next_dagrun for example_dag_decorator to None, run_after=None
[2025-10-29T20:13:01.397-0700] {processor.py:183} INFO - Processing /opt/miniconda3/envs/airflow_env/lib/python3.11/site-packages/airflow/example_dags/example_dag_decorator.py took 0.206 seconds
[2025-10-29T20:14:11.930-0700] {processor.py:161} INFO - Started process (PID=27045) to work on /opt/miniconda3/envs/airflow_env/lib/python3.11/site-packages/airflow/example_dags/example_dag_decorator.py
[2025-10-29T20:14:11.931-0700] {processor.py:830} INFO - Processing file /opt/miniconda3/envs/airflow_env/lib/python3.11/site-packages/airflow/example_dags/example_dag_decorator.py for tasks to queue
[2025-10-29T20:14:11.931-0700] {logging_mixin.py:188} INFO - [2025-10-29T20:14:11.931-0700] {dagbag.py:545} INFO - Filling up the DagBag from /opt/miniconda3/envs/airflow_env/lib/python3.11/site-packages/airflow/example_dags/example_dag_decorator.py
[2025-10-29T20:14:12.012-0700] {processor.py:840} INFO - DAG(s) 'example_dag_decorator' retrieved from /opt/miniconda3/envs/airflow_env/lib/python3.11/site-packages/airflow/example_dags/example_dag_decorator.py
[2025-10-29T20:14:12.172-0700] {logging_mixin.py:188} INFO - [2025-10-29T20:14:12.172-0700] {dag.py:3089} INFO - Sync 1 DAGs
[2025-10-29T20:14:12.178-0700] {logging_mixin.py:188} INFO - [2025-10-29T20:14:12.178-0700] {dag.py:3947} INFO - Setting next_dagrun for example_dag_decorator to None, run_after=None
[2025-10-29T20:14:12.190-0700] {processor.py:183} INFO - Processing /opt/miniconda3/envs/airflow_env/lib/python3.11/site-packages/airflow/example_dags/example_dag_decorator.py took 0.263 seconds
[2025-10-29T20:15:44.019-0700] {processor.py:161} INFO - Started process (PID=27349) to work on /opt/miniconda3/envs/airflow_env/lib/python3.11/site-packages/airflow/example_dags/example_dag_decorator.py
[2025-10-29T20:15:44.020-0700] {processor.py:830} INFO - Processing file /opt/miniconda3/envs/airflow_env/lib/python3.11/site-packages/airflow/example_dags/example_dag_decorator.py for tasks to queue
[2025-10-29T20:15:44.020-0700] {logging_mixin.py:188} INFO - [2025-10-29T20:15:44.020-0700] {dagbag.py:545} INFO - Filling up the DagBag from /opt/miniconda3/envs/airflow_env/lib/python3.11/site-packages/airflow/example_dags/example_dag_decorator.py
[2025-10-29T20:15:44.099-0700] {processor.py:840} INFO - DAG(s) 'example_dag_decorator' retrieved from /opt/miniconda3/envs/airflow_env/lib/python3.11/site-packages/airflow/example_dags/example_dag_decorator.py
[2025-10-29T20:15:44.280-0700] {logging_mixin.py:188} INFO - [2025-10-29T20:15:44.279-0700] {dag.py:3089} INFO - Sync 1 DAGs
[2025-10-29T20:15:44.287-0700] {logging_mixin.py:188} INFO - [2025-10-29T20:15:44.287-0700] {dag.py:3947} INFO - Setting next_dagrun for example_dag_decorator to None, run_after=None
[2025-10-29T20:15:44.304-0700] {processor.py:183} INFO - Processing /opt/miniconda3/envs/airflow_env/lib/python3.11/site-packages/airflow/example_dags/example_dag_decorator.py took 0.288 seconds
[2025-10-29T20:15:47.602-0700] {processor.py:161} INFO - Started process (PID=27358) to work on /opt/miniconda3/envs/airflow_env/lib/python3.11/site-packages/airflow/example_dags/example_dag_decorator.py
[2025-10-29T20:15:47.603-0700] {processor.py:830} INFO - Processing file /opt/miniconda3/envs/airflow_env/lib/python3.11/site-packages/airflow/example_dags/example_dag_decorator.py for tasks to queue
[2025-10-29T20:15:47.603-0700] {logging_mixin.py:188} INFO - [2025-10-29T20:15:47.603-0700] {dagbag.py:545} INFO - Filling up the DagBag from /opt/miniconda3/envs/airflow_env/lib/python3.11/site-packages/airflow/example_dags/example_dag_decorator.py
[2025-10-29T20:15:47.681-0700] {processor.py:840} INFO - DAG(s) 'example_dag_decorator' retrieved from /opt/miniconda3/envs/airflow_env/lib/python3.11/site-packages/airflow/example_dags/example_dag_decorator.py
[2025-10-29T20:15:47.690-0700] {logging_mixin.py:188} INFO - [2025-10-29T20:15:47.690-0700] {dag.py:3089} INFO - Sync 1 DAGs
[2025-10-29T20:15:47.788-0700] {logging_mixin.py:188} INFO - [2025-10-29T20:15:47.787-0700] {dag.py:3947} INFO - Setting next_dagrun for example_dag_decorator to None, run_after=None
[2025-10-29T20:15:47.801-0700] {processor.py:183} INFO - Processing /opt/miniconda3/envs/airflow_env/lib/python3.11/site-packages/airflow/example_dags/example_dag_decorator.py took 0.202 seconds
[2025-10-29T20:17:09.561-0700] {processor.py:161} INFO - Started process (PID=27639) to work on /opt/miniconda3/envs/airflow_env/lib/python3.11/site-packages/airflow/example_dags/example_dag_decorator.py
[2025-10-29T20:17:09.563-0700] {processor.py:830} INFO - Processing file /opt/miniconda3/envs/airflow_env/lib/python3.11/site-packages/airflow/example_dags/example_dag_decorator.py for tasks to queue
[2025-10-29T20:17:09.563-0700] {logging_mixin.py:188} INFO - [2025-10-29T20:17:09.563-0700] {dagbag.py:545} INFO - Filling up the DagBag from /opt/miniconda3/envs/airflow_env/lib/python3.11/site-packages/airflow/example_dags/example_dag_decorator.py
[2025-10-29T20:17:09.670-0700] {processor.py:840} INFO - DAG(s) 'example_dag_decorator' retrieved from /opt/miniconda3/envs/airflow_env/lib/python3.11/site-packages/airflow/example_dags/example_dag_decorator.py
[2025-10-29T20:17:09.848-0700] {logging_mixin.py:188} INFO - [2025-10-29T20:17:09.847-0700] {dag.py:3089} INFO - Sync 1 DAGs
[2025-10-29T20:17:09.854-0700] {logging_mixin.py:188} INFO - [2025-10-29T20:17:09.853-0700] {dag.py:3947} INFO - Setting next_dagrun for example_dag_decorator to None, run_after=None
[2025-10-29T20:17:09.867-0700] {processor.py:183} INFO - Processing /opt/miniconda3/envs/airflow_env/lib/python3.11/site-packages/airflow/example_dags/example_dag_decorator.py took 0.309 seconds
[2025-10-29T20:18:45.211-0700] {processor.py:161} INFO - Started process (PID=27952) to work on /opt/miniconda3/envs/airflow_env/lib/python3.11/site-packages/airflow/example_dags/example_dag_decorator.py
[2025-10-29T20:18:45.212-0700] {processor.py:830} INFO - Processing file /opt/miniconda3/envs/airflow_env/lib/python3.11/site-packages/airflow/example_dags/example_dag_decorator.py for tasks to queue
[2025-10-29T20:18:45.213-0700] {logging_mixin.py:188} INFO - [2025-10-29T20:18:45.213-0700] {dagbag.py:545} INFO - Filling up the DagBag from /opt/miniconda3/envs/airflow_env/lib/python3.11/site-packages/airflow/example_dags/example_dag_decorator.py
[2025-10-29T20:18:45.312-0700] {processor.py:840} INFO - DAG(s) 'example_dag_decorator' retrieved from /opt/miniconda3/envs/airflow_env/lib/python3.11/site-packages/airflow/example_dags/example_dag_decorator.py
[2025-10-29T20:18:45.554-0700] {logging_mixin.py:188} INFO - [2025-10-29T20:18:45.554-0700] {dag.py:3089} INFO - Sync 1 DAGs
[2025-10-29T20:18:45.562-0700] {logging_mixin.py:188} INFO - [2025-10-29T20:18:45.562-0700] {dag.py:3947} INFO - Setting next_dagrun for example_dag_decorator to None, run_after=None
[2025-10-29T20:18:45.578-0700] {processor.py:183} INFO - Processing /opt/miniconda3/envs/airflow_env/lib/python3.11/site-packages/airflow/example_dags/example_dag_decorator.py took 0.369 seconds
[2025-10-29T20:18:48.517-0700] {processor.py:161} INFO - Started process (PID=27960) to work on /opt/miniconda3/envs/airflow_env/lib/python3.11/site-packages/airflow/example_dags/example_dag_decorator.py
[2025-10-29T20:18:48.518-0700] {processor.py:830} INFO - Processing file /opt/miniconda3/envs/airflow_env/lib/python3.11/site-packages/airflow/example_dags/example_dag_decorator.py for tasks to queue
[2025-10-29T20:18:48.519-0700] {logging_mixin.py:188} INFO - [2025-10-29T20:18:48.518-0700] {dagbag.py:545} INFO - Filling up the DagBag from /opt/miniconda3/envs/airflow_env/lib/python3.11/site-packages/airflow/example_dags/example_dag_decorator.py
[2025-10-29T20:18:48.590-0700] {processor.py:840} INFO - DAG(s) 'example_dag_decorator' retrieved from /opt/miniconda3/envs/airflow_env/lib/python3.11/site-packages/airflow/example_dags/example_dag_decorator.py
[2025-10-29T20:18:48.598-0700] {logging_mixin.py:188} INFO - [2025-10-29T20:18:48.598-0700] {dag.py:3089} INFO - Sync 1 DAGs
[2025-10-29T20:18:48.678-0700] {logging_mixin.py:188} INFO - [2025-10-29T20:18:48.678-0700] {dag.py:3947} INFO - Setting next_dagrun for example_dag_decorator to None, run_after=None
[2025-10-29T20:18:48.690-0700] {processor.py:183} INFO - Processing /opt/miniconda3/envs/airflow_env/lib/python3.11/site-packages/airflow/example_dags/example_dag_decorator.py took 0.175 seconds
[2025-10-29T20:20:08.323-0700] {processor.py:161} INFO - Started process (PID=28216) to work on /opt/miniconda3/envs/airflow_env/lib/python3.11/site-packages/airflow/example_dags/example_dag_decorator.py
[2025-10-29T20:20:08.325-0700] {processor.py:830} INFO - Processing file /opt/miniconda3/envs/airflow_env/lib/python3.11/site-packages/airflow/example_dags/example_dag_decorator.py for tasks to queue
[2025-10-29T20:20:08.325-0700] {logging_mixin.py:188} INFO - [2025-10-29T20:20:08.325-0700] {dagbag.py:545} INFO - Filling up the DagBag from /opt/miniconda3/envs/airflow_env/lib/python3.11/site-packages/airflow/example_dags/example_dag_decorator.py
[2025-10-29T20:20:08.397-0700] {processor.py:840} INFO - DAG(s) 'example_dag_decorator' retrieved from /opt/miniconda3/envs/airflow_env/lib/python3.11/site-packages/airflow/example_dags/example_dag_decorator.py
[2025-10-29T20:20:08.548-0700] {logging_mixin.py:188} INFO - [2025-10-29T20:20:08.548-0700] {dag.py:3089} INFO - Sync 1 DAGs
[2025-10-29T20:20:08.554-0700] {logging_mixin.py:188} INFO - [2025-10-29T20:20:08.554-0700] {dag.py:3947} INFO - Setting next_dagrun for example_dag_decorator to None, run_after=None
[2025-10-29T20:20:08.567-0700] {processor.py:183} INFO - Processing /opt/miniconda3/envs/airflow_env/lib/python3.11/site-packages/airflow/example_dags/example_dag_decorator.py took 0.246 seconds
[2025-10-29T20:21:53.988-0700] {processor.py:161} INFO - Started process (PID=28581) to work on /opt/miniconda3/envs/airflow_env/lib/python3.11/site-packages/airflow/example_dags/example_dag_decorator.py
[2025-10-29T20:21:53.989-0700] {processor.py:830} INFO - Processing file /opt/miniconda3/envs/airflow_env/lib/python3.11/site-packages/airflow/example_dags/example_dag_decorator.py for tasks to queue
[2025-10-29T20:21:53.990-0700] {logging_mixin.py:188} INFO - [2025-10-29T20:21:53.989-0700] {dagbag.py:545} INFO - Filling up the DagBag from /opt/miniconda3/envs/airflow_env/lib/python3.11/site-packages/airflow/example_dags/example_dag_decorator.py
[2025-10-29T20:21:54.066-0700] {processor.py:840} INFO - DAG(s) 'example_dag_decorator' retrieved from /opt/miniconda3/envs/airflow_env/lib/python3.11/site-packages/airflow/example_dags/example_dag_decorator.py
[2025-10-29T20:21:54.227-0700] {logging_mixin.py:188} INFO - [2025-10-29T20:21:54.226-0700] {dag.py:3089} INFO - Sync 1 DAGs
[2025-10-29T20:21:54.233-0700] {logging_mixin.py:188} INFO - [2025-10-29T20:21:54.233-0700] {dag.py:3947} INFO - Setting next_dagrun for example_dag_decorator to None, run_after=None
[2025-10-29T20:21:54.246-0700] {processor.py:183} INFO - Processing /opt/miniconda3/envs/airflow_env/lib/python3.11/site-packages/airflow/example_dags/example_dag_decorator.py took 0.260 seconds
[2025-10-29T20:22:00.829-0700] {processor.py:161} INFO - Started process (PID=28604) to work on /opt/miniconda3/envs/airflow_env/lib/python3.11/site-packages/airflow/example_dags/example_dag_decorator.py
[2025-10-29T20:22:00.830-0700] {processor.py:830} INFO - Processing file /opt/miniconda3/envs/airflow_env/lib/python3.11/site-packages/airflow/example_dags/example_dag_decorator.py for tasks to queue
[2025-10-29T20:22:00.831-0700] {logging_mixin.py:188} INFO - [2025-10-29T20:22:00.831-0700] {dagbag.py:545} INFO - Filling up the DagBag from /opt/miniconda3/envs/airflow_env/lib/python3.11/site-packages/airflow/example_dags/example_dag_decorator.py
[2025-10-29T20:22:00.912-0700] {processor.py:840} INFO - DAG(s) 'example_dag_decorator' retrieved from /opt/miniconda3/envs/airflow_env/lib/python3.11/site-packages/airflow/example_dags/example_dag_decorator.py
[2025-10-29T20:22:00.921-0700] {logging_mixin.py:188} INFO - [2025-10-29T20:22:00.920-0700] {dag.py:3089} INFO - Sync 1 DAGs
[2025-10-29T20:22:01.006-0700] {logging_mixin.py:188} INFO - [2025-10-29T20:22:01.006-0700] {dag.py:3947} INFO - Setting next_dagrun for example_dag_decorator to None, run_after=None
[2025-10-29T20:22:01.018-0700] {processor.py:183} INFO - Processing /opt/miniconda3/envs/airflow_env/lib/python3.11/site-packages/airflow/example_dags/example_dag_decorator.py took 0.192 seconds
[2025-10-29T20:23:23.100-0700] {processor.py:161} INFO - Started process (PID=28897) to work on /opt/miniconda3/envs/airflow_env/lib/python3.11/site-packages/airflow/example_dags/example_dag_decorator.py
[2025-10-29T20:23:23.101-0700] {processor.py:830} INFO - Processing file /opt/miniconda3/envs/airflow_env/lib/python3.11/site-packages/airflow/example_dags/example_dag_decorator.py for tasks to queue
[2025-10-29T20:23:23.102-0700] {logging_mixin.py:188} INFO - [2025-10-29T20:23:23.102-0700] {dagbag.py:545} INFO - Filling up the DagBag from /opt/miniconda3/envs/airflow_env/lib/python3.11/site-packages/airflow/example_dags/example_dag_decorator.py
[2025-10-29T20:23:23.221-0700] {processor.py:840} INFO - DAG(s) 'example_dag_decorator' retrieved from /opt/miniconda3/envs/airflow_env/lib/python3.11/site-packages/airflow/example_dags/example_dag_decorator.py
[2025-10-29T20:23:23.425-0700] {logging_mixin.py:188} INFO - [2025-10-29T20:23:23.424-0700] {dag.py:3089} INFO - Sync 1 DAGs
[2025-10-29T20:23:23.431-0700] {logging_mixin.py:188} INFO - [2025-10-29T20:23:23.431-0700] {dag.py:3947} INFO - Setting next_dagrun for example_dag_decorator to None, run_after=None
[2025-10-29T20:23:23.446-0700] {processor.py:183} INFO - Processing /opt/miniconda3/envs/airflow_env/lib/python3.11/site-packages/airflow/example_dags/example_dag_decorator.py took 0.349 seconds
[2025-10-29T20:25:13.501-0700] {processor.py:161} INFO - Started process (PID=29251) to work on /opt/miniconda3/envs/airflow_env/lib/python3.11/site-packages/airflow/example_dags/example_dag_decorator.py
[2025-10-29T20:25:13.502-0700] {processor.py:830} INFO - Processing file /opt/miniconda3/envs/airflow_env/lib/python3.11/site-packages/airflow/example_dags/example_dag_decorator.py for tasks to queue
[2025-10-29T20:25:13.502-0700] {logging_mixin.py:188} INFO - [2025-10-29T20:25:13.502-0700] {dagbag.py:545} INFO - Filling up the DagBag from /opt/miniconda3/envs/airflow_env/lib/python3.11/site-packages/airflow/example_dags/example_dag_decorator.py
[2025-10-29T20:25:13.573-0700] {processor.py:840} INFO - DAG(s) 'example_dag_decorator' retrieved from /opt/miniconda3/envs/airflow_env/lib/python3.11/site-packages/airflow/example_dags/example_dag_decorator.py
[2025-10-29T20:25:13.701-0700] {logging_mixin.py:188} INFO - [2025-10-29T20:25:13.701-0700] {dag.py:3089} INFO - Sync 1 DAGs
[2025-10-29T20:25:13.706-0700] {logging_mixin.py:188} INFO - [2025-10-29T20:25:13.706-0700] {dag.py:3947} INFO - Setting next_dagrun for example_dag_decorator to None, run_after=None
[2025-10-29T20:25:13.718-0700] {processor.py:183} INFO - Processing /opt/miniconda3/envs/airflow_env/lib/python3.11/site-packages/airflow/example_dags/example_dag_decorator.py took 0.219 seconds
[2025-10-29T20:25:14.575-0700] {processor.py:161} INFO - Started process (PID=29253) to work on /opt/miniconda3/envs/airflow_env/lib/python3.11/site-packages/airflow/example_dags/example_dag_decorator.py
[2025-10-29T20:25:14.575-0700] {processor.py:830} INFO - Processing file /opt/miniconda3/envs/airflow_env/lib/python3.11/site-packages/airflow/example_dags/example_dag_decorator.py for tasks to queue
[2025-10-29T20:25:14.576-0700] {logging_mixin.py:188} INFO - [2025-10-29T20:25:14.576-0700] {dagbag.py:545} INFO - Filling up the DagBag from /opt/miniconda3/envs/airflow_env/lib/python3.11/site-packages/airflow/example_dags/example_dag_decorator.py
[2025-10-29T20:25:14.653-0700] {processor.py:840} INFO - DAG(s) 'example_dag_decorator' retrieved from /opt/miniconda3/envs/airflow_env/lib/python3.11/site-packages/airflow/example_dags/example_dag_decorator.py
[2025-10-29T20:25:14.662-0700] {logging_mixin.py:188} INFO - [2025-10-29T20:25:14.662-0700] {dag.py:3089} INFO - Sync 1 DAGs
[2025-10-29T20:25:14.750-0700] {logging_mixin.py:188} INFO - [2025-10-29T20:25:14.750-0700] {dag.py:3947} INFO - Setting next_dagrun for example_dag_decorator to None, run_after=None
[2025-10-29T20:25:14.762-0700] {processor.py:183} INFO - Processing /opt/miniconda3/envs/airflow_env/lib/python3.11/site-packages/airflow/example_dags/example_dag_decorator.py took 0.190 seconds
[2025-10-29T20:26:14.474-0700] {processor.py:161} INFO - Started process (PID=29465) to work on /opt/miniconda3/envs/airflow_env/lib/python3.11/site-packages/airflow/example_dags/example_dag_decorator.py
[2025-10-29T20:26:14.475-0700] {processor.py:830} INFO - Processing file /opt/miniconda3/envs/airflow_env/lib/python3.11/site-packages/airflow/example_dags/example_dag_decorator.py for tasks to queue
[2025-10-29T20:26:14.476-0700] {logging_mixin.py:188} INFO - [2025-10-29T20:26:14.476-0700] {dagbag.py:545} INFO - Filling up the DagBag from /opt/miniconda3/envs/airflow_env/lib/python3.11/site-packages/airflow/example_dags/example_dag_decorator.py
[2025-10-29T20:26:14.580-0700] {processor.py:840} INFO - DAG(s) 'example_dag_decorator' retrieved from /opt/miniconda3/envs/airflow_env/lib/python3.11/site-packages/airflow/example_dags/example_dag_decorator.py
[2025-10-29T20:26:14.752-0700] {logging_mixin.py:188} INFO - [2025-10-29T20:26:14.752-0700] {dag.py:3089} INFO - Sync 1 DAGs
[2025-10-29T20:26:14.759-0700] {logging_mixin.py:188} INFO - [2025-10-29T20:26:14.758-0700] {dag.py:3947} INFO - Setting next_dagrun for example_dag_decorator to None, run_after=None
[2025-10-29T20:26:14.772-0700] {processor.py:183} INFO - Processing /opt/miniconda3/envs/airflow_env/lib/python3.11/site-packages/airflow/example_dags/example_dag_decorator.py took 0.302 seconds
[2025-10-29T20:27:58.596-0700] {processor.py:161} INFO - Started process (PID=29827) to work on /opt/miniconda3/envs/airflow_env/lib/python3.11/site-packages/airflow/example_dags/example_dag_decorator.py
[2025-10-29T20:27:58.596-0700] {processor.py:830} INFO - Processing file /opt/miniconda3/envs/airflow_env/lib/python3.11/site-packages/airflow/example_dags/example_dag_decorator.py for tasks to queue
[2025-10-29T20:27:58.597-0700] {logging_mixin.py:188} INFO - [2025-10-29T20:27:58.596-0700] {dagbag.py:545} INFO - Filling up the DagBag from /opt/miniconda3/envs/airflow_env/lib/python3.11/site-packages/airflow/example_dags/example_dag_decorator.py
[2025-10-29T20:27:58.659-0700] {processor.py:840} INFO - DAG(s) 'example_dag_decorator' retrieved from /opt/miniconda3/envs/airflow_env/lib/python3.11/site-packages/airflow/example_dags/example_dag_decorator.py
[2025-10-29T20:27:58.790-0700] {logging_mixin.py:188} INFO - [2025-10-29T20:27:58.790-0700] {dag.py:3089} INFO - Sync 1 DAGs
[2025-10-29T20:27:58.795-0700] {logging_mixin.py:188} INFO - [2025-10-29T20:27:58.795-0700] {dag.py:3947} INFO - Setting next_dagrun for example_dag_decorator to None, run_after=None
[2025-10-29T20:27:58.806-0700] {processor.py:183} INFO - Processing /opt/miniconda3/envs/airflow_env/lib/python3.11/site-packages/airflow/example_dags/example_dag_decorator.py took 0.213 seconds
[2025-10-29T20:28:01.455-0700] {processor.py:161} INFO - Started process (PID=29836) to work on /opt/miniconda3/envs/airflow_env/lib/python3.11/site-packages/airflow/example_dags/example_dag_decorator.py
[2025-10-29T20:28:01.456-0700] {processor.py:830} INFO - Processing file /opt/miniconda3/envs/airflow_env/lib/python3.11/site-packages/airflow/example_dags/example_dag_decorator.py for tasks to queue
[2025-10-29T20:28:01.457-0700] {logging_mixin.py:188} INFO - [2025-10-29T20:28:01.456-0700] {dagbag.py:545} INFO - Filling up the DagBag from /opt/miniconda3/envs/airflow_env/lib/python3.11/site-packages/airflow/example_dags/example_dag_decorator.py
[2025-10-29T20:28:01.532-0700] {processor.py:840} INFO - DAG(s) 'example_dag_decorator' retrieved from /opt/miniconda3/envs/airflow_env/lib/python3.11/site-packages/airflow/example_dags/example_dag_decorator.py
[2025-10-29T20:28:01.541-0700] {logging_mixin.py:188} INFO - [2025-10-29T20:28:01.541-0700] {dag.py:3089} INFO - Sync 1 DAGs
[2025-10-29T20:28:01.630-0700] {logging_mixin.py:188} INFO - [2025-10-29T20:28:01.630-0700] {dag.py:3947} INFO - Setting next_dagrun for example_dag_decorator to None, run_after=None
[2025-10-29T20:28:01.641-0700] {processor.py:183} INFO - Processing /opt/miniconda3/envs/airflow_env/lib/python3.11/site-packages/airflow/example_dags/example_dag_decorator.py took 0.189 seconds
[2025-10-29T20:29:05.043-0700] {processor.py:161} INFO - Started process (PID=30054) to work on /opt/miniconda3/envs/airflow_env/lib/python3.11/site-packages/airflow/example_dags/example_dag_decorator.py
[2025-10-29T20:29:05.045-0700] {processor.py:830} INFO - Processing file /opt/miniconda3/envs/airflow_env/lib/python3.11/site-packages/airflow/example_dags/example_dag_decorator.py for tasks to queue
[2025-10-29T20:29:05.045-0700] {logging_mixin.py:188} INFO - [2025-10-29T20:29:05.045-0700] {dagbag.py:545} INFO - Filling up the DagBag from /opt/miniconda3/envs/airflow_env/lib/python3.11/site-packages/airflow/example_dags/example_dag_decorator.py
[2025-10-29T20:29:05.141-0700] {processor.py:840} INFO - DAG(s) 'example_dag_decorator' retrieved from /opt/miniconda3/envs/airflow_env/lib/python3.11/site-packages/airflow/example_dags/example_dag_decorator.py
[2025-10-29T20:29:05.337-0700] {logging_mixin.py:188} INFO - [2025-10-29T20:29:05.336-0700] {dag.py:3089} INFO - Sync 1 DAGs
[2025-10-29T20:29:05.344-0700] {logging_mixin.py:188} INFO - [2025-10-29T20:29:05.344-0700] {dag.py:3947} INFO - Setting next_dagrun for example_dag_decorator to None, run_after=None
[2025-10-29T20:29:05.361-0700] {processor.py:183} INFO - Processing /opt/miniconda3/envs/airflow_env/lib/python3.11/site-packages/airflow/example_dags/example_dag_decorator.py took 0.320 seconds
