[2025-10-29T18:41:01.565-0700] {processor.py:161} INFO - Started process (PID=5190) to work on /opt/miniconda3/envs/airflow_env/lib/python3.11/site-packages/airflow/example_dags/example_params_trigger_ui.py
[2025-10-29T18:41:01.565-0700] {processor.py:830} INFO - Processing file /opt/miniconda3/envs/airflow_env/lib/python3.11/site-packages/airflow/example_dags/example_params_trigger_ui.py for tasks to queue
[2025-10-29T18:41:01.566-0700] {logging_mixin.py:188} INFO - [2025-10-29T18:41:01.566-0700] {dagbag.py:545} INFO - Filling up the DagBag from /opt/miniconda3/envs/airflow_env/lib/python3.11/site-packages/airflow/example_dags/example_params_trigger_ui.py
[2025-10-29T18:41:01.586-0700] {processor.py:840} INFO - DAG(s) 'example_params_trigger_ui' retrieved from /opt/miniconda3/envs/airflow_env/lib/python3.11/site-packages/airflow/example_dags/example_params_trigger_ui.py
[2025-10-29T18:41:01.728-0700] {logging_mixin.py:188} INFO - [2025-10-29T18:41:01.728-0700] {override.py:1930} INFO - Created Permission View: can delete on DAG:example_params_trigger_ui
[2025-10-29T18:41:01.733-0700] {logging_mixin.py:188} INFO - [2025-10-29T18:41:01.733-0700] {override.py:1930} INFO - Created Permission View: can read on DAG:example_params_trigger_ui
[2025-10-29T18:41:01.736-0700] {logging_mixin.py:188} INFO - [2025-10-29T18:41:01.736-0700] {override.py:1930} INFO - Created Permission View: can edit on DAG:example_params_trigger_ui
[2025-10-29T18:41:01.736-0700] {logging_mixin.py:188} INFO - [2025-10-29T18:41:01.736-0700] {dag.py:3089} INFO - Sync 1 DAGs
[2025-10-29T18:41:01.741-0700] {logging_mixin.py:188} INFO - [2025-10-29T18:41:01.741-0700] {dag.py:3111} INFO - Creating ORM DAG for example_params_trigger_ui
[2025-10-29T18:41:01.741-0700] {logging_mixin.py:188} INFO - [2025-10-29T18:41:01.741-0700] {dag.py:3947} INFO - Setting next_dagrun for example_params_trigger_ui to None, run_after=None
[2025-10-29T18:41:01.750-0700] {processor.py:183} INFO - Processing /opt/miniconda3/envs/airflow_env/lib/python3.11/site-packages/airflow/example_dags/example_params_trigger_ui.py took 0.187 seconds
[2025-10-29T18:42:41.508-0700] {processor.py:161} INFO - Started process (PID=5385) to work on /opt/miniconda3/envs/airflow_env/lib/python3.11/site-packages/airflow/example_dags/example_params_trigger_ui.py
[2025-10-29T18:42:41.509-0700] {processor.py:830} INFO - Processing file /opt/miniconda3/envs/airflow_env/lib/python3.11/site-packages/airflow/example_dags/example_params_trigger_ui.py for tasks to queue
[2025-10-29T18:42:41.509-0700] {logging_mixin.py:188} INFO - [2025-10-29T18:42:41.509-0700] {dagbag.py:545} INFO - Filling up the DagBag from /opt/miniconda3/envs/airflow_env/lib/python3.11/site-packages/airflow/example_dags/example_params_trigger_ui.py
[2025-10-29T18:42:41.530-0700] {processor.py:840} INFO - DAG(s) 'example_params_trigger_ui' retrieved from /opt/miniconda3/envs/airflow_env/lib/python3.11/site-packages/airflow/example_dags/example_params_trigger_ui.py
[2025-10-29T18:42:41.587-0700] {logging_mixin.py:188} INFO - [2025-10-29T18:42:41.587-0700] {dag.py:3089} INFO - Sync 1 DAGs
[2025-10-29T18:42:41.592-0700] {logging_mixin.py:188} INFO - [2025-10-29T18:42:41.592-0700] {dag.py:3947} INFO - Setting next_dagrun for example_params_trigger_ui to None, run_after=None
[2025-10-29T18:42:41.602-0700] {processor.py:183} INFO - Processing /opt/miniconda3/envs/airflow_env/lib/python3.11/site-packages/airflow/example_dags/example_params_trigger_ui.py took 0.096 seconds
[2025-10-29T18:45:00.686-0700] {processor.py:161} INFO - Started process (PID=5644) to work on /opt/miniconda3/envs/airflow_env/lib/python3.11/site-packages/airflow/example_dags/example_params_trigger_ui.py
[2025-10-29T18:45:00.686-0700] {processor.py:830} INFO - Processing file /opt/miniconda3/envs/airflow_env/lib/python3.11/site-packages/airflow/example_dags/example_params_trigger_ui.py for tasks to queue
[2025-10-29T18:45:00.687-0700] {logging_mixin.py:188} INFO - [2025-10-29T18:45:00.687-0700] {dagbag.py:545} INFO - Filling up the DagBag from /opt/miniconda3/envs/airflow_env/lib/python3.11/site-packages/airflow/example_dags/example_params_trigger_ui.py
[2025-10-29T18:45:00.707-0700] {processor.py:840} INFO - DAG(s) 'example_params_trigger_ui' retrieved from /opt/miniconda3/envs/airflow_env/lib/python3.11/site-packages/airflow/example_dags/example_params_trigger_ui.py
[2025-10-29T18:45:00.765-0700] {logging_mixin.py:188} INFO - [2025-10-29T18:45:00.765-0700] {dag.py:3089} INFO - Sync 1 DAGs
[2025-10-29T18:45:00.770-0700] {logging_mixin.py:188} INFO - [2025-10-29T18:45:00.770-0700] {dag.py:3947} INFO - Setting next_dagrun for example_params_trigger_ui to None, run_after=None
[2025-10-29T18:45:00.780-0700] {processor.py:183} INFO - Processing /opt/miniconda3/envs/airflow_env/lib/python3.11/site-packages/airflow/example_dags/example_params_trigger_ui.py took 0.097 seconds
[2025-10-29T18:47:27.276-0700] {processor.py:161} INFO - Started process (PID=5909) to work on /opt/miniconda3/envs/airflow_env/lib/python3.11/site-packages/airflow/example_dags/example_params_trigger_ui.py
[2025-10-29T18:47:27.277-0700] {processor.py:830} INFO - Processing file /opt/miniconda3/envs/airflow_env/lib/python3.11/site-packages/airflow/example_dags/example_params_trigger_ui.py for tasks to queue
[2025-10-29T18:47:27.277-0700] {logging_mixin.py:188} INFO - [2025-10-29T18:47:27.277-0700] {dagbag.py:545} INFO - Filling up the DagBag from /opt/miniconda3/envs/airflow_env/lib/python3.11/site-packages/airflow/example_dags/example_params_trigger_ui.py
[2025-10-29T18:47:27.297-0700] {processor.py:840} INFO - DAG(s) 'example_params_trigger_ui' retrieved from /opt/miniconda3/envs/airflow_env/lib/python3.11/site-packages/airflow/example_dags/example_params_trigger_ui.py
[2025-10-29T18:47:27.355-0700] {logging_mixin.py:188} INFO - [2025-10-29T18:47:27.355-0700] {dag.py:3089} INFO - Sync 1 DAGs
[2025-10-29T18:47:27.360-0700] {logging_mixin.py:188} INFO - [2025-10-29T18:47:27.360-0700] {dag.py:3947} INFO - Setting next_dagrun for example_params_trigger_ui to None, run_after=None
[2025-10-29T18:47:27.371-0700] {processor.py:183} INFO - Processing /opt/miniconda3/envs/airflow_env/lib/python3.11/site-packages/airflow/example_dags/example_params_trigger_ui.py took 0.097 seconds
[2025-10-29T18:49:52.811-0700] {processor.py:161} INFO - Started process (PID=8074) to work on /opt/miniconda3/envs/airflow_env/lib/python3.11/site-packages/airflow/example_dags/example_params_trigger_ui.py
[2025-10-29T18:49:52.811-0700] {processor.py:830} INFO - Processing file /opt/miniconda3/envs/airflow_env/lib/python3.11/site-packages/airflow/example_dags/example_params_trigger_ui.py for tasks to queue
[2025-10-29T18:49:52.812-0700] {logging_mixin.py:188} INFO - [2025-10-29T18:49:52.812-0700] {dagbag.py:545} INFO - Filling up the DagBag from /opt/miniconda3/envs/airflow_env/lib/python3.11/site-packages/airflow/example_dags/example_params_trigger_ui.py
[2025-10-29T18:49:52.834-0700] {processor.py:840} INFO - DAG(s) 'example_params_trigger_ui' retrieved from /opt/miniconda3/envs/airflow_env/lib/python3.11/site-packages/airflow/example_dags/example_params_trigger_ui.py
[2025-10-29T18:49:52.893-0700] {logging_mixin.py:188} INFO - [2025-10-29T18:49:52.892-0700] {dag.py:3089} INFO - Sync 1 DAGs
[2025-10-29T18:49:52.898-0700] {logging_mixin.py:188} INFO - [2025-10-29T18:49:52.897-0700] {dag.py:3947} INFO - Setting next_dagrun for example_params_trigger_ui to None, run_after=None
[2025-10-29T18:49:52.909-0700] {processor.py:183} INFO - Processing /opt/miniconda3/envs/airflow_env/lib/python3.11/site-packages/airflow/example_dags/example_params_trigger_ui.py took 0.100 seconds
[2025-10-29T18:52:12.863-0700] {processor.py:161} INFO - Started process (PID=9961) to work on /opt/miniconda3/envs/airflow_env/lib/python3.11/site-packages/airflow/example_dags/example_params_trigger_ui.py
[2025-10-29T18:52:12.864-0700] {processor.py:830} INFO - Processing file /opt/miniconda3/envs/airflow_env/lib/python3.11/site-packages/airflow/example_dags/example_params_trigger_ui.py for tasks to queue
[2025-10-29T18:52:12.864-0700] {logging_mixin.py:188} INFO - [2025-10-29T18:52:12.864-0700] {dagbag.py:545} INFO - Filling up the DagBag from /opt/miniconda3/envs/airflow_env/lib/python3.11/site-packages/airflow/example_dags/example_params_trigger_ui.py
[2025-10-29T18:52:12.885-0700] {processor.py:840} INFO - DAG(s) 'example_params_trigger_ui' retrieved from /opt/miniconda3/envs/airflow_env/lib/python3.11/site-packages/airflow/example_dags/example_params_trigger_ui.py
[2025-10-29T18:52:12.941-0700] {logging_mixin.py:188} INFO - [2025-10-29T18:52:12.941-0700] {dag.py:3089} INFO - Sync 1 DAGs
[2025-10-29T18:52:12.946-0700] {logging_mixin.py:188} INFO - [2025-10-29T18:52:12.946-0700] {dag.py:3947} INFO - Setting next_dagrun for example_params_trigger_ui to None, run_after=None
[2025-10-29T18:52:12.957-0700] {processor.py:183} INFO - Processing /opt/miniconda3/envs/airflow_env/lib/python3.11/site-packages/airflow/example_dags/example_params_trigger_ui.py took 0.096 seconds
[2025-10-29T18:54:31.861-0700] {processor.py:161} INFO - Started process (PID=10234) to work on /opt/miniconda3/envs/airflow_env/lib/python3.11/site-packages/airflow/example_dags/example_params_trigger_ui.py
[2025-10-29T18:54:31.862-0700] {processor.py:830} INFO - Processing file /opt/miniconda3/envs/airflow_env/lib/python3.11/site-packages/airflow/example_dags/example_params_trigger_ui.py for tasks to queue
[2025-10-29T18:54:31.862-0700] {logging_mixin.py:188} INFO - [2025-10-29T18:54:31.862-0700] {dagbag.py:545} INFO - Filling up the DagBag from /opt/miniconda3/envs/airflow_env/lib/python3.11/site-packages/airflow/example_dags/example_params_trigger_ui.py
[2025-10-29T18:54:31.883-0700] {processor.py:840} INFO - DAG(s) 'example_params_trigger_ui' retrieved from /opt/miniconda3/envs/airflow_env/lib/python3.11/site-packages/airflow/example_dags/example_params_trigger_ui.py
[2025-10-29T18:54:31.940-0700] {logging_mixin.py:188} INFO - [2025-10-29T18:54:31.940-0700] {dag.py:3089} INFO - Sync 1 DAGs
[2025-10-29T18:54:31.945-0700] {logging_mixin.py:188} INFO - [2025-10-29T18:54:31.945-0700] {dag.py:3947} INFO - Setting next_dagrun for example_params_trigger_ui to None, run_after=None
[2025-10-29T18:54:31.956-0700] {processor.py:183} INFO - Processing /opt/miniconda3/envs/airflow_env/lib/python3.11/site-packages/airflow/example_dags/example_params_trigger_ui.py took 0.096 seconds
[2025-10-29T18:56:55.066-0700] {processor.py:161} INFO - Started process (PID=10481) to work on /opt/miniconda3/envs/airflow_env/lib/python3.11/site-packages/airflow/example_dags/example_params_trigger_ui.py
[2025-10-29T18:56:55.067-0700] {processor.py:830} INFO - Processing file /opt/miniconda3/envs/airflow_env/lib/python3.11/site-packages/airflow/example_dags/example_params_trigger_ui.py for tasks to queue
[2025-10-29T18:56:55.067-0700] {logging_mixin.py:188} INFO - [2025-10-29T18:56:55.067-0700] {dagbag.py:545} INFO - Filling up the DagBag from /opt/miniconda3/envs/airflow_env/lib/python3.11/site-packages/airflow/example_dags/example_params_trigger_ui.py
[2025-10-29T18:56:55.088-0700] {processor.py:840} INFO - DAG(s) 'example_params_trigger_ui' retrieved from /opt/miniconda3/envs/airflow_env/lib/python3.11/site-packages/airflow/example_dags/example_params_trigger_ui.py
[2025-10-29T18:56:55.147-0700] {logging_mixin.py:188} INFO - [2025-10-29T18:56:55.146-0700] {dag.py:3089} INFO - Sync 1 DAGs
[2025-10-29T18:56:55.151-0700] {logging_mixin.py:188} INFO - [2025-10-29T18:56:55.151-0700] {dag.py:3947} INFO - Setting next_dagrun for example_params_trigger_ui to None, run_after=None
[2025-10-29T18:56:55.163-0700] {processor.py:183} INFO - Processing /opt/miniconda3/envs/airflow_env/lib/python3.11/site-packages/airflow/example_dags/example_params_trigger_ui.py took 0.099 seconds
[2025-10-29T18:59:36.356-0700] {processor.py:161} INFO - Started process (PID=10818) to work on /opt/miniconda3/envs/airflow_env/lib/python3.11/site-packages/airflow/example_dags/example_params_trigger_ui.py
[2025-10-29T18:59:36.356-0700] {processor.py:830} INFO - Processing file /opt/miniconda3/envs/airflow_env/lib/python3.11/site-packages/airflow/example_dags/example_params_trigger_ui.py for tasks to queue
[2025-10-29T18:59:36.357-0700] {logging_mixin.py:188} INFO - [2025-10-29T18:59:36.357-0700] {dagbag.py:545} INFO - Filling up the DagBag from /opt/miniconda3/envs/airflow_env/lib/python3.11/site-packages/airflow/example_dags/example_params_trigger_ui.py
[2025-10-29T18:59:36.385-0700] {processor.py:840} INFO - DAG(s) 'example_params_trigger_ui' retrieved from /opt/miniconda3/envs/airflow_env/lib/python3.11/site-packages/airflow/example_dags/example_params_trigger_ui.py
[2025-10-29T18:59:36.542-0700] {logging_mixin.py:188} INFO - [2025-10-29T18:59:36.542-0700] {dag.py:3089} INFO - Sync 1 DAGs
[2025-10-29T18:59:36.548-0700] {logging_mixin.py:188} INFO - [2025-10-29T18:59:36.548-0700] {dag.py:3947} INFO - Setting next_dagrun for example_params_trigger_ui to None, run_after=None
[2025-10-29T18:59:36.560-0700] {processor.py:183} INFO - Processing /opt/miniconda3/envs/airflow_env/lib/python3.11/site-packages/airflow/example_dags/example_params_trigger_ui.py took 0.207 seconds
[2025-10-29T19:01:19.114-0700] {processor.py:161} INFO - Started process (PID=11002) to work on /opt/miniconda3/envs/airflow_env/lib/python3.11/site-packages/airflow/example_dags/example_params_trigger_ui.py
[2025-10-29T19:01:19.115-0700] {processor.py:830} INFO - Processing file /opt/miniconda3/envs/airflow_env/lib/python3.11/site-packages/airflow/example_dags/example_params_trigger_ui.py for tasks to queue
[2025-10-29T19:01:19.116-0700] {logging_mixin.py:188} INFO - [2025-10-29T19:01:19.116-0700] {dagbag.py:545} INFO - Filling up the DagBag from /opt/miniconda3/envs/airflow_env/lib/python3.11/site-packages/airflow/example_dags/example_params_trigger_ui.py
[2025-10-29T19:01:19.136-0700] {processor.py:840} INFO - DAG(s) 'example_params_trigger_ui' retrieved from /opt/miniconda3/envs/airflow_env/lib/python3.11/site-packages/airflow/example_dags/example_params_trigger_ui.py
[2025-10-29T19:01:19.195-0700] {logging_mixin.py:188} INFO - [2025-10-29T19:01:19.195-0700] {dag.py:3089} INFO - Sync 1 DAGs
[2025-10-29T19:01:19.200-0700] {logging_mixin.py:188} INFO - [2025-10-29T19:01:19.200-0700] {dag.py:3947} INFO - Setting next_dagrun for example_params_trigger_ui to None, run_after=None
[2025-10-29T19:01:19.211-0700] {processor.py:183} INFO - Processing /opt/miniconda3/envs/airflow_env/lib/python3.11/site-packages/airflow/example_dags/example_params_trigger_ui.py took 0.099 seconds
[2025-10-29T19:03:44.597-0700] {processor.py:161} INFO - Started process (PID=11262) to work on /opt/miniconda3/envs/airflow_env/lib/python3.11/site-packages/airflow/example_dags/example_params_trigger_ui.py
[2025-10-29T19:03:44.598-0700] {processor.py:830} INFO - Processing file /opt/miniconda3/envs/airflow_env/lib/python3.11/site-packages/airflow/example_dags/example_params_trigger_ui.py for tasks to queue
[2025-10-29T19:03:44.598-0700] {logging_mixin.py:188} INFO - [2025-10-29T19:03:44.598-0700] {dagbag.py:545} INFO - Filling up the DagBag from /opt/miniconda3/envs/airflow_env/lib/python3.11/site-packages/airflow/example_dags/example_params_trigger_ui.py
[2025-10-29T19:03:44.618-0700] {processor.py:840} INFO - DAG(s) 'example_params_trigger_ui' retrieved from /opt/miniconda3/envs/airflow_env/lib/python3.11/site-packages/airflow/example_dags/example_params_trigger_ui.py
[2025-10-29T19:03:44.677-0700] {logging_mixin.py:188} INFO - [2025-10-29T19:03:44.676-0700] {dag.py:3089} INFO - Sync 1 DAGs
[2025-10-29T19:03:44.681-0700] {logging_mixin.py:188} INFO - [2025-10-29T19:03:44.681-0700] {dag.py:3947} INFO - Setting next_dagrun for example_params_trigger_ui to None, run_after=None
[2025-10-29T19:03:44.692-0700] {processor.py:183} INFO - Processing /opt/miniconda3/envs/airflow_env/lib/python3.11/site-packages/airflow/example_dags/example_params_trigger_ui.py took 0.097 seconds
[2025-10-29T19:06:12.948-0700] {processor.py:161} INFO - Started process (PID=11526) to work on /opt/miniconda3/envs/airflow_env/lib/python3.11/site-packages/airflow/example_dags/example_params_trigger_ui.py
[2025-10-29T19:06:12.950-0700] {processor.py:830} INFO - Processing file /opt/miniconda3/envs/airflow_env/lib/python3.11/site-packages/airflow/example_dags/example_params_trigger_ui.py for tasks to queue
[2025-10-29T19:06:12.950-0700] {logging_mixin.py:188} INFO - [2025-10-29T19:06:12.950-0700] {dagbag.py:545} INFO - Filling up the DagBag from /opt/miniconda3/envs/airflow_env/lib/python3.11/site-packages/airflow/example_dags/example_params_trigger_ui.py
[2025-10-29T19:06:12.971-0700] {processor.py:840} INFO - DAG(s) 'example_params_trigger_ui' retrieved from /opt/miniconda3/envs/airflow_env/lib/python3.11/site-packages/airflow/example_dags/example_params_trigger_ui.py
[2025-10-29T19:06:13.029-0700] {logging_mixin.py:188} INFO - [2025-10-29T19:06:13.029-0700] {dag.py:3089} INFO - Sync 1 DAGs
[2025-10-29T19:06:13.035-0700] {logging_mixin.py:188} INFO - [2025-10-29T19:06:13.035-0700] {dag.py:3947} INFO - Setting next_dagrun for example_params_trigger_ui to None, run_after=None
[2025-10-29T19:06:13.045-0700] {processor.py:183} INFO - Processing /opt/miniconda3/envs/airflow_env/lib/python3.11/site-packages/airflow/example_dags/example_params_trigger_ui.py took 0.099 seconds
[2025-10-29T19:08:39.938-0700] {processor.py:161} INFO - Started process (PID=11774) to work on /opt/miniconda3/envs/airflow_env/lib/python3.11/site-packages/airflow/example_dags/example_params_trigger_ui.py
[2025-10-29T19:08:39.939-0700] {processor.py:830} INFO - Processing file /opt/miniconda3/envs/airflow_env/lib/python3.11/site-packages/airflow/example_dags/example_params_trigger_ui.py for tasks to queue
[2025-10-29T19:08:39.939-0700] {logging_mixin.py:188} INFO - [2025-10-29T19:08:39.939-0700] {dagbag.py:545} INFO - Filling up the DagBag from /opt/miniconda3/envs/airflow_env/lib/python3.11/site-packages/airflow/example_dags/example_params_trigger_ui.py
[2025-10-29T19:08:39.960-0700] {processor.py:840} INFO - DAG(s) 'example_params_trigger_ui' retrieved from /opt/miniconda3/envs/airflow_env/lib/python3.11/site-packages/airflow/example_dags/example_params_trigger_ui.py
[2025-10-29T19:08:40.017-0700] {logging_mixin.py:188} INFO - [2025-10-29T19:08:40.017-0700] {dag.py:3089} INFO - Sync 1 DAGs
[2025-10-29T19:08:40.022-0700] {logging_mixin.py:188} INFO - [2025-10-29T19:08:40.022-0700] {dag.py:3947} INFO - Setting next_dagrun for example_params_trigger_ui to None, run_after=None
[2025-10-29T19:08:40.032-0700] {processor.py:183} INFO - Processing /opt/miniconda3/envs/airflow_env/lib/python3.11/site-packages/airflow/example_dags/example_params_trigger_ui.py took 0.097 seconds
[2025-10-29T19:11:09.111-0700] {processor.py:161} INFO - Started process (PID=12042) to work on /opt/miniconda3/envs/airflow_env/lib/python3.11/site-packages/airflow/example_dags/example_params_trigger_ui.py
[2025-10-29T19:11:09.111-0700] {processor.py:830} INFO - Processing file /opt/miniconda3/envs/airflow_env/lib/python3.11/site-packages/airflow/example_dags/example_params_trigger_ui.py for tasks to queue
[2025-10-29T19:11:09.112-0700] {logging_mixin.py:188} INFO - [2025-10-29T19:11:09.112-0700] {dagbag.py:545} INFO - Filling up the DagBag from /opt/miniconda3/envs/airflow_env/lib/python3.11/site-packages/airflow/example_dags/example_params_trigger_ui.py
[2025-10-29T19:11:09.133-0700] {processor.py:840} INFO - DAG(s) 'example_params_trigger_ui' retrieved from /opt/miniconda3/envs/airflow_env/lib/python3.11/site-packages/airflow/example_dags/example_params_trigger_ui.py
[2025-10-29T19:11:09.190-0700] {logging_mixin.py:188} INFO - [2025-10-29T19:11:09.190-0700] {dag.py:3089} INFO - Sync 1 DAGs
[2025-10-29T19:11:09.194-0700] {logging_mixin.py:188} INFO - [2025-10-29T19:11:09.194-0700] {dag.py:3947} INFO - Setting next_dagrun for example_params_trigger_ui to None, run_after=None
[2025-10-29T19:11:09.205-0700] {processor.py:183} INFO - Processing /opt/miniconda3/envs/airflow_env/lib/python3.11/site-packages/airflow/example_dags/example_params_trigger_ui.py took 0.096 seconds
[2025-10-29T19:13:39.944-0700] {processor.py:161} INFO - Started process (PID=12313) to work on /opt/miniconda3/envs/airflow_env/lib/python3.11/site-packages/airflow/example_dags/example_params_trigger_ui.py
[2025-10-29T19:13:39.945-0700] {processor.py:830} INFO - Processing file /opt/miniconda3/envs/airflow_env/lib/python3.11/site-packages/airflow/example_dags/example_params_trigger_ui.py for tasks to queue
[2025-10-29T19:13:39.945-0700] {logging_mixin.py:188} INFO - [2025-10-29T19:13:39.945-0700] {dagbag.py:545} INFO - Filling up the DagBag from /opt/miniconda3/envs/airflow_env/lib/python3.11/site-packages/airflow/example_dags/example_params_trigger_ui.py
[2025-10-29T19:13:39.966-0700] {processor.py:840} INFO - DAG(s) 'example_params_trigger_ui' retrieved from /opt/miniconda3/envs/airflow_env/lib/python3.11/site-packages/airflow/example_dags/example_params_trigger_ui.py
[2025-10-29T19:13:40.023-0700] {logging_mixin.py:188} INFO - [2025-10-29T19:13:40.023-0700] {dag.py:3089} INFO - Sync 1 DAGs
[2025-10-29T19:13:40.028-0700] {logging_mixin.py:188} INFO - [2025-10-29T19:13:40.028-0700] {dag.py:3947} INFO - Setting next_dagrun for example_params_trigger_ui to None, run_after=None
[2025-10-29T19:13:40.038-0700] {processor.py:183} INFO - Processing /opt/miniconda3/envs/airflow_env/lib/python3.11/site-packages/airflow/example_dags/example_params_trigger_ui.py took 0.097 seconds
[2025-10-29T19:16:07.007-0700] {processor.py:161} INFO - Started process (PID=12566) to work on /opt/miniconda3/envs/airflow_env/lib/python3.11/site-packages/airflow/example_dags/example_params_trigger_ui.py
[2025-10-29T19:16:07.008-0700] {processor.py:830} INFO - Processing file /opt/miniconda3/envs/airflow_env/lib/python3.11/site-packages/airflow/example_dags/example_params_trigger_ui.py for tasks to queue
[2025-10-29T19:16:07.008-0700] {logging_mixin.py:188} INFO - [2025-10-29T19:16:07.008-0700] {dagbag.py:545} INFO - Filling up the DagBag from /opt/miniconda3/envs/airflow_env/lib/python3.11/site-packages/airflow/example_dags/example_params_trigger_ui.py
[2025-10-29T19:16:07.028-0700] {processor.py:840} INFO - DAG(s) 'example_params_trigger_ui' retrieved from /opt/miniconda3/envs/airflow_env/lib/python3.11/site-packages/airflow/example_dags/example_params_trigger_ui.py
[2025-10-29T19:16:07.086-0700] {logging_mixin.py:188} INFO - [2025-10-29T19:16:07.086-0700] {dag.py:3089} INFO - Sync 1 DAGs
[2025-10-29T19:16:07.090-0700] {logging_mixin.py:188} INFO - [2025-10-29T19:16:07.090-0700] {dag.py:3947} INFO - Setting next_dagrun for example_params_trigger_ui to None, run_after=None
[2025-10-29T19:16:07.101-0700] {processor.py:183} INFO - Processing /opt/miniconda3/envs/airflow_env/lib/python3.11/site-packages/airflow/example_dags/example_params_trigger_ui.py took 0.096 seconds
[2025-10-29T19:18:35.951-0700] {processor.py:161} INFO - Started process (PID=12827) to work on /opt/miniconda3/envs/airflow_env/lib/python3.11/site-packages/airflow/example_dags/example_params_trigger_ui.py
[2025-10-29T19:18:35.953-0700] {processor.py:830} INFO - Processing file /opt/miniconda3/envs/airflow_env/lib/python3.11/site-packages/airflow/example_dags/example_params_trigger_ui.py for tasks to queue
[2025-10-29T19:18:35.953-0700] {logging_mixin.py:188} INFO - [2025-10-29T19:18:35.953-0700] {dagbag.py:545} INFO - Filling up the DagBag from /opt/miniconda3/envs/airflow_env/lib/python3.11/site-packages/airflow/example_dags/example_params_trigger_ui.py
[2025-10-29T19:18:35.974-0700] {processor.py:840} INFO - DAG(s) 'example_params_trigger_ui' retrieved from /opt/miniconda3/envs/airflow_env/lib/python3.11/site-packages/airflow/example_dags/example_params_trigger_ui.py
[2025-10-29T19:18:36.031-0700] {logging_mixin.py:188} INFO - [2025-10-29T19:18:36.031-0700] {dag.py:3089} INFO - Sync 1 DAGs
[2025-10-29T19:18:36.036-0700] {logging_mixin.py:188} INFO - [2025-10-29T19:18:36.036-0700] {dag.py:3947} INFO - Setting next_dagrun for example_params_trigger_ui to None, run_after=None
[2025-10-29T19:18:36.046-0700] {processor.py:183} INFO - Processing /opt/miniconda3/envs/airflow_env/lib/python3.11/site-packages/airflow/example_dags/example_params_trigger_ui.py took 0.097 seconds
[2025-10-29T19:21:00.072-0700] {processor.py:161} INFO - Started process (PID=13115) to work on /opt/miniconda3/envs/airflow_env/lib/python3.11/site-packages/airflow/example_dags/example_params_trigger_ui.py
[2025-10-29T19:21:00.072-0700] {processor.py:830} INFO - Processing file /opt/miniconda3/envs/airflow_env/lib/python3.11/site-packages/airflow/example_dags/example_params_trigger_ui.py for tasks to queue
[2025-10-29T19:21:00.073-0700] {logging_mixin.py:188} INFO - [2025-10-29T19:21:00.072-0700] {dagbag.py:545} INFO - Filling up the DagBag from /opt/miniconda3/envs/airflow_env/lib/python3.11/site-packages/airflow/example_dags/example_params_trigger_ui.py
[2025-10-29T19:21:00.093-0700] {processor.py:840} INFO - DAG(s) 'example_params_trigger_ui' retrieved from /opt/miniconda3/envs/airflow_env/lib/python3.11/site-packages/airflow/example_dags/example_params_trigger_ui.py
[2025-10-29T19:21:00.152-0700] {logging_mixin.py:188} INFO - [2025-10-29T19:21:00.151-0700] {dag.py:3089} INFO - Sync 1 DAGs
[2025-10-29T19:21:00.156-0700] {logging_mixin.py:188} INFO - [2025-10-29T19:21:00.156-0700] {dag.py:3947} INFO - Setting next_dagrun for example_params_trigger_ui to None, run_after=None
[2025-10-29T19:21:00.167-0700] {processor.py:183} INFO - Processing /opt/miniconda3/envs/airflow_env/lib/python3.11/site-packages/airflow/example_dags/example_params_trigger_ui.py took 0.097 seconds
[2025-10-29T19:23:27.098-0700] {processor.py:161} INFO - Started process (PID=13380) to work on /opt/miniconda3/envs/airflow_env/lib/python3.11/site-packages/airflow/example_dags/example_params_trigger_ui.py
[2025-10-29T19:23:27.098-0700] {processor.py:830} INFO - Processing file /opt/miniconda3/envs/airflow_env/lib/python3.11/site-packages/airflow/example_dags/example_params_trigger_ui.py for tasks to queue
[2025-10-29T19:23:27.099-0700] {logging_mixin.py:188} INFO - [2025-10-29T19:23:27.099-0700] {dagbag.py:545} INFO - Filling up the DagBag from /opt/miniconda3/envs/airflow_env/lib/python3.11/site-packages/airflow/example_dags/example_params_trigger_ui.py
[2025-10-29T19:23:27.119-0700] {processor.py:840} INFO - DAG(s) 'example_params_trigger_ui' retrieved from /opt/miniconda3/envs/airflow_env/lib/python3.11/site-packages/airflow/example_dags/example_params_trigger_ui.py
[2025-10-29T19:23:27.177-0700] {logging_mixin.py:188} INFO - [2025-10-29T19:23:27.177-0700] {dag.py:3089} INFO - Sync 1 DAGs
[2025-10-29T19:23:27.182-0700] {logging_mixin.py:188} INFO - [2025-10-29T19:23:27.182-0700] {dag.py:3947} INFO - Setting next_dagrun for example_params_trigger_ui to None, run_after=None
[2025-10-29T19:23:27.192-0700] {processor.py:183} INFO - Processing /opt/miniconda3/envs/airflow_env/lib/python3.11/site-packages/airflow/example_dags/example_params_trigger_ui.py took 0.097 seconds
[2025-10-29T19:25:53.183-0700] {processor.py:161} INFO - Started process (PID=13884) to work on /opt/miniconda3/envs/airflow_env/lib/python3.11/site-packages/airflow/example_dags/example_params_trigger_ui.py
[2025-10-29T19:25:53.184-0700] {processor.py:830} INFO - Processing file /opt/miniconda3/envs/airflow_env/lib/python3.11/site-packages/airflow/example_dags/example_params_trigger_ui.py for tasks to queue
[2025-10-29T19:25:53.185-0700] {logging_mixin.py:188} INFO - [2025-10-29T19:25:53.185-0700] {dagbag.py:545} INFO - Filling up the DagBag from /opt/miniconda3/envs/airflow_env/lib/python3.11/site-packages/airflow/example_dags/example_params_trigger_ui.py
[2025-10-29T19:25:53.206-0700] {processor.py:840} INFO - DAG(s) 'example_params_trigger_ui' retrieved from /opt/miniconda3/envs/airflow_env/lib/python3.11/site-packages/airflow/example_dags/example_params_trigger_ui.py
[2025-10-29T19:25:53.264-0700] {logging_mixin.py:188} INFO - [2025-10-29T19:25:53.264-0700] {dag.py:3089} INFO - Sync 1 DAGs
[2025-10-29T19:25:53.269-0700] {logging_mixin.py:188} INFO - [2025-10-29T19:25:53.268-0700] {dag.py:3947} INFO - Setting next_dagrun for example_params_trigger_ui to None, run_after=None
[2025-10-29T19:25:53.279-0700] {processor.py:183} INFO - Processing /opt/miniconda3/envs/airflow_env/lib/python3.11/site-packages/airflow/example_dags/example_params_trigger_ui.py took 0.098 seconds
[2025-10-29T19:28:20.350-0700] {processor.py:161} INFO - Started process (PID=14559) to work on /opt/miniconda3/envs/airflow_env/lib/python3.11/site-packages/airflow/example_dags/example_params_trigger_ui.py
[2025-10-29T19:28:20.351-0700] {processor.py:830} INFO - Processing file /opt/miniconda3/envs/airflow_env/lib/python3.11/site-packages/airflow/example_dags/example_params_trigger_ui.py for tasks to queue
[2025-10-29T19:28:20.351-0700] {logging_mixin.py:188} INFO - [2025-10-29T19:28:20.351-0700] {dagbag.py:545} INFO - Filling up the DagBag from /opt/miniconda3/envs/airflow_env/lib/python3.11/site-packages/airflow/example_dags/example_params_trigger_ui.py
[2025-10-29T19:28:20.372-0700] {processor.py:840} INFO - DAG(s) 'example_params_trigger_ui' retrieved from /opt/miniconda3/envs/airflow_env/lib/python3.11/site-packages/airflow/example_dags/example_params_trigger_ui.py
[2025-10-29T19:28:20.430-0700] {logging_mixin.py:188} INFO - [2025-10-29T19:28:20.429-0700] {dag.py:3089} INFO - Sync 1 DAGs
[2025-10-29T19:28:20.434-0700] {logging_mixin.py:188} INFO - [2025-10-29T19:28:20.434-0700] {dag.py:3947} INFO - Setting next_dagrun for example_params_trigger_ui to None, run_after=None
[2025-10-29T19:28:20.445-0700] {processor.py:183} INFO - Processing /opt/miniconda3/envs/airflow_env/lib/python3.11/site-packages/airflow/example_dags/example_params_trigger_ui.py took 0.097 seconds
[2025-10-29T19:30:48.668-0700] {processor.py:161} INFO - Started process (PID=15245) to work on /opt/miniconda3/envs/airflow_env/lib/python3.11/site-packages/airflow/example_dags/example_params_trigger_ui.py
[2025-10-29T19:30:48.670-0700] {processor.py:830} INFO - Processing file /opt/miniconda3/envs/airflow_env/lib/python3.11/site-packages/airflow/example_dags/example_params_trigger_ui.py for tasks to queue
[2025-10-29T19:30:48.670-0700] {logging_mixin.py:188} INFO - [2025-10-29T19:30:48.670-0700] {dagbag.py:545} INFO - Filling up the DagBag from /opt/miniconda3/envs/airflow_env/lib/python3.11/site-packages/airflow/example_dags/example_params_trigger_ui.py
[2025-10-29T19:30:48.691-0700] {processor.py:840} INFO - DAG(s) 'example_params_trigger_ui' retrieved from /opt/miniconda3/envs/airflow_env/lib/python3.11/site-packages/airflow/example_dags/example_params_trigger_ui.py
[2025-10-29T19:30:48.749-0700] {logging_mixin.py:188} INFO - [2025-10-29T19:30:48.749-0700] {dag.py:3089} INFO - Sync 1 DAGs
[2025-10-29T19:30:48.754-0700] {logging_mixin.py:188} INFO - [2025-10-29T19:30:48.754-0700] {dag.py:3947} INFO - Setting next_dagrun for example_params_trigger_ui to None, run_after=None
[2025-10-29T19:30:48.765-0700] {processor.py:183} INFO - Processing /opt/miniconda3/envs/airflow_env/lib/python3.11/site-packages/airflow/example_dags/example_params_trigger_ui.py took 0.098 seconds
[2025-10-29T19:33:18.949-0700] {processor.py:161} INFO - Started process (PID=15966) to work on /opt/miniconda3/envs/airflow_env/lib/python3.11/site-packages/airflow/example_dags/example_params_trigger_ui.py
[2025-10-29T19:33:18.949-0700] {processor.py:830} INFO - Processing file /opt/miniconda3/envs/airflow_env/lib/python3.11/site-packages/airflow/example_dags/example_params_trigger_ui.py for tasks to queue
[2025-10-29T19:33:18.950-0700] {logging_mixin.py:188} INFO - [2025-10-29T19:33:18.950-0700] {dagbag.py:545} INFO - Filling up the DagBag from /opt/miniconda3/envs/airflow_env/lib/python3.11/site-packages/airflow/example_dags/example_params_trigger_ui.py
[2025-10-29T19:33:18.971-0700] {processor.py:840} INFO - DAG(s) 'example_params_trigger_ui' retrieved from /opt/miniconda3/envs/airflow_env/lib/python3.11/site-packages/airflow/example_dags/example_params_trigger_ui.py
[2025-10-29T19:33:19.028-0700] {logging_mixin.py:188} INFO - [2025-10-29T19:33:19.028-0700] {dag.py:3089} INFO - Sync 1 DAGs
[2025-10-29T19:33:19.033-0700] {logging_mixin.py:188} INFO - [2025-10-29T19:33:19.033-0700] {dag.py:3947} INFO - Setting next_dagrun for example_params_trigger_ui to None, run_after=None
[2025-10-29T19:33:19.044-0700] {processor.py:183} INFO - Processing /opt/miniconda3/envs/airflow_env/lib/python3.11/site-packages/airflow/example_dags/example_params_trigger_ui.py took 0.097 seconds
[2025-10-29T19:35:49.338-0700] {processor.py:161} INFO - Started process (PID=16651) to work on /opt/miniconda3/envs/airflow_env/lib/python3.11/site-packages/airflow/example_dags/example_params_trigger_ui.py
[2025-10-29T19:35:49.339-0700] {processor.py:830} INFO - Processing file /opt/miniconda3/envs/airflow_env/lib/python3.11/site-packages/airflow/example_dags/example_params_trigger_ui.py for tasks to queue
[2025-10-29T19:35:49.340-0700] {logging_mixin.py:188} INFO - [2025-10-29T19:35:49.339-0700] {dagbag.py:545} INFO - Filling up the DagBag from /opt/miniconda3/envs/airflow_env/lib/python3.11/site-packages/airflow/example_dags/example_params_trigger_ui.py
[2025-10-29T19:35:49.361-0700] {processor.py:840} INFO - DAG(s) 'example_params_trigger_ui' retrieved from /opt/miniconda3/envs/airflow_env/lib/python3.11/site-packages/airflow/example_dags/example_params_trigger_ui.py
[2025-10-29T19:35:49.421-0700] {logging_mixin.py:188} INFO - [2025-10-29T19:35:49.420-0700] {dag.py:3089} INFO - Sync 1 DAGs
[2025-10-29T19:35:49.425-0700] {logging_mixin.py:188} INFO - [2025-10-29T19:35:49.425-0700] {dag.py:3947} INFO - Setting next_dagrun for example_params_trigger_ui to None, run_after=None
[2025-10-29T19:35:49.436-0700] {processor.py:183} INFO - Processing /opt/miniconda3/envs/airflow_env/lib/python3.11/site-packages/airflow/example_dags/example_params_trigger_ui.py took 0.101 seconds
[2025-10-29T19:38:19.534-0700] {processor.py:161} INFO - Started process (PID=17375) to work on /opt/miniconda3/envs/airflow_env/lib/python3.11/site-packages/airflow/example_dags/example_params_trigger_ui.py
[2025-10-29T19:38:19.535-0700] {processor.py:830} INFO - Processing file /opt/miniconda3/envs/airflow_env/lib/python3.11/site-packages/airflow/example_dags/example_params_trigger_ui.py for tasks to queue
[2025-10-29T19:38:19.535-0700] {logging_mixin.py:188} INFO - [2025-10-29T19:38:19.535-0700] {dagbag.py:545} INFO - Filling up the DagBag from /opt/miniconda3/envs/airflow_env/lib/python3.11/site-packages/airflow/example_dags/example_params_trigger_ui.py
[2025-10-29T19:38:19.556-0700] {processor.py:840} INFO - DAG(s) 'example_params_trigger_ui' retrieved from /opt/miniconda3/envs/airflow_env/lib/python3.11/site-packages/airflow/example_dags/example_params_trigger_ui.py
[2025-10-29T19:38:19.614-0700] {logging_mixin.py:188} INFO - [2025-10-29T19:38:19.614-0700] {dag.py:3089} INFO - Sync 1 DAGs
[2025-10-29T19:38:19.619-0700] {logging_mixin.py:188} INFO - [2025-10-29T19:38:19.618-0700] {dag.py:3947} INFO - Setting next_dagrun for example_params_trigger_ui to None, run_after=None
[2025-10-29T19:38:19.629-0700] {processor.py:183} INFO - Processing /opt/miniconda3/envs/airflow_env/lib/python3.11/site-packages/airflow/example_dags/example_params_trigger_ui.py took 0.097 seconds
[2025-10-29T19:40:49.979-0700] {processor.py:161} INFO - Started process (PID=18089) to work on /opt/miniconda3/envs/airflow_env/lib/python3.11/site-packages/airflow/example_dags/example_params_trigger_ui.py
[2025-10-29T19:40:49.980-0700] {processor.py:830} INFO - Processing file /opt/miniconda3/envs/airflow_env/lib/python3.11/site-packages/airflow/example_dags/example_params_trigger_ui.py for tasks to queue
[2025-10-29T19:40:49.981-0700] {logging_mixin.py:188} INFO - [2025-10-29T19:40:49.981-0700] {dagbag.py:545} INFO - Filling up the DagBag from /opt/miniconda3/envs/airflow_env/lib/python3.11/site-packages/airflow/example_dags/example_params_trigger_ui.py
[2025-10-29T19:40:50.002-0700] {processor.py:840} INFO - DAG(s) 'example_params_trigger_ui' retrieved from /opt/miniconda3/envs/airflow_env/lib/python3.11/site-packages/airflow/example_dags/example_params_trigger_ui.py
[2025-10-29T19:40:50.061-0700] {logging_mixin.py:188} INFO - [2025-10-29T19:40:50.061-0700] {dag.py:3089} INFO - Sync 1 DAGs
[2025-10-29T19:40:50.066-0700] {logging_mixin.py:188} INFO - [2025-10-29T19:40:50.066-0700] {dag.py:3947} INFO - Setting next_dagrun for example_params_trigger_ui to None, run_after=None
[2025-10-29T19:40:50.076-0700] {processor.py:183} INFO - Processing /opt/miniconda3/envs/airflow_env/lib/python3.11/site-packages/airflow/example_dags/example_params_trigger_ui.py took 0.100 seconds
[2025-10-29T19:43:15.722-0700] {processor.py:161} INFO - Started process (PID=18784) to work on /opt/miniconda3/envs/airflow_env/lib/python3.11/site-packages/airflow/example_dags/example_params_trigger_ui.py
[2025-10-29T19:43:15.723-0700] {processor.py:830} INFO - Processing file /opt/miniconda3/envs/airflow_env/lib/python3.11/site-packages/airflow/example_dags/example_params_trigger_ui.py for tasks to queue
[2025-10-29T19:43:15.723-0700] {logging_mixin.py:188} INFO - [2025-10-29T19:43:15.723-0700] {dagbag.py:545} INFO - Filling up the DagBag from /opt/miniconda3/envs/airflow_env/lib/python3.11/site-packages/airflow/example_dags/example_params_trigger_ui.py
[2025-10-29T19:43:15.744-0700] {processor.py:840} INFO - DAG(s) 'example_params_trigger_ui' retrieved from /opt/miniconda3/envs/airflow_env/lib/python3.11/site-packages/airflow/example_dags/example_params_trigger_ui.py
[2025-10-29T19:43:15.805-0700] {logging_mixin.py:188} INFO - [2025-10-29T19:43:15.804-0700] {dag.py:3089} INFO - Sync 1 DAGs
[2025-10-29T19:43:15.810-0700] {logging_mixin.py:188} INFO - [2025-10-29T19:43:15.809-0700] {dag.py:3947} INFO - Setting next_dagrun for example_params_trigger_ui to None, run_after=None
[2025-10-29T19:43:15.821-0700] {processor.py:183} INFO - Processing /opt/miniconda3/envs/airflow_env/lib/python3.11/site-packages/airflow/example_dags/example_params_trigger_ui.py took 0.101 seconds
[2025-10-29T19:45:33.118-0700] {processor.py:161} INFO - Started process (PID=19510) to work on /opt/miniconda3/envs/airflow_env/lib/python3.11/site-packages/airflow/example_dags/example_params_trigger_ui.py
[2025-10-29T19:45:33.118-0700] {processor.py:830} INFO - Processing file /opt/miniconda3/envs/airflow_env/lib/python3.11/site-packages/airflow/example_dags/example_params_trigger_ui.py for tasks to queue
[2025-10-29T19:45:33.119-0700] {logging_mixin.py:188} INFO - [2025-10-29T19:45:33.119-0700] {dagbag.py:545} INFO - Filling up the DagBag from /opt/miniconda3/envs/airflow_env/lib/python3.11/site-packages/airflow/example_dags/example_params_trigger_ui.py
[2025-10-29T19:45:33.139-0700] {processor.py:840} INFO - DAG(s) 'example_params_trigger_ui' retrieved from /opt/miniconda3/envs/airflow_env/lib/python3.11/site-packages/airflow/example_dags/example_params_trigger_ui.py
[2025-10-29T19:45:33.196-0700] {logging_mixin.py:188} INFO - [2025-10-29T19:45:33.196-0700] {dag.py:3089} INFO - Sync 1 DAGs
[2025-10-29T19:45:33.201-0700] {logging_mixin.py:188} INFO - [2025-10-29T19:45:33.201-0700] {dag.py:3947} INFO - Setting next_dagrun for example_params_trigger_ui to None, run_after=None
[2025-10-29T19:45:33.212-0700] {processor.py:183} INFO - Processing /opt/miniconda3/envs/airflow_env/lib/python3.11/site-packages/airflow/example_dags/example_params_trigger_ui.py took 0.096 seconds
[2025-10-29T19:47:12.544-0700] {processor.py:161} INFO - Started process (PID=19978) to work on /opt/miniconda3/envs/airflow_env/lib/python3.11/site-packages/airflow/example_dags/example_params_trigger_ui.py
[2025-10-29T19:47:12.545-0700] {processor.py:830} INFO - Processing file /opt/miniconda3/envs/airflow_env/lib/python3.11/site-packages/airflow/example_dags/example_params_trigger_ui.py for tasks to queue
[2025-10-29T19:47:12.545-0700] {logging_mixin.py:188} INFO - [2025-10-29T19:47:12.545-0700] {dagbag.py:545} INFO - Filling up the DagBag from /opt/miniconda3/envs/airflow_env/lib/python3.11/site-packages/airflow/example_dags/example_params_trigger_ui.py
[2025-10-29T19:47:12.566-0700] {processor.py:840} INFO - DAG(s) 'example_params_trigger_ui' retrieved from /opt/miniconda3/envs/airflow_env/lib/python3.11/site-packages/airflow/example_dags/example_params_trigger_ui.py
[2025-10-29T19:47:12.623-0700] {logging_mixin.py:188} INFO - [2025-10-29T19:47:12.623-0700] {dag.py:3089} INFO - Sync 1 DAGs
[2025-10-29T19:47:12.628-0700] {logging_mixin.py:188} INFO - [2025-10-29T19:47:12.628-0700] {dag.py:3947} INFO - Setting next_dagrun for example_params_trigger_ui to None, run_after=None
[2025-10-29T19:47:12.638-0700] {processor.py:183} INFO - Processing /opt/miniconda3/envs/airflow_env/lib/python3.11/site-packages/airflow/example_dags/example_params_trigger_ui.py took 0.097 seconds
[2025-10-29T20:00:10.836-0700] {processor.py:161} INFO - Started process (PID=23033) to work on /opt/miniconda3/envs/airflow_env/lib/python3.11/site-packages/airflow/example_dags/example_params_trigger_ui.py
[2025-10-29T20:00:10.838-0700] {processor.py:830} INFO - Processing file /opt/miniconda3/envs/airflow_env/lib/python3.11/site-packages/airflow/example_dags/example_params_trigger_ui.py for tasks to queue
[2025-10-29T20:00:10.838-0700] {logging_mixin.py:188} INFO - [2025-10-29T20:00:10.838-0700] {dagbag.py:545} INFO - Filling up the DagBag from /opt/miniconda3/envs/airflow_env/lib/python3.11/site-packages/airflow/example_dags/example_params_trigger_ui.py
[2025-10-29T20:00:10.859-0700] {processor.py:840} INFO - DAG(s) 'example_params_trigger_ui' retrieved from /opt/miniconda3/envs/airflow_env/lib/python3.11/site-packages/airflow/example_dags/example_params_trigger_ui.py
[2025-10-29T20:00:10.918-0700] {logging_mixin.py:188} INFO - [2025-10-29T20:00:10.918-0700] {dag.py:3089} INFO - Sync 1 DAGs
[2025-10-29T20:00:10.923-0700] {logging_mixin.py:188} INFO - [2025-10-29T20:00:10.923-0700] {dag.py:3947} INFO - Setting next_dagrun for example_params_trigger_ui to None, run_after=None
[2025-10-29T20:00:10.934-0700] {processor.py:183} INFO - Processing /opt/miniconda3/envs/airflow_env/lib/python3.11/site-packages/airflow/example_dags/example_params_trigger_ui.py took 0.100 seconds
[2025-10-29T20:01:17.513-0700] {processor.py:161} INFO - Started process (PID=23413) to work on /opt/miniconda3/envs/airflow_env/lib/python3.11/site-packages/airflow/example_dags/example_params_trigger_ui.py
[2025-10-29T20:01:17.513-0700] {processor.py:830} INFO - Processing file /opt/miniconda3/envs/airflow_env/lib/python3.11/site-packages/airflow/example_dags/example_params_trigger_ui.py for tasks to queue
[2025-10-29T20:01:17.514-0700] {logging_mixin.py:188} INFO - [2025-10-29T20:01:17.514-0700] {dagbag.py:545} INFO - Filling up the DagBag from /opt/miniconda3/envs/airflow_env/lib/python3.11/site-packages/airflow/example_dags/example_params_trigger_ui.py
[2025-10-29T20:01:17.534-0700] {processor.py:840} INFO - DAG(s) 'example_params_trigger_ui' retrieved from /opt/miniconda3/envs/airflow_env/lib/python3.11/site-packages/airflow/example_dags/example_params_trigger_ui.py
[2025-10-29T20:01:17.592-0700] {logging_mixin.py:188} INFO - [2025-10-29T20:01:17.592-0700] {dag.py:3089} INFO - Sync 1 DAGs
[2025-10-29T20:01:17.597-0700] {logging_mixin.py:188} INFO - [2025-10-29T20:01:17.597-0700] {dag.py:3947} INFO - Setting next_dagrun for example_params_trigger_ui to None, run_after=None
[2025-10-29T20:01:17.608-0700] {processor.py:183} INFO - Processing /opt/miniconda3/envs/airflow_env/lib/python3.11/site-packages/airflow/example_dags/example_params_trigger_ui.py took 0.097 seconds
[2025-10-29T20:01:56.398-0700] {processor.py:161} INFO - Started process (PID=23627) to work on /opt/miniconda3/envs/airflow_env/lib/python3.11/site-packages/airflow/example_dags/example_params_trigger_ui.py
[2025-10-29T20:01:56.398-0700] {processor.py:830} INFO - Processing file /opt/miniconda3/envs/airflow_env/lib/python3.11/site-packages/airflow/example_dags/example_params_trigger_ui.py for tasks to queue
[2025-10-29T20:01:56.399-0700] {logging_mixin.py:188} INFO - [2025-10-29T20:01:56.399-0700] {dagbag.py:545} INFO - Filling up the DagBag from /opt/miniconda3/envs/airflow_env/lib/python3.11/site-packages/airflow/example_dags/example_params_trigger_ui.py
[2025-10-29T20:01:56.420-0700] {processor.py:840} INFO - DAG(s) 'example_params_trigger_ui' retrieved from /opt/miniconda3/envs/airflow_env/lib/python3.11/site-packages/airflow/example_dags/example_params_trigger_ui.py
[2025-10-29T20:01:56.480-0700] {logging_mixin.py:188} INFO - [2025-10-29T20:01:56.479-0700] {dag.py:3089} INFO - Sync 1 DAGs
[2025-10-29T20:01:56.484-0700] {logging_mixin.py:188} INFO - [2025-10-29T20:01:56.484-0700] {dag.py:3947} INFO - Setting next_dagrun for example_params_trigger_ui to None, run_after=None
[2025-10-29T20:01:56.496-0700] {processor.py:183} INFO - Processing /opt/miniconda3/envs/airflow_env/lib/python3.11/site-packages/airflow/example_dags/example_params_trigger_ui.py took 0.100 seconds
[2025-10-29T20:02:59.292-0700] {processor.py:161} INFO - Started process (PID=23987) to work on /opt/miniconda3/envs/airflow_env/lib/python3.11/site-packages/airflow/example_dags/example_params_trigger_ui.py
[2025-10-29T20:02:59.293-0700] {processor.py:830} INFO - Processing file /opt/miniconda3/envs/airflow_env/lib/python3.11/site-packages/airflow/example_dags/example_params_trigger_ui.py for tasks to queue
[2025-10-29T20:02:59.294-0700] {logging_mixin.py:188} INFO - [2025-10-29T20:02:59.294-0700] {dagbag.py:545} INFO - Filling up the DagBag from /opt/miniconda3/envs/airflow_env/lib/python3.11/site-packages/airflow/example_dags/example_params_trigger_ui.py
[2025-10-29T20:02:59.317-0700] {processor.py:840} INFO - DAG(s) 'example_params_trigger_ui' retrieved from /opt/miniconda3/envs/airflow_env/lib/python3.11/site-packages/airflow/example_dags/example_params_trigger_ui.py
[2025-10-29T20:02:59.379-0700] {logging_mixin.py:188} INFO - [2025-10-29T20:02:59.378-0700] {dag.py:3089} INFO - Sync 1 DAGs
[2025-10-29T20:02:59.384-0700] {logging_mixin.py:188} INFO - [2025-10-29T20:02:59.384-0700] {dag.py:3947} INFO - Setting next_dagrun for example_params_trigger_ui to None, run_after=None
[2025-10-29T20:02:59.397-0700] {processor.py:183} INFO - Processing /opt/miniconda3/envs/airflow_env/lib/python3.11/site-packages/airflow/example_dags/example_params_trigger_ui.py took 0.107 seconds
[2025-10-29T20:04:16.513-0700] {processor.py:161} INFO - Started process (PID=24429) to work on /opt/miniconda3/envs/airflow_env/lib/python3.11/site-packages/airflow/example_dags/example_params_trigger_ui.py
[2025-10-29T20:04:16.513-0700] {processor.py:830} INFO - Processing file /opt/miniconda3/envs/airflow_env/lib/python3.11/site-packages/airflow/example_dags/example_params_trigger_ui.py for tasks to queue
[2025-10-29T20:04:16.514-0700] {logging_mixin.py:188} INFO - [2025-10-29T20:04:16.514-0700] {dagbag.py:545} INFO - Filling up the DagBag from /opt/miniconda3/envs/airflow_env/lib/python3.11/site-packages/airflow/example_dags/example_params_trigger_ui.py
[2025-10-29T20:04:16.534-0700] {processor.py:840} INFO - DAG(s) 'example_params_trigger_ui' retrieved from /opt/miniconda3/envs/airflow_env/lib/python3.11/site-packages/airflow/example_dags/example_params_trigger_ui.py
[2025-10-29T20:04:16.592-0700] {logging_mixin.py:188} INFO - [2025-10-29T20:04:16.592-0700] {dag.py:3089} INFO - Sync 1 DAGs
[2025-10-29T20:04:16.597-0700] {logging_mixin.py:188} INFO - [2025-10-29T20:04:16.596-0700] {dag.py:3947} INFO - Setting next_dagrun for example_params_trigger_ui to None, run_after=None
[2025-10-29T20:04:16.607-0700] {processor.py:183} INFO - Processing /opt/miniconda3/envs/airflow_env/lib/python3.11/site-packages/airflow/example_dags/example_params_trigger_ui.py took 0.096 seconds
[2025-10-29T20:05:26.615-0700] {processor.py:161} INFO - Started process (PID=24836) to work on /opt/miniconda3/envs/airflow_env/lib/python3.11/site-packages/airflow/example_dags/example_params_trigger_ui.py
[2025-10-29T20:05:26.616-0700] {processor.py:830} INFO - Processing file /opt/miniconda3/envs/airflow_env/lib/python3.11/site-packages/airflow/example_dags/example_params_trigger_ui.py for tasks to queue
[2025-10-29T20:05:26.616-0700] {logging_mixin.py:188} INFO - [2025-10-29T20:05:26.616-0700] {dagbag.py:545} INFO - Filling up the DagBag from /opt/miniconda3/envs/airflow_env/lib/python3.11/site-packages/airflow/example_dags/example_params_trigger_ui.py
[2025-10-29T20:05:26.637-0700] {processor.py:840} INFO - DAG(s) 'example_params_trigger_ui' retrieved from /opt/miniconda3/envs/airflow_env/lib/python3.11/site-packages/airflow/example_dags/example_params_trigger_ui.py
[2025-10-29T20:05:26.694-0700] {logging_mixin.py:188} INFO - [2025-10-29T20:05:26.694-0700] {dag.py:3089} INFO - Sync 1 DAGs
[2025-10-29T20:05:26.698-0700] {logging_mixin.py:188} INFO - [2025-10-29T20:05:26.698-0700] {dag.py:3947} INFO - Setting next_dagrun for example_params_trigger_ui to None, run_after=None
[2025-10-29T20:05:26.709-0700] {processor.py:183} INFO - Processing /opt/miniconda3/envs/airflow_env/lib/python3.11/site-packages/airflow/example_dags/example_params_trigger_ui.py took 0.096 seconds
[2025-10-29T20:06:42.298-0700] {processor.py:161} INFO - Started process (PID=25261) to work on /opt/miniconda3/envs/airflow_env/lib/python3.11/site-packages/airflow/example_dags/example_params_trigger_ui.py
[2025-10-29T20:06:42.299-0700] {processor.py:830} INFO - Processing file /opt/miniconda3/envs/airflow_env/lib/python3.11/site-packages/airflow/example_dags/example_params_trigger_ui.py for tasks to queue
[2025-10-29T20:06:42.299-0700] {logging_mixin.py:188} INFO - [2025-10-29T20:06:42.299-0700] {dagbag.py:545} INFO - Filling up the DagBag from /opt/miniconda3/envs/airflow_env/lib/python3.11/site-packages/airflow/example_dags/example_params_trigger_ui.py
[2025-10-29T20:06:42.320-0700] {processor.py:840} INFO - DAG(s) 'example_params_trigger_ui' retrieved from /opt/miniconda3/envs/airflow_env/lib/python3.11/site-packages/airflow/example_dags/example_params_trigger_ui.py
[2025-10-29T20:06:42.378-0700] {logging_mixin.py:188} INFO - [2025-10-29T20:06:42.378-0700] {dag.py:3089} INFO - Sync 1 DAGs
[2025-10-29T20:06:42.383-0700] {logging_mixin.py:188} INFO - [2025-10-29T20:06:42.383-0700] {dag.py:3947} INFO - Setting next_dagrun for example_params_trigger_ui to None, run_after=None
[2025-10-29T20:06:42.394-0700] {processor.py:183} INFO - Processing /opt/miniconda3/envs/airflow_env/lib/python3.11/site-packages/airflow/example_dags/example_params_trigger_ui.py took 0.098 seconds
[2025-10-29T20:07:51.537-0700] {processor.py:161} INFO - Started process (PID=25659) to work on /opt/miniconda3/envs/airflow_env/lib/python3.11/site-packages/airflow/example_dags/example_params_trigger_ui.py
[2025-10-29T20:07:51.538-0700] {processor.py:830} INFO - Processing file /opt/miniconda3/envs/airflow_env/lib/python3.11/site-packages/airflow/example_dags/example_params_trigger_ui.py for tasks to queue
[2025-10-29T20:07:51.539-0700] {logging_mixin.py:188} INFO - [2025-10-29T20:07:51.538-0700] {dagbag.py:545} INFO - Filling up the DagBag from /opt/miniconda3/envs/airflow_env/lib/python3.11/site-packages/airflow/example_dags/example_params_trigger_ui.py
[2025-10-29T20:07:51.563-0700] {processor.py:840} INFO - DAG(s) 'example_params_trigger_ui' retrieved from /opt/miniconda3/envs/airflow_env/lib/python3.11/site-packages/airflow/example_dags/example_params_trigger_ui.py
[2025-10-29T20:07:51.631-0700] {logging_mixin.py:188} INFO - [2025-10-29T20:07:51.630-0700] {dag.py:3089} INFO - Sync 1 DAGs
[2025-10-29T20:07:51.636-0700] {logging_mixin.py:188} INFO - [2025-10-29T20:07:51.636-0700] {dag.py:3947} INFO - Setting next_dagrun for example_params_trigger_ui to None, run_after=None
[2025-10-29T20:07:51.649-0700] {processor.py:183} INFO - Processing /opt/miniconda3/envs/airflow_env/lib/python3.11/site-packages/airflow/example_dags/example_params_trigger_ui.py took 0.114 seconds
[2025-10-29T20:09:09.407-0700] {processor.py:161} INFO - Started process (PID=26064) to work on /opt/miniconda3/envs/airflow_env/lib/python3.11/site-packages/airflow/example_dags/example_params_trigger_ui.py
[2025-10-29T20:09:09.408-0700] {processor.py:830} INFO - Processing file /opt/miniconda3/envs/airflow_env/lib/python3.11/site-packages/airflow/example_dags/example_params_trigger_ui.py for tasks to queue
[2025-10-29T20:09:09.408-0700] {logging_mixin.py:188} INFO - [2025-10-29T20:09:09.408-0700] {dagbag.py:545} INFO - Filling up the DagBag from /opt/miniconda3/envs/airflow_env/lib/python3.11/site-packages/airflow/example_dags/example_params_trigger_ui.py
[2025-10-29T20:09:09.429-0700] {processor.py:840} INFO - DAG(s) 'example_params_trigger_ui' retrieved from /opt/miniconda3/envs/airflow_env/lib/python3.11/site-packages/airflow/example_dags/example_params_trigger_ui.py
[2025-10-29T20:09:09.489-0700] {logging_mixin.py:188} INFO - [2025-10-29T20:09:09.488-0700] {dag.py:3089} INFO - Sync 1 DAGs
[2025-10-29T20:09:09.494-0700] {logging_mixin.py:188} INFO - [2025-10-29T20:09:09.494-0700] {dag.py:3947} INFO - Setting next_dagrun for example_params_trigger_ui to None, run_after=None
[2025-10-29T20:09:09.504-0700] {processor.py:183} INFO - Processing /opt/miniconda3/envs/airflow_env/lib/python3.11/site-packages/airflow/example_dags/example_params_trigger_ui.py took 0.100 seconds
[2025-10-29T20:10:18.877-0700] {processor.py:161} INFO - Started process (PID=26254) to work on /opt/miniconda3/envs/airflow_env/lib/python3.11/site-packages/airflow/example_dags/example_params_trigger_ui.py
[2025-10-29T20:10:18.878-0700] {processor.py:830} INFO - Processing file /opt/miniconda3/envs/airflow_env/lib/python3.11/site-packages/airflow/example_dags/example_params_trigger_ui.py for tasks to queue
[2025-10-29T20:10:18.878-0700] {logging_mixin.py:188} INFO - [2025-10-29T20:10:18.878-0700] {dagbag.py:545} INFO - Filling up the DagBag from /opt/miniconda3/envs/airflow_env/lib/python3.11/site-packages/airflow/example_dags/example_params_trigger_ui.py
[2025-10-29T20:10:18.901-0700] {processor.py:840} INFO - DAG(s) 'example_params_trigger_ui' retrieved from /opt/miniconda3/envs/airflow_env/lib/python3.11/site-packages/airflow/example_dags/example_params_trigger_ui.py
[2025-10-29T20:10:18.960-0700] {logging_mixin.py:188} INFO - [2025-10-29T20:10:18.960-0700] {dag.py:3089} INFO - Sync 1 DAGs
[2025-10-29T20:10:18.965-0700] {logging_mixin.py:188} INFO - [2025-10-29T20:10:18.965-0700] {dag.py:3947} INFO - Setting next_dagrun for example_params_trigger_ui to None, run_after=None
[2025-10-29T20:10:18.976-0700] {processor.py:183} INFO - Processing /opt/miniconda3/envs/airflow_env/lib/python3.11/site-packages/airflow/example_dags/example_params_trigger_ui.py took 0.101 seconds
[2025-10-29T20:11:41.038-0700] {processor.py:161} INFO - Started process (PID=26520) to work on /opt/miniconda3/envs/airflow_env/lib/python3.11/site-packages/airflow/example_dags/example_params_trigger_ui.py
[2025-10-29T20:11:41.039-0700] {processor.py:830} INFO - Processing file /opt/miniconda3/envs/airflow_env/lib/python3.11/site-packages/airflow/example_dags/example_params_trigger_ui.py for tasks to queue
[2025-10-29T20:11:41.040-0700] {logging_mixin.py:188} INFO - [2025-10-29T20:11:41.040-0700] {dagbag.py:545} INFO - Filling up the DagBag from /opt/miniconda3/envs/airflow_env/lib/python3.11/site-packages/airflow/example_dags/example_params_trigger_ui.py
[2025-10-29T20:11:41.065-0700] {processor.py:840} INFO - DAG(s) 'example_params_trigger_ui' retrieved from /opt/miniconda3/envs/airflow_env/lib/python3.11/site-packages/airflow/example_dags/example_params_trigger_ui.py
[2025-10-29T20:11:41.133-0700] {logging_mixin.py:188} INFO - [2025-10-29T20:11:41.132-0700] {dag.py:3089} INFO - Sync 1 DAGs
[2025-10-29T20:11:41.138-0700] {logging_mixin.py:188} INFO - [2025-10-29T20:11:41.138-0700] {dag.py:3947} INFO - Setting next_dagrun for example_params_trigger_ui to None, run_after=None
[2025-10-29T20:11:41.151-0700] {processor.py:183} INFO - Processing /opt/miniconda3/envs/airflow_env/lib/python3.11/site-packages/airflow/example_dags/example_params_trigger_ui.py took 0.115 seconds
[2025-10-29T20:12:34.729-0700] {processor.py:161} INFO - Started process (PID=26712) to work on /opt/miniconda3/envs/airflow_env/lib/python3.11/site-packages/airflow/example_dags/example_params_trigger_ui.py
[2025-10-29T20:12:34.729-0700] {processor.py:830} INFO - Processing file /opt/miniconda3/envs/airflow_env/lib/python3.11/site-packages/airflow/example_dags/example_params_trigger_ui.py for tasks to queue
[2025-10-29T20:12:34.730-0700] {logging_mixin.py:188} INFO - [2025-10-29T20:12:34.730-0700] {dagbag.py:545} INFO - Filling up the DagBag from /opt/miniconda3/envs/airflow_env/lib/python3.11/site-packages/airflow/example_dags/example_params_trigger_ui.py
[2025-10-29T20:12:34.751-0700] {processor.py:840} INFO - DAG(s) 'example_params_trigger_ui' retrieved from /opt/miniconda3/envs/airflow_env/lib/python3.11/site-packages/airflow/example_dags/example_params_trigger_ui.py
[2025-10-29T20:12:34.808-0700] {logging_mixin.py:188} INFO - [2025-10-29T20:12:34.808-0700] {dag.py:3089} INFO - Sync 1 DAGs
[2025-10-29T20:12:34.813-0700] {logging_mixin.py:188} INFO - [2025-10-29T20:12:34.813-0700] {dag.py:3947} INFO - Setting next_dagrun for example_params_trigger_ui to None, run_after=None
[2025-10-29T20:12:34.824-0700] {processor.py:183} INFO - Processing /opt/miniconda3/envs/airflow_env/lib/python3.11/site-packages/airflow/example_dags/example_params_trigger_ui.py took 0.097 seconds
[2025-10-29T20:12:57.740-0700] {processor.py:161} INFO - Started process (PID=26781) to work on /opt/miniconda3/envs/airflow_env/lib/python3.11/site-packages/airflow/example_dags/example_params_trigger_ui.py
[2025-10-29T20:12:57.741-0700] {processor.py:830} INFO - Processing file /opt/miniconda3/envs/airflow_env/lib/python3.11/site-packages/airflow/example_dags/example_params_trigger_ui.py for tasks to queue
[2025-10-29T20:12:57.741-0700] {logging_mixin.py:188} INFO - [2025-10-29T20:12:57.741-0700] {dagbag.py:545} INFO - Filling up the DagBag from /opt/miniconda3/envs/airflow_env/lib/python3.11/site-packages/airflow/example_dags/example_params_trigger_ui.py
[2025-10-29T20:12:57.765-0700] {processor.py:840} INFO - DAG(s) 'example_params_trigger_ui' retrieved from /opt/miniconda3/envs/airflow_env/lib/python3.11/site-packages/airflow/example_dags/example_params_trigger_ui.py
[2025-10-29T20:12:57.831-0700] {logging_mixin.py:188} INFO - [2025-10-29T20:12:57.831-0700] {dag.py:3089} INFO - Sync 1 DAGs
[2025-10-29T20:12:57.836-0700] {logging_mixin.py:188} INFO - [2025-10-29T20:12:57.836-0700] {dag.py:3947} INFO - Setting next_dagrun for example_params_trigger_ui to None, run_after=None
[2025-10-29T20:12:57.848-0700] {processor.py:183} INFO - Processing /opt/miniconda3/envs/airflow_env/lib/python3.11/site-packages/airflow/example_dags/example_params_trigger_ui.py took 0.110 seconds
[2025-10-29T20:14:22.118-0700] {processor.py:161} INFO - Started process (PID=27079) to work on /opt/miniconda3/envs/airflow_env/lib/python3.11/site-packages/airflow/example_dags/example_params_trigger_ui.py
[2025-10-29T20:14:22.119-0700] {processor.py:830} INFO - Processing file /opt/miniconda3/envs/airflow_env/lib/python3.11/site-packages/airflow/example_dags/example_params_trigger_ui.py for tasks to queue
[2025-10-29T20:14:22.119-0700] {logging_mixin.py:188} INFO - [2025-10-29T20:14:22.119-0700] {dagbag.py:545} INFO - Filling up the DagBag from /opt/miniconda3/envs/airflow_env/lib/python3.11/site-packages/airflow/example_dags/example_params_trigger_ui.py
[2025-10-29T20:14:22.144-0700] {processor.py:840} INFO - DAG(s) 'example_params_trigger_ui' retrieved from /opt/miniconda3/envs/airflow_env/lib/python3.11/site-packages/airflow/example_dags/example_params_trigger_ui.py
[2025-10-29T20:14:22.239-0700] {logging_mixin.py:188} INFO - [2025-10-29T20:14:22.239-0700] {dag.py:3089} INFO - Sync 1 DAGs
[2025-10-29T20:14:22.248-0700] {logging_mixin.py:188} INFO - [2025-10-29T20:14:22.248-0700] {dag.py:3947} INFO - Setting next_dagrun for example_params_trigger_ui to None, run_after=None
[2025-10-29T20:14:22.266-0700] {processor.py:183} INFO - Processing /opt/miniconda3/envs/airflow_env/lib/python3.11/site-packages/airflow/example_dags/example_params_trigger_ui.py took 0.151 seconds
[2025-10-29T20:14:29.322-0700] {processor.py:161} INFO - Started process (PID=27101) to work on /opt/miniconda3/envs/airflow_env/lib/python3.11/site-packages/airflow/example_dags/example_params_trigger_ui.py
[2025-10-29T20:14:29.323-0700] {processor.py:830} INFO - Processing file /opt/miniconda3/envs/airflow_env/lib/python3.11/site-packages/airflow/example_dags/example_params_trigger_ui.py for tasks to queue
[2025-10-29T20:14:29.324-0700] {logging_mixin.py:188} INFO - [2025-10-29T20:14:29.324-0700] {dagbag.py:545} INFO - Filling up the DagBag from /opt/miniconda3/envs/airflow_env/lib/python3.11/site-packages/airflow/example_dags/example_params_trigger_ui.py
[2025-10-29T20:14:29.356-0700] {processor.py:840} INFO - DAG(s) 'example_params_trigger_ui' retrieved from /opt/miniconda3/envs/airflow_env/lib/python3.11/site-packages/airflow/example_dags/example_params_trigger_ui.py
[2025-10-29T20:14:29.435-0700] {logging_mixin.py:188} INFO - [2025-10-29T20:14:29.435-0700] {dag.py:3089} INFO - Sync 1 DAGs
[2025-10-29T20:14:29.442-0700] {logging_mixin.py:188} INFO - [2025-10-29T20:14:29.442-0700] {dag.py:3947} INFO - Setting next_dagrun for example_params_trigger_ui to None, run_after=None
[2025-10-29T20:14:29.456-0700] {processor.py:183} INFO - Processing /opt/miniconda3/envs/airflow_env/lib/python3.11/site-packages/airflow/example_dags/example_params_trigger_ui.py took 0.137 seconds
[2025-10-29T20:15:46.458-0700] {processor.py:161} INFO - Started process (PID=27355) to work on /opt/miniconda3/envs/airflow_env/lib/python3.11/site-packages/airflow/example_dags/example_params_trigger_ui.py
[2025-10-29T20:15:46.459-0700] {processor.py:830} INFO - Processing file /opt/miniconda3/envs/airflow_env/lib/python3.11/site-packages/airflow/example_dags/example_params_trigger_ui.py for tasks to queue
[2025-10-29T20:15:46.460-0700] {logging_mixin.py:188} INFO - [2025-10-29T20:15:46.459-0700] {dagbag.py:545} INFO - Filling up the DagBag from /opt/miniconda3/envs/airflow_env/lib/python3.11/site-packages/airflow/example_dags/example_params_trigger_ui.py
[2025-10-29T20:15:46.484-0700] {processor.py:840} INFO - DAG(s) 'example_params_trigger_ui' retrieved from /opt/miniconda3/envs/airflow_env/lib/python3.11/site-packages/airflow/example_dags/example_params_trigger_ui.py
[2025-10-29T20:15:46.584-0700] {logging_mixin.py:188} INFO - [2025-10-29T20:15:46.584-0700] {dag.py:3089} INFO - Sync 1 DAGs
[2025-10-29T20:15:46.594-0700] {logging_mixin.py:188} INFO - [2025-10-29T20:15:46.593-0700] {dag.py:3947} INFO - Setting next_dagrun for example_params_trigger_ui to None, run_after=None
[2025-10-29T20:15:46.620-0700] {processor.py:183} INFO - Processing /opt/miniconda3/envs/airflow_env/lib/python3.11/site-packages/airflow/example_dags/example_params_trigger_ui.py took 0.165 seconds
[2025-10-29T20:17:19.909-0700] {processor.py:161} INFO - Started process (PID=27679) to work on /opt/miniconda3/envs/airflow_env/lib/python3.11/site-packages/airflow/example_dags/example_params_trigger_ui.py
[2025-10-29T20:17:19.910-0700] {processor.py:830} INFO - Processing file /opt/miniconda3/envs/airflow_env/lib/python3.11/site-packages/airflow/example_dags/example_params_trigger_ui.py for tasks to queue
[2025-10-29T20:17:19.910-0700] {logging_mixin.py:188} INFO - [2025-10-29T20:17:19.910-0700] {dagbag.py:545} INFO - Filling up the DagBag from /opt/miniconda3/envs/airflow_env/lib/python3.11/site-packages/airflow/example_dags/example_params_trigger_ui.py
[2025-10-29T20:17:19.931-0700] {processor.py:840} INFO - DAG(s) 'example_params_trigger_ui' retrieved from /opt/miniconda3/envs/airflow_env/lib/python3.11/site-packages/airflow/example_dags/example_params_trigger_ui.py
[2025-10-29T20:17:19.992-0700] {logging_mixin.py:188} INFO - [2025-10-29T20:17:19.992-0700] {dag.py:3089} INFO - Sync 1 DAGs
[2025-10-29T20:17:19.997-0700] {logging_mixin.py:188} INFO - [2025-10-29T20:17:19.997-0700] {dag.py:3947} INFO - Setting next_dagrun for example_params_trigger_ui to None, run_after=None
[2025-10-29T20:17:20.009-0700] {processor.py:183} INFO - Processing /opt/miniconda3/envs/airflow_env/lib/python3.11/site-packages/airflow/example_dags/example_params_trigger_ui.py took 0.102 seconds
[2025-10-29T20:17:23.723-0700] {processor.py:161} INFO - Started process (PID=27691) to work on /opt/miniconda3/envs/airflow_env/lib/python3.11/site-packages/airflow/example_dags/example_params_trigger_ui.py
[2025-10-29T20:17:23.724-0700] {processor.py:830} INFO - Processing file /opt/miniconda3/envs/airflow_env/lib/python3.11/site-packages/airflow/example_dags/example_params_trigger_ui.py for tasks to queue
[2025-10-29T20:17:23.725-0700] {logging_mixin.py:188} INFO - [2025-10-29T20:17:23.724-0700] {dagbag.py:545} INFO - Filling up the DagBag from /opt/miniconda3/envs/airflow_env/lib/python3.11/site-packages/airflow/example_dags/example_params_trigger_ui.py
[2025-10-29T20:17:23.750-0700] {processor.py:840} INFO - DAG(s) 'example_params_trigger_ui' retrieved from /opt/miniconda3/envs/airflow_env/lib/python3.11/site-packages/airflow/example_dags/example_params_trigger_ui.py
[2025-10-29T20:17:23.852-0700] {logging_mixin.py:188} INFO - [2025-10-29T20:17:23.851-0700] {dag.py:3089} INFO - Sync 1 DAGs
[2025-10-29T20:17:23.861-0700] {logging_mixin.py:188} INFO - [2025-10-29T20:17:23.860-0700] {dag.py:3947} INFO - Setting next_dagrun for example_params_trigger_ui to None, run_after=None
[2025-10-29T20:17:23.884-0700] {processor.py:183} INFO - Processing /opt/miniconda3/envs/airflow_env/lib/python3.11/site-packages/airflow/example_dags/example_params_trigger_ui.py took 0.163 seconds
[2025-10-29T20:18:41.578-0700] {processor.py:161} INFO - Started process (PID=27939) to work on /opt/miniconda3/envs/airflow_env/lib/python3.11/site-packages/airflow/example_dags/example_params_trigger_ui.py
[2025-10-29T20:18:41.579-0700] {processor.py:830} INFO - Processing file /opt/miniconda3/envs/airflow_env/lib/python3.11/site-packages/airflow/example_dags/example_params_trigger_ui.py for tasks to queue
[2025-10-29T20:18:41.579-0700] {logging_mixin.py:188} INFO - [2025-10-29T20:18:41.579-0700] {dagbag.py:545} INFO - Filling up the DagBag from /opt/miniconda3/envs/airflow_env/lib/python3.11/site-packages/airflow/example_dags/example_params_trigger_ui.py
[2025-10-29T20:18:41.607-0700] {processor.py:840} INFO - DAG(s) 'example_params_trigger_ui' retrieved from /opt/miniconda3/envs/airflow_env/lib/python3.11/site-packages/airflow/example_dags/example_params_trigger_ui.py
[2025-10-29T20:18:41.684-0700] {logging_mixin.py:188} INFO - [2025-10-29T20:18:41.684-0700] {dag.py:3089} INFO - Sync 1 DAGs
[2025-10-29T20:18:41.691-0700] {logging_mixin.py:188} INFO - [2025-10-29T20:18:41.691-0700] {dag.py:3947} INFO - Setting next_dagrun for example_params_trigger_ui to None, run_after=None
[2025-10-29T20:18:41.705-0700] {processor.py:183} INFO - Processing /opt/miniconda3/envs/airflow_env/lib/python3.11/site-packages/airflow/example_dags/example_params_trigger_ui.py took 0.130 seconds
[2025-10-29T20:20:23.508-0700] {processor.py:161} INFO - Started process (PID=28262) to work on /opt/miniconda3/envs/airflow_env/lib/python3.11/site-packages/airflow/example_dags/example_params_trigger_ui.py
[2025-10-29T20:20:23.509-0700] {processor.py:830} INFO - Processing file /opt/miniconda3/envs/airflow_env/lib/python3.11/site-packages/airflow/example_dags/example_params_trigger_ui.py for tasks to queue
[2025-10-29T20:20:23.510-0700] {logging_mixin.py:188} INFO - [2025-10-29T20:20:23.510-0700] {dagbag.py:545} INFO - Filling up the DagBag from /opt/miniconda3/envs/airflow_env/lib/python3.11/site-packages/airflow/example_dags/example_params_trigger_ui.py
[2025-10-29T20:20:23.548-0700] {processor.py:840} INFO - DAG(s) 'example_params_trigger_ui' retrieved from /opt/miniconda3/envs/airflow_env/lib/python3.11/site-packages/airflow/example_dags/example_params_trigger_ui.py
[2025-10-29T20:20:23.661-0700] {logging_mixin.py:188} INFO - [2025-10-29T20:20:23.660-0700] {dag.py:3089} INFO - Sync 1 DAGs
[2025-10-29T20:20:23.669-0700] {logging_mixin.py:188} INFO - [2025-10-29T20:20:23.669-0700] {dag.py:3947} INFO - Setting next_dagrun for example_params_trigger_ui to None, run_after=None
[2025-10-29T20:20:23.687-0700] {processor.py:183} INFO - Processing /opt/miniconda3/envs/airflow_env/lib/python3.11/site-packages/airflow/example_dags/example_params_trigger_ui.py took 0.183 seconds
[2025-10-29T20:20:30.406-0700] {processor.py:161} INFO - Started process (PID=28279) to work on /opt/miniconda3/envs/airflow_env/lib/python3.11/site-packages/airflow/example_dags/example_params_trigger_ui.py
[2025-10-29T20:20:30.407-0700] {processor.py:830} INFO - Processing file /opt/miniconda3/envs/airflow_env/lib/python3.11/site-packages/airflow/example_dags/example_params_trigger_ui.py for tasks to queue
[2025-10-29T20:20:30.407-0700] {logging_mixin.py:188} INFO - [2025-10-29T20:20:30.407-0700] {dagbag.py:545} INFO - Filling up the DagBag from /opt/miniconda3/envs/airflow_env/lib/python3.11/site-packages/airflow/example_dags/example_params_trigger_ui.py
[2025-10-29T20:20:30.445-0700] {processor.py:840} INFO - DAG(s) 'example_params_trigger_ui' retrieved from /opt/miniconda3/envs/airflow_env/lib/python3.11/site-packages/airflow/example_dags/example_params_trigger_ui.py
[2025-10-29T20:20:30.552-0700] {logging_mixin.py:188} INFO - [2025-10-29T20:20:30.551-0700] {dag.py:3089} INFO - Sync 1 DAGs
[2025-10-29T20:20:30.560-0700] {logging_mixin.py:188} INFO - [2025-10-29T20:20:30.560-0700] {dag.py:3947} INFO - Setting next_dagrun for example_params_trigger_ui to None, run_after=None
[2025-10-29T20:20:30.579-0700] {processor.py:183} INFO - Processing /opt/miniconda3/envs/airflow_env/lib/python3.11/site-packages/airflow/example_dags/example_params_trigger_ui.py took 0.177 seconds
[2025-10-29T20:21:48.626-0700] {processor.py:161} INFO - Started process (PID=28566) to work on /opt/miniconda3/envs/airflow_env/lib/python3.11/site-packages/airflow/example_dags/example_params_trigger_ui.py
[2025-10-29T20:21:48.626-0700] {processor.py:830} INFO - Processing file /opt/miniconda3/envs/airflow_env/lib/python3.11/site-packages/airflow/example_dags/example_params_trigger_ui.py for tasks to queue
[2025-10-29T20:21:48.627-0700] {logging_mixin.py:188} INFO - [2025-10-29T20:21:48.627-0700] {dagbag.py:545} INFO - Filling up the DagBag from /opt/miniconda3/envs/airflow_env/lib/python3.11/site-packages/airflow/example_dags/example_params_trigger_ui.py
[2025-10-29T20:21:48.649-0700] {processor.py:840} INFO - DAG(s) 'example_params_trigger_ui' retrieved from /opt/miniconda3/envs/airflow_env/lib/python3.11/site-packages/airflow/example_dags/example_params_trigger_ui.py
[2025-10-29T20:21:48.717-0700] {logging_mixin.py:188} INFO - [2025-10-29T20:21:48.717-0700] {dag.py:3089} INFO - Sync 1 DAGs
[2025-10-29T20:21:48.723-0700] {logging_mixin.py:188} INFO - [2025-10-29T20:21:48.723-0700] {dag.py:3947} INFO - Setting next_dagrun for example_params_trigger_ui to None, run_after=None
[2025-10-29T20:21:48.735-0700] {processor.py:183} INFO - Processing /opt/miniconda3/envs/airflow_env/lib/python3.11/site-packages/airflow/example_dags/example_params_trigger_ui.py took 0.112 seconds
[2025-10-29T20:23:42.237-0700] {processor.py:161} INFO - Started process (PID=28954) to work on /opt/miniconda3/envs/airflow_env/lib/python3.11/site-packages/airflow/example_dags/example_params_trigger_ui.py
[2025-10-29T20:23:42.239-0700] {processor.py:830} INFO - Processing file /opt/miniconda3/envs/airflow_env/lib/python3.11/site-packages/airflow/example_dags/example_params_trigger_ui.py for tasks to queue
[2025-10-29T20:23:42.239-0700] {logging_mixin.py:188} INFO - [2025-10-29T20:23:42.239-0700] {dagbag.py:545} INFO - Filling up the DagBag from /opt/miniconda3/envs/airflow_env/lib/python3.11/site-packages/airflow/example_dags/example_params_trigger_ui.py
[2025-10-29T20:23:42.274-0700] {processor.py:840} INFO - DAG(s) 'example_params_trigger_ui' retrieved from /opt/miniconda3/envs/airflow_env/lib/python3.11/site-packages/airflow/example_dags/example_params_trigger_ui.py
[2025-10-29T20:23:42.371-0700] {logging_mixin.py:188} INFO - [2025-10-29T20:23:42.371-0700] {dag.py:3089} INFO - Sync 1 DAGs
[2025-10-29T20:23:42.380-0700] {logging_mixin.py:188} INFO - [2025-10-29T20:23:42.379-0700] {dag.py:3947} INFO - Setting next_dagrun for example_params_trigger_ui to None, run_after=None
[2025-10-29T20:23:42.399-0700] {processor.py:183} INFO - Processing /opt/miniconda3/envs/airflow_env/lib/python3.11/site-packages/airflow/example_dags/example_params_trigger_ui.py took 0.166 seconds
[2025-10-29T20:23:49.843-0700] {processor.py:161} INFO - Started process (PID=28976) to work on /opt/miniconda3/envs/airflow_env/lib/python3.11/site-packages/airflow/example_dags/example_params_trigger_ui.py
[2025-10-29T20:23:49.844-0700] {processor.py:830} INFO - Processing file /opt/miniconda3/envs/airflow_env/lib/python3.11/site-packages/airflow/example_dags/example_params_trigger_ui.py for tasks to queue
[2025-10-29T20:23:49.844-0700] {logging_mixin.py:188} INFO - [2025-10-29T20:23:49.844-0700] {dagbag.py:545} INFO - Filling up the DagBag from /opt/miniconda3/envs/airflow_env/lib/python3.11/site-packages/airflow/example_dags/example_params_trigger_ui.py
[2025-10-29T20:23:49.878-0700] {processor.py:840} INFO - DAG(s) 'example_params_trigger_ui' retrieved from /opt/miniconda3/envs/airflow_env/lib/python3.11/site-packages/airflow/example_dags/example_params_trigger_ui.py
[2025-10-29T20:23:49.973-0700] {logging_mixin.py:188} INFO - [2025-10-29T20:23:49.973-0700] {dag.py:3089} INFO - Sync 1 DAGs
[2025-10-29T20:23:49.981-0700] {logging_mixin.py:188} INFO - [2025-10-29T20:23:49.981-0700] {dag.py:3947} INFO - Setting next_dagrun for example_params_trigger_ui to None, run_after=None
[2025-10-29T20:23:49.997-0700] {processor.py:183} INFO - Processing /opt/miniconda3/envs/airflow_env/lib/python3.11/site-packages/airflow/example_dags/example_params_trigger_ui.py took 0.158 seconds
[2025-10-29T20:24:56.869-0700] {processor.py:161} INFO - Started process (PID=29197) to work on /opt/miniconda3/envs/airflow_env/lib/python3.11/site-packages/airflow/example_dags/example_params_trigger_ui.py
[2025-10-29T20:24:56.870-0700] {processor.py:830} INFO - Processing file /opt/miniconda3/envs/airflow_env/lib/python3.11/site-packages/airflow/example_dags/example_params_trigger_ui.py for tasks to queue
[2025-10-29T20:24:56.870-0700] {logging_mixin.py:188} INFO - [2025-10-29T20:24:56.870-0700] {dagbag.py:545} INFO - Filling up the DagBag from /opt/miniconda3/envs/airflow_env/lib/python3.11/site-packages/airflow/example_dags/example_params_trigger_ui.py
[2025-10-29T20:24:56.891-0700] {processor.py:840} INFO - DAG(s) 'example_params_trigger_ui' retrieved from /opt/miniconda3/envs/airflow_env/lib/python3.11/site-packages/airflow/example_dags/example_params_trigger_ui.py
[2025-10-29T20:24:56.951-0700] {logging_mixin.py:188} INFO - [2025-10-29T20:24:56.951-0700] {dag.py:3089} INFO - Sync 1 DAGs
[2025-10-29T20:24:56.957-0700] {logging_mixin.py:188} INFO - [2025-10-29T20:24:56.956-0700] {dag.py:3947} INFO - Setting next_dagrun for example_params_trigger_ui to None, run_after=None
[2025-10-29T20:24:56.967-0700] {processor.py:183} INFO - Processing /opt/miniconda3/envs/airflow_env/lib/python3.11/site-packages/airflow/example_dags/example_params_trigger_ui.py took 0.100 seconds
[2025-10-29T20:26:40.065-0700] {processor.py:161} INFO - Started process (PID=29558) to work on /opt/miniconda3/envs/airflow_env/lib/python3.11/site-packages/airflow/example_dags/example_params_trigger_ui.py
[2025-10-29T20:26:40.066-0700] {processor.py:830} INFO - Processing file /opt/miniconda3/envs/airflow_env/lib/python3.11/site-packages/airflow/example_dags/example_params_trigger_ui.py for tasks to queue
[2025-10-29T20:26:40.066-0700] {logging_mixin.py:188} INFO - [2025-10-29T20:26:40.066-0700] {dagbag.py:545} INFO - Filling up the DagBag from /opt/miniconda3/envs/airflow_env/lib/python3.11/site-packages/airflow/example_dags/example_params_trigger_ui.py
[2025-10-29T20:26:40.099-0700] {processor.py:840} INFO - DAG(s) 'example_params_trigger_ui' retrieved from /opt/miniconda3/envs/airflow_env/lib/python3.11/site-packages/airflow/example_dags/example_params_trigger_ui.py
[2025-10-29T20:26:40.196-0700] {logging_mixin.py:188} INFO - [2025-10-29T20:26:40.196-0700] {dag.py:3089} INFO - Sync 1 DAGs
[2025-10-29T20:26:40.204-0700] {logging_mixin.py:188} INFO - [2025-10-29T20:26:40.204-0700] {dag.py:3947} INFO - Setting next_dagrun for example_params_trigger_ui to None, run_after=None
[2025-10-29T20:26:40.222-0700] {processor.py:183} INFO - Processing /opt/miniconda3/envs/airflow_env/lib/python3.11/site-packages/airflow/example_dags/example_params_trigger_ui.py took 0.160 seconds
[2025-10-29T20:26:42.987-0700] {processor.py:161} INFO - Started process (PID=29566) to work on /opt/miniconda3/envs/airflow_env/lib/python3.11/site-packages/airflow/example_dags/example_params_trigger_ui.py
[2025-10-29T20:26:42.987-0700] {processor.py:830} INFO - Processing file /opt/miniconda3/envs/airflow_env/lib/python3.11/site-packages/airflow/example_dags/example_params_trigger_ui.py for tasks to queue
[2025-10-29T20:26:42.988-0700] {logging_mixin.py:188} INFO - [2025-10-29T20:26:42.988-0700] {dagbag.py:545} INFO - Filling up the DagBag from /opt/miniconda3/envs/airflow_env/lib/python3.11/site-packages/airflow/example_dags/example_params_trigger_ui.py
[2025-10-29T20:26:43.011-0700] {processor.py:840} INFO - DAG(s) 'example_params_trigger_ui' retrieved from /opt/miniconda3/envs/airflow_env/lib/python3.11/site-packages/airflow/example_dags/example_params_trigger_ui.py
[2025-10-29T20:26:43.079-0700] {logging_mixin.py:188} INFO - [2025-10-29T20:26:43.079-0700] {dag.py:3089} INFO - Sync 1 DAGs
[2025-10-29T20:26:43.084-0700] {logging_mixin.py:188} INFO - [2025-10-29T20:26:43.084-0700] {dag.py:3947} INFO - Setting next_dagrun for example_params_trigger_ui to None, run_after=None
[2025-10-29T20:26:43.097-0700] {processor.py:183} INFO - Processing /opt/miniconda3/envs/airflow_env/lib/python3.11/site-packages/airflow/example_dags/example_params_trigger_ui.py took 0.112 seconds
[2025-10-29T20:27:44.055-0700] {processor.py:161} INFO - Started process (PID=29779) to work on /opt/miniconda3/envs/airflow_env/lib/python3.11/site-packages/airflow/example_dags/example_params_trigger_ui.py
[2025-10-29T20:27:44.056-0700] {processor.py:830} INFO - Processing file /opt/miniconda3/envs/airflow_env/lib/python3.11/site-packages/airflow/example_dags/example_params_trigger_ui.py for tasks to queue
[2025-10-29T20:27:44.056-0700] {logging_mixin.py:188} INFO - [2025-10-29T20:27:44.056-0700] {dagbag.py:545} INFO - Filling up the DagBag from /opt/miniconda3/envs/airflow_env/lib/python3.11/site-packages/airflow/example_dags/example_params_trigger_ui.py
[2025-10-29T20:27:44.079-0700] {processor.py:840} INFO - DAG(s) 'example_params_trigger_ui' retrieved from /opt/miniconda3/envs/airflow_env/lib/python3.11/site-packages/airflow/example_dags/example_params_trigger_ui.py
[2025-10-29T20:27:44.137-0700] {logging_mixin.py:188} INFO - [2025-10-29T20:27:44.137-0700] {dag.py:3089} INFO - Sync 1 DAGs
[2025-10-29T20:27:44.142-0700] {logging_mixin.py:188} INFO - [2025-10-29T20:27:44.141-0700] {dag.py:3947} INFO - Setting next_dagrun for example_params_trigger_ui to None, run_after=None
[2025-10-29T20:27:44.152-0700] {processor.py:183} INFO - Processing /opt/miniconda3/envs/airflow_env/lib/python3.11/site-packages/airflow/example_dags/example_params_trigger_ui.py took 0.100 seconds
[2025-10-29T20:29:29.243-0700] {processor.py:161} INFO - Started process (PID=30141) to work on /opt/miniconda3/envs/airflow_env/lib/python3.11/site-packages/airflow/example_dags/example_params_trigger_ui.py
[2025-10-29T20:29:29.244-0700] {processor.py:830} INFO - Processing file /opt/miniconda3/envs/airflow_env/lib/python3.11/site-packages/airflow/example_dags/example_params_trigger_ui.py for tasks to queue
[2025-10-29T20:29:29.245-0700] {logging_mixin.py:188} INFO - [2025-10-29T20:29:29.245-0700] {dagbag.py:545} INFO - Filling up the DagBag from /opt/miniconda3/envs/airflow_env/lib/python3.11/site-packages/airflow/example_dags/example_params_trigger_ui.py
[2025-10-29T20:29:29.279-0700] {processor.py:840} INFO - DAG(s) 'example_params_trigger_ui' retrieved from /opt/miniconda3/envs/airflow_env/lib/python3.11/site-packages/airflow/example_dags/example_params_trigger_ui.py
[2025-10-29T20:29:29.362-0700] {logging_mixin.py:188} INFO - [2025-10-29T20:29:29.362-0700] {dag.py:3089} INFO - Sync 1 DAGs
[2025-10-29T20:29:29.369-0700] {logging_mixin.py:188} INFO - [2025-10-29T20:29:29.368-0700] {dag.py:3947} INFO - Setting next_dagrun for example_params_trigger_ui to None, run_after=None
[2025-10-29T20:29:29.382-0700] {processor.py:183} INFO - Processing /opt/miniconda3/envs/airflow_env/lib/python3.11/site-packages/airflow/example_dags/example_params_trigger_ui.py took 0.143 seconds
[2025-10-29T20:29:31.171-0700] {processor.py:161} INFO - Started process (PID=30149) to work on /opt/miniconda3/envs/airflow_env/lib/python3.11/site-packages/airflow/example_dags/example_params_trigger_ui.py
[2025-10-29T20:29:31.172-0700] {processor.py:830} INFO - Processing file /opt/miniconda3/envs/airflow_env/lib/python3.11/site-packages/airflow/example_dags/example_params_trigger_ui.py for tasks to queue
[2025-10-29T20:29:31.173-0700] {logging_mixin.py:188} INFO - [2025-10-29T20:29:31.173-0700] {dagbag.py:545} INFO - Filling up the DagBag from /opt/miniconda3/envs/airflow_env/lib/python3.11/site-packages/airflow/example_dags/example_params_trigger_ui.py
[2025-10-29T20:29:31.202-0700] {processor.py:840} INFO - DAG(s) 'example_params_trigger_ui' retrieved from /opt/miniconda3/envs/airflow_env/lib/python3.11/site-packages/airflow/example_dags/example_params_trigger_ui.py
[2025-10-29T20:29:31.275-0700] {logging_mixin.py:188} INFO - [2025-10-29T20:29:31.274-0700] {dag.py:3089} INFO - Sync 1 DAGs
[2025-10-29T20:29:31.280-0700] {logging_mixin.py:188} INFO - [2025-10-29T20:29:31.280-0700] {dag.py:3947} INFO - Setting next_dagrun for example_params_trigger_ui to None, run_after=None
[2025-10-29T20:29:31.293-0700] {processor.py:183} INFO - Processing /opt/miniconda3/envs/airflow_env/lib/python3.11/site-packages/airflow/example_dags/example_params_trigger_ui.py took 0.124 seconds
