[2025-10-29T18:40:50.136-0700] {processor.py:161} INFO - Started process (PID=5173) to work on /opt/miniconda3/envs/airflow_env/lib/python3.11/site-packages/airflow/example_dags/example_sensors.py
[2025-10-29T18:40:50.137-0700] {processor.py:830} INFO - Processing file /opt/miniconda3/envs/airflow_env/lib/python3.11/site-packages/airflow/example_dags/example_sensors.py for tasks to queue
[2025-10-29T18:40:50.137-0700] {logging_mixin.py:188} INFO - [2025-10-29T18:40:50.137-0700] {dagbag.py:545} INFO - Filling up the DagBag from /opt/miniconda3/envs/airflow_env/lib/python3.11/site-packages/airflow/example_dags/example_sensors.py
[2025-10-29T18:40:50.146-0700] {processor.py:840} INFO - DAG(s) 'example_sensors' retrieved from /opt/miniconda3/envs/airflow_env/lib/python3.11/site-packages/airflow/example_dags/example_sensors.py
[2025-10-29T18:40:50.243-0700] {logging_mixin.py:188} INFO - [2025-10-29T18:40:50.242-0700] {override.py:1930} INFO - Created Permission View: can edit on DAG:example_sensors
[2025-10-29T18:40:50.247-0700] {logging_mixin.py:188} INFO - [2025-10-29T18:40:50.247-0700] {override.py:1930} INFO - Created Permission View: can read on DAG:example_sensors
[2025-10-29T18:40:50.250-0700] {logging_mixin.py:188} INFO - [2025-10-29T18:40:50.250-0700] {override.py:1930} INFO - Created Permission View: can delete on DAG:example_sensors
[2025-10-29T18:40:50.250-0700] {logging_mixin.py:188} INFO - [2025-10-29T18:40:50.250-0700] {dag.py:3089} INFO - Sync 1 DAGs
[2025-10-29T18:40:50.256-0700] {logging_mixin.py:188} INFO - [2025-10-29T18:40:50.256-0700] {dag.py:3111} INFO - Creating ORM DAG for example_sensors
[2025-10-29T18:40:50.256-0700] {logging_mixin.py:188} INFO - [2025-10-29T18:40:50.256-0700] {dag.py:3947} INFO - Setting next_dagrun for example_sensors to None, run_after=None
[2025-10-29T18:40:50.296-0700] {processor.py:183} INFO - Processing /opt/miniconda3/envs/airflow_env/lib/python3.11/site-packages/airflow/example_dags/example_sensors.py took 0.161 seconds
[2025-10-29T18:42:29.351-0700] {processor.py:161} INFO - Started process (PID=5365) to work on /opt/miniconda3/envs/airflow_env/lib/python3.11/site-packages/airflow/example_dags/example_sensors.py
[2025-10-29T18:42:29.351-0700] {processor.py:830} INFO - Processing file /opt/miniconda3/envs/airflow_env/lib/python3.11/site-packages/airflow/example_dags/example_sensors.py for tasks to queue
[2025-10-29T18:42:29.352-0700] {logging_mixin.py:188} INFO - [2025-10-29T18:42:29.352-0700] {dagbag.py:545} INFO - Filling up the DagBag from /opt/miniconda3/envs/airflow_env/lib/python3.11/site-packages/airflow/example_dags/example_sensors.py
[2025-10-29T18:42:29.360-0700] {processor.py:840} INFO - DAG(s) 'example_sensors' retrieved from /opt/miniconda3/envs/airflow_env/lib/python3.11/site-packages/airflow/example_dags/example_sensors.py
[2025-10-29T18:42:29.416-0700] {logging_mixin.py:188} INFO - [2025-10-29T18:42:29.416-0700] {dag.py:3089} INFO - Sync 1 DAGs
[2025-10-29T18:42:29.421-0700] {logging_mixin.py:188} INFO - [2025-10-29T18:42:29.421-0700] {dag.py:3947} INFO - Setting next_dagrun for example_sensors to None, run_after=None
[2025-10-29T18:42:29.431-0700] {processor.py:183} INFO - Processing /opt/miniconda3/envs/airflow_env/lib/python3.11/site-packages/airflow/example_dags/example_sensors.py took 0.082 seconds
[2025-10-29T18:44:48.580-0700] {processor.py:161} INFO - Started process (PID=5627) to work on /opt/miniconda3/envs/airflow_env/lib/python3.11/site-packages/airflow/example_dags/example_sensors.py
[2025-10-29T18:44:48.581-0700] {processor.py:830} INFO - Processing file /opt/miniconda3/envs/airflow_env/lib/python3.11/site-packages/airflow/example_dags/example_sensors.py for tasks to queue
[2025-10-29T18:44:48.582-0700] {logging_mixin.py:188} INFO - [2025-10-29T18:44:48.581-0700] {dagbag.py:545} INFO - Filling up the DagBag from /opt/miniconda3/envs/airflow_env/lib/python3.11/site-packages/airflow/example_dags/example_sensors.py
[2025-10-29T18:44:48.590-0700] {processor.py:840} INFO - DAG(s) 'example_sensors' retrieved from /opt/miniconda3/envs/airflow_env/lib/python3.11/site-packages/airflow/example_dags/example_sensors.py
[2025-10-29T18:44:48.644-0700] {logging_mixin.py:188} INFO - [2025-10-29T18:44:48.644-0700] {dag.py:3089} INFO - Sync 1 DAGs
[2025-10-29T18:44:48.649-0700] {logging_mixin.py:188} INFO - [2025-10-29T18:44:48.649-0700] {dag.py:3947} INFO - Setting next_dagrun for example_sensors to None, run_after=None
[2025-10-29T18:44:48.658-0700] {processor.py:183} INFO - Processing /opt/miniconda3/envs/airflow_env/lib/python3.11/site-packages/airflow/example_dags/example_sensors.py took 0.081 seconds
[2025-10-29T18:47:15.222-0700] {processor.py:161} INFO - Started process (PID=5892) to work on /opt/miniconda3/envs/airflow_env/lib/python3.11/site-packages/airflow/example_dags/example_sensors.py
[2025-10-29T18:47:15.223-0700] {processor.py:830} INFO - Processing file /opt/miniconda3/envs/airflow_env/lib/python3.11/site-packages/airflow/example_dags/example_sensors.py for tasks to queue
[2025-10-29T18:47:15.223-0700] {logging_mixin.py:188} INFO - [2025-10-29T18:47:15.223-0700] {dagbag.py:545} INFO - Filling up the DagBag from /opt/miniconda3/envs/airflow_env/lib/python3.11/site-packages/airflow/example_dags/example_sensors.py
[2025-10-29T18:47:15.231-0700] {processor.py:840} INFO - DAG(s) 'example_sensors' retrieved from /opt/miniconda3/envs/airflow_env/lib/python3.11/site-packages/airflow/example_dags/example_sensors.py
[2025-10-29T18:47:15.286-0700] {logging_mixin.py:188} INFO - [2025-10-29T18:47:15.285-0700] {dag.py:3089} INFO - Sync 1 DAGs
[2025-10-29T18:47:15.290-0700] {logging_mixin.py:188} INFO - [2025-10-29T18:47:15.290-0700] {dag.py:3947} INFO - Setting next_dagrun for example_sensors to None, run_after=None
[2025-10-29T18:47:15.300-0700] {processor.py:183} INFO - Processing /opt/miniconda3/envs/airflow_env/lib/python3.11/site-packages/airflow/example_dags/example_sensors.py took 0.080 seconds
[2025-10-29T18:49:40.570-0700] {processor.py:161} INFO - Started process (PID=7424) to work on /opt/miniconda3/envs/airflow_env/lib/python3.11/site-packages/airflow/example_dags/example_sensors.py
[2025-10-29T18:49:40.571-0700] {processor.py:830} INFO - Processing file /opt/miniconda3/envs/airflow_env/lib/python3.11/site-packages/airflow/example_dags/example_sensors.py for tasks to queue
[2025-10-29T18:49:40.571-0700] {logging_mixin.py:188} INFO - [2025-10-29T18:49:40.571-0700] {dagbag.py:545} INFO - Filling up the DagBag from /opt/miniconda3/envs/airflow_env/lib/python3.11/site-packages/airflow/example_dags/example_sensors.py
[2025-10-29T18:49:40.582-0700] {processor.py:840} INFO - DAG(s) 'example_sensors' retrieved from /opt/miniconda3/envs/airflow_env/lib/python3.11/site-packages/airflow/example_dags/example_sensors.py
[2025-10-29T18:49:40.637-0700] {logging_mixin.py:188} INFO - [2025-10-29T18:49:40.636-0700] {dag.py:3089} INFO - Sync 1 DAGs
[2025-10-29T18:49:40.641-0700] {logging_mixin.py:188} INFO - [2025-10-29T18:49:40.641-0700] {dag.py:3947} INFO - Setting next_dagrun for example_sensors to None, run_after=None
[2025-10-29T18:49:40.651-0700] {processor.py:183} INFO - Processing /opt/miniconda3/envs/airflow_env/lib/python3.11/site-packages/airflow/example_dags/example_sensors.py took 0.084 seconds
[2025-10-29T18:52:02.052-0700] {processor.py:161} INFO - Started process (PID=9942) to work on /opt/miniconda3/envs/airflow_env/lib/python3.11/site-packages/airflow/example_dags/example_sensors.py
[2025-10-29T18:52:02.052-0700] {processor.py:830} INFO - Processing file /opt/miniconda3/envs/airflow_env/lib/python3.11/site-packages/airflow/example_dags/example_sensors.py for tasks to queue
[2025-10-29T18:52:02.052-0700] {logging_mixin.py:188} INFO - [2025-10-29T18:52:02.052-0700] {dagbag.py:545} INFO - Filling up the DagBag from /opt/miniconda3/envs/airflow_env/lib/python3.11/site-packages/airflow/example_dags/example_sensors.py
[2025-10-29T18:52:02.062-0700] {processor.py:840} INFO - DAG(s) 'example_sensors' retrieved from /opt/miniconda3/envs/airflow_env/lib/python3.11/site-packages/airflow/example_dags/example_sensors.py
[2025-10-29T18:52:02.117-0700] {logging_mixin.py:188} INFO - [2025-10-29T18:52:02.117-0700] {dag.py:3089} INFO - Sync 1 DAGs
[2025-10-29T18:52:02.121-0700] {logging_mixin.py:188} INFO - [2025-10-29T18:52:02.121-0700] {dag.py:3947} INFO - Setting next_dagrun for example_sensors to None, run_after=None
[2025-10-29T18:52:02.131-0700] {processor.py:183} INFO - Processing /opt/miniconda3/envs/airflow_env/lib/python3.11/site-packages/airflow/example_dags/example_sensors.py took 0.082 seconds
[2025-10-29T18:54:20.808-0700] {processor.py:161} INFO - Started process (PID=10209) to work on /opt/miniconda3/envs/airflow_env/lib/python3.11/site-packages/airflow/example_dags/example_sensors.py
[2025-10-29T18:54:20.809-0700] {processor.py:830} INFO - Processing file /opt/miniconda3/envs/airflow_env/lib/python3.11/site-packages/airflow/example_dags/example_sensors.py for tasks to queue
[2025-10-29T18:54:20.809-0700] {logging_mixin.py:188} INFO - [2025-10-29T18:54:20.809-0700] {dagbag.py:545} INFO - Filling up the DagBag from /opt/miniconda3/envs/airflow_env/lib/python3.11/site-packages/airflow/example_dags/example_sensors.py
[2025-10-29T18:54:20.820-0700] {processor.py:840} INFO - DAG(s) 'example_sensors' retrieved from /opt/miniconda3/envs/airflow_env/lib/python3.11/site-packages/airflow/example_dags/example_sensors.py
[2025-10-29T18:54:20.875-0700] {logging_mixin.py:188} INFO - [2025-10-29T18:54:20.875-0700] {dag.py:3089} INFO - Sync 1 DAGs
[2025-10-29T18:54:20.880-0700] {logging_mixin.py:188} INFO - [2025-10-29T18:54:20.880-0700] {dag.py:3947} INFO - Setting next_dagrun for example_sensors to None, run_after=None
[2025-10-29T18:54:20.889-0700] {processor.py:183} INFO - Processing /opt/miniconda3/envs/airflow_env/lib/python3.11/site-packages/airflow/example_dags/example_sensors.py took 0.084 seconds
[2025-10-29T18:56:43.799-0700] {processor.py:161} INFO - Started process (PID=10461) to work on /opt/miniconda3/envs/airflow_env/lib/python3.11/site-packages/airflow/example_dags/example_sensors.py
[2025-10-29T18:56:43.800-0700] {processor.py:830} INFO - Processing file /opt/miniconda3/envs/airflow_env/lib/python3.11/site-packages/airflow/example_dags/example_sensors.py for tasks to queue
[2025-10-29T18:56:43.800-0700] {logging_mixin.py:188} INFO - [2025-10-29T18:56:43.800-0700] {dagbag.py:545} INFO - Filling up the DagBag from /opt/miniconda3/envs/airflow_env/lib/python3.11/site-packages/airflow/example_dags/example_sensors.py
[2025-10-29T18:56:43.810-0700] {processor.py:840} INFO - DAG(s) 'example_sensors' retrieved from /opt/miniconda3/envs/airflow_env/lib/python3.11/site-packages/airflow/example_dags/example_sensors.py
[2025-10-29T18:56:43.864-0700] {logging_mixin.py:188} INFO - [2025-10-29T18:56:43.863-0700] {dag.py:3089} INFO - Sync 1 DAGs
[2025-10-29T18:56:43.868-0700] {logging_mixin.py:188} INFO - [2025-10-29T18:56:43.868-0700] {dag.py:3947} INFO - Setting next_dagrun for example_sensors to None, run_after=None
[2025-10-29T18:56:43.877-0700] {processor.py:183} INFO - Processing /opt/miniconda3/envs/airflow_env/lib/python3.11/site-packages/airflow/example_dags/example_sensors.py took 0.081 seconds
[2025-10-29T18:59:24.438-0700] {processor.py:161} INFO - Started process (PID=10800) to work on /opt/miniconda3/envs/airflow_env/lib/python3.11/site-packages/airflow/example_dags/example_sensors.py
[2025-10-29T18:59:24.438-0700] {processor.py:830} INFO - Processing file /opt/miniconda3/envs/airflow_env/lib/python3.11/site-packages/airflow/example_dags/example_sensors.py for tasks to queue
[2025-10-29T18:59:24.439-0700] {logging_mixin.py:188} INFO - [2025-10-29T18:59:24.438-0700] {dagbag.py:545} INFO - Filling up the DagBag from /opt/miniconda3/envs/airflow_env/lib/python3.11/site-packages/airflow/example_dags/example_sensors.py
[2025-10-29T18:59:24.447-0700] {processor.py:840} INFO - DAG(s) 'example_sensors' retrieved from /opt/miniconda3/envs/airflow_env/lib/python3.11/site-packages/airflow/example_dags/example_sensors.py
[2025-10-29T18:59:24.543-0700] {logging_mixin.py:188} INFO - [2025-10-29T18:59:24.543-0700] {dag.py:3089} INFO - Sync 1 DAGs
[2025-10-29T18:59:24.548-0700] {logging_mixin.py:188} INFO - [2025-10-29T18:59:24.548-0700] {dag.py:3947} INFO - Setting next_dagrun for example_sensors to None, run_after=None
[2025-10-29T18:59:24.589-0700] {processor.py:183} INFO - Processing /opt/miniconda3/envs/airflow_env/lib/python3.11/site-packages/airflow/example_dags/example_sensors.py took 0.153 seconds
[2025-10-29T19:01:07.052-0700] {processor.py:161} INFO - Started process (PID=10977) to work on /opt/miniconda3/envs/airflow_env/lib/python3.11/site-packages/airflow/example_dags/example_sensors.py
[2025-10-29T19:01:07.053-0700] {processor.py:830} INFO - Processing file /opt/miniconda3/envs/airflow_env/lib/python3.11/site-packages/airflow/example_dags/example_sensors.py for tasks to queue
[2025-10-29T19:01:07.053-0700] {logging_mixin.py:188} INFO - [2025-10-29T19:01:07.053-0700] {dagbag.py:545} INFO - Filling up the DagBag from /opt/miniconda3/envs/airflow_env/lib/python3.11/site-packages/airflow/example_dags/example_sensors.py
[2025-10-29T19:01:07.063-0700] {processor.py:840} INFO - DAG(s) 'example_sensors' retrieved from /opt/miniconda3/envs/airflow_env/lib/python3.11/site-packages/airflow/example_dags/example_sensors.py
[2025-10-29T19:01:07.117-0700] {logging_mixin.py:188} INFO - [2025-10-29T19:01:07.117-0700] {dag.py:3089} INFO - Sync 1 DAGs
[2025-10-29T19:01:07.122-0700] {logging_mixin.py:188} INFO - [2025-10-29T19:01:07.122-0700] {dag.py:3947} INFO - Setting next_dagrun for example_sensors to None, run_after=None
[2025-10-29T19:01:07.132-0700] {processor.py:183} INFO - Processing /opt/miniconda3/envs/airflow_env/lib/python3.11/site-packages/airflow/example_dags/example_sensors.py took 0.083 seconds
[2025-10-29T19:03:31.574-0700] {processor.py:161} INFO - Started process (PID=11241) to work on /opt/miniconda3/envs/airflow_env/lib/python3.11/site-packages/airflow/example_dags/example_sensors.py
[2025-10-29T19:03:31.575-0700] {processor.py:830} INFO - Processing file /opt/miniconda3/envs/airflow_env/lib/python3.11/site-packages/airflow/example_dags/example_sensors.py for tasks to queue
[2025-10-29T19:03:31.575-0700] {logging_mixin.py:188} INFO - [2025-10-29T19:03:31.575-0700] {dagbag.py:545} INFO - Filling up the DagBag from /opt/miniconda3/envs/airflow_env/lib/python3.11/site-packages/airflow/example_dags/example_sensors.py
[2025-10-29T19:03:31.585-0700] {processor.py:840} INFO - DAG(s) 'example_sensors' retrieved from /opt/miniconda3/envs/airflow_env/lib/python3.11/site-packages/airflow/example_dags/example_sensors.py
[2025-10-29T19:03:31.640-0700] {logging_mixin.py:188} INFO - [2025-10-29T19:03:31.640-0700] {dag.py:3089} INFO - Sync 1 DAGs
[2025-10-29T19:03:31.645-0700] {logging_mixin.py:188} INFO - [2025-10-29T19:03:31.645-0700] {dag.py:3947} INFO - Setting next_dagrun for example_sensors to None, run_after=None
[2025-10-29T19:03:31.655-0700] {processor.py:183} INFO - Processing /opt/miniconda3/envs/airflow_env/lib/python3.11/site-packages/airflow/example_dags/example_sensors.py took 0.083 seconds
[2025-10-29T19:06:00.812-0700] {processor.py:161} INFO - Started process (PID=11502) to work on /opt/miniconda3/envs/airflow_env/lib/python3.11/site-packages/airflow/example_dags/example_sensors.py
[2025-10-29T19:06:00.813-0700] {processor.py:830} INFO - Processing file /opt/miniconda3/envs/airflow_env/lib/python3.11/site-packages/airflow/example_dags/example_sensors.py for tasks to queue
[2025-10-29T19:06:00.813-0700] {logging_mixin.py:188} INFO - [2025-10-29T19:06:00.813-0700] {dagbag.py:545} INFO - Filling up the DagBag from /opt/miniconda3/envs/airflow_env/lib/python3.11/site-packages/airflow/example_dags/example_sensors.py
[2025-10-29T19:06:00.823-0700] {processor.py:840} INFO - DAG(s) 'example_sensors' retrieved from /opt/miniconda3/envs/airflow_env/lib/python3.11/site-packages/airflow/example_dags/example_sensors.py
[2025-10-29T19:06:00.878-0700] {logging_mixin.py:188} INFO - [2025-10-29T19:06:00.878-0700] {dag.py:3089} INFO - Sync 1 DAGs
[2025-10-29T19:06:00.883-0700] {logging_mixin.py:188} INFO - [2025-10-29T19:06:00.883-0700] {dag.py:3947} INFO - Setting next_dagrun for example_sensors to None, run_after=None
[2025-10-29T19:06:00.892-0700] {processor.py:183} INFO - Processing /opt/miniconda3/envs/airflow_env/lib/python3.11/site-packages/airflow/example_dags/example_sensors.py took 0.082 seconds
[2025-10-29T19:08:29.894-0700] {processor.py:161} INFO - Started process (PID=11756) to work on /opt/miniconda3/envs/airflow_env/lib/python3.11/site-packages/airflow/example_dags/example_sensors.py
[2025-10-29T19:08:29.895-0700] {processor.py:830} INFO - Processing file /opt/miniconda3/envs/airflow_env/lib/python3.11/site-packages/airflow/example_dags/example_sensors.py for tasks to queue
[2025-10-29T19:08:29.896-0700] {logging_mixin.py:188} INFO - [2025-10-29T19:08:29.896-0700] {dagbag.py:545} INFO - Filling up the DagBag from /opt/miniconda3/envs/airflow_env/lib/python3.11/site-packages/airflow/example_dags/example_sensors.py
[2025-10-29T19:08:29.905-0700] {processor.py:840} INFO - DAG(s) 'example_sensors' retrieved from /opt/miniconda3/envs/airflow_env/lib/python3.11/site-packages/airflow/example_dags/example_sensors.py
[2025-10-29T19:08:29.960-0700] {logging_mixin.py:188} INFO - [2025-10-29T19:08:29.959-0700] {dag.py:3089} INFO - Sync 1 DAGs
[2025-10-29T19:08:29.964-0700] {logging_mixin.py:188} INFO - [2025-10-29T19:08:29.964-0700] {dag.py:3947} INFO - Setting next_dagrun for example_sensors to None, run_after=None
[2025-10-29T19:08:29.974-0700] {processor.py:183} INFO - Processing /opt/miniconda3/envs/airflow_env/lib/python3.11/site-packages/airflow/example_dags/example_sensors.py took 0.082 seconds
[2025-10-29T19:10:55.907-0700] {processor.py:161} INFO - Started process (PID=12009) to work on /opt/miniconda3/envs/airflow_env/lib/python3.11/site-packages/airflow/example_dags/example_sensors.py
[2025-10-29T19:10:55.908-0700] {processor.py:830} INFO - Processing file /opt/miniconda3/envs/airflow_env/lib/python3.11/site-packages/airflow/example_dags/example_sensors.py for tasks to queue
[2025-10-29T19:10:55.908-0700] {logging_mixin.py:188} INFO - [2025-10-29T19:10:55.908-0700] {dagbag.py:545} INFO - Filling up the DagBag from /opt/miniconda3/envs/airflow_env/lib/python3.11/site-packages/airflow/example_dags/example_sensors.py
[2025-10-29T19:10:55.918-0700] {processor.py:840} INFO - DAG(s) 'example_sensors' retrieved from /opt/miniconda3/envs/airflow_env/lib/python3.11/site-packages/airflow/example_dags/example_sensors.py
[2025-10-29T19:10:55.973-0700] {logging_mixin.py:188} INFO - [2025-10-29T19:10:55.973-0700] {dag.py:3089} INFO - Sync 1 DAGs
[2025-10-29T19:10:55.978-0700] {logging_mixin.py:188} INFO - [2025-10-29T19:10:55.978-0700] {dag.py:3947} INFO - Setting next_dagrun for example_sensors to None, run_after=None
[2025-10-29T19:10:55.988-0700] {processor.py:183} INFO - Processing /opt/miniconda3/envs/airflow_env/lib/python3.11/site-packages/airflow/example_dags/example_sensors.py took 0.082 seconds
[2025-10-29T19:13:27.845-0700] {processor.py:161} INFO - Started process (PID=12293) to work on /opt/miniconda3/envs/airflow_env/lib/python3.11/site-packages/airflow/example_dags/example_sensors.py
[2025-10-29T19:13:27.846-0700] {processor.py:830} INFO - Processing file /opt/miniconda3/envs/airflow_env/lib/python3.11/site-packages/airflow/example_dags/example_sensors.py for tasks to queue
[2025-10-29T19:13:27.846-0700] {logging_mixin.py:188} INFO - [2025-10-29T19:13:27.846-0700] {dagbag.py:545} INFO - Filling up the DagBag from /opt/miniconda3/envs/airflow_env/lib/python3.11/site-packages/airflow/example_dags/example_sensors.py
[2025-10-29T19:13:27.856-0700] {processor.py:840} INFO - DAG(s) 'example_sensors' retrieved from /opt/miniconda3/envs/airflow_env/lib/python3.11/site-packages/airflow/example_dags/example_sensors.py
[2025-10-29T19:13:27.910-0700] {logging_mixin.py:188} INFO - [2025-10-29T19:13:27.910-0700] {dag.py:3089} INFO - Sync 1 DAGs
[2025-10-29T19:13:27.915-0700] {logging_mixin.py:188} INFO - [2025-10-29T19:13:27.915-0700] {dag.py:3947} INFO - Setting next_dagrun for example_sensors to None, run_after=None
[2025-10-29T19:13:27.924-0700] {processor.py:183} INFO - Processing /opt/miniconda3/envs/airflow_env/lib/python3.11/site-packages/airflow/example_dags/example_sensors.py took 0.082 seconds
[2025-10-29T19:15:54.970-0700] {processor.py:161} INFO - Started process (PID=12546) to work on /opt/miniconda3/envs/airflow_env/lib/python3.11/site-packages/airflow/example_dags/example_sensors.py
[2025-10-29T19:15:54.971-0700] {processor.py:830} INFO - Processing file /opt/miniconda3/envs/airflow_env/lib/python3.11/site-packages/airflow/example_dags/example_sensors.py for tasks to queue
[2025-10-29T19:15:54.971-0700] {logging_mixin.py:188} INFO - [2025-10-29T19:15:54.971-0700] {dagbag.py:545} INFO - Filling up the DagBag from /opt/miniconda3/envs/airflow_env/lib/python3.11/site-packages/airflow/example_dags/example_sensors.py
[2025-10-29T19:15:54.981-0700] {processor.py:840} INFO - DAG(s) 'example_sensors' retrieved from /opt/miniconda3/envs/airflow_env/lib/python3.11/site-packages/airflow/example_dags/example_sensors.py
[2025-10-29T19:15:55.036-0700] {logging_mixin.py:188} INFO - [2025-10-29T19:15:55.036-0700] {dag.py:3089} INFO - Sync 1 DAGs
[2025-10-29T19:15:55.040-0700] {logging_mixin.py:188} INFO - [2025-10-29T19:15:55.040-0700] {dag.py:3947} INFO - Setting next_dagrun for example_sensors to None, run_after=None
[2025-10-29T19:15:55.050-0700] {processor.py:183} INFO - Processing /opt/miniconda3/envs/airflow_env/lib/python3.11/site-packages/airflow/example_dags/example_sensors.py took 0.081 seconds
[2025-10-29T19:18:23.886-0700] {processor.py:161} INFO - Started process (PID=12805) to work on /opt/miniconda3/envs/airflow_env/lib/python3.11/site-packages/airflow/example_dags/example_sensors.py
[2025-10-29T19:18:23.887-0700] {processor.py:830} INFO - Processing file /opt/miniconda3/envs/airflow_env/lib/python3.11/site-packages/airflow/example_dags/example_sensors.py for tasks to queue
[2025-10-29T19:18:23.888-0700] {logging_mixin.py:188} INFO - [2025-10-29T19:18:23.888-0700] {dagbag.py:545} INFO - Filling up the DagBag from /opt/miniconda3/envs/airflow_env/lib/python3.11/site-packages/airflow/example_dags/example_sensors.py
[2025-10-29T19:18:23.899-0700] {processor.py:840} INFO - DAG(s) 'example_sensors' retrieved from /opt/miniconda3/envs/airflow_env/lib/python3.11/site-packages/airflow/example_dags/example_sensors.py
[2025-10-29T19:18:23.953-0700] {logging_mixin.py:188} INFO - [2025-10-29T19:18:23.953-0700] {dag.py:3089} INFO - Sync 1 DAGs
[2025-10-29T19:18:23.958-0700] {logging_mixin.py:188} INFO - [2025-10-29T19:18:23.957-0700] {dag.py:3947} INFO - Setting next_dagrun for example_sensors to None, run_after=None
[2025-10-29T19:18:23.967-0700] {processor.py:183} INFO - Processing /opt/miniconda3/envs/airflow_env/lib/python3.11/site-packages/airflow/example_dags/example_sensors.py took 0.083 seconds
[2025-10-29T19:20:49.025-0700] {processor.py:161} INFO - Started process (PID=13064) to work on /opt/miniconda3/envs/airflow_env/lib/python3.11/site-packages/airflow/example_dags/example_sensors.py
[2025-10-29T19:20:49.025-0700] {processor.py:830} INFO - Processing file /opt/miniconda3/envs/airflow_env/lib/python3.11/site-packages/airflow/example_dags/example_sensors.py for tasks to queue
[2025-10-29T19:20:49.026-0700] {logging_mixin.py:188} INFO - [2025-10-29T19:20:49.026-0700] {dagbag.py:545} INFO - Filling up the DagBag from /opt/miniconda3/envs/airflow_env/lib/python3.11/site-packages/airflow/example_dags/example_sensors.py
[2025-10-29T19:20:49.037-0700] {processor.py:840} INFO - DAG(s) 'example_sensors' retrieved from /opt/miniconda3/envs/airflow_env/lib/python3.11/site-packages/airflow/example_dags/example_sensors.py
[2025-10-29T19:20:49.093-0700] {logging_mixin.py:188} INFO - [2025-10-29T19:20:49.093-0700] {dag.py:3089} INFO - Sync 1 DAGs
[2025-10-29T19:20:49.098-0700] {logging_mixin.py:188} INFO - [2025-10-29T19:20:49.098-0700] {dag.py:3947} INFO - Setting next_dagrun for example_sensors to None, run_after=None
[2025-10-29T19:20:49.108-0700] {processor.py:183} INFO - Processing /opt/miniconda3/envs/airflow_env/lib/python3.11/site-packages/airflow/example_dags/example_sensors.py took 0.085 seconds
[2025-10-29T19:23:15.024-0700] {processor.py:161} INFO - Started process (PID=13359) to work on /opt/miniconda3/envs/airflow_env/lib/python3.11/site-packages/airflow/example_dags/example_sensors.py
[2025-10-29T19:23:15.025-0700] {processor.py:830} INFO - Processing file /opt/miniconda3/envs/airflow_env/lib/python3.11/site-packages/airflow/example_dags/example_sensors.py for tasks to queue
[2025-10-29T19:23:15.025-0700] {logging_mixin.py:188} INFO - [2025-10-29T19:23:15.025-0700] {dagbag.py:545} INFO - Filling up the DagBag from /opt/miniconda3/envs/airflow_env/lib/python3.11/site-packages/airflow/example_dags/example_sensors.py
[2025-10-29T19:23:15.035-0700] {processor.py:840} INFO - DAG(s) 'example_sensors' retrieved from /opt/miniconda3/envs/airflow_env/lib/python3.11/site-packages/airflow/example_dags/example_sensors.py
[2025-10-29T19:23:15.091-0700] {logging_mixin.py:188} INFO - [2025-10-29T19:23:15.091-0700] {dag.py:3089} INFO - Sync 1 DAGs
[2025-10-29T19:23:15.096-0700] {logging_mixin.py:188} INFO - [2025-10-29T19:23:15.096-0700] {dag.py:3947} INFO - Setting next_dagrun for example_sensors to None, run_after=None
[2025-10-29T19:23:15.106-0700] {processor.py:183} INFO - Processing /opt/miniconda3/envs/airflow_env/lib/python3.11/site-packages/airflow/example_dags/example_sensors.py took 0.084 seconds
[2025-10-29T19:25:41.169-0700] {processor.py:161} INFO - Started process (PID=13831) to work on /opt/miniconda3/envs/airflow_env/lib/python3.11/site-packages/airflow/example_dags/example_sensors.py
[2025-10-29T19:25:41.170-0700] {processor.py:830} INFO - Processing file /opt/miniconda3/envs/airflow_env/lib/python3.11/site-packages/airflow/example_dags/example_sensors.py for tasks to queue
[2025-10-29T19:25:41.171-0700] {logging_mixin.py:188} INFO - [2025-10-29T19:25:41.171-0700] {dagbag.py:545} INFO - Filling up the DagBag from /opt/miniconda3/envs/airflow_env/lib/python3.11/site-packages/airflow/example_dags/example_sensors.py
[2025-10-29T19:25:41.180-0700] {processor.py:840} INFO - DAG(s) 'example_sensors' retrieved from /opt/miniconda3/envs/airflow_env/lib/python3.11/site-packages/airflow/example_dags/example_sensors.py
[2025-10-29T19:25:41.235-0700] {logging_mixin.py:188} INFO - [2025-10-29T19:25:41.235-0700] {dag.py:3089} INFO - Sync 1 DAGs
[2025-10-29T19:25:41.240-0700] {logging_mixin.py:188} INFO - [2025-10-29T19:25:41.239-0700] {dag.py:3947} INFO - Setting next_dagrun for example_sensors to None, run_after=None
[2025-10-29T19:25:41.249-0700] {processor.py:183} INFO - Processing /opt/miniconda3/envs/airflow_env/lib/python3.11/site-packages/airflow/example_dags/example_sensors.py took 0.082 seconds
[2025-10-29T19:28:08.269-0700] {processor.py:161} INFO - Started process (PID=14510) to work on /opt/miniconda3/envs/airflow_env/lib/python3.11/site-packages/airflow/example_dags/example_sensors.py
[2025-10-29T19:28:08.270-0700] {processor.py:830} INFO - Processing file /opt/miniconda3/envs/airflow_env/lib/python3.11/site-packages/airflow/example_dags/example_sensors.py for tasks to queue
[2025-10-29T19:28:08.271-0700] {logging_mixin.py:188} INFO - [2025-10-29T19:28:08.270-0700] {dagbag.py:545} INFO - Filling up the DagBag from /opt/miniconda3/envs/airflow_env/lib/python3.11/site-packages/airflow/example_dags/example_sensors.py
[2025-10-29T19:28:08.281-0700] {processor.py:840} INFO - DAG(s) 'example_sensors' retrieved from /opt/miniconda3/envs/airflow_env/lib/python3.11/site-packages/airflow/example_dags/example_sensors.py
[2025-10-29T19:28:08.335-0700] {logging_mixin.py:188} INFO - [2025-10-29T19:28:08.335-0700] {dag.py:3089} INFO - Sync 1 DAGs
[2025-10-29T19:28:08.340-0700] {logging_mixin.py:188} INFO - [2025-10-29T19:28:08.340-0700] {dag.py:3947} INFO - Setting next_dagrun for example_sensors to None, run_after=None
[2025-10-29T19:28:08.350-0700] {processor.py:183} INFO - Processing /opt/miniconda3/envs/airflow_env/lib/python3.11/site-packages/airflow/example_dags/example_sensors.py took 0.082 seconds
[2025-10-29T19:30:37.645-0700] {processor.py:161} INFO - Started process (PID=15192) to work on /opt/miniconda3/envs/airflow_env/lib/python3.11/site-packages/airflow/example_dags/example_sensors.py
[2025-10-29T19:30:37.647-0700] {processor.py:830} INFO - Processing file /opt/miniconda3/envs/airflow_env/lib/python3.11/site-packages/airflow/example_dags/example_sensors.py for tasks to queue
[2025-10-29T19:30:37.647-0700] {logging_mixin.py:188} INFO - [2025-10-29T19:30:37.647-0700] {dagbag.py:545} INFO - Filling up the DagBag from /opt/miniconda3/envs/airflow_env/lib/python3.11/site-packages/airflow/example_dags/example_sensors.py
[2025-10-29T19:30:37.657-0700] {processor.py:840} INFO - DAG(s) 'example_sensors' retrieved from /opt/miniconda3/envs/airflow_env/lib/python3.11/site-packages/airflow/example_dags/example_sensors.py
[2025-10-29T19:30:37.712-0700] {logging_mixin.py:188} INFO - [2025-10-29T19:30:37.712-0700] {dag.py:3089} INFO - Sync 1 DAGs
[2025-10-29T19:30:37.717-0700] {logging_mixin.py:188} INFO - [2025-10-29T19:30:37.717-0700] {dag.py:3947} INFO - Setting next_dagrun for example_sensors to None, run_after=None
[2025-10-29T19:30:37.727-0700] {processor.py:183} INFO - Processing /opt/miniconda3/envs/airflow_env/lib/python3.11/site-packages/airflow/example_dags/example_sensors.py took 0.084 seconds
[2025-10-29T19:33:07.817-0700] {processor.py:161} INFO - Started process (PID=15907) to work on /opt/miniconda3/envs/airflow_env/lib/python3.11/site-packages/airflow/example_dags/example_sensors.py
[2025-10-29T19:33:07.817-0700] {processor.py:830} INFO - Processing file /opt/miniconda3/envs/airflow_env/lib/python3.11/site-packages/airflow/example_dags/example_sensors.py for tasks to queue
[2025-10-29T19:33:07.818-0700] {logging_mixin.py:188} INFO - [2025-10-29T19:33:07.818-0700] {dagbag.py:545} INFO - Filling up the DagBag from /opt/miniconda3/envs/airflow_env/lib/python3.11/site-packages/airflow/example_dags/example_sensors.py
[2025-10-29T19:33:07.828-0700] {processor.py:840} INFO - DAG(s) 'example_sensors' retrieved from /opt/miniconda3/envs/airflow_env/lib/python3.11/site-packages/airflow/example_dags/example_sensors.py
[2025-10-29T19:33:07.883-0700] {logging_mixin.py:188} INFO - [2025-10-29T19:33:07.883-0700] {dag.py:3089} INFO - Sync 1 DAGs
[2025-10-29T19:33:07.888-0700] {logging_mixin.py:188} INFO - [2025-10-29T19:33:07.888-0700] {dag.py:3947} INFO - Setting next_dagrun for example_sensors to None, run_after=None
[2025-10-29T19:33:07.898-0700] {processor.py:183} INFO - Processing /opt/miniconda3/envs/airflow_env/lib/python3.11/site-packages/airflow/example_dags/example_sensors.py took 0.083 seconds
[2025-10-29T19:35:37.252-0700] {processor.py:161} INFO - Started process (PID=16597) to work on /opt/miniconda3/envs/airflow_env/lib/python3.11/site-packages/airflow/example_dags/example_sensors.py
[2025-10-29T19:35:37.252-0700] {processor.py:830} INFO - Processing file /opt/miniconda3/envs/airflow_env/lib/python3.11/site-packages/airflow/example_dags/example_sensors.py for tasks to queue
[2025-10-29T19:35:37.253-0700] {logging_mixin.py:188} INFO - [2025-10-29T19:35:37.253-0700] {dagbag.py:545} INFO - Filling up the DagBag from /opt/miniconda3/envs/airflow_env/lib/python3.11/site-packages/airflow/example_dags/example_sensors.py
[2025-10-29T19:35:37.264-0700] {processor.py:840} INFO - DAG(s) 'example_sensors' retrieved from /opt/miniconda3/envs/airflow_env/lib/python3.11/site-packages/airflow/example_dags/example_sensors.py
[2025-10-29T19:35:37.320-0700] {logging_mixin.py:188} INFO - [2025-10-29T19:35:37.320-0700] {dag.py:3089} INFO - Sync 1 DAGs
[2025-10-29T19:35:37.325-0700] {logging_mixin.py:188} INFO - [2025-10-29T19:35:37.324-0700] {dag.py:3947} INFO - Setting next_dagrun for example_sensors to None, run_after=None
[2025-10-29T19:35:37.335-0700] {processor.py:183} INFO - Processing /opt/miniconda3/envs/airflow_env/lib/python3.11/site-packages/airflow/example_dags/example_sensors.py took 0.085 seconds
[2025-10-29T19:38:07.517-0700] {processor.py:161} INFO - Started process (PID=17326) to work on /opt/miniconda3/envs/airflow_env/lib/python3.11/site-packages/airflow/example_dags/example_sensors.py
[2025-10-29T19:38:07.518-0700] {processor.py:830} INFO - Processing file /opt/miniconda3/envs/airflow_env/lib/python3.11/site-packages/airflow/example_dags/example_sensors.py for tasks to queue
[2025-10-29T19:38:07.519-0700] {logging_mixin.py:188} INFO - [2025-10-29T19:38:07.518-0700] {dagbag.py:545} INFO - Filling up the DagBag from /opt/miniconda3/envs/airflow_env/lib/python3.11/site-packages/airflow/example_dags/example_sensors.py
[2025-10-29T19:38:07.527-0700] {processor.py:840} INFO - DAG(s) 'example_sensors' retrieved from /opt/miniconda3/envs/airflow_env/lib/python3.11/site-packages/airflow/example_dags/example_sensors.py
[2025-10-29T19:38:07.580-0700] {logging_mixin.py:188} INFO - [2025-10-29T19:38:07.580-0700] {dag.py:3089} INFO - Sync 1 DAGs
[2025-10-29T19:38:07.585-0700] {logging_mixin.py:188} INFO - [2025-10-29T19:38:07.585-0700] {dag.py:3947} INFO - Setting next_dagrun for example_sensors to None, run_after=None
[2025-10-29T19:38:07.594-0700] {processor.py:183} INFO - Processing /opt/miniconda3/envs/airflow_env/lib/python3.11/site-packages/airflow/example_dags/example_sensors.py took 0.080 seconds
[2025-10-29T19:40:37.759-0700] {processor.py:161} INFO - Started process (PID=18034) to work on /opt/miniconda3/envs/airflow_env/lib/python3.11/site-packages/airflow/example_dags/example_sensors.py
[2025-10-29T19:40:37.759-0700] {processor.py:830} INFO - Processing file /opt/miniconda3/envs/airflow_env/lib/python3.11/site-packages/airflow/example_dags/example_sensors.py for tasks to queue
[2025-10-29T19:40:37.760-0700] {logging_mixin.py:188} INFO - [2025-10-29T19:40:37.759-0700] {dagbag.py:545} INFO - Filling up the DagBag from /opt/miniconda3/envs/airflow_env/lib/python3.11/site-packages/airflow/example_dags/example_sensors.py
[2025-10-29T19:40:37.768-0700] {processor.py:840} INFO - DAG(s) 'example_sensors' retrieved from /opt/miniconda3/envs/airflow_env/lib/python3.11/site-packages/airflow/example_dags/example_sensors.py
[2025-10-29T19:40:37.823-0700] {logging_mixin.py:188} INFO - [2025-10-29T19:40:37.823-0700] {dag.py:3089} INFO - Sync 1 DAGs
[2025-10-29T19:40:37.828-0700] {logging_mixin.py:188} INFO - [2025-10-29T19:40:37.827-0700] {dag.py:3947} INFO - Setting next_dagrun for example_sensors to None, run_after=None
[2025-10-29T19:40:37.837-0700] {processor.py:183} INFO - Processing /opt/miniconda3/envs/airflow_env/lib/python3.11/site-packages/airflow/example_dags/example_sensors.py took 0.081 seconds
[2025-10-29T19:43:04.647-0700] {processor.py:161} INFO - Started process (PID=18724) to work on /opt/miniconda3/envs/airflow_env/lib/python3.11/site-packages/airflow/example_dags/example_sensors.py
[2025-10-29T19:43:04.648-0700] {processor.py:830} INFO - Processing file /opt/miniconda3/envs/airflow_env/lib/python3.11/site-packages/airflow/example_dags/example_sensors.py for tasks to queue
[2025-10-29T19:43:04.648-0700] {logging_mixin.py:188} INFO - [2025-10-29T19:43:04.648-0700] {dagbag.py:545} INFO - Filling up the DagBag from /opt/miniconda3/envs/airflow_env/lib/python3.11/site-packages/airflow/example_dags/example_sensors.py
[2025-10-29T19:43:04.657-0700] {processor.py:840} INFO - DAG(s) 'example_sensors' retrieved from /opt/miniconda3/envs/airflow_env/lib/python3.11/site-packages/airflow/example_dags/example_sensors.py
[2025-10-29T19:43:04.711-0700] {logging_mixin.py:188} INFO - [2025-10-29T19:43:04.711-0700] {dag.py:3089} INFO - Sync 1 DAGs
[2025-10-29T19:43:04.716-0700] {logging_mixin.py:188} INFO - [2025-10-29T19:43:04.716-0700] {dag.py:3947} INFO - Setting next_dagrun for example_sensors to None, run_after=None
[2025-10-29T19:43:04.726-0700] {processor.py:183} INFO - Processing /opt/miniconda3/envs/airflow_env/lib/python3.11/site-packages/airflow/example_dags/example_sensors.py took 0.081 seconds
[2025-10-29T19:45:22.207-0700] {processor.py:161} INFO - Started process (PID=19456) to work on /opt/miniconda3/envs/airflow_env/lib/python3.11/site-packages/airflow/example_dags/example_sensors.py
[2025-10-29T19:45:22.207-0700] {processor.py:830} INFO - Processing file /opt/miniconda3/envs/airflow_env/lib/python3.11/site-packages/airflow/example_dags/example_sensors.py for tasks to queue
[2025-10-29T19:45:22.208-0700] {logging_mixin.py:188} INFO - [2025-10-29T19:45:22.208-0700] {dagbag.py:545} INFO - Filling up the DagBag from /opt/miniconda3/envs/airflow_env/lib/python3.11/site-packages/airflow/example_dags/example_sensors.py
[2025-10-29T19:45:22.216-0700] {processor.py:840} INFO - DAG(s) 'example_sensors' retrieved from /opt/miniconda3/envs/airflow_env/lib/python3.11/site-packages/airflow/example_dags/example_sensors.py
[2025-10-29T19:45:22.271-0700] {logging_mixin.py:188} INFO - [2025-10-29T19:45:22.271-0700] {dag.py:3089} INFO - Sync 1 DAGs
[2025-10-29T19:45:22.276-0700] {logging_mixin.py:188} INFO - [2025-10-29T19:45:22.276-0700] {dag.py:3947} INFO - Setting next_dagrun for example_sensors to None, run_after=None
[2025-10-29T19:45:22.286-0700] {processor.py:183} INFO - Processing /opt/miniconda3/envs/airflow_env/lib/python3.11/site-packages/airflow/example_dags/example_sensors.py took 0.081 seconds
[2025-10-29T19:47:00.435-0700] {processor.py:161} INFO - Started process (PID=19924) to work on /opt/miniconda3/envs/airflow_env/lib/python3.11/site-packages/airflow/example_dags/example_sensors.py
[2025-10-29T19:47:00.435-0700] {processor.py:830} INFO - Processing file /opt/miniconda3/envs/airflow_env/lib/python3.11/site-packages/airflow/example_dags/example_sensors.py for tasks to queue
[2025-10-29T19:47:00.436-0700] {logging_mixin.py:188} INFO - [2025-10-29T19:47:00.436-0700] {dagbag.py:545} INFO - Filling up the DagBag from /opt/miniconda3/envs/airflow_env/lib/python3.11/site-packages/airflow/example_dags/example_sensors.py
[2025-10-29T19:47:00.444-0700] {processor.py:840} INFO - DAG(s) 'example_sensors' retrieved from /opt/miniconda3/envs/airflow_env/lib/python3.11/site-packages/airflow/example_dags/example_sensors.py
[2025-10-29T19:47:00.498-0700] {logging_mixin.py:188} INFO - [2025-10-29T19:47:00.498-0700] {dag.py:3089} INFO - Sync 1 DAGs
[2025-10-29T19:47:00.503-0700] {logging_mixin.py:188} INFO - [2025-10-29T19:47:00.503-0700] {dag.py:3947} INFO - Setting next_dagrun for example_sensors to None, run_after=None
[2025-10-29T19:47:00.513-0700] {processor.py:183} INFO - Processing /opt/miniconda3/envs/airflow_env/lib/python3.11/site-packages/airflow/example_dags/example_sensors.py took 0.080 seconds
[2025-10-29T19:59:59.754-0700] {processor.py:161} INFO - Started process (PID=22984) to work on /opt/miniconda3/envs/airflow_env/lib/python3.11/site-packages/airflow/example_dags/example_sensors.py
[2025-10-29T19:59:59.755-0700] {processor.py:830} INFO - Processing file /opt/miniconda3/envs/airflow_env/lib/python3.11/site-packages/airflow/example_dags/example_sensors.py for tasks to queue
[2025-10-29T19:59:59.756-0700] {logging_mixin.py:188} INFO - [2025-10-29T19:59:59.756-0700] {dagbag.py:545} INFO - Filling up the DagBag from /opt/miniconda3/envs/airflow_env/lib/python3.11/site-packages/airflow/example_dags/example_sensors.py
[2025-10-29T19:59:59.764-0700] {processor.py:840} INFO - DAG(s) 'example_sensors' retrieved from /opt/miniconda3/envs/airflow_env/lib/python3.11/site-packages/airflow/example_dags/example_sensors.py
[2025-10-29T19:59:59.819-0700] {logging_mixin.py:188} INFO - [2025-10-29T19:59:59.819-0700] {dag.py:3089} INFO - Sync 1 DAGs
[2025-10-29T19:59:59.824-0700] {logging_mixin.py:188} INFO - [2025-10-29T19:59:59.824-0700] {dag.py:3947} INFO - Setting next_dagrun for example_sensors to None, run_after=None
[2025-10-29T19:59:59.833-0700] {processor.py:183} INFO - Processing /opt/miniconda3/envs/airflow_env/lib/python3.11/site-packages/airflow/example_dags/example_sensors.py took 0.082 seconds
[2025-10-29T20:01:06.426-0700] {processor.py:161} INFO - Started process (PID=23348) to work on /opt/miniconda3/envs/airflow_env/lib/python3.11/site-packages/airflow/example_dags/example_sensors.py
[2025-10-29T20:01:06.427-0700] {processor.py:830} INFO - Processing file /opt/miniconda3/envs/airflow_env/lib/python3.11/site-packages/airflow/example_dags/example_sensors.py for tasks to queue
[2025-10-29T20:01:06.427-0700] {logging_mixin.py:188} INFO - [2025-10-29T20:01:06.427-0700] {dagbag.py:545} INFO - Filling up the DagBag from /opt/miniconda3/envs/airflow_env/lib/python3.11/site-packages/airflow/example_dags/example_sensors.py
[2025-10-29T20:01:06.436-0700] {processor.py:840} INFO - DAG(s) 'example_sensors' retrieved from /opt/miniconda3/envs/airflow_env/lib/python3.11/site-packages/airflow/example_dags/example_sensors.py
[2025-10-29T20:01:06.495-0700] {logging_mixin.py:188} INFO - [2025-10-29T20:01:06.494-0700] {dag.py:3089} INFO - Sync 1 DAGs
[2025-10-29T20:01:06.500-0700] {logging_mixin.py:188} INFO - [2025-10-29T20:01:06.500-0700] {dag.py:3947} INFO - Setting next_dagrun for example_sensors to None, run_after=None
[2025-10-29T20:01:06.510-0700] {processor.py:183} INFO - Processing /opt/miniconda3/envs/airflow_env/lib/python3.11/site-packages/airflow/example_dags/example_sensors.py took 0.086 seconds
[2025-10-29T20:01:44.129-0700] {processor.py:161} INFO - Started process (PID=23561) to work on /opt/miniconda3/envs/airflow_env/lib/python3.11/site-packages/airflow/example_dags/example_sensors.py
[2025-10-29T20:01:44.130-0700] {processor.py:830} INFO - Processing file /opt/miniconda3/envs/airflow_env/lib/python3.11/site-packages/airflow/example_dags/example_sensors.py for tasks to queue
[2025-10-29T20:01:44.130-0700] {logging_mixin.py:188} INFO - [2025-10-29T20:01:44.130-0700] {dagbag.py:545} INFO - Filling up the DagBag from /opt/miniconda3/envs/airflow_env/lib/python3.11/site-packages/airflow/example_dags/example_sensors.py
[2025-10-29T20:01:44.138-0700] {processor.py:840} INFO - DAG(s) 'example_sensors' retrieved from /opt/miniconda3/envs/airflow_env/lib/python3.11/site-packages/airflow/example_dags/example_sensors.py
[2025-10-29T20:01:44.195-0700] {logging_mixin.py:188} INFO - [2025-10-29T20:01:44.194-0700] {dag.py:3089} INFO - Sync 1 DAGs
[2025-10-29T20:01:44.199-0700] {logging_mixin.py:188} INFO - [2025-10-29T20:01:44.199-0700] {dag.py:3947} INFO - Setting next_dagrun for example_sensors to None, run_after=None
[2025-10-29T20:01:44.209-0700] {processor.py:183} INFO - Processing /opt/miniconda3/envs/airflow_env/lib/python3.11/site-packages/airflow/example_dags/example_sensors.py took 0.082 seconds
[2025-10-29T20:02:48.058-0700] {processor.py:161} INFO - Started process (PID=23922) to work on /opt/miniconda3/envs/airflow_env/lib/python3.11/site-packages/airflow/example_dags/example_sensors.py
[2025-10-29T20:02:48.059-0700] {processor.py:830} INFO - Processing file /opt/miniconda3/envs/airflow_env/lib/python3.11/site-packages/airflow/example_dags/example_sensors.py for tasks to queue
[2025-10-29T20:02:48.059-0700] {logging_mixin.py:188} INFO - [2025-10-29T20:02:48.059-0700] {dagbag.py:545} INFO - Filling up the DagBag from /opt/miniconda3/envs/airflow_env/lib/python3.11/site-packages/airflow/example_dags/example_sensors.py
[2025-10-29T20:02:48.068-0700] {processor.py:840} INFO - DAG(s) 'example_sensors' retrieved from /opt/miniconda3/envs/airflow_env/lib/python3.11/site-packages/airflow/example_dags/example_sensors.py
[2025-10-29T20:02:48.123-0700] {logging_mixin.py:188} INFO - [2025-10-29T20:02:48.122-0700] {dag.py:3089} INFO - Sync 1 DAGs
[2025-10-29T20:02:48.127-0700] {logging_mixin.py:188} INFO - [2025-10-29T20:02:48.127-0700] {dag.py:3947} INFO - Setting next_dagrun for example_sensors to None, run_after=None
[2025-10-29T20:02:48.137-0700] {processor.py:183} INFO - Processing /opt/miniconda3/envs/airflow_env/lib/python3.11/site-packages/airflow/example_dags/example_sensors.py took 0.081 seconds
[2025-10-29T20:04:05.434-0700] {processor.py:161} INFO - Started process (PID=24363) to work on /opt/miniconda3/envs/airflow_env/lib/python3.11/site-packages/airflow/example_dags/example_sensors.py
[2025-10-29T20:04:05.435-0700] {processor.py:830} INFO - Processing file /opt/miniconda3/envs/airflow_env/lib/python3.11/site-packages/airflow/example_dags/example_sensors.py for tasks to queue
[2025-10-29T20:04:05.435-0700] {logging_mixin.py:188} INFO - [2025-10-29T20:04:05.435-0700] {dagbag.py:545} INFO - Filling up the DagBag from /opt/miniconda3/envs/airflow_env/lib/python3.11/site-packages/airflow/example_dags/example_sensors.py
[2025-10-29T20:04:05.444-0700] {processor.py:840} INFO - DAG(s) 'example_sensors' retrieved from /opt/miniconda3/envs/airflow_env/lib/python3.11/site-packages/airflow/example_dags/example_sensors.py
[2025-10-29T20:04:05.499-0700] {logging_mixin.py:188} INFO - [2025-10-29T20:04:05.499-0700] {dag.py:3089} INFO - Sync 1 DAGs
[2025-10-29T20:04:05.504-0700] {logging_mixin.py:188} INFO - [2025-10-29T20:04:05.504-0700] {dag.py:3947} INFO - Setting next_dagrun for example_sensors to None, run_after=None
[2025-10-29T20:04:05.514-0700] {processor.py:183} INFO - Processing /opt/miniconda3/envs/airflow_env/lib/python3.11/site-packages/airflow/example_dags/example_sensors.py took 0.081 seconds
[2025-10-29T20:05:14.712-0700] {processor.py:161} INFO - Started process (PID=24777) to work on /opt/miniconda3/envs/airflow_env/lib/python3.11/site-packages/airflow/example_dags/example_sensors.py
[2025-10-29T20:05:14.713-0700] {processor.py:830} INFO - Processing file /opt/miniconda3/envs/airflow_env/lib/python3.11/site-packages/airflow/example_dags/example_sensors.py for tasks to queue
[2025-10-29T20:05:14.714-0700] {logging_mixin.py:188} INFO - [2025-10-29T20:05:14.714-0700] {dagbag.py:545} INFO - Filling up the DagBag from /opt/miniconda3/envs/airflow_env/lib/python3.11/site-packages/airflow/example_dags/example_sensors.py
[2025-10-29T20:05:14.724-0700] {processor.py:840} INFO - DAG(s) 'example_sensors' retrieved from /opt/miniconda3/envs/airflow_env/lib/python3.11/site-packages/airflow/example_dags/example_sensors.py
[2025-10-29T20:05:14.779-0700] {logging_mixin.py:188} INFO - [2025-10-29T20:05:14.779-0700] {dag.py:3089} INFO - Sync 1 DAGs
[2025-10-29T20:05:14.784-0700] {logging_mixin.py:188} INFO - [2025-10-29T20:05:14.783-0700] {dag.py:3947} INFO - Setting next_dagrun for example_sensors to None, run_after=None
[2025-10-29T20:05:14.794-0700] {processor.py:183} INFO - Processing /opt/miniconda3/envs/airflow_env/lib/python3.11/site-packages/airflow/example_dags/example_sensors.py took 0.084 seconds
[2025-10-29T20:06:30.257-0700] {processor.py:161} INFO - Started process (PID=25193) to work on /opt/miniconda3/envs/airflow_env/lib/python3.11/site-packages/airflow/example_dags/example_sensors.py
[2025-10-29T20:06:30.258-0700] {processor.py:830} INFO - Processing file /opt/miniconda3/envs/airflow_env/lib/python3.11/site-packages/airflow/example_dags/example_sensors.py for tasks to queue
[2025-10-29T20:06:30.258-0700] {logging_mixin.py:188} INFO - [2025-10-29T20:06:30.258-0700] {dagbag.py:545} INFO - Filling up the DagBag from /opt/miniconda3/envs/airflow_env/lib/python3.11/site-packages/airflow/example_dags/example_sensors.py
[2025-10-29T20:06:30.268-0700] {processor.py:840} INFO - DAG(s) 'example_sensors' retrieved from /opt/miniconda3/envs/airflow_env/lib/python3.11/site-packages/airflow/example_dags/example_sensors.py
[2025-10-29T20:06:30.323-0700] {logging_mixin.py:188} INFO - [2025-10-29T20:06:30.322-0700] {dag.py:3089} INFO - Sync 1 DAGs
[2025-10-29T20:06:30.327-0700] {logging_mixin.py:188} INFO - [2025-10-29T20:06:30.327-0700] {dag.py:3947} INFO - Setting next_dagrun for example_sensors to None, run_after=None
[2025-10-29T20:06:30.337-0700] {processor.py:183} INFO - Processing /opt/miniconda3/envs/airflow_env/lib/python3.11/site-packages/airflow/example_dags/example_sensors.py took 0.082 seconds
[2025-10-29T20:07:39.330-0700] {processor.py:161} INFO - Started process (PID=25587) to work on /opt/miniconda3/envs/airflow_env/lib/python3.11/site-packages/airflow/example_dags/example_sensors.py
[2025-10-29T20:07:39.331-0700] {processor.py:830} INFO - Processing file /opt/miniconda3/envs/airflow_env/lib/python3.11/site-packages/airflow/example_dags/example_sensors.py for tasks to queue
[2025-10-29T20:07:39.331-0700] {logging_mixin.py:188} INFO - [2025-10-29T20:07:39.331-0700] {dagbag.py:545} INFO - Filling up the DagBag from /opt/miniconda3/envs/airflow_env/lib/python3.11/site-packages/airflow/example_dags/example_sensors.py
[2025-10-29T20:07:39.340-0700] {processor.py:840} INFO - DAG(s) 'example_sensors' retrieved from /opt/miniconda3/envs/airflow_env/lib/python3.11/site-packages/airflow/example_dags/example_sensors.py
[2025-10-29T20:07:39.397-0700] {logging_mixin.py:188} INFO - [2025-10-29T20:07:39.396-0700] {dag.py:3089} INFO - Sync 1 DAGs
[2025-10-29T20:07:39.401-0700] {logging_mixin.py:188} INFO - [2025-10-29T20:07:39.401-0700] {dag.py:3947} INFO - Setting next_dagrun for example_sensors to None, run_after=None
[2025-10-29T20:07:39.411-0700] {processor.py:183} INFO - Processing /opt/miniconda3/envs/airflow_env/lib/python3.11/site-packages/airflow/example_dags/example_sensors.py took 0.083 seconds
[2025-10-29T20:08:57.201-0700] {processor.py:161} INFO - Started process (PID=26030) to work on /opt/miniconda3/envs/airflow_env/lib/python3.11/site-packages/airflow/example_dags/example_sensors.py
[2025-10-29T20:08:57.202-0700] {processor.py:830} INFO - Processing file /opt/miniconda3/envs/airflow_env/lib/python3.11/site-packages/airflow/example_dags/example_sensors.py for tasks to queue
[2025-10-29T20:08:57.202-0700] {logging_mixin.py:188} INFO - [2025-10-29T20:08:57.202-0700] {dagbag.py:545} INFO - Filling up the DagBag from /opt/miniconda3/envs/airflow_env/lib/python3.11/site-packages/airflow/example_dags/example_sensors.py
[2025-10-29T20:08:57.212-0700] {processor.py:840} INFO - DAG(s) 'example_sensors' retrieved from /opt/miniconda3/envs/airflow_env/lib/python3.11/site-packages/airflow/example_dags/example_sensors.py
[2025-10-29T20:08:57.268-0700] {logging_mixin.py:188} INFO - [2025-10-29T20:08:57.268-0700] {dag.py:3089} INFO - Sync 1 DAGs
[2025-10-29T20:08:57.273-0700] {logging_mixin.py:188} INFO - [2025-10-29T20:08:57.273-0700] {dag.py:3947} INFO - Setting next_dagrun for example_sensors to None, run_after=None
[2025-10-29T20:08:57.283-0700] {processor.py:183} INFO - Processing /opt/miniconda3/envs/airflow_env/lib/python3.11/site-packages/airflow/example_dags/example_sensors.py took 0.084 seconds
[2025-10-29T20:10:07.647-0700] {processor.py:161} INFO - Started process (PID=26217) to work on /opt/miniconda3/envs/airflow_env/lib/python3.11/site-packages/airflow/example_dags/example_sensors.py
[2025-10-29T20:10:07.647-0700] {processor.py:830} INFO - Processing file /opt/miniconda3/envs/airflow_env/lib/python3.11/site-packages/airflow/example_dags/example_sensors.py for tasks to queue
[2025-10-29T20:10:07.648-0700] {logging_mixin.py:188} INFO - [2025-10-29T20:10:07.648-0700] {dagbag.py:545} INFO - Filling up the DagBag from /opt/miniconda3/envs/airflow_env/lib/python3.11/site-packages/airflow/example_dags/example_sensors.py
[2025-10-29T20:10:07.657-0700] {processor.py:840} INFO - DAG(s) 'example_sensors' retrieved from /opt/miniconda3/envs/airflow_env/lib/python3.11/site-packages/airflow/example_dags/example_sensors.py
[2025-10-29T20:10:07.718-0700] {logging_mixin.py:188} INFO - [2025-10-29T20:10:07.717-0700] {dag.py:3089} INFO - Sync 1 DAGs
[2025-10-29T20:10:07.724-0700] {logging_mixin.py:188} INFO - [2025-10-29T20:10:07.724-0700] {dag.py:3947} INFO - Setting next_dagrun for example_sensors to None, run_after=None
[2025-10-29T20:10:07.735-0700] {processor.py:183} INFO - Processing /opt/miniconda3/envs/airflow_env/lib/python3.11/site-packages/airflow/example_dags/example_sensors.py took 0.091 seconds
[2025-10-29T20:11:28.894-0700] {processor.py:161} INFO - Started process (PID=26477) to work on /opt/miniconda3/envs/airflow_env/lib/python3.11/site-packages/airflow/example_dags/example_sensors.py
[2025-10-29T20:11:28.895-0700] {processor.py:830} INFO - Processing file /opt/miniconda3/envs/airflow_env/lib/python3.11/site-packages/airflow/example_dags/example_sensors.py for tasks to queue
[2025-10-29T20:11:28.896-0700] {logging_mixin.py:188} INFO - [2025-10-29T20:11:28.895-0700] {dagbag.py:545} INFO - Filling up the DagBag from /opt/miniconda3/envs/airflow_env/lib/python3.11/site-packages/airflow/example_dags/example_sensors.py
[2025-10-29T20:11:28.905-0700] {processor.py:840} INFO - DAG(s) 'example_sensors' retrieved from /opt/miniconda3/envs/airflow_env/lib/python3.11/site-packages/airflow/example_dags/example_sensors.py
[2025-10-29T20:11:28.961-0700] {logging_mixin.py:188} INFO - [2025-10-29T20:11:28.961-0700] {dag.py:3089} INFO - Sync 1 DAGs
[2025-10-29T20:11:28.966-0700] {logging_mixin.py:188} INFO - [2025-10-29T20:11:28.966-0700] {dag.py:3947} INFO - Setting next_dagrun for example_sensors to None, run_after=None
[2025-10-29T20:11:28.976-0700] {processor.py:183} INFO - Processing /opt/miniconda3/envs/airflow_env/lib/python3.11/site-packages/airflow/example_dags/example_sensors.py took 0.084 seconds
[2025-10-29T20:12:22.215-0700] {processor.py:161} INFO - Started process (PID=26670) to work on /opt/miniconda3/envs/airflow_env/lib/python3.11/site-packages/airflow/example_dags/example_sensors.py
[2025-10-29T20:12:22.216-0700] {processor.py:830} INFO - Processing file /opt/miniconda3/envs/airflow_env/lib/python3.11/site-packages/airflow/example_dags/example_sensors.py for tasks to queue
[2025-10-29T20:12:22.217-0700] {logging_mixin.py:188} INFO - [2025-10-29T20:12:22.217-0700] {dagbag.py:545} INFO - Filling up the DagBag from /opt/miniconda3/envs/airflow_env/lib/python3.11/site-packages/airflow/example_dags/example_sensors.py
[2025-10-29T20:12:22.228-0700] {processor.py:840} INFO - DAG(s) 'example_sensors' retrieved from /opt/miniconda3/envs/airflow_env/lib/python3.11/site-packages/airflow/example_dags/example_sensors.py
[2025-10-29T20:12:22.307-0700] {logging_mixin.py:188} INFO - [2025-10-29T20:12:22.306-0700] {dag.py:3089} INFO - Sync 1 DAGs
[2025-10-29T20:12:22.315-0700] {logging_mixin.py:188} INFO - [2025-10-29T20:12:22.314-0700] {dag.py:3947} INFO - Setting next_dagrun for example_sensors to None, run_after=None
[2025-10-29T20:12:22.331-0700] {processor.py:183} INFO - Processing /opt/miniconda3/envs/airflow_env/lib/python3.11/site-packages/airflow/example_dags/example_sensors.py took 0.118 seconds
[2025-10-29T20:12:42.278-0700] {processor.py:161} INFO - Started process (PID=26739) to work on /opt/miniconda3/envs/airflow_env/lib/python3.11/site-packages/airflow/example_dags/example_sensors.py
[2025-10-29T20:12:42.279-0700] {processor.py:830} INFO - Processing file /opt/miniconda3/envs/airflow_env/lib/python3.11/site-packages/airflow/example_dags/example_sensors.py for tasks to queue
[2025-10-29T20:12:42.279-0700] {logging_mixin.py:188} INFO - [2025-10-29T20:12:42.279-0700] {dagbag.py:545} INFO - Filling up the DagBag from /opt/miniconda3/envs/airflow_env/lib/python3.11/site-packages/airflow/example_dags/example_sensors.py
[2025-10-29T20:12:42.289-0700] {processor.py:840} INFO - DAG(s) 'example_sensors' retrieved from /opt/miniconda3/envs/airflow_env/lib/python3.11/site-packages/airflow/example_dags/example_sensors.py
[2025-10-29T20:12:42.355-0700] {logging_mixin.py:188} INFO - [2025-10-29T20:12:42.355-0700] {dag.py:3089} INFO - Sync 1 DAGs
[2025-10-29T20:12:42.361-0700] {logging_mixin.py:188} INFO - [2025-10-29T20:12:42.361-0700] {dag.py:3947} INFO - Setting next_dagrun for example_sensors to None, run_after=None
[2025-10-29T20:12:42.373-0700] {processor.py:183} INFO - Processing /opt/miniconda3/envs/airflow_env/lib/python3.11/site-packages/airflow/example_dags/example_sensors.py took 0.098 seconds
[2025-10-29T20:14:08.330-0700] {processor.py:161} INFO - Started process (PID=27032) to work on /opt/miniconda3/envs/airflow_env/lib/python3.11/site-packages/airflow/example_dags/example_sensors.py
[2025-10-29T20:14:08.331-0700] {processor.py:830} INFO - Processing file /opt/miniconda3/envs/airflow_env/lib/python3.11/site-packages/airflow/example_dags/example_sensors.py for tasks to queue
[2025-10-29T20:14:08.332-0700] {logging_mixin.py:188} INFO - [2025-10-29T20:14:08.332-0700] {dagbag.py:545} INFO - Filling up the DagBag from /opt/miniconda3/envs/airflow_env/lib/python3.11/site-packages/airflow/example_dags/example_sensors.py
[2025-10-29T20:14:08.347-0700] {processor.py:840} INFO - DAG(s) 'example_sensors' retrieved from /opt/miniconda3/envs/airflow_env/lib/python3.11/site-packages/airflow/example_dags/example_sensors.py
[2025-10-29T20:14:08.456-0700] {logging_mixin.py:188} INFO - [2025-10-29T20:14:08.455-0700] {dag.py:3089} INFO - Sync 1 DAGs
[2025-10-29T20:14:08.465-0700] {logging_mixin.py:188} INFO - [2025-10-29T20:14:08.465-0700] {dag.py:3947} INFO - Setting next_dagrun for example_sensors to None, run_after=None
[2025-10-29T20:14:08.484-0700] {processor.py:183} INFO - Processing /opt/miniconda3/envs/airflow_env/lib/python3.11/site-packages/airflow/example_dags/example_sensors.py took 0.158 seconds
[2025-10-29T20:14:16.213-0700] {processor.py:161} INFO - Started process (PID=27057) to work on /opt/miniconda3/envs/airflow_env/lib/python3.11/site-packages/airflow/example_dags/example_sensors.py
[2025-10-29T20:14:16.214-0700] {processor.py:830} INFO - Processing file /opt/miniconda3/envs/airflow_env/lib/python3.11/site-packages/airflow/example_dags/example_sensors.py for tasks to queue
[2025-10-29T20:14:16.214-0700] {logging_mixin.py:188} INFO - [2025-10-29T20:14:16.214-0700] {dagbag.py:545} INFO - Filling up the DagBag from /opt/miniconda3/envs/airflow_env/lib/python3.11/site-packages/airflow/example_dags/example_sensors.py
[2025-10-29T20:14:16.228-0700] {processor.py:840} INFO - DAG(s) 'example_sensors' retrieved from /opt/miniconda3/envs/airflow_env/lib/python3.11/site-packages/airflow/example_dags/example_sensors.py
[2025-10-29T20:14:16.308-0700] {logging_mixin.py:188} INFO - [2025-10-29T20:14:16.308-0700] {dag.py:3089} INFO - Sync 1 DAGs
[2025-10-29T20:14:16.315-0700] {logging_mixin.py:188} INFO - [2025-10-29T20:14:16.315-0700] {dag.py:3947} INFO - Setting next_dagrun for example_sensors to None, run_after=None
[2025-10-29T20:14:16.328-0700] {processor.py:183} INFO - Processing /opt/miniconda3/envs/airflow_env/lib/python3.11/site-packages/airflow/example_dags/example_sensors.py took 0.119 seconds
[2025-10-29T20:15:33.792-0700] {processor.py:161} INFO - Started process (PID=27313) to work on /opt/miniconda3/envs/airflow_env/lib/python3.11/site-packages/airflow/example_dags/example_sensors.py
[2025-10-29T20:15:33.793-0700] {processor.py:830} INFO - Processing file /opt/miniconda3/envs/airflow_env/lib/python3.11/site-packages/airflow/example_dags/example_sensors.py for tasks to queue
[2025-10-29T20:15:33.794-0700] {logging_mixin.py:188} INFO - [2025-10-29T20:15:33.794-0700] {dagbag.py:545} INFO - Filling up the DagBag from /opt/miniconda3/envs/airflow_env/lib/python3.11/site-packages/airflow/example_dags/example_sensors.py
[2025-10-29T20:15:33.813-0700] {processor.py:840} INFO - DAG(s) 'example_sensors' retrieved from /opt/miniconda3/envs/airflow_env/lib/python3.11/site-packages/airflow/example_dags/example_sensors.py
[2025-10-29T20:15:33.921-0700] {logging_mixin.py:188} INFO - [2025-10-29T20:15:33.920-0700] {dag.py:3089} INFO - Sync 1 DAGs
[2025-10-29T20:15:33.930-0700] {logging_mixin.py:188} INFO - [2025-10-29T20:15:33.929-0700] {dag.py:3947} INFO - Setting next_dagrun for example_sensors to None, run_after=None
[2025-10-29T20:15:33.949-0700] {processor.py:183} INFO - Processing /opt/miniconda3/envs/airflow_env/lib/python3.11/site-packages/airflow/example_dags/example_sensors.py took 0.162 seconds
[2025-10-29T20:17:06.173-0700] {processor.py:161} INFO - Started process (PID=27629) to work on /opt/miniconda3/envs/airflow_env/lib/python3.11/site-packages/airflow/example_dags/example_sensors.py
[2025-10-29T20:17:06.175-0700] {processor.py:830} INFO - Processing file /opt/miniconda3/envs/airflow_env/lib/python3.11/site-packages/airflow/example_dags/example_sensors.py for tasks to queue
[2025-10-29T20:17:06.175-0700] {logging_mixin.py:188} INFO - [2025-10-29T20:17:06.175-0700] {dagbag.py:545} INFO - Filling up the DagBag from /opt/miniconda3/envs/airflow_env/lib/python3.11/site-packages/airflow/example_dags/example_sensors.py
[2025-10-29T20:17:06.189-0700] {processor.py:840} INFO - DAG(s) 'example_sensors' retrieved from /opt/miniconda3/envs/airflow_env/lib/python3.11/site-packages/airflow/example_dags/example_sensors.py
[2025-10-29T20:17:06.319-0700] {logging_mixin.py:188} INFO - [2025-10-29T20:17:06.319-0700] {dag.py:3089} INFO - Sync 1 DAGs
[2025-10-29T20:17:06.334-0700] {logging_mixin.py:188} INFO - [2025-10-29T20:17:06.334-0700] {dag.py:3947} INFO - Setting next_dagrun for example_sensors to None, run_after=None
[2025-10-29T20:17:06.378-0700] {processor.py:183} INFO - Processing /opt/miniconda3/envs/airflow_env/lib/python3.11/site-packages/airflow/example_dags/example_sensors.py took 0.208 seconds
[2025-10-29T20:17:09.830-0700] {processor.py:161} INFO - Started process (PID=27642) to work on /opt/miniconda3/envs/airflow_env/lib/python3.11/site-packages/airflow/example_dags/example_sensors.py
[2025-10-29T20:17:09.831-0700] {processor.py:830} INFO - Processing file /opt/miniconda3/envs/airflow_env/lib/python3.11/site-packages/airflow/example_dags/example_sensors.py for tasks to queue
[2025-10-29T20:17:09.831-0700] {logging_mixin.py:188} INFO - [2025-10-29T20:17:09.831-0700] {dagbag.py:545} INFO - Filling up the DagBag from /opt/miniconda3/envs/airflow_env/lib/python3.11/site-packages/airflow/example_dags/example_sensors.py
[2025-10-29T20:17:09.842-0700] {processor.py:840} INFO - DAG(s) 'example_sensors' retrieved from /opt/miniconda3/envs/airflow_env/lib/python3.11/site-packages/airflow/example_dags/example_sensors.py
[2025-10-29T20:17:09.923-0700] {logging_mixin.py:188} INFO - [2025-10-29T20:17:09.923-0700] {dag.py:3089} INFO - Sync 1 DAGs
[2025-10-29T20:17:09.931-0700] {logging_mixin.py:188} INFO - [2025-10-29T20:17:09.931-0700] {dag.py:3947} INFO - Setting next_dagrun for example_sensors to None, run_after=None
[2025-10-29T20:17:09.946-0700] {processor.py:183} INFO - Processing /opt/miniconda3/envs/airflow_env/lib/python3.11/site-packages/airflow/example_dags/example_sensors.py took 0.119 seconds
[2025-10-29T20:18:29.517-0700] {processor.py:161} INFO - Started process (PID=27898) to work on /opt/miniconda3/envs/airflow_env/lib/python3.11/site-packages/airflow/example_dags/example_sensors.py
[2025-10-29T20:18:29.518-0700] {processor.py:830} INFO - Processing file /opt/miniconda3/envs/airflow_env/lib/python3.11/site-packages/airflow/example_dags/example_sensors.py for tasks to queue
[2025-10-29T20:18:29.518-0700] {logging_mixin.py:188} INFO - [2025-10-29T20:18:29.518-0700] {dagbag.py:545} INFO - Filling up the DagBag from /opt/miniconda3/envs/airflow_env/lib/python3.11/site-packages/airflow/example_dags/example_sensors.py
[2025-10-29T20:18:29.532-0700] {processor.py:840} INFO - DAG(s) 'example_sensors' retrieved from /opt/miniconda3/envs/airflow_env/lib/python3.11/site-packages/airflow/example_dags/example_sensors.py
[2025-10-29T20:18:29.611-0700] {logging_mixin.py:188} INFO - [2025-10-29T20:18:29.610-0700] {dag.py:3089} INFO - Sync 1 DAGs
[2025-10-29T20:18:29.617-0700] {logging_mixin.py:188} INFO - [2025-10-29T20:18:29.617-0700] {dag.py:3947} INFO - Setting next_dagrun for example_sensors to None, run_after=None
[2025-10-29T20:18:29.630-0700] {processor.py:183} INFO - Processing /opt/miniconda3/envs/airflow_env/lib/python3.11/site-packages/airflow/example_dags/example_sensors.py took 0.117 seconds
[2025-10-29T20:20:09.208-0700] {processor.py:161} INFO - Started process (PID=28218) to work on /opt/miniconda3/envs/airflow_env/lib/python3.11/site-packages/airflow/example_dags/example_sensors.py
[2025-10-29T20:20:09.210-0700] {processor.py:830} INFO - Processing file /opt/miniconda3/envs/airflow_env/lib/python3.11/site-packages/airflow/example_dags/example_sensors.py for tasks to queue
[2025-10-29T20:20:09.210-0700] {logging_mixin.py:188} INFO - [2025-10-29T20:20:09.210-0700] {dagbag.py:545} INFO - Filling up the DagBag from /opt/miniconda3/envs/airflow_env/lib/python3.11/site-packages/airflow/example_dags/example_sensors.py
[2025-10-29T20:20:09.221-0700] {processor.py:840} INFO - DAG(s) 'example_sensors' retrieved from /opt/miniconda3/envs/airflow_env/lib/python3.11/site-packages/airflow/example_dags/example_sensors.py
[2025-10-29T20:20:09.299-0700] {logging_mixin.py:188} INFO - [2025-10-29T20:20:09.299-0700] {dag.py:3089} INFO - Sync 1 DAGs
[2025-10-29T20:20:09.307-0700] {logging_mixin.py:188} INFO - [2025-10-29T20:20:09.306-0700] {dag.py:3947} INFO - Setting next_dagrun for example_sensors to None, run_after=None
[2025-10-29T20:20:09.321-0700] {processor.py:183} INFO - Processing /opt/miniconda3/envs/airflow_env/lib/python3.11/site-packages/airflow/example_dags/example_sensors.py took 0.116 seconds
[2025-10-29T20:20:14.996-0700] {processor.py:161} INFO - Started process (PID=28236) to work on /opt/miniconda3/envs/airflow_env/lib/python3.11/site-packages/airflow/example_dags/example_sensors.py
[2025-10-29T20:20:14.997-0700] {processor.py:830} INFO - Processing file /opt/miniconda3/envs/airflow_env/lib/python3.11/site-packages/airflow/example_dags/example_sensors.py for tasks to queue
[2025-10-29T20:20:14.997-0700] {logging_mixin.py:188} INFO - [2025-10-29T20:20:14.997-0700] {dagbag.py:545} INFO - Filling up the DagBag from /opt/miniconda3/envs/airflow_env/lib/python3.11/site-packages/airflow/example_dags/example_sensors.py
[2025-10-29T20:20:15.009-0700] {processor.py:840} INFO - DAG(s) 'example_sensors' retrieved from /opt/miniconda3/envs/airflow_env/lib/python3.11/site-packages/airflow/example_dags/example_sensors.py
[2025-10-29T20:20:15.086-0700] {logging_mixin.py:188} INFO - [2025-10-29T20:20:15.086-0700] {dag.py:3089} INFO - Sync 1 DAGs
[2025-10-29T20:20:15.093-0700] {logging_mixin.py:188} INFO - [2025-10-29T20:20:15.093-0700] {dag.py:3947} INFO - Setting next_dagrun for example_sensors to None, run_after=None
[2025-10-29T20:20:15.106-0700] {processor.py:183} INFO - Processing /opt/miniconda3/envs/airflow_env/lib/python3.11/site-packages/airflow/example_dags/example_sensors.py took 0.113 seconds
[2025-10-29T20:21:35.278-0700] {processor.py:161} INFO - Started process (PID=28522) to work on /opt/miniconda3/envs/airflow_env/lib/python3.11/site-packages/airflow/example_dags/example_sensors.py
[2025-10-29T20:21:35.280-0700] {processor.py:830} INFO - Processing file /opt/miniconda3/envs/airflow_env/lib/python3.11/site-packages/airflow/example_dags/example_sensors.py for tasks to queue
[2025-10-29T20:21:35.280-0700] {logging_mixin.py:188} INFO - [2025-10-29T20:21:35.280-0700] {dagbag.py:545} INFO - Filling up the DagBag from /opt/miniconda3/envs/airflow_env/lib/python3.11/site-packages/airflow/example_dags/example_sensors.py
[2025-10-29T20:21:35.294-0700] {processor.py:840} INFO - DAG(s) 'example_sensors' retrieved from /opt/miniconda3/envs/airflow_env/lib/python3.11/site-packages/airflow/example_dags/example_sensors.py
[2025-10-29T20:21:35.377-0700] {logging_mixin.py:188} INFO - [2025-10-29T20:21:35.377-0700] {dag.py:3089} INFO - Sync 1 DAGs
[2025-10-29T20:21:35.385-0700] {logging_mixin.py:188} INFO - [2025-10-29T20:21:35.385-0700] {dag.py:3947} INFO - Setting next_dagrun for example_sensors to None, run_after=None
[2025-10-29T20:21:35.401-0700] {processor.py:183} INFO - Processing /opt/miniconda3/envs/airflow_env/lib/python3.11/site-packages/airflow/example_dags/example_sensors.py took 0.126 seconds
[2025-10-29T20:21:50.037-0700] {processor.py:161} INFO - Started process (PID=28569) to work on /opt/miniconda3/envs/airflow_env/lib/python3.11/site-packages/airflow/example_dags/example_sensors.py
[2025-10-29T20:21:50.038-0700] {processor.py:830} INFO - Processing file /opt/miniconda3/envs/airflow_env/lib/python3.11/site-packages/airflow/example_dags/example_sensors.py for tasks to queue
[2025-10-29T20:21:50.039-0700] {logging_mixin.py:188} INFO - [2025-10-29T20:21:50.039-0700] {dagbag.py:545} INFO - Filling up the DagBag from /opt/miniconda3/envs/airflow_env/lib/python3.11/site-packages/airflow/example_dags/example_sensors.py
[2025-10-29T20:21:50.055-0700] {processor.py:840} INFO - DAG(s) 'example_sensors' retrieved from /opt/miniconda3/envs/airflow_env/lib/python3.11/site-packages/airflow/example_dags/example_sensors.py
[2025-10-29T20:21:50.155-0700] {logging_mixin.py:188} INFO - [2025-10-29T20:21:50.155-0700] {dag.py:3089} INFO - Sync 1 DAGs
[2025-10-29T20:21:50.163-0700] {logging_mixin.py:188} INFO - [2025-10-29T20:21:50.162-0700] {dag.py:3947} INFO - Setting next_dagrun for example_sensors to None, run_after=None
[2025-10-29T20:21:50.178-0700] {processor.py:183} INFO - Processing /opt/miniconda3/envs/airflow_env/lib/python3.11/site-packages/airflow/example_dags/example_sensors.py took 0.145 seconds
[2025-10-29T20:23:25.917-0700] {processor.py:161} INFO - Started process (PID=28906) to work on /opt/miniconda3/envs/airflow_env/lib/python3.11/site-packages/airflow/example_dags/example_sensors.py
[2025-10-29T20:23:25.919-0700] {processor.py:830} INFO - Processing file /opt/miniconda3/envs/airflow_env/lib/python3.11/site-packages/airflow/example_dags/example_sensors.py for tasks to queue
[2025-10-29T20:23:25.919-0700] {logging_mixin.py:188} INFO - [2025-10-29T20:23:25.919-0700] {dagbag.py:545} INFO - Filling up the DagBag from /opt/miniconda3/envs/airflow_env/lib/python3.11/site-packages/airflow/example_dags/example_sensors.py
[2025-10-29T20:23:25.934-0700] {processor.py:840} INFO - DAG(s) 'example_sensors' retrieved from /opt/miniconda3/envs/airflow_env/lib/python3.11/site-packages/airflow/example_dags/example_sensors.py
[2025-10-29T20:23:26.012-0700] {logging_mixin.py:188} INFO - [2025-10-29T20:23:26.011-0700] {dag.py:3089} INFO - Sync 1 DAGs
[2025-10-29T20:23:26.018-0700] {logging_mixin.py:188} INFO - [2025-10-29T20:23:26.018-0700] {dag.py:3947} INFO - Setting next_dagrun for example_sensors to None, run_after=None
[2025-10-29T20:23:26.031-0700] {processor.py:183} INFO - Processing /opt/miniconda3/envs/airflow_env/lib/python3.11/site-packages/airflow/example_dags/example_sensors.py took 0.117 seconds
[2025-10-29T20:23:35.640-0700] {processor.py:161} INFO - Started process (PID=28936) to work on /opt/miniconda3/envs/airflow_env/lib/python3.11/site-packages/airflow/example_dags/example_sensors.py
[2025-10-29T20:23:35.641-0700] {processor.py:830} INFO - Processing file /opt/miniconda3/envs/airflow_env/lib/python3.11/site-packages/airflow/example_dags/example_sensors.py for tasks to queue
[2025-10-29T20:23:35.642-0700] {logging_mixin.py:188} INFO - [2025-10-29T20:23:35.641-0700] {dagbag.py:545} INFO - Filling up the DagBag from /opt/miniconda3/envs/airflow_env/lib/python3.11/site-packages/airflow/example_dags/example_sensors.py
[2025-10-29T20:23:35.655-0700] {processor.py:840} INFO - DAG(s) 'example_sensors' retrieved from /opt/miniconda3/envs/airflow_env/lib/python3.11/site-packages/airflow/example_dags/example_sensors.py
[2025-10-29T20:23:35.749-0700] {logging_mixin.py:188} INFO - [2025-10-29T20:23:35.749-0700] {dag.py:3089} INFO - Sync 1 DAGs
[2025-10-29T20:23:35.757-0700] {logging_mixin.py:188} INFO - [2025-10-29T20:23:35.757-0700] {dag.py:3947} INFO - Setting next_dagrun for example_sensors to None, run_after=None
[2025-10-29T20:23:35.773-0700] {processor.py:183} INFO - Processing /opt/miniconda3/envs/airflow_env/lib/python3.11/site-packages/airflow/example_dags/example_sensors.py took 0.136 seconds
[2025-10-29T20:24:44.221-0700] {processor.py:161} INFO - Started process (PID=29153) to work on /opt/miniconda3/envs/airflow_env/lib/python3.11/site-packages/airflow/example_dags/example_sensors.py
[2025-10-29T20:24:44.222-0700] {processor.py:830} INFO - Processing file /opt/miniconda3/envs/airflow_env/lib/python3.11/site-packages/airflow/example_dags/example_sensors.py for tasks to queue
[2025-10-29T20:24:44.223-0700] {logging_mixin.py:188} INFO - [2025-10-29T20:24:44.223-0700] {dagbag.py:545} INFO - Filling up the DagBag from /opt/miniconda3/envs/airflow_env/lib/python3.11/site-packages/airflow/example_dags/example_sensors.py
[2025-10-29T20:24:44.237-0700] {processor.py:840} INFO - DAG(s) 'example_sensors' retrieved from /opt/miniconda3/envs/airflow_env/lib/python3.11/site-packages/airflow/example_dags/example_sensors.py
[2025-10-29T20:24:44.338-0700] {logging_mixin.py:188} INFO - [2025-10-29T20:24:44.338-0700] {dag.py:3089} INFO - Sync 1 DAGs
[2025-10-29T20:24:44.349-0700] {logging_mixin.py:188} INFO - [2025-10-29T20:24:44.348-0700] {dag.py:3947} INFO - Setting next_dagrun for example_sensors to None, run_after=None
[2025-10-29T20:24:44.368-0700] {processor.py:183} INFO - Processing /opt/miniconda3/envs/airflow_env/lib/python3.11/site-packages/airflow/example_dags/example_sensors.py took 0.150 seconds
[2025-10-29T20:25:00.123-0700] {processor.py:161} INFO - Started process (PID=29210) to work on /opt/miniconda3/envs/airflow_env/lib/python3.11/site-packages/airflow/example_dags/example_sensors.py
[2025-10-29T20:25:00.123-0700] {processor.py:830} INFO - Processing file /opt/miniconda3/envs/airflow_env/lib/python3.11/site-packages/airflow/example_dags/example_sensors.py for tasks to queue
[2025-10-29T20:25:00.124-0700] {logging_mixin.py:188} INFO - [2025-10-29T20:25:00.124-0700] {dagbag.py:545} INFO - Filling up the DagBag from /opt/miniconda3/envs/airflow_env/lib/python3.11/site-packages/airflow/example_dags/example_sensors.py
[2025-10-29T20:25:00.133-0700] {processor.py:840} INFO - DAG(s) 'example_sensors' retrieved from /opt/miniconda3/envs/airflow_env/lib/python3.11/site-packages/airflow/example_dags/example_sensors.py
[2025-10-29T20:25:00.196-0700] {logging_mixin.py:188} INFO - [2025-10-29T20:25:00.196-0700] {dag.py:3089} INFO - Sync 1 DAGs
[2025-10-29T20:25:00.202-0700] {logging_mixin.py:188} INFO - [2025-10-29T20:25:00.202-0700] {dag.py:3947} INFO - Setting next_dagrun for example_sensors to None, run_after=None
[2025-10-29T20:25:00.214-0700] {processor.py:183} INFO - Processing /opt/miniconda3/envs/airflow_env/lib/python3.11/site-packages/airflow/example_dags/example_sensors.py took 0.093 seconds
[2025-10-29T20:25:03.968-0700] {processor.py:161} INFO - Started process (PID=29221) to work on /opt/miniconda3/envs/airflow_env/lib/python3.11/site-packages/airflow/example_dags/example_sensors.py
[2025-10-29T20:25:03.969-0700] {processor.py:830} INFO - Processing file /opt/miniconda3/envs/airflow_env/lib/python3.11/site-packages/airflow/example_dags/example_sensors.py for tasks to queue
[2025-10-29T20:25:03.969-0700] {logging_mixin.py:188} INFO - [2025-10-29T20:25:03.969-0700] {dagbag.py:545} INFO - Filling up the DagBag from /opt/miniconda3/envs/airflow_env/lib/python3.11/site-packages/airflow/example_dags/example_sensors.py
[2025-10-29T20:25:03.980-0700] {processor.py:840} INFO - DAG(s) 'example_sensors' retrieved from /opt/miniconda3/envs/airflow_env/lib/python3.11/site-packages/airflow/example_dags/example_sensors.py
[2025-10-29T20:25:04.059-0700] {logging_mixin.py:188} INFO - [2025-10-29T20:25:04.058-0700] {dag.py:3089} INFO - Sync 1 DAGs
[2025-10-29T20:25:04.067-0700] {logging_mixin.py:188} INFO - [2025-10-29T20:25:04.066-0700] {dag.py:3947} INFO - Setting next_dagrun for example_sensors to None, run_after=None
[2025-10-29T20:25:04.084-0700] {processor.py:183} INFO - Processing /opt/miniconda3/envs/airflow_env/lib/python3.11/site-packages/airflow/example_dags/example_sensors.py took 0.118 seconds
[2025-10-29T20:26:32.113-0700] {processor.py:161} INFO - Started process (PID=29530) to work on /opt/miniconda3/envs/airflow_env/lib/python3.11/site-packages/airflow/example_dags/example_sensors.py
[2025-10-29T20:26:32.114-0700] {processor.py:830} INFO - Processing file /opt/miniconda3/envs/airflow_env/lib/python3.11/site-packages/airflow/example_dags/example_sensors.py for tasks to queue
[2025-10-29T20:26:32.115-0700] {logging_mixin.py:188} INFO - [2025-10-29T20:26:32.114-0700] {dagbag.py:545} INFO - Filling up the DagBag from /opt/miniconda3/envs/airflow_env/lib/python3.11/site-packages/airflow/example_dags/example_sensors.py
[2025-10-29T20:26:32.124-0700] {processor.py:840} INFO - DAG(s) 'example_sensors' retrieved from /opt/miniconda3/envs/airflow_env/lib/python3.11/site-packages/airflow/example_dags/example_sensors.py
[2025-10-29T20:26:32.189-0700] {logging_mixin.py:188} INFO - [2025-10-29T20:26:32.189-0700] {dag.py:3089} INFO - Sync 1 DAGs
[2025-10-29T20:26:32.195-0700] {logging_mixin.py:188} INFO - [2025-10-29T20:26:32.195-0700] {dag.py:3947} INFO - Setting next_dagrun for example_sensors to None, run_after=None
[2025-10-29T20:26:32.206-0700] {processor.py:183} INFO - Processing /opt/miniconda3/envs/airflow_env/lib/python3.11/site-packages/airflow/example_dags/example_sensors.py took 0.095 seconds
[2025-10-29T20:27:31.477-0700] {processor.py:161} INFO - Started process (PID=29737) to work on /opt/miniconda3/envs/airflow_env/lib/python3.11/site-packages/airflow/example_dags/example_sensors.py
[2025-10-29T20:27:31.478-0700] {processor.py:830} INFO - Processing file /opt/miniconda3/envs/airflow_env/lib/python3.11/site-packages/airflow/example_dags/example_sensors.py for tasks to queue
[2025-10-29T20:27:31.478-0700] {logging_mixin.py:188} INFO - [2025-10-29T20:27:31.478-0700] {dagbag.py:545} INFO - Filling up the DagBag from /opt/miniconda3/envs/airflow_env/lib/python3.11/site-packages/airflow/example_dags/example_sensors.py
[2025-10-29T20:27:31.489-0700] {processor.py:840} INFO - DAG(s) 'example_sensors' retrieved from /opt/miniconda3/envs/airflow_env/lib/python3.11/site-packages/airflow/example_dags/example_sensors.py
[2025-10-29T20:27:31.564-0700] {logging_mixin.py:188} INFO - [2025-10-29T20:27:31.564-0700] {dag.py:3089} INFO - Sync 1 DAGs
[2025-10-29T20:27:31.570-0700] {logging_mixin.py:188} INFO - [2025-10-29T20:27:31.570-0700] {dag.py:3947} INFO - Setting next_dagrun for example_sensors to None, run_after=None
[2025-10-29T20:27:31.583-0700] {processor.py:183} INFO - Processing /opt/miniconda3/envs/airflow_env/lib/python3.11/site-packages/airflow/example_dags/example_sensors.py took 0.109 seconds
[2025-10-29T20:27:49.710-0700] {processor.py:161} INFO - Started process (PID=29798) to work on /opt/miniconda3/envs/airflow_env/lib/python3.11/site-packages/airflow/example_dags/example_sensors.py
[2025-10-29T20:27:49.711-0700] {processor.py:830} INFO - Processing file /opt/miniconda3/envs/airflow_env/lib/python3.11/site-packages/airflow/example_dags/example_sensors.py for tasks to queue
[2025-10-29T20:27:49.712-0700] {logging_mixin.py:188} INFO - [2025-10-29T20:27:49.712-0700] {dagbag.py:545} INFO - Filling up the DagBag from /opt/miniconda3/envs/airflow_env/lib/python3.11/site-packages/airflow/example_dags/example_sensors.py
[2025-10-29T20:27:49.727-0700] {processor.py:840} INFO - DAG(s) 'example_sensors' retrieved from /opt/miniconda3/envs/airflow_env/lib/python3.11/site-packages/airflow/example_dags/example_sensors.py
[2025-10-29T20:27:49.827-0700] {logging_mixin.py:188} INFO - [2025-10-29T20:27:49.827-0700] {dag.py:3089} INFO - Sync 1 DAGs
[2025-10-29T20:27:49.836-0700] {logging_mixin.py:188} INFO - [2025-10-29T20:27:49.836-0700] {dag.py:3947} INFO - Setting next_dagrun for example_sensors to None, run_after=None
[2025-10-29T20:27:49.853-0700] {processor.py:183} INFO - Processing /opt/miniconda3/envs/airflow_env/lib/python3.11/site-packages/airflow/example_dags/example_sensors.py took 0.146 seconds
[2025-10-29T20:29:20.693-0700] {processor.py:161} INFO - Started process (PID=30114) to work on /opt/miniconda3/envs/airflow_env/lib/python3.11/site-packages/airflow/example_dags/example_sensors.py
[2025-10-29T20:29:20.694-0700] {processor.py:830} INFO - Processing file /opt/miniconda3/envs/airflow_env/lib/python3.11/site-packages/airflow/example_dags/example_sensors.py for tasks to queue
[2025-10-29T20:29:20.695-0700] {logging_mixin.py:188} INFO - [2025-10-29T20:29:20.694-0700] {dagbag.py:545} INFO - Filling up the DagBag from /opt/miniconda3/envs/airflow_env/lib/python3.11/site-packages/airflow/example_dags/example_sensors.py
[2025-10-29T20:29:20.705-0700] {processor.py:840} INFO - DAG(s) 'example_sensors' retrieved from /opt/miniconda3/envs/airflow_env/lib/python3.11/site-packages/airflow/example_dags/example_sensors.py
[2025-10-29T20:29:20.771-0700] {logging_mixin.py:188} INFO - [2025-10-29T20:29:20.770-0700] {dag.py:3089} INFO - Sync 1 DAGs
[2025-10-29T20:29:20.776-0700] {logging_mixin.py:188} INFO - [2025-10-29T20:29:20.776-0700] {dag.py:3947} INFO - Setting next_dagrun for example_sensors to None, run_after=None
[2025-10-29T20:29:20.787-0700] {processor.py:183} INFO - Processing /opt/miniconda3/envs/airflow_env/lib/python3.11/site-packages/airflow/example_dags/example_sensors.py took 0.097 seconds
