[2025-10-29T18:41:28.014-0700] {processor.py:161} INFO - Started process (PID=5237) to work on /opt/miniconda3/envs/airflow_env/lib/python3.11/site-packages/airflow/example_dags/example_branch_python_dop_operator_3.py
[2025-10-29T18:41:28.014-0700] {processor.py:830} INFO - Processing file /opt/miniconda3/envs/airflow_env/lib/python3.11/site-packages/airflow/example_dags/example_branch_python_dop_operator_3.py for tasks to queue
[2025-10-29T18:41:28.015-0700] {logging_mixin.py:188} INFO - [2025-10-29T18:41:28.015-0700] {dagbag.py:545} INFO - Filling up the DagBag from /opt/miniconda3/envs/airflow_env/lib/python3.11/site-packages/airflow/example_dags/example_branch_python_dop_operator_3.py
[2025-10-29T18:41:28.035-0700] {processor.py:840} INFO - DAG(s) 'example_branch_dop_operator_v3' retrieved from /opt/miniconda3/envs/airflow_env/lib/python3.11/site-packages/airflow/example_dags/example_branch_python_dop_operator_3.py
[2025-10-29T18:41:28.124-0700] {logging_mixin.py:188} INFO - [2025-10-29T18:41:28.124-0700] {override.py:1930} INFO - Created Permission View: can edit on DAG:example_branch_dop_operator_v3
[2025-10-29T18:41:28.160-0700] {logging_mixin.py:188} INFO - [2025-10-29T18:41:28.159-0700] {override.py:1930} INFO - Created Permission View: can read on DAG:example_branch_dop_operator_v3
[2025-10-29T18:41:28.163-0700] {logging_mixin.py:188} INFO - [2025-10-29T18:41:28.163-0700] {override.py:1930} INFO - Created Permission View: can delete on DAG:example_branch_dop_operator_v3
[2025-10-29T18:41:28.163-0700] {logging_mixin.py:188} INFO - [2025-10-29T18:41:28.163-0700] {dag.py:3089} INFO - Sync 1 DAGs
[2025-10-29T18:41:28.168-0700] {logging_mixin.py:188} INFO - [2025-10-29T18:41:28.168-0700] {dag.py:3111} INFO - Creating ORM DAG for example_branch_dop_operator_v3
[2025-10-29T18:41:28.174-0700] {logging_mixin.py:188} INFO - [2025-10-29T18:41:28.174-0700] {dag.py:3947} INFO - Setting next_dagrun for example_branch_dop_operator_v3 to 2025-10-30 01:40:00+00:00, run_after=2025-10-30 01:41:00+00:00
[2025-10-29T18:41:28.182-0700] {processor.py:183} INFO - Processing /opt/miniconda3/envs/airflow_env/lib/python3.11/site-packages/airflow/example_dags/example_branch_python_dop_operator_3.py took 0.170 seconds
[2025-10-29T18:43:46.035-0700] {processor.py:161} INFO - Started process (PID=5505) to work on /opt/miniconda3/envs/airflow_env/lib/python3.11/site-packages/airflow/example_dags/example_branch_python_dop_operator_3.py
[2025-10-29T18:43:46.037-0700] {processor.py:830} INFO - Processing file /opt/miniconda3/envs/airflow_env/lib/python3.11/site-packages/airflow/example_dags/example_branch_python_dop_operator_3.py for tasks to queue
[2025-10-29T18:43:46.037-0700] {logging_mixin.py:188} INFO - [2025-10-29T18:43:46.037-0700] {dagbag.py:545} INFO - Filling up the DagBag from /opt/miniconda3/envs/airflow_env/lib/python3.11/site-packages/airflow/example_dags/example_branch_python_dop_operator_3.py
[2025-10-29T18:43:46.058-0700] {processor.py:840} INFO - DAG(s) 'example_branch_dop_operator_v3' retrieved from /opt/miniconda3/envs/airflow_env/lib/python3.11/site-packages/airflow/example_dags/example_branch_python_dop_operator_3.py
[2025-10-29T18:43:46.105-0700] {logging_mixin.py:188} INFO - [2025-10-29T18:43:46.104-0700] {dag.py:3089} INFO - Sync 1 DAGs
[2025-10-29T18:43:46.114-0700] {logging_mixin.py:188} INFO - [2025-10-29T18:43:46.114-0700] {dag.py:3947} INFO - Setting next_dagrun for example_branch_dop_operator_v3 to 2025-10-30 01:42:00+00:00, run_after=2025-10-30 01:43:00+00:00
[2025-10-29T18:43:46.125-0700] {processor.py:183} INFO - Processing /opt/miniconda3/envs/airflow_env/lib/python3.11/site-packages/airflow/example_dags/example_branch_python_dop_operator_3.py took 0.092 seconds
[2025-10-29T18:46:10.516-0700] {processor.py:161} INFO - Started process (PID=5768) to work on /opt/miniconda3/envs/airflow_env/lib/python3.11/site-packages/airflow/example_dags/example_branch_python_dop_operator_3.py
[2025-10-29T18:46:10.516-0700] {processor.py:830} INFO - Processing file /opt/miniconda3/envs/airflow_env/lib/python3.11/site-packages/airflow/example_dags/example_branch_python_dop_operator_3.py for tasks to queue
[2025-10-29T18:46:10.517-0700] {logging_mixin.py:188} INFO - [2025-10-29T18:46:10.516-0700] {dagbag.py:545} INFO - Filling up the DagBag from /opt/miniconda3/envs/airflow_env/lib/python3.11/site-packages/airflow/example_dags/example_branch_python_dop_operator_3.py
[2025-10-29T18:46:10.538-0700] {processor.py:840} INFO - DAG(s) 'example_branch_dop_operator_v3' retrieved from /opt/miniconda3/envs/airflow_env/lib/python3.11/site-packages/airflow/example_dags/example_branch_python_dop_operator_3.py
[2025-10-29T18:46:10.588-0700] {logging_mixin.py:188} INFO - [2025-10-29T18:46:10.588-0700] {dag.py:3089} INFO - Sync 1 DAGs
[2025-10-29T18:46:10.598-0700] {logging_mixin.py:188} INFO - [2025-10-29T18:46:10.598-0700] {dag.py:3947} INFO - Setting next_dagrun for example_branch_dop_operator_v3 to 2025-10-30 01:45:00+00:00, run_after=2025-10-30 01:46:00+00:00
[2025-10-29T18:46:10.609-0700] {processor.py:183} INFO - Processing /opt/miniconda3/envs/airflow_env/lib/python3.11/site-packages/airflow/example_dags/example_branch_python_dop_operator_3.py took 0.096 seconds
[2025-10-29T18:48:36.053-0700] {processor.py:161} INFO - Started process (PID=6021) to work on /opt/miniconda3/envs/airflow_env/lib/python3.11/site-packages/airflow/example_dags/example_branch_python_dop_operator_3.py
[2025-10-29T18:48:36.054-0700] {processor.py:830} INFO - Processing file /opt/miniconda3/envs/airflow_env/lib/python3.11/site-packages/airflow/example_dags/example_branch_python_dop_operator_3.py for tasks to queue
[2025-10-29T18:48:36.055-0700] {logging_mixin.py:188} INFO - [2025-10-29T18:48:36.054-0700] {dagbag.py:545} INFO - Filling up the DagBag from /opt/miniconda3/envs/airflow_env/lib/python3.11/site-packages/airflow/example_dags/example_branch_python_dop_operator_3.py
[2025-10-29T18:48:36.075-0700] {processor.py:840} INFO - DAG(s) 'example_branch_dop_operator_v3' retrieved from /opt/miniconda3/envs/airflow_env/lib/python3.11/site-packages/airflow/example_dags/example_branch_python_dop_operator_3.py
[2025-10-29T18:48:36.122-0700] {logging_mixin.py:188} INFO - [2025-10-29T18:48:36.122-0700] {dag.py:3089} INFO - Sync 1 DAGs
[2025-10-29T18:48:36.133-0700] {logging_mixin.py:188} INFO - [2025-10-29T18:48:36.133-0700] {dag.py:3947} INFO - Setting next_dagrun for example_branch_dop_operator_v3 to 2025-10-30 01:47:00+00:00, run_after=2025-10-30 01:48:00+00:00
[2025-10-29T18:48:36.144-0700] {processor.py:183} INFO - Processing /opt/miniconda3/envs/airflow_env/lib/python3.11/site-packages/airflow/example_dags/example_branch_python_dop_operator_3.py took 0.092 seconds
[2025-10-29T18:50:59.996-0700] {processor.py:161} INFO - Started process (PID=9832) to work on /opt/miniconda3/envs/airflow_env/lib/python3.11/site-packages/airflow/example_dags/example_branch_python_dop_operator_3.py
[2025-10-29T18:50:59.998-0700] {processor.py:830} INFO - Processing file /opt/miniconda3/envs/airflow_env/lib/python3.11/site-packages/airflow/example_dags/example_branch_python_dop_operator_3.py for tasks to queue
[2025-10-29T18:50:59.998-0700] {logging_mixin.py:188} INFO - [2025-10-29T18:50:59.998-0700] {dagbag.py:545} INFO - Filling up the DagBag from /opt/miniconda3/envs/airflow_env/lib/python3.11/site-packages/airflow/example_dags/example_branch_python_dop_operator_3.py
[2025-10-29T18:51:00.018-0700] {processor.py:840} INFO - DAG(s) 'example_branch_dop_operator_v3' retrieved from /opt/miniconda3/envs/airflow_env/lib/python3.11/site-packages/airflow/example_dags/example_branch_python_dop_operator_3.py
[2025-10-29T18:51:00.065-0700] {logging_mixin.py:188} INFO - [2025-10-29T18:51:00.065-0700] {dag.py:3089} INFO - Sync 1 DAGs
[2025-10-29T18:51:00.075-0700] {logging_mixin.py:188} INFO - [2025-10-29T18:51:00.075-0700] {dag.py:3947} INFO - Setting next_dagrun for example_branch_dop_operator_v3 to 2025-10-30 01:50:00+00:00, run_after=2025-10-30 01:51:00+00:00
[2025-10-29T18:51:00.086-0700] {processor.py:183} INFO - Processing /opt/miniconda3/envs/airflow_env/lib/python3.11/site-packages/airflow/example_dags/example_branch_python_dop_operator_3.py took 0.091 seconds
[2025-10-29T18:53:17.599-0700] {processor.py:161} INFO - Started process (PID=10072) to work on /opt/miniconda3/envs/airflow_env/lib/python3.11/site-packages/airflow/example_dags/example_branch_python_dop_operator_3.py
[2025-10-29T18:53:17.600-0700] {processor.py:830} INFO - Processing file /opt/miniconda3/envs/airflow_env/lib/python3.11/site-packages/airflow/example_dags/example_branch_python_dop_operator_3.py for tasks to queue
[2025-10-29T18:53:17.600-0700] {logging_mixin.py:188} INFO - [2025-10-29T18:53:17.600-0700] {dagbag.py:545} INFO - Filling up the DagBag from /opt/miniconda3/envs/airflow_env/lib/python3.11/site-packages/airflow/example_dags/example_branch_python_dop_operator_3.py
[2025-10-29T18:53:17.620-0700] {processor.py:840} INFO - DAG(s) 'example_branch_dop_operator_v3' retrieved from /opt/miniconda3/envs/airflow_env/lib/python3.11/site-packages/airflow/example_dags/example_branch_python_dop_operator_3.py
[2025-10-29T18:53:17.667-0700] {logging_mixin.py:188} INFO - [2025-10-29T18:53:17.667-0700] {dag.py:3089} INFO - Sync 1 DAGs
[2025-10-29T18:53:17.677-0700] {logging_mixin.py:188} INFO - [2025-10-29T18:53:17.677-0700] {dag.py:3947} INFO - Setting next_dagrun for example_branch_dop_operator_v3 to 2025-10-30 01:52:00+00:00, run_after=2025-10-30 01:53:00+00:00
[2025-10-29T18:53:17.688-0700] {processor.py:183} INFO - Processing /opt/miniconda3/envs/airflow_env/lib/python3.11/site-packages/airflow/example_dags/example_branch_python_dop_operator_3.py took 0.091 seconds
[2025-10-29T18:55:39.535-0700] {processor.py:161} INFO - Started process (PID=10357) to work on /opt/miniconda3/envs/airflow_env/lib/python3.11/site-packages/airflow/example_dags/example_branch_python_dop_operator_3.py
[2025-10-29T18:55:39.536-0700] {processor.py:830} INFO - Processing file /opt/miniconda3/envs/airflow_env/lib/python3.11/site-packages/airflow/example_dags/example_branch_python_dop_operator_3.py for tasks to queue
[2025-10-29T18:55:39.536-0700] {logging_mixin.py:188} INFO - [2025-10-29T18:55:39.536-0700] {dagbag.py:545} INFO - Filling up the DagBag from /opt/miniconda3/envs/airflow_env/lib/python3.11/site-packages/airflow/example_dags/example_branch_python_dop_operator_3.py
[2025-10-29T18:55:39.557-0700] {processor.py:840} INFO - DAG(s) 'example_branch_dop_operator_v3' retrieved from /opt/miniconda3/envs/airflow_env/lib/python3.11/site-packages/airflow/example_dags/example_branch_python_dop_operator_3.py
[2025-10-29T18:55:39.605-0700] {logging_mixin.py:188} INFO - [2025-10-29T18:55:39.605-0700] {dag.py:3089} INFO - Sync 1 DAGs
[2025-10-29T18:55:39.616-0700] {logging_mixin.py:188} INFO - [2025-10-29T18:55:39.616-0700] {dag.py:3947} INFO - Setting next_dagrun for example_branch_dop_operator_v3 to 2025-10-30 01:54:00+00:00, run_after=2025-10-30 01:55:00+00:00
[2025-10-29T18:55:39.627-0700] {processor.py:183} INFO - Processing /opt/miniconda3/envs/airflow_env/lib/python3.11/site-packages/airflow/example_dags/example_branch_python_dop_operator_3.py took 0.094 seconds
[2025-10-29T18:58:02.453-0700] {processor.py:161} INFO - Started process (PID=10611) to work on /opt/miniconda3/envs/airflow_env/lib/python3.11/site-packages/airflow/example_dags/example_branch_python_dop_operator_3.py
[2025-10-29T18:58:02.454-0700] {processor.py:830} INFO - Processing file /opt/miniconda3/envs/airflow_env/lib/python3.11/site-packages/airflow/example_dags/example_branch_python_dop_operator_3.py for tasks to queue
[2025-10-29T18:58:02.454-0700] {logging_mixin.py:188} INFO - [2025-10-29T18:58:02.454-0700] {dagbag.py:545} INFO - Filling up the DagBag from /opt/miniconda3/envs/airflow_env/lib/python3.11/site-packages/airflow/example_dags/example_branch_python_dop_operator_3.py
[2025-10-29T18:58:02.475-0700] {processor.py:840} INFO - DAG(s) 'example_branch_dop_operator_v3' retrieved from /opt/miniconda3/envs/airflow_env/lib/python3.11/site-packages/airflow/example_dags/example_branch_python_dop_operator_3.py
[2025-10-29T18:58:02.521-0700] {logging_mixin.py:188} INFO - [2025-10-29T18:58:02.521-0700] {dag.py:3089} INFO - Sync 1 DAGs
[2025-10-29T18:58:02.531-0700] {logging_mixin.py:188} INFO - [2025-10-29T18:58:02.531-0700] {dag.py:3947} INFO - Setting next_dagrun for example_branch_dop_operator_v3 to 2025-10-30 01:57:00+00:00, run_after=2025-10-30 01:58:00+00:00
[2025-10-29T18:58:02.542-0700] {processor.py:183} INFO - Processing /opt/miniconda3/envs/airflow_env/lib/python3.11/site-packages/airflow/example_dags/example_branch_python_dop_operator_3.py took 0.091 seconds
[2025-10-29T19:00:02.996-0700] {processor.py:161} INFO - Started process (PID=10858) to work on /opt/miniconda3/envs/airflow_env/lib/python3.11/site-packages/airflow/example_dags/example_branch_python_dop_operator_3.py
[2025-10-29T19:00:02.997-0700] {processor.py:830} INFO - Processing file /opt/miniconda3/envs/airflow_env/lib/python3.11/site-packages/airflow/example_dags/example_branch_python_dop_operator_3.py for tasks to queue
[2025-10-29T19:00:02.997-0700] {logging_mixin.py:188} INFO - [2025-10-29T19:00:02.997-0700] {dagbag.py:545} INFO - Filling up the DagBag from /opt/miniconda3/envs/airflow_env/lib/python3.11/site-packages/airflow/example_dags/example_branch_python_dop_operator_3.py
[2025-10-29T19:00:03.018-0700] {processor.py:840} INFO - DAG(s) 'example_branch_dop_operator_v3' retrieved from /opt/miniconda3/envs/airflow_env/lib/python3.11/site-packages/airflow/example_dags/example_branch_python_dop_operator_3.py
[2025-10-29T19:00:03.152-0700] {logging_mixin.py:188} INFO - [2025-10-29T19:00:03.152-0700] {dag.py:3089} INFO - Sync 1 DAGs
[2025-10-29T19:00:03.164-0700] {logging_mixin.py:188} INFO - [2025-10-29T19:00:03.164-0700] {dag.py:3947} INFO - Setting next_dagrun for example_branch_dop_operator_v3 to 2025-10-30 01:59:00+00:00, run_after=2025-10-30 02:00:00+00:00
[2025-10-29T19:00:03.174-0700] {processor.py:183} INFO - Processing /opt/miniconda3/envs/airflow_env/lib/python3.11/site-packages/airflow/example_dags/example_branch_python_dop_operator_3.py took 0.180 seconds
[2025-10-29T19:02:27.889-0700] {processor.py:161} INFO - Started process (PID=11116) to work on /opt/miniconda3/envs/airflow_env/lib/python3.11/site-packages/airflow/example_dags/example_branch_python_dop_operator_3.py
[2025-10-29T19:02:27.892-0700] {processor.py:830} INFO - Processing file /opt/miniconda3/envs/airflow_env/lib/python3.11/site-packages/airflow/example_dags/example_branch_python_dop_operator_3.py for tasks to queue
[2025-10-29T19:02:27.892-0700] {logging_mixin.py:188} INFO - [2025-10-29T19:02:27.892-0700] {dagbag.py:545} INFO - Filling up the DagBag from /opt/miniconda3/envs/airflow_env/lib/python3.11/site-packages/airflow/example_dags/example_branch_python_dop_operator_3.py
[2025-10-29T19:02:27.913-0700] {processor.py:840} INFO - DAG(s) 'example_branch_dop_operator_v3' retrieved from /opt/miniconda3/envs/airflow_env/lib/python3.11/site-packages/airflow/example_dags/example_branch_python_dop_operator_3.py
[2025-10-29T19:02:27.961-0700] {logging_mixin.py:188} INFO - [2025-10-29T19:02:27.961-0700] {dag.py:3089} INFO - Sync 1 DAGs
[2025-10-29T19:02:27.971-0700] {logging_mixin.py:188} INFO - [2025-10-29T19:02:27.971-0700] {dag.py:3947} INFO - Setting next_dagrun for example_branch_dop_operator_v3 to 2025-10-30 02:01:00+00:00, run_after=2025-10-30 02:02:00+00:00
[2025-10-29T19:02:27.981-0700] {processor.py:183} INFO - Processing /opt/miniconda3/envs/airflow_env/lib/python3.11/site-packages/airflow/example_dags/example_branch_python_dop_operator_3.py took 0.094 seconds
[2025-10-29T19:04:55.050-0700] {processor.py:161} INFO - Started process (PID=11379) to work on /opt/miniconda3/envs/airflow_env/lib/python3.11/site-packages/airflow/example_dags/example_branch_python_dop_operator_3.py
[2025-10-29T19:04:55.050-0700] {processor.py:830} INFO - Processing file /opt/miniconda3/envs/airflow_env/lib/python3.11/site-packages/airflow/example_dags/example_branch_python_dop_operator_3.py for tasks to queue
[2025-10-29T19:04:55.051-0700] {logging_mixin.py:188} INFO - [2025-10-29T19:04:55.050-0700] {dagbag.py:545} INFO - Filling up the DagBag from /opt/miniconda3/envs/airflow_env/lib/python3.11/site-packages/airflow/example_dags/example_branch_python_dop_operator_3.py
[2025-10-29T19:04:55.071-0700] {processor.py:840} INFO - DAG(s) 'example_branch_dop_operator_v3' retrieved from /opt/miniconda3/envs/airflow_env/lib/python3.11/site-packages/airflow/example_dags/example_branch_python_dop_operator_3.py
[2025-10-29T19:04:55.118-0700] {logging_mixin.py:188} INFO - [2025-10-29T19:04:55.118-0700] {dag.py:3089} INFO - Sync 1 DAGs
[2025-10-29T19:04:55.128-0700] {logging_mixin.py:188} INFO - [2025-10-29T19:04:55.128-0700] {dag.py:3947} INFO - Setting next_dagrun for example_branch_dop_operator_v3 to 2025-10-30 02:03:00+00:00, run_after=2025-10-30 02:04:00+00:00
[2025-10-29T19:04:55.139-0700] {processor.py:183} INFO - Processing /opt/miniconda3/envs/airflow_env/lib/python3.11/site-packages/airflow/example_dags/example_branch_python_dop_operator_3.py took 0.091 seconds
[2025-10-29T19:07:23.410-0700] {processor.py:161} INFO - Started process (PID=11651) to work on /opt/miniconda3/envs/airflow_env/lib/python3.11/site-packages/airflow/example_dags/example_branch_python_dop_operator_3.py
[2025-10-29T19:07:23.411-0700] {processor.py:830} INFO - Processing file /opt/miniconda3/envs/airflow_env/lib/python3.11/site-packages/airflow/example_dags/example_branch_python_dop_operator_3.py for tasks to queue
[2025-10-29T19:07:23.411-0700] {logging_mixin.py:188} INFO - [2025-10-29T19:07:23.411-0700] {dagbag.py:545} INFO - Filling up the DagBag from /opt/miniconda3/envs/airflow_env/lib/python3.11/site-packages/airflow/example_dags/example_branch_python_dop_operator_3.py
[2025-10-29T19:07:23.432-0700] {processor.py:840} INFO - DAG(s) 'example_branch_dop_operator_v3' retrieved from /opt/miniconda3/envs/airflow_env/lib/python3.11/site-packages/airflow/example_dags/example_branch_python_dop_operator_3.py
[2025-10-29T19:07:23.479-0700] {logging_mixin.py:188} INFO - [2025-10-29T19:07:23.479-0700] {dag.py:3089} INFO - Sync 1 DAGs
[2025-10-29T19:07:23.489-0700] {logging_mixin.py:188} INFO - [2025-10-29T19:07:23.489-0700] {dag.py:3947} INFO - Setting next_dagrun for example_branch_dop_operator_v3 to 2025-10-30 02:06:00+00:00, run_after=2025-10-30 02:07:00+00:00
[2025-10-29T19:07:23.500-0700] {processor.py:183} INFO - Processing /opt/miniconda3/envs/airflow_env/lib/python3.11/site-packages/airflow/example_dags/example_branch_python_dop_operator_3.py took 0.093 seconds
[2025-10-29T19:09:49.369-0700] {processor.py:161} INFO - Started process (PID=11891) to work on /opt/miniconda3/envs/airflow_env/lib/python3.11/site-packages/airflow/example_dags/example_branch_python_dop_operator_3.py
[2025-10-29T19:09:49.370-0700] {processor.py:830} INFO - Processing file /opt/miniconda3/envs/airflow_env/lib/python3.11/site-packages/airflow/example_dags/example_branch_python_dop_operator_3.py for tasks to queue
[2025-10-29T19:09:49.370-0700] {logging_mixin.py:188} INFO - [2025-10-29T19:09:49.370-0700] {dagbag.py:545} INFO - Filling up the DagBag from /opt/miniconda3/envs/airflow_env/lib/python3.11/site-packages/airflow/example_dags/example_branch_python_dop_operator_3.py
[2025-10-29T19:09:49.391-0700] {processor.py:840} INFO - DAG(s) 'example_branch_dop_operator_v3' retrieved from /opt/miniconda3/envs/airflow_env/lib/python3.11/site-packages/airflow/example_dags/example_branch_python_dop_operator_3.py
[2025-10-29T19:09:49.439-0700] {logging_mixin.py:188} INFO - [2025-10-29T19:09:49.439-0700] {dag.py:3089} INFO - Sync 1 DAGs
[2025-10-29T19:09:49.449-0700] {logging_mixin.py:188} INFO - [2025-10-29T19:09:49.449-0700] {dag.py:3947} INFO - Setting next_dagrun for example_branch_dop_operator_v3 to 2025-10-30 02:08:00+00:00, run_after=2025-10-30 02:09:00+00:00
[2025-10-29T19:09:49.460-0700] {processor.py:183} INFO - Processing /opt/miniconda3/envs/airflow_env/lib/python3.11/site-packages/airflow/example_dags/example_branch_python_dop_operator_3.py took 0.093 seconds
[2025-10-29T19:12:22.858-0700] {processor.py:161} INFO - Started process (PID=12170) to work on /opt/miniconda3/envs/airflow_env/lib/python3.11/site-packages/airflow/example_dags/example_branch_python_dop_operator_3.py
[2025-10-29T19:12:22.859-0700] {processor.py:830} INFO - Processing file /opt/miniconda3/envs/airflow_env/lib/python3.11/site-packages/airflow/example_dags/example_branch_python_dop_operator_3.py for tasks to queue
[2025-10-29T19:12:22.860-0700] {logging_mixin.py:188} INFO - [2025-10-29T19:12:22.860-0700] {dagbag.py:545} INFO - Filling up the DagBag from /opt/miniconda3/envs/airflow_env/lib/python3.11/site-packages/airflow/example_dags/example_branch_python_dop_operator_3.py
[2025-10-29T19:12:22.881-0700] {processor.py:840} INFO - DAG(s) 'example_branch_dop_operator_v3' retrieved from /opt/miniconda3/envs/airflow_env/lib/python3.11/site-packages/airflow/example_dags/example_branch_python_dop_operator_3.py
[2025-10-29T19:12:22.928-0700] {logging_mixin.py:188} INFO - [2025-10-29T19:12:22.928-0700] {dag.py:3089} INFO - Sync 1 DAGs
[2025-10-29T19:12:22.939-0700] {logging_mixin.py:188} INFO - [2025-10-29T19:12:22.939-0700] {dag.py:3947} INFO - Setting next_dagrun for example_branch_dop_operator_v3 to 2025-10-30 02:11:00+00:00, run_after=2025-10-30 02:12:00+00:00
[2025-10-29T19:12:22.949-0700] {processor.py:183} INFO - Processing /opt/miniconda3/envs/airflow_env/lib/python3.11/site-packages/airflow/example_dags/example_branch_python_dop_operator_3.py took 0.093 seconds
[2025-10-29T19:14:48.538-0700] {processor.py:161} INFO - Started process (PID=12424) to work on /opt/miniconda3/envs/airflow_env/lib/python3.11/site-packages/airflow/example_dags/example_branch_python_dop_operator_3.py
[2025-10-29T19:14:48.539-0700] {processor.py:830} INFO - Processing file /opt/miniconda3/envs/airflow_env/lib/python3.11/site-packages/airflow/example_dags/example_branch_python_dop_operator_3.py for tasks to queue
[2025-10-29T19:14:48.539-0700] {logging_mixin.py:188} INFO - [2025-10-29T19:14:48.539-0700] {dagbag.py:545} INFO - Filling up the DagBag from /opt/miniconda3/envs/airflow_env/lib/python3.11/site-packages/airflow/example_dags/example_branch_python_dop_operator_3.py
[2025-10-29T19:14:48.560-0700] {processor.py:840} INFO - DAG(s) 'example_branch_dop_operator_v3' retrieved from /opt/miniconda3/envs/airflow_env/lib/python3.11/site-packages/airflow/example_dags/example_branch_python_dop_operator_3.py
[2025-10-29T19:14:48.607-0700] {logging_mixin.py:188} INFO - [2025-10-29T19:14:48.607-0700] {dag.py:3089} INFO - Sync 1 DAGs
[2025-10-29T19:14:48.617-0700] {logging_mixin.py:188} INFO - [2025-10-29T19:14:48.617-0700] {dag.py:3947} INFO - Setting next_dagrun for example_branch_dop_operator_v3 to 2025-10-30 02:13:00+00:00, run_after=2025-10-30 02:14:00+00:00
[2025-10-29T19:14:48.627-0700] {processor.py:183} INFO - Processing /opt/miniconda3/envs/airflow_env/lib/python3.11/site-packages/airflow/example_dags/example_branch_python_dop_operator_3.py took 0.091 seconds
[2025-10-29T19:17:16.254-0700] {processor.py:161} INFO - Started process (PID=12685) to work on /opt/miniconda3/envs/airflow_env/lib/python3.11/site-packages/airflow/example_dags/example_branch_python_dop_operator_3.py
[2025-10-29T19:17:16.255-0700] {processor.py:830} INFO - Processing file /opt/miniconda3/envs/airflow_env/lib/python3.11/site-packages/airflow/example_dags/example_branch_python_dop_operator_3.py for tasks to queue
[2025-10-29T19:17:16.255-0700] {logging_mixin.py:188} INFO - [2025-10-29T19:17:16.255-0700] {dagbag.py:545} INFO - Filling up the DagBag from /opt/miniconda3/envs/airflow_env/lib/python3.11/site-packages/airflow/example_dags/example_branch_python_dop_operator_3.py
[2025-10-29T19:17:16.276-0700] {processor.py:840} INFO - DAG(s) 'example_branch_dop_operator_v3' retrieved from /opt/miniconda3/envs/airflow_env/lib/python3.11/site-packages/airflow/example_dags/example_branch_python_dop_operator_3.py
[2025-10-29T19:17:16.323-0700] {logging_mixin.py:188} INFO - [2025-10-29T19:17:16.323-0700] {dag.py:3089} INFO - Sync 1 DAGs
[2025-10-29T19:17:16.333-0700] {logging_mixin.py:188} INFO - [2025-10-29T19:17:16.333-0700] {dag.py:3947} INFO - Setting next_dagrun for example_branch_dop_operator_v3 to 2025-10-30 02:16:00+00:00, run_after=2025-10-30 02:17:00+00:00
[2025-10-29T19:17:16.344-0700] {processor.py:183} INFO - Processing /opt/miniconda3/envs/airflow_env/lib/python3.11/site-packages/airflow/example_dags/example_branch_python_dop_operator_3.py took 0.092 seconds
[2025-10-29T19:19:44.344-0700] {processor.py:161} INFO - Started process (PID=12941) to work on /opt/miniconda3/envs/airflow_env/lib/python3.11/site-packages/airflow/example_dags/example_branch_python_dop_operator_3.py
[2025-10-29T19:19:44.345-0700] {processor.py:830} INFO - Processing file /opt/miniconda3/envs/airflow_env/lib/python3.11/site-packages/airflow/example_dags/example_branch_python_dop_operator_3.py for tasks to queue
[2025-10-29T19:19:44.346-0700] {logging_mixin.py:188} INFO - [2025-10-29T19:19:44.346-0700] {dagbag.py:545} INFO - Filling up the DagBag from /opt/miniconda3/envs/airflow_env/lib/python3.11/site-packages/airflow/example_dags/example_branch_python_dop_operator_3.py
[2025-10-29T19:19:44.366-0700] {processor.py:840} INFO - DAG(s) 'example_branch_dop_operator_v3' retrieved from /opt/miniconda3/envs/airflow_env/lib/python3.11/site-packages/airflow/example_dags/example_branch_python_dop_operator_3.py
[2025-10-29T19:19:44.413-0700] {logging_mixin.py:188} INFO - [2025-10-29T19:19:44.413-0700] {dag.py:3089} INFO - Sync 1 DAGs
[2025-10-29T19:19:44.423-0700] {logging_mixin.py:188} INFO - [2025-10-29T19:19:44.423-0700] {dag.py:3947} INFO - Setting next_dagrun for example_branch_dop_operator_v3 to 2025-10-30 02:18:00+00:00, run_after=2025-10-30 02:19:00+00:00
[2025-10-29T19:19:44.433-0700] {processor.py:183} INFO - Processing /opt/miniconda3/envs/airflow_env/lib/python3.11/site-packages/airflow/example_dags/example_branch_python_dop_operator_3.py took 0.091 seconds
[2025-10-29T19:22:09.501-0700] {processor.py:161} INFO - Started process (PID=13245) to work on /opt/miniconda3/envs/airflow_env/lib/python3.11/site-packages/airflow/example_dags/example_branch_python_dop_operator_3.py
[2025-10-29T19:22:09.502-0700] {processor.py:830} INFO - Processing file /opt/miniconda3/envs/airflow_env/lib/python3.11/site-packages/airflow/example_dags/example_branch_python_dop_operator_3.py for tasks to queue
[2025-10-29T19:22:09.502-0700] {logging_mixin.py:188} INFO - [2025-10-29T19:22:09.502-0700] {dagbag.py:545} INFO - Filling up the DagBag from /opt/miniconda3/envs/airflow_env/lib/python3.11/site-packages/airflow/example_dags/example_branch_python_dop_operator_3.py
[2025-10-29T19:22:09.523-0700] {processor.py:840} INFO - DAG(s) 'example_branch_dop_operator_v3' retrieved from /opt/miniconda3/envs/airflow_env/lib/python3.11/site-packages/airflow/example_dags/example_branch_python_dop_operator_3.py
[2025-10-29T19:22:09.570-0700] {logging_mixin.py:188} INFO - [2025-10-29T19:22:09.570-0700] {dag.py:3089} INFO - Sync 1 DAGs
[2025-10-29T19:22:09.580-0700] {logging_mixin.py:188} INFO - [2025-10-29T19:22:09.580-0700] {dag.py:3947} INFO - Setting next_dagrun for example_branch_dop_operator_v3 to 2025-10-30 02:21:00+00:00, run_after=2025-10-30 02:22:00+00:00
[2025-10-29T19:22:09.591-0700] {processor.py:183} INFO - Processing /opt/miniconda3/envs/airflow_env/lib/python3.11/site-packages/airflow/example_dags/example_branch_python_dop_operator_3.py took 0.092 seconds
[2025-10-29T19:24:37.796-0700] {processor.py:161} INFO - Started process (PID=13535) to work on /opt/miniconda3/envs/airflow_env/lib/python3.11/site-packages/airflow/example_dags/example_branch_python_dop_operator_3.py
[2025-10-29T19:24:37.797-0700] {processor.py:830} INFO - Processing file /opt/miniconda3/envs/airflow_env/lib/python3.11/site-packages/airflow/example_dags/example_branch_python_dop_operator_3.py for tasks to queue
[2025-10-29T19:24:37.797-0700] {logging_mixin.py:188} INFO - [2025-10-29T19:24:37.797-0700] {dagbag.py:545} INFO - Filling up the DagBag from /opt/miniconda3/envs/airflow_env/lib/python3.11/site-packages/airflow/example_dags/example_branch_python_dop_operator_3.py
[2025-10-29T19:24:37.818-0700] {processor.py:840} INFO - DAG(s) 'example_branch_dop_operator_v3' retrieved from /opt/miniconda3/envs/airflow_env/lib/python3.11/site-packages/airflow/example_dags/example_branch_python_dop_operator_3.py
[2025-10-29T19:24:37.865-0700] {logging_mixin.py:188} INFO - [2025-10-29T19:24:37.865-0700] {dag.py:3089} INFO - Sync 1 DAGs
[2025-10-29T19:24:37.876-0700] {logging_mixin.py:188} INFO - [2025-10-29T19:24:37.876-0700] {dag.py:3947} INFO - Setting next_dagrun for example_branch_dop_operator_v3 to 2025-10-30 02:23:00+00:00, run_after=2025-10-30 02:24:00+00:00
[2025-10-29T19:24:37.886-0700] {processor.py:183} INFO - Processing /opt/miniconda3/envs/airflow_env/lib/python3.11/site-packages/airflow/example_dags/example_branch_python_dop_operator_3.py took 0.093 seconds
[2025-10-29T19:27:01.767-0700] {processor.py:161} INFO - Started process (PID=14202) to work on /opt/miniconda3/envs/airflow_env/lib/python3.11/site-packages/airflow/example_dags/example_branch_python_dop_operator_3.py
[2025-10-29T19:27:01.768-0700] {processor.py:830} INFO - Processing file /opt/miniconda3/envs/airflow_env/lib/python3.11/site-packages/airflow/example_dags/example_branch_python_dop_operator_3.py for tasks to queue
[2025-10-29T19:27:01.768-0700] {logging_mixin.py:188} INFO - [2025-10-29T19:27:01.768-0700] {dagbag.py:545} INFO - Filling up the DagBag from /opt/miniconda3/envs/airflow_env/lib/python3.11/site-packages/airflow/example_dags/example_branch_python_dop_operator_3.py
[2025-10-29T19:27:01.790-0700] {processor.py:840} INFO - DAG(s) 'example_branch_dop_operator_v3' retrieved from /opt/miniconda3/envs/airflow_env/lib/python3.11/site-packages/airflow/example_dags/example_branch_python_dop_operator_3.py
[2025-10-29T19:27:01.837-0700] {logging_mixin.py:188} INFO - [2025-10-29T19:27:01.837-0700] {dag.py:3089} INFO - Sync 1 DAGs
[2025-10-29T19:27:01.847-0700] {logging_mixin.py:188} INFO - [2025-10-29T19:27:01.847-0700] {dag.py:3947} INFO - Setting next_dagrun for example_branch_dop_operator_v3 to 2025-10-30 02:26:00+00:00, run_after=2025-10-30 02:27:00+00:00
[2025-10-29T19:27:01.857-0700] {processor.py:183} INFO - Processing /opt/miniconda3/envs/airflow_env/lib/python3.11/site-packages/airflow/example_dags/example_branch_python_dop_operator_3.py took 0.092 seconds
[2025-10-29T19:29:30.002-0700] {processor.py:161} INFO - Started process (PID=14884) to work on /opt/miniconda3/envs/airflow_env/lib/python3.11/site-packages/airflow/example_dags/example_branch_python_dop_operator_3.py
[2025-10-29T19:29:30.003-0700] {processor.py:830} INFO - Processing file /opt/miniconda3/envs/airflow_env/lib/python3.11/site-packages/airflow/example_dags/example_branch_python_dop_operator_3.py for tasks to queue
[2025-10-29T19:29:30.003-0700] {logging_mixin.py:188} INFO - [2025-10-29T19:29:30.003-0700] {dagbag.py:545} INFO - Filling up the DagBag from /opt/miniconda3/envs/airflow_env/lib/python3.11/site-packages/airflow/example_dags/example_branch_python_dop_operator_3.py
[2025-10-29T19:29:30.024-0700] {processor.py:840} INFO - DAG(s) 'example_branch_dop_operator_v3' retrieved from /opt/miniconda3/envs/airflow_env/lib/python3.11/site-packages/airflow/example_dags/example_branch_python_dop_operator_3.py
[2025-10-29T19:29:30.072-0700] {logging_mixin.py:188} INFO - [2025-10-29T19:29:30.072-0700] {dag.py:3089} INFO - Sync 1 DAGs
[2025-10-29T19:29:30.083-0700] {logging_mixin.py:188} INFO - [2025-10-29T19:29:30.082-0700] {dag.py:3947} INFO - Setting next_dagrun for example_branch_dop_operator_v3 to 2025-10-30 02:28:00+00:00, run_after=2025-10-30 02:29:00+00:00
[2025-10-29T19:29:30.093-0700] {processor.py:183} INFO - Processing /opt/miniconda3/envs/airflow_env/lib/python3.11/site-packages/airflow/example_dags/example_branch_python_dop_operator_3.py took 0.093 seconds
[2025-10-29T19:32:00.055-0700] {processor.py:161} INFO - Started process (PID=15572) to work on /opt/miniconda3/envs/airflow_env/lib/python3.11/site-packages/airflow/example_dags/example_branch_python_dop_operator_3.py
[2025-10-29T19:32:00.055-0700] {processor.py:830} INFO - Processing file /opt/miniconda3/envs/airflow_env/lib/python3.11/site-packages/airflow/example_dags/example_branch_python_dop_operator_3.py for tasks to queue
[2025-10-29T19:32:00.056-0700] {logging_mixin.py:188} INFO - [2025-10-29T19:32:00.056-0700] {dagbag.py:545} INFO - Filling up the DagBag from /opt/miniconda3/envs/airflow_env/lib/python3.11/site-packages/airflow/example_dags/example_branch_python_dop_operator_3.py
[2025-10-29T19:32:00.078-0700] {processor.py:840} INFO - DAG(s) 'example_branch_dop_operator_v3' retrieved from /opt/miniconda3/envs/airflow_env/lib/python3.11/site-packages/airflow/example_dags/example_branch_python_dop_operator_3.py
[2025-10-29T19:32:00.127-0700] {logging_mixin.py:188} INFO - [2025-10-29T19:32:00.126-0700] {dag.py:3089} INFO - Sync 1 DAGs
[2025-10-29T19:32:00.137-0700] {logging_mixin.py:188} INFO - [2025-10-29T19:32:00.136-0700] {dag.py:3947} INFO - Setting next_dagrun for example_branch_dop_operator_v3 to 2025-10-30 02:31:00+00:00, run_after=2025-10-30 02:32:00+00:00
[2025-10-29T19:32:00.149-0700] {processor.py:183} INFO - Processing /opt/miniconda3/envs/airflow_env/lib/python3.11/site-packages/airflow/example_dags/example_branch_python_dop_operator_3.py took 0.097 seconds
[2025-10-29T19:34:29.737-0700] {processor.py:161} INFO - Started process (PID=16288) to work on /opt/miniconda3/envs/airflow_env/lib/python3.11/site-packages/airflow/example_dags/example_branch_python_dop_operator_3.py
[2025-10-29T19:34:29.739-0700] {processor.py:830} INFO - Processing file /opt/miniconda3/envs/airflow_env/lib/python3.11/site-packages/airflow/example_dags/example_branch_python_dop_operator_3.py for tasks to queue
[2025-10-29T19:34:29.739-0700] {logging_mixin.py:188} INFO - [2025-10-29T19:34:29.739-0700] {dagbag.py:545} INFO - Filling up the DagBag from /opt/miniconda3/envs/airflow_env/lib/python3.11/site-packages/airflow/example_dags/example_branch_python_dop_operator_3.py
[2025-10-29T19:34:29.760-0700] {processor.py:840} INFO - DAG(s) 'example_branch_dop_operator_v3' retrieved from /opt/miniconda3/envs/airflow_env/lib/python3.11/site-packages/airflow/example_dags/example_branch_python_dop_operator_3.py
[2025-10-29T19:34:29.808-0700] {logging_mixin.py:188} INFO - [2025-10-29T19:34:29.808-0700] {dag.py:3089} INFO - Sync 1 DAGs
[2025-10-29T19:34:29.818-0700] {logging_mixin.py:188} INFO - [2025-10-29T19:34:29.818-0700] {dag.py:3947} INFO - Setting next_dagrun for example_branch_dop_operator_v3 to 2025-10-30 02:33:00+00:00, run_after=2025-10-30 02:34:00+00:00
[2025-10-29T19:34:29.829-0700] {processor.py:183} INFO - Processing /opt/miniconda3/envs/airflow_env/lib/python3.11/site-packages/airflow/example_dags/example_branch_python_dop_operator_3.py took 0.093 seconds
[2025-10-29T19:37:00.545-0700] {processor.py:161} INFO - Started process (PID=16975) to work on /opt/miniconda3/envs/airflow_env/lib/python3.11/site-packages/airflow/example_dags/example_branch_python_dop_operator_3.py
[2025-10-29T19:37:00.546-0700] {processor.py:830} INFO - Processing file /opt/miniconda3/envs/airflow_env/lib/python3.11/site-packages/airflow/example_dags/example_branch_python_dop_operator_3.py for tasks to queue
[2025-10-29T19:37:00.547-0700] {logging_mixin.py:188} INFO - [2025-10-29T19:37:00.547-0700] {dagbag.py:545} INFO - Filling up the DagBag from /opt/miniconda3/envs/airflow_env/lib/python3.11/site-packages/airflow/example_dags/example_branch_python_dop_operator_3.py
[2025-10-29T19:37:00.567-0700] {processor.py:840} INFO - DAG(s) 'example_branch_dop_operator_v3' retrieved from /opt/miniconda3/envs/airflow_env/lib/python3.11/site-packages/airflow/example_dags/example_branch_python_dop_operator_3.py
[2025-10-29T19:37:00.614-0700] {logging_mixin.py:188} INFO - [2025-10-29T19:37:00.614-0700] {dag.py:3089} INFO - Sync 1 DAGs
[2025-10-29T19:37:00.624-0700] {logging_mixin.py:188} INFO - [2025-10-29T19:37:00.624-0700] {dag.py:3947} INFO - Setting next_dagrun for example_branch_dop_operator_v3 to 2025-10-30 02:36:00+00:00, run_after=2025-10-30 02:37:00+00:00
[2025-10-29T19:37:00.634-0700] {processor.py:183} INFO - Processing /opt/miniconda3/envs/airflow_env/lib/python3.11/site-packages/airflow/example_dags/example_branch_python_dop_operator_3.py took 0.091 seconds
[2025-10-29T19:39:29.962-0700] {processor.py:161} INFO - Started process (PID=17706) to work on /opt/miniconda3/envs/airflow_env/lib/python3.11/site-packages/airflow/example_dags/example_branch_python_dop_operator_3.py
[2025-10-29T19:39:29.964-0700] {processor.py:830} INFO - Processing file /opt/miniconda3/envs/airflow_env/lib/python3.11/site-packages/airflow/example_dags/example_branch_python_dop_operator_3.py for tasks to queue
[2025-10-29T19:39:29.964-0700] {logging_mixin.py:188} INFO - [2025-10-29T19:39:29.964-0700] {dagbag.py:545} INFO - Filling up the DagBag from /opt/miniconda3/envs/airflow_env/lib/python3.11/site-packages/airflow/example_dags/example_branch_python_dop_operator_3.py
[2025-10-29T19:39:29.986-0700] {processor.py:840} INFO - DAG(s) 'example_branch_dop_operator_v3' retrieved from /opt/miniconda3/envs/airflow_env/lib/python3.11/site-packages/airflow/example_dags/example_branch_python_dop_operator_3.py
[2025-10-29T19:39:30.033-0700] {logging_mixin.py:188} INFO - [2025-10-29T19:39:30.033-0700] {dag.py:3089} INFO - Sync 1 DAGs
[2025-10-29T19:39:30.043-0700] {logging_mixin.py:188} INFO - [2025-10-29T19:39:30.043-0700] {dag.py:3947} INFO - Setting next_dagrun for example_branch_dop_operator_v3 to 2025-10-30 02:38:00+00:00, run_after=2025-10-30 02:39:00+00:00
[2025-10-29T19:39:30.054-0700] {processor.py:183} INFO - Processing /opt/miniconda3/envs/airflow_env/lib/python3.11/site-packages/airflow/example_dags/example_branch_python_dop_operator_3.py took 0.094 seconds
[2025-10-29T19:42:00.779-0700] {processor.py:161} INFO - Started process (PID=18420) to work on /opt/miniconda3/envs/airflow_env/lib/python3.11/site-packages/airflow/example_dags/example_branch_python_dop_operator_3.py
[2025-10-29T19:42:00.780-0700] {processor.py:830} INFO - Processing file /opt/miniconda3/envs/airflow_env/lib/python3.11/site-packages/airflow/example_dags/example_branch_python_dop_operator_3.py for tasks to queue
[2025-10-29T19:42:00.780-0700] {logging_mixin.py:188} INFO - [2025-10-29T19:42:00.780-0700] {dagbag.py:545} INFO - Filling up the DagBag from /opt/miniconda3/envs/airflow_env/lib/python3.11/site-packages/airflow/example_dags/example_branch_python_dop_operator_3.py
[2025-10-29T19:42:00.801-0700] {processor.py:840} INFO - DAG(s) 'example_branch_dop_operator_v3' retrieved from /opt/miniconda3/envs/airflow_env/lib/python3.11/site-packages/airflow/example_dags/example_branch_python_dop_operator_3.py
[2025-10-29T19:42:00.848-0700] {logging_mixin.py:188} INFO - [2025-10-29T19:42:00.848-0700] {dag.py:3089} INFO - Sync 1 DAGs
[2025-10-29T19:42:00.859-0700] {logging_mixin.py:188} INFO - [2025-10-29T19:42:00.859-0700] {dag.py:3947} INFO - Setting next_dagrun for example_branch_dop_operator_v3 to 2025-10-30 02:41:00+00:00, run_after=2025-10-30 02:42:00+00:00
[2025-10-29T19:42:00.870-0700] {processor.py:183} INFO - Processing /opt/miniconda3/envs/airflow_env/lib/python3.11/site-packages/airflow/example_dags/example_branch_python_dop_operator_3.py took 0.093 seconds
[2025-10-29T19:44:26.512-0700] {processor.py:161} INFO - Started process (PID=19114) to work on /opt/miniconda3/envs/airflow_env/lib/python3.11/site-packages/airflow/example_dags/example_branch_python_dop_operator_3.py
[2025-10-29T19:44:26.513-0700] {processor.py:830} INFO - Processing file /opt/miniconda3/envs/airflow_env/lib/python3.11/site-packages/airflow/example_dags/example_branch_python_dop_operator_3.py for tasks to queue
[2025-10-29T19:44:26.513-0700] {logging_mixin.py:188} INFO - [2025-10-29T19:44:26.513-0700] {dagbag.py:545} INFO - Filling up the DagBag from /opt/miniconda3/envs/airflow_env/lib/python3.11/site-packages/airflow/example_dags/example_branch_python_dop_operator_3.py
[2025-10-29T19:44:26.533-0700] {processor.py:840} INFO - DAG(s) 'example_branch_dop_operator_v3' retrieved from /opt/miniconda3/envs/airflow_env/lib/python3.11/site-packages/airflow/example_dags/example_branch_python_dop_operator_3.py
[2025-10-29T19:44:26.580-0700] {logging_mixin.py:188} INFO - [2025-10-29T19:44:26.580-0700] {dag.py:3089} INFO - Sync 1 DAGs
[2025-10-29T19:44:26.590-0700] {logging_mixin.py:188} INFO - [2025-10-29T19:44:26.590-0700] {dag.py:3947} INFO - Setting next_dagrun for example_branch_dop_operator_v3 to 2025-10-30 02:43:00+00:00, run_after=2025-10-30 02:44:00+00:00
[2025-10-29T19:44:26.601-0700] {processor.py:183} INFO - Processing /opt/miniconda3/envs/airflow_env/lib/python3.11/site-packages/airflow/example_dags/example_branch_python_dop_operator_3.py took 0.091 seconds
[2025-10-29T19:45:57.224-0700] {processor.py:161} INFO - Started process (PID=19622) to work on /opt/miniconda3/envs/airflow_env/lib/python3.11/site-packages/airflow/example_dags/example_branch_python_dop_operator_3.py
[2025-10-29T19:45:57.224-0700] {processor.py:830} INFO - Processing file /opt/miniconda3/envs/airflow_env/lib/python3.11/site-packages/airflow/example_dags/example_branch_python_dop_operator_3.py for tasks to queue
[2025-10-29T19:45:57.225-0700] {logging_mixin.py:188} INFO - [2025-10-29T19:45:57.225-0700] {dagbag.py:545} INFO - Filling up the DagBag from /opt/miniconda3/envs/airflow_env/lib/python3.11/site-packages/airflow/example_dags/example_branch_python_dop_operator_3.py
[2025-10-29T19:45:57.245-0700] {processor.py:840} INFO - DAG(s) 'example_branch_dop_operator_v3' retrieved from /opt/miniconda3/envs/airflow_env/lib/python3.11/site-packages/airflow/example_dags/example_branch_python_dop_operator_3.py
[2025-10-29T19:45:57.292-0700] {logging_mixin.py:188} INFO - [2025-10-29T19:45:57.292-0700] {dag.py:3089} INFO - Sync 1 DAGs
[2025-10-29T19:45:57.302-0700] {logging_mixin.py:188} INFO - [2025-10-29T19:45:57.302-0700] {dag.py:3947} INFO - Setting next_dagrun for example_branch_dop_operator_v3 to 2025-10-30 02:44:00+00:00, run_after=2025-10-30 02:45:00+00:00
[2025-10-29T19:45:57.313-0700] {processor.py:183} INFO - Processing /opt/miniconda3/envs/airflow_env/lib/python3.11/site-packages/airflow/example_dags/example_branch_python_dop_operator_3.py took 0.091 seconds
[2025-10-29T20:00:37.089-0700] {processor.py:161} INFO - Started process (PID=23178) to work on /opt/miniconda3/envs/airflow_env/lib/python3.11/site-packages/airflow/example_dags/example_branch_python_dop_operator_3.py
[2025-10-29T20:00:37.090-0700] {processor.py:830} INFO - Processing file /opt/miniconda3/envs/airflow_env/lib/python3.11/site-packages/airflow/example_dags/example_branch_python_dop_operator_3.py for tasks to queue
[2025-10-29T20:00:37.090-0700] {logging_mixin.py:188} INFO - [2025-10-29T20:00:37.090-0700] {dagbag.py:545} INFO - Filling up the DagBag from /opt/miniconda3/envs/airflow_env/lib/python3.11/site-packages/airflow/example_dags/example_branch_python_dop_operator_3.py
[2025-10-29T20:00:37.112-0700] {processor.py:840} INFO - DAG(s) 'example_branch_dop_operator_v3' retrieved from /opt/miniconda3/envs/airflow_env/lib/python3.11/site-packages/airflow/example_dags/example_branch_python_dop_operator_3.py
[2025-10-29T20:00:37.163-0700] {logging_mixin.py:188} INFO - [2025-10-29T20:00:37.163-0700] {dag.py:3089} INFO - Sync 1 DAGs
[2025-10-29T20:00:37.174-0700] {logging_mixin.py:188} INFO - [2025-10-29T20:00:37.174-0700] {dag.py:3947} INFO - Setting next_dagrun for example_branch_dop_operator_v3 to 2025-10-30 02:59:00+00:00, run_after=2025-10-30 03:00:00+00:00
[2025-10-29T20:00:37.185-0700] {processor.py:183} INFO - Processing /opt/miniconda3/envs/airflow_env/lib/python3.11/site-packages/airflow/example_dags/example_branch_python_dop_operator_3.py took 0.098 seconds
[2025-10-29T20:01:42.605-0700] {processor.py:161} INFO - Started process (PID=23558) to work on /opt/miniconda3/envs/airflow_env/lib/python3.11/site-packages/airflow/example_dags/example_branch_python_dop_operator_3.py
[2025-10-29T20:01:42.605-0700] {processor.py:830} INFO - Processing file /opt/miniconda3/envs/airflow_env/lib/python3.11/site-packages/airflow/example_dags/example_branch_python_dop_operator_3.py for tasks to queue
[2025-10-29T20:01:42.606-0700] {logging_mixin.py:188} INFO - [2025-10-29T20:01:42.606-0700] {dagbag.py:545} INFO - Filling up the DagBag from /opt/miniconda3/envs/airflow_env/lib/python3.11/site-packages/airflow/example_dags/example_branch_python_dop_operator_3.py
[2025-10-29T20:01:42.627-0700] {processor.py:840} INFO - DAG(s) 'example_branch_dop_operator_v3' retrieved from /opt/miniconda3/envs/airflow_env/lib/python3.11/site-packages/airflow/example_dags/example_branch_python_dop_operator_3.py
[2025-10-29T20:01:42.674-0700] {logging_mixin.py:188} INFO - [2025-10-29T20:01:42.674-0700] {dag.py:3089} INFO - Sync 1 DAGs
[2025-10-29T20:01:42.684-0700] {logging_mixin.py:188} INFO - [2025-10-29T20:01:42.684-0700] {dag.py:3947} INFO - Setting next_dagrun for example_branch_dop_operator_v3 to 2025-10-30 03:00:00+00:00, run_after=2025-10-30 03:01:00+00:00
[2025-10-29T20:01:42.695-0700] {processor.py:183} INFO - Processing /opt/miniconda3/envs/airflow_env/lib/python3.11/site-packages/airflow/example_dags/example_branch_python_dop_operator_3.py took 0.092 seconds
[2025-10-29T20:03:03.251-0700] {processor.py:161} INFO - Started process (PID=24009) to work on /opt/miniconda3/envs/airflow_env/lib/python3.11/site-packages/airflow/example_dags/example_branch_python_dop_operator_3.py
[2025-10-29T20:03:03.252-0700] {processor.py:830} INFO - Processing file /opt/miniconda3/envs/airflow_env/lib/python3.11/site-packages/airflow/example_dags/example_branch_python_dop_operator_3.py for tasks to queue
[2025-10-29T20:03:03.252-0700] {logging_mixin.py:188} INFO - [2025-10-29T20:03:03.252-0700] {dagbag.py:545} INFO - Filling up the DagBag from /opt/miniconda3/envs/airflow_env/lib/python3.11/site-packages/airflow/example_dags/example_branch_python_dop_operator_3.py
[2025-10-29T20:03:03.274-0700] {processor.py:840} INFO - DAG(s) 'example_branch_dop_operator_v3' retrieved from /opt/miniconda3/envs/airflow_env/lib/python3.11/site-packages/airflow/example_dags/example_branch_python_dop_operator_3.py
[2025-10-29T20:03:03.322-0700] {logging_mixin.py:188} INFO - [2025-10-29T20:03:03.322-0700] {dag.py:3089} INFO - Sync 1 DAGs
[2025-10-29T20:03:03.332-0700] {logging_mixin.py:188} INFO - [2025-10-29T20:03:03.332-0700] {dag.py:3947} INFO - Setting next_dagrun for example_branch_dop_operator_v3 to 2025-10-30 03:02:00+00:00, run_after=2025-10-30 03:03:00+00:00
[2025-10-29T20:03:03.343-0700] {processor.py:183} INFO - Processing /opt/miniconda3/envs/airflow_env/lib/python3.11/site-packages/airflow/example_dags/example_branch_python_dop_operator_3.py took 0.094 seconds
[2025-10-29T20:04:08.680-0700] {processor.py:161} INFO - Started process (PID=24386) to work on /opt/miniconda3/envs/airflow_env/lib/python3.11/site-packages/airflow/example_dags/example_branch_python_dop_operator_3.py
[2025-10-29T20:04:08.681-0700] {processor.py:830} INFO - Processing file /opt/miniconda3/envs/airflow_env/lib/python3.11/site-packages/airflow/example_dags/example_branch_python_dop_operator_3.py for tasks to queue
[2025-10-29T20:04:08.681-0700] {logging_mixin.py:188} INFO - [2025-10-29T20:04:08.681-0700] {dagbag.py:545} INFO - Filling up the DagBag from /opt/miniconda3/envs/airflow_env/lib/python3.11/site-packages/airflow/example_dags/example_branch_python_dop_operator_3.py
[2025-10-29T20:04:08.702-0700] {processor.py:840} INFO - DAG(s) 'example_branch_dop_operator_v3' retrieved from /opt/miniconda3/envs/airflow_env/lib/python3.11/site-packages/airflow/example_dags/example_branch_python_dop_operator_3.py
[2025-10-29T20:04:08.750-0700] {logging_mixin.py:188} INFO - [2025-10-29T20:04:08.750-0700] {dag.py:3089} INFO - Sync 1 DAGs
[2025-10-29T20:04:08.760-0700] {logging_mixin.py:188} INFO - [2025-10-29T20:04:08.760-0700] {dag.py:3947} INFO - Setting next_dagrun for example_branch_dop_operator_v3 to 2025-10-30 03:03:00+00:00, run_after=2025-10-30 03:04:00+00:00
[2025-10-29T20:04:08.771-0700] {processor.py:183} INFO - Processing /opt/miniconda3/envs/airflow_env/lib/python3.11/site-packages/airflow/example_dags/example_branch_python_dop_operator_3.py took 0.093 seconds
[2025-10-29T20:05:23.916-0700] {processor.py:161} INFO - Started process (PID=24823) to work on /opt/miniconda3/envs/airflow_env/lib/python3.11/site-packages/airflow/example_dags/example_branch_python_dop_operator_3.py
[2025-10-29T20:05:23.918-0700] {processor.py:830} INFO - Processing file /opt/miniconda3/envs/airflow_env/lib/python3.11/site-packages/airflow/example_dags/example_branch_python_dop_operator_3.py for tasks to queue
[2025-10-29T20:05:23.918-0700] {logging_mixin.py:188} INFO - [2025-10-29T20:05:23.918-0700] {dagbag.py:545} INFO - Filling up the DagBag from /opt/miniconda3/envs/airflow_env/lib/python3.11/site-packages/airflow/example_dags/example_branch_python_dop_operator_3.py
[2025-10-29T20:05:23.939-0700] {processor.py:840} INFO - DAG(s) 'example_branch_dop_operator_v3' retrieved from /opt/miniconda3/envs/airflow_env/lib/python3.11/site-packages/airflow/example_dags/example_branch_python_dop_operator_3.py
[2025-10-29T20:05:23.987-0700] {logging_mixin.py:188} INFO - [2025-10-29T20:05:23.987-0700] {dag.py:3089} INFO - Sync 1 DAGs
[2025-10-29T20:05:23.997-0700] {logging_mixin.py:188} INFO - [2025-10-29T20:05:23.997-0700] {dag.py:3947} INFO - Setting next_dagrun for example_branch_dop_operator_v3 to 2025-10-30 03:04:00+00:00, run_after=2025-10-30 03:05:00+00:00
[2025-10-29T20:05:24.008-0700] {processor.py:183} INFO - Processing /opt/miniconda3/envs/airflow_env/lib/python3.11/site-packages/airflow/example_dags/example_branch_python_dop_operator_3.py took 0.094 seconds
[2025-10-29T20:06:37.032-0700] {processor.py:161} INFO - Started process (PID=25230) to work on /opt/miniconda3/envs/airflow_env/lib/python3.11/site-packages/airflow/example_dags/example_branch_python_dop_operator_3.py
[2025-10-29T20:06:37.032-0700] {processor.py:830} INFO - Processing file /opt/miniconda3/envs/airflow_env/lib/python3.11/site-packages/airflow/example_dags/example_branch_python_dop_operator_3.py for tasks to queue
[2025-10-29T20:06:37.033-0700] {logging_mixin.py:188} INFO - [2025-10-29T20:06:37.033-0700] {dagbag.py:545} INFO - Filling up the DagBag from /opt/miniconda3/envs/airflow_env/lib/python3.11/site-packages/airflow/example_dags/example_branch_python_dop_operator_3.py
[2025-10-29T20:06:37.053-0700] {processor.py:840} INFO - DAG(s) 'example_branch_dop_operator_v3' retrieved from /opt/miniconda3/envs/airflow_env/lib/python3.11/site-packages/airflow/example_dags/example_branch_python_dop_operator_3.py
[2025-10-29T20:06:37.100-0700] {logging_mixin.py:188} INFO - [2025-10-29T20:06:37.100-0700] {dag.py:3089} INFO - Sync 1 DAGs
[2025-10-29T20:06:37.110-0700] {logging_mixin.py:188} INFO - [2025-10-29T20:06:37.110-0700] {dag.py:3947} INFO - Setting next_dagrun for example_branch_dop_operator_v3 to 2025-10-30 03:05:00+00:00, run_after=2025-10-30 03:06:00+00:00
[2025-10-29T20:06:37.121-0700] {processor.py:183} INFO - Processing /opt/miniconda3/envs/airflow_env/lib/python3.11/site-packages/airflow/example_dags/example_branch_python_dop_operator_3.py took 0.091 seconds
[2025-10-29T20:07:51.670-0700] {processor.py:161} INFO - Started process (PID=25660) to work on /opt/miniconda3/envs/airflow_env/lib/python3.11/site-packages/airflow/example_dags/example_branch_python_dop_operator_3.py
[2025-10-29T20:07:51.671-0700] {processor.py:830} INFO - Processing file /opt/miniconda3/envs/airflow_env/lib/python3.11/site-packages/airflow/example_dags/example_branch_python_dop_operator_3.py for tasks to queue
[2025-10-29T20:07:51.672-0700] {logging_mixin.py:188} INFO - [2025-10-29T20:07:51.671-0700] {dagbag.py:545} INFO - Filling up the DagBag from /opt/miniconda3/envs/airflow_env/lib/python3.11/site-packages/airflow/example_dags/example_branch_python_dop_operator_3.py
[2025-10-29T20:07:51.698-0700] {processor.py:840} INFO - DAG(s) 'example_branch_dop_operator_v3' retrieved from /opt/miniconda3/envs/airflow_env/lib/python3.11/site-packages/airflow/example_dags/example_branch_python_dop_operator_3.py
[2025-10-29T20:07:51.756-0700] {logging_mixin.py:188} INFO - [2025-10-29T20:07:51.756-0700] {dag.py:3089} INFO - Sync 1 DAGs
[2025-10-29T20:07:51.768-0700] {logging_mixin.py:188} INFO - [2025-10-29T20:07:51.768-0700] {dag.py:3947} INFO - Setting next_dagrun for example_branch_dop_operator_v3 to 2025-10-30 03:06:00+00:00, run_after=2025-10-30 03:07:00+00:00
[2025-10-29T20:07:51.781-0700] {processor.py:183} INFO - Processing /opt/miniconda3/envs/airflow_env/lib/python3.11/site-packages/airflow/example_dags/example_branch_python_dop_operator_3.py took 0.113 seconds
[2025-10-29T20:09:01.094-0700] {processor.py:161} INFO - Started process (PID=26040) to work on /opt/miniconda3/envs/airflow_env/lib/python3.11/site-packages/airflow/example_dags/example_branch_python_dop_operator_3.py
[2025-10-29T20:09:01.095-0700] {processor.py:830} INFO - Processing file /opt/miniconda3/envs/airflow_env/lib/python3.11/site-packages/airflow/example_dags/example_branch_python_dop_operator_3.py for tasks to queue
[2025-10-29T20:09:01.095-0700] {logging_mixin.py:188} INFO - [2025-10-29T20:09:01.095-0700] {dagbag.py:545} INFO - Filling up the DagBag from /opt/miniconda3/envs/airflow_env/lib/python3.11/site-packages/airflow/example_dags/example_branch_python_dop_operator_3.py
[2025-10-29T20:09:01.116-0700] {processor.py:840} INFO - DAG(s) 'example_branch_dop_operator_v3' retrieved from /opt/miniconda3/envs/airflow_env/lib/python3.11/site-packages/airflow/example_dags/example_branch_python_dop_operator_3.py
[2025-10-29T20:09:01.164-0700] {logging_mixin.py:188} INFO - [2025-10-29T20:09:01.163-0700] {dag.py:3089} INFO - Sync 1 DAGs
[2025-10-29T20:09:01.174-0700] {logging_mixin.py:188} INFO - [2025-10-29T20:09:01.174-0700] {dag.py:3947} INFO - Setting next_dagrun for example_branch_dop_operator_v3 to 2025-10-30 03:08:00+00:00, run_after=2025-10-30 03:09:00+00:00
[2025-10-29T20:09:01.185-0700] {processor.py:183} INFO - Processing /opt/miniconda3/envs/airflow_env/lib/python3.11/site-packages/airflow/example_dags/example_branch_python_dop_operator_3.py took 0.093 seconds
[2025-10-29T20:10:21.522-0700] {processor.py:161} INFO - Started process (PID=26259) to work on /opt/miniconda3/envs/airflow_env/lib/python3.11/site-packages/airflow/example_dags/example_branch_python_dop_operator_3.py
[2025-10-29T20:10:21.523-0700] {processor.py:830} INFO - Processing file /opt/miniconda3/envs/airflow_env/lib/python3.11/site-packages/airflow/example_dags/example_branch_python_dop_operator_3.py for tasks to queue
[2025-10-29T20:10:21.523-0700] {logging_mixin.py:188} INFO - [2025-10-29T20:10:21.523-0700] {dagbag.py:545} INFO - Filling up the DagBag from /opt/miniconda3/envs/airflow_env/lib/python3.11/site-packages/airflow/example_dags/example_branch_python_dop_operator_3.py
[2025-10-29T20:10:21.544-0700] {processor.py:840} INFO - DAG(s) 'example_branch_dop_operator_v3' retrieved from /opt/miniconda3/envs/airflow_env/lib/python3.11/site-packages/airflow/example_dags/example_branch_python_dop_operator_3.py
[2025-10-29T20:10:21.591-0700] {logging_mixin.py:188} INFO - [2025-10-29T20:10:21.590-0700] {dag.py:3089} INFO - Sync 1 DAGs
[2025-10-29T20:10:21.601-0700] {logging_mixin.py:188} INFO - [2025-10-29T20:10:21.600-0700] {dag.py:3947} INFO - Setting next_dagrun for example_branch_dop_operator_v3 to 2025-10-30 03:09:00+00:00, run_after=2025-10-30 03:10:00+00:00
[2025-10-29T20:10:21.611-0700] {processor.py:183} INFO - Processing /opt/miniconda3/envs/airflow_env/lib/python3.11/site-packages/airflow/example_dags/example_branch_python_dop_operator_3.py took 0.091 seconds
[2025-10-29T20:11:31.913-0700] {processor.py:161} INFO - Started process (PID=26487) to work on /opt/miniconda3/envs/airflow_env/lib/python3.11/site-packages/airflow/example_dags/example_branch_python_dop_operator_3.py
[2025-10-29T20:11:31.914-0700] {processor.py:830} INFO - Processing file /opt/miniconda3/envs/airflow_env/lib/python3.11/site-packages/airflow/example_dags/example_branch_python_dop_operator_3.py for tasks to queue
[2025-10-29T20:11:31.915-0700] {logging_mixin.py:188} INFO - [2025-10-29T20:11:31.915-0700] {dagbag.py:545} INFO - Filling up the DagBag from /opt/miniconda3/envs/airflow_env/lib/python3.11/site-packages/airflow/example_dags/example_branch_python_dop_operator_3.py
[2025-10-29T20:11:31.935-0700] {processor.py:840} INFO - DAG(s) 'example_branch_dop_operator_v3' retrieved from /opt/miniconda3/envs/airflow_env/lib/python3.11/site-packages/airflow/example_dags/example_branch_python_dop_operator_3.py
[2025-10-29T20:11:31.982-0700] {logging_mixin.py:188} INFO - [2025-10-29T20:11:31.981-0700] {dag.py:3089} INFO - Sync 1 DAGs
[2025-10-29T20:11:31.992-0700] {logging_mixin.py:188} INFO - [2025-10-29T20:11:31.991-0700] {dag.py:3947} INFO - Setting next_dagrun for example_branch_dop_operator_v3 to 2025-10-30 03:10:00+00:00, run_after=2025-10-30 03:11:00+00:00
[2025-10-29T20:11:32.002-0700] {processor.py:183} INFO - Processing /opt/miniconda3/envs/airflow_env/lib/python3.11/site-packages/airflow/example_dags/example_branch_python_dop_operator_3.py took 0.091 seconds
[2025-10-29T20:12:58.772-0700] {processor.py:161} INFO - Started process (PID=26786) to work on /opt/miniconda3/envs/airflow_env/lib/python3.11/site-packages/airflow/example_dags/example_branch_python_dop_operator_3.py
[2025-10-29T20:12:58.773-0700] {processor.py:830} INFO - Processing file /opt/miniconda3/envs/airflow_env/lib/python3.11/site-packages/airflow/example_dags/example_branch_python_dop_operator_3.py for tasks to queue
[2025-10-29T20:12:58.773-0700] {logging_mixin.py:188} INFO - [2025-10-29T20:12:58.773-0700] {dagbag.py:545} INFO - Filling up the DagBag from /opt/miniconda3/envs/airflow_env/lib/python3.11/site-packages/airflow/example_dags/example_branch_python_dop_operator_3.py
[2025-10-29T20:12:58.802-0700] {processor.py:840} INFO - DAG(s) 'example_branch_dop_operator_v3' retrieved from /opt/miniconda3/envs/airflow_env/lib/python3.11/site-packages/airflow/example_dags/example_branch_python_dop_operator_3.py
[2025-10-29T20:12:58.866-0700] {logging_mixin.py:188} INFO - [2025-10-29T20:12:58.866-0700] {dag.py:3089} INFO - Sync 1 DAGs
[2025-10-29T20:12:58.879-0700] {logging_mixin.py:188} INFO - [2025-10-29T20:12:58.879-0700] {dag.py:3947} INFO - Setting next_dagrun for example_branch_dop_operator_v3 to 2025-10-30 03:11:00+00:00, run_after=2025-10-30 03:12:00+00:00
[2025-10-29T20:12:58.893-0700] {processor.py:183} INFO - Processing /opt/miniconda3/envs/airflow_env/lib/python3.11/site-packages/airflow/example_dags/example_branch_python_dop_operator_3.py took 0.124 seconds
[2025-10-29T20:13:05.210-0700] {processor.py:161} INFO - Started process (PID=26808) to work on /opt/miniconda3/envs/airflow_env/lib/python3.11/site-packages/airflow/example_dags/example_branch_python_dop_operator_3.py
[2025-10-29T20:13:05.211-0700] {processor.py:830} INFO - Processing file /opt/miniconda3/envs/airflow_env/lib/python3.11/site-packages/airflow/example_dags/example_branch_python_dop_operator_3.py for tasks to queue
[2025-10-29T20:13:05.212-0700] {logging_mixin.py:188} INFO - [2025-10-29T20:13:05.212-0700] {dagbag.py:545} INFO - Filling up the DagBag from /opt/miniconda3/envs/airflow_env/lib/python3.11/site-packages/airflow/example_dags/example_branch_python_dop_operator_3.py
[2025-10-29T20:13:05.246-0700] {processor.py:840} INFO - DAG(s) 'example_branch_dop_operator_v3' retrieved from /opt/miniconda3/envs/airflow_env/lib/python3.11/site-packages/airflow/example_dags/example_branch_python_dop_operator_3.py
[2025-10-29T20:13:05.323-0700] {logging_mixin.py:188} INFO - [2025-10-29T20:13:05.323-0700] {dag.py:3089} INFO - Sync 1 DAGs
[2025-10-29T20:13:05.339-0700] {logging_mixin.py:188} INFO - [2025-10-29T20:13:05.339-0700] {dag.py:3947} INFO - Setting next_dagrun for example_branch_dop_operator_v3 to 2025-10-30 03:12:00+00:00, run_after=2025-10-30 03:13:00+00:00
[2025-10-29T20:13:05.358-0700] {processor.py:183} INFO - Processing /opt/miniconda3/envs/airflow_env/lib/python3.11/site-packages/airflow/example_dags/example_branch_python_dop_operator_3.py took 0.151 seconds
[2025-10-29T20:14:16.824-0700] {processor.py:161} INFO - Started process (PID=27061) to work on /opt/miniconda3/envs/airflow_env/lib/python3.11/site-packages/airflow/example_dags/example_branch_python_dop_operator_3.py
[2025-10-29T20:14:16.825-0700] {processor.py:830} INFO - Processing file /opt/miniconda3/envs/airflow_env/lib/python3.11/site-packages/airflow/example_dags/example_branch_python_dop_operator_3.py for tasks to queue
[2025-10-29T20:14:16.825-0700] {logging_mixin.py:188} INFO - [2025-10-29T20:14:16.825-0700] {dagbag.py:545} INFO - Filling up the DagBag from /opt/miniconda3/envs/airflow_env/lib/python3.11/site-packages/airflow/example_dags/example_branch_python_dop_operator_3.py
[2025-10-29T20:14:16.860-0700] {processor.py:840} INFO - DAG(s) 'example_branch_dop_operator_v3' retrieved from /opt/miniconda3/envs/airflow_env/lib/python3.11/site-packages/airflow/example_dags/example_branch_python_dop_operator_3.py
[2025-10-29T20:14:16.938-0700] {logging_mixin.py:188} INFO - [2025-10-29T20:14:16.938-0700] {dag.py:3089} INFO - Sync 1 DAGs
[2025-10-29T20:14:16.955-0700] {logging_mixin.py:188} INFO - [2025-10-29T20:14:16.955-0700] {dag.py:3947} INFO - Setting next_dagrun for example_branch_dop_operator_v3 to 2025-10-30 03:13:00+00:00, run_after=2025-10-30 03:14:00+00:00
[2025-10-29T20:14:16.973-0700] {processor.py:183} INFO - Processing /opt/miniconda3/envs/airflow_env/lib/python3.11/site-packages/airflow/example_dags/example_branch_python_dop_operator_3.py took 0.152 seconds
[2025-10-29T20:15:49.012-0700] {processor.py:161} INFO - Started process (PID=27364) to work on /opt/miniconda3/envs/airflow_env/lib/python3.11/site-packages/airflow/example_dags/example_branch_python_dop_operator_3.py
[2025-10-29T20:15:49.013-0700] {processor.py:830} INFO - Processing file /opt/miniconda3/envs/airflow_env/lib/python3.11/site-packages/airflow/example_dags/example_branch_python_dop_operator_3.py for tasks to queue
[2025-10-29T20:15:49.013-0700] {logging_mixin.py:188} INFO - [2025-10-29T20:15:49.013-0700] {dagbag.py:545} INFO - Filling up the DagBag from /opt/miniconda3/envs/airflow_env/lib/python3.11/site-packages/airflow/example_dags/example_branch_python_dop_operator_3.py
[2025-10-29T20:15:49.034-0700] {processor.py:840} INFO - DAG(s) 'example_branch_dop_operator_v3' retrieved from /opt/miniconda3/envs/airflow_env/lib/python3.11/site-packages/airflow/example_dags/example_branch_python_dop_operator_3.py
[2025-10-29T20:15:49.083-0700] {logging_mixin.py:188} INFO - [2025-10-29T20:15:49.083-0700] {dag.py:3089} INFO - Sync 1 DAGs
[2025-10-29T20:15:49.094-0700] {logging_mixin.py:188} INFO - [2025-10-29T20:15:49.094-0700] {dag.py:3947} INFO - Setting next_dagrun for example_branch_dop_operator_v3 to 2025-10-30 03:14:00+00:00, run_after=2025-10-30 03:15:00+00:00
[2025-10-29T20:15:49.105-0700] {processor.py:183} INFO - Processing /opt/miniconda3/envs/airflow_env/lib/python3.11/site-packages/airflow/example_dags/example_branch_python_dop_operator_3.py took 0.095 seconds
[2025-10-29T20:15:52.527-0700] {processor.py:161} INFO - Started process (PID=27376) to work on /opt/miniconda3/envs/airflow_env/lib/python3.11/site-packages/airflow/example_dags/example_branch_python_dop_operator_3.py
[2025-10-29T20:15:52.528-0700] {processor.py:830} INFO - Processing file /opt/miniconda3/envs/airflow_env/lib/python3.11/site-packages/airflow/example_dags/example_branch_python_dop_operator_3.py for tasks to queue
[2025-10-29T20:15:52.529-0700] {logging_mixin.py:188} INFO - [2025-10-29T20:15:52.529-0700] {dagbag.py:545} INFO - Filling up the DagBag from /opt/miniconda3/envs/airflow_env/lib/python3.11/site-packages/airflow/example_dags/example_branch_python_dop_operator_3.py
[2025-10-29T20:15:52.562-0700] {processor.py:840} INFO - DAG(s) 'example_branch_dop_operator_v3' retrieved from /opt/miniconda3/envs/airflow_env/lib/python3.11/site-packages/airflow/example_dags/example_branch_python_dop_operator_3.py
[2025-10-29T20:15:52.640-0700] {logging_mixin.py:188} INFO - [2025-10-29T20:15:52.640-0700] {dag.py:3089} INFO - Sync 1 DAGs
[2025-10-29T20:15:52.656-0700] {logging_mixin.py:188} INFO - [2025-10-29T20:15:52.656-0700] {dag.py:3947} INFO - Setting next_dagrun for example_branch_dop_operator_v3 to 2025-10-30 03:14:00+00:00, run_after=2025-10-30 03:15:00+00:00
[2025-10-29T20:15:52.673-0700] {processor.py:183} INFO - Processing /opt/miniconda3/envs/airflow_env/lib/python3.11/site-packages/airflow/example_dags/example_branch_python_dop_operator_3.py took 0.149 seconds
[2025-10-29T20:17:14.834-0700] {processor.py:161} INFO - Started process (PID=27657) to work on /opt/miniconda3/envs/airflow_env/lib/python3.11/site-packages/airflow/example_dags/example_branch_python_dop_operator_3.py
[2025-10-29T20:17:14.836-0700] {processor.py:830} INFO - Processing file /opt/miniconda3/envs/airflow_env/lib/python3.11/site-packages/airflow/example_dags/example_branch_python_dop_operator_3.py for tasks to queue
[2025-10-29T20:17:14.837-0700] {logging_mixin.py:188} INFO - [2025-10-29T20:17:14.837-0700] {dagbag.py:545} INFO - Filling up the DagBag from /opt/miniconda3/envs/airflow_env/lib/python3.11/site-packages/airflow/example_dags/example_branch_python_dop_operator_3.py
[2025-10-29T20:17:14.875-0700] {processor.py:840} INFO - DAG(s) 'example_branch_dop_operator_v3' retrieved from /opt/miniconda3/envs/airflow_env/lib/python3.11/site-packages/airflow/example_dags/example_branch_python_dop_operator_3.py
[2025-10-29T20:17:14.955-0700] {logging_mixin.py:188} INFO - [2025-10-29T20:17:14.955-0700] {dag.py:3089} INFO - Sync 1 DAGs
[2025-10-29T20:17:14.970-0700] {logging_mixin.py:188} INFO - [2025-10-29T20:17:14.970-0700] {dag.py:3947} INFO - Setting next_dagrun for example_branch_dop_operator_v3 to 2025-10-30 03:16:00+00:00, run_after=2025-10-30 03:17:00+00:00
[2025-10-29T20:17:14.988-0700] {processor.py:183} INFO - Processing /opt/miniconda3/envs/airflow_env/lib/python3.11/site-packages/airflow/example_dags/example_branch_python_dop_operator_3.py took 0.158 seconds
[2025-10-29T20:18:49.696-0700] {processor.py:161} INFO - Started process (PID=27967) to work on /opt/miniconda3/envs/airflow_env/lib/python3.11/site-packages/airflow/example_dags/example_branch_python_dop_operator_3.py
[2025-10-29T20:18:49.697-0700] {processor.py:830} INFO - Processing file /opt/miniconda3/envs/airflow_env/lib/python3.11/site-packages/airflow/example_dags/example_branch_python_dop_operator_3.py for tasks to queue
[2025-10-29T20:18:49.697-0700] {logging_mixin.py:188} INFO - [2025-10-29T20:18:49.697-0700] {dagbag.py:545} INFO - Filling up the DagBag from /opt/miniconda3/envs/airflow_env/lib/python3.11/site-packages/airflow/example_dags/example_branch_python_dop_operator_3.py
[2025-10-29T20:18:49.723-0700] {processor.py:840} INFO - DAG(s) 'example_branch_dop_operator_v3' retrieved from /opt/miniconda3/envs/airflow_env/lib/python3.11/site-packages/airflow/example_dags/example_branch_python_dop_operator_3.py
[2025-10-29T20:18:49.778-0700] {logging_mixin.py:188} INFO - [2025-10-29T20:18:49.777-0700] {dag.py:3089} INFO - Sync 1 DAGs
[2025-10-29T20:18:49.790-0700] {logging_mixin.py:188} INFO - [2025-10-29T20:18:49.790-0700] {dag.py:3947} INFO - Setting next_dagrun for example_branch_dop_operator_v3 to 2025-10-30 03:17:00+00:00, run_after=2025-10-30 03:18:00+00:00
[2025-10-29T20:18:49.803-0700] {processor.py:183} INFO - Processing /opt/miniconda3/envs/airflow_env/lib/python3.11/site-packages/airflow/example_dags/example_branch_python_dop_operator_3.py took 0.109 seconds
[2025-10-29T20:18:53.375-0700] {processor.py:161} INFO - Started process (PID=27978) to work on /opt/miniconda3/envs/airflow_env/lib/python3.11/site-packages/airflow/example_dags/example_branch_python_dop_operator_3.py
[2025-10-29T20:18:53.376-0700] {processor.py:830} INFO - Processing file /opt/miniconda3/envs/airflow_env/lib/python3.11/site-packages/airflow/example_dags/example_branch_python_dop_operator_3.py for tasks to queue
[2025-10-29T20:18:53.376-0700] {logging_mixin.py:188} INFO - [2025-10-29T20:18:53.376-0700] {dagbag.py:545} INFO - Filling up the DagBag from /opt/miniconda3/envs/airflow_env/lib/python3.11/site-packages/airflow/example_dags/example_branch_python_dop_operator_3.py
[2025-10-29T20:18:53.410-0700] {processor.py:840} INFO - DAG(s) 'example_branch_dop_operator_v3' retrieved from /opt/miniconda3/envs/airflow_env/lib/python3.11/site-packages/airflow/example_dags/example_branch_python_dop_operator_3.py
[2025-10-29T20:18:53.474-0700] {logging_mixin.py:188} INFO - [2025-10-29T20:18:53.474-0700] {dag.py:3089} INFO - Sync 1 DAGs
[2025-10-29T20:18:53.488-0700] {logging_mixin.py:188} INFO - [2025-10-29T20:18:53.488-0700] {dag.py:3947} INFO - Setting next_dagrun for example_branch_dop_operator_v3 to 2025-10-30 03:17:00+00:00, run_after=2025-10-30 03:18:00+00:00
[2025-10-29T20:18:53.502-0700] {processor.py:183} INFO - Processing /opt/miniconda3/envs/airflow_env/lib/python3.11/site-packages/airflow/example_dags/example_branch_python_dop_operator_3.py took 0.131 seconds
[2025-10-29T20:20:13.176-0700] {processor.py:161} INFO - Started process (PID=28231) to work on /opt/miniconda3/envs/airflow_env/lib/python3.11/site-packages/airflow/example_dags/example_branch_python_dop_operator_3.py
[2025-10-29T20:20:13.176-0700] {processor.py:830} INFO - Processing file /opt/miniconda3/envs/airflow_env/lib/python3.11/site-packages/airflow/example_dags/example_branch_python_dop_operator_3.py for tasks to queue
[2025-10-29T20:20:13.177-0700] {logging_mixin.py:188} INFO - [2025-10-29T20:20:13.176-0700] {dagbag.py:545} INFO - Filling up the DagBag from /opt/miniconda3/envs/airflow_env/lib/python3.11/site-packages/airflow/example_dags/example_branch_python_dop_operator_3.py
[2025-10-29T20:20:13.197-0700] {processor.py:840} INFO - DAG(s) 'example_branch_dop_operator_v3' retrieved from /opt/miniconda3/envs/airflow_env/lib/python3.11/site-packages/airflow/example_dags/example_branch_python_dop_operator_3.py
[2025-10-29T20:20:13.245-0700] {logging_mixin.py:188} INFO - [2025-10-29T20:20:13.245-0700] {dag.py:3089} INFO - Sync 1 DAGs
[2025-10-29T20:20:13.256-0700] {logging_mixin.py:188} INFO - [2025-10-29T20:20:13.256-0700] {dag.py:3947} INFO - Setting next_dagrun for example_branch_dop_operator_v3 to 2025-10-30 03:19:00+00:00, run_after=2025-10-30 03:20:00+00:00
[2025-10-29T20:20:13.267-0700] {processor.py:183} INFO - Processing /opt/miniconda3/envs/airflow_env/lib/python3.11/site-packages/airflow/example_dags/example_branch_python_dop_operator_3.py took 0.093 seconds
[2025-10-29T20:21:58.256-0700] {processor.py:161} INFO - Started process (PID=28594) to work on /opt/miniconda3/envs/airflow_env/lib/python3.11/site-packages/airflow/example_dags/example_branch_python_dop_operator_3.py
[2025-10-29T20:21:58.257-0700] {processor.py:830} INFO - Processing file /opt/miniconda3/envs/airflow_env/lib/python3.11/site-packages/airflow/example_dags/example_branch_python_dop_operator_3.py for tasks to queue
[2025-10-29T20:21:58.257-0700] {logging_mixin.py:188} INFO - [2025-10-29T20:21:58.257-0700] {dagbag.py:545} INFO - Filling up the DagBag from /opt/miniconda3/envs/airflow_env/lib/python3.11/site-packages/airflow/example_dags/example_branch_python_dop_operator_3.py
[2025-10-29T20:21:58.287-0700] {processor.py:840} INFO - DAG(s) 'example_branch_dop_operator_v3' retrieved from /opt/miniconda3/envs/airflow_env/lib/python3.11/site-packages/airflow/example_dags/example_branch_python_dop_operator_3.py
[2025-10-29T20:21:58.352-0700] {logging_mixin.py:188} INFO - [2025-10-29T20:21:58.352-0700] {dag.py:3089} INFO - Sync 1 DAGs
[2025-10-29T20:21:58.367-0700] {logging_mixin.py:188} INFO - [2025-10-29T20:21:58.366-0700] {dag.py:3947} INFO - Setting next_dagrun for example_branch_dop_operator_v3 to 2025-10-30 03:20:00+00:00, run_after=2025-10-30 03:21:00+00:00
[2025-10-29T20:21:58.381-0700] {processor.py:183} INFO - Processing /opt/miniconda3/envs/airflow_env/lib/python3.11/site-packages/airflow/example_dags/example_branch_python_dop_operator_3.py took 0.128 seconds
[2025-10-29T20:22:06.059-0700] {processor.py:161} INFO - Started process (PID=28620) to work on /opt/miniconda3/envs/airflow_env/lib/python3.11/site-packages/airflow/example_dags/example_branch_python_dop_operator_3.py
[2025-10-29T20:22:06.059-0700] {processor.py:830} INFO - Processing file /opt/miniconda3/envs/airflow_env/lib/python3.11/site-packages/airflow/example_dags/example_branch_python_dop_operator_3.py for tasks to queue
[2025-10-29T20:22:06.060-0700] {logging_mixin.py:188} INFO - [2025-10-29T20:22:06.060-0700] {dagbag.py:545} INFO - Filling up the DagBag from /opt/miniconda3/envs/airflow_env/lib/python3.11/site-packages/airflow/example_dags/example_branch_python_dop_operator_3.py
[2025-10-29T20:22:06.088-0700] {processor.py:840} INFO - DAG(s) 'example_branch_dop_operator_v3' retrieved from /opt/miniconda3/envs/airflow_env/lib/python3.11/site-packages/airflow/example_dags/example_branch_python_dop_operator_3.py
[2025-10-29T20:22:06.156-0700] {logging_mixin.py:188} INFO - [2025-10-29T20:22:06.155-0700] {dag.py:3089} INFO - Sync 1 DAGs
[2025-10-29T20:22:06.171-0700] {logging_mixin.py:188} INFO - [2025-10-29T20:22:06.170-0700] {dag.py:3947} INFO - Setting next_dagrun for example_branch_dop_operator_v3 to 2025-10-30 03:21:00+00:00, run_after=2025-10-30 03:22:00+00:00
[2025-10-29T20:22:06.186-0700] {processor.py:183} INFO - Processing /opt/miniconda3/envs/airflow_env/lib/python3.11/site-packages/airflow/example_dags/example_branch_python_dop_operator_3.py took 0.130 seconds
[2025-10-29T20:23:27.778-0700] {processor.py:161} INFO - Started process (PID=28911) to work on /opt/miniconda3/envs/airflow_env/lib/python3.11/site-packages/airflow/example_dags/example_branch_python_dop_operator_3.py
[2025-10-29T20:23:27.780-0700] {processor.py:830} INFO - Processing file /opt/miniconda3/envs/airflow_env/lib/python3.11/site-packages/airflow/example_dags/example_branch_python_dop_operator_3.py for tasks to queue
[2025-10-29T20:23:27.781-0700] {logging_mixin.py:188} INFO - [2025-10-29T20:23:27.781-0700] {dagbag.py:545} INFO - Filling up the DagBag from /opt/miniconda3/envs/airflow_env/lib/python3.11/site-packages/airflow/example_dags/example_branch_python_dop_operator_3.py
[2025-10-29T20:23:27.823-0700] {processor.py:840} INFO - DAG(s) 'example_branch_dop_operator_v3' retrieved from /opt/miniconda3/envs/airflow_env/lib/python3.11/site-packages/airflow/example_dags/example_branch_python_dop_operator_3.py
[2025-10-29T20:23:27.914-0700] {logging_mixin.py:188} INFO - [2025-10-29T20:23:27.913-0700] {dag.py:3089} INFO - Sync 1 DAGs
[2025-10-29T20:23:27.932-0700] {logging_mixin.py:188} INFO - [2025-10-29T20:23:27.932-0700] {dag.py:3947} INFO - Setting next_dagrun for example_branch_dop_operator_v3 to 2025-10-30 03:22:00+00:00, run_after=2025-10-30 03:23:00+00:00
[2025-10-29T20:23:27.954-0700] {processor.py:183} INFO - Processing /opt/miniconda3/envs/airflow_env/lib/python3.11/site-packages/airflow/example_dags/example_branch_python_dop_operator_3.py took 0.180 seconds
[2025-10-29T20:25:17.628-0700] {processor.py:161} INFO - Started process (PID=29270) to work on /opt/miniconda3/envs/airflow_env/lib/python3.11/site-packages/airflow/example_dags/example_branch_python_dop_operator_3.py
[2025-10-29T20:25:17.628-0700] {processor.py:830} INFO - Processing file /opt/miniconda3/envs/airflow_env/lib/python3.11/site-packages/airflow/example_dags/example_branch_python_dop_operator_3.py for tasks to queue
[2025-10-29T20:25:17.629-0700] {logging_mixin.py:188} INFO - [2025-10-29T20:25:17.629-0700] {dagbag.py:545} INFO - Filling up the DagBag from /opt/miniconda3/envs/airflow_env/lib/python3.11/site-packages/airflow/example_dags/example_branch_python_dop_operator_3.py
[2025-10-29T20:25:17.652-0700] {processor.py:840} INFO - DAG(s) 'example_branch_dop_operator_v3' retrieved from /opt/miniconda3/envs/airflow_env/lib/python3.11/site-packages/airflow/example_dags/example_branch_python_dop_operator_3.py
[2025-10-29T20:25:17.706-0700] {logging_mixin.py:188} INFO - [2025-10-29T20:25:17.706-0700] {dag.py:3089} INFO - Sync 1 DAGs
[2025-10-29T20:25:17.718-0700] {logging_mixin.py:188} INFO - [2025-10-29T20:25:17.717-0700] {dag.py:3947} INFO - Setting next_dagrun for example_branch_dop_operator_v3 to 2025-10-30 03:24:00+00:00, run_after=2025-10-30 03:25:00+00:00
[2025-10-29T20:25:17.730-0700] {processor.py:183} INFO - Processing /opt/miniconda3/envs/airflow_env/lib/python3.11/site-packages/airflow/example_dags/example_branch_python_dop_operator_3.py took 0.104 seconds
[2025-10-29T20:25:18.986-0700] {processor.py:161} INFO - Started process (PID=29274) to work on /opt/miniconda3/envs/airflow_env/lib/python3.11/site-packages/airflow/example_dags/example_branch_python_dop_operator_3.py
[2025-10-29T20:25:18.986-0700] {processor.py:830} INFO - Processing file /opt/miniconda3/envs/airflow_env/lib/python3.11/site-packages/airflow/example_dags/example_branch_python_dop_operator_3.py for tasks to queue
[2025-10-29T20:25:18.987-0700] {logging_mixin.py:188} INFO - [2025-10-29T20:25:18.987-0700] {dagbag.py:545} INFO - Filling up the DagBag from /opt/miniconda3/envs/airflow_env/lib/python3.11/site-packages/airflow/example_dags/example_branch_python_dop_operator_3.py
[2025-10-29T20:25:19.011-0700] {processor.py:840} INFO - DAG(s) 'example_branch_dop_operator_v3' retrieved from /opt/miniconda3/envs/airflow_env/lib/python3.11/site-packages/airflow/example_dags/example_branch_python_dop_operator_3.py
[2025-10-29T20:25:19.067-0700] {logging_mixin.py:188} INFO - [2025-10-29T20:25:19.067-0700] {dag.py:3089} INFO - Sync 1 DAGs
[2025-10-29T20:25:19.080-0700] {logging_mixin.py:188} INFO - [2025-10-29T20:25:19.080-0700] {dag.py:3947} INFO - Setting next_dagrun for example_branch_dop_operator_v3 to 2025-10-30 03:24:00+00:00, run_after=2025-10-30 03:25:00+00:00
[2025-10-29T20:25:19.093-0700] {processor.py:183} INFO - Processing /opt/miniconda3/envs/airflow_env/lib/python3.11/site-packages/airflow/example_dags/example_branch_python_dop_operator_3.py took 0.110 seconds
[2025-10-29T20:26:19.092-0700] {processor.py:161} INFO - Started process (PID=29489) to work on /opt/miniconda3/envs/airflow_env/lib/python3.11/site-packages/airflow/example_dags/example_branch_python_dop_operator_3.py
[2025-10-29T20:26:19.092-0700] {processor.py:830} INFO - Processing file /opt/miniconda3/envs/airflow_env/lib/python3.11/site-packages/airflow/example_dags/example_branch_python_dop_operator_3.py for tasks to queue
[2025-10-29T20:26:19.093-0700] {logging_mixin.py:188} INFO - [2025-10-29T20:26:19.092-0700] {dagbag.py:545} INFO - Filling up the DagBag from /opt/miniconda3/envs/airflow_env/lib/python3.11/site-packages/airflow/example_dags/example_branch_python_dop_operator_3.py
[2025-10-29T20:26:19.113-0700] {processor.py:840} INFO - DAG(s) 'example_branch_dop_operator_v3' retrieved from /opt/miniconda3/envs/airflow_env/lib/python3.11/site-packages/airflow/example_dags/example_branch_python_dop_operator_3.py
[2025-10-29T20:26:19.161-0700] {logging_mixin.py:188} INFO - [2025-10-29T20:26:19.160-0700] {dag.py:3089} INFO - Sync 1 DAGs
[2025-10-29T20:26:19.171-0700] {logging_mixin.py:188} INFO - [2025-10-29T20:26:19.171-0700] {dag.py:3947} INFO - Setting next_dagrun for example_branch_dop_operator_v3 to 2025-10-30 03:25:00+00:00, run_after=2025-10-30 03:26:00+00:00
[2025-10-29T20:26:19.182-0700] {processor.py:183} INFO - Processing /opt/miniconda3/envs/airflow_env/lib/python3.11/site-packages/airflow/example_dags/example_branch_python_dop_operator_3.py took 0.092 seconds
[2025-10-29T20:28:02.906-0700] {processor.py:161} INFO - Started process (PID=29841) to work on /opt/miniconda3/envs/airflow_env/lib/python3.11/site-packages/airflow/example_dags/example_branch_python_dop_operator_3.py
[2025-10-29T20:28:02.906-0700] {processor.py:830} INFO - Processing file /opt/miniconda3/envs/airflow_env/lib/python3.11/site-packages/airflow/example_dags/example_branch_python_dop_operator_3.py for tasks to queue
[2025-10-29T20:28:02.907-0700] {logging_mixin.py:188} INFO - [2025-10-29T20:28:02.907-0700] {dagbag.py:545} INFO - Filling up the DagBag from /opt/miniconda3/envs/airflow_env/lib/python3.11/site-packages/airflow/example_dags/example_branch_python_dop_operator_3.py
[2025-10-29T20:28:02.928-0700] {processor.py:840} INFO - DAG(s) 'example_branch_dop_operator_v3' retrieved from /opt/miniconda3/envs/airflow_env/lib/python3.11/site-packages/airflow/example_dags/example_branch_python_dop_operator_3.py
[2025-10-29T20:28:02.976-0700] {logging_mixin.py:188} INFO - [2025-10-29T20:28:02.975-0700] {dag.py:3089} INFO - Sync 1 DAGs
[2025-10-29T20:28:02.986-0700] {logging_mixin.py:188} INFO - [2025-10-29T20:28:02.986-0700] {dag.py:3947} INFO - Setting next_dagrun for example_branch_dop_operator_v3 to 2025-10-30 03:27:00+00:00, run_after=2025-10-30 03:28:00+00:00
[2025-10-29T20:28:02.996-0700] {processor.py:183} INFO - Processing /opt/miniconda3/envs/airflow_env/lib/python3.11/site-packages/airflow/example_dags/example_branch_python_dop_operator_3.py took 0.093 seconds
[2025-10-29T20:28:05.745-0700] {processor.py:161} INFO - Started process (PID=29850) to work on /opt/miniconda3/envs/airflow_env/lib/python3.11/site-packages/airflow/example_dags/example_branch_python_dop_operator_3.py
[2025-10-29T20:28:05.746-0700] {processor.py:830} INFO - Processing file /opt/miniconda3/envs/airflow_env/lib/python3.11/site-packages/airflow/example_dags/example_branch_python_dop_operator_3.py for tasks to queue
[2025-10-29T20:28:05.746-0700] {logging_mixin.py:188} INFO - [2025-10-29T20:28:05.746-0700] {dagbag.py:545} INFO - Filling up the DagBag from /opt/miniconda3/envs/airflow_env/lib/python3.11/site-packages/airflow/example_dags/example_branch_python_dop_operator_3.py
[2025-10-29T20:28:05.767-0700] {processor.py:840} INFO - DAG(s) 'example_branch_dop_operator_v3' retrieved from /opt/miniconda3/envs/airflow_env/lib/python3.11/site-packages/airflow/example_dags/example_branch_python_dop_operator_3.py
[2025-10-29T20:28:05.815-0700] {logging_mixin.py:188} INFO - [2025-10-29T20:28:05.815-0700] {dag.py:3089} INFO - Sync 1 DAGs
[2025-10-29T20:28:05.825-0700] {logging_mixin.py:188} INFO - [2025-10-29T20:28:05.825-0700] {dag.py:3947} INFO - Setting next_dagrun for example_branch_dop_operator_v3 to 2025-10-30 03:27:00+00:00, run_after=2025-10-30 03:28:00+00:00
[2025-10-29T20:28:05.835-0700] {processor.py:183} INFO - Processing /opt/miniconda3/envs/airflow_env/lib/python3.11/site-packages/airflow/example_dags/example_branch_python_dop_operator_3.py took 0.093 seconds
[2025-10-29T20:29:09.789-0700] {processor.py:161} INFO - Started process (PID=30069) to work on /opt/miniconda3/envs/airflow_env/lib/python3.11/site-packages/airflow/example_dags/example_branch_python_dop_operator_3.py
[2025-10-29T20:29:09.791-0700] {processor.py:830} INFO - Processing file /opt/miniconda3/envs/airflow_env/lib/python3.11/site-packages/airflow/example_dags/example_branch_python_dop_operator_3.py for tasks to queue
[2025-10-29T20:29:09.792-0700] {logging_mixin.py:188} INFO - [2025-10-29T20:29:09.791-0700] {dagbag.py:545} INFO - Filling up the DagBag from /opt/miniconda3/envs/airflow_env/lib/python3.11/site-packages/airflow/example_dags/example_branch_python_dop_operator_3.py
[2025-10-29T20:29:09.820-0700] {processor.py:840} INFO - DAG(s) 'example_branch_dop_operator_v3' retrieved from /opt/miniconda3/envs/airflow_env/lib/python3.11/site-packages/airflow/example_dags/example_branch_python_dop_operator_3.py
[2025-10-29T20:29:09.880-0700] {logging_mixin.py:188} INFO - [2025-10-29T20:29:09.880-0700] {dag.py:3089} INFO - Sync 1 DAGs
[2025-10-29T20:29:09.892-0700] {logging_mixin.py:188} INFO - [2025-10-29T20:29:09.891-0700] {dag.py:3947} INFO - Setting next_dagrun for example_branch_dop_operator_v3 to 2025-10-30 03:28:00+00:00, run_after=2025-10-30 03:29:00+00:00
[2025-10-29T20:29:09.905-0700] {processor.py:183} INFO - Processing /opt/miniconda3/envs/airflow_env/lib/python3.11/site-packages/airflow/example_dags/example_branch_python_dop_operator_3.py took 0.118 seconds
