[2025-10-29T18:41:13.600-0700] {processor.py:161} INFO - Started process (PID=5217) to work on /opt/miniconda3/envs/airflow_env/lib/python3.11/site-packages/airflow/example_dags/example_external_task_marker_dag.py
[2025-10-29T18:41:13.600-0700] {processor.py:830} INFO - Processing file /opt/miniconda3/envs/airflow_env/lib/python3.11/site-packages/airflow/example_dags/example_external_task_marker_dag.py for tasks to queue
[2025-10-29T18:41:13.601-0700] {logging_mixin.py:188} INFO - [2025-10-29T18:41:13.601-0700] {dagbag.py:545} INFO - Filling up the DagBag from /opt/miniconda3/envs/airflow_env/lib/python3.11/site-packages/airflow/example_dags/example_external_task_marker_dag.py
[2025-10-29T18:41:13.608-0700] {processor.py:840} INFO - DAG(s) 'example_external_task_marker_parent', 'example_external_task_marker_child' retrieved from /opt/miniconda3/envs/airflow_env/lib/python3.11/site-packages/airflow/example_dags/example_external_task_marker_dag.py
[2025-10-29T18:41:13.694-0700] {logging_mixin.py:188} INFO - [2025-10-29T18:41:13.694-0700] {override.py:1930} INFO - Created Permission View: can delete on DAG:example_external_task_marker_parent
[2025-10-29T18:41:13.698-0700] {logging_mixin.py:188} INFO - [2025-10-29T18:41:13.698-0700] {override.py:1930} INFO - Created Permission View: can read on DAG:example_external_task_marker_parent
[2025-10-29T18:41:13.701-0700] {logging_mixin.py:188} INFO - [2025-10-29T18:41:13.701-0700] {override.py:1930} INFO - Created Permission View: can edit on DAG:example_external_task_marker_parent
[2025-10-29T18:41:13.711-0700] {logging_mixin.py:188} INFO - [2025-10-29T18:41:13.711-0700] {override.py:1930} INFO - Created Permission View: can delete on DAG:example_external_task_marker_child
[2025-10-29T18:41:13.713-0700] {logging_mixin.py:188} INFO - [2025-10-29T18:41:13.713-0700] {override.py:1930} INFO - Created Permission View: can read on DAG:example_external_task_marker_child
[2025-10-29T18:41:13.716-0700] {logging_mixin.py:188} INFO - [2025-10-29T18:41:13.716-0700] {override.py:1930} INFO - Created Permission View: can edit on DAG:example_external_task_marker_child
[2025-10-29T18:41:13.716-0700] {logging_mixin.py:188} INFO - [2025-10-29T18:41:13.716-0700] {dag.py:3089} INFO - Sync 2 DAGs
[2025-10-29T18:41:13.721-0700] {logging_mixin.py:188} INFO - [2025-10-29T18:41:13.721-0700] {dag.py:3111} INFO - Creating ORM DAG for example_external_task_marker_child
[2025-10-29T18:41:13.721-0700] {logging_mixin.py:188} INFO - [2025-10-29T18:41:13.721-0700] {dag.py:3111} INFO - Creating ORM DAG for example_external_task_marker_parent
[2025-10-29T18:41:13.722-0700] {logging_mixin.py:188} INFO - [2025-10-29T18:41:13.722-0700] {dag.py:3947} INFO - Setting next_dagrun for example_external_task_marker_child to None, run_after=None
[2025-10-29T18:41:13.722-0700] {logging_mixin.py:188} INFO - [2025-10-29T18:41:13.722-0700] {dag.py:3947} INFO - Setting next_dagrun for example_external_task_marker_parent to None, run_after=None
[2025-10-29T18:41:13.762-0700] {processor.py:183} INFO - Processing /opt/miniconda3/envs/airflow_env/lib/python3.11/site-packages/airflow/example_dags/example_external_task_marker_dag.py took 0.164 seconds
[2025-10-29T18:43:31.880-0700] {processor.py:161} INFO - Started process (PID=5480) to work on /opt/miniconda3/envs/airflow_env/lib/python3.11/site-packages/airflow/example_dags/example_external_task_marker_dag.py
[2025-10-29T18:43:31.882-0700] {processor.py:830} INFO - Processing file /opt/miniconda3/envs/airflow_env/lib/python3.11/site-packages/airflow/example_dags/example_external_task_marker_dag.py for tasks to queue
[2025-10-29T18:43:31.882-0700] {logging_mixin.py:188} INFO - [2025-10-29T18:43:31.882-0700] {dagbag.py:545} INFO - Filling up the DagBag from /opt/miniconda3/envs/airflow_env/lib/python3.11/site-packages/airflow/example_dags/example_external_task_marker_dag.py
[2025-10-29T18:43:31.890-0700] {processor.py:840} INFO - DAG(s) 'example_external_task_marker_child', 'example_external_task_marker_parent' retrieved from /opt/miniconda3/envs/airflow_env/lib/python3.11/site-packages/airflow/example_dags/example_external_task_marker_dag.py
[2025-10-29T18:43:31.940-0700] {logging_mixin.py:188} INFO - [2025-10-29T18:43:31.939-0700] {dag.py:3089} INFO - Sync 2 DAGs
[2025-10-29T18:43:31.945-0700] {logging_mixin.py:188} INFO - [2025-10-29T18:43:31.945-0700] {dag.py:3947} INFO - Setting next_dagrun for example_external_task_marker_child to None, run_after=None
[2025-10-29T18:43:31.947-0700] {logging_mixin.py:188} INFO - [2025-10-29T18:43:31.946-0700] {dag.py:3947} INFO - Setting next_dagrun for example_external_task_marker_parent to None, run_after=None
[2025-10-29T18:43:31.955-0700] {processor.py:183} INFO - Processing /opt/miniconda3/envs/airflow_env/lib/python3.11/site-packages/airflow/example_dags/example_external_task_marker_dag.py took 0.077 seconds
[2025-10-29T18:45:57.268-0700] {processor.py:161} INFO - Started process (PID=5746) to work on /opt/miniconda3/envs/airflow_env/lib/python3.11/site-packages/airflow/example_dags/example_external_task_marker_dag.py
[2025-10-29T18:45:57.269-0700] {processor.py:830} INFO - Processing file /opt/miniconda3/envs/airflow_env/lib/python3.11/site-packages/airflow/example_dags/example_external_task_marker_dag.py for tasks to queue
[2025-10-29T18:45:57.269-0700] {logging_mixin.py:188} INFO - [2025-10-29T18:45:57.269-0700] {dagbag.py:545} INFO - Filling up the DagBag from /opt/miniconda3/envs/airflow_env/lib/python3.11/site-packages/airflow/example_dags/example_external_task_marker_dag.py
[2025-10-29T18:45:57.277-0700] {processor.py:840} INFO - DAG(s) 'example_external_task_marker_child', 'example_external_task_marker_parent' retrieved from /opt/miniconda3/envs/airflow_env/lib/python3.11/site-packages/airflow/example_dags/example_external_task_marker_dag.py
[2025-10-29T18:45:57.328-0700] {logging_mixin.py:188} INFO - [2025-10-29T18:45:57.328-0700] {dag.py:3089} INFO - Sync 2 DAGs
[2025-10-29T18:45:57.333-0700] {logging_mixin.py:188} INFO - [2025-10-29T18:45:57.333-0700] {dag.py:3947} INFO - Setting next_dagrun for example_external_task_marker_child to None, run_after=None
[2025-10-29T18:45:57.335-0700] {logging_mixin.py:188} INFO - [2025-10-29T18:45:57.335-0700] {dag.py:3947} INFO - Setting next_dagrun for example_external_task_marker_parent to None, run_after=None
[2025-10-29T18:45:57.344-0700] {processor.py:183} INFO - Processing /opt/miniconda3/envs/airflow_env/lib/python3.11/site-packages/airflow/example_dags/example_external_task_marker_dag.py took 0.078 seconds
[2025-10-29T18:48:21.659-0700] {processor.py:161} INFO - Started process (PID=5996) to work on /opt/miniconda3/envs/airflow_env/lib/python3.11/site-packages/airflow/example_dags/example_external_task_marker_dag.py
[2025-10-29T18:48:21.659-0700] {processor.py:830} INFO - Processing file /opt/miniconda3/envs/airflow_env/lib/python3.11/site-packages/airflow/example_dags/example_external_task_marker_dag.py for tasks to queue
[2025-10-29T18:48:21.660-0700] {logging_mixin.py:188} INFO - [2025-10-29T18:48:21.660-0700] {dagbag.py:545} INFO - Filling up the DagBag from /opt/miniconda3/envs/airflow_env/lib/python3.11/site-packages/airflow/example_dags/example_external_task_marker_dag.py
[2025-10-29T18:48:21.667-0700] {processor.py:840} INFO - DAG(s) 'example_external_task_marker_parent', 'example_external_task_marker_child' retrieved from /opt/miniconda3/envs/airflow_env/lib/python3.11/site-packages/airflow/example_dags/example_external_task_marker_dag.py
[2025-10-29T18:48:21.718-0700] {logging_mixin.py:188} INFO - [2025-10-29T18:48:21.717-0700] {dag.py:3089} INFO - Sync 2 DAGs
[2025-10-29T18:48:21.722-0700] {logging_mixin.py:188} INFO - [2025-10-29T18:48:21.722-0700] {dag.py:3947} INFO - Setting next_dagrun for example_external_task_marker_child to None, run_after=None
[2025-10-29T18:48:21.724-0700] {logging_mixin.py:188} INFO - [2025-10-29T18:48:21.724-0700] {dag.py:3947} INFO - Setting next_dagrun for example_external_task_marker_parent to None, run_after=None
[2025-10-29T18:48:21.732-0700] {processor.py:183} INFO - Processing /opt/miniconda3/envs/airflow_env/lib/python3.11/site-packages/airflow/example_dags/example_external_task_marker_dag.py took 0.075 seconds
[2025-10-29T18:50:46.022-0700] {processor.py:161} INFO - Started process (PID=9808) to work on /opt/miniconda3/envs/airflow_env/lib/python3.11/site-packages/airflow/example_dags/example_external_task_marker_dag.py
[2025-10-29T18:50:46.024-0700] {processor.py:830} INFO - Processing file /opt/miniconda3/envs/airflow_env/lib/python3.11/site-packages/airflow/example_dags/example_external_task_marker_dag.py for tasks to queue
[2025-10-29T18:50:46.025-0700] {logging_mixin.py:188} INFO - [2025-10-29T18:50:46.025-0700] {dagbag.py:545} INFO - Filling up the DagBag from /opt/miniconda3/envs/airflow_env/lib/python3.11/site-packages/airflow/example_dags/example_external_task_marker_dag.py
[2025-10-29T18:50:46.033-0700] {processor.py:840} INFO - DAG(s) 'example_external_task_marker_child', 'example_external_task_marker_parent' retrieved from /opt/miniconda3/envs/airflow_env/lib/python3.11/site-packages/airflow/example_dags/example_external_task_marker_dag.py
[2025-10-29T18:50:46.083-0700] {logging_mixin.py:188} INFO - [2025-10-29T18:50:46.082-0700] {dag.py:3089} INFO - Sync 2 DAGs
[2025-10-29T18:50:46.087-0700] {logging_mixin.py:188} INFO - [2025-10-29T18:50:46.087-0700] {dag.py:3947} INFO - Setting next_dagrun for example_external_task_marker_child to None, run_after=None
[2025-10-29T18:50:46.089-0700] {logging_mixin.py:188} INFO - [2025-10-29T18:50:46.089-0700] {dag.py:3947} INFO - Setting next_dagrun for example_external_task_marker_parent to None, run_after=None
[2025-10-29T18:50:46.097-0700] {processor.py:183} INFO - Processing /opt/miniconda3/envs/airflow_env/lib/python3.11/site-packages/airflow/example_dags/example_external_task_marker_dag.py took 0.077 seconds
[2025-10-29T18:53:03.597-0700] {processor.py:161} INFO - Started process (PID=10046) to work on /opt/miniconda3/envs/airflow_env/lib/python3.11/site-packages/airflow/example_dags/example_external_task_marker_dag.py
[2025-10-29T18:53:03.597-0700] {processor.py:830} INFO - Processing file /opt/miniconda3/envs/airflow_env/lib/python3.11/site-packages/airflow/example_dags/example_external_task_marker_dag.py for tasks to queue
[2025-10-29T18:53:03.598-0700] {logging_mixin.py:188} INFO - [2025-10-29T18:53:03.598-0700] {dagbag.py:545} INFO - Filling up the DagBag from /opt/miniconda3/envs/airflow_env/lib/python3.11/site-packages/airflow/example_dags/example_external_task_marker_dag.py
[2025-10-29T18:53:03.606-0700] {processor.py:840} INFO - DAG(s) 'example_external_task_marker_child', 'example_external_task_marker_parent' retrieved from /opt/miniconda3/envs/airflow_env/lib/python3.11/site-packages/airflow/example_dags/example_external_task_marker_dag.py
[2025-10-29T18:53:03.657-0700] {logging_mixin.py:188} INFO - [2025-10-29T18:53:03.656-0700] {dag.py:3089} INFO - Sync 2 DAGs
[2025-10-29T18:53:03.662-0700] {logging_mixin.py:188} INFO - [2025-10-29T18:53:03.662-0700] {dag.py:3947} INFO - Setting next_dagrun for example_external_task_marker_child to None, run_after=None
[2025-10-29T18:53:03.663-0700] {logging_mixin.py:188} INFO - [2025-10-29T18:53:03.663-0700] {dag.py:3947} INFO - Setting next_dagrun for example_external_task_marker_parent to None, run_after=None
[2025-10-29T18:53:03.672-0700] {processor.py:183} INFO - Processing /opt/miniconda3/envs/airflow_env/lib/python3.11/site-packages/airflow/example_dags/example_external_task_marker_dag.py took 0.078 seconds
[2025-10-29T18:55:26.224-0700] {processor.py:161} INFO - Started process (PID=10326) to work on /opt/miniconda3/envs/airflow_env/lib/python3.11/site-packages/airflow/example_dags/example_external_task_marker_dag.py
[2025-10-29T18:55:26.226-0700] {processor.py:830} INFO - Processing file /opt/miniconda3/envs/airflow_env/lib/python3.11/site-packages/airflow/example_dags/example_external_task_marker_dag.py for tasks to queue
[2025-10-29T18:55:26.227-0700] {logging_mixin.py:188} INFO - [2025-10-29T18:55:26.226-0700] {dagbag.py:545} INFO - Filling up the DagBag from /opt/miniconda3/envs/airflow_env/lib/python3.11/site-packages/airflow/example_dags/example_external_task_marker_dag.py
[2025-10-29T18:55:26.234-0700] {processor.py:840} INFO - DAG(s) 'example_external_task_marker_child', 'example_external_task_marker_parent' retrieved from /opt/miniconda3/envs/airflow_env/lib/python3.11/site-packages/airflow/example_dags/example_external_task_marker_dag.py
[2025-10-29T18:55:26.285-0700] {logging_mixin.py:188} INFO - [2025-10-29T18:55:26.284-0700] {dag.py:3089} INFO - Sync 2 DAGs
[2025-10-29T18:55:26.290-0700] {logging_mixin.py:188} INFO - [2025-10-29T18:55:26.290-0700] {dag.py:3947} INFO - Setting next_dagrun for example_external_task_marker_child to None, run_after=None
[2025-10-29T18:55:26.291-0700] {logging_mixin.py:188} INFO - [2025-10-29T18:55:26.291-0700] {dag.py:3947} INFO - Setting next_dagrun for example_external_task_marker_parent to None, run_after=None
[2025-10-29T18:55:26.300-0700] {processor.py:183} INFO - Processing /opt/miniconda3/envs/airflow_env/lib/python3.11/site-packages/airflow/example_dags/example_external_task_marker_dag.py took 0.078 seconds
[2025-10-29T18:57:50.392-0700] {processor.py:161} INFO - Started process (PID=10592) to work on /opt/miniconda3/envs/airflow_env/lib/python3.11/site-packages/airflow/example_dags/example_external_task_marker_dag.py
[2025-10-29T18:57:50.393-0700] {processor.py:830} INFO - Processing file /opt/miniconda3/envs/airflow_env/lib/python3.11/site-packages/airflow/example_dags/example_external_task_marker_dag.py for tasks to queue
[2025-10-29T18:57:50.393-0700] {logging_mixin.py:188} INFO - [2025-10-29T18:57:50.393-0700] {dagbag.py:545} INFO - Filling up the DagBag from /opt/miniconda3/envs/airflow_env/lib/python3.11/site-packages/airflow/example_dags/example_external_task_marker_dag.py
[2025-10-29T18:57:50.401-0700] {processor.py:840} INFO - DAG(s) 'example_external_task_marker_child', 'example_external_task_marker_parent' retrieved from /opt/miniconda3/envs/airflow_env/lib/python3.11/site-packages/airflow/example_dags/example_external_task_marker_dag.py
[2025-10-29T18:57:50.451-0700] {logging_mixin.py:188} INFO - [2025-10-29T18:57:50.450-0700] {dag.py:3089} INFO - Sync 2 DAGs
[2025-10-29T18:57:50.456-0700] {logging_mixin.py:188} INFO - [2025-10-29T18:57:50.455-0700] {dag.py:3947} INFO - Setting next_dagrun for example_external_task_marker_child to None, run_after=None
[2025-10-29T18:57:50.457-0700] {logging_mixin.py:188} INFO - [2025-10-29T18:57:50.457-0700] {dag.py:3947} INFO - Setting next_dagrun for example_external_task_marker_parent to None, run_after=None
[2025-10-29T18:57:50.466-0700] {processor.py:183} INFO - Processing /opt/miniconda3/envs/airflow_env/lib/python3.11/site-packages/airflow/example_dags/example_external_task_marker_dag.py took 0.076 seconds
[2025-10-29T18:59:48.848-0700] {processor.py:161} INFO - Started process (PID=10838) to work on /opt/miniconda3/envs/airflow_env/lib/python3.11/site-packages/airflow/example_dags/example_external_task_marker_dag.py
[2025-10-29T18:59:48.848-0700] {processor.py:830} INFO - Processing file /opt/miniconda3/envs/airflow_env/lib/python3.11/site-packages/airflow/example_dags/example_external_task_marker_dag.py for tasks to queue
[2025-10-29T18:59:48.849-0700] {logging_mixin.py:188} INFO - [2025-10-29T18:59:48.848-0700] {dagbag.py:545} INFO - Filling up the DagBag from /opt/miniconda3/envs/airflow_env/lib/python3.11/site-packages/airflow/example_dags/example_external_task_marker_dag.py
[2025-10-29T18:59:48.856-0700] {processor.py:840} INFO - DAG(s) 'example_external_task_marker_child', 'example_external_task_marker_parent' retrieved from /opt/miniconda3/envs/airflow_env/lib/python3.11/site-packages/airflow/example_dags/example_external_task_marker_dag.py
[2025-10-29T18:59:48.952-0700] {logging_mixin.py:188} INFO - [2025-10-29T18:59:48.952-0700] {dag.py:3089} INFO - Sync 2 DAGs
[2025-10-29T18:59:48.957-0700] {logging_mixin.py:188} INFO - [2025-10-29T18:59:48.957-0700] {dag.py:3947} INFO - Setting next_dagrun for example_external_task_marker_child to None, run_after=None
[2025-10-29T18:59:48.958-0700] {logging_mixin.py:188} INFO - [2025-10-29T18:59:48.958-0700] {dag.py:3947} INFO - Setting next_dagrun for example_external_task_marker_parent to None, run_after=None
[2025-10-29T18:59:48.969-0700] {processor.py:183} INFO - Processing /opt/miniconda3/envs/airflow_env/lib/python3.11/site-packages/airflow/example_dags/example_external_task_marker_dag.py took 0.123 seconds
[2025-10-29T19:02:13.588-0700] {processor.py:161} INFO - Started process (PID=11089) to work on /opt/miniconda3/envs/airflow_env/lib/python3.11/site-packages/airflow/example_dags/example_external_task_marker_dag.py
[2025-10-29T19:02:13.589-0700] {processor.py:830} INFO - Processing file /opt/miniconda3/envs/airflow_env/lib/python3.11/site-packages/airflow/example_dags/example_external_task_marker_dag.py for tasks to queue
[2025-10-29T19:02:13.590-0700] {logging_mixin.py:188} INFO - [2025-10-29T19:02:13.590-0700] {dagbag.py:545} INFO - Filling up the DagBag from /opt/miniconda3/envs/airflow_env/lib/python3.11/site-packages/airflow/example_dags/example_external_task_marker_dag.py
[2025-10-29T19:02:13.598-0700] {processor.py:840} INFO - DAG(s) 'example_external_task_marker_parent', 'example_external_task_marker_child' retrieved from /opt/miniconda3/envs/airflow_env/lib/python3.11/site-packages/airflow/example_dags/example_external_task_marker_dag.py
[2025-10-29T19:02:13.647-0700] {logging_mixin.py:188} INFO - [2025-10-29T19:02:13.647-0700] {dag.py:3089} INFO - Sync 2 DAGs
[2025-10-29T19:02:13.652-0700] {logging_mixin.py:188} INFO - [2025-10-29T19:02:13.652-0700] {dag.py:3947} INFO - Setting next_dagrun for example_external_task_marker_child to None, run_after=None
[2025-10-29T19:02:13.654-0700] {logging_mixin.py:188} INFO - [2025-10-29T19:02:13.654-0700] {dag.py:3947} INFO - Setting next_dagrun for example_external_task_marker_parent to None, run_after=None
[2025-10-29T19:02:13.662-0700] {processor.py:183} INFO - Processing /opt/miniconda3/envs/airflow_env/lib/python3.11/site-packages/airflow/example_dags/example_external_task_marker_dag.py took 0.076 seconds
[2025-10-29T19:04:41.091-0700] {processor.py:161} INFO - Started process (PID=11357) to work on /opt/miniconda3/envs/airflow_env/lib/python3.11/site-packages/airflow/example_dags/example_external_task_marker_dag.py
[2025-10-29T19:04:41.091-0700] {processor.py:830} INFO - Processing file /opt/miniconda3/envs/airflow_env/lib/python3.11/site-packages/airflow/example_dags/example_external_task_marker_dag.py for tasks to queue
[2025-10-29T19:04:41.092-0700] {logging_mixin.py:188} INFO - [2025-10-29T19:04:41.092-0700] {dagbag.py:545} INFO - Filling up the DagBag from /opt/miniconda3/envs/airflow_env/lib/python3.11/site-packages/airflow/example_dags/example_external_task_marker_dag.py
[2025-10-29T19:04:41.100-0700] {processor.py:840} INFO - DAG(s) 'example_external_task_marker_parent', 'example_external_task_marker_child' retrieved from /opt/miniconda3/envs/airflow_env/lib/python3.11/site-packages/airflow/example_dags/example_external_task_marker_dag.py
[2025-10-29T19:04:41.151-0700] {logging_mixin.py:188} INFO - [2025-10-29T19:04:41.150-0700] {dag.py:3089} INFO - Sync 2 DAGs
[2025-10-29T19:04:41.156-0700] {logging_mixin.py:188} INFO - [2025-10-29T19:04:41.156-0700] {dag.py:3947} INFO - Setting next_dagrun for example_external_task_marker_child to None, run_after=None
[2025-10-29T19:04:41.158-0700] {logging_mixin.py:188} INFO - [2025-10-29T19:04:41.158-0700] {dag.py:3947} INFO - Setting next_dagrun for example_external_task_marker_parent to None, run_after=None
[2025-10-29T19:04:41.167-0700] {processor.py:183} INFO - Processing /opt/miniconda3/envs/airflow_env/lib/python3.11/site-packages/airflow/example_dags/example_external_task_marker_dag.py took 0.078 seconds
[2025-10-29T19:07:10.189-0700] {processor.py:161} INFO - Started process (PID=11624) to work on /opt/miniconda3/envs/airflow_env/lib/python3.11/site-packages/airflow/example_dags/example_external_task_marker_dag.py
[2025-10-29T19:07:10.190-0700] {processor.py:830} INFO - Processing file /opt/miniconda3/envs/airflow_env/lib/python3.11/site-packages/airflow/example_dags/example_external_task_marker_dag.py for tasks to queue
[2025-10-29T19:07:10.191-0700] {logging_mixin.py:188} INFO - [2025-10-29T19:07:10.191-0700] {dagbag.py:545} INFO - Filling up the DagBag from /opt/miniconda3/envs/airflow_env/lib/python3.11/site-packages/airflow/example_dags/example_external_task_marker_dag.py
[2025-10-29T19:07:10.199-0700] {processor.py:840} INFO - DAG(s) 'example_external_task_marker_child', 'example_external_task_marker_parent' retrieved from /opt/miniconda3/envs/airflow_env/lib/python3.11/site-packages/airflow/example_dags/example_external_task_marker_dag.py
[2025-10-29T19:07:10.250-0700] {logging_mixin.py:188} INFO - [2025-10-29T19:07:10.249-0700] {dag.py:3089} INFO - Sync 2 DAGs
[2025-10-29T19:07:10.254-0700] {logging_mixin.py:188} INFO - [2025-10-29T19:07:10.254-0700] {dag.py:3947} INFO - Setting next_dagrun for example_external_task_marker_child to None, run_after=None
[2025-10-29T19:07:10.256-0700] {logging_mixin.py:188} INFO - [2025-10-29T19:07:10.256-0700] {dag.py:3947} INFO - Setting next_dagrun for example_external_task_marker_parent to None, run_after=None
[2025-10-29T19:07:10.264-0700] {processor.py:183} INFO - Processing /opt/miniconda3/envs/airflow_env/lib/python3.11/site-packages/airflow/example_dags/example_external_task_marker_dag.py took 0.077 seconds
[2025-10-29T19:09:36.066-0700] {processor.py:161} INFO - Started process (PID=11869) to work on /opt/miniconda3/envs/airflow_env/lib/python3.11/site-packages/airflow/example_dags/example_external_task_marker_dag.py
[2025-10-29T19:09:36.067-0700] {processor.py:830} INFO - Processing file /opt/miniconda3/envs/airflow_env/lib/python3.11/site-packages/airflow/example_dags/example_external_task_marker_dag.py for tasks to queue
[2025-10-29T19:09:36.067-0700] {logging_mixin.py:188} INFO - [2025-10-29T19:09:36.067-0700] {dagbag.py:545} INFO - Filling up the DagBag from /opt/miniconda3/envs/airflow_env/lib/python3.11/site-packages/airflow/example_dags/example_external_task_marker_dag.py
[2025-10-29T19:09:36.075-0700] {processor.py:840} INFO - DAG(s) 'example_external_task_marker_parent', 'example_external_task_marker_child' retrieved from /opt/miniconda3/envs/airflow_env/lib/python3.11/site-packages/airflow/example_dags/example_external_task_marker_dag.py
[2025-10-29T19:09:36.125-0700] {logging_mixin.py:188} INFO - [2025-10-29T19:09:36.124-0700] {dag.py:3089} INFO - Sync 2 DAGs
[2025-10-29T19:09:36.130-0700] {logging_mixin.py:188} INFO - [2025-10-29T19:09:36.130-0700] {dag.py:3947} INFO - Setting next_dagrun for example_external_task_marker_child to None, run_after=None
[2025-10-29T19:09:36.131-0700] {logging_mixin.py:188} INFO - [2025-10-29T19:09:36.131-0700] {dag.py:3947} INFO - Setting next_dagrun for example_external_task_marker_parent to None, run_after=None
[2025-10-29T19:09:36.140-0700] {processor.py:183} INFO - Processing /opt/miniconda3/envs/airflow_env/lib/python3.11/site-packages/airflow/example_dags/example_external_task_marker_dag.py took 0.076 seconds
[2025-10-29T19:12:08.662-0700] {processor.py:161} INFO - Started process (PID=12147) to work on /opt/miniconda3/envs/airflow_env/lib/python3.11/site-packages/airflow/example_dags/example_external_task_marker_dag.py
[2025-10-29T19:12:08.666-0700] {processor.py:830} INFO - Processing file /opt/miniconda3/envs/airflow_env/lib/python3.11/site-packages/airflow/example_dags/example_external_task_marker_dag.py for tasks to queue
[2025-10-29T19:12:08.666-0700] {logging_mixin.py:188} INFO - [2025-10-29T19:12:08.666-0700] {dagbag.py:545} INFO - Filling up the DagBag from /opt/miniconda3/envs/airflow_env/lib/python3.11/site-packages/airflow/example_dags/example_external_task_marker_dag.py
[2025-10-29T19:12:08.674-0700] {processor.py:840} INFO - DAG(s) 'example_external_task_marker_child', 'example_external_task_marker_parent' retrieved from /opt/miniconda3/envs/airflow_env/lib/python3.11/site-packages/airflow/example_dags/example_external_task_marker_dag.py
[2025-10-29T19:12:08.725-0700] {logging_mixin.py:188} INFO - [2025-10-29T19:12:08.724-0700] {dag.py:3089} INFO - Sync 2 DAGs
[2025-10-29T19:12:08.729-0700] {logging_mixin.py:188} INFO - [2025-10-29T19:12:08.729-0700] {dag.py:3947} INFO - Setting next_dagrun for example_external_task_marker_child to None, run_after=None
[2025-10-29T19:12:08.731-0700] {logging_mixin.py:188} INFO - [2025-10-29T19:12:08.731-0700] {dag.py:3947} INFO - Setting next_dagrun for example_external_task_marker_parent to None, run_after=None
[2025-10-29T19:12:08.739-0700] {processor.py:183} INFO - Processing /opt/miniconda3/envs/airflow_env/lib/python3.11/site-packages/airflow/example_dags/example_external_task_marker_dag.py took 0.079 seconds
[2025-10-29T19:14:34.172-0700] {processor.py:161} INFO - Started process (PID=12403) to work on /opt/miniconda3/envs/airflow_env/lib/python3.11/site-packages/airflow/example_dags/example_external_task_marker_dag.py
[2025-10-29T19:14:34.172-0700] {processor.py:830} INFO - Processing file /opt/miniconda3/envs/airflow_env/lib/python3.11/site-packages/airflow/example_dags/example_external_task_marker_dag.py for tasks to queue
[2025-10-29T19:14:34.173-0700] {logging_mixin.py:188} INFO - [2025-10-29T19:14:34.172-0700] {dagbag.py:545} INFO - Filling up the DagBag from /opt/miniconda3/envs/airflow_env/lib/python3.11/site-packages/airflow/example_dags/example_external_task_marker_dag.py
[2025-10-29T19:14:34.180-0700] {processor.py:840} INFO - DAG(s) 'example_external_task_marker_child', 'example_external_task_marker_parent' retrieved from /opt/miniconda3/envs/airflow_env/lib/python3.11/site-packages/airflow/example_dags/example_external_task_marker_dag.py
[2025-10-29T19:14:34.231-0700] {logging_mixin.py:188} INFO - [2025-10-29T19:14:34.230-0700] {dag.py:3089} INFO - Sync 2 DAGs
[2025-10-29T19:14:34.236-0700] {logging_mixin.py:188} INFO - [2025-10-29T19:14:34.235-0700] {dag.py:3947} INFO - Setting next_dagrun for example_external_task_marker_child to None, run_after=None
[2025-10-29T19:14:34.237-0700] {logging_mixin.py:188} INFO - [2025-10-29T19:14:34.237-0700] {dag.py:3947} INFO - Setting next_dagrun for example_external_task_marker_parent to None, run_after=None
[2025-10-29T19:14:34.246-0700] {processor.py:183} INFO - Processing /opt/miniconda3/envs/airflow_env/lib/python3.11/site-packages/airflow/example_dags/example_external_task_marker_dag.py took 0.076 seconds
[2025-10-29T19:17:03.193-0700] {processor.py:161} INFO - Started process (PID=12658) to work on /opt/miniconda3/envs/airflow_env/lib/python3.11/site-packages/airflow/example_dags/example_external_task_marker_dag.py
[2025-10-29T19:17:03.193-0700] {processor.py:830} INFO - Processing file /opt/miniconda3/envs/airflow_env/lib/python3.11/site-packages/airflow/example_dags/example_external_task_marker_dag.py for tasks to queue
[2025-10-29T19:17:03.194-0700] {logging_mixin.py:188} INFO - [2025-10-29T19:17:03.194-0700] {dagbag.py:545} INFO - Filling up the DagBag from /opt/miniconda3/envs/airflow_env/lib/python3.11/site-packages/airflow/example_dags/example_external_task_marker_dag.py
[2025-10-29T19:17:03.201-0700] {processor.py:840} INFO - DAG(s) 'example_external_task_marker_parent', 'example_external_task_marker_child' retrieved from /opt/miniconda3/envs/airflow_env/lib/python3.11/site-packages/airflow/example_dags/example_external_task_marker_dag.py
[2025-10-29T19:17:03.251-0700] {logging_mixin.py:188} INFO - [2025-10-29T19:17:03.250-0700] {dag.py:3089} INFO - Sync 2 DAGs
[2025-10-29T19:17:03.256-0700] {logging_mixin.py:188} INFO - [2025-10-29T19:17:03.256-0700] {dag.py:3947} INFO - Setting next_dagrun for example_external_task_marker_child to None, run_after=None
[2025-10-29T19:17:03.258-0700] {logging_mixin.py:188} INFO - [2025-10-29T19:17:03.258-0700] {dag.py:3947} INFO - Setting next_dagrun for example_external_task_marker_parent to None, run_after=None
[2025-10-29T19:17:03.266-0700] {processor.py:183} INFO - Processing /opt/miniconda3/envs/airflow_env/lib/python3.11/site-packages/airflow/example_dags/example_external_task_marker_dag.py took 0.076 seconds
[2025-10-29T19:19:31.065-0700] {processor.py:161} INFO - Started process (PID=12919) to work on /opt/miniconda3/envs/airflow_env/lib/python3.11/site-packages/airflow/example_dags/example_external_task_marker_dag.py
[2025-10-29T19:19:31.066-0700] {processor.py:830} INFO - Processing file /opt/miniconda3/envs/airflow_env/lib/python3.11/site-packages/airflow/example_dags/example_external_task_marker_dag.py for tasks to queue
[2025-10-29T19:19:31.067-0700] {logging_mixin.py:188} INFO - [2025-10-29T19:19:31.067-0700] {dagbag.py:545} INFO - Filling up the DagBag from /opt/miniconda3/envs/airflow_env/lib/python3.11/site-packages/airflow/example_dags/example_external_task_marker_dag.py
[2025-10-29T19:19:31.074-0700] {processor.py:840} INFO - DAG(s) 'example_external_task_marker_child', 'example_external_task_marker_parent' retrieved from /opt/miniconda3/envs/airflow_env/lib/python3.11/site-packages/airflow/example_dags/example_external_task_marker_dag.py
[2025-10-29T19:19:31.124-0700] {logging_mixin.py:188} INFO - [2025-10-29T19:19:31.123-0700] {dag.py:3089} INFO - Sync 2 DAGs
[2025-10-29T19:19:31.129-0700] {logging_mixin.py:188} INFO - [2025-10-29T19:19:31.129-0700] {dag.py:3947} INFO - Setting next_dagrun for example_external_task_marker_child to None, run_after=None
[2025-10-29T19:19:31.130-0700] {logging_mixin.py:188} INFO - [2025-10-29T19:19:31.130-0700] {dag.py:3947} INFO - Setting next_dagrun for example_external_task_marker_parent to None, run_after=None
[2025-10-29T19:19:31.139-0700] {processor.py:183} INFO - Processing /opt/miniconda3/envs/airflow_env/lib/python3.11/site-packages/airflow/example_dags/example_external_task_marker_dag.py took 0.076 seconds
[2025-10-29T19:21:55.367-0700] {processor.py:161} INFO - Started process (PID=13224) to work on /opt/miniconda3/envs/airflow_env/lib/python3.11/site-packages/airflow/example_dags/example_external_task_marker_dag.py
[2025-10-29T19:21:55.369-0700] {processor.py:830} INFO - Processing file /opt/miniconda3/envs/airflow_env/lib/python3.11/site-packages/airflow/example_dags/example_external_task_marker_dag.py for tasks to queue
[2025-10-29T19:21:55.369-0700] {logging_mixin.py:188} INFO - [2025-10-29T19:21:55.369-0700] {dagbag.py:545} INFO - Filling up the DagBag from /opt/miniconda3/envs/airflow_env/lib/python3.11/site-packages/airflow/example_dags/example_external_task_marker_dag.py
[2025-10-29T19:21:55.377-0700] {processor.py:840} INFO - DAG(s) 'example_external_task_marker_child', 'example_external_task_marker_parent' retrieved from /opt/miniconda3/envs/airflow_env/lib/python3.11/site-packages/airflow/example_dags/example_external_task_marker_dag.py
[2025-10-29T19:21:55.427-0700] {logging_mixin.py:188} INFO - [2025-10-29T19:21:55.426-0700] {dag.py:3089} INFO - Sync 2 DAGs
[2025-10-29T19:21:55.431-0700] {logging_mixin.py:188} INFO - [2025-10-29T19:21:55.431-0700] {dag.py:3947} INFO - Setting next_dagrun for example_external_task_marker_child to None, run_after=None
[2025-10-29T19:21:55.433-0700] {logging_mixin.py:188} INFO - [2025-10-29T19:21:55.433-0700] {dag.py:3947} INFO - Setting next_dagrun for example_external_task_marker_parent to None, run_after=None
[2025-10-29T19:21:55.442-0700] {processor.py:183} INFO - Processing /opt/miniconda3/envs/airflow_env/lib/python3.11/site-packages/airflow/example_dags/example_external_task_marker_dag.py took 0.076 seconds
[2025-10-29T19:24:23.678-0700] {processor.py:161} INFO - Started process (PID=13474) to work on /opt/miniconda3/envs/airflow_env/lib/python3.11/site-packages/airflow/example_dags/example_external_task_marker_dag.py
[2025-10-29T19:24:23.680-0700] {processor.py:830} INFO - Processing file /opt/miniconda3/envs/airflow_env/lib/python3.11/site-packages/airflow/example_dags/example_external_task_marker_dag.py for tasks to queue
[2025-10-29T19:24:23.680-0700] {logging_mixin.py:188} INFO - [2025-10-29T19:24:23.680-0700] {dagbag.py:545} INFO - Filling up the DagBag from /opt/miniconda3/envs/airflow_env/lib/python3.11/site-packages/airflow/example_dags/example_external_task_marker_dag.py
[2025-10-29T19:24:23.688-0700] {processor.py:840} INFO - DAG(s) 'example_external_task_marker_parent', 'example_external_task_marker_child' retrieved from /opt/miniconda3/envs/airflow_env/lib/python3.11/site-packages/airflow/example_dags/example_external_task_marker_dag.py
[2025-10-29T19:24:23.738-0700] {logging_mixin.py:188} INFO - [2025-10-29T19:24:23.737-0700] {dag.py:3089} INFO - Sync 2 DAGs
[2025-10-29T19:24:23.743-0700] {logging_mixin.py:188} INFO - [2025-10-29T19:24:23.743-0700] {dag.py:3947} INFO - Setting next_dagrun for example_external_task_marker_child to None, run_after=None
[2025-10-29T19:24:23.744-0700] {logging_mixin.py:188} INFO - [2025-10-29T19:24:23.744-0700] {dag.py:3947} INFO - Setting next_dagrun for example_external_task_marker_parent to None, run_after=None
[2025-10-29T19:24:23.753-0700] {processor.py:183} INFO - Processing /opt/miniconda3/envs/airflow_env/lib/python3.11/site-packages/airflow/example_dags/example_external_task_marker_dag.py took 0.077 seconds
[2025-10-29T19:26:47.945-0700] {processor.py:161} INFO - Started process (PID=14137) to work on /opt/miniconda3/envs/airflow_env/lib/python3.11/site-packages/airflow/example_dags/example_external_task_marker_dag.py
[2025-10-29T19:26:47.946-0700] {processor.py:830} INFO - Processing file /opt/miniconda3/envs/airflow_env/lib/python3.11/site-packages/airflow/example_dags/example_external_task_marker_dag.py for tasks to queue
[2025-10-29T19:26:47.946-0700] {logging_mixin.py:188} INFO - [2025-10-29T19:26:47.946-0700] {dagbag.py:545} INFO - Filling up the DagBag from /opt/miniconda3/envs/airflow_env/lib/python3.11/site-packages/airflow/example_dags/example_external_task_marker_dag.py
[2025-10-29T19:26:47.955-0700] {processor.py:840} INFO - DAG(s) 'example_external_task_marker_child', 'example_external_task_marker_parent' retrieved from /opt/miniconda3/envs/airflow_env/lib/python3.11/site-packages/airflow/example_dags/example_external_task_marker_dag.py
[2025-10-29T19:26:48.005-0700] {logging_mixin.py:188} INFO - [2025-10-29T19:26:48.004-0700] {dag.py:3089} INFO - Sync 2 DAGs
[2025-10-29T19:26:48.009-0700] {logging_mixin.py:188} INFO - [2025-10-29T19:26:48.009-0700] {dag.py:3947} INFO - Setting next_dagrun for example_external_task_marker_child to None, run_after=None
[2025-10-29T19:26:48.011-0700] {logging_mixin.py:188} INFO - [2025-10-29T19:26:48.011-0700] {dag.py:3947} INFO - Setting next_dagrun for example_external_task_marker_parent to None, run_after=None
[2025-10-29T19:26:48.020-0700] {processor.py:183} INFO - Processing /opt/miniconda3/envs/airflow_env/lib/python3.11/site-packages/airflow/example_dags/example_external_task_marker_dag.py took 0.076 seconds
[2025-10-29T19:29:15.786-0700] {processor.py:161} INFO - Started process (PID=14822) to work on /opt/miniconda3/envs/airflow_env/lib/python3.11/site-packages/airflow/example_dags/example_external_task_marker_dag.py
[2025-10-29T19:29:15.786-0700] {processor.py:830} INFO - Processing file /opt/miniconda3/envs/airflow_env/lib/python3.11/site-packages/airflow/example_dags/example_external_task_marker_dag.py for tasks to queue
[2025-10-29T19:29:15.787-0700] {logging_mixin.py:188} INFO - [2025-10-29T19:29:15.787-0700] {dagbag.py:545} INFO - Filling up the DagBag from /opt/miniconda3/envs/airflow_env/lib/python3.11/site-packages/airflow/example_dags/example_external_task_marker_dag.py
[2025-10-29T19:29:15.795-0700] {processor.py:840} INFO - DAG(s) 'example_external_task_marker_parent', 'example_external_task_marker_child' retrieved from /opt/miniconda3/envs/airflow_env/lib/python3.11/site-packages/airflow/example_dags/example_external_task_marker_dag.py
[2025-10-29T19:29:15.847-0700] {logging_mixin.py:188} INFO - [2025-10-29T19:29:15.846-0700] {dag.py:3089} INFO - Sync 2 DAGs
[2025-10-29T19:29:15.852-0700] {logging_mixin.py:188} INFO - [2025-10-29T19:29:15.852-0700] {dag.py:3947} INFO - Setting next_dagrun for example_external_task_marker_child to None, run_after=None
[2025-10-29T19:29:15.854-0700] {logging_mixin.py:188} INFO - [2025-10-29T19:29:15.854-0700] {dag.py:3947} INFO - Setting next_dagrun for example_external_task_marker_parent to None, run_after=None
[2025-10-29T19:29:15.863-0700] {processor.py:183} INFO - Processing /opt/miniconda3/envs/airflow_env/lib/python3.11/site-packages/airflow/example_dags/example_external_task_marker_dag.py took 0.079 seconds
[2025-10-29T19:31:47.009-0700] {processor.py:161} INFO - Started process (PID=15516) to work on /opt/miniconda3/envs/airflow_env/lib/python3.11/site-packages/airflow/example_dags/example_external_task_marker_dag.py
[2025-10-29T19:31:47.010-0700] {processor.py:830} INFO - Processing file /opt/miniconda3/envs/airflow_env/lib/python3.11/site-packages/airflow/example_dags/example_external_task_marker_dag.py for tasks to queue
[2025-10-29T19:31:47.011-0700] {logging_mixin.py:188} INFO - [2025-10-29T19:31:47.011-0700] {dagbag.py:545} INFO - Filling up the DagBag from /opt/miniconda3/envs/airflow_env/lib/python3.11/site-packages/airflow/example_dags/example_external_task_marker_dag.py
[2025-10-29T19:31:47.019-0700] {processor.py:840} INFO - DAG(s) 'example_external_task_marker_parent', 'example_external_task_marker_child' retrieved from /opt/miniconda3/envs/airflow_env/lib/python3.11/site-packages/airflow/example_dags/example_external_task_marker_dag.py
[2025-10-29T19:31:47.070-0700] {logging_mixin.py:188} INFO - [2025-10-29T19:31:47.069-0700] {dag.py:3089} INFO - Sync 2 DAGs
[2025-10-29T19:31:47.075-0700] {logging_mixin.py:188} INFO - [2025-10-29T19:31:47.075-0700] {dag.py:3947} INFO - Setting next_dagrun for example_external_task_marker_child to None, run_after=None
[2025-10-29T19:31:47.076-0700] {logging_mixin.py:188} INFO - [2025-10-29T19:31:47.076-0700] {dag.py:3947} INFO - Setting next_dagrun for example_external_task_marker_parent to None, run_after=None
[2025-10-29T19:31:47.085-0700] {processor.py:183} INFO - Processing /opt/miniconda3/envs/airflow_env/lib/python3.11/site-packages/airflow/example_dags/example_external_task_marker_dag.py took 0.078 seconds
[2025-10-29T19:34:15.335-0700] {processor.py:161} INFO - Started process (PID=16224) to work on /opt/miniconda3/envs/airflow_env/lib/python3.11/site-packages/airflow/example_dags/example_external_task_marker_dag.py
[2025-10-29T19:34:15.335-0700] {processor.py:830} INFO - Processing file /opt/miniconda3/envs/airflow_env/lib/python3.11/site-packages/airflow/example_dags/example_external_task_marker_dag.py for tasks to queue
[2025-10-29T19:34:15.335-0700] {logging_mixin.py:188} INFO - [2025-10-29T19:34:15.335-0700] {dagbag.py:545} INFO - Filling up the DagBag from /opt/miniconda3/envs/airflow_env/lib/python3.11/site-packages/airflow/example_dags/example_external_task_marker_dag.py
[2025-10-29T19:34:15.343-0700] {processor.py:840} INFO - DAG(s) 'example_external_task_marker_child', 'example_external_task_marker_parent' retrieved from /opt/miniconda3/envs/airflow_env/lib/python3.11/site-packages/airflow/example_dags/example_external_task_marker_dag.py
[2025-10-29T19:34:15.393-0700] {logging_mixin.py:188} INFO - [2025-10-29T19:34:15.392-0700] {dag.py:3089} INFO - Sync 2 DAGs
[2025-10-29T19:34:15.398-0700] {logging_mixin.py:188} INFO - [2025-10-29T19:34:15.397-0700] {dag.py:3947} INFO - Setting next_dagrun for example_external_task_marker_child to None, run_after=None
[2025-10-29T19:34:15.399-0700] {logging_mixin.py:188} INFO - [2025-10-29T19:34:15.399-0700] {dag.py:3947} INFO - Setting next_dagrun for example_external_task_marker_parent to None, run_after=None
[2025-10-29T19:34:15.408-0700] {processor.py:183} INFO - Processing /opt/miniconda3/envs/airflow_env/lib/python3.11/site-packages/airflow/example_dags/example_external_task_marker_dag.py took 0.075 seconds
[2025-10-29T19:36:46.835-0700] {processor.py:161} INFO - Started process (PID=16918) to work on /opt/miniconda3/envs/airflow_env/lib/python3.11/site-packages/airflow/example_dags/example_external_task_marker_dag.py
[2025-10-29T19:36:46.837-0700] {processor.py:830} INFO - Processing file /opt/miniconda3/envs/airflow_env/lib/python3.11/site-packages/airflow/example_dags/example_external_task_marker_dag.py for tasks to queue
[2025-10-29T19:36:46.837-0700] {logging_mixin.py:188} INFO - [2025-10-29T19:36:46.837-0700] {dagbag.py:545} INFO - Filling up the DagBag from /opt/miniconda3/envs/airflow_env/lib/python3.11/site-packages/airflow/example_dags/example_external_task_marker_dag.py
[2025-10-29T19:36:46.845-0700] {processor.py:840} INFO - DAG(s) 'example_external_task_marker_child', 'example_external_task_marker_parent' retrieved from /opt/miniconda3/envs/airflow_env/lib/python3.11/site-packages/airflow/example_dags/example_external_task_marker_dag.py
[2025-10-29T19:36:46.895-0700] {logging_mixin.py:188} INFO - [2025-10-29T19:36:46.894-0700] {dag.py:3089} INFO - Sync 2 DAGs
[2025-10-29T19:36:46.899-0700] {logging_mixin.py:188} INFO - [2025-10-29T19:36:46.899-0700] {dag.py:3947} INFO - Setting next_dagrun for example_external_task_marker_child to None, run_after=None
[2025-10-29T19:36:46.901-0700] {logging_mixin.py:188} INFO - [2025-10-29T19:36:46.901-0700] {dag.py:3947} INFO - Setting next_dagrun for example_external_task_marker_parent to None, run_after=None
[2025-10-29T19:36:46.909-0700] {processor.py:183} INFO - Processing /opt/miniconda3/envs/airflow_env/lib/python3.11/site-packages/airflow/example_dags/example_external_task_marker_dag.py took 0.076 seconds
[2025-10-29T19:39:15.848-0700] {processor.py:161} INFO - Started process (PID=17642) to work on /opt/miniconda3/envs/airflow_env/lib/python3.11/site-packages/airflow/example_dags/example_external_task_marker_dag.py
[2025-10-29T19:39:15.848-0700] {processor.py:830} INFO - Processing file /opt/miniconda3/envs/airflow_env/lib/python3.11/site-packages/airflow/example_dags/example_external_task_marker_dag.py for tasks to queue
[2025-10-29T19:39:15.849-0700] {logging_mixin.py:188} INFO - [2025-10-29T19:39:15.849-0700] {dagbag.py:545} INFO - Filling up the DagBag from /opt/miniconda3/envs/airflow_env/lib/python3.11/site-packages/airflow/example_dags/example_external_task_marker_dag.py
[2025-10-29T19:39:15.856-0700] {processor.py:840} INFO - DAG(s) 'example_external_task_marker_parent', 'example_external_task_marker_child' retrieved from /opt/miniconda3/envs/airflow_env/lib/python3.11/site-packages/airflow/example_dags/example_external_task_marker_dag.py
[2025-10-29T19:39:15.906-0700] {logging_mixin.py:188} INFO - [2025-10-29T19:39:15.905-0700] {dag.py:3089} INFO - Sync 2 DAGs
[2025-10-29T19:39:15.911-0700] {logging_mixin.py:188} INFO - [2025-10-29T19:39:15.911-0700] {dag.py:3947} INFO - Setting next_dagrun for example_external_task_marker_child to None, run_after=None
[2025-10-29T19:39:15.912-0700] {logging_mixin.py:188} INFO - [2025-10-29T19:39:15.912-0700] {dag.py:3947} INFO - Setting next_dagrun for example_external_task_marker_parent to None, run_after=None
[2025-10-29T19:39:15.921-0700] {processor.py:183} INFO - Processing /opt/miniconda3/envs/airflow_env/lib/python3.11/site-packages/airflow/example_dags/example_external_task_marker_dag.py took 0.075 seconds
[2025-10-29T19:41:47.400-0700] {processor.py:161} INFO - Started process (PID=18357) to work on /opt/miniconda3/envs/airflow_env/lib/python3.11/site-packages/airflow/example_dags/example_external_task_marker_dag.py
[2025-10-29T19:41:47.402-0700] {processor.py:830} INFO - Processing file /opt/miniconda3/envs/airflow_env/lib/python3.11/site-packages/airflow/example_dags/example_external_task_marker_dag.py for tasks to queue
[2025-10-29T19:41:47.403-0700] {logging_mixin.py:188} INFO - [2025-10-29T19:41:47.402-0700] {dagbag.py:545} INFO - Filling up the DagBag from /opt/miniconda3/envs/airflow_env/lib/python3.11/site-packages/airflow/example_dags/example_external_task_marker_dag.py
[2025-10-29T19:41:47.410-0700] {processor.py:840} INFO - DAG(s) 'example_external_task_marker_parent', 'example_external_task_marker_child' retrieved from /opt/miniconda3/envs/airflow_env/lib/python3.11/site-packages/airflow/example_dags/example_external_task_marker_dag.py
[2025-10-29T19:41:47.461-0700] {logging_mixin.py:188} INFO - [2025-10-29T19:41:47.460-0700] {dag.py:3089} INFO - Sync 2 DAGs
[2025-10-29T19:41:47.465-0700] {logging_mixin.py:188} INFO - [2025-10-29T19:41:47.465-0700] {dag.py:3947} INFO - Setting next_dagrun for example_external_task_marker_child to None, run_after=None
[2025-10-29T19:41:47.467-0700] {logging_mixin.py:188} INFO - [2025-10-29T19:41:47.467-0700] {dag.py:3947} INFO - Setting next_dagrun for example_external_task_marker_parent to None, run_after=None
[2025-10-29T19:41:47.475-0700] {processor.py:183} INFO - Processing /opt/miniconda3/envs/airflow_env/lib/python3.11/site-packages/airflow/example_dags/example_external_task_marker_dag.py took 0.077 seconds
[2025-10-29T19:44:12.331-0700] {processor.py:161} INFO - Started process (PID=19042) to work on /opt/miniconda3/envs/airflow_env/lib/python3.11/site-packages/airflow/example_dags/example_external_task_marker_dag.py
[2025-10-29T19:44:12.332-0700] {processor.py:830} INFO - Processing file /opt/miniconda3/envs/airflow_env/lib/python3.11/site-packages/airflow/example_dags/example_external_task_marker_dag.py for tasks to queue
[2025-10-29T19:44:12.332-0700] {logging_mixin.py:188} INFO - [2025-10-29T19:44:12.332-0700] {dagbag.py:545} INFO - Filling up the DagBag from /opt/miniconda3/envs/airflow_env/lib/python3.11/site-packages/airflow/example_dags/example_external_task_marker_dag.py
[2025-10-29T19:44:12.340-0700] {processor.py:840} INFO - DAG(s) 'example_external_task_marker_parent', 'example_external_task_marker_child' retrieved from /opt/miniconda3/envs/airflow_env/lib/python3.11/site-packages/airflow/example_dags/example_external_task_marker_dag.py
[2025-10-29T19:44:12.392-0700] {logging_mixin.py:188} INFO - [2025-10-29T19:44:12.392-0700] {dag.py:3089} INFO - Sync 2 DAGs
[2025-10-29T19:44:12.397-0700] {logging_mixin.py:188} INFO - [2025-10-29T19:44:12.397-0700] {dag.py:3947} INFO - Setting next_dagrun for example_external_task_marker_child to None, run_after=None
[2025-10-29T19:44:12.399-0700] {logging_mixin.py:188} INFO - [2025-10-29T19:44:12.399-0700] {dag.py:3947} INFO - Setting next_dagrun for example_external_task_marker_parent to None, run_after=None
[2025-10-29T19:44:12.407-0700] {processor.py:183} INFO - Processing /opt/miniconda3/envs/airflow_env/lib/python3.11/site-packages/airflow/example_dags/example_external_task_marker_dag.py took 0.078 seconds
[2025-10-29T19:45:44.106-0700] {processor.py:161} INFO - Started process (PID=19560) to work on /opt/miniconda3/envs/airflow_env/lib/python3.11/site-packages/airflow/example_dags/example_external_task_marker_dag.py
[2025-10-29T19:45:44.106-0700] {processor.py:830} INFO - Processing file /opt/miniconda3/envs/airflow_env/lib/python3.11/site-packages/airflow/example_dags/example_external_task_marker_dag.py for tasks to queue
[2025-10-29T19:45:44.107-0700] {logging_mixin.py:188} INFO - [2025-10-29T19:45:44.107-0700] {dagbag.py:545} INFO - Filling up the DagBag from /opt/miniconda3/envs/airflow_env/lib/python3.11/site-packages/airflow/example_dags/example_external_task_marker_dag.py
[2025-10-29T19:45:44.114-0700] {processor.py:840} INFO - DAG(s) 'example_external_task_marker_child', 'example_external_task_marker_parent' retrieved from /opt/miniconda3/envs/airflow_env/lib/python3.11/site-packages/airflow/example_dags/example_external_task_marker_dag.py
[2025-10-29T19:45:44.166-0700] {logging_mixin.py:188} INFO - [2025-10-29T19:45:44.166-0700] {dag.py:3089} INFO - Sync 2 DAGs
[2025-10-29T19:45:44.171-0700] {logging_mixin.py:188} INFO - [2025-10-29T19:45:44.171-0700] {dag.py:3947} INFO - Setting next_dagrun for example_external_task_marker_child to None, run_after=None
[2025-10-29T19:45:44.172-0700] {logging_mixin.py:188} INFO - [2025-10-29T19:45:44.172-0700] {dag.py:3947} INFO - Setting next_dagrun for example_external_task_marker_parent to None, run_after=None
[2025-10-29T19:45:44.181-0700] {processor.py:183} INFO - Processing /opt/miniconda3/envs/airflow_env/lib/python3.11/site-packages/airflow/example_dags/example_external_task_marker_dag.py took 0.077 seconds
[2025-10-29T19:48:05.904-0700] {processor.py:161} INFO - Started process (PID=20230) to work on /opt/miniconda3/envs/airflow_env/lib/python3.11/site-packages/airflow/example_dags/example_external_task_marker_dag.py
[2025-10-29T19:48:05.906-0700] {processor.py:830} INFO - Processing file /opt/miniconda3/envs/airflow_env/lib/python3.11/site-packages/airflow/example_dags/example_external_task_marker_dag.py for tasks to queue
[2025-10-29T19:48:05.906-0700] {logging_mixin.py:188} INFO - [2025-10-29T19:48:05.906-0700] {dagbag.py:545} INFO - Filling up the DagBag from /opt/miniconda3/envs/airflow_env/lib/python3.11/site-packages/airflow/example_dags/example_external_task_marker_dag.py
[2025-10-29T19:48:05.914-0700] {processor.py:840} INFO - DAG(s) 'example_external_task_marker_parent', 'example_external_task_marker_child' retrieved from /opt/miniconda3/envs/airflow_env/lib/python3.11/site-packages/airflow/example_dags/example_external_task_marker_dag.py
[2025-10-29T19:48:05.965-0700] {logging_mixin.py:188} INFO - [2025-10-29T19:48:05.965-0700] {dag.py:3089} INFO - Sync 2 DAGs
[2025-10-29T19:48:05.970-0700] {logging_mixin.py:188} INFO - [2025-10-29T19:48:05.970-0700] {dag.py:3947} INFO - Setting next_dagrun for example_external_task_marker_child to None, run_after=None
[2025-10-29T19:48:05.972-0700] {logging_mixin.py:188} INFO - [2025-10-29T19:48:05.971-0700] {dag.py:3947} INFO - Setting next_dagrun for example_external_task_marker_parent to None, run_after=None
[2025-10-29T19:48:05.980-0700] {processor.py:183} INFO - Processing /opt/miniconda3/envs/airflow_env/lib/python3.11/site-packages/airflow/example_dags/example_external_task_marker_dag.py took 0.078 seconds
[2025-10-29T20:00:22.878-0700] {processor.py:161} INFO - Started process (PID=23096) to work on /opt/miniconda3/envs/airflow_env/lib/python3.11/site-packages/airflow/example_dags/example_external_task_marker_dag.py
[2025-10-29T20:00:22.880-0700] {processor.py:830} INFO - Processing file /opt/miniconda3/envs/airflow_env/lib/python3.11/site-packages/airflow/example_dags/example_external_task_marker_dag.py for tasks to queue
[2025-10-29T20:00:22.880-0700] {logging_mixin.py:188} INFO - [2025-10-29T20:00:22.880-0700] {dagbag.py:545} INFO - Filling up the DagBag from /opt/miniconda3/envs/airflow_env/lib/python3.11/site-packages/airflow/example_dags/example_external_task_marker_dag.py
[2025-10-29T20:00:22.888-0700] {processor.py:840} INFO - DAG(s) 'example_external_task_marker_parent', 'example_external_task_marker_child' retrieved from /opt/miniconda3/envs/airflow_env/lib/python3.11/site-packages/airflow/example_dags/example_external_task_marker_dag.py
[2025-10-29T20:00:22.940-0700] {logging_mixin.py:188} INFO - [2025-10-29T20:00:22.940-0700] {dag.py:3089} INFO - Sync 2 DAGs
[2025-10-29T20:00:22.945-0700] {logging_mixin.py:188} INFO - [2025-10-29T20:00:22.945-0700] {dag.py:3947} INFO - Setting next_dagrun for example_external_task_marker_child to None, run_after=None
[2025-10-29T20:00:22.946-0700] {logging_mixin.py:188} INFO - [2025-10-29T20:00:22.946-0700] {dag.py:3947} INFO - Setting next_dagrun for example_external_task_marker_parent to None, run_after=None
[2025-10-29T20:00:22.955-0700] {processor.py:183} INFO - Processing /opt/miniconda3/envs/airflow_env/lib/python3.11/site-packages/airflow/example_dags/example_external_task_marker_dag.py took 0.078 seconds
[2025-10-29T20:01:28.548-0700] {processor.py:161} INFO - Started process (PID=23477) to work on /opt/miniconda3/envs/airflow_env/lib/python3.11/site-packages/airflow/example_dags/example_external_task_marker_dag.py
[2025-10-29T20:01:28.548-0700] {processor.py:830} INFO - Processing file /opt/miniconda3/envs/airflow_env/lib/python3.11/site-packages/airflow/example_dags/example_external_task_marker_dag.py for tasks to queue
[2025-10-29T20:01:28.549-0700] {logging_mixin.py:188} INFO - [2025-10-29T20:01:28.549-0700] {dagbag.py:545} INFO - Filling up the DagBag from /opt/miniconda3/envs/airflow_env/lib/python3.11/site-packages/airflow/example_dags/example_external_task_marker_dag.py
[2025-10-29T20:01:28.557-0700] {processor.py:840} INFO - DAG(s) 'example_external_task_marker_child', 'example_external_task_marker_parent' retrieved from /opt/miniconda3/envs/airflow_env/lib/python3.11/site-packages/airflow/example_dags/example_external_task_marker_dag.py
[2025-10-29T20:01:28.608-0700] {logging_mixin.py:188} INFO - [2025-10-29T20:01:28.608-0700] {dag.py:3089} INFO - Sync 2 DAGs
[2025-10-29T20:01:28.613-0700] {logging_mixin.py:188} INFO - [2025-10-29T20:01:28.613-0700] {dag.py:3947} INFO - Setting next_dagrun for example_external_task_marker_child to None, run_after=None
[2025-10-29T20:01:28.615-0700] {logging_mixin.py:188} INFO - [2025-10-29T20:01:28.614-0700] {dag.py:3947} INFO - Setting next_dagrun for example_external_task_marker_parent to None, run_after=None
[2025-10-29T20:01:28.623-0700] {processor.py:183} INFO - Processing /opt/miniconda3/envs/airflow_env/lib/python3.11/site-packages/airflow/example_dags/example_external_task_marker_dag.py took 0.077 seconds
[2025-10-29T20:02:48.965-0700] {processor.py:161} INFO - Started process (PID=23924) to work on /opt/miniconda3/envs/airflow_env/lib/python3.11/site-packages/airflow/example_dags/example_external_task_marker_dag.py
[2025-10-29T20:02:48.965-0700] {processor.py:830} INFO - Processing file /opt/miniconda3/envs/airflow_env/lib/python3.11/site-packages/airflow/example_dags/example_external_task_marker_dag.py for tasks to queue
[2025-10-29T20:02:48.966-0700] {logging_mixin.py:188} INFO - [2025-10-29T20:02:48.966-0700] {dagbag.py:545} INFO - Filling up the DagBag from /opt/miniconda3/envs/airflow_env/lib/python3.11/site-packages/airflow/example_dags/example_external_task_marker_dag.py
[2025-10-29T20:02:48.973-0700] {processor.py:840} INFO - DAG(s) 'example_external_task_marker_child', 'example_external_task_marker_parent' retrieved from /opt/miniconda3/envs/airflow_env/lib/python3.11/site-packages/airflow/example_dags/example_external_task_marker_dag.py
[2025-10-29T20:02:49.024-0700] {logging_mixin.py:188} INFO - [2025-10-29T20:02:49.024-0700] {dag.py:3089} INFO - Sync 2 DAGs
[2025-10-29T20:02:49.029-0700] {logging_mixin.py:188} INFO - [2025-10-29T20:02:49.028-0700] {dag.py:3947} INFO - Setting next_dagrun for example_external_task_marker_child to None, run_after=None
[2025-10-29T20:02:49.030-0700] {logging_mixin.py:188} INFO - [2025-10-29T20:02:49.030-0700] {dag.py:3947} INFO - Setting next_dagrun for example_external_task_marker_parent to None, run_after=None
[2025-10-29T20:02:49.039-0700] {processor.py:183} INFO - Processing /opt/miniconda3/envs/airflow_env/lib/python3.11/site-packages/airflow/example_dags/example_external_task_marker_dag.py took 0.076 seconds
[2025-10-29T20:03:54.637-0700] {processor.py:161} INFO - Started process (PID=24304) to work on /opt/miniconda3/envs/airflow_env/lib/python3.11/site-packages/airflow/example_dags/example_external_task_marker_dag.py
[2025-10-29T20:03:54.639-0700] {processor.py:830} INFO - Processing file /opt/miniconda3/envs/airflow_env/lib/python3.11/site-packages/airflow/example_dags/example_external_task_marker_dag.py for tasks to queue
[2025-10-29T20:03:54.639-0700] {logging_mixin.py:188} INFO - [2025-10-29T20:03:54.639-0700] {dagbag.py:545} INFO - Filling up the DagBag from /opt/miniconda3/envs/airflow_env/lib/python3.11/site-packages/airflow/example_dags/example_external_task_marker_dag.py
[2025-10-29T20:03:54.647-0700] {processor.py:840} INFO - DAG(s) 'example_external_task_marker_child', 'example_external_task_marker_parent' retrieved from /opt/miniconda3/envs/airflow_env/lib/python3.11/site-packages/airflow/example_dags/example_external_task_marker_dag.py
[2025-10-29T20:03:54.697-0700] {logging_mixin.py:188} INFO - [2025-10-29T20:03:54.697-0700] {dag.py:3089} INFO - Sync 2 DAGs
[2025-10-29T20:03:54.702-0700] {logging_mixin.py:188} INFO - [2025-10-29T20:03:54.701-0700] {dag.py:3947} INFO - Setting next_dagrun for example_external_task_marker_child to None, run_after=None
[2025-10-29T20:03:54.703-0700] {logging_mixin.py:188} INFO - [2025-10-29T20:03:54.703-0700] {dag.py:3947} INFO - Setting next_dagrun for example_external_task_marker_parent to None, run_after=None
[2025-10-29T20:03:54.712-0700] {processor.py:183} INFO - Processing /opt/miniconda3/envs/airflow_env/lib/python3.11/site-packages/airflow/example_dags/example_external_task_marker_dag.py took 0.076 seconds
[2025-10-29T20:05:10.709-0700] {processor.py:161} INFO - Started process (PID=24746) to work on /opt/miniconda3/envs/airflow_env/lib/python3.11/site-packages/airflow/example_dags/example_external_task_marker_dag.py
[2025-10-29T20:05:10.710-0700] {processor.py:830} INFO - Processing file /opt/miniconda3/envs/airflow_env/lib/python3.11/site-packages/airflow/example_dags/example_external_task_marker_dag.py for tasks to queue
[2025-10-29T20:05:10.710-0700] {logging_mixin.py:188} INFO - [2025-10-29T20:05:10.710-0700] {dagbag.py:545} INFO - Filling up the DagBag from /opt/miniconda3/envs/airflow_env/lib/python3.11/site-packages/airflow/example_dags/example_external_task_marker_dag.py
[2025-10-29T20:05:10.719-0700] {processor.py:840} INFO - DAG(s) 'example_external_task_marker_parent', 'example_external_task_marker_child' retrieved from /opt/miniconda3/envs/airflow_env/lib/python3.11/site-packages/airflow/example_dags/example_external_task_marker_dag.py
[2025-10-29T20:05:10.772-0700] {logging_mixin.py:188} INFO - [2025-10-29T20:05:10.772-0700] {dag.py:3089} INFO - Sync 2 DAGs
[2025-10-29T20:05:10.777-0700] {logging_mixin.py:188} INFO - [2025-10-29T20:05:10.777-0700] {dag.py:3947} INFO - Setting next_dagrun for example_external_task_marker_child to None, run_after=None
[2025-10-29T20:05:10.779-0700] {logging_mixin.py:188} INFO - [2025-10-29T20:05:10.779-0700] {dag.py:3947} INFO - Setting next_dagrun for example_external_task_marker_parent to None, run_after=None
[2025-10-29T20:05:10.788-0700] {processor.py:183} INFO - Processing /opt/miniconda3/envs/airflow_env/lib/python3.11/site-packages/airflow/example_dags/example_external_task_marker_dag.py took 0.081 seconds
[2025-10-29T20:06:23.809-0700] {processor.py:161} INFO - Started process (PID=25160) to work on /opt/miniconda3/envs/airflow_env/lib/python3.11/site-packages/airflow/example_dags/example_external_task_marker_dag.py
[2025-10-29T20:06:23.810-0700] {processor.py:830} INFO - Processing file /opt/miniconda3/envs/airflow_env/lib/python3.11/site-packages/airflow/example_dags/example_external_task_marker_dag.py for tasks to queue
[2025-10-29T20:06:23.810-0700] {logging_mixin.py:188} INFO - [2025-10-29T20:06:23.810-0700] {dagbag.py:545} INFO - Filling up the DagBag from /opt/miniconda3/envs/airflow_env/lib/python3.11/site-packages/airflow/example_dags/example_external_task_marker_dag.py
[2025-10-29T20:06:23.818-0700] {processor.py:840} INFO - DAG(s) 'example_external_task_marker_parent', 'example_external_task_marker_child' retrieved from /opt/miniconda3/envs/airflow_env/lib/python3.11/site-packages/airflow/example_dags/example_external_task_marker_dag.py
[2025-10-29T20:06:23.870-0700] {logging_mixin.py:188} INFO - [2025-10-29T20:06:23.870-0700] {dag.py:3089} INFO - Sync 2 DAGs
[2025-10-29T20:06:23.875-0700] {logging_mixin.py:188} INFO - [2025-10-29T20:06:23.875-0700] {dag.py:3947} INFO - Setting next_dagrun for example_external_task_marker_child to None, run_after=None
[2025-10-29T20:06:23.877-0700] {logging_mixin.py:188} INFO - [2025-10-29T20:06:23.876-0700] {dag.py:3947} INFO - Setting next_dagrun for example_external_task_marker_parent to None, run_after=None
[2025-10-29T20:06:23.885-0700] {processor.py:183} INFO - Processing /opt/miniconda3/envs/airflow_env/lib/python3.11/site-packages/airflow/example_dags/example_external_task_marker_dag.py took 0.078 seconds
[2025-10-29T20:07:37.482-0700] {processor.py:161} INFO - Started process (PID=25576) to work on /opt/miniconda3/envs/airflow_env/lib/python3.11/site-packages/airflow/example_dags/example_external_task_marker_dag.py
[2025-10-29T20:07:37.482-0700] {processor.py:830} INFO - Processing file /opt/miniconda3/envs/airflow_env/lib/python3.11/site-packages/airflow/example_dags/example_external_task_marker_dag.py for tasks to queue
[2025-10-29T20:07:37.483-0700] {logging_mixin.py:188} INFO - [2025-10-29T20:07:37.483-0700] {dagbag.py:545} INFO - Filling up the DagBag from /opt/miniconda3/envs/airflow_env/lib/python3.11/site-packages/airflow/example_dags/example_external_task_marker_dag.py
[2025-10-29T20:07:37.491-0700] {processor.py:840} INFO - DAG(s) 'example_external_task_marker_parent', 'example_external_task_marker_child' retrieved from /opt/miniconda3/envs/airflow_env/lib/python3.11/site-packages/airflow/example_dags/example_external_task_marker_dag.py
[2025-10-29T20:07:37.545-0700] {logging_mixin.py:188} INFO - [2025-10-29T20:07:37.545-0700] {dag.py:3089} INFO - Sync 2 DAGs
[2025-10-29T20:07:37.550-0700] {logging_mixin.py:188} INFO - [2025-10-29T20:07:37.550-0700] {dag.py:3947} INFO - Setting next_dagrun for example_external_task_marker_child to None, run_after=None
[2025-10-29T20:07:37.551-0700] {logging_mixin.py:188} INFO - [2025-10-29T20:07:37.551-0700] {dag.py:3947} INFO - Setting next_dagrun for example_external_task_marker_parent to None, run_after=None
[2025-10-29T20:07:37.560-0700] {processor.py:183} INFO - Processing /opt/miniconda3/envs/airflow_env/lib/python3.11/site-packages/airflow/example_dags/example_external_task_marker_dag.py took 0.080 seconds
[2025-10-29T20:08:47.044-0700] {processor.py:161} INFO - Started process (PID=25982) to work on /opt/miniconda3/envs/airflow_env/lib/python3.11/site-packages/airflow/example_dags/example_external_task_marker_dag.py
[2025-10-29T20:08:47.044-0700] {processor.py:830} INFO - Processing file /opt/miniconda3/envs/airflow_env/lib/python3.11/site-packages/airflow/example_dags/example_external_task_marker_dag.py for tasks to queue
[2025-10-29T20:08:47.045-0700] {logging_mixin.py:188} INFO - [2025-10-29T20:08:47.045-0700] {dagbag.py:545} INFO - Filling up the DagBag from /opt/miniconda3/envs/airflow_env/lib/python3.11/site-packages/airflow/example_dags/example_external_task_marker_dag.py
[2025-10-29T20:08:47.052-0700] {processor.py:840} INFO - DAG(s) 'example_external_task_marker_child', 'example_external_task_marker_parent' retrieved from /opt/miniconda3/envs/airflow_env/lib/python3.11/site-packages/airflow/example_dags/example_external_task_marker_dag.py
[2025-10-29T20:08:47.105-0700] {logging_mixin.py:188} INFO - [2025-10-29T20:08:47.105-0700] {dag.py:3089} INFO - Sync 2 DAGs
[2025-10-29T20:08:47.110-0700] {logging_mixin.py:188} INFO - [2025-10-29T20:08:47.110-0700] {dag.py:3947} INFO - Setting next_dagrun for example_external_task_marker_child to None, run_after=None
[2025-10-29T20:08:47.112-0700] {logging_mixin.py:188} INFO - [2025-10-29T20:08:47.112-0700] {dag.py:3947} INFO - Setting next_dagrun for example_external_task_marker_parent to None, run_after=None
[2025-10-29T20:08:47.122-0700] {processor.py:183} INFO - Processing /opt/miniconda3/envs/airflow_env/lib/python3.11/site-packages/airflow/example_dags/example_external_task_marker_dag.py took 0.081 seconds
[2025-10-29T20:10:08.500-0700] {processor.py:161} INFO - Started process (PID=26220) to work on /opt/miniconda3/envs/airflow_env/lib/python3.11/site-packages/airflow/example_dags/example_external_task_marker_dag.py
[2025-10-29T20:10:08.500-0700] {processor.py:830} INFO - Processing file /opt/miniconda3/envs/airflow_env/lib/python3.11/site-packages/airflow/example_dags/example_external_task_marker_dag.py for tasks to queue
[2025-10-29T20:10:08.501-0700] {logging_mixin.py:188} INFO - [2025-10-29T20:10:08.500-0700] {dagbag.py:545} INFO - Filling up the DagBag from /opt/miniconda3/envs/airflow_env/lib/python3.11/site-packages/airflow/example_dags/example_external_task_marker_dag.py
[2025-10-29T20:10:08.508-0700] {processor.py:840} INFO - DAG(s) 'example_external_task_marker_child', 'example_external_task_marker_parent' retrieved from /opt/miniconda3/envs/airflow_env/lib/python3.11/site-packages/airflow/example_dags/example_external_task_marker_dag.py
[2025-10-29T20:10:08.559-0700] {logging_mixin.py:188} INFO - [2025-10-29T20:10:08.559-0700] {dag.py:3089} INFO - Sync 2 DAGs
[2025-10-29T20:10:08.565-0700] {logging_mixin.py:188} INFO - [2025-10-29T20:10:08.564-0700] {dag.py:3947} INFO - Setting next_dagrun for example_external_task_marker_child to None, run_after=None
[2025-10-29T20:10:08.566-0700] {logging_mixin.py:188} INFO - [2025-10-29T20:10:08.566-0700] {dag.py:3947} INFO - Setting next_dagrun for example_external_task_marker_parent to None, run_after=None
[2025-10-29T20:10:08.575-0700] {processor.py:183} INFO - Processing /opt/miniconda3/envs/airflow_env/lib/python3.11/site-packages/airflow/example_dags/example_external_task_marker_dag.py took 0.078 seconds
[2025-10-29T20:11:17.661-0700] {processor.py:161} INFO - Started process (PID=26432) to work on /opt/miniconda3/envs/airflow_env/lib/python3.11/site-packages/airflow/example_dags/example_external_task_marker_dag.py
[2025-10-29T20:11:17.662-0700] {processor.py:830} INFO - Processing file /opt/miniconda3/envs/airflow_env/lib/python3.11/site-packages/airflow/example_dags/example_external_task_marker_dag.py for tasks to queue
[2025-10-29T20:11:17.663-0700] {logging_mixin.py:188} INFO - [2025-10-29T20:11:17.663-0700] {dagbag.py:545} INFO - Filling up the DagBag from /opt/miniconda3/envs/airflow_env/lib/python3.11/site-packages/airflow/example_dags/example_external_task_marker_dag.py
[2025-10-29T20:11:17.671-0700] {processor.py:840} INFO - DAG(s) 'example_external_task_marker_child', 'example_external_task_marker_parent' retrieved from /opt/miniconda3/envs/airflow_env/lib/python3.11/site-packages/airflow/example_dags/example_external_task_marker_dag.py
[2025-10-29T20:11:17.722-0700] {logging_mixin.py:188} INFO - [2025-10-29T20:11:17.721-0700] {dag.py:3089} INFO - Sync 2 DAGs
[2025-10-29T20:11:17.726-0700] {logging_mixin.py:188} INFO - [2025-10-29T20:11:17.726-0700] {dag.py:3947} INFO - Setting next_dagrun for example_external_task_marker_child to None, run_after=None
[2025-10-29T20:11:17.728-0700] {logging_mixin.py:188} INFO - [2025-10-29T20:11:17.728-0700] {dag.py:3947} INFO - Setting next_dagrun for example_external_task_marker_parent to None, run_after=None
[2025-10-29T20:11:17.738-0700] {processor.py:183} INFO - Processing /opt/miniconda3/envs/airflow_env/lib/python3.11/site-packages/airflow/example_dags/example_external_task_marker_dag.py took 0.080 seconds
[2025-10-29T20:12:40.956-0700] {processor.py:161} INFO - Started process (PID=26732) to work on /opt/miniconda3/envs/airflow_env/lib/python3.11/site-packages/airflow/example_dags/example_external_task_marker_dag.py
[2025-10-29T20:12:40.957-0700] {processor.py:830} INFO - Processing file /opt/miniconda3/envs/airflow_env/lib/python3.11/site-packages/airflow/example_dags/example_external_task_marker_dag.py for tasks to queue
[2025-10-29T20:12:40.958-0700] {logging_mixin.py:188} INFO - [2025-10-29T20:12:40.958-0700] {dagbag.py:545} INFO - Filling up the DagBag from /opt/miniconda3/envs/airflow_env/lib/python3.11/site-packages/airflow/example_dags/example_external_task_marker_dag.py
[2025-10-29T20:12:40.968-0700] {processor.py:840} INFO - DAG(s) 'example_external_task_marker_child', 'example_external_task_marker_parent' retrieved from /opt/miniconda3/envs/airflow_env/lib/python3.11/site-packages/airflow/example_dags/example_external_task_marker_dag.py
[2025-10-29T20:12:41.037-0700] {logging_mixin.py:188} INFO - [2025-10-29T20:12:41.037-0700] {dag.py:3089} INFO - Sync 2 DAGs
[2025-10-29T20:12:41.044-0700] {logging_mixin.py:188} INFO - [2025-10-29T20:12:41.043-0700] {dag.py:3947} INFO - Setting next_dagrun for example_external_task_marker_child to None, run_after=None
[2025-10-29T20:12:41.046-0700] {logging_mixin.py:188} INFO - [2025-10-29T20:12:41.046-0700] {dag.py:3947} INFO - Setting next_dagrun for example_external_task_marker_parent to None, run_after=None
[2025-10-29T20:12:41.058-0700] {processor.py:183} INFO - Processing /opt/miniconda3/envs/airflow_env/lib/python3.11/site-packages/airflow/example_dags/example_external_task_marker_dag.py took 0.104 seconds
[2025-10-29T20:12:49.677-0700] {processor.py:161} INFO - Started process (PID=26757) to work on /opt/miniconda3/envs/airflow_env/lib/python3.11/site-packages/airflow/example_dags/example_external_task_marker_dag.py
[2025-10-29T20:12:49.679-0700] {processor.py:830} INFO - Processing file /opt/miniconda3/envs/airflow_env/lib/python3.11/site-packages/airflow/example_dags/example_external_task_marker_dag.py for tasks to queue
[2025-10-29T20:12:49.679-0700] {logging_mixin.py:188} INFO - [2025-10-29T20:12:49.679-0700] {dagbag.py:545} INFO - Filling up the DagBag from /opt/miniconda3/envs/airflow_env/lib/python3.11/site-packages/airflow/example_dags/example_external_task_marker_dag.py
[2025-10-29T20:12:49.694-0700] {processor.py:840} INFO - DAG(s) 'example_external_task_marker_child', 'example_external_task_marker_parent' retrieved from /opt/miniconda3/envs/airflow_env/lib/python3.11/site-packages/airflow/example_dags/example_external_task_marker_dag.py
[2025-10-29T20:12:49.801-0700] {logging_mixin.py:188} INFO - [2025-10-29T20:12:49.800-0700] {dag.py:3089} INFO - Sync 2 DAGs
[2025-10-29T20:12:49.810-0700] {logging_mixin.py:188} INFO - [2025-10-29T20:12:49.810-0700] {dag.py:3947} INFO - Setting next_dagrun for example_external_task_marker_child to None, run_after=None
[2025-10-29T20:12:49.813-0700] {logging_mixin.py:188} INFO - [2025-10-29T20:12:49.813-0700] {dag.py:3947} INFO - Setting next_dagrun for example_external_task_marker_parent to None, run_after=None
[2025-10-29T20:12:49.830-0700] {processor.py:183} INFO - Processing /opt/miniconda3/envs/airflow_env/lib/python3.11/site-packages/airflow/example_dags/example_external_task_marker_dag.py took 0.157 seconds
[2025-10-29T20:14:00.428-0700] {processor.py:161} INFO - Started process (PID=27010) to work on /opt/miniconda3/envs/airflow_env/lib/python3.11/site-packages/airflow/example_dags/example_external_task_marker_dag.py
[2025-10-29T20:14:00.429-0700] {processor.py:830} INFO - Processing file /opt/miniconda3/envs/airflow_env/lib/python3.11/site-packages/airflow/example_dags/example_external_task_marker_dag.py for tasks to queue
[2025-10-29T20:14:00.429-0700] {logging_mixin.py:188} INFO - [2025-10-29T20:14:00.429-0700] {dagbag.py:545} INFO - Filling up the DagBag from /opt/miniconda3/envs/airflow_env/lib/python3.11/site-packages/airflow/example_dags/example_external_task_marker_dag.py
[2025-10-29T20:14:00.437-0700] {processor.py:840} INFO - DAG(s) 'example_external_task_marker_parent', 'example_external_task_marker_child' retrieved from /opt/miniconda3/envs/airflow_env/lib/python3.11/site-packages/airflow/example_dags/example_external_task_marker_dag.py
[2025-10-29T20:14:00.487-0700] {logging_mixin.py:188} INFO - [2025-10-29T20:14:00.487-0700] {dag.py:3089} INFO - Sync 2 DAGs
[2025-10-29T20:14:00.492-0700] {logging_mixin.py:188} INFO - [2025-10-29T20:14:00.492-0700] {dag.py:3947} INFO - Setting next_dagrun for example_external_task_marker_child to None, run_after=None
[2025-10-29T20:14:00.493-0700] {logging_mixin.py:188} INFO - [2025-10-29T20:14:00.493-0700] {dag.py:3947} INFO - Setting next_dagrun for example_external_task_marker_parent to None, run_after=None
[2025-10-29T20:14:00.502-0700] {processor.py:183} INFO - Processing /opt/miniconda3/envs/airflow_env/lib/python3.11/site-packages/airflow/example_dags/example_external_task_marker_dag.py took 0.076 seconds
[2025-10-29T20:14:35.387-0700] {processor.py:161} INFO - Started process (PID=27121) to work on /opt/miniconda3/envs/airflow_env/lib/python3.11/site-packages/airflow/example_dags/example_external_task_marker_dag.py
[2025-10-29T20:14:35.388-0700] {processor.py:830} INFO - Processing file /opt/miniconda3/envs/airflow_env/lib/python3.11/site-packages/airflow/example_dags/example_external_task_marker_dag.py for tasks to queue
[2025-10-29T20:14:35.388-0700] {logging_mixin.py:188} INFO - [2025-10-29T20:14:35.388-0700] {dagbag.py:545} INFO - Filling up the DagBag from /opt/miniconda3/envs/airflow_env/lib/python3.11/site-packages/airflow/example_dags/example_external_task_marker_dag.py
[2025-10-29T20:14:35.397-0700] {processor.py:840} INFO - DAG(s) 'example_external_task_marker_child', 'example_external_task_marker_parent' retrieved from /opt/miniconda3/envs/airflow_env/lib/python3.11/site-packages/airflow/example_dags/example_external_task_marker_dag.py
[2025-10-29T20:14:35.456-0700] {logging_mixin.py:188} INFO - [2025-10-29T20:14:35.456-0700] {dag.py:3089} INFO - Sync 2 DAGs
[2025-10-29T20:14:35.462-0700] {logging_mixin.py:188} INFO - [2025-10-29T20:14:35.462-0700] {dag.py:3947} INFO - Setting next_dagrun for example_external_task_marker_child to None, run_after=None
[2025-10-29T20:14:35.464-0700] {logging_mixin.py:188} INFO - [2025-10-29T20:14:35.464-0700] {dag.py:3947} INFO - Setting next_dagrun for example_external_task_marker_parent to None, run_after=None
[2025-10-29T20:14:35.475-0700] {processor.py:183} INFO - Processing /opt/miniconda3/envs/airflow_env/lib/python3.11/site-packages/airflow/example_dags/example_external_task_marker_dag.py took 0.091 seconds
[2025-10-29T20:14:42.266-0700] {processor.py:161} INFO - Started process (PID=27142) to work on /opt/miniconda3/envs/airflow_env/lib/python3.11/site-packages/airflow/example_dags/example_external_task_marker_dag.py
[2025-10-29T20:14:42.267-0700] {processor.py:830} INFO - Processing file /opt/miniconda3/envs/airflow_env/lib/python3.11/site-packages/airflow/example_dags/example_external_task_marker_dag.py for tasks to queue
[2025-10-29T20:14:42.268-0700] {logging_mixin.py:188} INFO - [2025-10-29T20:14:42.268-0700] {dagbag.py:545} INFO - Filling up the DagBag from /opt/miniconda3/envs/airflow_env/lib/python3.11/site-packages/airflow/example_dags/example_external_task_marker_dag.py
[2025-10-29T20:14:42.281-0700] {processor.py:840} INFO - DAG(s) 'example_external_task_marker_parent', 'example_external_task_marker_child' retrieved from /opt/miniconda3/envs/airflow_env/lib/python3.11/site-packages/airflow/example_dags/example_external_task_marker_dag.py
[2025-10-29T20:14:42.371-0700] {logging_mixin.py:188} INFO - [2025-10-29T20:14:42.371-0700] {dag.py:3089} INFO - Sync 2 DAGs
[2025-10-29T20:14:42.380-0700] {logging_mixin.py:188} INFO - [2025-10-29T20:14:42.380-0700] {dag.py:3947} INFO - Setting next_dagrun for example_external_task_marker_child to None, run_after=None
[2025-10-29T20:14:42.382-0700] {logging_mixin.py:188} INFO - [2025-10-29T20:14:42.382-0700] {dag.py:3947} INFO - Setting next_dagrun for example_external_task_marker_parent to None, run_after=None
[2025-10-29T20:14:42.398-0700] {processor.py:183} INFO - Processing /opt/miniconda3/envs/airflow_env/lib/python3.11/site-packages/airflow/example_dags/example_external_task_marker_dag.py took 0.135 seconds
[2025-10-29T20:15:58.898-0700] {processor.py:161} INFO - Started process (PID=27404) to work on /opt/miniconda3/envs/airflow_env/lib/python3.11/site-packages/airflow/example_dags/example_external_task_marker_dag.py
[2025-10-29T20:15:58.899-0700] {processor.py:830} INFO - Processing file /opt/miniconda3/envs/airflow_env/lib/python3.11/site-packages/airflow/example_dags/example_external_task_marker_dag.py for tasks to queue
[2025-10-29T20:15:58.900-0700] {logging_mixin.py:188} INFO - [2025-10-29T20:15:58.899-0700] {dagbag.py:545} INFO - Filling up the DagBag from /opt/miniconda3/envs/airflow_env/lib/python3.11/site-packages/airflow/example_dags/example_external_task_marker_dag.py
[2025-10-29T20:15:58.910-0700] {processor.py:840} INFO - DAG(s) 'example_external_task_marker_parent', 'example_external_task_marker_child' retrieved from /opt/miniconda3/envs/airflow_env/lib/python3.11/site-packages/airflow/example_dags/example_external_task_marker_dag.py
[2025-10-29T20:15:58.979-0700] {logging_mixin.py:188} INFO - [2025-10-29T20:15:58.979-0700] {dag.py:3089} INFO - Sync 2 DAGs
[2025-10-29T20:15:58.986-0700] {logging_mixin.py:188} INFO - [2025-10-29T20:15:58.986-0700] {dag.py:3947} INFO - Setting next_dagrun for example_external_task_marker_child to None, run_after=None
[2025-10-29T20:15:58.988-0700] {logging_mixin.py:188} INFO - [2025-10-29T20:15:58.988-0700] {dag.py:3947} INFO - Setting next_dagrun for example_external_task_marker_parent to None, run_after=None
[2025-10-29T20:15:58.999-0700] {processor.py:183} INFO - Processing /opt/miniconda3/envs/airflow_env/lib/python3.11/site-packages/airflow/example_dags/example_external_task_marker_dag.py took 0.104 seconds
[2025-10-29T20:17:33.574-0700] {processor.py:161} INFO - Started process (PID=27723) to work on /opt/miniconda3/envs/airflow_env/lib/python3.11/site-packages/airflow/example_dags/example_external_task_marker_dag.py
[2025-10-29T20:17:33.576-0700] {processor.py:830} INFO - Processing file /opt/miniconda3/envs/airflow_env/lib/python3.11/site-packages/airflow/example_dags/example_external_task_marker_dag.py for tasks to queue
[2025-10-29T20:17:33.576-0700] {logging_mixin.py:188} INFO - [2025-10-29T20:17:33.576-0700] {dagbag.py:545} INFO - Filling up the DagBag from /opt/miniconda3/envs/airflow_env/lib/python3.11/site-packages/airflow/example_dags/example_external_task_marker_dag.py
[2025-10-29T20:17:33.586-0700] {processor.py:840} INFO - DAG(s) 'example_external_task_marker_parent', 'example_external_task_marker_child' retrieved from /opt/miniconda3/envs/airflow_env/lib/python3.11/site-packages/airflow/example_dags/example_external_task_marker_dag.py
[2025-10-29T20:17:33.653-0700] {logging_mixin.py:188} INFO - [2025-10-29T20:17:33.653-0700] {dag.py:3089} INFO - Sync 2 DAGs
[2025-10-29T20:17:33.661-0700] {logging_mixin.py:188} INFO - [2025-10-29T20:17:33.661-0700] {dag.py:3947} INFO - Setting next_dagrun for example_external_task_marker_child to None, run_after=None
[2025-10-29T20:17:33.664-0700] {logging_mixin.py:188} INFO - [2025-10-29T20:17:33.664-0700] {dag.py:3947} INFO - Setting next_dagrun for example_external_task_marker_parent to None, run_after=None
[2025-10-29T20:17:33.679-0700] {processor.py:183} INFO - Processing /opt/miniconda3/envs/airflow_env/lib/python3.11/site-packages/airflow/example_dags/example_external_task_marker_dag.py took 0.108 seconds
[2025-10-29T20:17:37.618-0700] {processor.py:161} INFO - Started process (PID=27733) to work on /opt/miniconda3/envs/airflow_env/lib/python3.11/site-packages/airflow/example_dags/example_external_task_marker_dag.py
[2025-10-29T20:17:37.619-0700] {processor.py:830} INFO - Processing file /opt/miniconda3/envs/airflow_env/lib/python3.11/site-packages/airflow/example_dags/example_external_task_marker_dag.py for tasks to queue
[2025-10-29T20:17:37.619-0700] {logging_mixin.py:188} INFO - [2025-10-29T20:17:37.619-0700] {dagbag.py:545} INFO - Filling up the DagBag from /opt/miniconda3/envs/airflow_env/lib/python3.11/site-packages/airflow/example_dags/example_external_task_marker_dag.py
[2025-10-29T20:17:37.634-0700] {processor.py:840} INFO - DAG(s) 'example_external_task_marker_parent', 'example_external_task_marker_child' retrieved from /opt/miniconda3/envs/airflow_env/lib/python3.11/site-packages/airflow/example_dags/example_external_task_marker_dag.py
[2025-10-29T20:17:37.729-0700] {logging_mixin.py:188} INFO - [2025-10-29T20:17:37.729-0700] {dag.py:3089} INFO - Sync 2 DAGs
[2025-10-29T20:17:37.738-0700] {logging_mixin.py:188} INFO - [2025-10-29T20:17:37.738-0700] {dag.py:3947} INFO - Setting next_dagrun for example_external_task_marker_child to None, run_after=None
[2025-10-29T20:17:37.741-0700] {logging_mixin.py:188} INFO - [2025-10-29T20:17:37.741-0700] {dag.py:3947} INFO - Setting next_dagrun for example_external_task_marker_parent to None, run_after=None
[2025-10-29T20:17:37.757-0700] {processor.py:183} INFO - Processing /opt/miniconda3/envs/airflow_env/lib/python3.11/site-packages/airflow/example_dags/example_external_task_marker_dag.py took 0.143 seconds
[2025-10-29T20:18:54.772-0700] {processor.py:161} INFO - Started process (PID=27982) to work on /opt/miniconda3/envs/airflow_env/lib/python3.11/site-packages/airflow/example_dags/example_external_task_marker_dag.py
[2025-10-29T20:18:54.773-0700] {processor.py:830} INFO - Processing file /opt/miniconda3/envs/airflow_env/lib/python3.11/site-packages/airflow/example_dags/example_external_task_marker_dag.py for tasks to queue
[2025-10-29T20:18:54.773-0700] {logging_mixin.py:188} INFO - [2025-10-29T20:18:54.773-0700] {dagbag.py:545} INFO - Filling up the DagBag from /opt/miniconda3/envs/airflow_env/lib/python3.11/site-packages/airflow/example_dags/example_external_task_marker_dag.py
[2025-10-29T20:18:54.784-0700] {processor.py:840} INFO - DAG(s) 'example_external_task_marker_parent', 'example_external_task_marker_child' retrieved from /opt/miniconda3/envs/airflow_env/lib/python3.11/site-packages/airflow/example_dags/example_external_task_marker_dag.py
[2025-10-29T20:18:54.855-0700] {logging_mixin.py:188} INFO - [2025-10-29T20:18:54.854-0700] {dag.py:3089} INFO - Sync 2 DAGs
[2025-10-29T20:18:54.861-0700] {logging_mixin.py:188} INFO - [2025-10-29T20:18:54.861-0700] {dag.py:3947} INFO - Setting next_dagrun for example_external_task_marker_child to None, run_after=None
[2025-10-29T20:18:54.864-0700] {logging_mixin.py:188} INFO - [2025-10-29T20:18:54.864-0700] {dag.py:3947} INFO - Setting next_dagrun for example_external_task_marker_parent to None, run_after=None
[2025-10-29T20:18:54.875-0700] {processor.py:183} INFO - Processing /opt/miniconda3/envs/airflow_env/lib/python3.11/site-packages/airflow/example_dags/example_external_task_marker_dag.py took 0.106 seconds
[2025-10-29T20:20:38.389-0700] {processor.py:161} INFO - Started process (PID=28307) to work on /opt/miniconda3/envs/airflow_env/lib/python3.11/site-packages/airflow/example_dags/example_external_task_marker_dag.py
[2025-10-29T20:20:38.390-0700] {processor.py:830} INFO - Processing file /opt/miniconda3/envs/airflow_env/lib/python3.11/site-packages/airflow/example_dags/example_external_task_marker_dag.py for tasks to queue
[2025-10-29T20:20:38.391-0700] {logging_mixin.py:188} INFO - [2025-10-29T20:20:38.391-0700] {dagbag.py:545} INFO - Filling up the DagBag from /opt/miniconda3/envs/airflow_env/lib/python3.11/site-packages/airflow/example_dags/example_external_task_marker_dag.py
[2025-10-29T20:20:38.402-0700] {processor.py:840} INFO - DAG(s) 'example_external_task_marker_parent', 'example_external_task_marker_child' retrieved from /opt/miniconda3/envs/airflow_env/lib/python3.11/site-packages/airflow/example_dags/example_external_task_marker_dag.py
[2025-10-29T20:20:38.477-0700] {logging_mixin.py:188} INFO - [2025-10-29T20:20:38.476-0700] {dag.py:3089} INFO - Sync 2 DAGs
[2025-10-29T20:20:38.484-0700] {logging_mixin.py:188} INFO - [2025-10-29T20:20:38.484-0700] {dag.py:3947} INFO - Setting next_dagrun for example_external_task_marker_child to None, run_after=None
[2025-10-29T20:20:38.487-0700] {logging_mixin.py:188} INFO - [2025-10-29T20:20:38.487-0700] {dag.py:3947} INFO - Setting next_dagrun for example_external_task_marker_parent to None, run_after=None
[2025-10-29T20:20:38.506-0700] {processor.py:183} INFO - Processing /opt/miniconda3/envs/airflow_env/lib/python3.11/site-packages/airflow/example_dags/example_external_task_marker_dag.py took 0.119 seconds
[2025-10-29T20:20:44.088-0700] {processor.py:161} INFO - Started process (PID=28328) to work on /opt/miniconda3/envs/airflow_env/lib/python3.11/site-packages/airflow/example_dags/example_external_task_marker_dag.py
[2025-10-29T20:20:44.089-0700] {processor.py:830} INFO - Processing file /opt/miniconda3/envs/airflow_env/lib/python3.11/site-packages/airflow/example_dags/example_external_task_marker_dag.py for tasks to queue
[2025-10-29T20:20:44.089-0700] {logging_mixin.py:188} INFO - [2025-10-29T20:20:44.089-0700] {dagbag.py:545} INFO - Filling up the DagBag from /opt/miniconda3/envs/airflow_env/lib/python3.11/site-packages/airflow/example_dags/example_external_task_marker_dag.py
[2025-10-29T20:20:44.097-0700] {processor.py:840} INFO - DAG(s) 'example_external_task_marker_parent', 'example_external_task_marker_child' retrieved from /opt/miniconda3/envs/airflow_env/lib/python3.11/site-packages/airflow/example_dags/example_external_task_marker_dag.py
[2025-10-29T20:20:44.148-0700] {logging_mixin.py:188} INFO - [2025-10-29T20:20:44.147-0700] {dag.py:3089} INFO - Sync 2 DAGs
[2025-10-29T20:20:44.153-0700] {logging_mixin.py:188} INFO - [2025-10-29T20:20:44.153-0700] {dag.py:3947} INFO - Setting next_dagrun for example_external_task_marker_child to None, run_after=None
[2025-10-29T20:20:44.154-0700] {logging_mixin.py:188} INFO - [2025-10-29T20:20:44.154-0700] {dag.py:3947} INFO - Setting next_dagrun for example_external_task_marker_parent to None, run_after=None
[2025-10-29T20:20:44.163-0700] {processor.py:183} INFO - Processing /opt/miniconda3/envs/airflow_env/lib/python3.11/site-packages/airflow/example_dags/example_external_task_marker_dag.py took 0.077 seconds
[2025-10-29T20:22:01.929-0700] {processor.py:161} INFO - Started process (PID=28607) to work on /opt/miniconda3/envs/airflow_env/lib/python3.11/site-packages/airflow/example_dags/example_external_task_marker_dag.py
[2025-10-29T20:22:01.930-0700] {processor.py:830} INFO - Processing file /opt/miniconda3/envs/airflow_env/lib/python3.11/site-packages/airflow/example_dags/example_external_task_marker_dag.py for tasks to queue
[2025-10-29T20:22:01.931-0700] {logging_mixin.py:188} INFO - [2025-10-29T20:22:01.931-0700] {dagbag.py:545} INFO - Filling up the DagBag from /opt/miniconda3/envs/airflow_env/lib/python3.11/site-packages/airflow/example_dags/example_external_task_marker_dag.py
[2025-10-29T20:22:01.940-0700] {processor.py:840} INFO - DAG(s) 'example_external_task_marker_child', 'example_external_task_marker_parent' retrieved from /opt/miniconda3/envs/airflow_env/lib/python3.11/site-packages/airflow/example_dags/example_external_task_marker_dag.py
[2025-10-29T20:22:02.002-0700] {logging_mixin.py:188} INFO - [2025-10-29T20:22:02.002-0700] {dag.py:3089} INFO - Sync 2 DAGs
[2025-10-29T20:22:02.007-0700] {logging_mixin.py:188} INFO - [2025-10-29T20:22:02.007-0700] {dag.py:3947} INFO - Setting next_dagrun for example_external_task_marker_child to None, run_after=None
[2025-10-29T20:22:02.009-0700] {logging_mixin.py:188} INFO - [2025-10-29T20:22:02.009-0700] {dag.py:3947} INFO - Setting next_dagrun for example_external_task_marker_parent to None, run_after=None
[2025-10-29T20:22:02.020-0700] {processor.py:183} INFO - Processing /opt/miniconda3/envs/airflow_env/lib/python3.11/site-packages/airflow/example_dags/example_external_task_marker_dag.py took 0.093 seconds
[2025-10-29T20:23:58.413-0700] {processor.py:161} INFO - Started process (PID=29003) to work on /opt/miniconda3/envs/airflow_env/lib/python3.11/site-packages/airflow/example_dags/example_external_task_marker_dag.py
[2025-10-29T20:23:58.414-0700] {processor.py:830} INFO - Processing file /opt/miniconda3/envs/airflow_env/lib/python3.11/site-packages/airflow/example_dags/example_external_task_marker_dag.py for tasks to queue
[2025-10-29T20:23:58.415-0700] {logging_mixin.py:188} INFO - [2025-10-29T20:23:58.415-0700] {dagbag.py:545} INFO - Filling up the DagBag from /opt/miniconda3/envs/airflow_env/lib/python3.11/site-packages/airflow/example_dags/example_external_task_marker_dag.py
[2025-10-29T20:23:58.428-0700] {processor.py:840} INFO - DAG(s) 'example_external_task_marker_parent', 'example_external_task_marker_child' retrieved from /opt/miniconda3/envs/airflow_env/lib/python3.11/site-packages/airflow/example_dags/example_external_task_marker_dag.py
[2025-10-29T20:23:58.510-0700] {logging_mixin.py:188} INFO - [2025-10-29T20:23:58.510-0700] {dag.py:3089} INFO - Sync 2 DAGs
[2025-10-29T20:23:58.518-0700] {logging_mixin.py:188} INFO - [2025-10-29T20:23:58.518-0700] {dag.py:3947} INFO - Setting next_dagrun for example_external_task_marker_child to None, run_after=None
[2025-10-29T20:23:58.520-0700] {logging_mixin.py:188} INFO - [2025-10-29T20:23:58.520-0700] {dag.py:3947} INFO - Setting next_dagrun for example_external_task_marker_parent to None, run_after=None
[2025-10-29T20:23:58.534-0700] {processor.py:183} INFO - Processing /opt/miniconda3/envs/airflow_env/lib/python3.11/site-packages/airflow/example_dags/example_external_task_marker_dag.py took 0.124 seconds
[2025-10-29T20:24:04.198-0700] {processor.py:161} INFO - Started process (PID=29019) to work on /opt/miniconda3/envs/airflow_env/lib/python3.11/site-packages/airflow/example_dags/example_external_task_marker_dag.py
[2025-10-29T20:24:04.199-0700] {processor.py:830} INFO - Processing file /opt/miniconda3/envs/airflow_env/lib/python3.11/site-packages/airflow/example_dags/example_external_task_marker_dag.py for tasks to queue
[2025-10-29T20:24:04.200-0700] {logging_mixin.py:188} INFO - [2025-10-29T20:24:04.199-0700] {dagbag.py:545} INFO - Filling up the DagBag from /opt/miniconda3/envs/airflow_env/lib/python3.11/site-packages/airflow/example_dags/example_external_task_marker_dag.py
[2025-10-29T20:24:04.212-0700] {processor.py:840} INFO - DAG(s) 'example_external_task_marker_child', 'example_external_task_marker_parent' retrieved from /opt/miniconda3/envs/airflow_env/lib/python3.11/site-packages/airflow/example_dags/example_external_task_marker_dag.py
[2025-10-29T20:24:04.297-0700] {logging_mixin.py:188} INFO - [2025-10-29T20:24:04.297-0700] {dag.py:3089} INFO - Sync 2 DAGs
[2025-10-29T20:24:04.304-0700] {logging_mixin.py:188} INFO - [2025-10-29T20:24:04.304-0700] {dag.py:3947} INFO - Setting next_dagrun for example_external_task_marker_child to None, run_after=None
[2025-10-29T20:24:04.306-0700] {logging_mixin.py:188} INFO - [2025-10-29T20:24:04.306-0700] {dag.py:3947} INFO - Setting next_dagrun for example_external_task_marker_parent to None, run_after=None
[2025-10-29T20:24:04.319-0700] {processor.py:183} INFO - Processing /opt/miniconda3/envs/airflow_env/lib/python3.11/site-packages/airflow/example_dags/example_external_task_marker_dag.py took 0.124 seconds
[2025-10-29T20:25:09.776-0700] {processor.py:161} INFO - Started process (PID=29239) to work on /opt/miniconda3/envs/airflow_env/lib/python3.11/site-packages/airflow/example_dags/example_external_task_marker_dag.py
[2025-10-29T20:25:09.777-0700] {processor.py:830} INFO - Processing file /opt/miniconda3/envs/airflow_env/lib/python3.11/site-packages/airflow/example_dags/example_external_task_marker_dag.py for tasks to queue
[2025-10-29T20:25:09.778-0700] {logging_mixin.py:188} INFO - [2025-10-29T20:25:09.778-0700] {dagbag.py:545} INFO - Filling up the DagBag from /opt/miniconda3/envs/airflow_env/lib/python3.11/site-packages/airflow/example_dags/example_external_task_marker_dag.py
[2025-10-29T20:25:09.792-0700] {processor.py:840} INFO - DAG(s) 'example_external_task_marker_child', 'example_external_task_marker_parent' retrieved from /opt/miniconda3/envs/airflow_env/lib/python3.11/site-packages/airflow/example_dags/example_external_task_marker_dag.py
[2025-10-29T20:25:09.884-0700] {logging_mixin.py:188} INFO - [2025-10-29T20:25:09.884-0700] {dag.py:3089} INFO - Sync 2 DAGs
[2025-10-29T20:25:09.891-0700] {logging_mixin.py:188} INFO - [2025-10-29T20:25:09.891-0700] {dag.py:3947} INFO - Setting next_dagrun for example_external_task_marker_child to None, run_after=None
[2025-10-29T20:25:09.893-0700] {logging_mixin.py:188} INFO - [2025-10-29T20:25:09.893-0700] {dag.py:3947} INFO - Setting next_dagrun for example_external_task_marker_parent to None, run_after=None
[2025-10-29T20:25:09.906-0700] {processor.py:183} INFO - Processing /opt/miniconda3/envs/airflow_env/lib/python3.11/site-packages/airflow/example_dags/example_external_task_marker_dag.py took 0.133 seconds
[2025-10-29T20:26:52.400-0700] {processor.py:161} INFO - Started process (PID=29600) to work on /opt/miniconda3/envs/airflow_env/lib/python3.11/site-packages/airflow/example_dags/example_external_task_marker_dag.py
[2025-10-29T20:26:52.400-0700] {processor.py:830} INFO - Processing file /opt/miniconda3/envs/airflow_env/lib/python3.11/site-packages/airflow/example_dags/example_external_task_marker_dag.py for tasks to queue
[2025-10-29T20:26:52.401-0700] {logging_mixin.py:188} INFO - [2025-10-29T20:26:52.401-0700] {dagbag.py:545} INFO - Filling up the DagBag from /opt/miniconda3/envs/airflow_env/lib/python3.11/site-packages/airflow/example_dags/example_external_task_marker_dag.py
[2025-10-29T20:26:52.410-0700] {processor.py:840} INFO - DAG(s) 'example_external_task_marker_parent', 'example_external_task_marker_child' retrieved from /opt/miniconda3/envs/airflow_env/lib/python3.11/site-packages/airflow/example_dags/example_external_task_marker_dag.py
[2025-10-29T20:26:52.466-0700] {logging_mixin.py:188} INFO - [2025-10-29T20:26:52.465-0700] {dag.py:3089} INFO - Sync 2 DAGs
[2025-10-29T20:26:52.470-0700] {logging_mixin.py:188} INFO - [2025-10-29T20:26:52.470-0700] {dag.py:3947} INFO - Setting next_dagrun for example_external_task_marker_child to None, run_after=None
[2025-10-29T20:26:52.472-0700] {logging_mixin.py:188} INFO - [2025-10-29T20:26:52.472-0700] {dag.py:3947} INFO - Setting next_dagrun for example_external_task_marker_parent to None, run_after=None
[2025-10-29T20:26:52.481-0700] {processor.py:183} INFO - Processing /opt/miniconda3/envs/airflow_env/lib/python3.11/site-packages/airflow/example_dags/example_external_task_marker_dag.py took 0.084 seconds
[2025-10-29T20:26:54.902-0700] {processor.py:161} INFO - Started process (PID=29608) to work on /opt/miniconda3/envs/airflow_env/lib/python3.11/site-packages/airflow/example_dags/example_external_task_marker_dag.py
[2025-10-29T20:26:54.903-0700] {processor.py:830} INFO - Processing file /opt/miniconda3/envs/airflow_env/lib/python3.11/site-packages/airflow/example_dags/example_external_task_marker_dag.py for tasks to queue
[2025-10-29T20:26:54.904-0700] {logging_mixin.py:188} INFO - [2025-10-29T20:26:54.903-0700] {dagbag.py:545} INFO - Filling up the DagBag from /opt/miniconda3/envs/airflow_env/lib/python3.11/site-packages/airflow/example_dags/example_external_task_marker_dag.py
[2025-10-29T20:26:54.915-0700] {processor.py:840} INFO - DAG(s) 'example_external_task_marker_child', 'example_external_task_marker_parent' retrieved from /opt/miniconda3/envs/airflow_env/lib/python3.11/site-packages/airflow/example_dags/example_external_task_marker_dag.py
[2025-10-29T20:26:54.996-0700] {logging_mixin.py:188} INFO - [2025-10-29T20:26:54.996-0700] {dag.py:3089} INFO - Sync 2 DAGs
[2025-10-29T20:26:55.005-0700] {logging_mixin.py:188} INFO - [2025-10-29T20:26:55.005-0700] {dag.py:3947} INFO - Setting next_dagrun for example_external_task_marker_child to None, run_after=None
[2025-10-29T20:26:55.007-0700] {logging_mixin.py:188} INFO - [2025-10-29T20:26:55.007-0700] {dag.py:3947} INFO - Setting next_dagrun for example_external_task_marker_parent to None, run_after=None
[2025-10-29T20:26:55.022-0700] {processor.py:183} INFO - Processing /opt/miniconda3/envs/airflow_env/lib/python3.11/site-packages/airflow/example_dags/example_external_task_marker_dag.py took 0.123 seconds
[2025-10-29T20:27:57.937-0700] {processor.py:161} INFO - Started process (PID=29825) to work on /opt/miniconda3/envs/airflow_env/lib/python3.11/site-packages/airflow/example_dags/example_external_task_marker_dag.py
[2025-10-29T20:27:57.938-0700] {processor.py:830} INFO - Processing file /opt/miniconda3/envs/airflow_env/lib/python3.11/site-packages/airflow/example_dags/example_external_task_marker_dag.py for tasks to queue
[2025-10-29T20:27:57.938-0700] {logging_mixin.py:188} INFO - [2025-10-29T20:27:57.938-0700] {dagbag.py:545} INFO - Filling up the DagBag from /opt/miniconda3/envs/airflow_env/lib/python3.11/site-packages/airflow/example_dags/example_external_task_marker_dag.py
[2025-10-29T20:27:57.947-0700] {processor.py:840} INFO - DAG(s) 'example_external_task_marker_parent', 'example_external_task_marker_child' retrieved from /opt/miniconda3/envs/airflow_env/lib/python3.11/site-packages/airflow/example_dags/example_external_task_marker_dag.py
[2025-10-29T20:27:58.005-0700] {logging_mixin.py:188} INFO - [2025-10-29T20:27:58.005-0700] {dag.py:3089} INFO - Sync 2 DAGs
[2025-10-29T20:27:58.011-0700] {logging_mixin.py:188} INFO - [2025-10-29T20:27:58.011-0700] {dag.py:3947} INFO - Setting next_dagrun for example_external_task_marker_child to None, run_after=None
[2025-10-29T20:27:58.013-0700] {logging_mixin.py:188} INFO - [2025-10-29T20:27:58.013-0700] {dag.py:3947} INFO - Setting next_dagrun for example_external_task_marker_parent to None, run_after=None
[2025-10-29T20:27:58.024-0700] {processor.py:183} INFO - Processing /opt/miniconda3/envs/airflow_env/lib/python3.11/site-packages/airflow/example_dags/example_external_task_marker_dag.py took 0.089 seconds
