[2025-10-29T18:41:11.578-0700] {processor.py:161} INFO - Started process (PID=5213) to work on /opt/miniconda3/envs/airflow_env/lib/python3.11/site-packages/airflow/example_dags/example_kubernetes_executor.py
[2025-10-29T18:41:11.579-0700] {processor.py:830} INFO - Processing file /opt/miniconda3/envs/airflow_env/lib/python3.11/site-packages/airflow/example_dags/example_kubernetes_executor.py for tasks to queue
[2025-10-29T18:41:11.579-0700] {logging_mixin.py:188} INFO - [2025-10-29T18:41:11.579-0700] {dagbag.py:545} INFO - Filling up the DagBag from /opt/miniconda3/envs/airflow_env/lib/python3.11/site-packages/airflow/example_dags/example_kubernetes_executor.py
[2025-10-29T18:41:11.597-0700] {logging_mixin.py:188} INFO - [2025-10-29T18:41:11.597-0700] {example_kubernetes_executor.py:39} WARNING - The example_kubernetes_executor example DAG requires the kubernetes provider. Please install it with: pip install apache-airflow[cncf.kubernetes]
[2025-10-29T18:41:11.597-0700] {processor.py:842} WARNING - No viable dags retrieved from /opt/miniconda3/envs/airflow_env/lib/python3.11/site-packages/airflow/example_dags/example_kubernetes_executor.py
[2025-10-29T18:41:11.636-0700] {processor.py:183} INFO - Processing /opt/miniconda3/envs/airflow_env/lib/python3.11/site-packages/airflow/example_dags/example_kubernetes_executor.py took 0.060 seconds
[2025-10-29T18:42:50.597-0700] {processor.py:161} INFO - Started process (PID=5405) to work on /opt/miniconda3/envs/airflow_env/lib/python3.11/site-packages/airflow/example_dags/example_kubernetes_executor.py
[2025-10-29T18:42:50.598-0700] {processor.py:830} INFO - Processing file /opt/miniconda3/envs/airflow_env/lib/python3.11/site-packages/airflow/example_dags/example_kubernetes_executor.py for tasks to queue
[2025-10-29T18:42:50.599-0700] {logging_mixin.py:188} INFO - [2025-10-29T18:42:50.598-0700] {dagbag.py:545} INFO - Filling up the DagBag from /opt/miniconda3/envs/airflow_env/lib/python3.11/site-packages/airflow/example_dags/example_kubernetes_executor.py
[2025-10-29T18:42:50.616-0700] {logging_mixin.py:188} INFO - [2025-10-29T18:42:50.616-0700] {example_kubernetes_executor.py:39} WARNING - The example_kubernetes_executor example DAG requires the kubernetes provider. Please install it with: pip install apache-airflow[cncf.kubernetes]
[2025-10-29T18:42:50.617-0700] {processor.py:842} WARNING - No viable dags retrieved from /opt/miniconda3/envs/airflow_env/lib/python3.11/site-packages/airflow/example_dags/example_kubernetes_executor.py
[2025-10-29T18:42:50.656-0700] {processor.py:183} INFO - Processing /opt/miniconda3/envs/airflow_env/lib/python3.11/site-packages/airflow/example_dags/example_kubernetes_executor.py took 0.061 seconds
[2025-10-29T18:45:12.826-0700] {processor.py:161} INFO - Started process (PID=5671) to work on /opt/miniconda3/envs/airflow_env/lib/python3.11/site-packages/airflow/example_dags/example_kubernetes_executor.py
[2025-10-29T18:45:12.826-0700] {processor.py:830} INFO - Processing file /opt/miniconda3/envs/airflow_env/lib/python3.11/site-packages/airflow/example_dags/example_kubernetes_executor.py for tasks to queue
[2025-10-29T18:45:12.827-0700] {logging_mixin.py:188} INFO - [2025-10-29T18:45:12.827-0700] {dagbag.py:545} INFO - Filling up the DagBag from /opt/miniconda3/envs/airflow_env/lib/python3.11/site-packages/airflow/example_dags/example_kubernetes_executor.py
[2025-10-29T18:45:12.845-0700] {logging_mixin.py:188} INFO - [2025-10-29T18:45:12.845-0700] {example_kubernetes_executor.py:39} WARNING - The example_kubernetes_executor example DAG requires the kubernetes provider. Please install it with: pip install apache-airflow[cncf.kubernetes]
[2025-10-29T18:45:12.845-0700] {processor.py:842} WARNING - No viable dags retrieved from /opt/miniconda3/envs/airflow_env/lib/python3.11/site-packages/airflow/example_dags/example_kubernetes_executor.py
[2025-10-29T18:45:12.884-0700] {processor.py:183} INFO - Processing /opt/miniconda3/envs/airflow_env/lib/python3.11/site-packages/airflow/example_dags/example_kubernetes_executor.py took 0.061 seconds
[2025-10-29T18:47:37.321-0700] {processor.py:161} INFO - Started process (PID=5923) to work on /opt/miniconda3/envs/airflow_env/lib/python3.11/site-packages/airflow/example_dags/example_kubernetes_executor.py
[2025-10-29T18:47:37.321-0700] {processor.py:830} INFO - Processing file /opt/miniconda3/envs/airflow_env/lib/python3.11/site-packages/airflow/example_dags/example_kubernetes_executor.py for tasks to queue
[2025-10-29T18:47:37.322-0700] {logging_mixin.py:188} INFO - [2025-10-29T18:47:37.322-0700] {dagbag.py:545} INFO - Filling up the DagBag from /opt/miniconda3/envs/airflow_env/lib/python3.11/site-packages/airflow/example_dags/example_kubernetes_executor.py
[2025-10-29T18:47:37.340-0700] {logging_mixin.py:188} INFO - [2025-10-29T18:47:37.339-0700] {example_kubernetes_executor.py:39} WARNING - The example_kubernetes_executor example DAG requires the kubernetes provider. Please install it with: pip install apache-airflow[cncf.kubernetes]
[2025-10-29T18:47:37.340-0700] {processor.py:842} WARNING - No viable dags retrieved from /opt/miniconda3/envs/airflow_env/lib/python3.11/site-packages/airflow/example_dags/example_kubernetes_executor.py
[2025-10-29T18:47:37.379-0700] {processor.py:183} INFO - Processing /opt/miniconda3/envs/airflow_env/lib/python3.11/site-packages/airflow/example_dags/example_kubernetes_executor.py took 0.060 seconds
[2025-10-29T18:50:02.750-0700] {processor.py:161} INFO - Started process (PID=8766) to work on /opt/miniconda3/envs/airflow_env/lib/python3.11/site-packages/airflow/example_dags/example_kubernetes_executor.py
[2025-10-29T18:50:02.751-0700] {processor.py:830} INFO - Processing file /opt/miniconda3/envs/airflow_env/lib/python3.11/site-packages/airflow/example_dags/example_kubernetes_executor.py for tasks to queue
[2025-10-29T18:50:02.751-0700] {logging_mixin.py:188} INFO - [2025-10-29T18:50:02.751-0700] {dagbag.py:545} INFO - Filling up the DagBag from /opt/miniconda3/envs/airflow_env/lib/python3.11/site-packages/airflow/example_dags/example_kubernetes_executor.py
[2025-10-29T18:50:02.771-0700] {logging_mixin.py:188} INFO - [2025-10-29T18:50:02.770-0700] {example_kubernetes_executor.py:39} WARNING - The example_kubernetes_executor example DAG requires the kubernetes provider. Please install it with: pip install apache-airflow[cncf.kubernetes]
[2025-10-29T18:50:02.771-0700] {processor.py:842} WARNING - No viable dags retrieved from /opt/miniconda3/envs/airflow_env/lib/python3.11/site-packages/airflow/example_dags/example_kubernetes_executor.py
[2025-10-29T18:50:02.811-0700] {processor.py:183} INFO - Processing /opt/miniconda3/envs/airflow_env/lib/python3.11/site-packages/airflow/example_dags/example_kubernetes_executor.py took 0.063 seconds
[2025-10-29T18:52:22.098-0700] {processor.py:161} INFO - Started process (PID=9976) to work on /opt/miniconda3/envs/airflow_env/lib/python3.11/site-packages/airflow/example_dags/example_kubernetes_executor.py
[2025-10-29T18:52:22.098-0700] {processor.py:830} INFO - Processing file /opt/miniconda3/envs/airflow_env/lib/python3.11/site-packages/airflow/example_dags/example_kubernetes_executor.py for tasks to queue
[2025-10-29T18:52:22.099-0700] {logging_mixin.py:188} INFO - [2025-10-29T18:52:22.098-0700] {dagbag.py:545} INFO - Filling up the DagBag from /opt/miniconda3/envs/airflow_env/lib/python3.11/site-packages/airflow/example_dags/example_kubernetes_executor.py
[2025-10-29T18:52:22.116-0700] {logging_mixin.py:188} INFO - [2025-10-29T18:52:22.116-0700] {example_kubernetes_executor.py:39} WARNING - The example_kubernetes_executor example DAG requires the kubernetes provider. Please install it with: pip install apache-airflow[cncf.kubernetes]
[2025-10-29T18:52:22.116-0700] {processor.py:842} WARNING - No viable dags retrieved from /opt/miniconda3/envs/airflow_env/lib/python3.11/site-packages/airflow/example_dags/example_kubernetes_executor.py
[2025-10-29T18:52:22.155-0700] {processor.py:183} INFO - Processing /opt/miniconda3/envs/airflow_env/lib/python3.11/site-packages/airflow/example_dags/example_kubernetes_executor.py took 0.059 seconds
[2025-10-29T18:54:41.991-0700] {processor.py:161} INFO - Started process (PID=10251) to work on /opt/miniconda3/envs/airflow_env/lib/python3.11/site-packages/airflow/example_dags/example_kubernetes_executor.py
[2025-10-29T18:54:41.992-0700] {processor.py:830} INFO - Processing file /opt/miniconda3/envs/airflow_env/lib/python3.11/site-packages/airflow/example_dags/example_kubernetes_executor.py for tasks to queue
[2025-10-29T18:54:41.993-0700] {logging_mixin.py:188} INFO - [2025-10-29T18:54:41.993-0700] {dagbag.py:545} INFO - Filling up the DagBag from /opt/miniconda3/envs/airflow_env/lib/python3.11/site-packages/airflow/example_dags/example_kubernetes_executor.py
[2025-10-29T18:54:42.011-0700] {logging_mixin.py:188} INFO - [2025-10-29T18:54:42.011-0700] {example_kubernetes_executor.py:39} WARNING - The example_kubernetes_executor example DAG requires the kubernetes provider. Please install it with: pip install apache-airflow[cncf.kubernetes]
[2025-10-29T18:54:42.011-0700] {processor.py:842} WARNING - No viable dags retrieved from /opt/miniconda3/envs/airflow_env/lib/python3.11/site-packages/airflow/example_dags/example_kubernetes_executor.py
[2025-10-29T18:54:42.049-0700] {processor.py:183} INFO - Processing /opt/miniconda3/envs/airflow_env/lib/python3.11/site-packages/airflow/example_dags/example_kubernetes_executor.py took 0.060 seconds
[2025-10-29T18:57:05.170-0700] {processor.py:161} INFO - Started process (PID=10497) to work on /opt/miniconda3/envs/airflow_env/lib/python3.11/site-packages/airflow/example_dags/example_kubernetes_executor.py
[2025-10-29T18:57:05.170-0700] {processor.py:830} INFO - Processing file /opt/miniconda3/envs/airflow_env/lib/python3.11/site-packages/airflow/example_dags/example_kubernetes_executor.py for tasks to queue
[2025-10-29T18:57:05.171-0700] {logging_mixin.py:188} INFO - [2025-10-29T18:57:05.171-0700] {dagbag.py:545} INFO - Filling up the DagBag from /opt/miniconda3/envs/airflow_env/lib/python3.11/site-packages/airflow/example_dags/example_kubernetes_executor.py
[2025-10-29T18:57:05.189-0700] {logging_mixin.py:188} INFO - [2025-10-29T18:57:05.189-0700] {example_kubernetes_executor.py:39} WARNING - The example_kubernetes_executor example DAG requires the kubernetes provider. Please install it with: pip install apache-airflow[cncf.kubernetes]
[2025-10-29T18:57:05.189-0700] {processor.py:842} WARNING - No viable dags retrieved from /opt/miniconda3/envs/airflow_env/lib/python3.11/site-packages/airflow/example_dags/example_kubernetes_executor.py
[2025-10-29T18:57:05.228-0700] {processor.py:183} INFO - Processing /opt/miniconda3/envs/airflow_env/lib/python3.11/site-packages/airflow/example_dags/example_kubernetes_executor.py took 0.060 seconds
[2025-10-29T18:59:46.841-0700] {processor.py:161} INFO - Started process (PID=10834) to work on /opt/miniconda3/envs/airflow_env/lib/python3.11/site-packages/airflow/example_dags/example_kubernetes_executor.py
[2025-10-29T18:59:46.841-0700] {processor.py:830} INFO - Processing file /opt/miniconda3/envs/airflow_env/lib/python3.11/site-packages/airflow/example_dags/example_kubernetes_executor.py for tasks to queue
[2025-10-29T18:59:46.842-0700] {logging_mixin.py:188} INFO - [2025-10-29T18:59:46.842-0700] {dagbag.py:545} INFO - Filling up the DagBag from /opt/miniconda3/envs/airflow_env/lib/python3.11/site-packages/airflow/example_dags/example_kubernetes_executor.py
[2025-10-29T18:59:46.859-0700] {logging_mixin.py:188} INFO - [2025-10-29T18:59:46.859-0700] {example_kubernetes_executor.py:39} WARNING - The example_kubernetes_executor example DAG requires the kubernetes provider. Please install it with: pip install apache-airflow[cncf.kubernetes]
[2025-10-29T18:59:46.859-0700] {processor.py:842} WARNING - No viable dags retrieved from /opt/miniconda3/envs/airflow_env/lib/python3.11/site-packages/airflow/example_dags/example_kubernetes_executor.py
[2025-10-29T18:59:46.898-0700] {processor.py:183} INFO - Processing /opt/miniconda3/envs/airflow_env/lib/python3.11/site-packages/airflow/example_dags/example_kubernetes_executor.py took 0.059 seconds
[2025-10-29T19:01:29.174-0700] {processor.py:161} INFO - Started process (PID=11019) to work on /opt/miniconda3/envs/airflow_env/lib/python3.11/site-packages/airflow/example_dags/example_kubernetes_executor.py
[2025-10-29T19:01:29.175-0700] {processor.py:830} INFO - Processing file /opt/miniconda3/envs/airflow_env/lib/python3.11/site-packages/airflow/example_dags/example_kubernetes_executor.py for tasks to queue
[2025-10-29T19:01:29.175-0700] {logging_mixin.py:188} INFO - [2025-10-29T19:01:29.175-0700] {dagbag.py:545} INFO - Filling up the DagBag from /opt/miniconda3/envs/airflow_env/lib/python3.11/site-packages/airflow/example_dags/example_kubernetes_executor.py
[2025-10-29T19:01:29.194-0700] {logging_mixin.py:188} INFO - [2025-10-29T19:01:29.194-0700] {example_kubernetes_executor.py:39} WARNING - The example_kubernetes_executor example DAG requires the kubernetes provider. Please install it with: pip install apache-airflow[cncf.kubernetes]
[2025-10-29T19:01:29.194-0700] {processor.py:842} WARNING - No viable dags retrieved from /opt/miniconda3/envs/airflow_env/lib/python3.11/site-packages/airflow/example_dags/example_kubernetes_executor.py
[2025-10-29T19:01:29.234-0700] {processor.py:183} INFO - Processing /opt/miniconda3/envs/airflow_env/lib/python3.11/site-packages/airflow/example_dags/example_kubernetes_executor.py took 0.063 seconds
[2025-10-29T19:03:54.721-0700] {processor.py:161} INFO - Started process (PID=11278) to work on /opt/miniconda3/envs/airflow_env/lib/python3.11/site-packages/airflow/example_dags/example_kubernetes_executor.py
[2025-10-29T19:03:54.721-0700] {processor.py:830} INFO - Processing file /opt/miniconda3/envs/airflow_env/lib/python3.11/site-packages/airflow/example_dags/example_kubernetes_executor.py for tasks to queue
[2025-10-29T19:03:54.722-0700] {logging_mixin.py:188} INFO - [2025-10-29T19:03:54.722-0700] {dagbag.py:545} INFO - Filling up the DagBag from /opt/miniconda3/envs/airflow_env/lib/python3.11/site-packages/airflow/example_dags/example_kubernetes_executor.py
[2025-10-29T19:03:54.740-0700] {logging_mixin.py:188} INFO - [2025-10-29T19:03:54.740-0700] {example_kubernetes_executor.py:39} WARNING - The example_kubernetes_executor example DAG requires the kubernetes provider. Please install it with: pip install apache-airflow[cncf.kubernetes]
[2025-10-29T19:03:54.740-0700] {processor.py:842} WARNING - No viable dags retrieved from /opt/miniconda3/envs/airflow_env/lib/python3.11/site-packages/airflow/example_dags/example_kubernetes_executor.py
[2025-10-29T19:03:54.779-0700] {processor.py:183} INFO - Processing /opt/miniconda3/envs/airflow_env/lib/python3.11/site-packages/airflow/example_dags/example_kubernetes_executor.py took 0.060 seconds
[2025-10-29T19:06:23.046-0700] {processor.py:161} INFO - Started process (PID=11547) to work on /opt/miniconda3/envs/airflow_env/lib/python3.11/site-packages/airflow/example_dags/example_kubernetes_executor.py
[2025-10-29T19:06:23.047-0700] {processor.py:830} INFO - Processing file /opt/miniconda3/envs/airflow_env/lib/python3.11/site-packages/airflow/example_dags/example_kubernetes_executor.py for tasks to queue
[2025-10-29T19:06:23.047-0700] {logging_mixin.py:188} INFO - [2025-10-29T19:06:23.047-0700] {dagbag.py:545} INFO - Filling up the DagBag from /opt/miniconda3/envs/airflow_env/lib/python3.11/site-packages/airflow/example_dags/example_kubernetes_executor.py
[2025-10-29T19:06:23.066-0700] {logging_mixin.py:188} INFO - [2025-10-29T19:06:23.065-0700] {example_kubernetes_executor.py:39} WARNING - The example_kubernetes_executor example DAG requires the kubernetes provider. Please install it with: pip install apache-airflow[cncf.kubernetes]
[2025-10-29T19:06:23.066-0700] {processor.py:842} WARNING - No viable dags retrieved from /opt/miniconda3/envs/airflow_env/lib/python3.11/site-packages/airflow/example_dags/example_kubernetes_executor.py
[2025-10-29T19:06:23.105-0700] {processor.py:183} INFO - Processing /opt/miniconda3/envs/airflow_env/lib/python3.11/site-packages/airflow/example_dags/example_kubernetes_executor.py took 0.062 seconds
[2025-10-29T19:08:49.959-0700] {processor.py:161} INFO - Started process (PID=11788) to work on /opt/miniconda3/envs/airflow_env/lib/python3.11/site-packages/airflow/example_dags/example_kubernetes_executor.py
[2025-10-29T19:08:49.960-0700] {processor.py:830} INFO - Processing file /opt/miniconda3/envs/airflow_env/lib/python3.11/site-packages/airflow/example_dags/example_kubernetes_executor.py for tasks to queue
[2025-10-29T19:08:49.960-0700] {logging_mixin.py:188} INFO - [2025-10-29T19:08:49.960-0700] {dagbag.py:545} INFO - Filling up the DagBag from /opt/miniconda3/envs/airflow_env/lib/python3.11/site-packages/airflow/example_dags/example_kubernetes_executor.py
[2025-10-29T19:08:49.977-0700] {logging_mixin.py:188} INFO - [2025-10-29T19:08:49.977-0700] {example_kubernetes_executor.py:39} WARNING - The example_kubernetes_executor example DAG requires the kubernetes provider. Please install it with: pip install apache-airflow[cncf.kubernetes]
[2025-10-29T19:08:49.978-0700] {processor.py:842} WARNING - No viable dags retrieved from /opt/miniconda3/envs/airflow_env/lib/python3.11/site-packages/airflow/example_dags/example_kubernetes_executor.py
[2025-10-29T19:08:50.016-0700] {processor.py:183} INFO - Processing /opt/miniconda3/envs/airflow_env/lib/python3.11/site-packages/airflow/example_dags/example_kubernetes_executor.py took 0.059 seconds
[2025-10-29T19:11:19.159-0700] {processor.py:161} INFO - Started process (PID=12062) to work on /opt/miniconda3/envs/airflow_env/lib/python3.11/site-packages/airflow/example_dags/example_kubernetes_executor.py
[2025-10-29T19:11:19.160-0700] {processor.py:830} INFO - Processing file /opt/miniconda3/envs/airflow_env/lib/python3.11/site-packages/airflow/example_dags/example_kubernetes_executor.py for tasks to queue
[2025-10-29T19:11:19.160-0700] {logging_mixin.py:188} INFO - [2025-10-29T19:11:19.160-0700] {dagbag.py:545} INFO - Filling up the DagBag from /opt/miniconda3/envs/airflow_env/lib/python3.11/site-packages/airflow/example_dags/example_kubernetes_executor.py
[2025-10-29T19:11:19.178-0700] {logging_mixin.py:188} INFO - [2025-10-29T19:11:19.178-0700] {example_kubernetes_executor.py:39} WARNING - The example_kubernetes_executor example DAG requires the kubernetes provider. Please install it with: pip install apache-airflow[cncf.kubernetes]
[2025-10-29T19:11:19.178-0700] {processor.py:842} WARNING - No viable dags retrieved from /opt/miniconda3/envs/airflow_env/lib/python3.11/site-packages/airflow/example_dags/example_kubernetes_executor.py
[2025-10-29T19:11:19.218-0700] {processor.py:183} INFO - Processing /opt/miniconda3/envs/airflow_env/lib/python3.11/site-packages/airflow/example_dags/example_kubernetes_executor.py took 0.061 seconds
[2025-10-29T19:13:49.594-0700] {processor.py:161} INFO - Started process (PID=12329) to work on /opt/miniconda3/envs/airflow_env/lib/python3.11/site-packages/airflow/example_dags/example_kubernetes_executor.py
[2025-10-29T19:13:49.595-0700] {processor.py:830} INFO - Processing file /opt/miniconda3/envs/airflow_env/lib/python3.11/site-packages/airflow/example_dags/example_kubernetes_executor.py for tasks to queue
[2025-10-29T19:13:49.596-0700] {logging_mixin.py:188} INFO - [2025-10-29T19:13:49.596-0700] {dagbag.py:545} INFO - Filling up the DagBag from /opt/miniconda3/envs/airflow_env/lib/python3.11/site-packages/airflow/example_dags/example_kubernetes_executor.py
[2025-10-29T19:13:49.614-0700] {logging_mixin.py:188} INFO - [2025-10-29T19:13:49.613-0700] {example_kubernetes_executor.py:39} WARNING - The example_kubernetes_executor example DAG requires the kubernetes provider. Please install it with: pip install apache-airflow[cncf.kubernetes]
[2025-10-29T19:13:49.614-0700] {processor.py:842} WARNING - No viable dags retrieved from /opt/miniconda3/envs/airflow_env/lib/python3.11/site-packages/airflow/example_dags/example_kubernetes_executor.py
[2025-10-29T19:13:49.653-0700] {processor.py:183} INFO - Processing /opt/miniconda3/envs/airflow_env/lib/python3.11/site-packages/airflow/example_dags/example_kubernetes_executor.py took 0.060 seconds
[2025-10-29T19:16:17.085-0700] {processor.py:161} INFO - Started process (PID=12579) to work on /opt/miniconda3/envs/airflow_env/lib/python3.11/site-packages/airflow/example_dags/example_kubernetes_executor.py
[2025-10-29T19:16:17.085-0700] {processor.py:830} INFO - Processing file /opt/miniconda3/envs/airflow_env/lib/python3.11/site-packages/airflow/example_dags/example_kubernetes_executor.py for tasks to queue
[2025-10-29T19:16:17.086-0700] {logging_mixin.py:188} INFO - [2025-10-29T19:16:17.086-0700] {dagbag.py:545} INFO - Filling up the DagBag from /opt/miniconda3/envs/airflow_env/lib/python3.11/site-packages/airflow/example_dags/example_kubernetes_executor.py
[2025-10-29T19:16:17.103-0700] {logging_mixin.py:188} INFO - [2025-10-29T19:16:17.103-0700] {example_kubernetes_executor.py:39} WARNING - The example_kubernetes_executor example DAG requires the kubernetes provider. Please install it with: pip install apache-airflow[cncf.kubernetes]
[2025-10-29T19:16:17.103-0700] {processor.py:842} WARNING - No viable dags retrieved from /opt/miniconda3/envs/airflow_env/lib/python3.11/site-packages/airflow/example_dags/example_kubernetes_executor.py
[2025-10-29T19:16:17.142-0700] {processor.py:183} INFO - Processing /opt/miniconda3/envs/airflow_env/lib/python3.11/site-packages/airflow/example_dags/example_kubernetes_executor.py took 0.060 seconds
[2025-10-29T19:18:45.033-0700] {processor.py:161} INFO - Started process (PID=12841) to work on /opt/miniconda3/envs/airflow_env/lib/python3.11/site-packages/airflow/example_dags/example_kubernetes_executor.py
[2025-10-29T19:18:45.035-0700] {processor.py:830} INFO - Processing file /opt/miniconda3/envs/airflow_env/lib/python3.11/site-packages/airflow/example_dags/example_kubernetes_executor.py for tasks to queue
[2025-10-29T19:18:45.035-0700] {logging_mixin.py:188} INFO - [2025-10-29T19:18:45.035-0700] {dagbag.py:545} INFO - Filling up the DagBag from /opt/miniconda3/envs/airflow_env/lib/python3.11/site-packages/airflow/example_dags/example_kubernetes_executor.py
[2025-10-29T19:18:45.053-0700] {logging_mixin.py:188} INFO - [2025-10-29T19:18:45.053-0700] {example_kubernetes_executor.py:39} WARNING - The example_kubernetes_executor example DAG requires the kubernetes provider. Please install it with: pip install apache-airflow[cncf.kubernetes]
[2025-10-29T19:18:45.053-0700] {processor.py:842} WARNING - No viable dags retrieved from /opt/miniconda3/envs/airflow_env/lib/python3.11/site-packages/airflow/example_dags/example_kubernetes_executor.py
[2025-10-29T19:18:45.092-0700] {processor.py:183} INFO - Processing /opt/miniconda3/envs/airflow_env/lib/python3.11/site-packages/airflow/example_dags/example_kubernetes_executor.py took 0.061 seconds
[2025-10-29T19:21:10.257-0700] {processor.py:161} INFO - Started process (PID=13132) to work on /opt/miniconda3/envs/airflow_env/lib/python3.11/site-packages/airflow/example_dags/example_kubernetes_executor.py
[2025-10-29T19:21:10.258-0700] {processor.py:830} INFO - Processing file /opt/miniconda3/envs/airflow_env/lib/python3.11/site-packages/airflow/example_dags/example_kubernetes_executor.py for tasks to queue
[2025-10-29T19:21:10.258-0700] {logging_mixin.py:188} INFO - [2025-10-29T19:21:10.258-0700] {dagbag.py:545} INFO - Filling up the DagBag from /opt/miniconda3/envs/airflow_env/lib/python3.11/site-packages/airflow/example_dags/example_kubernetes_executor.py
[2025-10-29T19:21:10.276-0700] {logging_mixin.py:188} INFO - [2025-10-29T19:21:10.276-0700] {example_kubernetes_executor.py:39} WARNING - The example_kubernetes_executor example DAG requires the kubernetes provider. Please install it with: pip install apache-airflow[cncf.kubernetes]
[2025-10-29T19:21:10.276-0700] {processor.py:842} WARNING - No viable dags retrieved from /opt/miniconda3/envs/airflow_env/lib/python3.11/site-packages/airflow/example_dags/example_kubernetes_executor.py
[2025-10-29T19:21:10.315-0700] {processor.py:183} INFO - Processing /opt/miniconda3/envs/airflow_env/lib/python3.11/site-packages/airflow/example_dags/example_kubernetes_executor.py took 0.060 seconds
[2025-10-29T19:23:37.038-0700] {processor.py:161} INFO - Started process (PID=13396) to work on /opt/miniconda3/envs/airflow_env/lib/python3.11/site-packages/airflow/example_dags/example_kubernetes_executor.py
[2025-10-29T19:23:37.038-0700] {processor.py:830} INFO - Processing file /opt/miniconda3/envs/airflow_env/lib/python3.11/site-packages/airflow/example_dags/example_kubernetes_executor.py for tasks to queue
[2025-10-29T19:23:37.039-0700] {logging_mixin.py:188} INFO - [2025-10-29T19:23:37.039-0700] {dagbag.py:545} INFO - Filling up the DagBag from /opt/miniconda3/envs/airflow_env/lib/python3.11/site-packages/airflow/example_dags/example_kubernetes_executor.py
[2025-10-29T19:23:37.056-0700] {logging_mixin.py:188} INFO - [2025-10-29T19:23:37.056-0700] {example_kubernetes_executor.py:39} WARNING - The example_kubernetes_executor example DAG requires the kubernetes provider. Please install it with: pip install apache-airflow[cncf.kubernetes]
[2025-10-29T19:23:37.057-0700] {processor.py:842} WARNING - No viable dags retrieved from /opt/miniconda3/envs/airflow_env/lib/python3.11/site-packages/airflow/example_dags/example_kubernetes_executor.py
[2025-10-29T19:23:37.095-0700] {processor.py:183} INFO - Processing /opt/miniconda3/envs/airflow_env/lib/python3.11/site-packages/airflow/example_dags/example_kubernetes_executor.py took 0.059 seconds
[2025-10-29T19:26:03.315-0700] {processor.py:161} INFO - Started process (PID=13930) to work on /opt/miniconda3/envs/airflow_env/lib/python3.11/site-packages/airflow/example_dags/example_kubernetes_executor.py
[2025-10-29T19:26:03.316-0700] {processor.py:830} INFO - Processing file /opt/miniconda3/envs/airflow_env/lib/python3.11/site-packages/airflow/example_dags/example_kubernetes_executor.py for tasks to queue
[2025-10-29T19:26:03.317-0700] {logging_mixin.py:188} INFO - [2025-10-29T19:26:03.316-0700] {dagbag.py:545} INFO - Filling up the DagBag from /opt/miniconda3/envs/airflow_env/lib/python3.11/site-packages/airflow/example_dags/example_kubernetes_executor.py
[2025-10-29T19:26:03.334-0700] {logging_mixin.py:188} INFO - [2025-10-29T19:26:03.334-0700] {example_kubernetes_executor.py:39} WARNING - The example_kubernetes_executor example DAG requires the kubernetes provider. Please install it with: pip install apache-airflow[cncf.kubernetes]
[2025-10-29T19:26:03.334-0700] {processor.py:842} WARNING - No viable dags retrieved from /opt/miniconda3/envs/airflow_env/lib/python3.11/site-packages/airflow/example_dags/example_kubernetes_executor.py
[2025-10-29T19:26:03.373-0700] {processor.py:183} INFO - Processing /opt/miniconda3/envs/airflow_env/lib/python3.11/site-packages/airflow/example_dags/example_kubernetes_executor.py took 0.061 seconds
[2025-10-29T19:28:30.411-0700] {processor.py:161} INFO - Started process (PID=14606) to work on /opt/miniconda3/envs/airflow_env/lib/python3.11/site-packages/airflow/example_dags/example_kubernetes_executor.py
[2025-10-29T19:28:30.412-0700] {processor.py:830} INFO - Processing file /opt/miniconda3/envs/airflow_env/lib/python3.11/site-packages/airflow/example_dags/example_kubernetes_executor.py for tasks to queue
[2025-10-29T19:28:30.412-0700] {logging_mixin.py:188} INFO - [2025-10-29T19:28:30.412-0700] {dagbag.py:545} INFO - Filling up the DagBag from /opt/miniconda3/envs/airflow_env/lib/python3.11/site-packages/airflow/example_dags/example_kubernetes_executor.py
[2025-10-29T19:28:30.431-0700] {logging_mixin.py:188} INFO - [2025-10-29T19:28:30.431-0700] {example_kubernetes_executor.py:39} WARNING - The example_kubernetes_executor example DAG requires the kubernetes provider. Please install it with: pip install apache-airflow[cncf.kubernetes]
[2025-10-29T19:28:30.431-0700] {processor.py:842} WARNING - No viable dags retrieved from /opt/miniconda3/envs/airflow_env/lib/python3.11/site-packages/airflow/example_dags/example_kubernetes_executor.py
[2025-10-29T19:28:30.470-0700] {processor.py:183} INFO - Processing /opt/miniconda3/envs/airflow_env/lib/python3.11/site-packages/airflow/example_dags/example_kubernetes_executor.py took 0.060 seconds
[2025-10-29T19:30:58.715-0700] {processor.py:161} INFO - Started process (PID=15290) to work on /opt/miniconda3/envs/airflow_env/lib/python3.11/site-packages/airflow/example_dags/example_kubernetes_executor.py
[2025-10-29T19:30:58.717-0700] {processor.py:830} INFO - Processing file /opt/miniconda3/envs/airflow_env/lib/python3.11/site-packages/airflow/example_dags/example_kubernetes_executor.py for tasks to queue
[2025-10-29T19:30:58.717-0700] {logging_mixin.py:188} INFO - [2025-10-29T19:30:58.717-0700] {dagbag.py:545} INFO - Filling up the DagBag from /opt/miniconda3/envs/airflow_env/lib/python3.11/site-packages/airflow/example_dags/example_kubernetes_executor.py
[2025-10-29T19:30:58.736-0700] {logging_mixin.py:188} INFO - [2025-10-29T19:30:58.736-0700] {example_kubernetes_executor.py:39} WARNING - The example_kubernetes_executor example DAG requires the kubernetes provider. Please install it with: pip install apache-airflow[cncf.kubernetes]
[2025-10-29T19:30:58.737-0700] {processor.py:842} WARNING - No viable dags retrieved from /opt/miniconda3/envs/airflow_env/lib/python3.11/site-packages/airflow/example_dags/example_kubernetes_executor.py
[2025-10-29T19:30:58.776-0700] {processor.py:183} INFO - Processing /opt/miniconda3/envs/airflow_env/lib/python3.11/site-packages/airflow/example_dags/example_kubernetes_executor.py took 0.063 seconds
[2025-10-29T19:33:28.978-0700] {processor.py:161} INFO - Started process (PID=16013) to work on /opt/miniconda3/envs/airflow_env/lib/python3.11/site-packages/airflow/example_dags/example_kubernetes_executor.py
[2025-10-29T19:33:28.979-0700] {processor.py:830} INFO - Processing file /opt/miniconda3/envs/airflow_env/lib/python3.11/site-packages/airflow/example_dags/example_kubernetes_executor.py for tasks to queue
[2025-10-29T19:33:28.979-0700] {logging_mixin.py:188} INFO - [2025-10-29T19:33:28.979-0700] {dagbag.py:545} INFO - Filling up the DagBag from /opt/miniconda3/envs/airflow_env/lib/python3.11/site-packages/airflow/example_dags/example_kubernetes_executor.py
[2025-10-29T19:33:28.997-0700] {logging_mixin.py:188} INFO - [2025-10-29T19:33:28.997-0700] {example_kubernetes_executor.py:39} WARNING - The example_kubernetes_executor example DAG requires the kubernetes provider. Please install it with: pip install apache-airflow[cncf.kubernetes]
[2025-10-29T19:33:28.997-0700] {processor.py:842} WARNING - No viable dags retrieved from /opt/miniconda3/envs/airflow_env/lib/python3.11/site-packages/airflow/example_dags/example_kubernetes_executor.py
[2025-10-29T19:33:29.036-0700] {processor.py:183} INFO - Processing /opt/miniconda3/envs/airflow_env/lib/python3.11/site-packages/airflow/example_dags/example_kubernetes_executor.py took 0.060 seconds
[2025-10-29T19:35:59.518-0700] {processor.py:161} INFO - Started process (PID=16697) to work on /opt/miniconda3/envs/airflow_env/lib/python3.11/site-packages/airflow/example_dags/example_kubernetes_executor.py
[2025-10-29T19:35:59.519-0700] {processor.py:830} INFO - Processing file /opt/miniconda3/envs/airflow_env/lib/python3.11/site-packages/airflow/example_dags/example_kubernetes_executor.py for tasks to queue
[2025-10-29T19:35:59.519-0700] {logging_mixin.py:188} INFO - [2025-10-29T19:35:59.519-0700] {dagbag.py:545} INFO - Filling up the DagBag from /opt/miniconda3/envs/airflow_env/lib/python3.11/site-packages/airflow/example_dags/example_kubernetes_executor.py
[2025-10-29T19:35:59.537-0700] {logging_mixin.py:188} INFO - [2025-10-29T19:35:59.537-0700] {example_kubernetes_executor.py:39} WARNING - The example_kubernetes_executor example DAG requires the kubernetes provider. Please install it with: pip install apache-airflow[cncf.kubernetes]
[2025-10-29T19:35:59.537-0700] {processor.py:842} WARNING - No viable dags retrieved from /opt/miniconda3/envs/airflow_env/lib/python3.11/site-packages/airflow/example_dags/example_kubernetes_executor.py
[2025-10-29T19:35:59.576-0700] {processor.py:183} INFO - Processing /opt/miniconda3/envs/airflow_env/lib/python3.11/site-packages/airflow/example_dags/example_kubernetes_executor.py took 0.060 seconds
[2025-10-29T19:38:29.599-0700] {processor.py:161} INFO - Started process (PID=17421) to work on /opt/miniconda3/envs/airflow_env/lib/python3.11/site-packages/airflow/example_dags/example_kubernetes_executor.py
[2025-10-29T19:38:29.599-0700] {processor.py:830} INFO - Processing file /opt/miniconda3/envs/airflow_env/lib/python3.11/site-packages/airflow/example_dags/example_kubernetes_executor.py for tasks to queue
[2025-10-29T19:38:29.600-0700] {logging_mixin.py:188} INFO - [2025-10-29T19:38:29.600-0700] {dagbag.py:545} INFO - Filling up the DagBag from /opt/miniconda3/envs/airflow_env/lib/python3.11/site-packages/airflow/example_dags/example_kubernetes_executor.py
[2025-10-29T19:38:29.617-0700] {logging_mixin.py:188} INFO - [2025-10-29T19:38:29.617-0700] {example_kubernetes_executor.py:39} WARNING - The example_kubernetes_executor example DAG requires the kubernetes provider. Please install it with: pip install apache-airflow[cncf.kubernetes]
[2025-10-29T19:38:29.617-0700] {processor.py:842} WARNING - No viable dags retrieved from /opt/miniconda3/envs/airflow_env/lib/python3.11/site-packages/airflow/example_dags/example_kubernetes_executor.py
[2025-10-29T19:38:29.656-0700] {processor.py:183} INFO - Processing /opt/miniconda3/envs/airflow_env/lib/python3.11/site-packages/airflow/example_dags/example_kubernetes_executor.py took 0.059 seconds
[2025-10-29T19:41:00.085-0700] {processor.py:161} INFO - Started process (PID=18135) to work on /opt/miniconda3/envs/airflow_env/lib/python3.11/site-packages/airflow/example_dags/example_kubernetes_executor.py
[2025-10-29T19:41:00.085-0700] {processor.py:830} INFO - Processing file /opt/miniconda3/envs/airflow_env/lib/python3.11/site-packages/airflow/example_dags/example_kubernetes_executor.py for tasks to queue
[2025-10-29T19:41:00.086-0700] {logging_mixin.py:188} INFO - [2025-10-29T19:41:00.085-0700] {dagbag.py:545} INFO - Filling up the DagBag from /opt/miniconda3/envs/airflow_env/lib/python3.11/site-packages/airflow/example_dags/example_kubernetes_executor.py
[2025-10-29T19:41:00.104-0700] {logging_mixin.py:188} INFO - [2025-10-29T19:41:00.103-0700] {example_kubernetes_executor.py:39} WARNING - The example_kubernetes_executor example DAG requires the kubernetes provider. Please install it with: pip install apache-airflow[cncf.kubernetes]
[2025-10-29T19:41:00.104-0700] {processor.py:842} WARNING - No viable dags retrieved from /opt/miniconda3/envs/airflow_env/lib/python3.11/site-packages/airflow/example_dags/example_kubernetes_executor.py
[2025-10-29T19:41:00.142-0700] {processor.py:183} INFO - Processing /opt/miniconda3/envs/airflow_env/lib/python3.11/site-packages/airflow/example_dags/example_kubernetes_executor.py took 0.060 seconds
[2025-10-29T19:43:25.854-0700] {processor.py:161} INFO - Started process (PID=18829) to work on /opt/miniconda3/envs/airflow_env/lib/python3.11/site-packages/airflow/example_dags/example_kubernetes_executor.py
[2025-10-29T19:43:25.855-0700] {processor.py:830} INFO - Processing file /opt/miniconda3/envs/airflow_env/lib/python3.11/site-packages/airflow/example_dags/example_kubernetes_executor.py for tasks to queue
[2025-10-29T19:43:25.855-0700] {logging_mixin.py:188} INFO - [2025-10-29T19:43:25.855-0700] {dagbag.py:545} INFO - Filling up the DagBag from /opt/miniconda3/envs/airflow_env/lib/python3.11/site-packages/airflow/example_dags/example_kubernetes_executor.py
[2025-10-29T19:43:25.873-0700] {logging_mixin.py:188} INFO - [2025-10-29T19:43:25.873-0700] {example_kubernetes_executor.py:39} WARNING - The example_kubernetes_executor example DAG requires the kubernetes provider. Please install it with: pip install apache-airflow[cncf.kubernetes]
[2025-10-29T19:43:25.873-0700] {processor.py:842} WARNING - No viable dags retrieved from /opt/miniconda3/envs/airflow_env/lib/python3.11/site-packages/airflow/example_dags/example_kubernetes_executor.py
[2025-10-29T19:43:25.912-0700] {processor.py:183} INFO - Processing /opt/miniconda3/envs/airflow_env/lib/python3.11/site-packages/airflow/example_dags/example_kubernetes_executor.py took 0.061 seconds
[2025-10-29T19:45:42.131-0700] {processor.py:161} INFO - Started process (PID=19550) to work on /opt/miniconda3/envs/airflow_env/lib/python3.11/site-packages/airflow/example_dags/example_kubernetes_executor.py
[2025-10-29T19:45:42.131-0700] {processor.py:830} INFO - Processing file /opt/miniconda3/envs/airflow_env/lib/python3.11/site-packages/airflow/example_dags/example_kubernetes_executor.py for tasks to queue
[2025-10-29T19:45:42.132-0700] {logging_mixin.py:188} INFO - [2025-10-29T19:45:42.132-0700] {dagbag.py:545} INFO - Filling up the DagBag from /opt/miniconda3/envs/airflow_env/lib/python3.11/site-packages/airflow/example_dags/example_kubernetes_executor.py
[2025-10-29T19:45:42.149-0700] {logging_mixin.py:188} INFO - [2025-10-29T19:45:42.149-0700] {example_kubernetes_executor.py:39} WARNING - The example_kubernetes_executor example DAG requires the kubernetes provider. Please install it with: pip install apache-airflow[cncf.kubernetes]
[2025-10-29T19:45:42.150-0700] {processor.py:842} WARNING - No viable dags retrieved from /opt/miniconda3/envs/airflow_env/lib/python3.11/site-packages/airflow/example_dags/example_kubernetes_executor.py
[2025-10-29T19:45:42.189-0700] {processor.py:183} INFO - Processing /opt/miniconda3/envs/airflow_env/lib/python3.11/site-packages/airflow/example_dags/example_kubernetes_executor.py took 0.060 seconds
[2025-10-29T19:48:03.859-0700] {processor.py:161} INFO - Started process (PID=20219) to work on /opt/miniconda3/envs/airflow_env/lib/python3.11/site-packages/airflow/example_dags/example_kubernetes_executor.py
[2025-10-29T19:48:03.860-0700] {processor.py:830} INFO - Processing file /opt/miniconda3/envs/airflow_env/lib/python3.11/site-packages/airflow/example_dags/example_kubernetes_executor.py for tasks to queue
[2025-10-29T19:48:03.861-0700] {logging_mixin.py:188} INFO - [2025-10-29T19:48:03.861-0700] {dagbag.py:545} INFO - Filling up the DagBag from /opt/miniconda3/envs/airflow_env/lib/python3.11/site-packages/airflow/example_dags/example_kubernetes_executor.py
[2025-10-29T19:48:03.880-0700] {logging_mixin.py:188} INFO - [2025-10-29T19:48:03.880-0700] {example_kubernetes_executor.py:39} WARNING - The example_kubernetes_executor example DAG requires the kubernetes provider. Please install it with: pip install apache-airflow[cncf.kubernetes]
[2025-10-29T19:48:03.880-0700] {processor.py:842} WARNING - No viable dags retrieved from /opt/miniconda3/envs/airflow_env/lib/python3.11/site-packages/airflow/example_dags/example_kubernetes_executor.py
[2025-10-29T19:48:03.919-0700] {processor.py:183} INFO - Processing /opt/miniconda3/envs/airflow_env/lib/python3.11/site-packages/airflow/example_dags/example_kubernetes_executor.py took 0.062 seconds
[2025-10-29T20:00:20.884-0700] {processor.py:161} INFO - Started process (PID=23086) to work on /opt/miniconda3/envs/airflow_env/lib/python3.11/site-packages/airflow/example_dags/example_kubernetes_executor.py
[2025-10-29T20:00:20.884-0700] {processor.py:830} INFO - Processing file /opt/miniconda3/envs/airflow_env/lib/python3.11/site-packages/airflow/example_dags/example_kubernetes_executor.py for tasks to queue
[2025-10-29T20:00:20.885-0700] {logging_mixin.py:188} INFO - [2025-10-29T20:00:20.885-0700] {dagbag.py:545} INFO - Filling up the DagBag from /opt/miniconda3/envs/airflow_env/lib/python3.11/site-packages/airflow/example_dags/example_kubernetes_executor.py
[2025-10-29T20:00:20.903-0700] {logging_mixin.py:188} INFO - [2025-10-29T20:00:20.903-0700] {example_kubernetes_executor.py:39} WARNING - The example_kubernetes_executor example DAG requires the kubernetes provider. Please install it with: pip install apache-airflow[cncf.kubernetes]
[2025-10-29T20:00:20.903-0700] {processor.py:842} WARNING - No viable dags retrieved from /opt/miniconda3/envs/airflow_env/lib/python3.11/site-packages/airflow/example_dags/example_kubernetes_executor.py
[2025-10-29T20:00:20.942-0700] {processor.py:183} INFO - Processing /opt/miniconda3/envs/airflow_env/lib/python3.11/site-packages/airflow/example_dags/example_kubernetes_executor.py took 0.061 seconds
[2025-10-29T20:01:26.735-0700] {processor.py:161} INFO - Started process (PID=23467) to work on /opt/miniconda3/envs/airflow_env/lib/python3.11/site-packages/airflow/example_dags/example_kubernetes_executor.py
[2025-10-29T20:01:26.736-0700] {processor.py:830} INFO - Processing file /opt/miniconda3/envs/airflow_env/lib/python3.11/site-packages/airflow/example_dags/example_kubernetes_executor.py for tasks to queue
[2025-10-29T20:01:26.736-0700] {logging_mixin.py:188} INFO - [2025-10-29T20:01:26.736-0700] {dagbag.py:545} INFO - Filling up the DagBag from /opt/miniconda3/envs/airflow_env/lib/python3.11/site-packages/airflow/example_dags/example_kubernetes_executor.py
[2025-10-29T20:01:26.755-0700] {logging_mixin.py:188} INFO - [2025-10-29T20:01:26.755-0700] {example_kubernetes_executor.py:39} WARNING - The example_kubernetes_executor example DAG requires the kubernetes provider. Please install it with: pip install apache-airflow[cncf.kubernetes]
[2025-10-29T20:01:26.755-0700] {processor.py:842} WARNING - No viable dags retrieved from /opt/miniconda3/envs/airflow_env/lib/python3.11/site-packages/airflow/example_dags/example_kubernetes_executor.py
[2025-10-29T20:01:26.794-0700] {processor.py:183} INFO - Processing /opt/miniconda3/envs/airflow_env/lib/python3.11/site-packages/airflow/example_dags/example_kubernetes_executor.py took 0.061 seconds
[2025-10-29T20:02:05.285-0700] {processor.py:161} INFO - Started process (PID=23682) to work on /opt/miniconda3/envs/airflow_env/lib/python3.11/site-packages/airflow/example_dags/example_kubernetes_executor.py
[2025-10-29T20:02:05.286-0700] {processor.py:830} INFO - Processing file /opt/miniconda3/envs/airflow_env/lib/python3.11/site-packages/airflow/example_dags/example_kubernetes_executor.py for tasks to queue
[2025-10-29T20:02:05.286-0700] {logging_mixin.py:188} INFO - [2025-10-29T20:02:05.286-0700] {dagbag.py:545} INFO - Filling up the DagBag from /opt/miniconda3/envs/airflow_env/lib/python3.11/site-packages/airflow/example_dags/example_kubernetes_executor.py
[2025-10-29T20:02:05.304-0700] {logging_mixin.py:188} INFO - [2025-10-29T20:02:05.304-0700] {example_kubernetes_executor.py:39} WARNING - The example_kubernetes_executor example DAG requires the kubernetes provider. Please install it with: pip install apache-airflow[cncf.kubernetes]
[2025-10-29T20:02:05.304-0700] {processor.py:842} WARNING - No viable dags retrieved from /opt/miniconda3/envs/airflow_env/lib/python3.11/site-packages/airflow/example_dags/example_kubernetes_executor.py
[2025-10-29T20:02:05.343-0700] {processor.py:183} INFO - Processing /opt/miniconda3/envs/airflow_env/lib/python3.11/site-packages/airflow/example_dags/example_kubernetes_executor.py took 0.060 seconds
[2025-10-29T20:03:09.363-0700] {processor.py:161} INFO - Started process (PID=24045) to work on /opt/miniconda3/envs/airflow_env/lib/python3.11/site-packages/airflow/example_dags/example_kubernetes_executor.py
[2025-10-29T20:03:09.364-0700] {processor.py:830} INFO - Processing file /opt/miniconda3/envs/airflow_env/lib/python3.11/site-packages/airflow/example_dags/example_kubernetes_executor.py for tasks to queue
[2025-10-29T20:03:09.364-0700] {logging_mixin.py:188} INFO - [2025-10-29T20:03:09.364-0700] {dagbag.py:545} INFO - Filling up the DagBag from /opt/miniconda3/envs/airflow_env/lib/python3.11/site-packages/airflow/example_dags/example_kubernetes_executor.py
[2025-10-29T20:03:09.382-0700] {logging_mixin.py:188} INFO - [2025-10-29T20:03:09.382-0700] {example_kubernetes_executor.py:39} WARNING - The example_kubernetes_executor example DAG requires the kubernetes provider. Please install it with: pip install apache-airflow[cncf.kubernetes]
[2025-10-29T20:03:09.382-0700] {processor.py:842} WARNING - No viable dags retrieved from /opt/miniconda3/envs/airflow_env/lib/python3.11/site-packages/airflow/example_dags/example_kubernetes_executor.py
[2025-10-29T20:03:09.421-0700] {processor.py:183} INFO - Processing /opt/miniconda3/envs/airflow_env/lib/python3.11/site-packages/airflow/example_dags/example_kubernetes_executor.py took 0.060 seconds
[2025-10-29T20:04:26.505-0700] {processor.py:161} INFO - Started process (PID=24486) to work on /opt/miniconda3/envs/airflow_env/lib/python3.11/site-packages/airflow/example_dags/example_kubernetes_executor.py
[2025-10-29T20:04:26.506-0700] {processor.py:830} INFO - Processing file /opt/miniconda3/envs/airflow_env/lib/python3.11/site-packages/airflow/example_dags/example_kubernetes_executor.py for tasks to queue
[2025-10-29T20:04:26.506-0700] {logging_mixin.py:188} INFO - [2025-10-29T20:04:26.506-0700] {dagbag.py:545} INFO - Filling up the DagBag from /opt/miniconda3/envs/airflow_env/lib/python3.11/site-packages/airflow/example_dags/example_kubernetes_executor.py
[2025-10-29T20:04:26.524-0700] {logging_mixin.py:188} INFO - [2025-10-29T20:04:26.524-0700] {example_kubernetes_executor.py:39} WARNING - The example_kubernetes_executor example DAG requires the kubernetes provider. Please install it with: pip install apache-airflow[cncf.kubernetes]
[2025-10-29T20:04:26.524-0700] {processor.py:842} WARNING - No viable dags retrieved from /opt/miniconda3/envs/airflow_env/lib/python3.11/site-packages/airflow/example_dags/example_kubernetes_executor.py
[2025-10-29T20:04:26.563-0700] {processor.py:183} INFO - Processing /opt/miniconda3/envs/airflow_env/lib/python3.11/site-packages/airflow/example_dags/example_kubernetes_executor.py took 0.059 seconds
[2025-10-29T20:05:36.605-0700] {processor.py:161} INFO - Started process (PID=24890) to work on /opt/miniconda3/envs/airflow_env/lib/python3.11/site-packages/airflow/example_dags/example_kubernetes_executor.py
[2025-10-29T20:05:36.607-0700] {processor.py:830} INFO - Processing file /opt/miniconda3/envs/airflow_env/lib/python3.11/site-packages/airflow/example_dags/example_kubernetes_executor.py for tasks to queue
[2025-10-29T20:05:36.607-0700] {logging_mixin.py:188} INFO - [2025-10-29T20:05:36.607-0700] {dagbag.py:545} INFO - Filling up the DagBag from /opt/miniconda3/envs/airflow_env/lib/python3.11/site-packages/airflow/example_dags/example_kubernetes_executor.py
[2025-10-29T20:05:36.625-0700] {logging_mixin.py:188} INFO - [2025-10-29T20:05:36.625-0700] {example_kubernetes_executor.py:39} WARNING - The example_kubernetes_executor example DAG requires the kubernetes provider. Please install it with: pip install apache-airflow[cncf.kubernetes]
[2025-10-29T20:05:36.625-0700] {processor.py:842} WARNING - No viable dags retrieved from /opt/miniconda3/envs/airflow_env/lib/python3.11/site-packages/airflow/example_dags/example_kubernetes_executor.py
[2025-10-29T20:05:36.665-0700] {processor.py:183} INFO - Processing /opt/miniconda3/envs/airflow_env/lib/python3.11/site-packages/airflow/example_dags/example_kubernetes_executor.py took 0.062 seconds
[2025-10-29T20:06:52.303-0700] {processor.py:161} INFO - Started process (PID=25317) to work on /opt/miniconda3/envs/airflow_env/lib/python3.11/site-packages/airflow/example_dags/example_kubernetes_executor.py
[2025-10-29T20:06:52.304-0700] {processor.py:830} INFO - Processing file /opt/miniconda3/envs/airflow_env/lib/python3.11/site-packages/airflow/example_dags/example_kubernetes_executor.py for tasks to queue
[2025-10-29T20:06:52.304-0700] {logging_mixin.py:188} INFO - [2025-10-29T20:06:52.304-0700] {dagbag.py:545} INFO - Filling up the DagBag from /opt/miniconda3/envs/airflow_env/lib/python3.11/site-packages/airflow/example_dags/example_kubernetes_executor.py
[2025-10-29T20:06:52.322-0700] {logging_mixin.py:188} INFO - [2025-10-29T20:06:52.321-0700] {example_kubernetes_executor.py:39} WARNING - The example_kubernetes_executor example DAG requires the kubernetes provider. Please install it with: pip install apache-airflow[cncf.kubernetes]
[2025-10-29T20:06:52.322-0700] {processor.py:842} WARNING - No viable dags retrieved from /opt/miniconda3/envs/airflow_env/lib/python3.11/site-packages/airflow/example_dags/example_kubernetes_executor.py
[2025-10-29T20:06:52.360-0700] {processor.py:183} INFO - Processing /opt/miniconda3/envs/airflow_env/lib/python3.11/site-packages/airflow/example_dags/example_kubernetes_executor.py took 0.059 seconds
[2025-10-29T20:08:01.546-0700] {processor.py:161} INFO - Started process (PID=25719) to work on /opt/miniconda3/envs/airflow_env/lib/python3.11/site-packages/airflow/example_dags/example_kubernetes_executor.py
[2025-10-29T20:08:01.547-0700] {processor.py:830} INFO - Processing file /opt/miniconda3/envs/airflow_env/lib/python3.11/site-packages/airflow/example_dags/example_kubernetes_executor.py for tasks to queue
[2025-10-29T20:08:01.547-0700] {logging_mixin.py:188} INFO - [2025-10-29T20:08:01.547-0700] {dagbag.py:545} INFO - Filling up the DagBag from /opt/miniconda3/envs/airflow_env/lib/python3.11/site-packages/airflow/example_dags/example_kubernetes_executor.py
[2025-10-29T20:08:01.565-0700] {logging_mixin.py:188} INFO - [2025-10-29T20:08:01.565-0700] {example_kubernetes_executor.py:39} WARNING - The example_kubernetes_executor example DAG requires the kubernetes provider. Please install it with: pip install apache-airflow[cncf.kubernetes]
[2025-10-29T20:08:01.565-0700] {processor.py:842} WARNING - No viable dags retrieved from /opt/miniconda3/envs/airflow_env/lib/python3.11/site-packages/airflow/example_dags/example_kubernetes_executor.py
[2025-10-29T20:08:01.605-0700] {processor.py:183} INFO - Processing /opt/miniconda3/envs/airflow_env/lib/python3.11/site-packages/airflow/example_dags/example_kubernetes_executor.py took 0.060 seconds
[2025-10-29T20:09:18.342-0700] {processor.py:161} INFO - Started process (PID=26091) to work on /opt/miniconda3/envs/airflow_env/lib/python3.11/site-packages/airflow/example_dags/example_kubernetes_executor.py
[2025-10-29T20:09:18.343-0700] {processor.py:830} INFO - Processing file /opt/miniconda3/envs/airflow_env/lib/python3.11/site-packages/airflow/example_dags/example_kubernetes_executor.py for tasks to queue
[2025-10-29T20:09:18.343-0700] {logging_mixin.py:188} INFO - [2025-10-29T20:09:18.343-0700] {dagbag.py:545} INFO - Filling up the DagBag from /opt/miniconda3/envs/airflow_env/lib/python3.11/site-packages/airflow/example_dags/example_kubernetes_executor.py
[2025-10-29T20:09:18.362-0700] {logging_mixin.py:188} INFO - [2025-10-29T20:09:18.362-0700] {example_kubernetes_executor.py:39} WARNING - The example_kubernetes_executor example DAG requires the kubernetes provider. Please install it with: pip install apache-airflow[cncf.kubernetes]
[2025-10-29T20:09:18.362-0700] {processor.py:842} WARNING - No viable dags retrieved from /opt/miniconda3/envs/airflow_env/lib/python3.11/site-packages/airflow/example_dags/example_kubernetes_executor.py
[2025-10-29T20:09:18.403-0700] {processor.py:183} INFO - Processing /opt/miniconda3/envs/airflow_env/lib/python3.11/site-packages/airflow/example_dags/example_kubernetes_executor.py took 0.063 seconds
[2025-10-29T20:10:29.056-0700] {processor.py:161} INFO - Started process (PID=26279) to work on /opt/miniconda3/envs/airflow_env/lib/python3.11/site-packages/airflow/example_dags/example_kubernetes_executor.py
[2025-10-29T20:10:29.056-0700] {processor.py:830} INFO - Processing file /opt/miniconda3/envs/airflow_env/lib/python3.11/site-packages/airflow/example_dags/example_kubernetes_executor.py for tasks to queue
[2025-10-29T20:10:29.057-0700] {logging_mixin.py:188} INFO - [2025-10-29T20:10:29.056-0700] {dagbag.py:545} INFO - Filling up the DagBag from /opt/miniconda3/envs/airflow_env/lib/python3.11/site-packages/airflow/example_dags/example_kubernetes_executor.py
[2025-10-29T20:10:29.075-0700] {logging_mixin.py:188} INFO - [2025-10-29T20:10:29.075-0700] {example_kubernetes_executor.py:39} WARNING - The example_kubernetes_executor example DAG requires the kubernetes provider. Please install it with: pip install apache-airflow[cncf.kubernetes]
[2025-10-29T20:10:29.075-0700] {processor.py:842} WARNING - No viable dags retrieved from /opt/miniconda3/envs/airflow_env/lib/python3.11/site-packages/airflow/example_dags/example_kubernetes_executor.py
[2025-10-29T20:10:29.115-0700] {processor.py:183} INFO - Processing /opt/miniconda3/envs/airflow_env/lib/python3.11/site-packages/airflow/example_dags/example_kubernetes_executor.py took 0.061 seconds
[2025-10-29T20:11:51.329-0700] {processor.py:161} INFO - Started process (PID=26556) to work on /opt/miniconda3/envs/airflow_env/lib/python3.11/site-packages/airflow/example_dags/example_kubernetes_executor.py
[2025-10-29T20:11:51.330-0700] {processor.py:830} INFO - Processing file /opt/miniconda3/envs/airflow_env/lib/python3.11/site-packages/airflow/example_dags/example_kubernetes_executor.py for tasks to queue
[2025-10-29T20:11:51.331-0700] {logging_mixin.py:188} INFO - [2025-10-29T20:11:51.331-0700] {dagbag.py:545} INFO - Filling up the DagBag from /opt/miniconda3/envs/airflow_env/lib/python3.11/site-packages/airflow/example_dags/example_kubernetes_executor.py
[2025-10-29T20:11:51.354-0700] {logging_mixin.py:188} INFO - [2025-10-29T20:11:51.354-0700] {example_kubernetes_executor.py:39} WARNING - The example_kubernetes_executor example DAG requires the kubernetes provider. Please install it with: pip install apache-airflow[cncf.kubernetes]
[2025-10-29T20:11:51.354-0700] {processor.py:842} WARNING - No viable dags retrieved from /opt/miniconda3/envs/airflow_env/lib/python3.11/site-packages/airflow/example_dags/example_kubernetes_executor.py
[2025-10-29T20:11:51.430-0700] {processor.py:183} INFO - Processing /opt/miniconda3/envs/airflow_env/lib/python3.11/site-packages/airflow/example_dags/example_kubernetes_executor.py took 0.103 seconds
[2025-10-29T20:12:46.892-0700] {processor.py:161} INFO - Started process (PID=26750) to work on /opt/miniconda3/envs/airflow_env/lib/python3.11/site-packages/airflow/example_dags/example_kubernetes_executor.py
[2025-10-29T20:12:46.894-0700] {processor.py:830} INFO - Processing file /opt/miniconda3/envs/airflow_env/lib/python3.11/site-packages/airflow/example_dags/example_kubernetes_executor.py for tasks to queue
[2025-10-29T20:12:46.895-0700] {logging_mixin.py:188} INFO - [2025-10-29T20:12:46.894-0700] {dagbag.py:545} INFO - Filling up the DagBag from /opt/miniconda3/envs/airflow_env/lib/python3.11/site-packages/airflow/example_dags/example_kubernetes_executor.py
[2025-10-29T20:12:46.933-0700] {logging_mixin.py:188} INFO - [2025-10-29T20:12:46.933-0700] {example_kubernetes_executor.py:39} WARNING - The example_kubernetes_executor example DAG requires the kubernetes provider. Please install it with: pip install apache-airflow[cncf.kubernetes]
[2025-10-29T20:12:46.933-0700] {processor.py:842} WARNING - No viable dags retrieved from /opt/miniconda3/envs/airflow_env/lib/python3.11/site-packages/airflow/example_dags/example_kubernetes_executor.py
[2025-10-29T20:12:47.011-0700] {processor.py:183} INFO - Processing /opt/miniconda3/envs/airflow_env/lib/python3.11/site-packages/airflow/example_dags/example_kubernetes_executor.py took 0.124 seconds
[2025-10-29T20:13:08.031-0700] {processor.py:161} INFO - Started process (PID=26820) to work on /opt/miniconda3/envs/airflow_env/lib/python3.11/site-packages/airflow/example_dags/example_kubernetes_executor.py
[2025-10-29T20:13:08.032-0700] {processor.py:830} INFO - Processing file /opt/miniconda3/envs/airflow_env/lib/python3.11/site-packages/airflow/example_dags/example_kubernetes_executor.py for tasks to queue
[2025-10-29T20:13:08.032-0700] {logging_mixin.py:188} INFO - [2025-10-29T20:13:08.032-0700] {dagbag.py:545} INFO - Filling up the DagBag from /opt/miniconda3/envs/airflow_env/lib/python3.11/site-packages/airflow/example_dags/example_kubernetes_executor.py
[2025-10-29T20:13:08.056-0700] {logging_mixin.py:188} INFO - [2025-10-29T20:13:08.056-0700] {example_kubernetes_executor.py:39} WARNING - The example_kubernetes_executor example DAG requires the kubernetes provider. Please install it with: pip install apache-airflow[cncf.kubernetes]
[2025-10-29T20:13:08.057-0700] {processor.py:842} WARNING - No viable dags retrieved from /opt/miniconda3/envs/airflow_env/lib/python3.11/site-packages/airflow/example_dags/example_kubernetes_executor.py
[2025-10-29T20:13:08.109-0700] {processor.py:183} INFO - Processing /opt/miniconda3/envs/airflow_env/lib/python3.11/site-packages/airflow/example_dags/example_kubernetes_executor.py took 0.081 seconds
[2025-10-29T20:14:33.203-0700] {processor.py:161} INFO - Started process (PID=27114) to work on /opt/miniconda3/envs/airflow_env/lib/python3.11/site-packages/airflow/example_dags/example_kubernetes_executor.py
[2025-10-29T20:14:33.204-0700] {processor.py:830} INFO - Processing file /opt/miniconda3/envs/airflow_env/lib/python3.11/site-packages/airflow/example_dags/example_kubernetes_executor.py for tasks to queue
[2025-10-29T20:14:33.205-0700] {logging_mixin.py:188} INFO - [2025-10-29T20:14:33.205-0700] {dagbag.py:545} INFO - Filling up the DagBag from /opt/miniconda3/envs/airflow_env/lib/python3.11/site-packages/airflow/example_dags/example_kubernetes_executor.py
[2025-10-29T20:14:33.239-0700] {logging_mixin.py:188} INFO - [2025-10-29T20:14:33.239-0700] {example_kubernetes_executor.py:39} WARNING - The example_kubernetes_executor example DAG requires the kubernetes provider. Please install it with: pip install apache-airflow[cncf.kubernetes]
[2025-10-29T20:14:33.239-0700] {processor.py:842} WARNING - No viable dags retrieved from /opt/miniconda3/envs/airflow_env/lib/python3.11/site-packages/airflow/example_dags/example_kubernetes_executor.py
[2025-10-29T20:14:33.319-0700] {processor.py:183} INFO - Processing /opt/miniconda3/envs/airflow_env/lib/python3.11/site-packages/airflow/example_dags/example_kubernetes_executor.py took 0.120 seconds
[2025-10-29T20:14:39.543-0700] {processor.py:161} INFO - Started process (PID=27135) to work on /opt/miniconda3/envs/airflow_env/lib/python3.11/site-packages/airflow/example_dags/example_kubernetes_executor.py
[2025-10-29T20:14:39.544-0700] {processor.py:830} INFO - Processing file /opt/miniconda3/envs/airflow_env/lib/python3.11/site-packages/airflow/example_dags/example_kubernetes_executor.py for tasks to queue
[2025-10-29T20:14:39.545-0700] {logging_mixin.py:188} INFO - [2025-10-29T20:14:39.545-0700] {dagbag.py:545} INFO - Filling up the DagBag from /opt/miniconda3/envs/airflow_env/lib/python3.11/site-packages/airflow/example_dags/example_kubernetes_executor.py
[2025-10-29T20:14:39.575-0700] {logging_mixin.py:188} INFO - [2025-10-29T20:14:39.575-0700] {example_kubernetes_executor.py:39} WARNING - The example_kubernetes_executor example DAG requires the kubernetes provider. Please install it with: pip install apache-airflow[cncf.kubernetes]
[2025-10-29T20:14:39.576-0700] {processor.py:842} WARNING - No viable dags retrieved from /opt/miniconda3/envs/airflow_env/lib/python3.11/site-packages/airflow/example_dags/example_kubernetes_executor.py
[2025-10-29T20:14:39.638-0700] {processor.py:183} INFO - Processing /opt/miniconda3/envs/airflow_env/lib/python3.11/site-packages/airflow/example_dags/example_kubernetes_executor.py took 0.098 seconds
[2025-10-29T20:15:56.572-0700] {processor.py:161} INFO - Started process (PID=27395) to work on /opt/miniconda3/envs/airflow_env/lib/python3.11/site-packages/airflow/example_dags/example_kubernetes_executor.py
[2025-10-29T20:15:56.572-0700] {processor.py:830} INFO - Processing file /opt/miniconda3/envs/airflow_env/lib/python3.11/site-packages/airflow/example_dags/example_kubernetes_executor.py for tasks to queue
[2025-10-29T20:15:56.573-0700] {logging_mixin.py:188} INFO - [2025-10-29T20:15:56.573-0700] {dagbag.py:545} INFO - Filling up the DagBag from /opt/miniconda3/envs/airflow_env/lib/python3.11/site-packages/airflow/example_dags/example_kubernetes_executor.py
[2025-10-29T20:15:56.597-0700] {logging_mixin.py:188} INFO - [2025-10-29T20:15:56.597-0700] {example_kubernetes_executor.py:39} WARNING - The example_kubernetes_executor example DAG requires the kubernetes provider. Please install it with: pip install apache-airflow[cncf.kubernetes]
[2025-10-29T20:15:56.597-0700] {processor.py:842} WARNING - No viable dags retrieved from /opt/miniconda3/envs/airflow_env/lib/python3.11/site-packages/airflow/example_dags/example_kubernetes_executor.py
[2025-10-29T20:15:56.658-0700] {processor.py:183} INFO - Processing /opt/miniconda3/envs/airflow_env/lib/python3.11/site-packages/airflow/example_dags/example_kubernetes_executor.py took 0.089 seconds
[2025-10-29T20:17:31.193-0700] {processor.py:161} INFO - Started process (PID=27714) to work on /opt/miniconda3/envs/airflow_env/lib/python3.11/site-packages/airflow/example_dags/example_kubernetes_executor.py
[2025-10-29T20:17:31.194-0700] {processor.py:830} INFO - Processing file /opt/miniconda3/envs/airflow_env/lib/python3.11/site-packages/airflow/example_dags/example_kubernetes_executor.py for tasks to queue
[2025-10-29T20:17:31.195-0700] {logging_mixin.py:188} INFO - [2025-10-29T20:17:31.195-0700] {dagbag.py:545} INFO - Filling up the DagBag from /opt/miniconda3/envs/airflow_env/lib/python3.11/site-packages/airflow/example_dags/example_kubernetes_executor.py
[2025-10-29T20:17:31.224-0700] {logging_mixin.py:188} INFO - [2025-10-29T20:17:31.224-0700] {example_kubernetes_executor.py:39} WARNING - The example_kubernetes_executor example DAG requires the kubernetes provider. Please install it with: pip install apache-airflow[cncf.kubernetes]
[2025-10-29T20:17:31.225-0700] {processor.py:842} WARNING - No viable dags retrieved from /opt/miniconda3/envs/airflow_env/lib/python3.11/site-packages/airflow/example_dags/example_kubernetes_executor.py
[2025-10-29T20:17:31.292-0700] {processor.py:183} INFO - Processing /opt/miniconda3/envs/airflow_env/lib/python3.11/site-packages/airflow/example_dags/example_kubernetes_executor.py took 0.102 seconds
[2025-10-29T20:17:34.901-0700] {processor.py:161} INFO - Started process (PID=27726) to work on /opt/miniconda3/envs/airflow_env/lib/python3.11/site-packages/airflow/example_dags/example_kubernetes_executor.py
[2025-10-29T20:17:34.902-0700] {processor.py:830} INFO - Processing file /opt/miniconda3/envs/airflow_env/lib/python3.11/site-packages/airflow/example_dags/example_kubernetes_executor.py for tasks to queue
[2025-10-29T20:17:34.902-0700] {logging_mixin.py:188} INFO - [2025-10-29T20:17:34.902-0700] {dagbag.py:545} INFO - Filling up the DagBag from /opt/miniconda3/envs/airflow_env/lib/python3.11/site-packages/airflow/example_dags/example_kubernetes_executor.py
[2025-10-29T20:17:34.934-0700] {logging_mixin.py:188} INFO - [2025-10-29T20:17:34.933-0700] {example_kubernetes_executor.py:39} WARNING - The example_kubernetes_executor example DAG requires the kubernetes provider. Please install it with: pip install apache-airflow[cncf.kubernetes]
[2025-10-29T20:17:34.934-0700] {processor.py:842} WARNING - No viable dags retrieved from /opt/miniconda3/envs/airflow_env/lib/python3.11/site-packages/airflow/example_dags/example_kubernetes_executor.py
[2025-10-29T20:17:35.001-0700] {processor.py:183} INFO - Processing /opt/miniconda3/envs/airflow_env/lib/python3.11/site-packages/airflow/example_dags/example_kubernetes_executor.py took 0.103 seconds
[2025-10-29T20:18:52.799-0700] {processor.py:161} INFO - Started process (PID=27977) to work on /opt/miniconda3/envs/airflow_env/lib/python3.11/site-packages/airflow/example_dags/example_kubernetes_executor.py
[2025-10-29T20:18:52.800-0700] {processor.py:830} INFO - Processing file /opt/miniconda3/envs/airflow_env/lib/python3.11/site-packages/airflow/example_dags/example_kubernetes_executor.py for tasks to queue
[2025-10-29T20:18:52.800-0700] {logging_mixin.py:188} INFO - [2025-10-29T20:18:52.800-0700] {dagbag.py:545} INFO - Filling up the DagBag from /opt/miniconda3/envs/airflow_env/lib/python3.11/site-packages/airflow/example_dags/example_kubernetes_executor.py
[2025-10-29T20:18:52.829-0700] {logging_mixin.py:188} INFO - [2025-10-29T20:18:52.829-0700] {example_kubernetes_executor.py:39} WARNING - The example_kubernetes_executor example DAG requires the kubernetes provider. Please install it with: pip install apache-airflow[cncf.kubernetes]
[2025-10-29T20:18:52.829-0700] {processor.py:842} WARNING - No viable dags retrieved from /opt/miniconda3/envs/airflow_env/lib/python3.11/site-packages/airflow/example_dags/example_kubernetes_executor.py
[2025-10-29T20:18:52.883-0700] {processor.py:183} INFO - Processing /opt/miniconda3/envs/airflow_env/lib/python3.11/site-packages/airflow/example_dags/example_kubernetes_executor.py took 0.087 seconds
[2025-10-29T20:20:35.843-0700] {processor.py:161} INFO - Started process (PID=28300) to work on /opt/miniconda3/envs/airflow_env/lib/python3.11/site-packages/airflow/example_dags/example_kubernetes_executor.py
[2025-10-29T20:20:35.843-0700] {processor.py:830} INFO - Processing file /opt/miniconda3/envs/airflow_env/lib/python3.11/site-packages/airflow/example_dags/example_kubernetes_executor.py for tasks to queue
[2025-10-29T20:20:35.844-0700] {logging_mixin.py:188} INFO - [2025-10-29T20:20:35.844-0700] {dagbag.py:545} INFO - Filling up the DagBag from /opt/miniconda3/envs/airflow_env/lib/python3.11/site-packages/airflow/example_dags/example_kubernetes_executor.py
[2025-10-29T20:20:35.876-0700] {logging_mixin.py:188} INFO - [2025-10-29T20:20:35.875-0700] {example_kubernetes_executor.py:39} WARNING - The example_kubernetes_executor example DAG requires the kubernetes provider. Please install it with: pip install apache-airflow[cncf.kubernetes]
[2025-10-29T20:20:35.876-0700] {processor.py:842} WARNING - No viable dags retrieved from /opt/miniconda3/envs/airflow_env/lib/python3.11/site-packages/airflow/example_dags/example_kubernetes_executor.py
[2025-10-29T20:20:35.945-0700] {processor.py:183} INFO - Processing /opt/miniconda3/envs/airflow_env/lib/python3.11/site-packages/airflow/example_dags/example_kubernetes_executor.py took 0.105 seconds
[2025-10-29T20:20:41.780-0700] {processor.py:161} INFO - Started process (PID=28321) to work on /opt/miniconda3/envs/airflow_env/lib/python3.11/site-packages/airflow/example_dags/example_kubernetes_executor.py
[2025-10-29T20:20:41.780-0700] {processor.py:830} INFO - Processing file /opt/miniconda3/envs/airflow_env/lib/python3.11/site-packages/airflow/example_dags/example_kubernetes_executor.py for tasks to queue
[2025-10-29T20:20:41.781-0700] {logging_mixin.py:188} INFO - [2025-10-29T20:20:41.781-0700] {dagbag.py:545} INFO - Filling up the DagBag from /opt/miniconda3/envs/airflow_env/lib/python3.11/site-packages/airflow/example_dags/example_kubernetes_executor.py
[2025-10-29T20:20:41.799-0700] {logging_mixin.py:188} INFO - [2025-10-29T20:20:41.799-0700] {example_kubernetes_executor.py:39} WARNING - The example_kubernetes_executor example DAG requires the kubernetes provider. Please install it with: pip install apache-airflow[cncf.kubernetes]
[2025-10-29T20:20:41.799-0700] {processor.py:842} WARNING - No viable dags retrieved from /opt/miniconda3/envs/airflow_env/lib/python3.11/site-packages/airflow/example_dags/example_kubernetes_executor.py
[2025-10-29T20:20:41.839-0700] {processor.py:183} INFO - Processing /opt/miniconda3/envs/airflow_env/lib/python3.11/site-packages/airflow/example_dags/example_kubernetes_executor.py took 0.061 seconds
[2025-10-29T20:21:59.672-0700] {processor.py:161} INFO - Started process (PID=28601) to work on /opt/miniconda3/envs/airflow_env/lib/python3.11/site-packages/airflow/example_dags/example_kubernetes_executor.py
[2025-10-29T20:21:59.673-0700] {processor.py:830} INFO - Processing file /opt/miniconda3/envs/airflow_env/lib/python3.11/site-packages/airflow/example_dags/example_kubernetes_executor.py for tasks to queue
[2025-10-29T20:21:59.674-0700] {logging_mixin.py:188} INFO - [2025-10-29T20:21:59.673-0700] {dagbag.py:545} INFO - Filling up the DagBag from /opt/miniconda3/envs/airflow_env/lib/python3.11/site-packages/airflow/example_dags/example_kubernetes_executor.py
[2025-10-29T20:21:59.695-0700] {logging_mixin.py:188} INFO - [2025-10-29T20:21:59.695-0700] {example_kubernetes_executor.py:39} WARNING - The example_kubernetes_executor example DAG requires the kubernetes provider. Please install it with: pip install apache-airflow[cncf.kubernetes]
[2025-10-29T20:21:59.695-0700] {processor.py:842} WARNING - No viable dags retrieved from /opt/miniconda3/envs/airflow_env/lib/python3.11/site-packages/airflow/example_dags/example_kubernetes_executor.py
[2025-10-29T20:21:59.746-0700] {processor.py:183} INFO - Processing /opt/miniconda3/envs/airflow_env/lib/python3.11/site-packages/airflow/example_dags/example_kubernetes_executor.py took 0.076 seconds
[2025-10-29T20:23:55.706-0700] {processor.py:161} INFO - Started process (PID=28996) to work on /opt/miniconda3/envs/airflow_env/lib/python3.11/site-packages/airflow/example_dags/example_kubernetes_executor.py
[2025-10-29T20:23:55.707-0700] {processor.py:830} INFO - Processing file /opt/miniconda3/envs/airflow_env/lib/python3.11/site-packages/airflow/example_dags/example_kubernetes_executor.py for tasks to queue
[2025-10-29T20:23:55.708-0700] {logging_mixin.py:188} INFO - [2025-10-29T20:23:55.708-0700] {dagbag.py:545} INFO - Filling up the DagBag from /opt/miniconda3/envs/airflow_env/lib/python3.11/site-packages/airflow/example_dags/example_kubernetes_executor.py
[2025-10-29T20:23:55.737-0700] {logging_mixin.py:188} INFO - [2025-10-29T20:23:55.737-0700] {example_kubernetes_executor.py:39} WARNING - The example_kubernetes_executor example DAG requires the kubernetes provider. Please install it with: pip install apache-airflow[cncf.kubernetes]
[2025-10-29T20:23:55.737-0700] {processor.py:842} WARNING - No viable dags retrieved from /opt/miniconda3/envs/airflow_env/lib/python3.11/site-packages/airflow/example_dags/example_kubernetes_executor.py
[2025-10-29T20:23:55.801-0700] {processor.py:183} INFO - Processing /opt/miniconda3/envs/airflow_env/lib/python3.11/site-packages/airflow/example_dags/example_kubernetes_executor.py took 0.099 seconds
[2025-10-29T20:24:01.609-0700] {processor.py:161} INFO - Started process (PID=29010) to work on /opt/miniconda3/envs/airflow_env/lib/python3.11/site-packages/airflow/example_dags/example_kubernetes_executor.py
[2025-10-29T20:24:01.610-0700] {processor.py:830} INFO - Processing file /opt/miniconda3/envs/airflow_env/lib/python3.11/site-packages/airflow/example_dags/example_kubernetes_executor.py for tasks to queue
[2025-10-29T20:24:01.611-0700] {logging_mixin.py:188} INFO - [2025-10-29T20:24:01.611-0700] {dagbag.py:545} INFO - Filling up the DagBag from /opt/miniconda3/envs/airflow_env/lib/python3.11/site-packages/airflow/example_dags/example_kubernetes_executor.py
[2025-10-29T20:24:01.644-0700] {logging_mixin.py:188} INFO - [2025-10-29T20:24:01.644-0700] {example_kubernetes_executor.py:39} WARNING - The example_kubernetes_executor example DAG requires the kubernetes provider. Please install it with: pip install apache-airflow[cncf.kubernetes]
[2025-10-29T20:24:01.644-0700] {processor.py:842} WARNING - No viable dags retrieved from /opt/miniconda3/envs/airflow_env/lib/python3.11/site-packages/airflow/example_dags/example_kubernetes_executor.py
[2025-10-29T20:24:01.724-0700] {processor.py:183} INFO - Processing /opt/miniconda3/envs/airflow_env/lib/python3.11/site-packages/airflow/example_dags/example_kubernetes_executor.py took 0.118 seconds
[2025-10-29T20:25:07.660-0700] {processor.py:161} INFO - Started process (PID=29235) to work on /opt/miniconda3/envs/airflow_env/lib/python3.11/site-packages/airflow/example_dags/example_kubernetes_executor.py
[2025-10-29T20:25:07.661-0700] {processor.py:830} INFO - Processing file /opt/miniconda3/envs/airflow_env/lib/python3.11/site-packages/airflow/example_dags/example_kubernetes_executor.py for tasks to queue
[2025-10-29T20:25:07.662-0700] {logging_mixin.py:188} INFO - [2025-10-29T20:25:07.662-0700] {dagbag.py:545} INFO - Filling up the DagBag from /opt/miniconda3/envs/airflow_env/lib/python3.11/site-packages/airflow/example_dags/example_kubernetes_executor.py
[2025-10-29T20:25:07.697-0700] {logging_mixin.py:188} INFO - [2025-10-29T20:25:07.696-0700] {example_kubernetes_executor.py:39} WARNING - The example_kubernetes_executor example DAG requires the kubernetes provider. Please install it with: pip install apache-airflow[cncf.kubernetes]
[2025-10-29T20:25:07.697-0700] {processor.py:842} WARNING - No viable dags retrieved from /opt/miniconda3/envs/airflow_env/lib/python3.11/site-packages/airflow/example_dags/example_kubernetes_executor.py
[2025-10-29T20:25:07.773-0700] {processor.py:183} INFO - Processing /opt/miniconda3/envs/airflow_env/lib/python3.11/site-packages/airflow/example_dags/example_kubernetes_executor.py took 0.117 seconds
[2025-10-29T20:26:50.277-0700] {processor.py:161} INFO - Started process (PID=29594) to work on /opt/miniconda3/envs/airflow_env/lib/python3.11/site-packages/airflow/example_dags/example_kubernetes_executor.py
[2025-10-29T20:26:50.278-0700] {processor.py:830} INFO - Processing file /opt/miniconda3/envs/airflow_env/lib/python3.11/site-packages/airflow/example_dags/example_kubernetes_executor.py for tasks to queue
[2025-10-29T20:26:50.278-0700] {logging_mixin.py:188} INFO - [2025-10-29T20:26:50.278-0700] {dagbag.py:545} INFO - Filling up the DagBag from /opt/miniconda3/envs/airflow_env/lib/python3.11/site-packages/airflow/example_dags/example_kubernetes_executor.py
[2025-10-29T20:26:50.296-0700] {logging_mixin.py:188} INFO - [2025-10-29T20:26:50.296-0700] {example_kubernetes_executor.py:39} WARNING - The example_kubernetes_executor example DAG requires the kubernetes provider. Please install it with: pip install apache-airflow[cncf.kubernetes]
[2025-10-29T20:26:50.296-0700] {processor.py:842} WARNING - No viable dags retrieved from /opt/miniconda3/envs/airflow_env/lib/python3.11/site-packages/airflow/example_dags/example_kubernetes_executor.py
[2025-10-29T20:26:50.335-0700] {processor.py:183} INFO - Processing /opt/miniconda3/envs/airflow_env/lib/python3.11/site-packages/airflow/example_dags/example_kubernetes_executor.py took 0.060 seconds
[2025-10-29T20:26:53.340-0700] {processor.py:161} INFO - Started process (PID=29603) to work on /opt/miniconda3/envs/airflow_env/lib/python3.11/site-packages/airflow/example_dags/example_kubernetes_executor.py
[2025-10-29T20:26:53.341-0700] {processor.py:830} INFO - Processing file /opt/miniconda3/envs/airflow_env/lib/python3.11/site-packages/airflow/example_dags/example_kubernetes_executor.py for tasks to queue
[2025-10-29T20:26:53.342-0700] {logging_mixin.py:188} INFO - [2025-10-29T20:26:53.342-0700] {dagbag.py:545} INFO - Filling up the DagBag from /opt/miniconda3/envs/airflow_env/lib/python3.11/site-packages/airflow/example_dags/example_kubernetes_executor.py
[2025-10-29T20:26:53.366-0700] {logging_mixin.py:188} INFO - [2025-10-29T20:26:53.366-0700] {example_kubernetes_executor.py:39} WARNING - The example_kubernetes_executor example DAG requires the kubernetes provider. Please install it with: pip install apache-airflow[cncf.kubernetes]
[2025-10-29T20:26:53.366-0700] {processor.py:842} WARNING - No viable dags retrieved from /opt/miniconda3/envs/airflow_env/lib/python3.11/site-packages/airflow/example_dags/example_kubernetes_executor.py
[2025-10-29T20:26:53.419-0700] {processor.py:183} INFO - Processing /opt/miniconda3/envs/airflow_env/lib/python3.11/site-packages/airflow/example_dags/example_kubernetes_executor.py took 0.081 seconds
[2025-10-29T20:27:55.749-0700] {processor.py:161} INFO - Started process (PID=29815) to work on /opt/miniconda3/envs/airflow_env/lib/python3.11/site-packages/airflow/example_dags/example_kubernetes_executor.py
[2025-10-29T20:27:55.749-0700] {processor.py:830} INFO - Processing file /opt/miniconda3/envs/airflow_env/lib/python3.11/site-packages/airflow/example_dags/example_kubernetes_executor.py for tasks to queue
[2025-10-29T20:27:55.750-0700] {logging_mixin.py:188} INFO - [2025-10-29T20:27:55.750-0700] {dagbag.py:545} INFO - Filling up the DagBag from /opt/miniconda3/envs/airflow_env/lib/python3.11/site-packages/airflow/example_dags/example_kubernetes_executor.py
[2025-10-29T20:27:55.770-0700] {logging_mixin.py:188} INFO - [2025-10-29T20:27:55.770-0700] {example_kubernetes_executor.py:39} WARNING - The example_kubernetes_executor example DAG requires the kubernetes provider. Please install it with: pip install apache-airflow[cncf.kubernetes]
[2025-10-29T20:27:55.770-0700] {processor.py:842} WARNING - No viable dags retrieved from /opt/miniconda3/envs/airflow_env/lib/python3.11/site-packages/airflow/example_dags/example_kubernetes_executor.py
[2025-10-29T20:27:55.815-0700] {processor.py:183} INFO - Processing /opt/miniconda3/envs/airflow_env/lib/python3.11/site-packages/airflow/example_dags/example_kubernetes_executor.py took 0.068 seconds
[2025-10-29T20:29:40.350-0700] {processor.py:161} INFO - Started process (PID=30180) to work on /opt/miniconda3/envs/airflow_env/lib/python3.11/site-packages/airflow/example_dags/example_kubernetes_executor.py
[2025-10-29T20:29:40.352-0700] {processor.py:830} INFO - Processing file /opt/miniconda3/envs/airflow_env/lib/python3.11/site-packages/airflow/example_dags/example_kubernetes_executor.py for tasks to queue
[2025-10-29T20:29:40.354-0700] {logging_mixin.py:188} INFO - [2025-10-29T20:29:40.353-0700] {dagbag.py:545} INFO - Filling up the DagBag from /opt/miniconda3/envs/airflow_env/lib/python3.11/site-packages/airflow/example_dags/example_kubernetes_executor.py
[2025-10-29T20:29:40.393-0700] {logging_mixin.py:188} INFO - [2025-10-29T20:29:40.393-0700] {example_kubernetes_executor.py:39} WARNING - The example_kubernetes_executor example DAG requires the kubernetes provider. Please install it with: pip install apache-airflow[cncf.kubernetes]
[2025-10-29T20:29:40.393-0700] {processor.py:842} WARNING - No viable dags retrieved from /opt/miniconda3/envs/airflow_env/lib/python3.11/site-packages/airflow/example_dags/example_kubernetes_executor.py
[2025-10-29T20:29:40.489-0700] {processor.py:183} INFO - Processing /opt/miniconda3/envs/airflow_env/lib/python3.11/site-packages/airflow/example_dags/example_kubernetes_executor.py took 0.146 seconds
[2025-10-29T20:29:41.371-0700] {processor.py:161} INFO - Started process (PID=30185) to work on /opt/miniconda3/envs/airflow_env/lib/python3.11/site-packages/airflow/example_dags/example_kubernetes_executor.py
[2025-10-29T20:29:41.372-0700] {processor.py:830} INFO - Processing file /opt/miniconda3/envs/airflow_env/lib/python3.11/site-packages/airflow/example_dags/example_kubernetes_executor.py for tasks to queue
[2025-10-29T20:29:41.373-0700] {logging_mixin.py:188} INFO - [2025-10-29T20:29:41.372-0700] {dagbag.py:545} INFO - Filling up the DagBag from /opt/miniconda3/envs/airflow_env/lib/python3.11/site-packages/airflow/example_dags/example_kubernetes_executor.py
[2025-10-29T20:29:41.391-0700] {logging_mixin.py:188} INFO - [2025-10-29T20:29:41.391-0700] {example_kubernetes_executor.py:39} WARNING - The example_kubernetes_executor example DAG requires the kubernetes provider. Please install it with: pip install apache-airflow[cncf.kubernetes]
[2025-10-29T20:29:41.391-0700] {processor.py:842} WARNING - No viable dags retrieved from /opt/miniconda3/envs/airflow_env/lib/python3.11/site-packages/airflow/example_dags/example_kubernetes_executor.py
[2025-10-29T20:29:41.430-0700] {processor.py:183} INFO - Processing /opt/miniconda3/envs/airflow_env/lib/python3.11/site-packages/airflow/example_dags/example_kubernetes_executor.py took 0.061 seconds
