[2025-10-29T18:41:09.689-0700] {processor.py:161} INFO - Started process (PID=5206) to work on /opt/miniconda3/envs/airflow_env/lib/python3.11/site-packages/airflow/example_dags/example_latest_only.py
[2025-10-29T18:41:09.690-0700] {processor.py:830} INFO - Processing file /opt/miniconda3/envs/airflow_env/lib/python3.11/site-packages/airflow/example_dags/example_latest_only.py for tasks to queue
[2025-10-29T18:41:09.690-0700] {logging_mixin.py:188} INFO - [2025-10-29T18:41:09.690-0700] {dagbag.py:545} INFO - Filling up the DagBag from /opt/miniconda3/envs/airflow_env/lib/python3.11/site-packages/airflow/example_dags/example_latest_only.py
[2025-10-29T18:41:09.694-0700] {processor.py:840} INFO - DAG(s) 'latest_only' retrieved from /opt/miniconda3/envs/airflow_env/lib/python3.11/site-packages/airflow/example_dags/example_latest_only.py
[2025-10-29T18:41:09.784-0700] {logging_mixin.py:188} INFO - [2025-10-29T18:41:09.784-0700] {override.py:1930} INFO - Created Permission View: can delete on DAG:latest_only
[2025-10-29T18:41:09.789-0700] {logging_mixin.py:188} INFO - [2025-10-29T18:41:09.789-0700] {override.py:1930} INFO - Created Permission View: can read on DAG:latest_only
[2025-10-29T18:41:09.792-0700] {logging_mixin.py:188} INFO - [2025-10-29T18:41:09.791-0700] {override.py:1930} INFO - Created Permission View: can edit on DAG:latest_only
[2025-10-29T18:41:09.792-0700] {logging_mixin.py:188} INFO - [2025-10-29T18:41:09.792-0700] {dag.py:3089} INFO - Sync 1 DAGs
[2025-10-29T18:41:09.797-0700] {logging_mixin.py:188} INFO - [2025-10-29T18:41:09.796-0700] {dag.py:3111} INFO - Creating ORM DAG for latest_only
[2025-10-29T18:41:09.800-0700] {logging_mixin.py:188} INFO - [2025-10-29T18:41:09.800-0700] {dag.py:3947} INFO - Setting next_dagrun for latest_only to 2025-10-29 20:00:00+00:00, run_after=2025-10-30 00:00:00+00:00
[2025-10-29T18:41:09.841-0700] {processor.py:183} INFO - Processing /opt/miniconda3/envs/airflow_env/lib/python3.11/site-packages/airflow/example_dags/example_latest_only.py took 0.153 seconds
[2025-10-29T18:42:48.579-0700] {processor.py:161} INFO - Started process (PID=5402) to work on /opt/miniconda3/envs/airflow_env/lib/python3.11/site-packages/airflow/example_dags/example_latest_only.py
[2025-10-29T18:42:48.580-0700] {processor.py:830} INFO - Processing file /opt/miniconda3/envs/airflow_env/lib/python3.11/site-packages/airflow/example_dags/example_latest_only.py for tasks to queue
[2025-10-29T18:42:48.581-0700] {logging_mixin.py:188} INFO - [2025-10-29T18:42:48.581-0700] {dagbag.py:545} INFO - Filling up the DagBag from /opt/miniconda3/envs/airflow_env/lib/python3.11/site-packages/airflow/example_dags/example_latest_only.py
[2025-10-29T18:42:48.585-0700] {processor.py:840} INFO - DAG(s) 'latest_only' retrieved from /opt/miniconda3/envs/airflow_env/lib/python3.11/site-packages/airflow/example_dags/example_latest_only.py
[2025-10-29T18:42:48.633-0700] {logging_mixin.py:188} INFO - [2025-10-29T18:42:48.633-0700] {dag.py:3089} INFO - Sync 1 DAGs
[2025-10-29T18:42:48.642-0700] {logging_mixin.py:188} INFO - [2025-10-29T18:42:48.642-0700] {dag.py:3947} INFO - Setting next_dagrun for latest_only to 2025-10-29 20:00:00+00:00, run_after=2025-10-30 00:00:00+00:00
[2025-10-29T18:42:48.651-0700] {processor.py:183} INFO - Processing /opt/miniconda3/envs/airflow_env/lib/python3.11/site-packages/airflow/example_dags/example_latest_only.py took 0.074 seconds
[2025-10-29T18:45:10.859-0700] {processor.py:161} INFO - Started process (PID=5662) to work on /opt/miniconda3/envs/airflow_env/lib/python3.11/site-packages/airflow/example_dags/example_latest_only.py
[2025-10-29T18:45:10.859-0700] {processor.py:830} INFO - Processing file /opt/miniconda3/envs/airflow_env/lib/python3.11/site-packages/airflow/example_dags/example_latest_only.py for tasks to queue
[2025-10-29T18:45:10.860-0700] {logging_mixin.py:188} INFO - [2025-10-29T18:45:10.860-0700] {dagbag.py:545} INFO - Filling up the DagBag from /opt/miniconda3/envs/airflow_env/lib/python3.11/site-packages/airflow/example_dags/example_latest_only.py
[2025-10-29T18:45:10.863-0700] {processor.py:840} INFO - DAG(s) 'latest_only' retrieved from /opt/miniconda3/envs/airflow_env/lib/python3.11/site-packages/airflow/example_dags/example_latest_only.py
[2025-10-29T18:45:10.912-0700] {logging_mixin.py:188} INFO - [2025-10-29T18:45:10.912-0700] {dag.py:3089} INFO - Sync 1 DAGs
[2025-10-29T18:45:10.921-0700] {logging_mixin.py:188} INFO - [2025-10-29T18:45:10.921-0700] {dag.py:3947} INFO - Setting next_dagrun for latest_only to 2025-10-29 20:00:00+00:00, run_after=2025-10-30 00:00:00+00:00
[2025-10-29T18:45:10.931-0700] {processor.py:183} INFO - Processing /opt/miniconda3/envs/airflow_env/lib/python3.11/site-packages/airflow/example_dags/example_latest_only.py took 0.074 seconds
[2025-10-29T18:47:35.274-0700] {processor.py:161} INFO - Started process (PID=5921) to work on /opt/miniconda3/envs/airflow_env/lib/python3.11/site-packages/airflow/example_dags/example_latest_only.py
[2025-10-29T18:47:35.275-0700] {processor.py:830} INFO - Processing file /opt/miniconda3/envs/airflow_env/lib/python3.11/site-packages/airflow/example_dags/example_latest_only.py for tasks to queue
[2025-10-29T18:47:35.275-0700] {logging_mixin.py:188} INFO - [2025-10-29T18:47:35.275-0700] {dagbag.py:545} INFO - Filling up the DagBag from /opt/miniconda3/envs/airflow_env/lib/python3.11/site-packages/airflow/example_dags/example_latest_only.py
[2025-10-29T18:47:35.279-0700] {processor.py:840} INFO - DAG(s) 'latest_only' retrieved from /opt/miniconda3/envs/airflow_env/lib/python3.11/site-packages/airflow/example_dags/example_latest_only.py
[2025-10-29T18:47:35.328-0700] {logging_mixin.py:188} INFO - [2025-10-29T18:47:35.328-0700] {dag.py:3089} INFO - Sync 1 DAGs
[2025-10-29T18:47:35.337-0700] {logging_mixin.py:188} INFO - [2025-10-29T18:47:35.337-0700] {dag.py:3947} INFO - Setting next_dagrun for latest_only to 2025-10-29 20:00:00+00:00, run_after=2025-10-30 00:00:00+00:00
[2025-10-29T18:47:35.347-0700] {processor.py:183} INFO - Processing /opt/miniconda3/envs/airflow_env/lib/python3.11/site-packages/airflow/example_dags/example_latest_only.py took 0.075 seconds
[2025-10-29T18:50:00.725-0700] {processor.py:161} INFO - Started process (PID=8684) to work on /opt/miniconda3/envs/airflow_env/lib/python3.11/site-packages/airflow/example_dags/example_latest_only.py
[2025-10-29T18:50:00.726-0700] {processor.py:830} INFO - Processing file /opt/miniconda3/envs/airflow_env/lib/python3.11/site-packages/airflow/example_dags/example_latest_only.py for tasks to queue
[2025-10-29T18:50:00.726-0700] {logging_mixin.py:188} INFO - [2025-10-29T18:50:00.726-0700] {dagbag.py:545} INFO - Filling up the DagBag from /opt/miniconda3/envs/airflow_env/lib/python3.11/site-packages/airflow/example_dags/example_latest_only.py
[2025-10-29T18:50:00.730-0700] {processor.py:840} INFO - DAG(s) 'latest_only' retrieved from /opt/miniconda3/envs/airflow_env/lib/python3.11/site-packages/airflow/example_dags/example_latest_only.py
[2025-10-29T18:50:00.780-0700] {logging_mixin.py:188} INFO - [2025-10-29T18:50:00.780-0700] {dag.py:3089} INFO - Sync 1 DAGs
[2025-10-29T18:50:00.789-0700] {logging_mixin.py:188} INFO - [2025-10-29T18:50:00.789-0700] {dag.py:3947} INFO - Setting next_dagrun for latest_only to 2025-10-29 20:00:00+00:00, run_after=2025-10-30 00:00:00+00:00
[2025-10-29T18:50:00.799-0700] {processor.py:183} INFO - Processing /opt/miniconda3/envs/airflow_env/lib/python3.11/site-packages/airflow/example_dags/example_latest_only.py took 0.076 seconds
[2025-10-29T18:52:20.094-0700] {processor.py:161} INFO - Started process (PID=9972) to work on /opt/miniconda3/envs/airflow_env/lib/python3.11/site-packages/airflow/example_dags/example_latest_only.py
[2025-10-29T18:52:20.095-0700] {processor.py:830} INFO - Processing file /opt/miniconda3/envs/airflow_env/lib/python3.11/site-packages/airflow/example_dags/example_latest_only.py for tasks to queue
[2025-10-29T18:52:20.095-0700] {logging_mixin.py:188} INFO - [2025-10-29T18:52:20.095-0700] {dagbag.py:545} INFO - Filling up the DagBag from /opt/miniconda3/envs/airflow_env/lib/python3.11/site-packages/airflow/example_dags/example_latest_only.py
[2025-10-29T18:52:20.099-0700] {processor.py:840} INFO - DAG(s) 'latest_only' retrieved from /opt/miniconda3/envs/airflow_env/lib/python3.11/site-packages/airflow/example_dags/example_latest_only.py
[2025-10-29T18:52:20.147-0700] {logging_mixin.py:188} INFO - [2025-10-29T18:52:20.147-0700] {dag.py:3089} INFO - Sync 1 DAGs
[2025-10-29T18:52:20.156-0700] {logging_mixin.py:188} INFO - [2025-10-29T18:52:20.156-0700] {dag.py:3947} INFO - Setting next_dagrun for latest_only to 2025-10-29 20:00:00+00:00, run_after=2025-10-30 00:00:00+00:00
[2025-10-29T18:52:20.165-0700] {processor.py:183} INFO - Processing /opt/miniconda3/envs/airflow_env/lib/python3.11/site-packages/airflow/example_dags/example_latest_only.py took 0.072 seconds
[2025-10-29T18:54:39.969-0700] {processor.py:161} INFO - Started process (PID=10247) to work on /opt/miniconda3/envs/airflow_env/lib/python3.11/site-packages/airflow/example_dags/example_latest_only.py
[2025-10-29T18:54:39.970-0700] {processor.py:830} INFO - Processing file /opt/miniconda3/envs/airflow_env/lib/python3.11/site-packages/airflow/example_dags/example_latest_only.py for tasks to queue
[2025-10-29T18:54:39.970-0700] {logging_mixin.py:188} INFO - [2025-10-29T18:54:39.970-0700] {dagbag.py:545} INFO - Filling up the DagBag from /opt/miniconda3/envs/airflow_env/lib/python3.11/site-packages/airflow/example_dags/example_latest_only.py
[2025-10-29T18:54:39.974-0700] {processor.py:840} INFO - DAG(s) 'latest_only' retrieved from /opt/miniconda3/envs/airflow_env/lib/python3.11/site-packages/airflow/example_dags/example_latest_only.py
[2025-10-29T18:54:40.022-0700] {logging_mixin.py:188} INFO - [2025-10-29T18:54:40.022-0700] {dag.py:3089} INFO - Sync 1 DAGs
[2025-10-29T18:54:40.031-0700] {logging_mixin.py:188} INFO - [2025-10-29T18:54:40.031-0700] {dag.py:3947} INFO - Setting next_dagrun for latest_only to 2025-10-29 20:00:00+00:00, run_after=2025-10-30 00:00:00+00:00
[2025-10-29T18:54:40.041-0700] {processor.py:183} INFO - Processing /opt/miniconda3/envs/airflow_env/lib/python3.11/site-packages/airflow/example_dags/example_latest_only.py took 0.074 seconds
[2025-10-29T18:57:03.149-0700] {processor.py:161} INFO - Started process (PID=10492) to work on /opt/miniconda3/envs/airflow_env/lib/python3.11/site-packages/airflow/example_dags/example_latest_only.py
[2025-10-29T18:57:03.150-0700] {processor.py:830} INFO - Processing file /opt/miniconda3/envs/airflow_env/lib/python3.11/site-packages/airflow/example_dags/example_latest_only.py for tasks to queue
[2025-10-29T18:57:03.150-0700] {logging_mixin.py:188} INFO - [2025-10-29T18:57:03.150-0700] {dagbag.py:545} INFO - Filling up the DagBag from /opt/miniconda3/envs/airflow_env/lib/python3.11/site-packages/airflow/example_dags/example_latest_only.py
[2025-10-29T18:57:03.154-0700] {processor.py:840} INFO - DAG(s) 'latest_only' retrieved from /opt/miniconda3/envs/airflow_env/lib/python3.11/site-packages/airflow/example_dags/example_latest_only.py
[2025-10-29T18:57:03.203-0700] {logging_mixin.py:188} INFO - [2025-10-29T18:57:03.203-0700] {dag.py:3089} INFO - Sync 1 DAGs
[2025-10-29T18:57:03.212-0700] {logging_mixin.py:188} INFO - [2025-10-29T18:57:03.212-0700] {dag.py:3947} INFO - Setting next_dagrun for latest_only to 2025-10-29 20:00:00+00:00, run_after=2025-10-30 00:00:00+00:00
[2025-10-29T18:57:03.221-0700] {processor.py:183} INFO - Processing /opt/miniconda3/envs/airflow_env/lib/python3.11/site-packages/airflow/example_dags/example_latest_only.py took 0.074 seconds
[2025-10-29T18:59:44.700-0700] {processor.py:161} INFO - Started process (PID=10832) to work on /opt/miniconda3/envs/airflow_env/lib/python3.11/site-packages/airflow/example_dags/example_latest_only.py
[2025-10-29T18:59:44.701-0700] {processor.py:830} INFO - Processing file /opt/miniconda3/envs/airflow_env/lib/python3.11/site-packages/airflow/example_dags/example_latest_only.py for tasks to queue
[2025-10-29T18:59:44.701-0700] {logging_mixin.py:188} INFO - [2025-10-29T18:59:44.701-0700] {dagbag.py:545} INFO - Filling up the DagBag from /opt/miniconda3/envs/airflow_env/lib/python3.11/site-packages/airflow/example_dags/example_latest_only.py
[2025-10-29T18:59:44.705-0700] {processor.py:840} INFO - DAG(s) 'latest_only' retrieved from /opt/miniconda3/envs/airflow_env/lib/python3.11/site-packages/airflow/example_dags/example_latest_only.py
[2025-10-29T18:59:44.793-0700] {logging_mixin.py:188} INFO - [2025-10-29T18:59:44.793-0700] {dag.py:3089} INFO - Sync 1 DAGs
[2025-10-29T18:59:44.801-0700] {logging_mixin.py:188} INFO - [2025-10-29T18:59:44.801-0700] {dag.py:3947} INFO - Setting next_dagrun for latest_only to 2025-10-29 20:00:00+00:00, run_after=2025-10-30 00:00:00+00:00
[2025-10-29T18:59:44.842-0700] {processor.py:183} INFO - Processing /opt/miniconda3/envs/airflow_env/lib/python3.11/site-packages/airflow/example_dags/example_latest_only.py took 0.144 seconds
[2025-10-29T19:01:27.148-0700] {processor.py:161} INFO - Started process (PID=11015) to work on /opt/miniconda3/envs/airflow_env/lib/python3.11/site-packages/airflow/example_dags/example_latest_only.py
[2025-10-29T19:01:27.150-0700] {processor.py:830} INFO - Processing file /opt/miniconda3/envs/airflow_env/lib/python3.11/site-packages/airflow/example_dags/example_latest_only.py for tasks to queue
[2025-10-29T19:01:27.150-0700] {logging_mixin.py:188} INFO - [2025-10-29T19:01:27.150-0700] {dagbag.py:545} INFO - Filling up the DagBag from /opt/miniconda3/envs/airflow_env/lib/python3.11/site-packages/airflow/example_dags/example_latest_only.py
[2025-10-29T19:01:27.154-0700] {processor.py:840} INFO - DAG(s) 'latest_only' retrieved from /opt/miniconda3/envs/airflow_env/lib/python3.11/site-packages/airflow/example_dags/example_latest_only.py
[2025-10-29T19:01:27.202-0700] {logging_mixin.py:188} INFO - [2025-10-29T19:01:27.202-0700] {dag.py:3089} INFO - Sync 1 DAGs
[2025-10-29T19:01:27.211-0700] {logging_mixin.py:188} INFO - [2025-10-29T19:01:27.211-0700] {dag.py:3947} INFO - Setting next_dagrun for latest_only to 2025-10-29 20:00:00+00:00, run_after=2025-10-30 00:00:00+00:00
[2025-10-29T19:01:27.220-0700] {processor.py:183} INFO - Processing /opt/miniconda3/envs/airflow_env/lib/python3.11/site-packages/airflow/example_dags/example_latest_only.py took 0.074 seconds
[2025-10-29T19:03:52.693-0700] {processor.py:161} INFO - Started process (PID=11275) to work on /opt/miniconda3/envs/airflow_env/lib/python3.11/site-packages/airflow/example_dags/example_latest_only.py
[2025-10-29T19:03:52.693-0700] {processor.py:830} INFO - Processing file /opt/miniconda3/envs/airflow_env/lib/python3.11/site-packages/airflow/example_dags/example_latest_only.py for tasks to queue
[2025-10-29T19:03:52.694-0700] {logging_mixin.py:188} INFO - [2025-10-29T19:03:52.694-0700] {dagbag.py:545} INFO - Filling up the DagBag from /opt/miniconda3/envs/airflow_env/lib/python3.11/site-packages/airflow/example_dags/example_latest_only.py
[2025-10-29T19:03:52.698-0700] {processor.py:840} INFO - DAG(s) 'latest_only' retrieved from /opt/miniconda3/envs/airflow_env/lib/python3.11/site-packages/airflow/example_dags/example_latest_only.py
[2025-10-29T19:03:52.747-0700] {logging_mixin.py:188} INFO - [2025-10-29T19:03:52.747-0700] {dag.py:3089} INFO - Sync 1 DAGs
[2025-10-29T19:03:52.756-0700] {logging_mixin.py:188} INFO - [2025-10-29T19:03:52.756-0700] {dag.py:3947} INFO - Setting next_dagrun for latest_only to 2025-10-29 20:00:00+00:00, run_after=2025-10-30 00:00:00+00:00
[2025-10-29T19:03:52.765-0700] {processor.py:183} INFO - Processing /opt/miniconda3/envs/airflow_env/lib/python3.11/site-packages/airflow/example_dags/example_latest_only.py took 0.074 seconds
[2025-10-29T19:06:21.024-0700] {processor.py:161} INFO - Started process (PID=11542) to work on /opt/miniconda3/envs/airflow_env/lib/python3.11/site-packages/airflow/example_dags/example_latest_only.py
[2025-10-29T19:06:21.025-0700] {processor.py:830} INFO - Processing file /opt/miniconda3/envs/airflow_env/lib/python3.11/site-packages/airflow/example_dags/example_latest_only.py for tasks to queue
[2025-10-29T19:06:21.026-0700] {logging_mixin.py:188} INFO - [2025-10-29T19:06:21.026-0700] {dagbag.py:545} INFO - Filling up the DagBag from /opt/miniconda3/envs/airflow_env/lib/python3.11/site-packages/airflow/example_dags/example_latest_only.py
[2025-10-29T19:06:21.030-0700] {processor.py:840} INFO - DAG(s) 'latest_only' retrieved from /opt/miniconda3/envs/airflow_env/lib/python3.11/site-packages/airflow/example_dags/example_latest_only.py
[2025-10-29T19:06:21.078-0700] {logging_mixin.py:188} INFO - [2025-10-29T19:06:21.078-0700] {dag.py:3089} INFO - Sync 1 DAGs
[2025-10-29T19:06:21.088-0700] {logging_mixin.py:188} INFO - [2025-10-29T19:06:21.088-0700] {dag.py:3947} INFO - Setting next_dagrun for latest_only to 2025-10-29 20:00:00+00:00, run_after=2025-10-30 00:00:00+00:00
[2025-10-29T19:06:21.098-0700] {processor.py:183} INFO - Processing /opt/miniconda3/envs/airflow_env/lib/python3.11/site-packages/airflow/example_dags/example_latest_only.py took 0.075 seconds
[2025-10-29T19:08:47.995-0700] {processor.py:161} INFO - Started process (PID=11786) to work on /opt/miniconda3/envs/airflow_env/lib/python3.11/site-packages/airflow/example_dags/example_latest_only.py
[2025-10-29T19:08:47.996-0700] {processor.py:830} INFO - Processing file /opt/miniconda3/envs/airflow_env/lib/python3.11/site-packages/airflow/example_dags/example_latest_only.py for tasks to queue
[2025-10-29T19:08:47.996-0700] {logging_mixin.py:188} INFO - [2025-10-29T19:08:47.996-0700] {dagbag.py:545} INFO - Filling up the DagBag from /opt/miniconda3/envs/airflow_env/lib/python3.11/site-packages/airflow/example_dags/example_latest_only.py
[2025-10-29T19:08:48.000-0700] {processor.py:840} INFO - DAG(s) 'latest_only' retrieved from /opt/miniconda3/envs/airflow_env/lib/python3.11/site-packages/airflow/example_dags/example_latest_only.py
[2025-10-29T19:08:48.048-0700] {logging_mixin.py:188} INFO - [2025-10-29T19:08:48.048-0700] {dag.py:3089} INFO - Sync 1 DAGs
[2025-10-29T19:08:48.057-0700] {logging_mixin.py:188} INFO - [2025-10-29T19:08:48.057-0700] {dag.py:3947} INFO - Setting next_dagrun for latest_only to 2025-10-29 20:00:00+00:00, run_after=2025-10-30 00:00:00+00:00
[2025-10-29T19:08:48.066-0700] {processor.py:183} INFO - Processing /opt/miniconda3/envs/airflow_env/lib/python3.11/site-packages/airflow/example_dags/example_latest_only.py took 0.073 seconds
[2025-10-29T19:11:17.238-0700] {processor.py:161} INFO - Started process (PID=12059) to work on /opt/miniconda3/envs/airflow_env/lib/python3.11/site-packages/airflow/example_dags/example_latest_only.py
[2025-10-29T19:11:17.239-0700] {processor.py:830} INFO - Processing file /opt/miniconda3/envs/airflow_env/lib/python3.11/site-packages/airflow/example_dags/example_latest_only.py for tasks to queue
[2025-10-29T19:11:17.239-0700] {logging_mixin.py:188} INFO - [2025-10-29T19:11:17.239-0700] {dagbag.py:545} INFO - Filling up the DagBag from /opt/miniconda3/envs/airflow_env/lib/python3.11/site-packages/airflow/example_dags/example_latest_only.py
[2025-10-29T19:11:17.243-0700] {processor.py:840} INFO - DAG(s) 'latest_only' retrieved from /opt/miniconda3/envs/airflow_env/lib/python3.11/site-packages/airflow/example_dags/example_latest_only.py
[2025-10-29T19:11:17.291-0700] {logging_mixin.py:188} INFO - [2025-10-29T19:11:17.291-0700] {dag.py:3089} INFO - Sync 1 DAGs
[2025-10-29T19:11:17.300-0700] {logging_mixin.py:188} INFO - [2025-10-29T19:11:17.300-0700] {dag.py:3947} INFO - Setting next_dagrun for latest_only to 2025-10-29 20:00:00+00:00, run_after=2025-10-30 00:00:00+00:00
[2025-10-29T19:11:17.310-0700] {processor.py:183} INFO - Processing /opt/miniconda3/envs/airflow_env/lib/python3.11/site-packages/airflow/example_dags/example_latest_only.py took 0.073 seconds
[2025-10-29T19:13:47.553-0700] {processor.py:161} INFO - Started process (PID=12324) to work on /opt/miniconda3/envs/airflow_env/lib/python3.11/site-packages/airflow/example_dags/example_latest_only.py
[2025-10-29T19:13:47.555-0700] {processor.py:830} INFO - Processing file /opt/miniconda3/envs/airflow_env/lib/python3.11/site-packages/airflow/example_dags/example_latest_only.py for tasks to queue
[2025-10-29T19:13:47.555-0700] {logging_mixin.py:188} INFO - [2025-10-29T19:13:47.555-0700] {dagbag.py:545} INFO - Filling up the DagBag from /opt/miniconda3/envs/airflow_env/lib/python3.11/site-packages/airflow/example_dags/example_latest_only.py
[2025-10-29T19:13:47.559-0700] {processor.py:840} INFO - DAG(s) 'latest_only' retrieved from /opt/miniconda3/envs/airflow_env/lib/python3.11/site-packages/airflow/example_dags/example_latest_only.py
[2025-10-29T19:13:47.611-0700] {logging_mixin.py:188} INFO - [2025-10-29T19:13:47.611-0700] {dag.py:3089} INFO - Sync 1 DAGs
[2025-10-29T19:13:47.621-0700] {logging_mixin.py:188} INFO - [2025-10-29T19:13:47.621-0700] {dag.py:3947} INFO - Setting next_dagrun for latest_only to 2025-10-29 20:00:00+00:00, run_after=2025-10-30 00:00:00+00:00
[2025-10-29T19:13:47.630-0700] {processor.py:183} INFO - Processing /opt/miniconda3/envs/airflow_env/lib/python3.11/site-packages/airflow/example_dags/example_latest_only.py took 0.079 seconds
[2025-10-29T19:16:15.073-0700] {processor.py:161} INFO - Started process (PID=12577) to work on /opt/miniconda3/envs/airflow_env/lib/python3.11/site-packages/airflow/example_dags/example_latest_only.py
[2025-10-29T19:16:15.074-0700] {processor.py:830} INFO - Processing file /opt/miniconda3/envs/airflow_env/lib/python3.11/site-packages/airflow/example_dags/example_latest_only.py for tasks to queue
[2025-10-29T19:16:15.074-0700] {logging_mixin.py:188} INFO - [2025-10-29T19:16:15.074-0700] {dagbag.py:545} INFO - Filling up the DagBag from /opt/miniconda3/envs/airflow_env/lib/python3.11/site-packages/airflow/example_dags/example_latest_only.py
[2025-10-29T19:16:15.078-0700] {processor.py:840} INFO - DAG(s) 'latest_only' retrieved from /opt/miniconda3/envs/airflow_env/lib/python3.11/site-packages/airflow/example_dags/example_latest_only.py
[2025-10-29T19:16:15.126-0700] {logging_mixin.py:188} INFO - [2025-10-29T19:16:15.126-0700] {dag.py:3089} INFO - Sync 1 DAGs
[2025-10-29T19:16:15.135-0700] {logging_mixin.py:188} INFO - [2025-10-29T19:16:15.135-0700] {dag.py:3947} INFO - Setting next_dagrun for latest_only to 2025-10-29 20:00:00+00:00, run_after=2025-10-30 00:00:00+00:00
[2025-10-29T19:16:15.145-0700] {processor.py:183} INFO - Processing /opt/miniconda3/envs/airflow_env/lib/python3.11/site-packages/airflow/example_dags/example_latest_only.py took 0.074 seconds
[2025-10-29T19:18:43.005-0700] {processor.py:161} INFO - Started process (PID=12839) to work on /opt/miniconda3/envs/airflow_env/lib/python3.11/site-packages/airflow/example_dags/example_latest_only.py
[2025-10-29T19:18:43.007-0700] {processor.py:830} INFO - Processing file /opt/miniconda3/envs/airflow_env/lib/python3.11/site-packages/airflow/example_dags/example_latest_only.py for tasks to queue
[2025-10-29T19:18:43.007-0700] {logging_mixin.py:188} INFO - [2025-10-29T19:18:43.007-0700] {dagbag.py:545} INFO - Filling up the DagBag from /opt/miniconda3/envs/airflow_env/lib/python3.11/site-packages/airflow/example_dags/example_latest_only.py
[2025-10-29T19:18:43.011-0700] {processor.py:840} INFO - DAG(s) 'latest_only' retrieved from /opt/miniconda3/envs/airflow_env/lib/python3.11/site-packages/airflow/example_dags/example_latest_only.py
[2025-10-29T19:18:43.059-0700] {logging_mixin.py:188} INFO - [2025-10-29T19:18:43.059-0700] {dag.py:3089} INFO - Sync 1 DAGs
[2025-10-29T19:18:43.068-0700] {logging_mixin.py:188} INFO - [2025-10-29T19:18:43.068-0700] {dag.py:3947} INFO - Setting next_dagrun for latest_only to 2025-10-29 20:00:00+00:00, run_after=2025-10-30 00:00:00+00:00
[2025-10-29T19:18:43.077-0700] {processor.py:183} INFO - Processing /opt/miniconda3/envs/airflow_env/lib/python3.11/site-packages/airflow/example_dags/example_latest_only.py took 0.074 seconds
[2025-10-29T19:21:08.248-0700] {processor.py:161} INFO - Started process (PID=13130) to work on /opt/miniconda3/envs/airflow_env/lib/python3.11/site-packages/airflow/example_dags/example_latest_only.py
[2025-10-29T19:21:08.249-0700] {processor.py:830} INFO - Processing file /opt/miniconda3/envs/airflow_env/lib/python3.11/site-packages/airflow/example_dags/example_latest_only.py for tasks to queue
[2025-10-29T19:21:08.249-0700] {logging_mixin.py:188} INFO - [2025-10-29T19:21:08.249-0700] {dagbag.py:545} INFO - Filling up the DagBag from /opt/miniconda3/envs/airflow_env/lib/python3.11/site-packages/airflow/example_dags/example_latest_only.py
[2025-10-29T19:21:08.253-0700] {processor.py:840} INFO - DAG(s) 'latest_only' retrieved from /opt/miniconda3/envs/airflow_env/lib/python3.11/site-packages/airflow/example_dags/example_latest_only.py
[2025-10-29T19:21:08.303-0700] {logging_mixin.py:188} INFO - [2025-10-29T19:21:08.303-0700] {dag.py:3089} INFO - Sync 1 DAGs
[2025-10-29T19:21:08.312-0700] {logging_mixin.py:188} INFO - [2025-10-29T19:21:08.312-0700] {dag.py:3947} INFO - Setting next_dagrun for latest_only to 2025-10-29 20:00:00+00:00, run_after=2025-10-30 00:00:00+00:00
[2025-10-29T19:21:08.321-0700] {processor.py:183} INFO - Processing /opt/miniconda3/envs/airflow_env/lib/python3.11/site-packages/airflow/example_dags/example_latest_only.py took 0.075 seconds
[2025-10-29T19:23:35.183-0700] {processor.py:161} INFO - Started process (PID=13392) to work on /opt/miniconda3/envs/airflow_env/lib/python3.11/site-packages/airflow/example_dags/example_latest_only.py
[2025-10-29T19:23:35.183-0700] {processor.py:830} INFO - Processing file /opt/miniconda3/envs/airflow_env/lib/python3.11/site-packages/airflow/example_dags/example_latest_only.py for tasks to queue
[2025-10-29T19:23:35.184-0700] {logging_mixin.py:188} INFO - [2025-10-29T19:23:35.184-0700] {dagbag.py:545} INFO - Filling up the DagBag from /opt/miniconda3/envs/airflow_env/lib/python3.11/site-packages/airflow/example_dags/example_latest_only.py
[2025-10-29T19:23:35.187-0700] {processor.py:840} INFO - DAG(s) 'latest_only' retrieved from /opt/miniconda3/envs/airflow_env/lib/python3.11/site-packages/airflow/example_dags/example_latest_only.py
[2025-10-29T19:23:35.236-0700] {logging_mixin.py:188} INFO - [2025-10-29T19:23:35.236-0700] {dag.py:3089} INFO - Sync 1 DAGs
[2025-10-29T19:23:35.245-0700] {logging_mixin.py:188} INFO - [2025-10-29T19:23:35.245-0700] {dag.py:3947} INFO - Setting next_dagrun for latest_only to 2025-10-29 20:00:00+00:00, run_after=2025-10-30 00:00:00+00:00
[2025-10-29T19:23:35.254-0700] {processor.py:183} INFO - Processing /opt/miniconda3/envs/airflow_env/lib/python3.11/site-packages/airflow/example_dags/example_latest_only.py took 0.074 seconds
[2025-10-29T19:26:01.287-0700] {processor.py:161} INFO - Started process (PID=13922) to work on /opt/miniconda3/envs/airflow_env/lib/python3.11/site-packages/airflow/example_dags/example_latest_only.py
[2025-10-29T19:26:01.289-0700] {processor.py:830} INFO - Processing file /opt/miniconda3/envs/airflow_env/lib/python3.11/site-packages/airflow/example_dags/example_latest_only.py for tasks to queue
[2025-10-29T19:26:01.289-0700] {logging_mixin.py:188} INFO - [2025-10-29T19:26:01.289-0700] {dagbag.py:545} INFO - Filling up the DagBag from /opt/miniconda3/envs/airflow_env/lib/python3.11/site-packages/airflow/example_dags/example_latest_only.py
[2025-10-29T19:26:01.293-0700] {processor.py:840} INFO - DAG(s) 'latest_only' retrieved from /opt/miniconda3/envs/airflow_env/lib/python3.11/site-packages/airflow/example_dags/example_latest_only.py
[2025-10-29T19:26:01.342-0700] {logging_mixin.py:188} INFO - [2025-10-29T19:26:01.342-0700] {dag.py:3089} INFO - Sync 1 DAGs
[2025-10-29T19:26:01.351-0700] {logging_mixin.py:188} INFO - [2025-10-29T19:26:01.351-0700] {dag.py:3947} INFO - Setting next_dagrun for latest_only to 2025-10-29 20:00:00+00:00, run_after=2025-10-30 00:00:00+00:00
[2025-10-29T19:26:01.361-0700] {processor.py:183} INFO - Processing /opt/miniconda3/envs/airflow_env/lib/python3.11/site-packages/airflow/example_dags/example_latest_only.py took 0.075 seconds
[2025-10-29T19:28:28.392-0700] {processor.py:161} INFO - Started process (PID=14596) to work on /opt/miniconda3/envs/airflow_env/lib/python3.11/site-packages/airflow/example_dags/example_latest_only.py
[2025-10-29T19:28:28.392-0700] {processor.py:830} INFO - Processing file /opt/miniconda3/envs/airflow_env/lib/python3.11/site-packages/airflow/example_dags/example_latest_only.py for tasks to queue
[2025-10-29T19:28:28.393-0700] {logging_mixin.py:188} INFO - [2025-10-29T19:28:28.393-0700] {dagbag.py:545} INFO - Filling up the DagBag from /opt/miniconda3/envs/airflow_env/lib/python3.11/site-packages/airflow/example_dags/example_latest_only.py
[2025-10-29T19:28:28.397-0700] {processor.py:840} INFO - DAG(s) 'latest_only' retrieved from /opt/miniconda3/envs/airflow_env/lib/python3.11/site-packages/airflow/example_dags/example_latest_only.py
[2025-10-29T19:28:28.445-0700] {logging_mixin.py:188} INFO - [2025-10-29T19:28:28.445-0700] {dag.py:3089} INFO - Sync 1 DAGs
[2025-10-29T19:28:28.454-0700] {logging_mixin.py:188} INFO - [2025-10-29T19:28:28.454-0700] {dag.py:3947} INFO - Setting next_dagrun for latest_only to 2025-10-29 20:00:00+00:00, run_after=2025-10-30 00:00:00+00:00
[2025-10-29T19:28:28.463-0700] {processor.py:183} INFO - Processing /opt/miniconda3/envs/airflow_env/lib/python3.11/site-packages/airflow/example_dags/example_latest_only.py took 0.074 seconds
[2025-10-29T19:30:56.664-0700] {processor.py:161} INFO - Started process (PID=15282) to work on /opt/miniconda3/envs/airflow_env/lib/python3.11/site-packages/airflow/example_dags/example_latest_only.py
[2025-10-29T19:30:56.666-0700] {processor.py:830} INFO - Processing file /opt/miniconda3/envs/airflow_env/lib/python3.11/site-packages/airflow/example_dags/example_latest_only.py for tasks to queue
[2025-10-29T19:30:56.666-0700] {logging_mixin.py:188} INFO - [2025-10-29T19:30:56.666-0700] {dagbag.py:545} INFO - Filling up the DagBag from /opt/miniconda3/envs/airflow_env/lib/python3.11/site-packages/airflow/example_dags/example_latest_only.py
[2025-10-29T19:30:56.670-0700] {processor.py:840} INFO - DAG(s) 'latest_only' retrieved from /opt/miniconda3/envs/airflow_env/lib/python3.11/site-packages/airflow/example_dags/example_latest_only.py
[2025-10-29T19:30:56.721-0700] {logging_mixin.py:188} INFO - [2025-10-29T19:30:56.721-0700] {dag.py:3089} INFO - Sync 1 DAGs
[2025-10-29T19:30:56.731-0700] {logging_mixin.py:188} INFO - [2025-10-29T19:30:56.730-0700] {dag.py:3947} INFO - Setting next_dagrun for latest_only to 2025-10-29 20:00:00+00:00, run_after=2025-10-30 00:00:00+00:00
[2025-10-29T19:30:56.740-0700] {processor.py:183} INFO - Processing /opt/miniconda3/envs/airflow_env/lib/python3.11/site-packages/airflow/example_dags/example_latest_only.py took 0.078 seconds
[2025-10-29T19:33:26.953-0700] {processor.py:161} INFO - Started process (PID=16005) to work on /opt/miniconda3/envs/airflow_env/lib/python3.11/site-packages/airflow/example_dags/example_latest_only.py
[2025-10-29T19:33:26.953-0700] {processor.py:830} INFO - Processing file /opt/miniconda3/envs/airflow_env/lib/python3.11/site-packages/airflow/example_dags/example_latest_only.py for tasks to queue
[2025-10-29T19:33:26.954-0700] {logging_mixin.py:188} INFO - [2025-10-29T19:33:26.954-0700] {dagbag.py:545} INFO - Filling up the DagBag from /opt/miniconda3/envs/airflow_env/lib/python3.11/site-packages/airflow/example_dags/example_latest_only.py
[2025-10-29T19:33:26.958-0700] {processor.py:840} INFO - DAG(s) 'latest_only' retrieved from /opt/miniconda3/envs/airflow_env/lib/python3.11/site-packages/airflow/example_dags/example_latest_only.py
[2025-10-29T19:33:27.006-0700] {logging_mixin.py:188} INFO - [2025-10-29T19:33:27.006-0700] {dag.py:3089} INFO - Sync 1 DAGs
[2025-10-29T19:33:27.015-0700] {logging_mixin.py:188} INFO - [2025-10-29T19:33:27.015-0700] {dag.py:3947} INFO - Setting next_dagrun for latest_only to 2025-10-29 20:00:00+00:00, run_after=2025-10-30 00:00:00+00:00
[2025-10-29T19:33:27.024-0700] {processor.py:183} INFO - Processing /opt/miniconda3/envs/airflow_env/lib/python3.11/site-packages/airflow/example_dags/example_latest_only.py took 0.073 seconds
[2025-10-29T19:35:57.483-0700] {processor.py:161} INFO - Started process (PID=16688) to work on /opt/miniconda3/envs/airflow_env/lib/python3.11/site-packages/airflow/example_dags/example_latest_only.py
[2025-10-29T19:35:57.484-0700] {processor.py:830} INFO - Processing file /opt/miniconda3/envs/airflow_env/lib/python3.11/site-packages/airflow/example_dags/example_latest_only.py for tasks to queue
[2025-10-29T19:35:57.485-0700] {logging_mixin.py:188} INFO - [2025-10-29T19:35:57.485-0700] {dagbag.py:545} INFO - Filling up the DagBag from /opt/miniconda3/envs/airflow_env/lib/python3.11/site-packages/airflow/example_dags/example_latest_only.py
[2025-10-29T19:35:57.489-0700] {processor.py:840} INFO - DAG(s) 'latest_only' retrieved from /opt/miniconda3/envs/airflow_env/lib/python3.11/site-packages/airflow/example_dags/example_latest_only.py
[2025-10-29T19:35:57.538-0700] {logging_mixin.py:188} INFO - [2025-10-29T19:35:57.538-0700] {dag.py:3089} INFO - Sync 1 DAGs
[2025-10-29T19:35:57.547-0700] {logging_mixin.py:188} INFO - [2025-10-29T19:35:57.547-0700] {dag.py:3947} INFO - Setting next_dagrun for latest_only to 2025-10-29 20:00:00+00:00, run_after=2025-10-30 00:00:00+00:00
[2025-10-29T19:35:57.557-0700] {processor.py:183} INFO - Processing /opt/miniconda3/envs/airflow_env/lib/python3.11/site-packages/airflow/example_dags/example_latest_only.py took 0.076 seconds
[2025-10-29T19:38:27.660-0700] {processor.py:161} INFO - Started process (PID=17411) to work on /opt/miniconda3/envs/airflow_env/lib/python3.11/site-packages/airflow/example_dags/example_latest_only.py
[2025-10-29T19:38:27.661-0700] {processor.py:830} INFO - Processing file /opt/miniconda3/envs/airflow_env/lib/python3.11/site-packages/airflow/example_dags/example_latest_only.py for tasks to queue
[2025-10-29T19:38:27.661-0700] {logging_mixin.py:188} INFO - [2025-10-29T19:38:27.661-0700] {dagbag.py:545} INFO - Filling up the DagBag from /opt/miniconda3/envs/airflow_env/lib/python3.11/site-packages/airflow/example_dags/example_latest_only.py
[2025-10-29T19:38:27.665-0700] {processor.py:840} INFO - DAG(s) 'latest_only' retrieved from /opt/miniconda3/envs/airflow_env/lib/python3.11/site-packages/airflow/example_dags/example_latest_only.py
[2025-10-29T19:38:27.713-0700] {logging_mixin.py:188} INFO - [2025-10-29T19:38:27.713-0700] {dag.py:3089} INFO - Sync 1 DAGs
[2025-10-29T19:38:27.722-0700] {logging_mixin.py:188} INFO - [2025-10-29T19:38:27.722-0700] {dag.py:3947} INFO - Setting next_dagrun for latest_only to 2025-10-29 20:00:00+00:00, run_after=2025-10-30 00:00:00+00:00
[2025-10-29T19:38:27.732-0700] {processor.py:183} INFO - Processing /opt/miniconda3/envs/airflow_env/lib/python3.11/site-packages/airflow/example_dags/example_latest_only.py took 0.073 seconds
[2025-10-29T19:40:58.039-0700] {processor.py:161} INFO - Started process (PID=18124) to work on /opt/miniconda3/envs/airflow_env/lib/python3.11/site-packages/airflow/example_dags/example_latest_only.py
[2025-10-29T19:40:58.039-0700] {processor.py:830} INFO - Processing file /opt/miniconda3/envs/airflow_env/lib/python3.11/site-packages/airflow/example_dags/example_latest_only.py for tasks to queue
[2025-10-29T19:40:58.040-0700] {logging_mixin.py:188} INFO - [2025-10-29T19:40:58.040-0700] {dagbag.py:545} INFO - Filling up the DagBag from /opt/miniconda3/envs/airflow_env/lib/python3.11/site-packages/airflow/example_dags/example_latest_only.py
[2025-10-29T19:40:58.044-0700] {processor.py:840} INFO - DAG(s) 'latest_only' retrieved from /opt/miniconda3/envs/airflow_env/lib/python3.11/site-packages/airflow/example_dags/example_latest_only.py
[2025-10-29T19:40:58.092-0700] {logging_mixin.py:188} INFO - [2025-10-29T19:40:58.092-0700] {dag.py:3089} INFO - Sync 1 DAGs
[2025-10-29T19:40:58.101-0700] {logging_mixin.py:188} INFO - [2025-10-29T19:40:58.101-0700] {dag.py:3947} INFO - Setting next_dagrun for latest_only to 2025-10-29 20:00:00+00:00, run_after=2025-10-30 00:00:00+00:00
[2025-10-29T19:40:58.111-0700] {processor.py:183} INFO - Processing /opt/miniconda3/envs/airflow_env/lib/python3.11/site-packages/airflow/example_dags/example_latest_only.py took 0.074 seconds
[2025-10-29T19:43:23.934-0700] {processor.py:161} INFO - Started process (PID=18820) to work on /opt/miniconda3/envs/airflow_env/lib/python3.11/site-packages/airflow/example_dags/example_latest_only.py
[2025-10-29T19:43:23.935-0700] {processor.py:830} INFO - Processing file /opt/miniconda3/envs/airflow_env/lib/python3.11/site-packages/airflow/example_dags/example_latest_only.py for tasks to queue
[2025-10-29T19:43:23.936-0700] {logging_mixin.py:188} INFO - [2025-10-29T19:43:23.936-0700] {dagbag.py:545} INFO - Filling up the DagBag from /opt/miniconda3/envs/airflow_env/lib/python3.11/site-packages/airflow/example_dags/example_latest_only.py
[2025-10-29T19:43:23.940-0700] {processor.py:840} INFO - DAG(s) 'latest_only' retrieved from /opt/miniconda3/envs/airflow_env/lib/python3.11/site-packages/airflow/example_dags/example_latest_only.py
[2025-10-29T19:43:23.988-0700] {logging_mixin.py:188} INFO - [2025-10-29T19:43:23.988-0700] {dag.py:3089} INFO - Sync 1 DAGs
[2025-10-29T19:43:23.997-0700] {logging_mixin.py:188} INFO - [2025-10-29T19:43:23.997-0700] {dag.py:3947} INFO - Setting next_dagrun for latest_only to 2025-10-29 20:00:00+00:00, run_after=2025-10-30 00:00:00+00:00
[2025-10-29T19:43:24.006-0700] {processor.py:183} INFO - Processing /opt/miniconda3/envs/airflow_env/lib/python3.11/site-packages/airflow/example_dags/example_latest_only.py took 0.074 seconds
[2025-10-29T19:45:40.139-0700] {processor.py:161} INFO - Started process (PID=19540) to work on /opt/miniconda3/envs/airflow_env/lib/python3.11/site-packages/airflow/example_dags/example_latest_only.py
[2025-10-29T19:45:40.140-0700] {processor.py:830} INFO - Processing file /opt/miniconda3/envs/airflow_env/lib/python3.11/site-packages/airflow/example_dags/example_latest_only.py for tasks to queue
[2025-10-29T19:45:40.140-0700] {logging_mixin.py:188} INFO - [2025-10-29T19:45:40.140-0700] {dagbag.py:545} INFO - Filling up the DagBag from /opt/miniconda3/envs/airflow_env/lib/python3.11/site-packages/airflow/example_dags/example_latest_only.py
[2025-10-29T19:45:40.144-0700] {processor.py:840} INFO - DAG(s) 'latest_only' retrieved from /opt/miniconda3/envs/airflow_env/lib/python3.11/site-packages/airflow/example_dags/example_latest_only.py
[2025-10-29T19:45:40.193-0700] {logging_mixin.py:188} INFO - [2025-10-29T19:45:40.193-0700] {dag.py:3089} INFO - Sync 1 DAGs
[2025-10-29T19:45:40.202-0700] {logging_mixin.py:188} INFO - [2025-10-29T19:45:40.202-0700] {dag.py:3947} INFO - Setting next_dagrun for latest_only to 2025-10-29 20:00:00+00:00, run_after=2025-10-30 00:00:00+00:00
[2025-10-29T19:45:40.212-0700] {processor.py:183} INFO - Processing /opt/miniconda3/envs/airflow_env/lib/python3.11/site-packages/airflow/example_dags/example_latest_only.py took 0.075 seconds
[2025-10-29T19:47:20.613-0700] {processor.py:161} INFO - Started process (PID=20018) to work on /opt/miniconda3/envs/airflow_env/lib/python3.11/site-packages/airflow/example_dags/example_latest_only.py
[2025-10-29T19:47:20.614-0700] {processor.py:830} INFO - Processing file /opt/miniconda3/envs/airflow_env/lib/python3.11/site-packages/airflow/example_dags/example_latest_only.py for tasks to queue
[2025-10-29T19:47:20.615-0700] {logging_mixin.py:188} INFO - [2025-10-29T19:47:20.615-0700] {dagbag.py:545} INFO - Filling up the DagBag from /opt/miniconda3/envs/airflow_env/lib/python3.11/site-packages/airflow/example_dags/example_latest_only.py
[2025-10-29T19:47:20.619-0700] {processor.py:840} INFO - DAG(s) 'latest_only' retrieved from /opt/miniconda3/envs/airflow_env/lib/python3.11/site-packages/airflow/example_dags/example_latest_only.py
[2025-10-29T19:47:20.670-0700] {logging_mixin.py:188} INFO - [2025-10-29T19:47:20.669-0700] {dag.py:3089} INFO - Sync 1 DAGs
[2025-10-29T19:47:20.681-0700] {logging_mixin.py:188} INFO - [2025-10-29T19:47:20.680-0700] {dag.py:3947} INFO - Setting next_dagrun for latest_only to 2025-10-29 20:00:00+00:00, run_after=2025-10-30 00:00:00+00:00
[2025-10-29T19:47:20.691-0700] {processor.py:183} INFO - Processing /opt/miniconda3/envs/airflow_env/lib/python3.11/site-packages/airflow/example_dags/example_latest_only.py took 0.080 seconds
[2025-10-29T20:00:18.834-0700] {processor.py:161} INFO - Started process (PID=23076) to work on /opt/miniconda3/envs/airflow_env/lib/python3.11/site-packages/airflow/example_dags/example_latest_only.py
[2025-10-29T20:00:18.836-0700] {processor.py:830} INFO - Processing file /opt/miniconda3/envs/airflow_env/lib/python3.11/site-packages/airflow/example_dags/example_latest_only.py for tasks to queue
[2025-10-29T20:00:18.836-0700] {logging_mixin.py:188} INFO - [2025-10-29T20:00:18.836-0700] {dagbag.py:545} INFO - Filling up the DagBag from /opt/miniconda3/envs/airflow_env/lib/python3.11/site-packages/airflow/example_dags/example_latest_only.py
[2025-10-29T20:00:18.840-0700] {processor.py:840} INFO - DAG(s) 'latest_only' retrieved from /opt/miniconda3/envs/airflow_env/lib/python3.11/site-packages/airflow/example_dags/example_latest_only.py
[2025-10-29T20:00:18.890-0700] {logging_mixin.py:188} INFO - [2025-10-29T20:00:18.890-0700] {dag.py:3089} INFO - Sync 1 DAGs
[2025-10-29T20:00:18.899-0700] {logging_mixin.py:188} INFO - [2025-10-29T20:00:18.899-0700] {dag.py:3947} INFO - Setting next_dagrun for latest_only to 2025-10-29 20:00:00+00:00, run_after=2025-10-30 00:00:00+00:00
[2025-10-29T20:00:18.909-0700] {processor.py:183} INFO - Processing /opt/miniconda3/envs/airflow_env/lib/python3.11/site-packages/airflow/example_dags/example_latest_only.py took 0.076 seconds
[2025-10-29T20:01:24.714-0700] {processor.py:161} INFO - Started process (PID=23455) to work on /opt/miniconda3/envs/airflow_env/lib/python3.11/site-packages/airflow/example_dags/example_latest_only.py
[2025-10-29T20:01:24.714-0700] {processor.py:830} INFO - Processing file /opt/miniconda3/envs/airflow_env/lib/python3.11/site-packages/airflow/example_dags/example_latest_only.py for tasks to queue
[2025-10-29T20:01:24.715-0700] {logging_mixin.py:188} INFO - [2025-10-29T20:01:24.715-0700] {dagbag.py:545} INFO - Filling up the DagBag from /opt/miniconda3/envs/airflow_env/lib/python3.11/site-packages/airflow/example_dags/example_latest_only.py
[2025-10-29T20:01:24.719-0700] {processor.py:840} INFO - DAG(s) 'latest_only' retrieved from /opt/miniconda3/envs/airflow_env/lib/python3.11/site-packages/airflow/example_dags/example_latest_only.py
[2025-10-29T20:01:24.769-0700] {logging_mixin.py:188} INFO - [2025-10-29T20:01:24.769-0700] {dag.py:3089} INFO - Sync 1 DAGs
[2025-10-29T20:01:24.779-0700] {logging_mixin.py:188} INFO - [2025-10-29T20:01:24.778-0700] {dag.py:3947} INFO - Setting next_dagrun for latest_only to 2025-10-29 20:00:00+00:00, run_after=2025-10-30 00:00:00+00:00
[2025-10-29T20:01:24.788-0700] {processor.py:183} INFO - Processing /opt/miniconda3/envs/airflow_env/lib/python3.11/site-packages/airflow/example_dags/example_latest_only.py took 0.077 seconds
[2025-10-29T20:02:04.227-0700] {processor.py:161} INFO - Started process (PID=23671) to work on /opt/miniconda3/envs/airflow_env/lib/python3.11/site-packages/airflow/example_dags/example_latest_only.py
[2025-10-29T20:02:04.227-0700] {processor.py:830} INFO - Processing file /opt/miniconda3/envs/airflow_env/lib/python3.11/site-packages/airflow/example_dags/example_latest_only.py for tasks to queue
[2025-10-29T20:02:04.228-0700] {logging_mixin.py:188} INFO - [2025-10-29T20:02:04.227-0700] {dagbag.py:545} INFO - Filling up the DagBag from /opt/miniconda3/envs/airflow_env/lib/python3.11/site-packages/airflow/example_dags/example_latest_only.py
[2025-10-29T20:02:04.231-0700] {processor.py:840} INFO - DAG(s) 'latest_only' retrieved from /opt/miniconda3/envs/airflow_env/lib/python3.11/site-packages/airflow/example_dags/example_latest_only.py
[2025-10-29T20:02:04.280-0700] {logging_mixin.py:188} INFO - [2025-10-29T20:02:04.280-0700] {dag.py:3089} INFO - Sync 1 DAGs
[2025-10-29T20:02:04.289-0700] {logging_mixin.py:188} INFO - [2025-10-29T20:02:04.289-0700] {dag.py:3947} INFO - Setting next_dagrun for latest_only to 2025-10-29 20:00:00+00:00, run_after=2025-10-30 00:00:00+00:00
[2025-10-29T20:02:04.298-0700] {processor.py:183} INFO - Processing /opt/miniconda3/envs/airflow_env/lib/python3.11/site-packages/airflow/example_dags/example_latest_only.py took 0.074 seconds
[2025-10-29T20:03:07.396-0700] {processor.py:161} INFO - Started process (PID=24034) to work on /opt/miniconda3/envs/airflow_env/lib/python3.11/site-packages/airflow/example_dags/example_latest_only.py
[2025-10-29T20:03:07.396-0700] {processor.py:830} INFO - Processing file /opt/miniconda3/envs/airflow_env/lib/python3.11/site-packages/airflow/example_dags/example_latest_only.py for tasks to queue
[2025-10-29T20:03:07.397-0700] {logging_mixin.py:188} INFO - [2025-10-29T20:03:07.397-0700] {dagbag.py:545} INFO - Filling up the DagBag from /opt/miniconda3/envs/airflow_env/lib/python3.11/site-packages/airflow/example_dags/example_latest_only.py
[2025-10-29T20:03:07.400-0700] {processor.py:840} INFO - DAG(s) 'latest_only' retrieved from /opt/miniconda3/envs/airflow_env/lib/python3.11/site-packages/airflow/example_dags/example_latest_only.py
[2025-10-29T20:03:07.450-0700] {logging_mixin.py:188} INFO - [2025-10-29T20:03:07.450-0700] {dag.py:3089} INFO - Sync 1 DAGs
[2025-10-29T20:03:07.459-0700] {logging_mixin.py:188} INFO - [2025-10-29T20:03:07.459-0700] {dag.py:3947} INFO - Setting next_dagrun for latest_only to 2025-10-29 20:00:00+00:00, run_after=2025-10-30 00:00:00+00:00
[2025-10-29T20:03:07.469-0700] {processor.py:183} INFO - Processing /opt/miniconda3/envs/airflow_env/lib/python3.11/site-packages/airflow/example_dags/example_latest_only.py took 0.075 seconds
[2025-10-29T20:04:24.511-0700] {processor.py:161} INFO - Started process (PID=24476) to work on /opt/miniconda3/envs/airflow_env/lib/python3.11/site-packages/airflow/example_dags/example_latest_only.py
[2025-10-29T20:04:24.512-0700] {processor.py:830} INFO - Processing file /opt/miniconda3/envs/airflow_env/lib/python3.11/site-packages/airflow/example_dags/example_latest_only.py for tasks to queue
[2025-10-29T20:04:24.512-0700] {logging_mixin.py:188} INFO - [2025-10-29T20:04:24.512-0700] {dagbag.py:545} INFO - Filling up the DagBag from /opt/miniconda3/envs/airflow_env/lib/python3.11/site-packages/airflow/example_dags/example_latest_only.py
[2025-10-29T20:04:24.516-0700] {processor.py:840} INFO - DAG(s) 'latest_only' retrieved from /opt/miniconda3/envs/airflow_env/lib/python3.11/site-packages/airflow/example_dags/example_latest_only.py
[2025-10-29T20:04:24.565-0700] {logging_mixin.py:188} INFO - [2025-10-29T20:04:24.564-0700] {dag.py:3089} INFO - Sync 1 DAGs
[2025-10-29T20:04:24.574-0700] {logging_mixin.py:188} INFO - [2025-10-29T20:04:24.573-0700] {dag.py:3947} INFO - Setting next_dagrun for latest_only to 2025-10-29 20:00:00+00:00, run_after=2025-10-30 00:00:00+00:00
[2025-10-29T20:04:24.583-0700] {processor.py:183} INFO - Processing /opt/miniconda3/envs/airflow_env/lib/python3.11/site-packages/airflow/example_dags/example_latest_only.py took 0.074 seconds
[2025-10-29T20:05:34.612-0700] {processor.py:161} INFO - Started process (PID=24880) to work on /opt/miniconda3/envs/airflow_env/lib/python3.11/site-packages/airflow/example_dags/example_latest_only.py
[2025-10-29T20:05:34.613-0700] {processor.py:830} INFO - Processing file /opt/miniconda3/envs/airflow_env/lib/python3.11/site-packages/airflow/example_dags/example_latest_only.py for tasks to queue
[2025-10-29T20:05:34.613-0700] {logging_mixin.py:188} INFO - [2025-10-29T20:05:34.613-0700] {dagbag.py:545} INFO - Filling up the DagBag from /opt/miniconda3/envs/airflow_env/lib/python3.11/site-packages/airflow/example_dags/example_latest_only.py
[2025-10-29T20:05:34.617-0700] {processor.py:840} INFO - DAG(s) 'latest_only' retrieved from /opt/miniconda3/envs/airflow_env/lib/python3.11/site-packages/airflow/example_dags/example_latest_only.py
[2025-10-29T20:05:34.666-0700] {logging_mixin.py:188} INFO - [2025-10-29T20:05:34.666-0700] {dag.py:3089} INFO - Sync 1 DAGs
[2025-10-29T20:05:34.675-0700] {logging_mixin.py:188} INFO - [2025-10-29T20:05:34.675-0700] {dag.py:3947} INFO - Setting next_dagrun for latest_only to 2025-10-29 20:00:00+00:00, run_after=2025-10-30 00:00:00+00:00
[2025-10-29T20:05:34.684-0700] {processor.py:183} INFO - Processing /opt/miniconda3/envs/airflow_env/lib/python3.11/site-packages/airflow/example_dags/example_latest_only.py took 0.075 seconds
[2025-10-29T20:06:50.325-0700] {processor.py:161} INFO - Started process (PID=25307) to work on /opt/miniconda3/envs/airflow_env/lib/python3.11/site-packages/airflow/example_dags/example_latest_only.py
[2025-10-29T20:06:50.326-0700] {processor.py:830} INFO - Processing file /opt/miniconda3/envs/airflow_env/lib/python3.11/site-packages/airflow/example_dags/example_latest_only.py for tasks to queue
[2025-10-29T20:06:50.326-0700] {logging_mixin.py:188} INFO - [2025-10-29T20:06:50.326-0700] {dagbag.py:545} INFO - Filling up the DagBag from /opt/miniconda3/envs/airflow_env/lib/python3.11/site-packages/airflow/example_dags/example_latest_only.py
[2025-10-29T20:06:50.330-0700] {processor.py:840} INFO - DAG(s) 'latest_only' retrieved from /opt/miniconda3/envs/airflow_env/lib/python3.11/site-packages/airflow/example_dags/example_latest_only.py
[2025-10-29T20:06:50.380-0700] {logging_mixin.py:188} INFO - [2025-10-29T20:06:50.379-0700] {dag.py:3089} INFO - Sync 1 DAGs
[2025-10-29T20:06:50.388-0700] {logging_mixin.py:188} INFO - [2025-10-29T20:06:50.388-0700] {dag.py:3947} INFO - Setting next_dagrun for latest_only to 2025-10-29 20:00:00+00:00, run_after=2025-10-30 00:00:00+00:00
[2025-10-29T20:06:50.399-0700] {processor.py:183} INFO - Processing /opt/miniconda3/envs/airflow_env/lib/python3.11/site-packages/airflow/example_dags/example_latest_only.py took 0.076 seconds
[2025-10-29T20:07:59.592-0700] {processor.py:161} INFO - Started process (PID=25707) to work on /opt/miniconda3/envs/airflow_env/lib/python3.11/site-packages/airflow/example_dags/example_latest_only.py
[2025-10-29T20:07:59.593-0700] {processor.py:830} INFO - Processing file /opt/miniconda3/envs/airflow_env/lib/python3.11/site-packages/airflow/example_dags/example_latest_only.py for tasks to queue
[2025-10-29T20:07:59.593-0700] {logging_mixin.py:188} INFO - [2025-10-29T20:07:59.593-0700] {dagbag.py:545} INFO - Filling up the DagBag from /opt/miniconda3/envs/airflow_env/lib/python3.11/site-packages/airflow/example_dags/example_latest_only.py
[2025-10-29T20:07:59.597-0700] {processor.py:840} INFO - DAG(s) 'latest_only' retrieved from /opt/miniconda3/envs/airflow_env/lib/python3.11/site-packages/airflow/example_dags/example_latest_only.py
[2025-10-29T20:07:59.647-0700] {logging_mixin.py:188} INFO - [2025-10-29T20:07:59.647-0700] {dag.py:3089} INFO - Sync 1 DAGs
[2025-10-29T20:07:59.657-0700] {logging_mixin.py:188} INFO - [2025-10-29T20:07:59.656-0700] {dag.py:3947} INFO - Setting next_dagrun for latest_only to 2025-10-29 20:00:00+00:00, run_after=2025-10-30 00:00:00+00:00
[2025-10-29T20:07:59.666-0700] {processor.py:183} INFO - Processing /opt/miniconda3/envs/airflow_env/lib/python3.11/site-packages/airflow/example_dags/example_latest_only.py took 0.076 seconds
[2025-10-29T20:09:16.287-0700] {processor.py:161} INFO - Started process (PID=26087) to work on /opt/miniconda3/envs/airflow_env/lib/python3.11/site-packages/airflow/example_dags/example_latest_only.py
[2025-10-29T20:09:16.288-0700] {processor.py:830} INFO - Processing file /opt/miniconda3/envs/airflow_env/lib/python3.11/site-packages/airflow/example_dags/example_latest_only.py for tasks to queue
[2025-10-29T20:09:16.288-0700] {logging_mixin.py:188} INFO - [2025-10-29T20:09:16.288-0700] {dagbag.py:545} INFO - Filling up the DagBag from /opt/miniconda3/envs/airflow_env/lib/python3.11/site-packages/airflow/example_dags/example_latest_only.py
[2025-10-29T20:09:16.293-0700] {processor.py:840} INFO - DAG(s) 'latest_only' retrieved from /opt/miniconda3/envs/airflow_env/lib/python3.11/site-packages/airflow/example_dags/example_latest_only.py
[2025-10-29T20:09:16.342-0700] {logging_mixin.py:188} INFO - [2025-10-29T20:09:16.342-0700] {dag.py:3089} INFO - Sync 1 DAGs
[2025-10-29T20:09:16.351-0700] {logging_mixin.py:188} INFO - [2025-10-29T20:09:16.351-0700] {dag.py:3947} INFO - Setting next_dagrun for latest_only to 2025-10-29 20:00:00+00:00, run_after=2025-10-30 00:00:00+00:00
[2025-10-29T20:09:16.361-0700] {processor.py:183} INFO - Processing /opt/miniconda3/envs/airflow_env/lib/python3.11/site-packages/airflow/example_dags/example_latest_only.py took 0.076 seconds
[2025-10-29T20:10:26.968-0700] {processor.py:161} INFO - Started process (PID=26273) to work on /opt/miniconda3/envs/airflow_env/lib/python3.11/site-packages/airflow/example_dags/example_latest_only.py
[2025-10-29T20:10:26.969-0700] {processor.py:830} INFO - Processing file /opt/miniconda3/envs/airflow_env/lib/python3.11/site-packages/airflow/example_dags/example_latest_only.py for tasks to queue
[2025-10-29T20:10:26.969-0700] {logging_mixin.py:188} INFO - [2025-10-29T20:10:26.969-0700] {dagbag.py:545} INFO - Filling up the DagBag from /opt/miniconda3/envs/airflow_env/lib/python3.11/site-packages/airflow/example_dags/example_latest_only.py
[2025-10-29T20:10:26.973-0700] {processor.py:840} INFO - DAG(s) 'latest_only' retrieved from /opt/miniconda3/envs/airflow_env/lib/python3.11/site-packages/airflow/example_dags/example_latest_only.py
[2025-10-29T20:10:27.024-0700] {logging_mixin.py:188} INFO - [2025-10-29T20:10:27.024-0700] {dag.py:3089} INFO - Sync 1 DAGs
[2025-10-29T20:10:27.033-0700] {logging_mixin.py:188} INFO - [2025-10-29T20:10:27.033-0700] {dag.py:3947} INFO - Setting next_dagrun for latest_only to 2025-10-29 20:00:00+00:00, run_after=2025-10-30 00:00:00+00:00
[2025-10-29T20:10:27.043-0700] {processor.py:183} INFO - Processing /opt/miniconda3/envs/airflow_env/lib/python3.11/site-packages/airflow/example_dags/example_latest_only.py took 0.078 seconds
[2025-10-29T20:11:49.259-0700] {processor.py:161} INFO - Started process (PID=26550) to work on /opt/miniconda3/envs/airflow_env/lib/python3.11/site-packages/airflow/example_dags/example_latest_only.py
[2025-10-29T20:11:49.261-0700] {processor.py:830} INFO - Processing file /opt/miniconda3/envs/airflow_env/lib/python3.11/site-packages/airflow/example_dags/example_latest_only.py for tasks to queue
[2025-10-29T20:11:49.261-0700] {logging_mixin.py:188} INFO - [2025-10-29T20:11:49.261-0700] {dagbag.py:545} INFO - Filling up the DagBag from /opt/miniconda3/envs/airflow_env/lib/python3.11/site-packages/airflow/example_dags/example_latest_only.py
[2025-10-29T20:11:49.265-0700] {processor.py:840} INFO - DAG(s) 'latest_only' retrieved from /opt/miniconda3/envs/airflow_env/lib/python3.11/site-packages/airflow/example_dags/example_latest_only.py
[2025-10-29T20:11:49.315-0700] {logging_mixin.py:188} INFO - [2025-10-29T20:11:49.315-0700] {dag.py:3089} INFO - Sync 1 DAGs
[2025-10-29T20:11:49.324-0700] {logging_mixin.py:188} INFO - [2025-10-29T20:11:49.324-0700] {dag.py:3947} INFO - Setting next_dagrun for latest_only to 2025-10-29 20:00:00+00:00, run_after=2025-10-30 00:00:00+00:00
[2025-10-29T20:11:49.334-0700] {processor.py:183} INFO - Processing /opt/miniconda3/envs/airflow_env/lib/python3.11/site-packages/airflow/example_dags/example_latest_only.py took 0.076 seconds
[2025-10-29T20:12:43.959-0700] {processor.py:161} INFO - Started process (PID=26742) to work on /opt/miniconda3/envs/airflow_env/lib/python3.11/site-packages/airflow/example_dags/example_latest_only.py
[2025-10-29T20:12:43.961-0700] {processor.py:830} INFO - Processing file /opt/miniconda3/envs/airflow_env/lib/python3.11/site-packages/airflow/example_dags/example_latest_only.py for tasks to queue
[2025-10-29T20:12:43.962-0700] {logging_mixin.py:188} INFO - [2025-10-29T20:12:43.961-0700] {dagbag.py:545} INFO - Filling up the DagBag from /opt/miniconda3/envs/airflow_env/lib/python3.11/site-packages/airflow/example_dags/example_latest_only.py
[2025-10-29T20:12:43.970-0700] {processor.py:840} INFO - DAG(s) 'latest_only' retrieved from /opt/miniconda3/envs/airflow_env/lib/python3.11/site-packages/airflow/example_dags/example_latest_only.py
[2025-10-29T20:12:44.071-0700] {logging_mixin.py:188} INFO - [2025-10-29T20:12:44.071-0700] {dag.py:3089} INFO - Sync 1 DAGs
[2025-10-29T20:12:44.097-0700] {logging_mixin.py:188} INFO - [2025-10-29T20:12:44.097-0700] {dag.py:3947} INFO - Setting next_dagrun for latest_only to 2025-10-29 20:00:00+00:00, run_after=2025-10-30 00:00:00+00:00
[2025-10-29T20:12:44.117-0700] {processor.py:183} INFO - Processing /opt/miniconda3/envs/airflow_env/lib/python3.11/site-packages/airflow/example_dags/example_latest_only.py took 0.165 seconds
[2025-10-29T20:13:06.133-0700] {processor.py:161} INFO - Started process (PID=26813) to work on /opt/miniconda3/envs/airflow_env/lib/python3.11/site-packages/airflow/example_dags/example_latest_only.py
[2025-10-29T20:13:06.134-0700] {processor.py:830} INFO - Processing file /opt/miniconda3/envs/airflow_env/lib/python3.11/site-packages/airflow/example_dags/example_latest_only.py for tasks to queue
[2025-10-29T20:13:06.134-0700] {logging_mixin.py:188} INFO - [2025-10-29T20:13:06.134-0700] {dagbag.py:545} INFO - Filling up the DagBag from /opt/miniconda3/envs/airflow_env/lib/python3.11/site-packages/airflow/example_dags/example_latest_only.py
[2025-10-29T20:13:06.138-0700] {processor.py:840} INFO - DAG(s) 'latest_only' retrieved from /opt/miniconda3/envs/airflow_env/lib/python3.11/site-packages/airflow/example_dags/example_latest_only.py
[2025-10-29T20:13:06.187-0700] {logging_mixin.py:188} INFO - [2025-10-29T20:13:06.186-0700] {dag.py:3089} INFO - Sync 1 DAGs
[2025-10-29T20:13:06.195-0700] {logging_mixin.py:188} INFO - [2025-10-29T20:13:06.195-0700] {dag.py:3947} INFO - Setting next_dagrun for latest_only to 2025-10-29 20:00:00+00:00, run_after=2025-10-30 00:00:00+00:00
[2025-10-29T20:13:06.205-0700] {processor.py:183} INFO - Processing /opt/miniconda3/envs/airflow_env/lib/python3.11/site-packages/airflow/example_dags/example_latest_only.py took 0.073 seconds
[2025-10-29T20:14:30.755-0700] {processor.py:161} INFO - Started process (PID=27105) to work on /opt/miniconda3/envs/airflow_env/lib/python3.11/site-packages/airflow/example_dags/example_latest_only.py
[2025-10-29T20:14:30.756-0700] {processor.py:830} INFO - Processing file /opt/miniconda3/envs/airflow_env/lib/python3.11/site-packages/airflow/example_dags/example_latest_only.py for tasks to queue
[2025-10-29T20:14:30.757-0700] {logging_mixin.py:188} INFO - [2025-10-29T20:14:30.757-0700] {dagbag.py:545} INFO - Filling up the DagBag from /opt/miniconda3/envs/airflow_env/lib/python3.11/site-packages/airflow/example_dags/example_latest_only.py
[2025-10-29T20:14:30.762-0700] {processor.py:840} INFO - DAG(s) 'latest_only' retrieved from /opt/miniconda3/envs/airflow_env/lib/python3.11/site-packages/airflow/example_dags/example_latest_only.py
[2025-10-29T20:14:30.830-0700] {logging_mixin.py:188} INFO - [2025-10-29T20:14:30.829-0700] {dag.py:3089} INFO - Sync 1 DAGs
[2025-10-29T20:14:30.844-0700] {logging_mixin.py:188} INFO - [2025-10-29T20:14:30.844-0700] {dag.py:3947} INFO - Setting next_dagrun for latest_only to 2025-10-29 20:00:00+00:00, run_after=2025-10-30 00:00:00+00:00
[2025-10-29T20:14:30.860-0700] {processor.py:183} INFO - Processing /opt/miniconda3/envs/airflow_env/lib/python3.11/site-packages/airflow/example_dags/example_latest_only.py took 0.108 seconds
[2025-10-29T20:14:37.481-0700] {processor.py:161} INFO - Started process (PID=27129) to work on /opt/miniconda3/envs/airflow_env/lib/python3.11/site-packages/airflow/example_dags/example_latest_only.py
[2025-10-29T20:14:37.482-0700] {processor.py:830} INFO - Processing file /opt/miniconda3/envs/airflow_env/lib/python3.11/site-packages/airflow/example_dags/example_latest_only.py for tasks to queue
[2025-10-29T20:14:37.483-0700] {logging_mixin.py:188} INFO - [2025-10-29T20:14:37.483-0700] {dagbag.py:545} INFO - Filling up the DagBag from /opt/miniconda3/envs/airflow_env/lib/python3.11/site-packages/airflow/example_dags/example_latest_only.py
[2025-10-29T20:14:37.488-0700] {processor.py:840} INFO - DAG(s) 'latest_only' retrieved from /opt/miniconda3/envs/airflow_env/lib/python3.11/site-packages/airflow/example_dags/example_latest_only.py
[2025-10-29T20:14:37.561-0700] {logging_mixin.py:188} INFO - [2025-10-29T20:14:37.560-0700] {dag.py:3089} INFO - Sync 1 DAGs
[2025-10-29T20:14:37.574-0700] {logging_mixin.py:188} INFO - [2025-10-29T20:14:37.574-0700] {dag.py:3947} INFO - Setting next_dagrun for latest_only to 2025-10-29 20:00:00+00:00, run_after=2025-10-30 00:00:00+00:00
[2025-10-29T20:14:37.588-0700] {processor.py:183} INFO - Processing /opt/miniconda3/envs/airflow_env/lib/python3.11/site-packages/airflow/example_dags/example_latest_only.py took 0.110 seconds
[2025-10-29T20:15:54.509-0700] {processor.py:161} INFO - Started process (PID=27383) to work on /opt/miniconda3/envs/airflow_env/lib/python3.11/site-packages/airflow/example_dags/example_latest_only.py
[2025-10-29T20:15:54.510-0700] {processor.py:830} INFO - Processing file /opt/miniconda3/envs/airflow_env/lib/python3.11/site-packages/airflow/example_dags/example_latest_only.py for tasks to queue
[2025-10-29T20:15:54.510-0700] {logging_mixin.py:188} INFO - [2025-10-29T20:15:54.510-0700] {dagbag.py:545} INFO - Filling up the DagBag from /opt/miniconda3/envs/airflow_env/lib/python3.11/site-packages/airflow/example_dags/example_latest_only.py
[2025-10-29T20:15:54.514-0700] {processor.py:840} INFO - DAG(s) 'latest_only' retrieved from /opt/miniconda3/envs/airflow_env/lib/python3.11/site-packages/airflow/example_dags/example_latest_only.py
[2025-10-29T20:15:54.562-0700] {logging_mixin.py:188} INFO - [2025-10-29T20:15:54.562-0700] {dag.py:3089} INFO - Sync 1 DAGs
[2025-10-29T20:15:54.571-0700] {logging_mixin.py:188} INFO - [2025-10-29T20:15:54.571-0700] {dag.py:3947} INFO - Setting next_dagrun for latest_only to 2025-10-29 20:00:00+00:00, run_after=2025-10-30 00:00:00+00:00
[2025-10-29T20:15:54.581-0700] {processor.py:183} INFO - Processing /opt/miniconda3/envs/airflow_env/lib/python3.11/site-packages/airflow/example_dags/example_latest_only.py took 0.073 seconds
[2025-10-29T20:17:28.711-0700] {processor.py:161} INFO - Started process (PID=27705) to work on /opt/miniconda3/envs/airflow_env/lib/python3.11/site-packages/airflow/example_dags/example_latest_only.py
[2025-10-29T20:17:28.713-0700] {processor.py:830} INFO - Processing file /opt/miniconda3/envs/airflow_env/lib/python3.11/site-packages/airflow/example_dags/example_latest_only.py for tasks to queue
[2025-10-29T20:17:28.713-0700] {logging_mixin.py:188} INFO - [2025-10-29T20:17:28.713-0700] {dagbag.py:545} INFO - Filling up the DagBag from /opt/miniconda3/envs/airflow_env/lib/python3.11/site-packages/airflow/example_dags/example_latest_only.py
[2025-10-29T20:17:28.719-0700] {processor.py:840} INFO - DAG(s) 'latest_only' retrieved from /opt/miniconda3/envs/airflow_env/lib/python3.11/site-packages/airflow/example_dags/example_latest_only.py
[2025-10-29T20:17:28.789-0700] {logging_mixin.py:188} INFO - [2025-10-29T20:17:28.789-0700] {dag.py:3089} INFO - Sync 1 DAGs
[2025-10-29T20:17:28.804-0700] {logging_mixin.py:188} INFO - [2025-10-29T20:17:28.804-0700] {dag.py:3947} INFO - Setting next_dagrun for latest_only to 2025-10-29 20:00:00+00:00, run_after=2025-10-30 00:00:00+00:00
[2025-10-29T20:17:28.819-0700] {processor.py:183} INFO - Processing /opt/miniconda3/envs/airflow_env/lib/python3.11/site-packages/airflow/example_dags/example_latest_only.py took 0.111 seconds
[2025-10-29T20:17:32.416-0700] {processor.py:161} INFO - Started process (PID=27720) to work on /opt/miniconda3/envs/airflow_env/lib/python3.11/site-packages/airflow/example_dags/example_latest_only.py
[2025-10-29T20:17:32.417-0700] {processor.py:830} INFO - Processing file /opt/miniconda3/envs/airflow_env/lib/python3.11/site-packages/airflow/example_dags/example_latest_only.py for tasks to queue
[2025-10-29T20:17:32.418-0700] {logging_mixin.py:188} INFO - [2025-10-29T20:17:32.418-0700] {dagbag.py:545} INFO - Filling up the DagBag from /opt/miniconda3/envs/airflow_env/lib/python3.11/site-packages/airflow/example_dags/example_latest_only.py
[2025-10-29T20:17:32.426-0700] {processor.py:840} INFO - DAG(s) 'latest_only' retrieved from /opt/miniconda3/envs/airflow_env/lib/python3.11/site-packages/airflow/example_dags/example_latest_only.py
[2025-10-29T20:17:32.526-0700] {logging_mixin.py:188} INFO - [2025-10-29T20:17:32.525-0700] {dag.py:3089} INFO - Sync 1 DAGs
[2025-10-29T20:17:32.543-0700] {logging_mixin.py:188} INFO - [2025-10-29T20:17:32.543-0700] {dag.py:3947} INFO - Setting next_dagrun for latest_only to 2025-10-29 20:00:00+00:00, run_after=2025-10-30 00:00:00+00:00
[2025-10-29T20:17:32.560-0700] {processor.py:183} INFO - Processing /opt/miniconda3/envs/airflow_env/lib/python3.11/site-packages/airflow/example_dags/example_latest_only.py took 0.149 seconds
[2025-10-29T20:18:50.575-0700] {processor.py:161} INFO - Started process (PID=27969) to work on /opt/miniconda3/envs/airflow_env/lib/python3.11/site-packages/airflow/example_dags/example_latest_only.py
[2025-10-29T20:18:50.576-0700] {processor.py:830} INFO - Processing file /opt/miniconda3/envs/airflow_env/lib/python3.11/site-packages/airflow/example_dags/example_latest_only.py for tasks to queue
[2025-10-29T20:18:50.577-0700] {logging_mixin.py:188} INFO - [2025-10-29T20:18:50.577-0700] {dagbag.py:545} INFO - Filling up the DagBag from /opt/miniconda3/envs/airflow_env/lib/python3.11/site-packages/airflow/example_dags/example_latest_only.py
[2025-10-29T20:18:50.582-0700] {processor.py:840} INFO - DAG(s) 'latest_only' retrieved from /opt/miniconda3/envs/airflow_env/lib/python3.11/site-packages/airflow/example_dags/example_latest_only.py
[2025-10-29T20:18:50.649-0700] {logging_mixin.py:188} INFO - [2025-10-29T20:18:50.649-0700] {dag.py:3089} INFO - Sync 1 DAGs
[2025-10-29T20:18:50.661-0700] {logging_mixin.py:188} INFO - [2025-10-29T20:18:50.661-0700] {dag.py:3947} INFO - Setting next_dagrun for latest_only to 2025-10-29 20:00:00+00:00, run_after=2025-10-30 00:00:00+00:00
[2025-10-29T20:18:50.674-0700] {processor.py:183} INFO - Processing /opt/miniconda3/envs/airflow_env/lib/python3.11/site-packages/airflow/example_dags/example_latest_only.py took 0.101 seconds
[2025-10-29T20:20:33.505-0700] {processor.py:161} INFO - Started process (PID=28291) to work on /opt/miniconda3/envs/airflow_env/lib/python3.11/site-packages/airflow/example_dags/example_latest_only.py
[2025-10-29T20:20:33.506-0700] {processor.py:830} INFO - Processing file /opt/miniconda3/envs/airflow_env/lib/python3.11/site-packages/airflow/example_dags/example_latest_only.py for tasks to queue
[2025-10-29T20:20:33.507-0700] {logging_mixin.py:188} INFO - [2025-10-29T20:20:33.507-0700] {dagbag.py:545} INFO - Filling up the DagBag from /opt/miniconda3/envs/airflow_env/lib/python3.11/site-packages/airflow/example_dags/example_latest_only.py
[2025-10-29T20:20:33.514-0700] {processor.py:840} INFO - DAG(s) 'latest_only' retrieved from /opt/miniconda3/envs/airflow_env/lib/python3.11/site-packages/airflow/example_dags/example_latest_only.py
[2025-10-29T20:20:33.605-0700] {logging_mixin.py:188} INFO - [2025-10-29T20:20:33.604-0700] {dag.py:3089} INFO - Sync 1 DAGs
[2025-10-29T20:20:33.622-0700] {logging_mixin.py:188} INFO - [2025-10-29T20:20:33.621-0700] {dag.py:3947} INFO - Setting next_dagrun for latest_only to 2025-10-29 20:00:00+00:00, run_after=2025-10-30 00:00:00+00:00
[2025-10-29T20:20:33.638-0700] {processor.py:183} INFO - Processing /opt/miniconda3/envs/airflow_env/lib/python3.11/site-packages/airflow/example_dags/example_latest_only.py took 0.137 seconds
[2025-10-29T20:20:39.899-0700] {processor.py:161} INFO - Started process (PID=28311) to work on /opt/miniconda3/envs/airflow_env/lib/python3.11/site-packages/airflow/example_dags/example_latest_only.py
[2025-10-29T20:20:39.900-0700] {processor.py:830} INFO - Processing file /opt/miniconda3/envs/airflow_env/lib/python3.11/site-packages/airflow/example_dags/example_latest_only.py for tasks to queue
[2025-10-29T20:20:39.901-0700] {logging_mixin.py:188} INFO - [2025-10-29T20:20:39.901-0700] {dagbag.py:545} INFO - Filling up the DagBag from /opt/miniconda3/envs/airflow_env/lib/python3.11/site-packages/airflow/example_dags/example_latest_only.py
[2025-10-29T20:20:39.910-0700] {processor.py:840} INFO - DAG(s) 'latest_only' retrieved from /opt/miniconda3/envs/airflow_env/lib/python3.11/site-packages/airflow/example_dags/example_latest_only.py
[2025-10-29T20:20:40.017-0700] {logging_mixin.py:188} INFO - [2025-10-29T20:20:40.016-0700] {dag.py:3089} INFO - Sync 1 DAGs
[2025-10-29T20:20:40.035-0700] {logging_mixin.py:188} INFO - [2025-10-29T20:20:40.035-0700] {dag.py:3947} INFO - Setting next_dagrun for latest_only to 2025-10-29 20:00:00+00:00, run_after=2025-10-30 00:00:00+00:00
[2025-10-29T20:20:40.055-0700] {processor.py:183} INFO - Processing /opt/miniconda3/envs/airflow_env/lib/python3.11/site-packages/airflow/example_dags/example_latest_only.py took 0.160 seconds
[2025-10-29T20:21:57.394-0700] {processor.py:161} INFO - Started process (PID=28593) to work on /opt/miniconda3/envs/airflow_env/lib/python3.11/site-packages/airflow/example_dags/example_latest_only.py
[2025-10-29T20:21:57.395-0700] {processor.py:830} INFO - Processing file /opt/miniconda3/envs/airflow_env/lib/python3.11/site-packages/airflow/example_dags/example_latest_only.py for tasks to queue
[2025-10-29T20:21:57.396-0700] {logging_mixin.py:188} INFO - [2025-10-29T20:21:57.395-0700] {dagbag.py:545} INFO - Filling up the DagBag from /opt/miniconda3/envs/airflow_env/lib/python3.11/site-packages/airflow/example_dags/example_latest_only.py
[2025-10-29T20:21:57.400-0700] {processor.py:840} INFO - DAG(s) 'latest_only' retrieved from /opt/miniconda3/envs/airflow_env/lib/python3.11/site-packages/airflow/example_dags/example_latest_only.py
[2025-10-29T20:21:57.458-0700] {logging_mixin.py:188} INFO - [2025-10-29T20:21:57.458-0700] {dag.py:3089} INFO - Sync 1 DAGs
[2025-10-29T20:21:57.470-0700] {logging_mixin.py:188} INFO - [2025-10-29T20:21:57.470-0700] {dag.py:3947} INFO - Setting next_dagrun for latest_only to 2025-10-29 20:00:00+00:00, run_after=2025-10-30 00:00:00+00:00
[2025-10-29T20:21:57.485-0700] {processor.py:183} INFO - Processing /opt/miniconda3/envs/airflow_env/lib/python3.11/site-packages/airflow/example_dags/example_latest_only.py took 0.093 seconds
[2025-10-29T20:23:52.971-0700] {processor.py:161} INFO - Started process (PID=28986) to work on /opt/miniconda3/envs/airflow_env/lib/python3.11/site-packages/airflow/example_dags/example_latest_only.py
[2025-10-29T20:23:52.973-0700] {processor.py:830} INFO - Processing file /opt/miniconda3/envs/airflow_env/lib/python3.11/site-packages/airflow/example_dags/example_latest_only.py for tasks to queue
[2025-10-29T20:23:52.973-0700] {logging_mixin.py:188} INFO - [2025-10-29T20:23:52.973-0700] {dagbag.py:545} INFO - Filling up the DagBag from /opt/miniconda3/envs/airflow_env/lib/python3.11/site-packages/airflow/example_dags/example_latest_only.py
[2025-10-29T20:23:52.981-0700] {processor.py:840} INFO - DAG(s) 'latest_only' retrieved from /opt/miniconda3/envs/airflow_env/lib/python3.11/site-packages/airflow/example_dags/example_latest_only.py
[2025-10-29T20:23:53.063-0700] {logging_mixin.py:188} INFO - [2025-10-29T20:23:53.062-0700] {dag.py:3089} INFO - Sync 1 DAGs
[2025-10-29T20:23:53.077-0700] {logging_mixin.py:188} INFO - [2025-10-29T20:23:53.077-0700] {dag.py:3947} INFO - Setting next_dagrun for latest_only to 2025-10-29 20:00:00+00:00, run_after=2025-10-30 00:00:00+00:00
[2025-10-29T20:23:53.093-0700] {processor.py:183} INFO - Processing /opt/miniconda3/envs/airflow_env/lib/python3.11/site-packages/airflow/example_dags/example_latest_only.py took 0.125 seconds
[2025-10-29T20:23:58.758-0700] {processor.py:161} INFO - Started process (PID=29004) to work on /opt/miniconda3/envs/airflow_env/lib/python3.11/site-packages/airflow/example_dags/example_latest_only.py
[2025-10-29T20:23:58.758-0700] {processor.py:830} INFO - Processing file /opt/miniconda3/envs/airflow_env/lib/python3.11/site-packages/airflow/example_dags/example_latest_only.py for tasks to queue
[2025-10-29T20:23:58.759-0700] {logging_mixin.py:188} INFO - [2025-10-29T20:23:58.759-0700] {dagbag.py:545} INFO - Filling up the DagBag from /opt/miniconda3/envs/airflow_env/lib/python3.11/site-packages/airflow/example_dags/example_latest_only.py
[2025-10-29T20:23:58.765-0700] {processor.py:840} INFO - DAG(s) 'latest_only' retrieved from /opt/miniconda3/envs/airflow_env/lib/python3.11/site-packages/airflow/example_dags/example_latest_only.py
[2025-10-29T20:23:58.834-0700] {logging_mixin.py:188} INFO - [2025-10-29T20:23:58.834-0700] {dag.py:3089} INFO - Sync 1 DAGs
[2025-10-29T20:23:58.846-0700] {logging_mixin.py:188} INFO - [2025-10-29T20:23:58.846-0700] {dag.py:3947} INFO - Setting next_dagrun for latest_only to 2025-10-29 20:00:00+00:00, run_after=2025-10-30 00:00:00+00:00
[2025-10-29T20:23:58.859-0700] {processor.py:183} INFO - Processing /opt/miniconda3/envs/airflow_env/lib/python3.11/site-packages/airflow/example_dags/example_latest_only.py took 0.105 seconds
[2025-10-29T20:25:05.176-0700] {processor.py:161} INFO - Started process (PID=29228) to work on /opt/miniconda3/envs/airflow_env/lib/python3.11/site-packages/airflow/example_dags/example_latest_only.py
[2025-10-29T20:25:05.177-0700] {processor.py:830} INFO - Processing file /opt/miniconda3/envs/airflow_env/lib/python3.11/site-packages/airflow/example_dags/example_latest_only.py for tasks to queue
[2025-10-29T20:25:05.178-0700] {logging_mixin.py:188} INFO - [2025-10-29T20:25:05.177-0700] {dagbag.py:545} INFO - Filling up the DagBag from /opt/miniconda3/envs/airflow_env/lib/python3.11/site-packages/airflow/example_dags/example_latest_only.py
[2025-10-29T20:25:05.182-0700] {processor.py:840} INFO - DAG(s) 'latest_only' retrieved from /opt/miniconda3/envs/airflow_env/lib/python3.11/site-packages/airflow/example_dags/example_latest_only.py
[2025-10-29T20:25:05.240-0700] {logging_mixin.py:188} INFO - [2025-10-29T20:25:05.240-0700] {dag.py:3089} INFO - Sync 1 DAGs
[2025-10-29T20:25:05.251-0700] {logging_mixin.py:188} INFO - [2025-10-29T20:25:05.251-0700] {dag.py:3947} INFO - Setting next_dagrun for latest_only to 2025-10-29 20:00:00+00:00, run_after=2025-10-30 00:00:00+00:00
[2025-10-29T20:25:05.262-0700] {processor.py:183} INFO - Processing /opt/miniconda3/envs/airflow_env/lib/python3.11/site-packages/airflow/example_dags/example_latest_only.py took 0.088 seconds
[2025-10-29T20:26:48.469-0700] {processor.py:161} INFO - Started process (PID=29586) to work on /opt/miniconda3/envs/airflow_env/lib/python3.11/site-packages/airflow/example_dags/example_latest_only.py
[2025-10-29T20:26:48.470-0700] {processor.py:830} INFO - Processing file /opt/miniconda3/envs/airflow_env/lib/python3.11/site-packages/airflow/example_dags/example_latest_only.py for tasks to queue
[2025-10-29T20:26:48.471-0700] {logging_mixin.py:188} INFO - [2025-10-29T20:26:48.471-0700] {dagbag.py:545} INFO - Filling up the DagBag from /opt/miniconda3/envs/airflow_env/lib/python3.11/site-packages/airflow/example_dags/example_latest_only.py
[2025-10-29T20:26:48.479-0700] {processor.py:840} INFO - DAG(s) 'latest_only' retrieved from /opt/miniconda3/envs/airflow_env/lib/python3.11/site-packages/airflow/example_dags/example_latest_only.py
[2025-10-29T20:26:48.568-0700] {logging_mixin.py:188} INFO - [2025-10-29T20:26:48.567-0700] {dag.py:3089} INFO - Sync 1 DAGs
[2025-10-29T20:26:48.583-0700] {logging_mixin.py:188} INFO - [2025-10-29T20:26:48.583-0700] {dag.py:3947} INFO - Setting next_dagrun for latest_only to 2025-10-29 20:00:00+00:00, run_after=2025-10-30 00:00:00+00:00
[2025-10-29T20:26:48.601-0700] {processor.py:183} INFO - Processing /opt/miniconda3/envs/airflow_env/lib/python3.11/site-packages/airflow/example_dags/example_latest_only.py took 0.135 seconds
[2025-10-29T20:26:51.761-0700] {processor.py:161} INFO - Started process (PID=29598) to work on /opt/miniconda3/envs/airflow_env/lib/python3.11/site-packages/airflow/example_dags/example_latest_only.py
[2025-10-29T20:26:51.761-0700] {processor.py:830} INFO - Processing file /opt/miniconda3/envs/airflow_env/lib/python3.11/site-packages/airflow/example_dags/example_latest_only.py for tasks to queue
[2025-10-29T20:26:51.762-0700] {logging_mixin.py:188} INFO - [2025-10-29T20:26:51.762-0700] {dagbag.py:545} INFO - Filling up the DagBag from /opt/miniconda3/envs/airflow_env/lib/python3.11/site-packages/airflow/example_dags/example_latest_only.py
[2025-10-29T20:26:51.766-0700] {processor.py:840} INFO - DAG(s) 'latest_only' retrieved from /opt/miniconda3/envs/airflow_env/lib/python3.11/site-packages/airflow/example_dags/example_latest_only.py
[2025-10-29T20:26:51.823-0700] {logging_mixin.py:188} INFO - [2025-10-29T20:26:51.823-0700] {dag.py:3089} INFO - Sync 1 DAGs
[2025-10-29T20:26:51.833-0700] {logging_mixin.py:188} INFO - [2025-10-29T20:26:51.833-0700] {dag.py:3947} INFO - Setting next_dagrun for latest_only to 2025-10-29 20:00:00+00:00, run_after=2025-10-30 00:00:00+00:00
[2025-10-29T20:26:51.844-0700] {processor.py:183} INFO - Processing /opt/miniconda3/envs/airflow_env/lib/python3.11/site-packages/airflow/example_dags/example_latest_only.py took 0.086 seconds
[2025-10-29T20:27:54.102-0700] {processor.py:161} INFO - Started process (PID=29810) to work on /opt/miniconda3/envs/airflow_env/lib/python3.11/site-packages/airflow/example_dags/example_latest_only.py
[2025-10-29T20:27:54.103-0700] {processor.py:830} INFO - Processing file /opt/miniconda3/envs/airflow_env/lib/python3.11/site-packages/airflow/example_dags/example_latest_only.py for tasks to queue
[2025-10-29T20:27:54.104-0700] {logging_mixin.py:188} INFO - [2025-10-29T20:27:54.104-0700] {dagbag.py:545} INFO - Filling up the DagBag from /opt/miniconda3/envs/airflow_env/lib/python3.11/site-packages/airflow/example_dags/example_latest_only.py
[2025-10-29T20:27:54.110-0700] {processor.py:840} INFO - DAG(s) 'latest_only' retrieved from /opt/miniconda3/envs/airflow_env/lib/python3.11/site-packages/airflow/example_dags/example_latest_only.py
[2025-10-29T20:27:54.201-0700] {logging_mixin.py:188} INFO - [2025-10-29T20:27:54.201-0700] {dag.py:3089} INFO - Sync 1 DAGs
[2025-10-29T20:27:54.217-0700] {logging_mixin.py:188} INFO - [2025-10-29T20:27:54.217-0700] {dag.py:3947} INFO - Setting next_dagrun for latest_only to 2025-10-29 20:00:00+00:00, run_after=2025-10-30 00:00:00+00:00
[2025-10-29T20:27:54.239-0700] {processor.py:183} INFO - Processing /opt/miniconda3/envs/airflow_env/lib/python3.11/site-packages/airflow/example_dags/example_latest_only.py took 0.140 seconds
[2025-10-29T20:29:37.984-0700] {processor.py:161} INFO - Started process (PID=30172) to work on /opt/miniconda3/envs/airflow_env/lib/python3.11/site-packages/airflow/example_dags/example_latest_only.py
[2025-10-29T20:29:37.985-0700] {processor.py:830} INFO - Processing file /opt/miniconda3/envs/airflow_env/lib/python3.11/site-packages/airflow/example_dags/example_latest_only.py for tasks to queue
[2025-10-29T20:29:37.986-0700] {logging_mixin.py:188} INFO - [2025-10-29T20:29:37.986-0700] {dagbag.py:545} INFO - Filling up the DagBag from /opt/miniconda3/envs/airflow_env/lib/python3.11/site-packages/airflow/example_dags/example_latest_only.py
[2025-10-29T20:29:37.991-0700] {processor.py:840} INFO - DAG(s) 'latest_only' retrieved from /opt/miniconda3/envs/airflow_env/lib/python3.11/site-packages/airflow/example_dags/example_latest_only.py
[2025-10-29T20:29:38.056-0700] {logging_mixin.py:188} INFO - [2025-10-29T20:29:38.056-0700] {dag.py:3089} INFO - Sync 1 DAGs
[2025-10-29T20:29:38.068-0700] {logging_mixin.py:188} INFO - [2025-10-29T20:29:38.068-0700] {dag.py:3947} INFO - Setting next_dagrun for latest_only to 2025-10-29 20:00:00+00:00, run_after=2025-10-30 00:00:00+00:00
[2025-10-29T20:29:38.080-0700] {processor.py:183} INFO - Processing /opt/miniconda3/envs/airflow_env/lib/python3.11/site-packages/airflow/example_dags/example_latest_only.py took 0.100 seconds
[2025-10-29T20:29:39.677-0700] {processor.py:161} INFO - Started process (PID=30178) to work on /opt/miniconda3/envs/airflow_env/lib/python3.11/site-packages/airflow/example_dags/example_latest_only.py
[2025-10-29T20:29:39.678-0700] {processor.py:830} INFO - Processing file /opt/miniconda3/envs/airflow_env/lib/python3.11/site-packages/airflow/example_dags/example_latest_only.py for tasks to queue
[2025-10-29T20:29:39.679-0700] {logging_mixin.py:188} INFO - [2025-10-29T20:29:39.678-0700] {dagbag.py:545} INFO - Filling up the DagBag from /opt/miniconda3/envs/airflow_env/lib/python3.11/site-packages/airflow/example_dags/example_latest_only.py
[2025-10-29T20:29:39.683-0700] {processor.py:840} INFO - DAG(s) 'latest_only' retrieved from /opt/miniconda3/envs/airflow_env/lib/python3.11/site-packages/airflow/example_dags/example_latest_only.py
[2025-10-29T20:29:39.734-0700] {logging_mixin.py:188} INFO - [2025-10-29T20:29:39.734-0700] {dag.py:3089} INFO - Sync 1 DAGs
[2025-10-29T20:29:39.744-0700] {logging_mixin.py:188} INFO - [2025-10-29T20:29:39.743-0700] {dag.py:3947} INFO - Setting next_dagrun for latest_only to 2025-10-29 20:00:00+00:00, run_after=2025-10-30 00:00:00+00:00
[2025-10-29T20:29:39.754-0700] {processor.py:183} INFO - Processing /opt/miniconda3/envs/airflow_env/lib/python3.11/site-packages/airflow/example_dags/example_latest_only.py took 0.079 seconds
