[2025-10-29T18:41:00.263-0700] {processor.py:161} INFO - Started process (PID=5188) to work on /opt/miniconda3/envs/airflow_env/lib/python3.11/site-packages/airflow/example_dags/example_params_ui_tutorial.py
[2025-10-29T18:41:00.264-0700] {processor.py:830} INFO - Processing file /opt/miniconda3/envs/airflow_env/lib/python3.11/site-packages/airflow/example_dags/example_params_ui_tutorial.py for tasks to queue
[2025-10-29T18:41:00.264-0700] {logging_mixin.py:188} INFO - [2025-10-29T18:41:00.264-0700] {dagbag.py:545} INFO - Filling up the DagBag from /opt/miniconda3/envs/airflow_env/lib/python3.11/site-packages/airflow/example_dags/example_params_ui_tutorial.py
[2025-10-29T18:41:00.285-0700] {processor.py:840} INFO - DAG(s) 'example_params_ui_tutorial' retrieved from /opt/miniconda3/envs/airflow_env/lib/python3.11/site-packages/airflow/example_dags/example_params_ui_tutorial.py
[2025-10-29T18:41:00.423-0700] {logging_mixin.py:188} INFO - [2025-10-29T18:41:00.423-0700] {override.py:1930} INFO - Created Permission View: can edit on DAG:example_params_ui_tutorial
[2025-10-29T18:41:00.427-0700] {logging_mixin.py:188} INFO - [2025-10-29T18:41:00.427-0700] {override.py:1930} INFO - Created Permission View: can delete on DAG:example_params_ui_tutorial
[2025-10-29T18:41:00.430-0700] {logging_mixin.py:188} INFO - [2025-10-29T18:41:00.430-0700] {override.py:1930} INFO - Created Permission View: can read on DAG:example_params_ui_tutorial
[2025-10-29T18:41:00.431-0700] {logging_mixin.py:188} INFO - [2025-10-29T18:41:00.430-0700] {dag.py:3089} INFO - Sync 1 DAGs
[2025-10-29T18:41:00.436-0700] {logging_mixin.py:188} INFO - [2025-10-29T18:41:00.436-0700] {dag.py:3111} INFO - Creating ORM DAG for example_params_ui_tutorial
[2025-10-29T18:41:00.436-0700] {logging_mixin.py:188} INFO - [2025-10-29T18:41:00.436-0700] {dag.py:3947} INFO - Setting next_dagrun for example_params_ui_tutorial to None, run_after=None
[2025-10-29T18:41:00.445-0700] {processor.py:183} INFO - Processing /opt/miniconda3/envs/airflow_env/lib/python3.11/site-packages/airflow/example_dags/example_params_ui_tutorial.py took 0.184 seconds
[2025-10-29T18:42:39.451-0700] {processor.py:161} INFO - Started process (PID=5382) to work on /opt/miniconda3/envs/airflow_env/lib/python3.11/site-packages/airflow/example_dags/example_params_ui_tutorial.py
[2025-10-29T18:42:39.452-0700] {processor.py:830} INFO - Processing file /opt/miniconda3/envs/airflow_env/lib/python3.11/site-packages/airflow/example_dags/example_params_ui_tutorial.py for tasks to queue
[2025-10-29T18:42:39.453-0700] {logging_mixin.py:188} INFO - [2025-10-29T18:42:39.452-0700] {dagbag.py:545} INFO - Filling up the DagBag from /opt/miniconda3/envs/airflow_env/lib/python3.11/site-packages/airflow/example_dags/example_params_ui_tutorial.py
[2025-10-29T18:42:39.472-0700] {processor.py:840} INFO - DAG(s) 'example_params_ui_tutorial' retrieved from /opt/miniconda3/envs/airflow_env/lib/python3.11/site-packages/airflow/example_dags/example_params_ui_tutorial.py
[2025-10-29T18:42:39.530-0700] {logging_mixin.py:188} INFO - [2025-10-29T18:42:39.530-0700] {dag.py:3089} INFO - Sync 1 DAGs
[2025-10-29T18:42:39.535-0700] {logging_mixin.py:188} INFO - [2025-10-29T18:42:39.535-0700] {dag.py:3947} INFO - Setting next_dagrun for example_params_ui_tutorial to None, run_after=None
[2025-10-29T18:42:39.545-0700] {processor.py:183} INFO - Processing /opt/miniconda3/envs/airflow_env/lib/python3.11/site-packages/airflow/example_dags/example_params_ui_tutorial.py took 0.095 seconds
[2025-10-29T18:44:58.621-0700] {processor.py:161} INFO - Started process (PID=5642) to work on /opt/miniconda3/envs/airflow_env/lib/python3.11/site-packages/airflow/example_dags/example_params_ui_tutorial.py
[2025-10-29T18:44:58.621-0700] {processor.py:830} INFO - Processing file /opt/miniconda3/envs/airflow_env/lib/python3.11/site-packages/airflow/example_dags/example_params_ui_tutorial.py for tasks to queue
[2025-10-29T18:44:58.622-0700] {logging_mixin.py:188} INFO - [2025-10-29T18:44:58.622-0700] {dagbag.py:545} INFO - Filling up the DagBag from /opt/miniconda3/envs/airflow_env/lib/python3.11/site-packages/airflow/example_dags/example_params_ui_tutorial.py
[2025-10-29T18:44:58.642-0700] {processor.py:840} INFO - DAG(s) 'example_params_ui_tutorial' retrieved from /opt/miniconda3/envs/airflow_env/lib/python3.11/site-packages/airflow/example_dags/example_params_ui_tutorial.py
[2025-10-29T18:44:58.701-0700] {logging_mixin.py:188} INFO - [2025-10-29T18:44:58.701-0700] {dag.py:3089} INFO - Sync 1 DAGs
[2025-10-29T18:44:58.706-0700] {logging_mixin.py:188} INFO - [2025-10-29T18:44:58.706-0700] {dag.py:3947} INFO - Setting next_dagrun for example_params_ui_tutorial to None, run_after=None
[2025-10-29T18:44:58.716-0700] {processor.py:183} INFO - Processing /opt/miniconda3/envs/airflow_env/lib/python3.11/site-packages/airflow/example_dags/example_params_ui_tutorial.py took 0.098 seconds
[2025-10-29T18:47:25.291-0700] {processor.py:161} INFO - Started process (PID=5905) to work on /opt/miniconda3/envs/airflow_env/lib/python3.11/site-packages/airflow/example_dags/example_params_ui_tutorial.py
[2025-10-29T18:47:25.291-0700] {processor.py:830} INFO - Processing file /opt/miniconda3/envs/airflow_env/lib/python3.11/site-packages/airflow/example_dags/example_params_ui_tutorial.py for tasks to queue
[2025-10-29T18:47:25.292-0700] {logging_mixin.py:188} INFO - [2025-10-29T18:47:25.292-0700] {dagbag.py:545} INFO - Filling up the DagBag from /opt/miniconda3/envs/airflow_env/lib/python3.11/site-packages/airflow/example_dags/example_params_ui_tutorial.py
[2025-10-29T18:47:25.311-0700] {processor.py:840} INFO - DAG(s) 'example_params_ui_tutorial' retrieved from /opt/miniconda3/envs/airflow_env/lib/python3.11/site-packages/airflow/example_dags/example_params_ui_tutorial.py
[2025-10-29T18:47:25.370-0700] {logging_mixin.py:188} INFO - [2025-10-29T18:47:25.370-0700] {dag.py:3089} INFO - Sync 1 DAGs
[2025-10-29T18:47:25.375-0700] {logging_mixin.py:188} INFO - [2025-10-29T18:47:25.375-0700] {dag.py:3947} INFO - Setting next_dagrun for example_params_ui_tutorial to None, run_after=None
[2025-10-29T18:47:25.385-0700] {processor.py:183} INFO - Processing /opt/miniconda3/envs/airflow_env/lib/python3.11/site-packages/airflow/example_dags/example_params_ui_tutorial.py took 0.097 seconds
[2025-10-29T18:49:50.722-0700] {processor.py:161} INFO - Started process (PID=7761) to work on /opt/miniconda3/envs/airflow_env/lib/python3.11/site-packages/airflow/example_dags/example_params_ui_tutorial.py
[2025-10-29T18:49:50.723-0700] {processor.py:830} INFO - Processing file /opt/miniconda3/envs/airflow_env/lib/python3.11/site-packages/airflow/example_dags/example_params_ui_tutorial.py for tasks to queue
[2025-10-29T18:49:50.723-0700] {logging_mixin.py:188} INFO - [2025-10-29T18:49:50.723-0700] {dagbag.py:545} INFO - Filling up the DagBag from /opt/miniconda3/envs/airflow_env/lib/python3.11/site-packages/airflow/example_dags/example_params_ui_tutorial.py
[2025-10-29T18:49:50.745-0700] {processor.py:840} INFO - DAG(s) 'example_params_ui_tutorial' retrieved from /opt/miniconda3/envs/airflow_env/lib/python3.11/site-packages/airflow/example_dags/example_params_ui_tutorial.py
[2025-10-29T18:49:50.806-0700] {logging_mixin.py:188} INFO - [2025-10-29T18:49:50.806-0700] {dag.py:3089} INFO - Sync 1 DAGs
[2025-10-29T18:49:50.811-0700] {logging_mixin.py:188} INFO - [2025-10-29T18:49:50.811-0700] {dag.py:3947} INFO - Setting next_dagrun for example_params_ui_tutorial to None, run_after=None
[2025-10-29T18:49:50.822-0700] {processor.py:183} INFO - Processing /opt/miniconda3/envs/airflow_env/lib/python3.11/site-packages/airflow/example_dags/example_params_ui_tutorial.py took 0.103 seconds
[2025-10-29T18:52:10.812-0700] {processor.py:161} INFO - Started process (PID=9956) to work on /opt/miniconda3/envs/airflow_env/lib/python3.11/site-packages/airflow/example_dags/example_params_ui_tutorial.py
[2025-10-29T18:52:10.812-0700] {processor.py:830} INFO - Processing file /opt/miniconda3/envs/airflow_env/lib/python3.11/site-packages/airflow/example_dags/example_params_ui_tutorial.py for tasks to queue
[2025-10-29T18:52:10.812-0700] {logging_mixin.py:188} INFO - [2025-10-29T18:52:10.812-0700] {dagbag.py:545} INFO - Filling up the DagBag from /opt/miniconda3/envs/airflow_env/lib/python3.11/site-packages/airflow/example_dags/example_params_ui_tutorial.py
[2025-10-29T18:52:10.832-0700] {processor.py:840} INFO - DAG(s) 'example_params_ui_tutorial' retrieved from /opt/miniconda3/envs/airflow_env/lib/python3.11/site-packages/airflow/example_dags/example_params_ui_tutorial.py
[2025-10-29T18:52:10.890-0700] {logging_mixin.py:188} INFO - [2025-10-29T18:52:10.890-0700] {dag.py:3089} INFO - Sync 1 DAGs
[2025-10-29T18:52:10.895-0700] {logging_mixin.py:188} INFO - [2025-10-29T18:52:10.895-0700] {dag.py:3947} INFO - Setting next_dagrun for example_params_ui_tutorial to None, run_after=None
[2025-10-29T18:52:10.905-0700] {processor.py:183} INFO - Processing /opt/miniconda3/envs/airflow_env/lib/python3.11/site-packages/airflow/example_dags/example_params_ui_tutorial.py took 0.096 seconds
[2025-10-29T18:54:30.535-0700] {processor.py:161} INFO - Started process (PID=10228) to work on /opt/miniconda3/envs/airflow_env/lib/python3.11/site-packages/airflow/example_dags/example_params_ui_tutorial.py
[2025-10-29T18:54:30.536-0700] {processor.py:830} INFO - Processing file /opt/miniconda3/envs/airflow_env/lib/python3.11/site-packages/airflow/example_dags/example_params_ui_tutorial.py for tasks to queue
[2025-10-29T18:54:30.536-0700] {logging_mixin.py:188} INFO - [2025-10-29T18:54:30.536-0700] {dagbag.py:545} INFO - Filling up the DagBag from /opt/miniconda3/envs/airflow_env/lib/python3.11/site-packages/airflow/example_dags/example_params_ui_tutorial.py
[2025-10-29T18:54:30.557-0700] {processor.py:840} INFO - DAG(s) 'example_params_ui_tutorial' retrieved from /opt/miniconda3/envs/airflow_env/lib/python3.11/site-packages/airflow/example_dags/example_params_ui_tutorial.py
[2025-10-29T18:54:30.617-0700] {logging_mixin.py:188} INFO - [2025-10-29T18:54:30.616-0700] {dag.py:3089} INFO - Sync 1 DAGs
[2025-10-29T18:54:30.621-0700] {logging_mixin.py:188} INFO - [2025-10-29T18:54:30.621-0700] {dag.py:3947} INFO - Setting next_dagrun for example_params_ui_tutorial to None, run_after=None
[2025-10-29T18:54:30.632-0700] {processor.py:183} INFO - Processing /opt/miniconda3/envs/airflow_env/lib/python3.11/site-packages/airflow/example_dags/example_params_ui_tutorial.py took 0.099 seconds
[2025-10-29T18:56:52.987-0700] {processor.py:161} INFO - Started process (PID=10477) to work on /opt/miniconda3/envs/airflow_env/lib/python3.11/site-packages/airflow/example_dags/example_params_ui_tutorial.py
[2025-10-29T18:56:52.988-0700] {processor.py:830} INFO - Processing file /opt/miniconda3/envs/airflow_env/lib/python3.11/site-packages/airflow/example_dags/example_params_ui_tutorial.py for tasks to queue
[2025-10-29T18:56:52.988-0700] {logging_mixin.py:188} INFO - [2025-10-29T18:56:52.988-0700] {dagbag.py:545} INFO - Filling up the DagBag from /opt/miniconda3/envs/airflow_env/lib/python3.11/site-packages/airflow/example_dags/example_params_ui_tutorial.py
[2025-10-29T18:56:53.009-0700] {processor.py:840} INFO - DAG(s) 'example_params_ui_tutorial' retrieved from /opt/miniconda3/envs/airflow_env/lib/python3.11/site-packages/airflow/example_dags/example_params_ui_tutorial.py
[2025-10-29T18:56:53.069-0700] {logging_mixin.py:188} INFO - [2025-10-29T18:56:53.069-0700] {dag.py:3089} INFO - Sync 1 DAGs
[2025-10-29T18:56:53.074-0700] {logging_mixin.py:188} INFO - [2025-10-29T18:56:53.074-0700] {dag.py:3947} INFO - Setting next_dagrun for example_params_ui_tutorial to None, run_after=None
[2025-10-29T18:56:53.085-0700] {processor.py:183} INFO - Processing /opt/miniconda3/envs/airflow_env/lib/python3.11/site-packages/airflow/example_dags/example_params_ui_tutorial.py took 0.099 seconds
[2025-10-29T18:59:34.576-0700] {processor.py:161} INFO - Started process (PID=10816) to work on /opt/miniconda3/envs/airflow_env/lib/python3.11/site-packages/airflow/example_dags/example_params_ui_tutorial.py
[2025-10-29T18:59:34.577-0700] {processor.py:830} INFO - Processing file /opt/miniconda3/envs/airflow_env/lib/python3.11/site-packages/airflow/example_dags/example_params_ui_tutorial.py for tasks to queue
[2025-10-29T18:59:34.577-0700] {logging_mixin.py:188} INFO - [2025-10-29T18:59:34.577-0700] {dagbag.py:545} INFO - Filling up the DagBag from /opt/miniconda3/envs/airflow_env/lib/python3.11/site-packages/airflow/example_dags/example_params_ui_tutorial.py
[2025-10-29T18:59:34.597-0700] {processor.py:840} INFO - DAG(s) 'example_params_ui_tutorial' retrieved from /opt/miniconda3/envs/airflow_env/lib/python3.11/site-packages/airflow/example_dags/example_params_ui_tutorial.py
[2025-10-29T18:59:34.724-0700] {logging_mixin.py:188} INFO - [2025-10-29T18:59:34.724-0700] {dag.py:3089} INFO - Sync 1 DAGs
[2025-10-29T18:59:34.729-0700] {logging_mixin.py:188} INFO - [2025-10-29T18:59:34.728-0700] {dag.py:3947} INFO - Setting next_dagrun for example_params_ui_tutorial to None, run_after=None
[2025-10-29T18:59:34.739-0700] {processor.py:183} INFO - Processing /opt/miniconda3/envs/airflow_env/lib/python3.11/site-packages/airflow/example_dags/example_params_ui_tutorial.py took 0.165 seconds
[2025-10-29T19:01:17.135-0700] {processor.py:161} INFO - Started process (PID=10998) to work on /opt/miniconda3/envs/airflow_env/lib/python3.11/site-packages/airflow/example_dags/example_params_ui_tutorial.py
[2025-10-29T19:01:17.136-0700] {processor.py:830} INFO - Processing file /opt/miniconda3/envs/airflow_env/lib/python3.11/site-packages/airflow/example_dags/example_params_ui_tutorial.py for tasks to queue
[2025-10-29T19:01:17.137-0700] {logging_mixin.py:188} INFO - [2025-10-29T19:01:17.137-0700] {dagbag.py:545} INFO - Filling up the DagBag from /opt/miniconda3/envs/airflow_env/lib/python3.11/site-packages/airflow/example_dags/example_params_ui_tutorial.py
[2025-10-29T19:01:17.157-0700] {processor.py:840} INFO - DAG(s) 'example_params_ui_tutorial' retrieved from /opt/miniconda3/envs/airflow_env/lib/python3.11/site-packages/airflow/example_dags/example_params_ui_tutorial.py
[2025-10-29T19:01:17.216-0700] {logging_mixin.py:188} INFO - [2025-10-29T19:01:17.215-0700] {dag.py:3089} INFO - Sync 1 DAGs
[2025-10-29T19:01:17.220-0700] {logging_mixin.py:188} INFO - [2025-10-29T19:01:17.220-0700] {dag.py:3947} INFO - Setting next_dagrun for example_params_ui_tutorial to None, run_after=None
[2025-10-29T19:01:17.230-0700] {processor.py:183} INFO - Processing /opt/miniconda3/envs/airflow_env/lib/python3.11/site-packages/airflow/example_dags/example_params_ui_tutorial.py took 0.097 seconds
[2025-10-29T19:03:42.642-0700] {processor.py:161} INFO - Started process (PID=11259) to work on /opt/miniconda3/envs/airflow_env/lib/python3.11/site-packages/airflow/example_dags/example_params_ui_tutorial.py
[2025-10-29T19:03:42.642-0700] {processor.py:830} INFO - Processing file /opt/miniconda3/envs/airflow_env/lib/python3.11/site-packages/airflow/example_dags/example_params_ui_tutorial.py for tasks to queue
[2025-10-29T19:03:42.643-0700] {logging_mixin.py:188} INFO - [2025-10-29T19:03:42.643-0700] {dagbag.py:545} INFO - Filling up the DagBag from /opt/miniconda3/envs/airflow_env/lib/python3.11/site-packages/airflow/example_dags/example_params_ui_tutorial.py
[2025-10-29T19:03:42.663-0700] {processor.py:840} INFO - DAG(s) 'example_params_ui_tutorial' retrieved from /opt/miniconda3/envs/airflow_env/lib/python3.11/site-packages/airflow/example_dags/example_params_ui_tutorial.py
[2025-10-29T19:03:42.722-0700] {logging_mixin.py:188} INFO - [2025-10-29T19:03:42.722-0700] {dag.py:3089} INFO - Sync 1 DAGs
[2025-10-29T19:03:42.727-0700] {logging_mixin.py:188} INFO - [2025-10-29T19:03:42.727-0700] {dag.py:3947} INFO - Setting next_dagrun for example_params_ui_tutorial to None, run_after=None
[2025-10-29T19:03:42.737-0700] {processor.py:183} INFO - Processing /opt/miniconda3/envs/airflow_env/lib/python3.11/site-packages/airflow/example_dags/example_params_ui_tutorial.py took 0.097 seconds
[2025-10-29T19:06:10.933-0700] {processor.py:161} INFO - Started process (PID=11521) to work on /opt/miniconda3/envs/airflow_env/lib/python3.11/site-packages/airflow/example_dags/example_params_ui_tutorial.py
[2025-10-29T19:06:10.935-0700] {processor.py:830} INFO - Processing file /opt/miniconda3/envs/airflow_env/lib/python3.11/site-packages/airflow/example_dags/example_params_ui_tutorial.py for tasks to queue
[2025-10-29T19:06:10.935-0700] {logging_mixin.py:188} INFO - [2025-10-29T19:06:10.935-0700] {dagbag.py:545} INFO - Filling up the DagBag from /opt/miniconda3/envs/airflow_env/lib/python3.11/site-packages/airflow/example_dags/example_params_ui_tutorial.py
[2025-10-29T19:06:10.956-0700] {processor.py:840} INFO - DAG(s) 'example_params_ui_tutorial' retrieved from /opt/miniconda3/envs/airflow_env/lib/python3.11/site-packages/airflow/example_dags/example_params_ui_tutorial.py
[2025-10-29T19:06:11.020-0700] {logging_mixin.py:188} INFO - [2025-10-29T19:06:11.020-0700] {dag.py:3089} INFO - Sync 1 DAGs
[2025-10-29T19:06:11.025-0700] {logging_mixin.py:188} INFO - [2025-10-29T19:06:11.024-0700] {dag.py:3947} INFO - Setting next_dagrun for example_params_ui_tutorial to None, run_after=None
[2025-10-29T19:06:11.035-0700] {processor.py:183} INFO - Processing /opt/miniconda3/envs/airflow_env/lib/python3.11/site-packages/airflow/example_dags/example_params_ui_tutorial.py took 0.104 seconds
[2025-10-29T19:08:38.897-0700] {processor.py:161} INFO - Started process (PID=11770) to work on /opt/miniconda3/envs/airflow_env/lib/python3.11/site-packages/airflow/example_dags/example_params_ui_tutorial.py
[2025-10-29T19:08:38.899-0700] {processor.py:830} INFO - Processing file /opt/miniconda3/envs/airflow_env/lib/python3.11/site-packages/airflow/example_dags/example_params_ui_tutorial.py for tasks to queue
[2025-10-29T19:08:38.899-0700] {logging_mixin.py:188} INFO - [2025-10-29T19:08:38.899-0700] {dagbag.py:545} INFO - Filling up the DagBag from /opt/miniconda3/envs/airflow_env/lib/python3.11/site-packages/airflow/example_dags/example_params_ui_tutorial.py
[2025-10-29T19:08:38.919-0700] {processor.py:840} INFO - DAG(s) 'example_params_ui_tutorial' retrieved from /opt/miniconda3/envs/airflow_env/lib/python3.11/site-packages/airflow/example_dags/example_params_ui_tutorial.py
[2025-10-29T19:08:38.978-0700] {logging_mixin.py:188} INFO - [2025-10-29T19:08:38.978-0700] {dag.py:3089} INFO - Sync 1 DAGs
[2025-10-29T19:08:38.983-0700] {logging_mixin.py:188} INFO - [2025-10-29T19:08:38.982-0700] {dag.py:3947} INFO - Setting next_dagrun for example_params_ui_tutorial to None, run_after=None
[2025-10-29T19:08:38.993-0700] {processor.py:183} INFO - Processing /opt/miniconda3/envs/airflow_env/lib/python3.11/site-packages/airflow/example_dags/example_params_ui_tutorial.py took 0.097 seconds
[2025-10-29T19:11:07.029-0700] {processor.py:161} INFO - Started process (PID=12039) to work on /opt/miniconda3/envs/airflow_env/lib/python3.11/site-packages/airflow/example_dags/example_params_ui_tutorial.py
[2025-10-29T19:11:07.031-0700] {processor.py:830} INFO - Processing file /opt/miniconda3/envs/airflow_env/lib/python3.11/site-packages/airflow/example_dags/example_params_ui_tutorial.py for tasks to queue
[2025-10-29T19:11:07.031-0700] {logging_mixin.py:188} INFO - [2025-10-29T19:11:07.031-0700] {dagbag.py:545} INFO - Filling up the DagBag from /opt/miniconda3/envs/airflow_env/lib/python3.11/site-packages/airflow/example_dags/example_params_ui_tutorial.py
[2025-10-29T19:11:07.051-0700] {processor.py:840} INFO - DAG(s) 'example_params_ui_tutorial' retrieved from /opt/miniconda3/envs/airflow_env/lib/python3.11/site-packages/airflow/example_dags/example_params_ui_tutorial.py
[2025-10-29T19:11:07.112-0700] {logging_mixin.py:188} INFO - [2025-10-29T19:11:07.112-0700] {dag.py:3089} INFO - Sync 1 DAGs
[2025-10-29T19:11:07.117-0700] {logging_mixin.py:188} INFO - [2025-10-29T19:11:07.117-0700] {dag.py:3947} INFO - Setting next_dagrun for example_params_ui_tutorial to None, run_after=None
[2025-10-29T19:11:07.128-0700] {processor.py:183} INFO - Processing /opt/miniconda3/envs/airflow_env/lib/python3.11/site-packages/airflow/example_dags/example_params_ui_tutorial.py took 0.100 seconds
[2025-10-29T19:13:38.047-0700] {processor.py:161} INFO - Started process (PID=12309) to work on /opt/miniconda3/envs/airflow_env/lib/python3.11/site-packages/airflow/example_dags/example_params_ui_tutorial.py
[2025-10-29T19:13:38.049-0700] {processor.py:830} INFO - Processing file /opt/miniconda3/envs/airflow_env/lib/python3.11/site-packages/airflow/example_dags/example_params_ui_tutorial.py for tasks to queue
[2025-10-29T19:13:38.049-0700] {logging_mixin.py:188} INFO - [2025-10-29T19:13:38.049-0700] {dagbag.py:545} INFO - Filling up the DagBag from /opt/miniconda3/envs/airflow_env/lib/python3.11/site-packages/airflow/example_dags/example_params_ui_tutorial.py
[2025-10-29T19:13:38.069-0700] {processor.py:840} INFO - DAG(s) 'example_params_ui_tutorial' retrieved from /opt/miniconda3/envs/airflow_env/lib/python3.11/site-packages/airflow/example_dags/example_params_ui_tutorial.py
[2025-10-29T19:13:38.129-0700] {logging_mixin.py:188} INFO - [2025-10-29T19:13:38.129-0700] {dag.py:3089} INFO - Sync 1 DAGs
[2025-10-29T19:13:38.134-0700] {logging_mixin.py:188} INFO - [2025-10-29T19:13:38.134-0700] {dag.py:3947} INFO - Setting next_dagrun for example_params_ui_tutorial to None, run_after=None
[2025-10-29T19:13:38.144-0700] {processor.py:183} INFO - Processing /opt/miniconda3/envs/airflow_env/lib/python3.11/site-packages/airflow/example_dags/example_params_ui_tutorial.py took 0.099 seconds
[2025-10-29T19:16:05.077-0700] {processor.py:161} INFO - Started process (PID=12562) to work on /opt/miniconda3/envs/airflow_env/lib/python3.11/site-packages/airflow/example_dags/example_params_ui_tutorial.py
[2025-10-29T19:16:05.078-0700] {processor.py:830} INFO - Processing file /opt/miniconda3/envs/airflow_env/lib/python3.11/site-packages/airflow/example_dags/example_params_ui_tutorial.py for tasks to queue
[2025-10-29T19:16:05.079-0700] {logging_mixin.py:188} INFO - [2025-10-29T19:16:05.079-0700] {dagbag.py:545} INFO - Filling up the DagBag from /opt/miniconda3/envs/airflow_env/lib/python3.11/site-packages/airflow/example_dags/example_params_ui_tutorial.py
[2025-10-29T19:16:05.098-0700] {processor.py:840} INFO - DAG(s) 'example_params_ui_tutorial' retrieved from /opt/miniconda3/envs/airflow_env/lib/python3.11/site-packages/airflow/example_dags/example_params_ui_tutorial.py
[2025-10-29T19:16:05.157-0700] {logging_mixin.py:188} INFO - [2025-10-29T19:16:05.157-0700] {dag.py:3089} INFO - Sync 1 DAGs
[2025-10-29T19:16:05.162-0700] {logging_mixin.py:188} INFO - [2025-10-29T19:16:05.162-0700] {dag.py:3947} INFO - Setting next_dagrun for example_params_ui_tutorial to None, run_after=None
[2025-10-29T19:16:05.172-0700] {processor.py:183} INFO - Processing /opt/miniconda3/envs/airflow_env/lib/python3.11/site-packages/airflow/example_dags/example_params_ui_tutorial.py took 0.097 seconds
[2025-10-29T19:18:33.886-0700] {processor.py:161} INFO - Started process (PID=12823) to work on /opt/miniconda3/envs/airflow_env/lib/python3.11/site-packages/airflow/example_dags/example_params_ui_tutorial.py
[2025-10-29T19:18:33.888-0700] {processor.py:830} INFO - Processing file /opt/miniconda3/envs/airflow_env/lib/python3.11/site-packages/airflow/example_dags/example_params_ui_tutorial.py for tasks to queue
[2025-10-29T19:18:33.888-0700] {logging_mixin.py:188} INFO - [2025-10-29T19:18:33.888-0700] {dagbag.py:545} INFO - Filling up the DagBag from /opt/miniconda3/envs/airflow_env/lib/python3.11/site-packages/airflow/example_dags/example_params_ui_tutorial.py
[2025-10-29T19:18:33.908-0700] {processor.py:840} INFO - DAG(s) 'example_params_ui_tutorial' retrieved from /opt/miniconda3/envs/airflow_env/lib/python3.11/site-packages/airflow/example_dags/example_params_ui_tutorial.py
[2025-10-29T19:18:33.967-0700] {logging_mixin.py:188} INFO - [2025-10-29T19:18:33.967-0700] {dag.py:3089} INFO - Sync 1 DAGs
[2025-10-29T19:18:33.972-0700] {logging_mixin.py:188} INFO - [2025-10-29T19:18:33.972-0700] {dag.py:3947} INFO - Setting next_dagrun for example_params_ui_tutorial to None, run_after=None
[2025-10-29T19:18:33.982-0700] {processor.py:183} INFO - Processing /opt/miniconda3/envs/airflow_env/lib/python3.11/site-packages/airflow/example_dags/example_params_ui_tutorial.py took 0.098 seconds
[2025-10-29T19:20:58.705-0700] {processor.py:161} INFO - Started process (PID=13113) to work on /opt/miniconda3/envs/airflow_env/lib/python3.11/site-packages/airflow/example_dags/example_params_ui_tutorial.py
[2025-10-29T19:20:58.706-0700] {processor.py:830} INFO - Processing file /opt/miniconda3/envs/airflow_env/lib/python3.11/site-packages/airflow/example_dags/example_params_ui_tutorial.py for tasks to queue
[2025-10-29T19:20:58.707-0700] {logging_mixin.py:188} INFO - [2025-10-29T19:20:58.706-0700] {dagbag.py:545} INFO - Filling up the DagBag from /opt/miniconda3/envs/airflow_env/lib/python3.11/site-packages/airflow/example_dags/example_params_ui_tutorial.py
[2025-10-29T19:20:58.726-0700] {processor.py:840} INFO - DAG(s) 'example_params_ui_tutorial' retrieved from /opt/miniconda3/envs/airflow_env/lib/python3.11/site-packages/airflow/example_dags/example_params_ui_tutorial.py
[2025-10-29T19:20:58.785-0700] {logging_mixin.py:188} INFO - [2025-10-29T19:20:58.785-0700] {dag.py:3089} INFO - Sync 1 DAGs
[2025-10-29T19:20:58.790-0700] {logging_mixin.py:188} INFO - [2025-10-29T19:20:58.790-0700] {dag.py:3947} INFO - Setting next_dagrun for example_params_ui_tutorial to None, run_after=None
[2025-10-29T19:20:58.800-0700] {processor.py:183} INFO - Processing /opt/miniconda3/envs/airflow_env/lib/python3.11/site-packages/airflow/example_dags/example_params_ui_tutorial.py took 0.098 seconds
[2025-10-29T19:23:25.066-0700] {processor.py:161} INFO - Started process (PID=13376) to work on /opt/miniconda3/envs/airflow_env/lib/python3.11/site-packages/airflow/example_dags/example_params_ui_tutorial.py
[2025-10-29T19:23:25.066-0700] {processor.py:830} INFO - Processing file /opt/miniconda3/envs/airflow_env/lib/python3.11/site-packages/airflow/example_dags/example_params_ui_tutorial.py for tasks to queue
[2025-10-29T19:23:25.066-0700] {logging_mixin.py:188} INFO - [2025-10-29T19:23:25.066-0700] {dagbag.py:545} INFO - Filling up the DagBag from /opt/miniconda3/envs/airflow_env/lib/python3.11/site-packages/airflow/example_dags/example_params_ui_tutorial.py
[2025-10-29T19:23:25.086-0700] {processor.py:840} INFO - DAG(s) 'example_params_ui_tutorial' retrieved from /opt/miniconda3/envs/airflow_env/lib/python3.11/site-packages/airflow/example_dags/example_params_ui_tutorial.py
[2025-10-29T19:23:25.145-0700] {logging_mixin.py:188} INFO - [2025-10-29T19:23:25.145-0700] {dag.py:3089} INFO - Sync 1 DAGs
[2025-10-29T19:23:25.150-0700] {logging_mixin.py:188} INFO - [2025-10-29T19:23:25.150-0700] {dag.py:3947} INFO - Setting next_dagrun for example_params_ui_tutorial to None, run_after=None
[2025-10-29T19:23:25.160-0700] {processor.py:183} INFO - Processing /opt/miniconda3/envs/airflow_env/lib/python3.11/site-packages/airflow/example_dags/example_params_ui_tutorial.py took 0.097 seconds
[2025-10-29T19:25:51.134-0700] {processor.py:161} INFO - Started process (PID=13876) to work on /opt/miniconda3/envs/airflow_env/lib/python3.11/site-packages/airflow/example_dags/example_params_ui_tutorial.py
[2025-10-29T19:25:51.136-0700] {processor.py:830} INFO - Processing file /opt/miniconda3/envs/airflow_env/lib/python3.11/site-packages/airflow/example_dags/example_params_ui_tutorial.py for tasks to queue
[2025-10-29T19:25:51.136-0700] {logging_mixin.py:188} INFO - [2025-10-29T19:25:51.136-0700] {dagbag.py:545} INFO - Filling up the DagBag from /opt/miniconda3/envs/airflow_env/lib/python3.11/site-packages/airflow/example_dags/example_params_ui_tutorial.py
[2025-10-29T19:25:51.156-0700] {processor.py:840} INFO - DAG(s) 'example_params_ui_tutorial' retrieved from /opt/miniconda3/envs/airflow_env/lib/python3.11/site-packages/airflow/example_dags/example_params_ui_tutorial.py
[2025-10-29T19:25:51.215-0700] {logging_mixin.py:188} INFO - [2025-10-29T19:25:51.215-0700] {dag.py:3089} INFO - Sync 1 DAGs
[2025-10-29T19:25:51.220-0700] {logging_mixin.py:188} INFO - [2025-10-29T19:25:51.220-0700] {dag.py:3947} INFO - Setting next_dagrun for example_params_ui_tutorial to None, run_after=None
[2025-10-29T19:25:51.230-0700] {processor.py:183} INFO - Processing /opt/miniconda3/envs/airflow_env/lib/python3.11/site-packages/airflow/example_dags/example_params_ui_tutorial.py took 0.098 seconds
[2025-10-29T19:28:18.380-0700] {processor.py:161} INFO - Started process (PID=14555) to work on /opt/miniconda3/envs/airflow_env/lib/python3.11/site-packages/airflow/example_dags/example_params_ui_tutorial.py
[2025-10-29T19:28:18.381-0700] {processor.py:830} INFO - Processing file /opt/miniconda3/envs/airflow_env/lib/python3.11/site-packages/airflow/example_dags/example_params_ui_tutorial.py for tasks to queue
[2025-10-29T19:28:18.381-0700] {logging_mixin.py:188} INFO - [2025-10-29T19:28:18.381-0700] {dagbag.py:545} INFO - Filling up the DagBag from /opt/miniconda3/envs/airflow_env/lib/python3.11/site-packages/airflow/example_dags/example_params_ui_tutorial.py
[2025-10-29T19:28:18.402-0700] {processor.py:840} INFO - DAG(s) 'example_params_ui_tutorial' retrieved from /opt/miniconda3/envs/airflow_env/lib/python3.11/site-packages/airflow/example_dags/example_params_ui_tutorial.py
[2025-10-29T19:28:18.461-0700] {logging_mixin.py:188} INFO - [2025-10-29T19:28:18.461-0700] {dag.py:3089} INFO - Sync 1 DAGs
[2025-10-29T19:28:18.466-0700] {logging_mixin.py:188} INFO - [2025-10-29T19:28:18.466-0700] {dag.py:3947} INFO - Setting next_dagrun for example_params_ui_tutorial to None, run_after=None
[2025-10-29T19:28:18.476-0700] {processor.py:183} INFO - Processing /opt/miniconda3/envs/airflow_env/lib/python3.11/site-packages/airflow/example_dags/example_params_ui_tutorial.py took 0.098 seconds
[2025-10-29T19:30:47.531-0700] {processor.py:161} INFO - Started process (PID=15235) to work on /opt/miniconda3/envs/airflow_env/lib/python3.11/site-packages/airflow/example_dags/example_params_ui_tutorial.py
[2025-10-29T19:30:47.533-0700] {processor.py:830} INFO - Processing file /opt/miniconda3/envs/airflow_env/lib/python3.11/site-packages/airflow/example_dags/example_params_ui_tutorial.py for tasks to queue
[2025-10-29T19:30:47.533-0700] {logging_mixin.py:188} INFO - [2025-10-29T19:30:47.533-0700] {dagbag.py:545} INFO - Filling up the DagBag from /opt/miniconda3/envs/airflow_env/lib/python3.11/site-packages/airflow/example_dags/example_params_ui_tutorial.py
[2025-10-29T19:30:47.553-0700] {processor.py:840} INFO - DAG(s) 'example_params_ui_tutorial' retrieved from /opt/miniconda3/envs/airflow_env/lib/python3.11/site-packages/airflow/example_dags/example_params_ui_tutorial.py
[2025-10-29T19:30:47.613-0700] {logging_mixin.py:188} INFO - [2025-10-29T19:30:47.612-0700] {dag.py:3089} INFO - Sync 1 DAGs
[2025-10-29T19:30:47.617-0700] {logging_mixin.py:188} INFO - [2025-10-29T19:30:47.617-0700] {dag.py:3947} INFO - Setting next_dagrun for example_params_ui_tutorial to None, run_after=None
[2025-10-29T19:30:47.627-0700] {processor.py:183} INFO - Processing /opt/miniconda3/envs/airflow_env/lib/python3.11/site-packages/airflow/example_dags/example_params_ui_tutorial.py took 0.098 seconds
[2025-10-29T19:33:16.894-0700] {processor.py:161} INFO - Started process (PID=15958) to work on /opt/miniconda3/envs/airflow_env/lib/python3.11/site-packages/airflow/example_dags/example_params_ui_tutorial.py
[2025-10-29T19:33:16.896-0700] {processor.py:830} INFO - Processing file /opt/miniconda3/envs/airflow_env/lib/python3.11/site-packages/airflow/example_dags/example_params_ui_tutorial.py for tasks to queue
[2025-10-29T19:33:16.896-0700] {logging_mixin.py:188} INFO - [2025-10-29T19:33:16.896-0700] {dagbag.py:545} INFO - Filling up the DagBag from /opt/miniconda3/envs/airflow_env/lib/python3.11/site-packages/airflow/example_dags/example_params_ui_tutorial.py
[2025-10-29T19:33:16.916-0700] {processor.py:840} INFO - DAG(s) 'example_params_ui_tutorial' retrieved from /opt/miniconda3/envs/airflow_env/lib/python3.11/site-packages/airflow/example_dags/example_params_ui_tutorial.py
[2025-10-29T19:33:16.976-0700] {logging_mixin.py:188} INFO - [2025-10-29T19:33:16.975-0700] {dag.py:3089} INFO - Sync 1 DAGs
[2025-10-29T19:33:16.980-0700] {logging_mixin.py:188} INFO - [2025-10-29T19:33:16.980-0700] {dag.py:3947} INFO - Setting next_dagrun for example_params_ui_tutorial to None, run_after=None
[2025-10-29T19:33:16.990-0700] {processor.py:183} INFO - Processing /opt/miniconda3/envs/airflow_env/lib/python3.11/site-packages/airflow/example_dags/example_params_ui_tutorial.py took 0.098 seconds
[2025-10-29T19:35:47.256-0700] {processor.py:161} INFO - Started process (PID=16642) to work on /opt/miniconda3/envs/airflow_env/lib/python3.11/site-packages/airflow/example_dags/example_params_ui_tutorial.py
[2025-10-29T19:35:47.257-0700] {processor.py:830} INFO - Processing file /opt/miniconda3/envs/airflow_env/lib/python3.11/site-packages/airflow/example_dags/example_params_ui_tutorial.py for tasks to queue
[2025-10-29T19:35:47.258-0700] {logging_mixin.py:188} INFO - [2025-10-29T19:35:47.258-0700] {dagbag.py:545} INFO - Filling up the DagBag from /opt/miniconda3/envs/airflow_env/lib/python3.11/site-packages/airflow/example_dags/example_params_ui_tutorial.py
[2025-10-29T19:35:47.279-0700] {processor.py:840} INFO - DAG(s) 'example_params_ui_tutorial' retrieved from /opt/miniconda3/envs/airflow_env/lib/python3.11/site-packages/airflow/example_dags/example_params_ui_tutorial.py
[2025-10-29T19:35:47.340-0700] {logging_mixin.py:188} INFO - [2025-10-29T19:35:47.340-0700] {dag.py:3089} INFO - Sync 1 DAGs
[2025-10-29T19:35:47.345-0700] {logging_mixin.py:188} INFO - [2025-10-29T19:35:47.345-0700] {dag.py:3947} INFO - Setting next_dagrun for example_params_ui_tutorial to None, run_after=None
[2025-10-29T19:35:47.356-0700] {processor.py:183} INFO - Processing /opt/miniconda3/envs/airflow_env/lib/python3.11/site-packages/airflow/example_dags/example_params_ui_tutorial.py took 0.102 seconds
[2025-10-29T19:38:17.501-0700] {processor.py:161} INFO - Started process (PID=17365) to work on /opt/miniconda3/envs/airflow_env/lib/python3.11/site-packages/airflow/example_dags/example_params_ui_tutorial.py
[2025-10-29T19:38:17.502-0700] {processor.py:830} INFO - Processing file /opt/miniconda3/envs/airflow_env/lib/python3.11/site-packages/airflow/example_dags/example_params_ui_tutorial.py for tasks to queue
[2025-10-29T19:38:17.503-0700] {logging_mixin.py:188} INFO - [2025-10-29T19:38:17.503-0700] {dagbag.py:545} INFO - Filling up the DagBag from /opt/miniconda3/envs/airflow_env/lib/python3.11/site-packages/airflow/example_dags/example_params_ui_tutorial.py
[2025-10-29T19:38:17.522-0700] {processor.py:840} INFO - DAG(s) 'example_params_ui_tutorial' retrieved from /opt/miniconda3/envs/airflow_env/lib/python3.11/site-packages/airflow/example_dags/example_params_ui_tutorial.py
[2025-10-29T19:38:17.581-0700] {logging_mixin.py:188} INFO - [2025-10-29T19:38:17.581-0700] {dag.py:3089} INFO - Sync 1 DAGs
[2025-10-29T19:38:17.586-0700] {logging_mixin.py:188} INFO - [2025-10-29T19:38:17.586-0700] {dag.py:3947} INFO - Setting next_dagrun for example_params_ui_tutorial to None, run_after=None
[2025-10-29T19:38:17.596-0700] {processor.py:183} INFO - Processing /opt/miniconda3/envs/airflow_env/lib/python3.11/site-packages/airflow/example_dags/example_params_ui_tutorial.py took 0.097 seconds
[2025-10-29T19:40:47.884-0700] {processor.py:161} INFO - Started process (PID=18079) to work on /opt/miniconda3/envs/airflow_env/lib/python3.11/site-packages/airflow/example_dags/example_params_ui_tutorial.py
[2025-10-29T19:40:47.886-0700] {processor.py:830} INFO - Processing file /opt/miniconda3/envs/airflow_env/lib/python3.11/site-packages/airflow/example_dags/example_params_ui_tutorial.py for tasks to queue
[2025-10-29T19:40:47.886-0700] {logging_mixin.py:188} INFO - [2025-10-29T19:40:47.886-0700] {dagbag.py:545} INFO - Filling up the DagBag from /opt/miniconda3/envs/airflow_env/lib/python3.11/site-packages/airflow/example_dags/example_params_ui_tutorial.py
[2025-10-29T19:40:47.909-0700] {processor.py:840} INFO - DAG(s) 'example_params_ui_tutorial' retrieved from /opt/miniconda3/envs/airflow_env/lib/python3.11/site-packages/airflow/example_dags/example_params_ui_tutorial.py
[2025-10-29T19:40:47.973-0700] {logging_mixin.py:188} INFO - [2025-10-29T19:40:47.973-0700] {dag.py:3089} INFO - Sync 1 DAGs
[2025-10-29T19:40:47.979-0700] {logging_mixin.py:188} INFO - [2025-10-29T19:40:47.978-0700] {dag.py:3947} INFO - Setting next_dagrun for example_params_ui_tutorial to None, run_after=None
[2025-10-29T19:40:47.990-0700] {processor.py:183} INFO - Processing /opt/miniconda3/envs/airflow_env/lib/python3.11/site-packages/airflow/example_dags/example_params_ui_tutorial.py took 0.107 seconds
[2025-10-29T19:43:14.266-0700] {processor.py:161} INFO - Started process (PID=18773) to work on /opt/miniconda3/envs/airflow_env/lib/python3.11/site-packages/airflow/example_dags/example_params_ui_tutorial.py
[2025-10-29T19:43:14.267-0700] {processor.py:830} INFO - Processing file /opt/miniconda3/envs/airflow_env/lib/python3.11/site-packages/airflow/example_dags/example_params_ui_tutorial.py for tasks to queue
[2025-10-29T19:43:14.268-0700] {logging_mixin.py:188} INFO - [2025-10-29T19:43:14.268-0700] {dagbag.py:545} INFO - Filling up the DagBag from /opt/miniconda3/envs/airflow_env/lib/python3.11/site-packages/airflow/example_dags/example_params_ui_tutorial.py
[2025-10-29T19:43:14.289-0700] {processor.py:840} INFO - DAG(s) 'example_params_ui_tutorial' retrieved from /opt/miniconda3/envs/airflow_env/lib/python3.11/site-packages/airflow/example_dags/example_params_ui_tutorial.py
[2025-10-29T19:43:14.350-0700] {logging_mixin.py:188} INFO - [2025-10-29T19:43:14.350-0700] {dag.py:3089} INFO - Sync 1 DAGs
[2025-10-29T19:43:14.356-0700] {logging_mixin.py:188} INFO - [2025-10-29T19:43:14.355-0700] {dag.py:3947} INFO - Setting next_dagrun for example_params_ui_tutorial to None, run_after=None
[2025-10-29T19:43:14.366-0700] {processor.py:183} INFO - Processing /opt/miniconda3/envs/airflow_env/lib/python3.11/site-packages/airflow/example_dags/example_params_ui_tutorial.py took 0.102 seconds
[2025-10-29T19:45:31.097-0700] {processor.py:161} INFO - Started process (PID=19502) to work on /opt/miniconda3/envs/airflow_env/lib/python3.11/site-packages/airflow/example_dags/example_params_ui_tutorial.py
[2025-10-29T19:45:31.099-0700] {processor.py:830} INFO - Processing file /opt/miniconda3/envs/airflow_env/lib/python3.11/site-packages/airflow/example_dags/example_params_ui_tutorial.py for tasks to queue
[2025-10-29T19:45:31.099-0700] {logging_mixin.py:188} INFO - [2025-10-29T19:45:31.099-0700] {dagbag.py:545} INFO - Filling up the DagBag from /opt/miniconda3/envs/airflow_env/lib/python3.11/site-packages/airflow/example_dags/example_params_ui_tutorial.py
[2025-10-29T19:45:31.119-0700] {processor.py:840} INFO - DAG(s) 'example_params_ui_tutorial' retrieved from /opt/miniconda3/envs/airflow_env/lib/python3.11/site-packages/airflow/example_dags/example_params_ui_tutorial.py
[2025-10-29T19:45:31.177-0700] {logging_mixin.py:188} INFO - [2025-10-29T19:45:31.177-0700] {dag.py:3089} INFO - Sync 1 DAGs
[2025-10-29T19:45:31.181-0700] {logging_mixin.py:188} INFO - [2025-10-29T19:45:31.181-0700] {dag.py:3947} INFO - Setting next_dagrun for example_params_ui_tutorial to None, run_after=None
[2025-10-29T19:45:31.191-0700] {processor.py:183} INFO - Processing /opt/miniconda3/envs/airflow_env/lib/python3.11/site-packages/airflow/example_dags/example_params_ui_tutorial.py took 0.096 seconds
[2025-10-29T19:47:10.472-0700] {processor.py:161} INFO - Started process (PID=19968) to work on /opt/miniconda3/envs/airflow_env/lib/python3.11/site-packages/airflow/example_dags/example_params_ui_tutorial.py
[2025-10-29T19:47:10.473-0700] {processor.py:830} INFO - Processing file /opt/miniconda3/envs/airflow_env/lib/python3.11/site-packages/airflow/example_dags/example_params_ui_tutorial.py for tasks to queue
[2025-10-29T19:47:10.473-0700] {logging_mixin.py:188} INFO - [2025-10-29T19:47:10.473-0700] {dagbag.py:545} INFO - Filling up the DagBag from /opt/miniconda3/envs/airflow_env/lib/python3.11/site-packages/airflow/example_dags/example_params_ui_tutorial.py
[2025-10-29T19:47:10.493-0700] {processor.py:840} INFO - DAG(s) 'example_params_ui_tutorial' retrieved from /opt/miniconda3/envs/airflow_env/lib/python3.11/site-packages/airflow/example_dags/example_params_ui_tutorial.py
[2025-10-29T19:47:10.553-0700] {logging_mixin.py:188} INFO - [2025-10-29T19:47:10.553-0700] {dag.py:3089} INFO - Sync 1 DAGs
[2025-10-29T19:47:10.558-0700] {logging_mixin.py:188} INFO - [2025-10-29T19:47:10.558-0700] {dag.py:3947} INFO - Setting next_dagrun for example_params_ui_tutorial to None, run_after=None
[2025-10-29T19:47:10.569-0700] {processor.py:183} INFO - Processing /opt/miniconda3/envs/airflow_env/lib/python3.11/site-packages/airflow/example_dags/example_params_ui_tutorial.py took 0.099 seconds
[2025-10-29T20:00:08.805-0700] {processor.py:161} INFO - Started process (PID=23025) to work on /opt/miniconda3/envs/airflow_env/lib/python3.11/site-packages/airflow/example_dags/example_params_ui_tutorial.py
[2025-10-29T20:00:08.807-0700] {processor.py:830} INFO - Processing file /opt/miniconda3/envs/airflow_env/lib/python3.11/site-packages/airflow/example_dags/example_params_ui_tutorial.py for tasks to queue
[2025-10-29T20:00:08.807-0700] {logging_mixin.py:188} INFO - [2025-10-29T20:00:08.807-0700] {dagbag.py:545} INFO - Filling up the DagBag from /opt/miniconda3/envs/airflow_env/lib/python3.11/site-packages/airflow/example_dags/example_params_ui_tutorial.py
[2025-10-29T20:00:08.827-0700] {processor.py:840} INFO - DAG(s) 'example_params_ui_tutorial' retrieved from /opt/miniconda3/envs/airflow_env/lib/python3.11/site-packages/airflow/example_dags/example_params_ui_tutorial.py
[2025-10-29T20:00:08.887-0700] {logging_mixin.py:188} INFO - [2025-10-29T20:00:08.886-0700] {dag.py:3089} INFO - Sync 1 DAGs
[2025-10-29T20:00:08.892-0700] {logging_mixin.py:188} INFO - [2025-10-29T20:00:08.891-0700] {dag.py:3947} INFO - Setting next_dagrun for example_params_ui_tutorial to None, run_after=None
[2025-10-29T20:00:08.902-0700] {processor.py:183} INFO - Processing /opt/miniconda3/envs/airflow_env/lib/python3.11/site-packages/airflow/example_dags/example_params_ui_tutorial.py took 0.099 seconds
[2025-10-29T20:01:16.396-0700] {processor.py:161} INFO - Started process (PID=23408) to work on /opt/miniconda3/envs/airflow_env/lib/python3.11/site-packages/airflow/example_dags/example_params_ui_tutorial.py
[2025-10-29T20:01:16.397-0700] {processor.py:830} INFO - Processing file /opt/miniconda3/envs/airflow_env/lib/python3.11/site-packages/airflow/example_dags/example_params_ui_tutorial.py for tasks to queue
[2025-10-29T20:01:16.398-0700] {logging_mixin.py:188} INFO - [2025-10-29T20:01:16.397-0700] {dagbag.py:545} INFO - Filling up the DagBag from /opt/miniconda3/envs/airflow_env/lib/python3.11/site-packages/airflow/example_dags/example_params_ui_tutorial.py
[2025-10-29T20:01:16.418-0700] {processor.py:840} INFO - DAG(s) 'example_params_ui_tutorial' retrieved from /opt/miniconda3/envs/airflow_env/lib/python3.11/site-packages/airflow/example_dags/example_params_ui_tutorial.py
[2025-10-29T20:01:16.477-0700] {logging_mixin.py:188} INFO - [2025-10-29T20:01:16.477-0700] {dag.py:3089} INFO - Sync 1 DAGs
[2025-10-29T20:01:16.482-0700] {logging_mixin.py:188} INFO - [2025-10-29T20:01:16.482-0700] {dag.py:3947} INFO - Setting next_dagrun for example_params_ui_tutorial to None, run_after=None
[2025-10-29T20:01:16.492-0700] {processor.py:183} INFO - Processing /opt/miniconda3/envs/airflow_env/lib/python3.11/site-packages/airflow/example_dags/example_params_ui_tutorial.py took 0.098 seconds
[2025-10-29T20:01:54.249-0700] {processor.py:161} INFO - Started process (PID=23617) to work on /opt/miniconda3/envs/airflow_env/lib/python3.11/site-packages/airflow/example_dags/example_params_ui_tutorial.py
[2025-10-29T20:01:54.250-0700] {processor.py:830} INFO - Processing file /opt/miniconda3/envs/airflow_env/lib/python3.11/site-packages/airflow/example_dags/example_params_ui_tutorial.py for tasks to queue
[2025-10-29T20:01:54.250-0700] {logging_mixin.py:188} INFO - [2025-10-29T20:01:54.250-0700] {dagbag.py:545} INFO - Filling up the DagBag from /opt/miniconda3/envs/airflow_env/lib/python3.11/site-packages/airflow/example_dags/example_params_ui_tutorial.py
[2025-10-29T20:01:54.270-0700] {processor.py:840} INFO - DAG(s) 'example_params_ui_tutorial' retrieved from /opt/miniconda3/envs/airflow_env/lib/python3.11/site-packages/airflow/example_dags/example_params_ui_tutorial.py
[2025-10-29T20:01:54.330-0700] {logging_mixin.py:188} INFO - [2025-10-29T20:01:54.330-0700] {dag.py:3089} INFO - Sync 1 DAGs
[2025-10-29T20:01:54.335-0700] {logging_mixin.py:188} INFO - [2025-10-29T20:01:54.335-0700] {dag.py:3947} INFO - Setting next_dagrun for example_params_ui_tutorial to None, run_after=None
[2025-10-29T20:01:54.346-0700] {processor.py:183} INFO - Processing /opt/miniconda3/envs/airflow_env/lib/python3.11/site-packages/airflow/example_dags/example_params_ui_tutorial.py took 0.099 seconds
[2025-10-29T20:02:57.222-0700] {processor.py:161} INFO - Started process (PID=23975) to work on /opt/miniconda3/envs/airflow_env/lib/python3.11/site-packages/airflow/example_dags/example_params_ui_tutorial.py
[2025-10-29T20:02:57.223-0700] {processor.py:830} INFO - Processing file /opt/miniconda3/envs/airflow_env/lib/python3.11/site-packages/airflow/example_dags/example_params_ui_tutorial.py for tasks to queue
[2025-10-29T20:02:57.223-0700] {logging_mixin.py:188} INFO - [2025-10-29T20:02:57.223-0700] {dagbag.py:545} INFO - Filling up the DagBag from /opt/miniconda3/envs/airflow_env/lib/python3.11/site-packages/airflow/example_dags/example_params_ui_tutorial.py
[2025-10-29T20:02:57.244-0700] {processor.py:840} INFO - DAG(s) 'example_params_ui_tutorial' retrieved from /opt/miniconda3/envs/airflow_env/lib/python3.11/site-packages/airflow/example_dags/example_params_ui_tutorial.py
[2025-10-29T20:02:57.307-0700] {logging_mixin.py:188} INFO - [2025-10-29T20:02:57.307-0700] {dag.py:3089} INFO - Sync 1 DAGs
[2025-10-29T20:02:57.312-0700] {logging_mixin.py:188} INFO - [2025-10-29T20:02:57.312-0700] {dag.py:3947} INFO - Setting next_dagrun for example_params_ui_tutorial to None, run_after=None
[2025-10-29T20:02:57.324-0700] {processor.py:183} INFO - Processing /opt/miniconda3/envs/airflow_env/lib/python3.11/site-packages/airflow/example_dags/example_params_ui_tutorial.py took 0.104 seconds
[2025-10-29T20:04:14.462-0700] {processor.py:161} INFO - Started process (PID=24417) to work on /opt/miniconda3/envs/airflow_env/lib/python3.11/site-packages/airflow/example_dags/example_params_ui_tutorial.py
[2025-10-29T20:04:14.463-0700] {processor.py:830} INFO - Processing file /opt/miniconda3/envs/airflow_env/lib/python3.11/site-packages/airflow/example_dags/example_params_ui_tutorial.py for tasks to queue
[2025-10-29T20:04:14.463-0700] {logging_mixin.py:188} INFO - [2025-10-29T20:04:14.463-0700] {dagbag.py:545} INFO - Filling up the DagBag from /opt/miniconda3/envs/airflow_env/lib/python3.11/site-packages/airflow/example_dags/example_params_ui_tutorial.py
[2025-10-29T20:04:14.483-0700] {processor.py:840} INFO - DAG(s) 'example_params_ui_tutorial' retrieved from /opt/miniconda3/envs/airflow_env/lib/python3.11/site-packages/airflow/example_dags/example_params_ui_tutorial.py
[2025-10-29T20:04:14.542-0700] {logging_mixin.py:188} INFO - [2025-10-29T20:04:14.542-0700] {dag.py:3089} INFO - Sync 1 DAGs
[2025-10-29T20:04:14.547-0700] {logging_mixin.py:188} INFO - [2025-10-29T20:04:14.547-0700] {dag.py:3947} INFO - Setting next_dagrun for example_params_ui_tutorial to None, run_after=None
[2025-10-29T20:04:14.558-0700] {processor.py:183} INFO - Processing /opt/miniconda3/envs/airflow_env/lib/python3.11/site-packages/airflow/example_dags/example_params_ui_tutorial.py took 0.098 seconds
[2025-10-29T20:05:24.563-0700] {processor.py:161} INFO - Started process (PID=24824) to work on /opt/miniconda3/envs/airflow_env/lib/python3.11/site-packages/airflow/example_dags/example_params_ui_tutorial.py
[2025-10-29T20:05:24.564-0700] {processor.py:830} INFO - Processing file /opt/miniconda3/envs/airflow_env/lib/python3.11/site-packages/airflow/example_dags/example_params_ui_tutorial.py for tasks to queue
[2025-10-29T20:05:24.564-0700] {logging_mixin.py:188} INFO - [2025-10-29T20:05:24.564-0700] {dagbag.py:545} INFO - Filling up the DagBag from /opt/miniconda3/envs/airflow_env/lib/python3.11/site-packages/airflow/example_dags/example_params_ui_tutorial.py
[2025-10-29T20:05:24.584-0700] {processor.py:840} INFO - DAG(s) 'example_params_ui_tutorial' retrieved from /opt/miniconda3/envs/airflow_env/lib/python3.11/site-packages/airflow/example_dags/example_params_ui_tutorial.py
[2025-10-29T20:05:24.643-0700] {logging_mixin.py:188} INFO - [2025-10-29T20:05:24.643-0700] {dag.py:3089} INFO - Sync 1 DAGs
[2025-10-29T20:05:24.648-0700] {logging_mixin.py:188} INFO - [2025-10-29T20:05:24.647-0700] {dag.py:3947} INFO - Setting next_dagrun for example_params_ui_tutorial to None, run_after=None
[2025-10-29T20:05:24.658-0700] {processor.py:183} INFO - Processing /opt/miniconda3/envs/airflow_env/lib/python3.11/site-packages/airflow/example_dags/example_params_ui_tutorial.py took 0.097 seconds
[2025-10-29T20:06:40.252-0700] {processor.py:161} INFO - Started process (PID=25251) to work on /opt/miniconda3/envs/airflow_env/lib/python3.11/site-packages/airflow/example_dags/example_params_ui_tutorial.py
[2025-10-29T20:06:40.253-0700] {processor.py:830} INFO - Processing file /opt/miniconda3/envs/airflow_env/lib/python3.11/site-packages/airflow/example_dags/example_params_ui_tutorial.py for tasks to queue
[2025-10-29T20:06:40.254-0700] {logging_mixin.py:188} INFO - [2025-10-29T20:06:40.253-0700] {dagbag.py:545} INFO - Filling up the DagBag from /opt/miniconda3/envs/airflow_env/lib/python3.11/site-packages/airflow/example_dags/example_params_ui_tutorial.py
[2025-10-29T20:06:40.274-0700] {processor.py:840} INFO - DAG(s) 'example_params_ui_tutorial' retrieved from /opt/miniconda3/envs/airflow_env/lib/python3.11/site-packages/airflow/example_dags/example_params_ui_tutorial.py
[2025-10-29T20:06:40.334-0700] {logging_mixin.py:188} INFO - [2025-10-29T20:06:40.333-0700] {dag.py:3089} INFO - Sync 1 DAGs
[2025-10-29T20:06:40.339-0700] {logging_mixin.py:188} INFO - [2025-10-29T20:06:40.339-0700] {dag.py:3947} INFO - Setting next_dagrun for example_params_ui_tutorial to None, run_after=None
[2025-10-29T20:06:40.350-0700] {processor.py:183} INFO - Processing /opt/miniconda3/envs/airflow_env/lib/python3.11/site-packages/airflow/example_dags/example_params_ui_tutorial.py took 0.100 seconds
[2025-10-29T20:07:49.387-0700] {processor.py:161} INFO - Started process (PID=25642) to work on /opt/miniconda3/envs/airflow_env/lib/python3.11/site-packages/airflow/example_dags/example_params_ui_tutorial.py
[2025-10-29T20:07:49.388-0700] {processor.py:830} INFO - Processing file /opt/miniconda3/envs/airflow_env/lib/python3.11/site-packages/airflow/example_dags/example_params_ui_tutorial.py for tasks to queue
[2025-10-29T20:07:49.388-0700] {logging_mixin.py:188} INFO - [2025-10-29T20:07:49.388-0700] {dagbag.py:545} INFO - Filling up the DagBag from /opt/miniconda3/envs/airflow_env/lib/python3.11/site-packages/airflow/example_dags/example_params_ui_tutorial.py
[2025-10-29T20:07:49.410-0700] {processor.py:840} INFO - DAG(s) 'example_params_ui_tutorial' retrieved from /opt/miniconda3/envs/airflow_env/lib/python3.11/site-packages/airflow/example_dags/example_params_ui_tutorial.py
[2025-10-29T20:07:49.472-0700] {logging_mixin.py:188} INFO - [2025-10-29T20:07:49.472-0700] {dag.py:3089} INFO - Sync 1 DAGs
[2025-10-29T20:07:49.477-0700] {logging_mixin.py:188} INFO - [2025-10-29T20:07:49.477-0700] {dag.py:3947} INFO - Setting next_dagrun for example_params_ui_tutorial to None, run_after=None
[2025-10-29T20:07:49.489-0700] {processor.py:183} INFO - Processing /opt/miniconda3/envs/airflow_env/lib/python3.11/site-packages/airflow/example_dags/example_params_ui_tutorial.py took 0.104 seconds
[2025-10-29T20:09:07.260-0700] {processor.py:161} INFO - Started process (PID=26057) to work on /opt/miniconda3/envs/airflow_env/lib/python3.11/site-packages/airflow/example_dags/example_params_ui_tutorial.py
[2025-10-29T20:09:07.260-0700] {processor.py:830} INFO - Processing file /opt/miniconda3/envs/airflow_env/lib/python3.11/site-packages/airflow/example_dags/example_params_ui_tutorial.py for tasks to queue
[2025-10-29T20:09:07.261-0700] {logging_mixin.py:188} INFO - [2025-10-29T20:09:07.260-0700] {dagbag.py:545} INFO - Filling up the DagBag from /opt/miniconda3/envs/airflow_env/lib/python3.11/site-packages/airflow/example_dags/example_params_ui_tutorial.py
[2025-10-29T20:09:07.282-0700] {processor.py:840} INFO - DAG(s) 'example_params_ui_tutorial' retrieved from /opt/miniconda3/envs/airflow_env/lib/python3.11/site-packages/airflow/example_dags/example_params_ui_tutorial.py
[2025-10-29T20:09:07.348-0700] {logging_mixin.py:188} INFO - [2025-10-29T20:09:07.348-0700] {dag.py:3089} INFO - Sync 1 DAGs
[2025-10-29T20:09:07.354-0700] {logging_mixin.py:188} INFO - [2025-10-29T20:09:07.353-0700] {dag.py:3947} INFO - Setting next_dagrun for example_params_ui_tutorial to None, run_after=None
[2025-10-29T20:09:07.365-0700] {processor.py:183} INFO - Processing /opt/miniconda3/envs/airflow_env/lib/python3.11/site-packages/airflow/example_dags/example_params_ui_tutorial.py took 0.108 seconds
[2025-10-29T20:10:16.846-0700] {processor.py:161} INFO - Started process (PID=26249) to work on /opt/miniconda3/envs/airflow_env/lib/python3.11/site-packages/airflow/example_dags/example_params_ui_tutorial.py
[2025-10-29T20:10:16.847-0700] {processor.py:830} INFO - Processing file /opt/miniconda3/envs/airflow_env/lib/python3.11/site-packages/airflow/example_dags/example_params_ui_tutorial.py for tasks to queue
[2025-10-29T20:10:16.847-0700] {logging_mixin.py:188} INFO - [2025-10-29T20:10:16.847-0700] {dagbag.py:545} INFO - Filling up the DagBag from /opt/miniconda3/envs/airflow_env/lib/python3.11/site-packages/airflow/example_dags/example_params_ui_tutorial.py
[2025-10-29T20:10:16.868-0700] {processor.py:840} INFO - DAG(s) 'example_params_ui_tutorial' retrieved from /opt/miniconda3/envs/airflow_env/lib/python3.11/site-packages/airflow/example_dags/example_params_ui_tutorial.py
[2025-10-29T20:10:16.926-0700] {logging_mixin.py:188} INFO - [2025-10-29T20:10:16.926-0700] {dag.py:3089} INFO - Sync 1 DAGs
[2025-10-29T20:10:16.931-0700] {logging_mixin.py:188} INFO - [2025-10-29T20:10:16.931-0700] {dag.py:3947} INFO - Setting next_dagrun for example_params_ui_tutorial to None, run_after=None
[2025-10-29T20:10:16.941-0700] {processor.py:183} INFO - Processing /opt/miniconda3/envs/airflow_env/lib/python3.11/site-packages/airflow/example_dags/example_params_ui_tutorial.py took 0.097 seconds
[2025-10-29T20:11:39.331-0700] {processor.py:161} INFO - Started process (PID=26515) to work on /opt/miniconda3/envs/airflow_env/lib/python3.11/site-packages/airflow/example_dags/example_params_ui_tutorial.py
[2025-10-29T20:11:39.333-0700] {processor.py:830} INFO - Processing file /opt/miniconda3/envs/airflow_env/lib/python3.11/site-packages/airflow/example_dags/example_params_ui_tutorial.py for tasks to queue
[2025-10-29T20:11:39.334-0700] {logging_mixin.py:188} INFO - [2025-10-29T20:11:39.333-0700] {dagbag.py:545} INFO - Filling up the DagBag from /opt/miniconda3/envs/airflow_env/lib/python3.11/site-packages/airflow/example_dags/example_params_ui_tutorial.py
[2025-10-29T20:11:39.367-0700] {processor.py:840} INFO - DAG(s) 'example_params_ui_tutorial' retrieved from /opt/miniconda3/envs/airflow_env/lib/python3.11/site-packages/airflow/example_dags/example_params_ui_tutorial.py
[2025-10-29T20:11:39.468-0700] {logging_mixin.py:188} INFO - [2025-10-29T20:11:39.467-0700] {dag.py:3089} INFO - Sync 1 DAGs
[2025-10-29T20:11:39.476-0700] {logging_mixin.py:188} INFO - [2025-10-29T20:11:39.476-0700] {dag.py:3947} INFO - Setting next_dagrun for example_params_ui_tutorial to None, run_after=None
[2025-10-29T20:11:39.495-0700] {processor.py:183} INFO - Processing /opt/miniconda3/envs/airflow_env/lib/python3.11/site-packages/airflow/example_dags/example_params_ui_tutorial.py took 0.167 seconds
[2025-10-29T20:12:32.983-0700] {processor.py:161} INFO - Started process (PID=26706) to work on /opt/miniconda3/envs/airflow_env/lib/python3.11/site-packages/airflow/example_dags/example_params_ui_tutorial.py
[2025-10-29T20:12:32.983-0700] {processor.py:830} INFO - Processing file /opt/miniconda3/envs/airflow_env/lib/python3.11/site-packages/airflow/example_dags/example_params_ui_tutorial.py for tasks to queue
[2025-10-29T20:12:32.984-0700] {logging_mixin.py:188} INFO - [2025-10-29T20:12:32.984-0700] {dagbag.py:545} INFO - Filling up the DagBag from /opt/miniconda3/envs/airflow_env/lib/python3.11/site-packages/airflow/example_dags/example_params_ui_tutorial.py
[2025-10-29T20:12:33.008-0700] {processor.py:840} INFO - DAG(s) 'example_params_ui_tutorial' retrieved from /opt/miniconda3/envs/airflow_env/lib/python3.11/site-packages/airflow/example_dags/example_params_ui_tutorial.py
[2025-10-29T20:12:33.078-0700] {logging_mixin.py:188} INFO - [2025-10-29T20:12:33.078-0700] {dag.py:3089} INFO - Sync 1 DAGs
[2025-10-29T20:12:33.084-0700] {logging_mixin.py:188} INFO - [2025-10-29T20:12:33.084-0700] {dag.py:3947} INFO - Setting next_dagrun for example_params_ui_tutorial to None, run_after=None
[2025-10-29T20:12:33.096-0700] {processor.py:183} INFO - Processing /opt/miniconda3/envs/airflow_env/lib/python3.11/site-packages/airflow/example_dags/example_params_ui_tutorial.py took 0.116 seconds
[2025-10-29T20:12:55.574-0700] {processor.py:161} INFO - Started process (PID=26774) to work on /opt/miniconda3/envs/airflow_env/lib/python3.11/site-packages/airflow/example_dags/example_params_ui_tutorial.py
[2025-10-29T20:12:55.575-0700] {processor.py:830} INFO - Processing file /opt/miniconda3/envs/airflow_env/lib/python3.11/site-packages/airflow/example_dags/example_params_ui_tutorial.py for tasks to queue
[2025-10-29T20:12:55.575-0700] {logging_mixin.py:188} INFO - [2025-10-29T20:12:55.575-0700] {dagbag.py:545} INFO - Filling up the DagBag from /opt/miniconda3/envs/airflow_env/lib/python3.11/site-packages/airflow/example_dags/example_params_ui_tutorial.py
[2025-10-29T20:12:55.598-0700] {processor.py:840} INFO - DAG(s) 'example_params_ui_tutorial' retrieved from /opt/miniconda3/envs/airflow_env/lib/python3.11/site-packages/airflow/example_dags/example_params_ui_tutorial.py
[2025-10-29T20:12:55.665-0700] {logging_mixin.py:188} INFO - [2025-10-29T20:12:55.664-0700] {dag.py:3089} INFO - Sync 1 DAGs
[2025-10-29T20:12:55.670-0700] {logging_mixin.py:188} INFO - [2025-10-29T20:12:55.670-0700] {dag.py:3947} INFO - Setting next_dagrun for example_params_ui_tutorial to None, run_after=None
[2025-10-29T20:12:55.682-0700] {processor.py:183} INFO - Processing /opt/miniconda3/envs/airflow_env/lib/python3.11/site-packages/airflow/example_dags/example_params_ui_tutorial.py took 0.110 seconds
[2025-10-29T20:14:19.930-0700] {processor.py:161} INFO - Started process (PID=27070) to work on /opt/miniconda3/envs/airflow_env/lib/python3.11/site-packages/airflow/example_dags/example_params_ui_tutorial.py
[2025-10-29T20:14:19.931-0700] {processor.py:830} INFO - Processing file /opt/miniconda3/envs/airflow_env/lib/python3.11/site-packages/airflow/example_dags/example_params_ui_tutorial.py for tasks to queue
[2025-10-29T20:14:19.931-0700] {logging_mixin.py:188} INFO - [2025-10-29T20:14:19.931-0700] {dagbag.py:545} INFO - Filling up the DagBag from /opt/miniconda3/envs/airflow_env/lib/python3.11/site-packages/airflow/example_dags/example_params_ui_tutorial.py
[2025-10-29T20:14:19.969-0700] {processor.py:840} INFO - DAG(s) 'example_params_ui_tutorial' retrieved from /opt/miniconda3/envs/airflow_env/lib/python3.11/site-packages/airflow/example_dags/example_params_ui_tutorial.py
[2025-10-29T20:14:20.074-0700] {logging_mixin.py:188} INFO - [2025-10-29T20:14:20.074-0700] {dag.py:3089} INFO - Sync 1 DAGs
[2025-10-29T20:14:20.082-0700] {logging_mixin.py:188} INFO - [2025-10-29T20:14:20.082-0700] {dag.py:3947} INFO - Setting next_dagrun for example_params_ui_tutorial to None, run_after=None
[2025-10-29T20:14:20.100-0700] {processor.py:183} INFO - Processing /opt/miniconda3/envs/airflow_env/lib/python3.11/site-packages/airflow/example_dags/example_params_ui_tutorial.py took 0.175 seconds
[2025-10-29T20:14:26.948-0700] {processor.py:161} INFO - Started process (PID=27094) to work on /opt/miniconda3/envs/airflow_env/lib/python3.11/site-packages/airflow/example_dags/example_params_ui_tutorial.py
[2025-10-29T20:14:26.949-0700] {processor.py:830} INFO - Processing file /opt/miniconda3/envs/airflow_env/lib/python3.11/site-packages/airflow/example_dags/example_params_ui_tutorial.py for tasks to queue
[2025-10-29T20:14:26.949-0700] {logging_mixin.py:188} INFO - [2025-10-29T20:14:26.949-0700] {dagbag.py:545} INFO - Filling up the DagBag from /opt/miniconda3/envs/airflow_env/lib/python3.11/site-packages/airflow/example_dags/example_params_ui_tutorial.py
[2025-10-29T20:14:26.976-0700] {processor.py:840} INFO - DAG(s) 'example_params_ui_tutorial' retrieved from /opt/miniconda3/envs/airflow_env/lib/python3.11/site-packages/airflow/example_dags/example_params_ui_tutorial.py
[2025-10-29T20:14:27.057-0700] {logging_mixin.py:188} INFO - [2025-10-29T20:14:27.057-0700] {dag.py:3089} INFO - Sync 1 DAGs
[2025-10-29T20:14:27.064-0700] {logging_mixin.py:188} INFO - [2025-10-29T20:14:27.064-0700] {dag.py:3947} INFO - Setting next_dagrun for example_params_ui_tutorial to None, run_after=None
[2025-10-29T20:14:27.078-0700] {processor.py:183} INFO - Processing /opt/miniconda3/envs/airflow_env/lib/python3.11/site-packages/airflow/example_dags/example_params_ui_tutorial.py took 0.133 seconds
[2025-10-29T20:15:44.129-0700] {processor.py:161} INFO - Started process (PID=27350) to work on /opt/miniconda3/envs/airflow_env/lib/python3.11/site-packages/airflow/example_dags/example_params_ui_tutorial.py
[2025-10-29T20:15:44.130-0700] {processor.py:830} INFO - Processing file /opt/miniconda3/envs/airflow_env/lib/python3.11/site-packages/airflow/example_dags/example_params_ui_tutorial.py for tasks to queue
[2025-10-29T20:15:44.130-0700] {logging_mixin.py:188} INFO - [2025-10-29T20:15:44.130-0700] {dagbag.py:545} INFO - Filling up the DagBag from /opt/miniconda3/envs/airflow_env/lib/python3.11/site-packages/airflow/example_dags/example_params_ui_tutorial.py
[2025-10-29T20:15:44.163-0700] {processor.py:840} INFO - DAG(s) 'example_params_ui_tutorial' retrieved from /opt/miniconda3/envs/airflow_env/lib/python3.11/site-packages/airflow/example_dags/example_params_ui_tutorial.py
[2025-10-29T20:15:44.260-0700] {logging_mixin.py:188} INFO - [2025-10-29T20:15:44.260-0700] {dag.py:3089} INFO - Sync 1 DAGs
[2025-10-29T20:15:44.268-0700] {logging_mixin.py:188} INFO - [2025-10-29T20:15:44.268-0700] {dag.py:3947} INFO - Setting next_dagrun for example_params_ui_tutorial to None, run_after=None
[2025-10-29T20:15:44.286-0700] {processor.py:183} INFO - Processing /opt/miniconda3/envs/airflow_env/lib/python3.11/site-packages/airflow/example_dags/example_params_ui_tutorial.py took 0.160 seconds
[2025-10-29T20:17:17.866-0700] {processor.py:161} INFO - Started process (PID=27670) to work on /opt/miniconda3/envs/airflow_env/lib/python3.11/site-packages/airflow/example_dags/example_params_ui_tutorial.py
[2025-10-29T20:17:17.868-0700] {processor.py:830} INFO - Processing file /opt/miniconda3/envs/airflow_env/lib/python3.11/site-packages/airflow/example_dags/example_params_ui_tutorial.py for tasks to queue
[2025-10-29T20:17:17.869-0700] {logging_mixin.py:188} INFO - [2025-10-29T20:17:17.868-0700] {dagbag.py:545} INFO - Filling up the DagBag from /opt/miniconda3/envs/airflow_env/lib/python3.11/site-packages/airflow/example_dags/example_params_ui_tutorial.py
[2025-10-29T20:17:17.917-0700] {processor.py:840} INFO - DAG(s) 'example_params_ui_tutorial' retrieved from /opt/miniconda3/envs/airflow_env/lib/python3.11/site-packages/airflow/example_dags/example_params_ui_tutorial.py
[2025-10-29T20:17:18.035-0700] {logging_mixin.py:188} INFO - [2025-10-29T20:17:18.035-0700] {dag.py:3089} INFO - Sync 1 DAGs
[2025-10-29T20:17:18.043-0700] {logging_mixin.py:188} INFO - [2025-10-29T20:17:18.043-0700] {dag.py:3947} INFO - Setting next_dagrun for example_params_ui_tutorial to None, run_after=None
[2025-10-29T20:17:18.061-0700] {processor.py:183} INFO - Processing /opt/miniconda3/envs/airflow_env/lib/python3.11/site-packages/airflow/example_dags/example_params_ui_tutorial.py took 0.214 seconds
[2025-10-29T20:17:21.396-0700] {processor.py:161} INFO - Started process (PID=27684) to work on /opt/miniconda3/envs/airflow_env/lib/python3.11/site-packages/airflow/example_dags/example_params_ui_tutorial.py
[2025-10-29T20:17:21.397-0700] {processor.py:830} INFO - Processing file /opt/miniconda3/envs/airflow_env/lib/python3.11/site-packages/airflow/example_dags/example_params_ui_tutorial.py for tasks to queue
[2025-10-29T20:17:21.398-0700] {logging_mixin.py:188} INFO - [2025-10-29T20:17:21.398-0700] {dagbag.py:545} INFO - Filling up the DagBag from /opt/miniconda3/envs/airflow_env/lib/python3.11/site-packages/airflow/example_dags/example_params_ui_tutorial.py
[2025-10-29T20:17:21.438-0700] {processor.py:840} INFO - DAG(s) 'example_params_ui_tutorial' retrieved from /opt/miniconda3/envs/airflow_env/lib/python3.11/site-packages/airflow/example_dags/example_params_ui_tutorial.py
[2025-10-29T20:17:21.545-0700] {logging_mixin.py:188} INFO - [2025-10-29T20:17:21.544-0700] {dag.py:3089} INFO - Sync 1 DAGs
[2025-10-29T20:17:21.553-0700] {logging_mixin.py:188} INFO - [2025-10-29T20:17:21.553-0700] {dag.py:3947} INFO - Setting next_dagrun for example_params_ui_tutorial to None, run_after=None
[2025-10-29T20:17:21.572-0700] {processor.py:183} INFO - Processing /opt/miniconda3/envs/airflow_env/lib/python3.11/site-packages/airflow/example_dags/example_params_ui_tutorial.py took 0.183 seconds
[2025-10-29T20:18:39.501-0700] {processor.py:161} INFO - Started process (PID=27932) to work on /opt/miniconda3/envs/airflow_env/lib/python3.11/site-packages/airflow/example_dags/example_params_ui_tutorial.py
[2025-10-29T20:18:39.502-0700] {processor.py:830} INFO - Processing file /opt/miniconda3/envs/airflow_env/lib/python3.11/site-packages/airflow/example_dags/example_params_ui_tutorial.py for tasks to queue
[2025-10-29T20:18:39.503-0700] {logging_mixin.py:188} INFO - [2025-10-29T20:18:39.502-0700] {dagbag.py:545} INFO - Filling up the DagBag from /opt/miniconda3/envs/airflow_env/lib/python3.11/site-packages/airflow/example_dags/example_params_ui_tutorial.py
[2025-10-29T20:18:39.526-0700] {processor.py:840} INFO - DAG(s) 'example_params_ui_tutorial' retrieved from /opt/miniconda3/envs/airflow_env/lib/python3.11/site-packages/airflow/example_dags/example_params_ui_tutorial.py
[2025-10-29T20:18:39.597-0700] {logging_mixin.py:188} INFO - [2025-10-29T20:18:39.597-0700] {dag.py:3089} INFO - Sync 1 DAGs
[2025-10-29T20:18:39.603-0700] {logging_mixin.py:188} INFO - [2025-10-29T20:18:39.603-0700] {dag.py:3947} INFO - Setting next_dagrun for example_params_ui_tutorial to None, run_after=None
[2025-10-29T20:18:39.617-0700] {processor.py:183} INFO - Processing /opt/miniconda3/envs/airflow_env/lib/python3.11/site-packages/airflow/example_dags/example_params_ui_tutorial.py took 0.118 seconds
[2025-10-29T20:20:20.980-0700] {processor.py:161} INFO - Started process (PID=28253) to work on /opt/miniconda3/envs/airflow_env/lib/python3.11/site-packages/airflow/example_dags/example_params_ui_tutorial.py
[2025-10-29T20:20:20.981-0700] {processor.py:830} INFO - Processing file /opt/miniconda3/envs/airflow_env/lib/python3.11/site-packages/airflow/example_dags/example_params_ui_tutorial.py for tasks to queue
[2025-10-29T20:20:20.982-0700] {logging_mixin.py:188} INFO - [2025-10-29T20:20:20.981-0700] {dagbag.py:545} INFO - Filling up the DagBag from /opt/miniconda3/envs/airflow_env/lib/python3.11/site-packages/airflow/example_dags/example_params_ui_tutorial.py
[2025-10-29T20:20:21.004-0700] {processor.py:840} INFO - DAG(s) 'example_params_ui_tutorial' retrieved from /opt/miniconda3/envs/airflow_env/lib/python3.11/site-packages/airflow/example_dags/example_params_ui_tutorial.py
[2025-10-29T20:20:21.072-0700] {logging_mixin.py:188} INFO - [2025-10-29T20:20:21.071-0700] {dag.py:3089} INFO - Sync 1 DAGs
[2025-10-29T20:20:21.077-0700] {logging_mixin.py:188} INFO - [2025-10-29T20:20:21.077-0700] {dag.py:3947} INFO - Setting next_dagrun for example_params_ui_tutorial to None, run_after=None
[2025-10-29T20:20:21.089-0700] {processor.py:183} INFO - Processing /opt/miniconda3/envs/airflow_env/lib/python3.11/site-packages/airflow/example_dags/example_params_ui_tutorial.py took 0.112 seconds
[2025-10-29T20:20:27.595-0700] {processor.py:161} INFO - Started process (PID=28273) to work on /opt/miniconda3/envs/airflow_env/lib/python3.11/site-packages/airflow/example_dags/example_params_ui_tutorial.py
[2025-10-29T20:20:27.597-0700] {processor.py:830} INFO - Processing file /opt/miniconda3/envs/airflow_env/lib/python3.11/site-packages/airflow/example_dags/example_params_ui_tutorial.py for tasks to queue
[2025-10-29T20:20:27.598-0700] {logging_mixin.py:188} INFO - [2025-10-29T20:20:27.598-0700] {dagbag.py:545} INFO - Filling up the DagBag from /opt/miniconda3/envs/airflow_env/lib/python3.11/site-packages/airflow/example_dags/example_params_ui_tutorial.py
[2025-10-29T20:20:27.638-0700] {processor.py:840} INFO - DAG(s) 'example_params_ui_tutorial' retrieved from /opt/miniconda3/envs/airflow_env/lib/python3.11/site-packages/airflow/example_dags/example_params_ui_tutorial.py
[2025-10-29T20:20:27.758-0700] {logging_mixin.py:188} INFO - [2025-10-29T20:20:27.757-0700] {dag.py:3089} INFO - Sync 1 DAGs
[2025-10-29T20:20:27.768-0700] {logging_mixin.py:188} INFO - [2025-10-29T20:20:27.767-0700] {dag.py:3947} INFO - Setting next_dagrun for example_params_ui_tutorial to None, run_after=None
[2025-10-29T20:20:27.789-0700] {processor.py:183} INFO - Processing /opt/miniconda3/envs/airflow_env/lib/python3.11/site-packages/airflow/example_dags/example_params_ui_tutorial.py took 0.199 seconds
[2025-10-29T20:21:46.514-0700] {processor.py:161} INFO - Started process (PID=28558) to work on /opt/miniconda3/envs/airflow_env/lib/python3.11/site-packages/airflow/example_dags/example_params_ui_tutorial.py
[2025-10-29T20:21:46.516-0700] {processor.py:830} INFO - Processing file /opt/miniconda3/envs/airflow_env/lib/python3.11/site-packages/airflow/example_dags/example_params_ui_tutorial.py for tasks to queue
[2025-10-29T20:21:46.516-0700] {logging_mixin.py:188} INFO - [2025-10-29T20:21:46.516-0700] {dagbag.py:545} INFO - Filling up the DagBag from /opt/miniconda3/envs/airflow_env/lib/python3.11/site-packages/airflow/example_dags/example_params_ui_tutorial.py
[2025-10-29T20:21:46.539-0700] {processor.py:840} INFO - DAG(s) 'example_params_ui_tutorial' retrieved from /opt/miniconda3/envs/airflow_env/lib/python3.11/site-packages/airflow/example_dags/example_params_ui_tutorial.py
[2025-10-29T20:21:46.607-0700] {logging_mixin.py:188} INFO - [2025-10-29T20:21:46.607-0700] {dag.py:3089} INFO - Sync 1 DAGs
[2025-10-29T20:21:46.613-0700] {logging_mixin.py:188} INFO - [2025-10-29T20:21:46.613-0700] {dag.py:3947} INFO - Setting next_dagrun for example_params_ui_tutorial to None, run_after=None
[2025-10-29T20:21:46.625-0700] {processor.py:183} INFO - Processing /opt/miniconda3/envs/airflow_env/lib/python3.11/site-packages/airflow/example_dags/example_params_ui_tutorial.py took 0.113 seconds
[2025-10-29T20:23:39.402-0700] {processor.py:161} INFO - Started process (PID=28945) to work on /opt/miniconda3/envs/airflow_env/lib/python3.11/site-packages/airflow/example_dags/example_params_ui_tutorial.py
[2025-10-29T20:23:39.404-0700] {processor.py:830} INFO - Processing file /opt/miniconda3/envs/airflow_env/lib/python3.11/site-packages/airflow/example_dags/example_params_ui_tutorial.py for tasks to queue
[2025-10-29T20:23:39.405-0700] {logging_mixin.py:188} INFO - [2025-10-29T20:23:39.405-0700] {dagbag.py:545} INFO - Filling up the DagBag from /opt/miniconda3/envs/airflow_env/lib/python3.11/site-packages/airflow/example_dags/example_params_ui_tutorial.py
[2025-10-29T20:23:39.444-0700] {processor.py:840} INFO - DAG(s) 'example_params_ui_tutorial' retrieved from /opt/miniconda3/envs/airflow_env/lib/python3.11/site-packages/airflow/example_dags/example_params_ui_tutorial.py
[2025-10-29T20:23:39.559-0700] {logging_mixin.py:188} INFO - [2025-10-29T20:23:39.559-0700] {dag.py:3089} INFO - Sync 1 DAGs
[2025-10-29T20:23:39.569-0700] {logging_mixin.py:188} INFO - [2025-10-29T20:23:39.569-0700] {dag.py:3947} INFO - Setting next_dagrun for example_params_ui_tutorial to None, run_after=None
[2025-10-29T20:23:39.590-0700] {processor.py:183} INFO - Processing /opt/miniconda3/envs/airflow_env/lib/python3.11/site-packages/airflow/example_dags/example_params_ui_tutorial.py took 0.192 seconds
[2025-10-29T20:23:47.995-0700] {processor.py:161} INFO - Started process (PID=28972) to work on /opt/miniconda3/envs/airflow_env/lib/python3.11/site-packages/airflow/example_dags/example_params_ui_tutorial.py
[2025-10-29T20:23:47.996-0700] {processor.py:830} INFO - Processing file /opt/miniconda3/envs/airflow_env/lib/python3.11/site-packages/airflow/example_dags/example_params_ui_tutorial.py for tasks to queue
[2025-10-29T20:23:47.997-0700] {logging_mixin.py:188} INFO - [2025-10-29T20:23:47.996-0700] {dagbag.py:545} INFO - Filling up the DagBag from /opt/miniconda3/envs/airflow_env/lib/python3.11/site-packages/airflow/example_dags/example_params_ui_tutorial.py
[2025-10-29T20:23:48.034-0700] {processor.py:840} INFO - DAG(s) 'example_params_ui_tutorial' retrieved from /opt/miniconda3/envs/airflow_env/lib/python3.11/site-packages/airflow/example_dags/example_params_ui_tutorial.py
[2025-10-29T20:23:48.141-0700] {logging_mixin.py:188} INFO - [2025-10-29T20:23:48.141-0700] {dag.py:3089} INFO - Sync 1 DAGs
[2025-10-29T20:23:48.150-0700] {logging_mixin.py:188} INFO - [2025-10-29T20:23:48.149-0700] {dag.py:3947} INFO - Setting next_dagrun for example_params_ui_tutorial to None, run_after=None
[2025-10-29T20:23:48.168-0700] {processor.py:183} INFO - Processing /opt/miniconda3/envs/airflow_env/lib/python3.11/site-packages/airflow/example_dags/example_params_ui_tutorial.py took 0.177 seconds
[2025-10-29T20:24:54.858-0700] {processor.py:161} INFO - Started process (PID=29192) to work on /opt/miniconda3/envs/airflow_env/lib/python3.11/site-packages/airflow/example_dags/example_params_ui_tutorial.py
[2025-10-29T20:24:54.858-0700] {processor.py:830} INFO - Processing file /opt/miniconda3/envs/airflow_env/lib/python3.11/site-packages/airflow/example_dags/example_params_ui_tutorial.py for tasks to queue
[2025-10-29T20:24:54.859-0700] {logging_mixin.py:188} INFO - [2025-10-29T20:24:54.859-0700] {dagbag.py:545} INFO - Filling up the DagBag from /opt/miniconda3/envs/airflow_env/lib/python3.11/site-packages/airflow/example_dags/example_params_ui_tutorial.py
[2025-10-29T20:24:54.879-0700] {processor.py:840} INFO - DAG(s) 'example_params_ui_tutorial' retrieved from /opt/miniconda3/envs/airflow_env/lib/python3.11/site-packages/airflow/example_dags/example_params_ui_tutorial.py
[2025-10-29T20:24:54.937-0700] {logging_mixin.py:188} INFO - [2025-10-29T20:24:54.937-0700] {dag.py:3089} INFO - Sync 1 DAGs
[2025-10-29T20:24:54.942-0700] {logging_mixin.py:188} INFO - [2025-10-29T20:24:54.942-0700] {dag.py:3947} INFO - Setting next_dagrun for example_params_ui_tutorial to None, run_after=None
[2025-10-29T20:24:54.953-0700] {processor.py:183} INFO - Processing /opt/miniconda3/envs/airflow_env/lib/python3.11/site-packages/airflow/example_dags/example_params_ui_tutorial.py took 0.097 seconds
[2025-10-29T20:26:37.831-0700] {processor.py:161} INFO - Started process (PID=29548) to work on /opt/miniconda3/envs/airflow_env/lib/python3.11/site-packages/airflow/example_dags/example_params_ui_tutorial.py
[2025-10-29T20:26:37.832-0700] {processor.py:830} INFO - Processing file /opt/miniconda3/envs/airflow_env/lib/python3.11/site-packages/airflow/example_dags/example_params_ui_tutorial.py for tasks to queue
[2025-10-29T20:26:37.833-0700] {logging_mixin.py:188} INFO - [2025-10-29T20:26:37.833-0700] {dagbag.py:545} INFO - Filling up the DagBag from /opt/miniconda3/envs/airflow_env/lib/python3.11/site-packages/airflow/example_dags/example_params_ui_tutorial.py
[2025-10-29T20:26:37.860-0700] {processor.py:840} INFO - DAG(s) 'example_params_ui_tutorial' retrieved from /opt/miniconda3/envs/airflow_env/lib/python3.11/site-packages/airflow/example_dags/example_params_ui_tutorial.py
[2025-10-29T20:26:37.938-0700] {logging_mixin.py:188} INFO - [2025-10-29T20:26:37.938-0700] {dag.py:3089} INFO - Sync 1 DAGs
[2025-10-29T20:26:37.945-0700] {logging_mixin.py:188} INFO - [2025-10-29T20:26:37.945-0700] {dag.py:3947} INFO - Setting next_dagrun for example_params_ui_tutorial to None, run_after=None
[2025-10-29T20:26:37.959-0700] {processor.py:183} INFO - Processing /opt/miniconda3/envs/airflow_env/lib/python3.11/site-packages/airflow/example_dags/example_params_ui_tutorial.py took 0.131 seconds
[2025-10-29T20:26:40.794-0700] {processor.py:161} INFO - Started process (PID=29560) to work on /opt/miniconda3/envs/airflow_env/lib/python3.11/site-packages/airflow/example_dags/example_params_ui_tutorial.py
[2025-10-29T20:26:40.795-0700] {processor.py:830} INFO - Processing file /opt/miniconda3/envs/airflow_env/lib/python3.11/site-packages/airflow/example_dags/example_params_ui_tutorial.py for tasks to queue
[2025-10-29T20:26:40.796-0700] {logging_mixin.py:188} INFO - [2025-10-29T20:26:40.796-0700] {dagbag.py:545} INFO - Filling up the DagBag from /opt/miniconda3/envs/airflow_env/lib/python3.11/site-packages/airflow/example_dags/example_params_ui_tutorial.py
[2025-10-29T20:26:40.823-0700] {processor.py:840} INFO - DAG(s) 'example_params_ui_tutorial' retrieved from /opt/miniconda3/envs/airflow_env/lib/python3.11/site-packages/airflow/example_dags/example_params_ui_tutorial.py
[2025-10-29T20:26:40.903-0700] {logging_mixin.py:188} INFO - [2025-10-29T20:26:40.902-0700] {dag.py:3089} INFO - Sync 1 DAGs
[2025-10-29T20:26:40.909-0700] {logging_mixin.py:188} INFO - [2025-10-29T20:26:40.909-0700] {dag.py:3947} INFO - Setting next_dagrun for example_params_ui_tutorial to None, run_after=None
[2025-10-29T20:26:40.924-0700] {processor.py:183} INFO - Processing /opt/miniconda3/envs/airflow_env/lib/python3.11/site-packages/airflow/example_dags/example_params_ui_tutorial.py took 0.132 seconds
[2025-10-29T20:27:42.384-0700] {processor.py:161} INFO - Started process (PID=29773) to work on /opt/miniconda3/envs/airflow_env/lib/python3.11/site-packages/airflow/example_dags/example_params_ui_tutorial.py
[2025-10-29T20:27:42.385-0700] {processor.py:830} INFO - Processing file /opt/miniconda3/envs/airflow_env/lib/python3.11/site-packages/airflow/example_dags/example_params_ui_tutorial.py for tasks to queue
[2025-10-29T20:27:42.386-0700] {logging_mixin.py:188} INFO - [2025-10-29T20:27:42.386-0700] {dagbag.py:545} INFO - Filling up the DagBag from /opt/miniconda3/envs/airflow_env/lib/python3.11/site-packages/airflow/example_dags/example_params_ui_tutorial.py
[2025-10-29T20:27:42.426-0700] {processor.py:840} INFO - DAG(s) 'example_params_ui_tutorial' retrieved from /opt/miniconda3/envs/airflow_env/lib/python3.11/site-packages/airflow/example_dags/example_params_ui_tutorial.py
[2025-10-29T20:27:42.556-0700] {logging_mixin.py:188} INFO - [2025-10-29T20:27:42.556-0700] {dag.py:3089} INFO - Sync 1 DAGs
[2025-10-29T20:27:42.566-0700] {logging_mixin.py:188} INFO - [2025-10-29T20:27:42.565-0700] {dag.py:3947} INFO - Setting next_dagrun for example_params_ui_tutorial to None, run_after=None
[2025-10-29T20:27:42.586-0700] {processor.py:183} INFO - Processing /opt/miniconda3/envs/airflow_env/lib/python3.11/site-packages/airflow/example_dags/example_params_ui_tutorial.py took 0.208 seconds
[2025-10-29T20:29:26.696-0700] {processor.py:161} INFO - Started process (PID=30131) to work on /opt/miniconda3/envs/airflow_env/lib/python3.11/site-packages/airflow/example_dags/example_params_ui_tutorial.py
[2025-10-29T20:29:26.698-0700] {processor.py:830} INFO - Processing file /opt/miniconda3/envs/airflow_env/lib/python3.11/site-packages/airflow/example_dags/example_params_ui_tutorial.py for tasks to queue
[2025-10-29T20:29:26.698-0700] {logging_mixin.py:188} INFO - [2025-10-29T20:29:26.698-0700] {dagbag.py:545} INFO - Filling up the DagBag from /opt/miniconda3/envs/airflow_env/lib/python3.11/site-packages/airflow/example_dags/example_params_ui_tutorial.py
[2025-10-29T20:29:26.733-0700] {processor.py:840} INFO - DAG(s) 'example_params_ui_tutorial' retrieved from /opt/miniconda3/envs/airflow_env/lib/python3.11/site-packages/airflow/example_dags/example_params_ui_tutorial.py
[2025-10-29T20:29:26.819-0700] {logging_mixin.py:188} INFO - [2025-10-29T20:29:26.819-0700] {dag.py:3089} INFO - Sync 1 DAGs
[2025-10-29T20:29:26.826-0700] {logging_mixin.py:188} INFO - [2025-10-29T20:29:26.826-0700] {dag.py:3947} INFO - Setting next_dagrun for example_params_ui_tutorial to None, run_after=None
[2025-10-29T20:29:26.840-0700] {processor.py:183} INFO - Processing /opt/miniconda3/envs/airflow_env/lib/python3.11/site-packages/airflow/example_dags/example_params_ui_tutorial.py took 0.148 seconds
[2025-10-29T20:29:28.790-0700] {processor.py:161} INFO - Started process (PID=30140) to work on /opt/miniconda3/envs/airflow_env/lib/python3.11/site-packages/airflow/example_dags/example_params_ui_tutorial.py
[2025-10-29T20:29:28.791-0700] {processor.py:830} INFO - Processing file /opt/miniconda3/envs/airflow_env/lib/python3.11/site-packages/airflow/example_dags/example_params_ui_tutorial.py for tasks to queue
[2025-10-29T20:29:28.791-0700] {logging_mixin.py:188} INFO - [2025-10-29T20:29:28.791-0700] {dagbag.py:545} INFO - Filling up the DagBag from /opt/miniconda3/envs/airflow_env/lib/python3.11/site-packages/airflow/example_dags/example_params_ui_tutorial.py
[2025-10-29T20:29:28.827-0700] {processor.py:840} INFO - DAG(s) 'example_params_ui_tutorial' retrieved from /opt/miniconda3/envs/airflow_env/lib/python3.11/site-packages/airflow/example_dags/example_params_ui_tutorial.py
[2025-10-29T20:29:28.931-0700] {logging_mixin.py:188} INFO - [2025-10-29T20:29:28.931-0700] {dag.py:3089} INFO - Sync 1 DAGs
[2025-10-29T20:29:28.940-0700] {logging_mixin.py:188} INFO - [2025-10-29T20:29:28.940-0700] {dag.py:3947} INFO - Setting next_dagrun for example_params_ui_tutorial to None, run_after=None
[2025-10-29T20:29:28.959-0700] {processor.py:183} INFO - Processing /opt/miniconda3/envs/airflow_env/lib/python3.11/site-packages/airflow/example_dags/example_params_ui_tutorial.py took 0.172 seconds
