[2025-10-29T18:41:03.416-0700] {processor.py:161} INFO - Started process (PID=5194) to work on /opt/miniconda3/envs/airflow_env/lib/python3.11/site-packages/airflow/example_dags/example_nested_branch_dag.py
[2025-10-29T18:41:03.416-0700] {processor.py:830} INFO - Processing file /opt/miniconda3/envs/airflow_env/lib/python3.11/site-packages/airflow/example_dags/example_nested_branch_dag.py for tasks to queue
[2025-10-29T18:41:03.417-0700] {logging_mixin.py:188} INFO - [2025-10-29T18:41:03.417-0700] {dagbag.py:545} INFO - Filling up the DagBag from /opt/miniconda3/envs/airflow_env/lib/python3.11/site-packages/airflow/example_dags/example_nested_branch_dag.py
[2025-10-29T18:41:03.438-0700] {processor.py:840} INFO - DAG(s) 'example_nested_branch_dag' retrieved from /opt/miniconda3/envs/airflow_env/lib/python3.11/site-packages/airflow/example_dags/example_nested_branch_dag.py
[2025-10-29T18:41:03.528-0700] {logging_mixin.py:188} INFO - [2025-10-29T18:41:03.528-0700] {override.py:1930} INFO - Created Permission View: can edit on DAG:example_nested_branch_dag
[2025-10-29T18:41:03.564-0700] {logging_mixin.py:188} INFO - [2025-10-29T18:41:03.564-0700] {override.py:1930} INFO - Created Permission View: can read on DAG:example_nested_branch_dag
[2025-10-29T18:41:03.567-0700] {logging_mixin.py:188} INFO - [2025-10-29T18:41:03.566-0700] {override.py:1930} INFO - Created Permission View: can delete on DAG:example_nested_branch_dag
[2025-10-29T18:41:03.567-0700] {logging_mixin.py:188} INFO - [2025-10-29T18:41:03.567-0700] {dag.py:3089} INFO - Sync 1 DAGs
[2025-10-29T18:41:03.572-0700] {logging_mixin.py:188} INFO - [2025-10-29T18:41:03.572-0700] {dag.py:3111} INFO - Creating ORM DAG for example_nested_branch_dag
[2025-10-29T18:41:03.576-0700] {logging_mixin.py:188} INFO - [2025-10-29T18:41:03.576-0700] {dag.py:3947} INFO - Setting next_dagrun for example_nested_branch_dag to 2025-10-29 00:00:00+00:00, run_after=2025-10-30 00:00:00+00:00
[2025-10-29T18:41:03.585-0700] {processor.py:183} INFO - Processing /opt/miniconda3/envs/airflow_env/lib/python3.11/site-packages/airflow/example_dags/example_nested_branch_dag.py took 0.171 seconds
[2025-10-29T18:42:43.622-0700] {processor.py:161} INFO - Started process (PID=5388) to work on /opt/miniconda3/envs/airflow_env/lib/python3.11/site-packages/airflow/example_dags/example_nested_branch_dag.py
[2025-10-29T18:42:43.623-0700] {processor.py:830} INFO - Processing file /opt/miniconda3/envs/airflow_env/lib/python3.11/site-packages/airflow/example_dags/example_nested_branch_dag.py for tasks to queue
[2025-10-29T18:42:43.624-0700] {logging_mixin.py:188} INFO - [2025-10-29T18:42:43.623-0700] {dagbag.py:545} INFO - Filling up the DagBag from /opt/miniconda3/envs/airflow_env/lib/python3.11/site-packages/airflow/example_dags/example_nested_branch_dag.py
[2025-10-29T18:42:43.646-0700] {processor.py:840} INFO - DAG(s) 'example_nested_branch_dag' retrieved from /opt/miniconda3/envs/airflow_env/lib/python3.11/site-packages/airflow/example_dags/example_nested_branch_dag.py
[2025-10-29T18:42:43.695-0700] {logging_mixin.py:188} INFO - [2025-10-29T18:42:43.695-0700] {dag.py:3089} INFO - Sync 1 DAGs
[2025-10-29T18:42:43.704-0700] {logging_mixin.py:188} INFO - [2025-10-29T18:42:43.704-0700] {dag.py:3947} INFO - Setting next_dagrun for example_nested_branch_dag to 2025-10-29 00:00:00+00:00, run_after=2025-10-30 00:00:00+00:00
[2025-10-29T18:42:43.715-0700] {processor.py:183} INFO - Processing /opt/miniconda3/envs/airflow_env/lib/python3.11/site-packages/airflow/example_dags/example_nested_branch_dag.py took 0.095 seconds
[2025-10-29T18:45:04.993-0700] {processor.py:161} INFO - Started process (PID=5651) to work on /opt/miniconda3/envs/airflow_env/lib/python3.11/site-packages/airflow/example_dags/example_nested_branch_dag.py
[2025-10-29T18:45:04.994-0700] {processor.py:830} INFO - Processing file /opt/miniconda3/envs/airflow_env/lib/python3.11/site-packages/airflow/example_dags/example_nested_branch_dag.py for tasks to queue
[2025-10-29T18:45:04.994-0700] {logging_mixin.py:188} INFO - [2025-10-29T18:45:04.994-0700] {dagbag.py:545} INFO - Filling up the DagBag from /opt/miniconda3/envs/airflow_env/lib/python3.11/site-packages/airflow/example_dags/example_nested_branch_dag.py
[2025-10-29T18:45:05.016-0700] {processor.py:840} INFO - DAG(s) 'example_nested_branch_dag' retrieved from /opt/miniconda3/envs/airflow_env/lib/python3.11/site-packages/airflow/example_dags/example_nested_branch_dag.py
[2025-10-29T18:45:05.064-0700] {logging_mixin.py:188} INFO - [2025-10-29T18:45:05.064-0700] {dag.py:3089} INFO - Sync 1 DAGs
[2025-10-29T18:45:05.072-0700] {logging_mixin.py:188} INFO - [2025-10-29T18:45:05.072-0700] {dag.py:3947} INFO - Setting next_dagrun for example_nested_branch_dag to 2025-10-29 00:00:00+00:00, run_after=2025-10-30 00:00:00+00:00
[2025-10-29T18:45:05.083-0700] {processor.py:183} INFO - Processing /opt/miniconda3/envs/airflow_env/lib/python3.11/site-packages/airflow/example_dags/example_nested_branch_dag.py took 0.092 seconds
[2025-10-29T18:47:29.327-0700] {processor.py:161} INFO - Started process (PID=5913) to work on /opt/miniconda3/envs/airflow_env/lib/python3.11/site-packages/airflow/example_dags/example_nested_branch_dag.py
[2025-10-29T18:47:29.328-0700] {processor.py:830} INFO - Processing file /opt/miniconda3/envs/airflow_env/lib/python3.11/site-packages/airflow/example_dags/example_nested_branch_dag.py for tasks to queue
[2025-10-29T18:47:29.328-0700] {logging_mixin.py:188} INFO - [2025-10-29T18:47:29.328-0700] {dagbag.py:545} INFO - Filling up the DagBag from /opt/miniconda3/envs/airflow_env/lib/python3.11/site-packages/airflow/example_dags/example_nested_branch_dag.py
[2025-10-29T18:47:29.349-0700] {processor.py:840} INFO - DAG(s) 'example_nested_branch_dag' retrieved from /opt/miniconda3/envs/airflow_env/lib/python3.11/site-packages/airflow/example_dags/example_nested_branch_dag.py
[2025-10-29T18:47:29.397-0700] {logging_mixin.py:188} INFO - [2025-10-29T18:47:29.397-0700] {dag.py:3089} INFO - Sync 1 DAGs
[2025-10-29T18:47:29.405-0700] {logging_mixin.py:188} INFO - [2025-10-29T18:47:29.405-0700] {dag.py:3947} INFO - Setting next_dagrun for example_nested_branch_dag to 2025-10-29 00:00:00+00:00, run_after=2025-10-30 00:00:00+00:00
[2025-10-29T18:47:29.416-0700] {processor.py:183} INFO - Processing /opt/miniconda3/envs/airflow_env/lib/python3.11/site-packages/airflow/example_dags/example_nested_branch_dag.py took 0.091 seconds
[2025-10-29T18:49:54.718-0700] {processor.py:161} INFO - Started process (PID=8219) to work on /opt/miniconda3/envs/airflow_env/lib/python3.11/site-packages/airflow/example_dags/example_nested_branch_dag.py
[2025-10-29T18:49:54.719-0700] {processor.py:830} INFO - Processing file /opt/miniconda3/envs/airflow_env/lib/python3.11/site-packages/airflow/example_dags/example_nested_branch_dag.py for tasks to queue
[2025-10-29T18:49:54.720-0700] {logging_mixin.py:188} INFO - [2025-10-29T18:49:54.720-0700] {dagbag.py:545} INFO - Filling up the DagBag from /opt/miniconda3/envs/airflow_env/lib/python3.11/site-packages/airflow/example_dags/example_nested_branch_dag.py
[2025-10-29T18:49:54.743-0700] {processor.py:840} INFO - DAG(s) 'example_nested_branch_dag' retrieved from /opt/miniconda3/envs/airflow_env/lib/python3.11/site-packages/airflow/example_dags/example_nested_branch_dag.py
[2025-10-29T18:49:54.793-0700] {logging_mixin.py:188} INFO - [2025-10-29T18:49:54.793-0700] {dag.py:3089} INFO - Sync 1 DAGs
[2025-10-29T18:49:54.802-0700] {logging_mixin.py:188} INFO - [2025-10-29T18:49:54.802-0700] {dag.py:3947} INFO - Setting next_dagrun for example_nested_branch_dag to 2025-10-29 00:00:00+00:00, run_after=2025-10-30 00:00:00+00:00
[2025-10-29T18:49:54.813-0700] {processor.py:183} INFO - Processing /opt/miniconda3/envs/airflow_env/lib/python3.11/site-packages/airflow/example_dags/example_nested_branch_dag.py took 0.097 seconds
[2025-10-29T18:52:14.111-0700] {processor.py:161} INFO - Started process (PID=9964) to work on /opt/miniconda3/envs/airflow_env/lib/python3.11/site-packages/airflow/example_dags/example_nested_branch_dag.py
[2025-10-29T18:52:14.111-0700] {processor.py:830} INFO - Processing file /opt/miniconda3/envs/airflow_env/lib/python3.11/site-packages/airflow/example_dags/example_nested_branch_dag.py for tasks to queue
[2025-10-29T18:52:14.112-0700] {logging_mixin.py:188} INFO - [2025-10-29T18:52:14.112-0700] {dagbag.py:545} INFO - Filling up the DagBag from /opt/miniconda3/envs/airflow_env/lib/python3.11/site-packages/airflow/example_dags/example_nested_branch_dag.py
[2025-10-29T18:52:14.132-0700] {processor.py:840} INFO - DAG(s) 'example_nested_branch_dag' retrieved from /opt/miniconda3/envs/airflow_env/lib/python3.11/site-packages/airflow/example_dags/example_nested_branch_dag.py
[2025-10-29T18:52:14.180-0700] {logging_mixin.py:188} INFO - [2025-10-29T18:52:14.180-0700] {dag.py:3089} INFO - Sync 1 DAGs
[2025-10-29T18:52:14.189-0700] {logging_mixin.py:188} INFO - [2025-10-29T18:52:14.189-0700] {dag.py:3947} INFO - Setting next_dagrun for example_nested_branch_dag to 2025-10-29 00:00:00+00:00, run_after=2025-10-30 00:00:00+00:00
[2025-10-29T18:52:14.200-0700] {processor.py:183} INFO - Processing /opt/miniconda3/envs/airflow_env/lib/python3.11/site-packages/airflow/example_dags/example_nested_branch_dag.py took 0.091 seconds
[2025-10-29T18:54:33.910-0700] {processor.py:161} INFO - Started process (PID=10239) to work on /opt/miniconda3/envs/airflow_env/lib/python3.11/site-packages/airflow/example_dags/example_nested_branch_dag.py
[2025-10-29T18:54:33.910-0700] {processor.py:830} INFO - Processing file /opt/miniconda3/envs/airflow_env/lib/python3.11/site-packages/airflow/example_dags/example_nested_branch_dag.py for tasks to queue
[2025-10-29T18:54:33.911-0700] {logging_mixin.py:188} INFO - [2025-10-29T18:54:33.911-0700] {dagbag.py:545} INFO - Filling up the DagBag from /opt/miniconda3/envs/airflow_env/lib/python3.11/site-packages/airflow/example_dags/example_nested_branch_dag.py
[2025-10-29T18:54:33.932-0700] {processor.py:840} INFO - DAG(s) 'example_nested_branch_dag' retrieved from /opt/miniconda3/envs/airflow_env/lib/python3.11/site-packages/airflow/example_dags/example_nested_branch_dag.py
[2025-10-29T18:54:33.980-0700] {logging_mixin.py:188} INFO - [2025-10-29T18:54:33.980-0700] {dag.py:3089} INFO - Sync 1 DAGs
[2025-10-29T18:54:33.989-0700] {logging_mixin.py:188} INFO - [2025-10-29T18:54:33.989-0700] {dag.py:3947} INFO - Setting next_dagrun for example_nested_branch_dag to 2025-10-29 00:00:00+00:00, run_after=2025-10-30 00:00:00+00:00
[2025-10-29T18:54:33.999-0700] {processor.py:183} INFO - Processing /opt/miniconda3/envs/airflow_env/lib/python3.11/site-packages/airflow/example_dags/example_nested_branch_dag.py took 0.091 seconds
[2025-10-29T18:56:57.136-0700] {processor.py:161} INFO - Started process (PID=10485) to work on /opt/miniconda3/envs/airflow_env/lib/python3.11/site-packages/airflow/example_dags/example_nested_branch_dag.py
[2025-10-29T18:56:57.137-0700] {processor.py:830} INFO - Processing file /opt/miniconda3/envs/airflow_env/lib/python3.11/site-packages/airflow/example_dags/example_nested_branch_dag.py for tasks to queue
[2025-10-29T18:56:57.137-0700] {logging_mixin.py:188} INFO - [2025-10-29T18:56:57.137-0700] {dagbag.py:545} INFO - Filling up the DagBag from /opt/miniconda3/envs/airflow_env/lib/python3.11/site-packages/airflow/example_dags/example_nested_branch_dag.py
[2025-10-29T18:56:57.159-0700] {processor.py:840} INFO - DAG(s) 'example_nested_branch_dag' retrieved from /opt/miniconda3/envs/airflow_env/lib/python3.11/site-packages/airflow/example_dags/example_nested_branch_dag.py
[2025-10-29T18:56:57.208-0700] {logging_mixin.py:188} INFO - [2025-10-29T18:56:57.208-0700] {dag.py:3089} INFO - Sync 1 DAGs
[2025-10-29T18:56:57.217-0700] {logging_mixin.py:188} INFO - [2025-10-29T18:56:57.217-0700] {dag.py:3947} INFO - Setting next_dagrun for example_nested_branch_dag to 2025-10-29 00:00:00+00:00, run_after=2025-10-30 00:00:00+00:00
[2025-10-29T18:56:57.227-0700] {processor.py:183} INFO - Processing /opt/miniconda3/envs/airflow_env/lib/python3.11/site-packages/airflow/example_dags/example_nested_branch_dag.py took 0.094 seconds
[2025-10-29T18:59:38.557-0700] {processor.py:161} INFO - Started process (PID=10822) to work on /opt/miniconda3/envs/airflow_env/lib/python3.11/site-packages/airflow/example_dags/example_nested_branch_dag.py
[2025-10-29T18:59:38.558-0700] {processor.py:830} INFO - Processing file /opt/miniconda3/envs/airflow_env/lib/python3.11/site-packages/airflow/example_dags/example_nested_branch_dag.py for tasks to queue
[2025-10-29T18:59:38.559-0700] {logging_mixin.py:188} INFO - [2025-10-29T18:59:38.558-0700] {dagbag.py:545} INFO - Filling up the DagBag from /opt/miniconda3/envs/airflow_env/lib/python3.11/site-packages/airflow/example_dags/example_nested_branch_dag.py
[2025-10-29T18:59:38.580-0700] {processor.py:840} INFO - DAG(s) 'example_nested_branch_dag' retrieved from /opt/miniconda3/envs/airflow_env/lib/python3.11/site-packages/airflow/example_dags/example_nested_branch_dag.py
[2025-10-29T18:59:38.704-0700] {logging_mixin.py:188} INFO - [2025-10-29T18:59:38.703-0700] {dag.py:3089} INFO - Sync 1 DAGs
[2025-10-29T18:59:38.713-0700] {logging_mixin.py:188} INFO - [2025-10-29T18:59:38.712-0700] {dag.py:3947} INFO - Setting next_dagrun for example_nested_branch_dag to 2025-10-29 00:00:00+00:00, run_after=2025-10-30 00:00:00+00:00
[2025-10-29T18:59:38.722-0700] {processor.py:183} INFO - Processing /opt/miniconda3/envs/airflow_env/lib/python3.11/site-packages/airflow/example_dags/example_nested_branch_dag.py took 0.167 seconds
[2025-10-29T19:01:21.151-0700] {processor.py:161} INFO - Started process (PID=11004) to work on /opt/miniconda3/envs/airflow_env/lib/python3.11/site-packages/airflow/example_dags/example_nested_branch_dag.py
[2025-10-29T19:01:21.153-0700] {processor.py:830} INFO - Processing file /opt/miniconda3/envs/airflow_env/lib/python3.11/site-packages/airflow/example_dags/example_nested_branch_dag.py for tasks to queue
[2025-10-29T19:01:21.153-0700] {logging_mixin.py:188} INFO - [2025-10-29T19:01:21.153-0700] {dagbag.py:545} INFO - Filling up the DagBag from /opt/miniconda3/envs/airflow_env/lib/python3.11/site-packages/airflow/example_dags/example_nested_branch_dag.py
[2025-10-29T19:01:21.174-0700] {processor.py:840} INFO - DAG(s) 'example_nested_branch_dag' retrieved from /opt/miniconda3/envs/airflow_env/lib/python3.11/site-packages/airflow/example_dags/example_nested_branch_dag.py
[2025-10-29T19:01:21.222-0700] {logging_mixin.py:188} INFO - [2025-10-29T19:01:21.222-0700] {dag.py:3089} INFO - Sync 1 DAGs
[2025-10-29T19:01:21.231-0700] {logging_mixin.py:188} INFO - [2025-10-29T19:01:21.231-0700] {dag.py:3947} INFO - Setting next_dagrun for example_nested_branch_dag to 2025-10-29 00:00:00+00:00, run_after=2025-10-30 00:00:00+00:00
[2025-10-29T19:01:21.241-0700] {processor.py:183} INFO - Processing /opt/miniconda3/envs/airflow_env/lib/python3.11/site-packages/airflow/example_dags/example_nested_branch_dag.py took 0.092 seconds
[2025-10-29T19:03:46.663-0700] {processor.py:161} INFO - Started process (PID=11265) to work on /opt/miniconda3/envs/airflow_env/lib/python3.11/site-packages/airflow/example_dags/example_nested_branch_dag.py
[2025-10-29T19:03:46.663-0700] {processor.py:830} INFO - Processing file /opt/miniconda3/envs/airflow_env/lib/python3.11/site-packages/airflow/example_dags/example_nested_branch_dag.py for tasks to queue
[2025-10-29T19:03:46.664-0700] {logging_mixin.py:188} INFO - [2025-10-29T19:03:46.664-0700] {dagbag.py:545} INFO - Filling up the DagBag from /opt/miniconda3/envs/airflow_env/lib/python3.11/site-packages/airflow/example_dags/example_nested_branch_dag.py
[2025-10-29T19:03:46.685-0700] {processor.py:840} INFO - DAG(s) 'example_nested_branch_dag' retrieved from /opt/miniconda3/envs/airflow_env/lib/python3.11/site-packages/airflow/example_dags/example_nested_branch_dag.py
[2025-10-29T19:03:46.734-0700] {logging_mixin.py:188} INFO - [2025-10-29T19:03:46.733-0700] {dag.py:3089} INFO - Sync 1 DAGs
[2025-10-29T19:03:46.742-0700] {logging_mixin.py:188} INFO - [2025-10-29T19:03:46.742-0700] {dag.py:3947} INFO - Setting next_dagrun for example_nested_branch_dag to 2025-10-29 00:00:00+00:00, run_after=2025-10-30 00:00:00+00:00
[2025-10-29T19:03:46.753-0700] {processor.py:183} INFO - Processing /opt/miniconda3/envs/airflow_env/lib/python3.11/site-packages/airflow/example_dags/example_nested_branch_dag.py took 0.092 seconds
[2025-10-29T19:06:15.038-0700] {processor.py:161} INFO - Started process (PID=11531) to work on /opt/miniconda3/envs/airflow_env/lib/python3.11/site-packages/airflow/example_dags/example_nested_branch_dag.py
[2025-10-29T19:06:15.038-0700] {processor.py:830} INFO - Processing file /opt/miniconda3/envs/airflow_env/lib/python3.11/site-packages/airflow/example_dags/example_nested_branch_dag.py for tasks to queue
[2025-10-29T19:06:15.039-0700] {logging_mixin.py:188} INFO - [2025-10-29T19:06:15.039-0700] {dagbag.py:545} INFO - Filling up the DagBag from /opt/miniconda3/envs/airflow_env/lib/python3.11/site-packages/airflow/example_dags/example_nested_branch_dag.py
[2025-10-29T19:06:15.061-0700] {processor.py:840} INFO - DAG(s) 'example_nested_branch_dag' retrieved from /opt/miniconda3/envs/airflow_env/lib/python3.11/site-packages/airflow/example_dags/example_nested_branch_dag.py
[2025-10-29T19:06:15.110-0700] {logging_mixin.py:188} INFO - [2025-10-29T19:06:15.109-0700] {dag.py:3089} INFO - Sync 1 DAGs
[2025-10-29T19:06:15.118-0700] {logging_mixin.py:188} INFO - [2025-10-29T19:06:15.118-0700] {dag.py:3947} INFO - Setting next_dagrun for example_nested_branch_dag to 2025-10-29 00:00:00+00:00, run_after=2025-10-30 00:00:00+00:00
[2025-10-29T19:06:15.129-0700] {processor.py:183} INFO - Processing /opt/miniconda3/envs/airflow_env/lib/python3.11/site-packages/airflow/example_dags/example_nested_branch_dag.py took 0.093 seconds
[2025-10-29T19:08:42.006-0700] {processor.py:161} INFO - Started process (PID=11776) to work on /opt/miniconda3/envs/airflow_env/lib/python3.11/site-packages/airflow/example_dags/example_nested_branch_dag.py
[2025-10-29T19:08:42.007-0700] {processor.py:830} INFO - Processing file /opt/miniconda3/envs/airflow_env/lib/python3.11/site-packages/airflow/example_dags/example_nested_branch_dag.py for tasks to queue
[2025-10-29T19:08:42.007-0700] {logging_mixin.py:188} INFO - [2025-10-29T19:08:42.007-0700] {dagbag.py:545} INFO - Filling up the DagBag from /opt/miniconda3/envs/airflow_env/lib/python3.11/site-packages/airflow/example_dags/example_nested_branch_dag.py
[2025-10-29T19:08:42.028-0700] {processor.py:840} INFO - DAG(s) 'example_nested_branch_dag' retrieved from /opt/miniconda3/envs/airflow_env/lib/python3.11/site-packages/airflow/example_dags/example_nested_branch_dag.py
[2025-10-29T19:08:42.076-0700] {logging_mixin.py:188} INFO - [2025-10-29T19:08:42.076-0700] {dag.py:3089} INFO - Sync 1 DAGs
[2025-10-29T19:08:42.085-0700] {logging_mixin.py:188} INFO - [2025-10-29T19:08:42.085-0700] {dag.py:3947} INFO - Setting next_dagrun for example_nested_branch_dag to 2025-10-29 00:00:00+00:00, run_after=2025-10-30 00:00:00+00:00
[2025-10-29T19:08:42.095-0700] {processor.py:183} INFO - Processing /opt/miniconda3/envs/airflow_env/lib/python3.11/site-packages/airflow/example_dags/example_nested_branch_dag.py took 0.091 seconds
[2025-10-29T19:11:11.169-0700] {processor.py:161} INFO - Started process (PID=12044) to work on /opt/miniconda3/envs/airflow_env/lib/python3.11/site-packages/airflow/example_dags/example_nested_branch_dag.py
[2025-10-29T19:11:11.170-0700] {processor.py:830} INFO - Processing file /opt/miniconda3/envs/airflow_env/lib/python3.11/site-packages/airflow/example_dags/example_nested_branch_dag.py for tasks to queue
[2025-10-29T19:11:11.170-0700] {logging_mixin.py:188} INFO - [2025-10-29T19:11:11.170-0700] {dagbag.py:545} INFO - Filling up the DagBag from /opt/miniconda3/envs/airflow_env/lib/python3.11/site-packages/airflow/example_dags/example_nested_branch_dag.py
[2025-10-29T19:11:11.191-0700] {processor.py:840} INFO - DAG(s) 'example_nested_branch_dag' retrieved from /opt/miniconda3/envs/airflow_env/lib/python3.11/site-packages/airflow/example_dags/example_nested_branch_dag.py
[2025-10-29T19:11:11.240-0700] {logging_mixin.py:188} INFO - [2025-10-29T19:11:11.240-0700] {dag.py:3089} INFO - Sync 1 DAGs
[2025-10-29T19:11:11.249-0700] {logging_mixin.py:188} INFO - [2025-10-29T19:11:11.248-0700] {dag.py:3947} INFO - Setting next_dagrun for example_nested_branch_dag to 2025-10-29 00:00:00+00:00, run_after=2025-10-30 00:00:00+00:00
[2025-10-29T19:11:11.259-0700] {processor.py:183} INFO - Processing /opt/miniconda3/envs/airflow_env/lib/python3.11/site-packages/airflow/example_dags/example_nested_branch_dag.py took 0.092 seconds
[2025-10-29T19:13:41.994-0700] {processor.py:161} INFO - Started process (PID=12318) to work on /opt/miniconda3/envs/airflow_env/lib/python3.11/site-packages/airflow/example_dags/example_nested_branch_dag.py
[2025-10-29T19:13:41.995-0700] {processor.py:830} INFO - Processing file /opt/miniconda3/envs/airflow_env/lib/python3.11/site-packages/airflow/example_dags/example_nested_branch_dag.py for tasks to queue
[2025-10-29T19:13:41.996-0700] {logging_mixin.py:188} INFO - [2025-10-29T19:13:41.996-0700] {dagbag.py:545} INFO - Filling up the DagBag from /opt/miniconda3/envs/airflow_env/lib/python3.11/site-packages/airflow/example_dags/example_nested_branch_dag.py
[2025-10-29T19:13:42.016-0700] {processor.py:840} INFO - DAG(s) 'example_nested_branch_dag' retrieved from /opt/miniconda3/envs/airflow_env/lib/python3.11/site-packages/airflow/example_dags/example_nested_branch_dag.py
[2025-10-29T19:13:42.065-0700] {logging_mixin.py:188} INFO - [2025-10-29T19:13:42.064-0700] {dag.py:3089} INFO - Sync 1 DAGs
[2025-10-29T19:13:42.073-0700] {logging_mixin.py:188} INFO - [2025-10-29T19:13:42.073-0700] {dag.py:3947} INFO - Setting next_dagrun for example_nested_branch_dag to 2025-10-29 00:00:00+00:00, run_after=2025-10-30 00:00:00+00:00
[2025-10-29T19:13:42.084-0700] {processor.py:183} INFO - Processing /opt/miniconda3/envs/airflow_env/lib/python3.11/site-packages/airflow/example_dags/example_nested_branch_dag.py took 0.092 seconds
[2025-10-29T19:16:09.056-0700] {processor.py:161} INFO - Started process (PID=12568) to work on /opt/miniconda3/envs/airflow_env/lib/python3.11/site-packages/airflow/example_dags/example_nested_branch_dag.py
[2025-10-29T19:16:09.057-0700] {processor.py:830} INFO - Processing file /opt/miniconda3/envs/airflow_env/lib/python3.11/site-packages/airflow/example_dags/example_nested_branch_dag.py for tasks to queue
[2025-10-29T19:16:09.057-0700] {logging_mixin.py:188} INFO - [2025-10-29T19:16:09.057-0700] {dagbag.py:545} INFO - Filling up the DagBag from /opt/miniconda3/envs/airflow_env/lib/python3.11/site-packages/airflow/example_dags/example_nested_branch_dag.py
[2025-10-29T19:16:09.078-0700] {processor.py:840} INFO - DAG(s) 'example_nested_branch_dag' retrieved from /opt/miniconda3/envs/airflow_env/lib/python3.11/site-packages/airflow/example_dags/example_nested_branch_dag.py
[2025-10-29T19:16:09.126-0700] {logging_mixin.py:188} INFO - [2025-10-29T19:16:09.125-0700] {dag.py:3089} INFO - Sync 1 DAGs
[2025-10-29T19:16:09.134-0700] {logging_mixin.py:188} INFO - [2025-10-29T19:16:09.134-0700] {dag.py:3947} INFO - Setting next_dagrun for example_nested_branch_dag to 2025-10-29 00:00:00+00:00, run_after=2025-10-30 00:00:00+00:00
[2025-10-29T19:16:09.145-0700] {processor.py:183} INFO - Processing /opt/miniconda3/envs/airflow_env/lib/python3.11/site-packages/airflow/example_dags/example_nested_branch_dag.py took 0.091 seconds
[2025-10-29T19:18:38.040-0700] {processor.py:161} INFO - Started process (PID=12829) to work on /opt/miniconda3/envs/airflow_env/lib/python3.11/site-packages/airflow/example_dags/example_nested_branch_dag.py
[2025-10-29T19:18:38.041-0700] {processor.py:830} INFO - Processing file /opt/miniconda3/envs/airflow_env/lib/python3.11/site-packages/airflow/example_dags/example_nested_branch_dag.py for tasks to queue
[2025-10-29T19:18:38.042-0700] {logging_mixin.py:188} INFO - [2025-10-29T19:18:38.041-0700] {dagbag.py:545} INFO - Filling up the DagBag from /opt/miniconda3/envs/airflow_env/lib/python3.11/site-packages/airflow/example_dags/example_nested_branch_dag.py
[2025-10-29T19:18:38.062-0700] {processor.py:840} INFO - DAG(s) 'example_nested_branch_dag' retrieved from /opt/miniconda3/envs/airflow_env/lib/python3.11/site-packages/airflow/example_dags/example_nested_branch_dag.py
[2025-10-29T19:18:38.110-0700] {logging_mixin.py:188} INFO - [2025-10-29T19:18:38.110-0700] {dag.py:3089} INFO - Sync 1 DAGs
[2025-10-29T19:18:38.119-0700] {logging_mixin.py:188} INFO - [2025-10-29T19:18:38.119-0700] {dag.py:3947} INFO - Setting next_dagrun for example_nested_branch_dag to 2025-10-29 00:00:00+00:00, run_after=2025-10-30 00:00:00+00:00
[2025-10-29T19:18:38.129-0700] {processor.py:183} INFO - Processing /opt/miniconda3/envs/airflow_env/lib/python3.11/site-packages/airflow/example_dags/example_nested_branch_dag.py took 0.092 seconds
[2025-10-29T19:21:02.119-0700] {processor.py:161} INFO - Started process (PID=13117) to work on /opt/miniconda3/envs/airflow_env/lib/python3.11/site-packages/airflow/example_dags/example_nested_branch_dag.py
[2025-10-29T19:21:02.120-0700] {processor.py:830} INFO - Processing file /opt/miniconda3/envs/airflow_env/lib/python3.11/site-packages/airflow/example_dags/example_nested_branch_dag.py for tasks to queue
[2025-10-29T19:21:02.120-0700] {logging_mixin.py:188} INFO - [2025-10-29T19:21:02.120-0700] {dagbag.py:545} INFO - Filling up the DagBag from /opt/miniconda3/envs/airflow_env/lib/python3.11/site-packages/airflow/example_dags/example_nested_branch_dag.py
[2025-10-29T19:21:02.141-0700] {processor.py:840} INFO - DAG(s) 'example_nested_branch_dag' retrieved from /opt/miniconda3/envs/airflow_env/lib/python3.11/site-packages/airflow/example_dags/example_nested_branch_dag.py
[2025-10-29T19:21:02.189-0700] {logging_mixin.py:188} INFO - [2025-10-29T19:21:02.189-0700] {dag.py:3089} INFO - Sync 1 DAGs
[2025-10-29T19:21:02.197-0700] {logging_mixin.py:188} INFO - [2025-10-29T19:21:02.197-0700] {dag.py:3947} INFO - Setting next_dagrun for example_nested_branch_dag to 2025-10-29 00:00:00+00:00, run_after=2025-10-30 00:00:00+00:00
[2025-10-29T19:21:02.207-0700] {processor.py:183} INFO - Processing /opt/miniconda3/envs/airflow_env/lib/python3.11/site-packages/airflow/example_dags/example_nested_branch_dag.py took 0.090 seconds
[2025-10-29T19:23:29.181-0700] {processor.py:161} INFO - Started process (PID=13383) to work on /opt/miniconda3/envs/airflow_env/lib/python3.11/site-packages/airflow/example_dags/example_nested_branch_dag.py
[2025-10-29T19:23:29.181-0700] {processor.py:830} INFO - Processing file /opt/miniconda3/envs/airflow_env/lib/python3.11/site-packages/airflow/example_dags/example_nested_branch_dag.py for tasks to queue
[2025-10-29T19:23:29.182-0700] {logging_mixin.py:188} INFO - [2025-10-29T19:23:29.182-0700] {dagbag.py:545} INFO - Filling up the DagBag from /opt/miniconda3/envs/airflow_env/lib/python3.11/site-packages/airflow/example_dags/example_nested_branch_dag.py
[2025-10-29T19:23:29.203-0700] {processor.py:840} INFO - DAG(s) 'example_nested_branch_dag' retrieved from /opt/miniconda3/envs/airflow_env/lib/python3.11/site-packages/airflow/example_dags/example_nested_branch_dag.py
[2025-10-29T19:23:29.252-0700] {logging_mixin.py:188} INFO - [2025-10-29T19:23:29.252-0700] {dag.py:3089} INFO - Sync 1 DAGs
[2025-10-29T19:23:29.261-0700] {logging_mixin.py:188} INFO - [2025-10-29T19:23:29.261-0700] {dag.py:3947} INFO - Setting next_dagrun for example_nested_branch_dag to 2025-10-29 00:00:00+00:00, run_after=2025-10-30 00:00:00+00:00
[2025-10-29T19:23:29.272-0700] {processor.py:183} INFO - Processing /opt/miniconda3/envs/airflow_env/lib/python3.11/site-packages/airflow/example_dags/example_nested_branch_dag.py took 0.093 seconds
[2025-10-29T19:25:55.249-0700] {processor.py:161} INFO - Started process (PID=13893) to work on /opt/miniconda3/envs/airflow_env/lib/python3.11/site-packages/airflow/example_dags/example_nested_branch_dag.py
[2025-10-29T19:25:55.250-0700] {processor.py:830} INFO - Processing file /opt/miniconda3/envs/airflow_env/lib/python3.11/site-packages/airflow/example_dags/example_nested_branch_dag.py for tasks to queue
[2025-10-29T19:25:55.251-0700] {logging_mixin.py:188} INFO - [2025-10-29T19:25:55.251-0700] {dagbag.py:545} INFO - Filling up the DagBag from /opt/miniconda3/envs/airflow_env/lib/python3.11/site-packages/airflow/example_dags/example_nested_branch_dag.py
[2025-10-29T19:25:55.272-0700] {processor.py:840} INFO - DAG(s) 'example_nested_branch_dag' retrieved from /opt/miniconda3/envs/airflow_env/lib/python3.11/site-packages/airflow/example_dags/example_nested_branch_dag.py
[2025-10-29T19:25:55.320-0700] {logging_mixin.py:188} INFO - [2025-10-29T19:25:55.320-0700] {dag.py:3089} INFO - Sync 1 DAGs
[2025-10-29T19:25:55.329-0700] {logging_mixin.py:188} INFO - [2025-10-29T19:25:55.328-0700] {dag.py:3947} INFO - Setting next_dagrun for example_nested_branch_dag to 2025-10-29 00:00:00+00:00, run_after=2025-10-30 00:00:00+00:00
[2025-10-29T19:25:55.339-0700] {processor.py:183} INFO - Processing /opt/miniconda3/envs/airflow_env/lib/python3.11/site-packages/airflow/example_dags/example_nested_branch_dag.py took 0.092 seconds
[2025-10-29T19:28:22.412-0700] {processor.py:161} INFO - Started process (PID=14570) to work on /opt/miniconda3/envs/airflow_env/lib/python3.11/site-packages/airflow/example_dags/example_nested_branch_dag.py
[2025-10-29T19:28:22.413-0700] {processor.py:830} INFO - Processing file /opt/miniconda3/envs/airflow_env/lib/python3.11/site-packages/airflow/example_dags/example_nested_branch_dag.py for tasks to queue
[2025-10-29T19:28:22.413-0700] {logging_mixin.py:188} INFO - [2025-10-29T19:28:22.413-0700] {dagbag.py:545} INFO - Filling up the DagBag from /opt/miniconda3/envs/airflow_env/lib/python3.11/site-packages/airflow/example_dags/example_nested_branch_dag.py
[2025-10-29T19:28:22.435-0700] {processor.py:840} INFO - DAG(s) 'example_nested_branch_dag' retrieved from /opt/miniconda3/envs/airflow_env/lib/python3.11/site-packages/airflow/example_dags/example_nested_branch_dag.py
[2025-10-29T19:28:22.483-0700] {logging_mixin.py:188} INFO - [2025-10-29T19:28:22.483-0700] {dag.py:3089} INFO - Sync 1 DAGs
[2025-10-29T19:28:22.492-0700] {logging_mixin.py:188} INFO - [2025-10-29T19:28:22.492-0700] {dag.py:3947} INFO - Setting next_dagrun for example_nested_branch_dag to 2025-10-29 00:00:00+00:00, run_after=2025-10-30 00:00:00+00:00
[2025-10-29T19:28:22.503-0700] {processor.py:183} INFO - Processing /opt/miniconda3/envs/airflow_env/lib/python3.11/site-packages/airflow/example_dags/example_nested_branch_dag.py took 0.092 seconds
[2025-10-29T19:30:50.747-0700] {processor.py:161} INFO - Started process (PID=15253) to work on /opt/miniconda3/envs/airflow_env/lib/python3.11/site-packages/airflow/example_dags/example_nested_branch_dag.py
[2025-10-29T19:30:50.748-0700] {processor.py:830} INFO - Processing file /opt/miniconda3/envs/airflow_env/lib/python3.11/site-packages/airflow/example_dags/example_nested_branch_dag.py for tasks to queue
[2025-10-29T19:30:50.748-0700] {logging_mixin.py:188} INFO - [2025-10-29T19:30:50.748-0700] {dagbag.py:545} INFO - Filling up the DagBag from /opt/miniconda3/envs/airflow_env/lib/python3.11/site-packages/airflow/example_dags/example_nested_branch_dag.py
[2025-10-29T19:30:50.771-0700] {processor.py:840} INFO - DAG(s) 'example_nested_branch_dag' retrieved from /opt/miniconda3/envs/airflow_env/lib/python3.11/site-packages/airflow/example_dags/example_nested_branch_dag.py
[2025-10-29T19:30:50.820-0700] {logging_mixin.py:188} INFO - [2025-10-29T19:30:50.820-0700] {dag.py:3089} INFO - Sync 1 DAGs
[2025-10-29T19:30:50.829-0700] {logging_mixin.py:188} INFO - [2025-10-29T19:30:50.829-0700] {dag.py:3947} INFO - Setting next_dagrun for example_nested_branch_dag to 2025-10-29 00:00:00+00:00, run_after=2025-10-30 00:00:00+00:00
[2025-10-29T19:30:50.839-0700] {processor.py:183} INFO - Processing /opt/miniconda3/envs/airflow_env/lib/python3.11/site-packages/airflow/example_dags/example_nested_branch_dag.py took 0.095 seconds
[2025-10-29T19:33:20.892-0700] {processor.py:161} INFO - Started process (PID=15974) to work on /opt/miniconda3/envs/airflow_env/lib/python3.11/site-packages/airflow/example_dags/example_nested_branch_dag.py
[2025-10-29T19:33:20.892-0700] {processor.py:830} INFO - Processing file /opt/miniconda3/envs/airflow_env/lib/python3.11/site-packages/airflow/example_dags/example_nested_branch_dag.py for tasks to queue
[2025-10-29T19:33:20.893-0700] {logging_mixin.py:188} INFO - [2025-10-29T19:33:20.892-0700] {dagbag.py:545} INFO - Filling up the DagBag from /opt/miniconda3/envs/airflow_env/lib/python3.11/site-packages/airflow/example_dags/example_nested_branch_dag.py
[2025-10-29T19:33:20.914-0700] {processor.py:840} INFO - DAG(s) 'example_nested_branch_dag' retrieved from /opt/miniconda3/envs/airflow_env/lib/python3.11/site-packages/airflow/example_dags/example_nested_branch_dag.py
[2025-10-29T19:33:20.963-0700] {logging_mixin.py:188} INFO - [2025-10-29T19:33:20.963-0700] {dag.py:3089} INFO - Sync 1 DAGs
[2025-10-29T19:33:20.971-0700] {logging_mixin.py:188} INFO - [2025-10-29T19:33:20.971-0700] {dag.py:3947} INFO - Setting next_dagrun for example_nested_branch_dag to 2025-10-29 00:00:00+00:00, run_after=2025-10-30 00:00:00+00:00
[2025-10-29T19:33:20.982-0700] {processor.py:183} INFO - Processing /opt/miniconda3/envs/airflow_env/lib/python3.11/site-packages/airflow/example_dags/example_nested_branch_dag.py took 0.093 seconds
[2025-10-29T19:35:51.434-0700] {processor.py:161} INFO - Started process (PID=16661) to work on /opt/miniconda3/envs/airflow_env/lib/python3.11/site-packages/airflow/example_dags/example_nested_branch_dag.py
[2025-10-29T19:35:51.435-0700] {processor.py:830} INFO - Processing file /opt/miniconda3/envs/airflow_env/lib/python3.11/site-packages/airflow/example_dags/example_nested_branch_dag.py for tasks to queue
[2025-10-29T19:35:51.435-0700] {logging_mixin.py:188} INFO - [2025-10-29T19:35:51.435-0700] {dagbag.py:545} INFO - Filling up the DagBag from /opt/miniconda3/envs/airflow_env/lib/python3.11/site-packages/airflow/example_dags/example_nested_branch_dag.py
[2025-10-29T19:35:51.457-0700] {processor.py:840} INFO - DAG(s) 'example_nested_branch_dag' retrieved from /opt/miniconda3/envs/airflow_env/lib/python3.11/site-packages/airflow/example_dags/example_nested_branch_dag.py
[2025-10-29T19:35:51.507-0700] {logging_mixin.py:188} INFO - [2025-10-29T19:35:51.507-0700] {dag.py:3089} INFO - Sync 1 DAGs
[2025-10-29T19:35:51.516-0700] {logging_mixin.py:188} INFO - [2025-10-29T19:35:51.516-0700] {dag.py:3947} INFO - Setting next_dagrun for example_nested_branch_dag to 2025-10-29 00:00:00+00:00, run_after=2025-10-30 00:00:00+00:00
[2025-10-29T19:35:51.527-0700] {processor.py:183} INFO - Processing /opt/miniconda3/envs/airflow_env/lib/python3.11/site-packages/airflow/example_dags/example_nested_branch_dag.py took 0.095 seconds
[2025-10-29T19:38:21.580-0700] {processor.py:161} INFO - Started process (PID=17384) to work on /opt/miniconda3/envs/airflow_env/lib/python3.11/site-packages/airflow/example_dags/example_nested_branch_dag.py
[2025-10-29T19:38:21.580-0700] {processor.py:830} INFO - Processing file /opt/miniconda3/envs/airflow_env/lib/python3.11/site-packages/airflow/example_dags/example_nested_branch_dag.py for tasks to queue
[2025-10-29T19:38:21.581-0700] {logging_mixin.py:188} INFO - [2025-10-29T19:38:21.581-0700] {dagbag.py:545} INFO - Filling up the DagBag from /opt/miniconda3/envs/airflow_env/lib/python3.11/site-packages/airflow/example_dags/example_nested_branch_dag.py
[2025-10-29T19:38:21.602-0700] {processor.py:840} INFO - DAG(s) 'example_nested_branch_dag' retrieved from /opt/miniconda3/envs/airflow_env/lib/python3.11/site-packages/airflow/example_dags/example_nested_branch_dag.py
[2025-10-29T19:38:21.649-0700] {logging_mixin.py:188} INFO - [2025-10-29T19:38:21.649-0700] {dag.py:3089} INFO - Sync 1 DAGs
[2025-10-29T19:38:21.658-0700] {logging_mixin.py:188} INFO - [2025-10-29T19:38:21.658-0700] {dag.py:3947} INFO - Setting next_dagrun for example_nested_branch_dag to 2025-10-29 00:00:00+00:00, run_after=2025-10-30 00:00:00+00:00
[2025-10-29T19:38:21.668-0700] {processor.py:183} INFO - Processing /opt/miniconda3/envs/airflow_env/lib/python3.11/site-packages/airflow/example_dags/example_nested_branch_dag.py took 0.091 seconds
[2025-10-29T19:40:51.929-0700] {processor.py:161} INFO - Started process (PID=18099) to work on /opt/miniconda3/envs/airflow_env/lib/python3.11/site-packages/airflow/example_dags/example_nested_branch_dag.py
[2025-10-29T19:40:51.930-0700] {processor.py:830} INFO - Processing file /opt/miniconda3/envs/airflow_env/lib/python3.11/site-packages/airflow/example_dags/example_nested_branch_dag.py for tasks to queue
[2025-10-29T19:40:51.930-0700] {logging_mixin.py:188} INFO - [2025-10-29T19:40:51.930-0700] {dagbag.py:545} INFO - Filling up the DagBag from /opt/miniconda3/envs/airflow_env/lib/python3.11/site-packages/airflow/example_dags/example_nested_branch_dag.py
[2025-10-29T19:40:51.952-0700] {processor.py:840} INFO - DAG(s) 'example_nested_branch_dag' retrieved from /opt/miniconda3/envs/airflow_env/lib/python3.11/site-packages/airflow/example_dags/example_nested_branch_dag.py
[2025-10-29T19:40:52.001-0700] {logging_mixin.py:188} INFO - [2025-10-29T19:40:52.000-0700] {dag.py:3089} INFO - Sync 1 DAGs
[2025-10-29T19:40:52.009-0700] {logging_mixin.py:188} INFO - [2025-10-29T19:40:52.009-0700] {dag.py:3947} INFO - Setting next_dagrun for example_nested_branch_dag to 2025-10-29 00:00:00+00:00, run_after=2025-10-30 00:00:00+00:00
[2025-10-29T19:40:52.020-0700] {processor.py:183} INFO - Processing /opt/miniconda3/envs/airflow_env/lib/python3.11/site-packages/airflow/example_dags/example_nested_branch_dag.py took 0.093 seconds
[2025-10-29T19:43:17.783-0700] {processor.py:161} INFO - Started process (PID=18794) to work on /opt/miniconda3/envs/airflow_env/lib/python3.11/site-packages/airflow/example_dags/example_nested_branch_dag.py
[2025-10-29T19:43:17.784-0700] {processor.py:830} INFO - Processing file /opt/miniconda3/envs/airflow_env/lib/python3.11/site-packages/airflow/example_dags/example_nested_branch_dag.py for tasks to queue
[2025-10-29T19:43:17.785-0700] {logging_mixin.py:188} INFO - [2025-10-29T19:43:17.785-0700] {dagbag.py:545} INFO - Filling up the DagBag from /opt/miniconda3/envs/airflow_env/lib/python3.11/site-packages/airflow/example_dags/example_nested_branch_dag.py
[2025-10-29T19:43:17.806-0700] {processor.py:840} INFO - DAG(s) 'example_nested_branch_dag' retrieved from /opt/miniconda3/envs/airflow_env/lib/python3.11/site-packages/airflow/example_dags/example_nested_branch_dag.py
[2025-10-29T19:43:17.854-0700] {logging_mixin.py:188} INFO - [2025-10-29T19:43:17.853-0700] {dag.py:3089} INFO - Sync 1 DAGs
[2025-10-29T19:43:17.862-0700] {logging_mixin.py:188} INFO - [2025-10-29T19:43:17.862-0700] {dag.py:3947} INFO - Setting next_dagrun for example_nested_branch_dag to 2025-10-29 00:00:00+00:00, run_after=2025-10-30 00:00:00+00:00
[2025-10-29T19:43:17.873-0700] {processor.py:183} INFO - Processing /opt/miniconda3/envs/airflow_env/lib/python3.11/site-packages/airflow/example_dags/example_nested_branch_dag.py took 0.092 seconds
[2025-10-29T19:45:34.177-0700] {processor.py:161} INFO - Started process (PID=19515) to work on /opt/miniconda3/envs/airflow_env/lib/python3.11/site-packages/airflow/example_dags/example_nested_branch_dag.py
[2025-10-29T19:45:34.178-0700] {processor.py:830} INFO - Processing file /opt/miniconda3/envs/airflow_env/lib/python3.11/site-packages/airflow/example_dags/example_nested_branch_dag.py for tasks to queue
[2025-10-29T19:45:34.178-0700] {logging_mixin.py:188} INFO - [2025-10-29T19:45:34.178-0700] {dagbag.py:545} INFO - Filling up the DagBag from /opt/miniconda3/envs/airflow_env/lib/python3.11/site-packages/airflow/example_dags/example_nested_branch_dag.py
[2025-10-29T19:45:34.199-0700] {processor.py:840} INFO - DAG(s) 'example_nested_branch_dag' retrieved from /opt/miniconda3/envs/airflow_env/lib/python3.11/site-packages/airflow/example_dags/example_nested_branch_dag.py
[2025-10-29T19:45:34.247-0700] {logging_mixin.py:188} INFO - [2025-10-29T19:45:34.247-0700] {dag.py:3089} INFO - Sync 1 DAGs
[2025-10-29T19:45:34.255-0700] {logging_mixin.py:188} INFO - [2025-10-29T19:45:34.255-0700] {dag.py:3947} INFO - Setting next_dagrun for example_nested_branch_dag to 2025-10-29 00:00:00+00:00, run_after=2025-10-30 00:00:00+00:00
[2025-10-29T19:45:34.266-0700] {processor.py:183} INFO - Processing /opt/miniconda3/envs/airflow_env/lib/python3.11/site-packages/airflow/example_dags/example_nested_branch_dag.py took 0.090 seconds
[2025-10-29T19:47:14.604-0700] {processor.py:161} INFO - Started process (PID=19991) to work on /opt/miniconda3/envs/airflow_env/lib/python3.11/site-packages/airflow/example_dags/example_nested_branch_dag.py
[2025-10-29T19:47:14.605-0700] {processor.py:830} INFO - Processing file /opt/miniconda3/envs/airflow_env/lib/python3.11/site-packages/airflow/example_dags/example_nested_branch_dag.py for tasks to queue
[2025-10-29T19:47:14.606-0700] {logging_mixin.py:188} INFO - [2025-10-29T19:47:14.605-0700] {dagbag.py:545} INFO - Filling up the DagBag from /opt/miniconda3/envs/airflow_env/lib/python3.11/site-packages/airflow/example_dags/example_nested_branch_dag.py
[2025-10-29T19:47:14.628-0700] {processor.py:840} INFO - DAG(s) 'example_nested_branch_dag' retrieved from /opt/miniconda3/envs/airflow_env/lib/python3.11/site-packages/airflow/example_dags/example_nested_branch_dag.py
[2025-10-29T19:47:14.680-0700] {logging_mixin.py:188} INFO - [2025-10-29T19:47:14.679-0700] {dag.py:3089} INFO - Sync 1 DAGs
[2025-10-29T19:47:14.688-0700] {logging_mixin.py:188} INFO - [2025-10-29T19:47:14.688-0700] {dag.py:3947} INFO - Setting next_dagrun for example_nested_branch_dag to 2025-10-29 00:00:00+00:00, run_after=2025-10-30 00:00:00+00:00
[2025-10-29T19:47:14.699-0700] {processor.py:183} INFO - Processing /opt/miniconda3/envs/airflow_env/lib/python3.11/site-packages/airflow/example_dags/example_nested_branch_dag.py took 0.097 seconds
[2025-10-29T20:00:12.805-0700] {processor.py:161} INFO - Started process (PID=23043) to work on /opt/miniconda3/envs/airflow_env/lib/python3.11/site-packages/airflow/example_dags/example_nested_branch_dag.py
[2025-10-29T20:00:12.805-0700] {processor.py:830} INFO - Processing file /opt/miniconda3/envs/airflow_env/lib/python3.11/site-packages/airflow/example_dags/example_nested_branch_dag.py for tasks to queue
[2025-10-29T20:00:12.806-0700] {logging_mixin.py:188} INFO - [2025-10-29T20:00:12.806-0700] {dagbag.py:545} INFO - Filling up the DagBag from /opt/miniconda3/envs/airflow_env/lib/python3.11/site-packages/airflow/example_dags/example_nested_branch_dag.py
[2025-10-29T20:00:12.827-0700] {processor.py:840} INFO - DAG(s) 'example_nested_branch_dag' retrieved from /opt/miniconda3/envs/airflow_env/lib/python3.11/site-packages/airflow/example_dags/example_nested_branch_dag.py
[2025-10-29T20:00:12.876-0700] {logging_mixin.py:188} INFO - [2025-10-29T20:00:12.876-0700] {dag.py:3089} INFO - Sync 1 DAGs
[2025-10-29T20:00:12.884-0700] {logging_mixin.py:188} INFO - [2025-10-29T20:00:12.884-0700] {dag.py:3947} INFO - Setting next_dagrun for example_nested_branch_dag to 2025-10-29 00:00:00+00:00, run_after=2025-10-30 00:00:00+00:00
[2025-10-29T20:00:12.895-0700] {processor.py:183} INFO - Processing /opt/miniconda3/envs/airflow_env/lib/python3.11/site-packages/airflow/example_dags/example_nested_branch_dag.py took 0.092 seconds
[2025-10-29T20:01:18.629-0700] {processor.py:161} INFO - Started process (PID=23422) to work on /opt/miniconda3/envs/airflow_env/lib/python3.11/site-packages/airflow/example_dags/example_nested_branch_dag.py
[2025-10-29T20:01:18.630-0700] {processor.py:830} INFO - Processing file /opt/miniconda3/envs/airflow_env/lib/python3.11/site-packages/airflow/example_dags/example_nested_branch_dag.py for tasks to queue
[2025-10-29T20:01:18.630-0700] {logging_mixin.py:188} INFO - [2025-10-29T20:01:18.630-0700] {dagbag.py:545} INFO - Filling up the DagBag from /opt/miniconda3/envs/airflow_env/lib/python3.11/site-packages/airflow/example_dags/example_nested_branch_dag.py
[2025-10-29T20:01:18.652-0700] {processor.py:840} INFO - DAG(s) 'example_nested_branch_dag' retrieved from /opt/miniconda3/envs/airflow_env/lib/python3.11/site-packages/airflow/example_dags/example_nested_branch_dag.py
[2025-10-29T20:01:18.702-0700] {logging_mixin.py:188} INFO - [2025-10-29T20:01:18.702-0700] {dag.py:3089} INFO - Sync 1 DAGs
[2025-10-29T20:01:18.711-0700] {logging_mixin.py:188} INFO - [2025-10-29T20:01:18.711-0700] {dag.py:3947} INFO - Setting next_dagrun for example_nested_branch_dag to 2025-10-29 00:00:00+00:00, run_after=2025-10-30 00:00:00+00:00
[2025-10-29T20:01:18.722-0700] {processor.py:183} INFO - Processing /opt/miniconda3/envs/airflow_env/lib/python3.11/site-packages/airflow/example_dags/example_nested_branch_dag.py took 0.095 seconds
[2025-10-29T20:01:58.457-0700] {processor.py:161} INFO - Started process (PID=23639) to work on /opt/miniconda3/envs/airflow_env/lib/python3.11/site-packages/airflow/example_dags/example_nested_branch_dag.py
[2025-10-29T20:01:58.457-0700] {processor.py:830} INFO - Processing file /opt/miniconda3/envs/airflow_env/lib/python3.11/site-packages/airflow/example_dags/example_nested_branch_dag.py for tasks to queue
[2025-10-29T20:01:58.458-0700] {logging_mixin.py:188} INFO - [2025-10-29T20:01:58.457-0700] {dagbag.py:545} INFO - Filling up the DagBag from /opt/miniconda3/envs/airflow_env/lib/python3.11/site-packages/airflow/example_dags/example_nested_branch_dag.py
[2025-10-29T20:01:58.480-0700] {processor.py:840} INFO - DAG(s) 'example_nested_branch_dag' retrieved from /opt/miniconda3/envs/airflow_env/lib/python3.11/site-packages/airflow/example_dags/example_nested_branch_dag.py
[2025-10-29T20:01:58.529-0700] {logging_mixin.py:188} INFO - [2025-10-29T20:01:58.529-0700] {dag.py:3089} INFO - Sync 1 DAGs
[2025-10-29T20:01:58.538-0700] {logging_mixin.py:188} INFO - [2025-10-29T20:01:58.538-0700] {dag.py:3947} INFO - Setting next_dagrun for example_nested_branch_dag to 2025-10-29 00:00:00+00:00, run_after=2025-10-30 00:00:00+00:00
[2025-10-29T20:01:58.549-0700] {processor.py:183} INFO - Processing /opt/miniconda3/envs/airflow_env/lib/python3.11/site-packages/airflow/example_dags/example_nested_branch_dag.py took 0.095 seconds
[2025-10-29T20:03:01.337-0700] {processor.py:161} INFO - Started process (PID=24000) to work on /opt/miniconda3/envs/airflow_env/lib/python3.11/site-packages/airflow/example_dags/example_nested_branch_dag.py
[2025-10-29T20:03:01.338-0700] {processor.py:830} INFO - Processing file /opt/miniconda3/envs/airflow_env/lib/python3.11/site-packages/airflow/example_dags/example_nested_branch_dag.py for tasks to queue
[2025-10-29T20:03:01.338-0700] {logging_mixin.py:188} INFO - [2025-10-29T20:03:01.338-0700] {dagbag.py:545} INFO - Filling up the DagBag from /opt/miniconda3/envs/airflow_env/lib/python3.11/site-packages/airflow/example_dags/example_nested_branch_dag.py
[2025-10-29T20:03:01.361-0700] {processor.py:840} INFO - DAG(s) 'example_nested_branch_dag' retrieved from /opt/miniconda3/envs/airflow_env/lib/python3.11/site-packages/airflow/example_dags/example_nested_branch_dag.py
[2025-10-29T20:03:01.413-0700] {logging_mixin.py:188} INFO - [2025-10-29T20:03:01.413-0700] {dag.py:3089} INFO - Sync 1 DAGs
[2025-10-29T20:03:01.423-0700] {logging_mixin.py:188} INFO - [2025-10-29T20:03:01.423-0700] {dag.py:3947} INFO - Setting next_dagrun for example_nested_branch_dag to 2025-10-29 00:00:00+00:00, run_after=2025-10-30 00:00:00+00:00
[2025-10-29T20:03:01.435-0700] {processor.py:183} INFO - Processing /opt/miniconda3/envs/airflow_env/lib/python3.11/site-packages/airflow/example_dags/example_nested_branch_dag.py took 0.100 seconds
[2025-10-29T20:04:18.536-0700] {processor.py:161} INFO - Started process (PID=24446) to work on /opt/miniconda3/envs/airflow_env/lib/python3.11/site-packages/airflow/example_dags/example_nested_branch_dag.py
[2025-10-29T20:04:18.537-0700] {processor.py:830} INFO - Processing file /opt/miniconda3/envs/airflow_env/lib/python3.11/site-packages/airflow/example_dags/example_nested_branch_dag.py for tasks to queue
[2025-10-29T20:04:18.537-0700] {logging_mixin.py:188} INFO - [2025-10-29T20:04:18.537-0700] {dagbag.py:545} INFO - Filling up the DagBag from /opt/miniconda3/envs/airflow_env/lib/python3.11/site-packages/airflow/example_dags/example_nested_branch_dag.py
[2025-10-29T20:04:18.558-0700] {processor.py:840} INFO - DAG(s) 'example_nested_branch_dag' retrieved from /opt/miniconda3/envs/airflow_env/lib/python3.11/site-packages/airflow/example_dags/example_nested_branch_dag.py
[2025-10-29T20:04:18.606-0700] {logging_mixin.py:188} INFO - [2025-10-29T20:04:18.606-0700] {dag.py:3089} INFO - Sync 1 DAGs
[2025-10-29T20:04:18.615-0700] {logging_mixin.py:188} INFO - [2025-10-29T20:04:18.615-0700] {dag.py:3947} INFO - Setting next_dagrun for example_nested_branch_dag to 2025-10-29 00:00:00+00:00, run_after=2025-10-30 00:00:00+00:00
[2025-10-29T20:04:18.625-0700] {processor.py:183} INFO - Processing /opt/miniconda3/envs/airflow_env/lib/python3.11/site-packages/airflow/example_dags/example_nested_branch_dag.py took 0.091 seconds
[2025-10-29T20:05:28.658-0700] {processor.py:161} INFO - Started process (PID=24846) to work on /opt/miniconda3/envs/airflow_env/lib/python3.11/site-packages/airflow/example_dags/example_nested_branch_dag.py
[2025-10-29T20:05:28.659-0700] {processor.py:830} INFO - Processing file /opt/miniconda3/envs/airflow_env/lib/python3.11/site-packages/airflow/example_dags/example_nested_branch_dag.py for tasks to queue
[2025-10-29T20:05:28.659-0700] {logging_mixin.py:188} INFO - [2025-10-29T20:05:28.659-0700] {dagbag.py:545} INFO - Filling up the DagBag from /opt/miniconda3/envs/airflow_env/lib/python3.11/site-packages/airflow/example_dags/example_nested_branch_dag.py
[2025-10-29T20:05:28.680-0700] {processor.py:840} INFO - DAG(s) 'example_nested_branch_dag' retrieved from /opt/miniconda3/envs/airflow_env/lib/python3.11/site-packages/airflow/example_dags/example_nested_branch_dag.py
[2025-10-29T20:05:28.728-0700] {logging_mixin.py:188} INFO - [2025-10-29T20:05:28.728-0700] {dag.py:3089} INFO - Sync 1 DAGs
[2025-10-29T20:05:28.737-0700] {logging_mixin.py:188} INFO - [2025-10-29T20:05:28.737-0700] {dag.py:3947} INFO - Setting next_dagrun for example_nested_branch_dag to 2025-10-29 00:00:00+00:00, run_after=2025-10-30 00:00:00+00:00
[2025-10-29T20:05:28.747-0700] {processor.py:183} INFO - Processing /opt/miniconda3/envs/airflow_env/lib/python3.11/site-packages/airflow/example_dags/example_nested_branch_dag.py took 0.092 seconds
[2025-10-29T20:06:44.268-0700] {processor.py:161} INFO - Started process (PID=25275) to work on /opt/miniconda3/envs/airflow_env/lib/python3.11/site-packages/airflow/example_dags/example_nested_branch_dag.py
[2025-10-29T20:06:44.268-0700] {processor.py:830} INFO - Processing file /opt/miniconda3/envs/airflow_env/lib/python3.11/site-packages/airflow/example_dags/example_nested_branch_dag.py for tasks to queue
[2025-10-29T20:06:44.269-0700] {logging_mixin.py:188} INFO - [2025-10-29T20:06:44.269-0700] {dagbag.py:545} INFO - Filling up the DagBag from /opt/miniconda3/envs/airflow_env/lib/python3.11/site-packages/airflow/example_dags/example_nested_branch_dag.py
[2025-10-29T20:06:44.290-0700] {processor.py:840} INFO - DAG(s) 'example_nested_branch_dag' retrieved from /opt/miniconda3/envs/airflow_env/lib/python3.11/site-packages/airflow/example_dags/example_nested_branch_dag.py
[2025-10-29T20:06:44.338-0700] {logging_mixin.py:188} INFO - [2025-10-29T20:06:44.338-0700] {dag.py:3089} INFO - Sync 1 DAGs
[2025-10-29T20:06:44.347-0700] {logging_mixin.py:188} INFO - [2025-10-29T20:06:44.347-0700] {dag.py:3947} INFO - Setting next_dagrun for example_nested_branch_dag to 2025-10-29 00:00:00+00:00, run_after=2025-10-30 00:00:00+00:00
[2025-10-29T20:06:44.357-0700] {processor.py:183} INFO - Processing /opt/miniconda3/envs/airflow_env/lib/python3.11/site-packages/airflow/example_dags/example_nested_branch_dag.py took 0.092 seconds
[2025-10-29T20:07:53.623-0700] {processor.py:161} INFO - Started process (PID=25674) to work on /opt/miniconda3/envs/airflow_env/lib/python3.11/site-packages/airflow/example_dags/example_nested_branch_dag.py
[2025-10-29T20:07:53.624-0700] {processor.py:830} INFO - Processing file /opt/miniconda3/envs/airflow_env/lib/python3.11/site-packages/airflow/example_dags/example_nested_branch_dag.py for tasks to queue
[2025-10-29T20:07:53.624-0700] {logging_mixin.py:188} INFO - [2025-10-29T20:07:53.624-0700] {dagbag.py:545} INFO - Filling up the DagBag from /opt/miniconda3/envs/airflow_env/lib/python3.11/site-packages/airflow/example_dags/example_nested_branch_dag.py
[2025-10-29T20:07:53.646-0700] {processor.py:840} INFO - DAG(s) 'example_nested_branch_dag' retrieved from /opt/miniconda3/envs/airflow_env/lib/python3.11/site-packages/airflow/example_dags/example_nested_branch_dag.py
[2025-10-29T20:07:53.695-0700] {logging_mixin.py:188} INFO - [2025-10-29T20:07:53.694-0700] {dag.py:3089} INFO - Sync 1 DAGs
[2025-10-29T20:07:53.703-0700] {logging_mixin.py:188} INFO - [2025-10-29T20:07:53.703-0700] {dag.py:3947} INFO - Setting next_dagrun for example_nested_branch_dag to 2025-10-29 00:00:00+00:00, run_after=2025-10-30 00:00:00+00:00
[2025-10-29T20:07:53.714-0700] {processor.py:183} INFO - Processing /opt/miniconda3/envs/airflow_env/lib/python3.11/site-packages/airflow/example_dags/example_nested_branch_dag.py took 0.093 seconds
[2025-10-29T20:09:11.495-0700] {processor.py:161} INFO - Started process (PID=26069) to work on /opt/miniconda3/envs/airflow_env/lib/python3.11/site-packages/airflow/example_dags/example_nested_branch_dag.py
[2025-10-29T20:09:11.495-0700] {processor.py:830} INFO - Processing file /opt/miniconda3/envs/airflow_env/lib/python3.11/site-packages/airflow/example_dags/example_nested_branch_dag.py for tasks to queue
[2025-10-29T20:09:11.496-0700] {logging_mixin.py:188} INFO - [2025-10-29T20:09:11.496-0700] {dagbag.py:545} INFO - Filling up the DagBag from /opt/miniconda3/envs/airflow_env/lib/python3.11/site-packages/airflow/example_dags/example_nested_branch_dag.py
[2025-10-29T20:09:11.518-0700] {processor.py:840} INFO - DAG(s) 'example_nested_branch_dag' retrieved from /opt/miniconda3/envs/airflow_env/lib/python3.11/site-packages/airflow/example_dags/example_nested_branch_dag.py
[2025-10-29T20:09:11.568-0700] {logging_mixin.py:188} INFO - [2025-10-29T20:09:11.567-0700] {dag.py:3089} INFO - Sync 1 DAGs
[2025-10-29T20:09:11.577-0700] {logging_mixin.py:188} INFO - [2025-10-29T20:09:11.577-0700] {dag.py:3947} INFO - Setting next_dagrun for example_nested_branch_dag to 2025-10-29 00:00:00+00:00, run_after=2025-10-30 00:00:00+00:00
[2025-10-29T20:09:11.587-0700] {processor.py:183} INFO - Processing /opt/miniconda3/envs/airflow_env/lib/python3.11/site-packages/airflow/example_dags/example_nested_branch_dag.py took 0.095 seconds
[2025-10-29T20:10:20.873-0700] {processor.py:161} INFO - Started process (PID=26258) to work on /opt/miniconda3/envs/airflow_env/lib/python3.11/site-packages/airflow/example_dags/example_nested_branch_dag.py
[2025-10-29T20:10:20.873-0700] {processor.py:830} INFO - Processing file /opt/miniconda3/envs/airflow_env/lib/python3.11/site-packages/airflow/example_dags/example_nested_branch_dag.py for tasks to queue
[2025-10-29T20:10:20.874-0700] {logging_mixin.py:188} INFO - [2025-10-29T20:10:20.873-0700] {dagbag.py:545} INFO - Filling up the DagBag from /opt/miniconda3/envs/airflow_env/lib/python3.11/site-packages/airflow/example_dags/example_nested_branch_dag.py
[2025-10-29T20:10:20.895-0700] {processor.py:840} INFO - DAG(s) 'example_nested_branch_dag' retrieved from /opt/miniconda3/envs/airflow_env/lib/python3.11/site-packages/airflow/example_dags/example_nested_branch_dag.py
[2025-10-29T20:10:20.943-0700] {logging_mixin.py:188} INFO - [2025-10-29T20:10:20.943-0700] {dag.py:3089} INFO - Sync 1 DAGs
[2025-10-29T20:10:20.952-0700] {logging_mixin.py:188} INFO - [2025-10-29T20:10:20.952-0700] {dag.py:3947} INFO - Setting next_dagrun for example_nested_branch_dag to 2025-10-29 00:00:00+00:00, run_after=2025-10-30 00:00:00+00:00
[2025-10-29T20:10:20.962-0700] {processor.py:183} INFO - Processing /opt/miniconda3/envs/airflow_env/lib/python3.11/site-packages/airflow/example_dags/example_nested_branch_dag.py took 0.092 seconds
[2025-10-29T20:11:43.011-0700] {processor.py:161} INFO - Started process (PID=26527) to work on /opt/miniconda3/envs/airflow_env/lib/python3.11/site-packages/airflow/example_dags/example_nested_branch_dag.py
[2025-10-29T20:11:43.012-0700] {processor.py:830} INFO - Processing file /opt/miniconda3/envs/airflow_env/lib/python3.11/site-packages/airflow/example_dags/example_nested_branch_dag.py for tasks to queue
[2025-10-29T20:11:43.013-0700] {logging_mixin.py:188} INFO - [2025-10-29T20:11:43.013-0700] {dagbag.py:545} INFO - Filling up the DagBag from /opt/miniconda3/envs/airflow_env/lib/python3.11/site-packages/airflow/example_dags/example_nested_branch_dag.py
[2025-10-29T20:11:43.042-0700] {processor.py:840} INFO - DAG(s) 'example_nested_branch_dag' retrieved from /opt/miniconda3/envs/airflow_env/lib/python3.11/site-packages/airflow/example_dags/example_nested_branch_dag.py
[2025-10-29T20:11:43.133-0700] {logging_mixin.py:188} INFO - [2025-10-29T20:11:43.132-0700] {dag.py:3089} INFO - Sync 1 DAGs
[2025-10-29T20:11:43.148-0700] {logging_mixin.py:188} INFO - [2025-10-29T20:11:43.148-0700] {dag.py:3947} INFO - Setting next_dagrun for example_nested_branch_dag to 2025-10-29 00:00:00+00:00, run_after=2025-10-30 00:00:00+00:00
[2025-10-29T20:11:43.181-0700] {processor.py:183} INFO - Processing /opt/miniconda3/envs/airflow_env/lib/python3.11/site-packages/airflow/example_dags/example_nested_branch_dag.py took 0.172 seconds
[2025-10-29T20:12:36.999-0700] {processor.py:161} INFO - Started process (PID=26721) to work on /opt/miniconda3/envs/airflow_env/lib/python3.11/site-packages/airflow/example_dags/example_nested_branch_dag.py
[2025-10-29T20:12:37.000-0700] {processor.py:830} INFO - Processing file /opt/miniconda3/envs/airflow_env/lib/python3.11/site-packages/airflow/example_dags/example_nested_branch_dag.py for tasks to queue
[2025-10-29T20:12:37.000-0700] {logging_mixin.py:188} INFO - [2025-10-29T20:12:37.000-0700] {dagbag.py:545} INFO - Filling up the DagBag from /opt/miniconda3/envs/airflow_env/lib/python3.11/site-packages/airflow/example_dags/example_nested_branch_dag.py
[2025-10-29T20:12:37.025-0700] {processor.py:840} INFO - DAG(s) 'example_nested_branch_dag' retrieved from /opt/miniconda3/envs/airflow_env/lib/python3.11/site-packages/airflow/example_dags/example_nested_branch_dag.py
[2025-10-29T20:12:37.082-0700] {logging_mixin.py:188} INFO - [2025-10-29T20:12:37.082-0700] {dag.py:3089} INFO - Sync 1 DAGs
[2025-10-29T20:12:37.092-0700] {logging_mixin.py:188} INFO - [2025-10-29T20:12:37.092-0700] {dag.py:3947} INFO - Setting next_dagrun for example_nested_branch_dag to 2025-10-29 00:00:00+00:00, run_after=2025-10-30 00:00:00+00:00
[2025-10-29T20:12:37.104-0700] {processor.py:183} INFO - Processing /opt/miniconda3/envs/airflow_env/lib/python3.11/site-packages/airflow/example_dags/example_nested_branch_dag.py took 0.107 seconds
[2025-10-29T20:12:59.888-0700] {processor.py:161} INFO - Started process (PID=26790) to work on /opt/miniconda3/envs/airflow_env/lib/python3.11/site-packages/airflow/example_dags/example_nested_branch_dag.py
[2025-10-29T20:12:59.889-0700] {processor.py:830} INFO - Processing file /opt/miniconda3/envs/airflow_env/lib/python3.11/site-packages/airflow/example_dags/example_nested_branch_dag.py for tasks to queue
[2025-10-29T20:12:59.889-0700] {logging_mixin.py:188} INFO - [2025-10-29T20:12:59.889-0700] {dagbag.py:545} INFO - Filling up the DagBag from /opt/miniconda3/envs/airflow_env/lib/python3.11/site-packages/airflow/example_dags/example_nested_branch_dag.py
[2025-10-29T20:12:59.910-0700] {processor.py:840} INFO - DAG(s) 'example_nested_branch_dag' retrieved from /opt/miniconda3/envs/airflow_env/lib/python3.11/site-packages/airflow/example_dags/example_nested_branch_dag.py
[2025-10-29T20:12:59.958-0700] {logging_mixin.py:188} INFO - [2025-10-29T20:12:59.958-0700] {dag.py:3089} INFO - Sync 1 DAGs
[2025-10-29T20:12:59.966-0700] {logging_mixin.py:188} INFO - [2025-10-29T20:12:59.966-0700] {dag.py:3947} INFO - Setting next_dagrun for example_nested_branch_dag to 2025-10-29 00:00:00+00:00, run_after=2025-10-30 00:00:00+00:00
[2025-10-29T20:12:59.977-0700] {processor.py:183} INFO - Processing /opt/miniconda3/envs/airflow_env/lib/python3.11/site-packages/airflow/example_dags/example_nested_branch_dag.py took 0.091 seconds
[2025-10-29T20:14:24.168-0700] {processor.py:161} INFO - Started process (PID=27084) to work on /opt/miniconda3/envs/airflow_env/lib/python3.11/site-packages/airflow/example_dags/example_nested_branch_dag.py
[2025-10-29T20:14:24.169-0700] {processor.py:830} INFO - Processing file /opt/miniconda3/envs/airflow_env/lib/python3.11/site-packages/airflow/example_dags/example_nested_branch_dag.py for tasks to queue
[2025-10-29T20:14:24.170-0700] {logging_mixin.py:188} INFO - [2025-10-29T20:14:24.170-0700] {dagbag.py:545} INFO - Filling up the DagBag from /opt/miniconda3/envs/airflow_env/lib/python3.11/site-packages/airflow/example_dags/example_nested_branch_dag.py
[2025-10-29T20:14:24.206-0700] {processor.py:840} INFO - DAG(s) 'example_nested_branch_dag' retrieved from /opt/miniconda3/envs/airflow_env/lib/python3.11/site-packages/airflow/example_dags/example_nested_branch_dag.py
[2025-10-29T20:14:24.287-0700] {logging_mixin.py:188} INFO - [2025-10-29T20:14:24.287-0700] {dag.py:3089} INFO - Sync 1 DAGs
[2025-10-29T20:14:24.302-0700] {logging_mixin.py:188} INFO - [2025-10-29T20:14:24.301-0700] {dag.py:3947} INFO - Setting next_dagrun for example_nested_branch_dag to 2025-10-29 00:00:00+00:00, run_after=2025-10-30 00:00:00+00:00
[2025-10-29T20:14:24.319-0700] {processor.py:183} INFO - Processing /opt/miniconda3/envs/airflow_env/lib/python3.11/site-packages/airflow/example_dags/example_nested_branch_dag.py took 0.154 seconds
[2025-10-29T20:14:30.932-0700] {processor.py:161} INFO - Started process (PID=27107) to work on /opt/miniconda3/envs/airflow_env/lib/python3.11/site-packages/airflow/example_dags/example_nested_branch_dag.py
[2025-10-29T20:14:30.933-0700] {processor.py:830} INFO - Processing file /opt/miniconda3/envs/airflow_env/lib/python3.11/site-packages/airflow/example_dags/example_nested_branch_dag.py for tasks to queue
[2025-10-29T20:14:30.934-0700] {logging_mixin.py:188} INFO - [2025-10-29T20:14:30.933-0700] {dagbag.py:545} INFO - Filling up the DagBag from /opt/miniconda3/envs/airflow_env/lib/python3.11/site-packages/airflow/example_dags/example_nested_branch_dag.py
[2025-10-29T20:14:30.964-0700] {processor.py:840} INFO - DAG(s) 'example_nested_branch_dag' retrieved from /opt/miniconda3/envs/airflow_env/lib/python3.11/site-packages/airflow/example_dags/example_nested_branch_dag.py
[2025-10-29T20:14:31.034-0700] {logging_mixin.py:188} INFO - [2025-10-29T20:14:31.034-0700] {dag.py:3089} INFO - Sync 1 DAGs
[2025-10-29T20:14:31.047-0700] {logging_mixin.py:188} INFO - [2025-10-29T20:14:31.047-0700] {dag.py:3947} INFO - Setting next_dagrun for example_nested_branch_dag to 2025-10-29 00:00:00+00:00, run_after=2025-10-30 00:00:00+00:00
[2025-10-29T20:14:31.063-0700] {processor.py:183} INFO - Processing /opt/miniconda3/envs/airflow_env/lib/python3.11/site-packages/airflow/example_dags/example_nested_branch_dag.py took 0.133 seconds
[2025-10-29T20:15:48.192-0700] {processor.py:161} INFO - Started process (PID=27362) to work on /opt/miniconda3/envs/airflow_env/lib/python3.11/site-packages/airflow/example_dags/example_nested_branch_dag.py
[2025-10-29T20:15:48.193-0700] {processor.py:830} INFO - Processing file /opt/miniconda3/envs/airflow_env/lib/python3.11/site-packages/airflow/example_dags/example_nested_branch_dag.py for tasks to queue
[2025-10-29T20:15:48.194-0700] {logging_mixin.py:188} INFO - [2025-10-29T20:15:48.194-0700] {dagbag.py:545} INFO - Filling up the DagBag from /opt/miniconda3/envs/airflow_env/lib/python3.11/site-packages/airflow/example_dags/example_nested_branch_dag.py
[2025-10-29T20:15:48.228-0700] {processor.py:840} INFO - DAG(s) 'example_nested_branch_dag' retrieved from /opt/miniconda3/envs/airflow_env/lib/python3.11/site-packages/airflow/example_dags/example_nested_branch_dag.py
[2025-10-29T20:15:48.296-0700] {logging_mixin.py:188} INFO - [2025-10-29T20:15:48.296-0700] {dag.py:3089} INFO - Sync 1 DAGs
[2025-10-29T20:15:48.308-0700] {logging_mixin.py:188} INFO - [2025-10-29T20:15:48.308-0700] {dag.py:3947} INFO - Setting next_dagrun for example_nested_branch_dag to 2025-10-29 00:00:00+00:00, run_after=2025-10-30 00:00:00+00:00
[2025-10-29T20:15:48.323-0700] {processor.py:183} INFO - Processing /opt/miniconda3/envs/airflow_env/lib/python3.11/site-packages/airflow/example_dags/example_nested_branch_dag.py took 0.133 seconds
[2025-10-29T20:17:22.217-0700] {processor.py:161} INFO - Started process (PID=27686) to work on /opt/miniconda3/envs/airflow_env/lib/python3.11/site-packages/airflow/example_dags/example_nested_branch_dag.py
[2025-10-29T20:17:22.218-0700] {processor.py:830} INFO - Processing file /opt/miniconda3/envs/airflow_env/lib/python3.11/site-packages/airflow/example_dags/example_nested_branch_dag.py for tasks to queue
[2025-10-29T20:17:22.219-0700] {logging_mixin.py:188} INFO - [2025-10-29T20:17:22.219-0700] {dagbag.py:545} INFO - Filling up the DagBag from /opt/miniconda3/envs/airflow_env/lib/python3.11/site-packages/airflow/example_dags/example_nested_branch_dag.py
[2025-10-29T20:17:22.249-0700] {processor.py:840} INFO - DAG(s) 'example_nested_branch_dag' retrieved from /opt/miniconda3/envs/airflow_env/lib/python3.11/site-packages/airflow/example_dags/example_nested_branch_dag.py
[2025-10-29T20:17:22.321-0700] {logging_mixin.py:188} INFO - [2025-10-29T20:17:22.320-0700] {dag.py:3089} INFO - Sync 1 DAGs
[2025-10-29T20:17:22.336-0700] {logging_mixin.py:188} INFO - [2025-10-29T20:17:22.335-0700] {dag.py:3947} INFO - Setting next_dagrun for example_nested_branch_dag to 2025-10-29 00:00:00+00:00, run_after=2025-10-30 00:00:00+00:00
[2025-10-29T20:17:22.351-0700] {processor.py:183} INFO - Processing /opt/miniconda3/envs/airflow_env/lib/python3.11/site-packages/airflow/example_dags/example_nested_branch_dag.py took 0.137 seconds
[2025-10-29T20:17:26.014-0700] {processor.py:161} INFO - Started process (PID=27697) to work on /opt/miniconda3/envs/airflow_env/lib/python3.11/site-packages/airflow/example_dags/example_nested_branch_dag.py
[2025-10-29T20:17:26.015-0700] {processor.py:830} INFO - Processing file /opt/miniconda3/envs/airflow_env/lib/python3.11/site-packages/airflow/example_dags/example_nested_branch_dag.py for tasks to queue
[2025-10-29T20:17:26.015-0700] {logging_mixin.py:188} INFO - [2025-10-29T20:17:26.015-0700] {dagbag.py:545} INFO - Filling up the DagBag from /opt/miniconda3/envs/airflow_env/lib/python3.11/site-packages/airflow/example_dags/example_nested_branch_dag.py
[2025-10-29T20:17:26.036-0700] {processor.py:840} INFO - DAG(s) 'example_nested_branch_dag' retrieved from /opt/miniconda3/envs/airflow_env/lib/python3.11/site-packages/airflow/example_dags/example_nested_branch_dag.py
[2025-10-29T20:17:26.085-0700] {logging_mixin.py:188} INFO - [2025-10-29T20:17:26.085-0700] {dag.py:3089} INFO - Sync 1 DAGs
[2025-10-29T20:17:26.094-0700] {logging_mixin.py:188} INFO - [2025-10-29T20:17:26.094-0700] {dag.py:3947} INFO - Setting next_dagrun for example_nested_branch_dag to 2025-10-29 00:00:00+00:00, run_after=2025-10-30 00:00:00+00:00
[2025-10-29T20:17:26.105-0700] {processor.py:183} INFO - Processing /opt/miniconda3/envs/airflow_env/lib/python3.11/site-packages/airflow/example_dags/example_nested_branch_dag.py took 0.093 seconds
[2025-10-29T20:18:43.777-0700] {processor.py:161} INFO - Started process (PID=27947) to work on /opt/miniconda3/envs/airflow_env/lib/python3.11/site-packages/airflow/example_dags/example_nested_branch_dag.py
[2025-10-29T20:18:43.778-0700] {processor.py:830} INFO - Processing file /opt/miniconda3/envs/airflow_env/lib/python3.11/site-packages/airflow/example_dags/example_nested_branch_dag.py for tasks to queue
[2025-10-29T20:18:43.779-0700] {logging_mixin.py:188} INFO - [2025-10-29T20:18:43.779-0700] {dagbag.py:545} INFO - Filling up the DagBag from /opt/miniconda3/envs/airflow_env/lib/python3.11/site-packages/airflow/example_dags/example_nested_branch_dag.py
[2025-10-29T20:18:43.814-0700] {processor.py:840} INFO - DAG(s) 'example_nested_branch_dag' retrieved from /opt/miniconda3/envs/airflow_env/lib/python3.11/site-packages/airflow/example_dags/example_nested_branch_dag.py
[2025-10-29T20:18:43.881-0700] {logging_mixin.py:188} INFO - [2025-10-29T20:18:43.880-0700] {dag.py:3089} INFO - Sync 1 DAGs
[2025-10-29T20:18:43.892-0700] {logging_mixin.py:188} INFO - [2025-10-29T20:18:43.892-0700] {dag.py:3947} INFO - Setting next_dagrun for example_nested_branch_dag to 2025-10-29 00:00:00+00:00, run_after=2025-10-30 00:00:00+00:00
[2025-10-29T20:18:43.907-0700] {processor.py:183} INFO - Processing /opt/miniconda3/envs/airflow_env/lib/python3.11/site-packages/airflow/example_dags/example_nested_branch_dag.py took 0.133 seconds
[2025-10-29T20:20:25.699-0700] {processor.py:161} INFO - Started process (PID=28269) to work on /opt/miniconda3/envs/airflow_env/lib/python3.11/site-packages/airflow/example_dags/example_nested_branch_dag.py
[2025-10-29T20:20:25.700-0700] {processor.py:830} INFO - Processing file /opt/miniconda3/envs/airflow_env/lib/python3.11/site-packages/airflow/example_dags/example_nested_branch_dag.py for tasks to queue
[2025-10-29T20:20:25.700-0700] {logging_mixin.py:188} INFO - [2025-10-29T20:20:25.700-0700] {dagbag.py:545} INFO - Filling up the DagBag from /opt/miniconda3/envs/airflow_env/lib/python3.11/site-packages/airflow/example_dags/example_nested_branch_dag.py
[2025-10-29T20:20:25.730-0700] {processor.py:840} INFO - DAG(s) 'example_nested_branch_dag' retrieved from /opt/miniconda3/envs/airflow_env/lib/python3.11/site-packages/airflow/example_dags/example_nested_branch_dag.py
[2025-10-29T20:20:25.794-0700] {logging_mixin.py:188} INFO - [2025-10-29T20:20:25.794-0700] {dag.py:3089} INFO - Sync 1 DAGs
[2025-10-29T20:20:25.806-0700] {logging_mixin.py:188} INFO - [2025-10-29T20:20:25.806-0700] {dag.py:3947} INFO - Setting next_dagrun for example_nested_branch_dag to 2025-10-29 00:00:00+00:00, run_after=2025-10-30 00:00:00+00:00
[2025-10-29T20:20:25.821-0700] {processor.py:183} INFO - Processing /opt/miniconda3/envs/airflow_env/lib/python3.11/site-packages/airflow/example_dags/example_nested_branch_dag.py took 0.125 seconds
[2025-10-29T20:20:33.314-0700] {processor.py:161} INFO - Started process (PID=28290) to work on /opt/miniconda3/envs/airflow_env/lib/python3.11/site-packages/airflow/example_dags/example_nested_branch_dag.py
[2025-10-29T20:20:33.315-0700] {processor.py:830} INFO - Processing file /opt/miniconda3/envs/airflow_env/lib/python3.11/site-packages/airflow/example_dags/example_nested_branch_dag.py for tasks to queue
[2025-10-29T20:20:33.316-0700] {logging_mixin.py:188} INFO - [2025-10-29T20:20:33.316-0700] {dagbag.py:545} INFO - Filling up the DagBag from /opt/miniconda3/envs/airflow_env/lib/python3.11/site-packages/airflow/example_dags/example_nested_branch_dag.py
[2025-10-29T20:20:33.354-0700] {processor.py:840} INFO - DAG(s) 'example_nested_branch_dag' retrieved from /opt/miniconda3/envs/airflow_env/lib/python3.11/site-packages/airflow/example_dags/example_nested_branch_dag.py
[2025-10-29T20:20:33.442-0700] {logging_mixin.py:188} INFO - [2025-10-29T20:20:33.441-0700] {dag.py:3089} INFO - Sync 1 DAGs
[2025-10-29T20:20:33.457-0700] {logging_mixin.py:188} INFO - [2025-10-29T20:20:33.456-0700] {dag.py:3947} INFO - Setting next_dagrun for example_nested_branch_dag to 2025-10-29 00:00:00+00:00, run_after=2025-10-30 00:00:00+00:00
[2025-10-29T20:20:33.476-0700] {processor.py:183} INFO - Processing /opt/miniconda3/envs/airflow_env/lib/python3.11/site-packages/airflow/example_dags/example_nested_branch_dag.py took 0.166 seconds
[2025-10-29T20:21:51.120-0700] {processor.py:161} INFO - Started process (PID=28571) to work on /opt/miniconda3/envs/airflow_env/lib/python3.11/site-packages/airflow/example_dags/example_nested_branch_dag.py
[2025-10-29T20:21:51.121-0700] {processor.py:830} INFO - Processing file /opt/miniconda3/envs/airflow_env/lib/python3.11/site-packages/airflow/example_dags/example_nested_branch_dag.py for tasks to queue
[2025-10-29T20:21:51.121-0700] {logging_mixin.py:188} INFO - [2025-10-29T20:21:51.121-0700] {dagbag.py:545} INFO - Filling up the DagBag from /opt/miniconda3/envs/airflow_env/lib/python3.11/site-packages/airflow/example_dags/example_nested_branch_dag.py
[2025-10-29T20:21:51.161-0700] {processor.py:840} INFO - DAG(s) 'example_nested_branch_dag' retrieved from /opt/miniconda3/envs/airflow_env/lib/python3.11/site-packages/airflow/example_dags/example_nested_branch_dag.py
[2025-10-29T20:21:51.259-0700] {logging_mixin.py:188} INFO - [2025-10-29T20:21:51.259-0700] {dag.py:3089} INFO - Sync 1 DAGs
[2025-10-29T20:21:51.278-0700] {logging_mixin.py:188} INFO - [2025-10-29T20:21:51.277-0700] {dag.py:3947} INFO - Setting next_dagrun for example_nested_branch_dag to 2025-10-29 00:00:00+00:00, run_after=2025-10-30 00:00:00+00:00
[2025-10-29T20:21:51.300-0700] {processor.py:183} INFO - Processing /opt/miniconda3/envs/airflow_env/lib/python3.11/site-packages/airflow/example_dags/example_nested_branch_dag.py took 0.184 seconds
[2025-10-29T20:23:45.020-0700] {processor.py:161} INFO - Started process (PID=28964) to work on /opt/miniconda3/envs/airflow_env/lib/python3.11/site-packages/airflow/example_dags/example_nested_branch_dag.py
[2025-10-29T20:23:45.022-0700] {processor.py:830} INFO - Processing file /opt/miniconda3/envs/airflow_env/lib/python3.11/site-packages/airflow/example_dags/example_nested_branch_dag.py for tasks to queue
[2025-10-29T20:23:45.023-0700] {logging_mixin.py:188} INFO - [2025-10-29T20:23:45.023-0700] {dagbag.py:545} INFO - Filling up the DagBag from /opt/miniconda3/envs/airflow_env/lib/python3.11/site-packages/airflow/example_dags/example_nested_branch_dag.py
[2025-10-29T20:23:45.058-0700] {processor.py:840} INFO - DAG(s) 'example_nested_branch_dag' retrieved from /opt/miniconda3/envs/airflow_env/lib/python3.11/site-packages/airflow/example_dags/example_nested_branch_dag.py
[2025-10-29T20:23:45.151-0700] {logging_mixin.py:188} INFO - [2025-10-29T20:23:45.151-0700] {dag.py:3089} INFO - Sync 1 DAGs
[2025-10-29T20:23:45.169-0700] {logging_mixin.py:188} INFO - [2025-10-29T20:23:45.169-0700] {dag.py:3947} INFO - Setting next_dagrun for example_nested_branch_dag to 2025-10-29 00:00:00+00:00, run_after=2025-10-30 00:00:00+00:00
[2025-10-29T20:23:45.193-0700] {processor.py:183} INFO - Processing /opt/miniconda3/envs/airflow_env/lib/python3.11/site-packages/airflow/example_dags/example_nested_branch_dag.py took 0.176 seconds
[2025-10-29T20:23:51.903-0700] {processor.py:161} INFO - Started process (PID=28984) to work on /opt/miniconda3/envs/airflow_env/lib/python3.11/site-packages/airflow/example_dags/example_nested_branch_dag.py
[2025-10-29T20:23:51.904-0700] {processor.py:830} INFO - Processing file /opt/miniconda3/envs/airflow_env/lib/python3.11/site-packages/airflow/example_dags/example_nested_branch_dag.py for tasks to queue
[2025-10-29T20:23:51.904-0700] {logging_mixin.py:188} INFO - [2025-10-29T20:23:51.904-0700] {dagbag.py:545} INFO - Filling up the DagBag from /opt/miniconda3/envs/airflow_env/lib/python3.11/site-packages/airflow/example_dags/example_nested_branch_dag.py
[2025-10-29T20:23:51.938-0700] {processor.py:840} INFO - DAG(s) 'example_nested_branch_dag' retrieved from /opt/miniconda3/envs/airflow_env/lib/python3.11/site-packages/airflow/example_dags/example_nested_branch_dag.py
[2025-10-29T20:23:52.019-0700] {logging_mixin.py:188} INFO - [2025-10-29T20:23:52.018-0700] {dag.py:3089} INFO - Sync 1 DAGs
[2025-10-29T20:23:52.033-0700] {logging_mixin.py:188} INFO - [2025-10-29T20:23:52.033-0700] {dag.py:3947} INFO - Setting next_dagrun for example_nested_branch_dag to 2025-10-29 00:00:00+00:00, run_after=2025-10-30 00:00:00+00:00
[2025-10-29T20:23:52.050-0700] {processor.py:183} INFO - Processing /opt/miniconda3/envs/airflow_env/lib/python3.11/site-packages/airflow/example_dags/example_nested_branch_dag.py took 0.151 seconds
[2025-10-29T20:24:58.960-0700] {processor.py:161} INFO - Started process (PID=29207) to work on /opt/miniconda3/envs/airflow_env/lib/python3.11/site-packages/airflow/example_dags/example_nested_branch_dag.py
[2025-10-29T20:24:58.961-0700] {processor.py:830} INFO - Processing file /opt/miniconda3/envs/airflow_env/lib/python3.11/site-packages/airflow/example_dags/example_nested_branch_dag.py for tasks to queue
[2025-10-29T20:24:58.961-0700] {logging_mixin.py:188} INFO - [2025-10-29T20:24:58.961-0700] {dagbag.py:545} INFO - Filling up the DagBag from /opt/miniconda3/envs/airflow_env/lib/python3.11/site-packages/airflow/example_dags/example_nested_branch_dag.py
[2025-10-29T20:24:58.983-0700] {processor.py:840} INFO - DAG(s) 'example_nested_branch_dag' retrieved from /opt/miniconda3/envs/airflow_env/lib/python3.11/site-packages/airflow/example_dags/example_nested_branch_dag.py
[2025-10-29T20:24:59.033-0700] {logging_mixin.py:188} INFO - [2025-10-29T20:24:59.033-0700] {dag.py:3089} INFO - Sync 1 DAGs
[2025-10-29T20:24:59.042-0700] {logging_mixin.py:188} INFO - [2025-10-29T20:24:59.041-0700] {dag.py:3947} INFO - Setting next_dagrun for example_nested_branch_dag to 2025-10-29 00:00:00+00:00, run_after=2025-10-30 00:00:00+00:00
[2025-10-29T20:24:59.052-0700] {processor.py:183} INFO - Processing /opt/miniconda3/envs/airflow_env/lib/python3.11/site-packages/airflow/example_dags/example_nested_branch_dag.py took 0.094 seconds
[2025-10-29T20:26:42.223-0700] {processor.py:161} INFO - Started process (PID=29565) to work on /opt/miniconda3/envs/airflow_env/lib/python3.11/site-packages/airflow/example_dags/example_nested_branch_dag.py
[2025-10-29T20:26:42.224-0700] {processor.py:830} INFO - Processing file /opt/miniconda3/envs/airflow_env/lib/python3.11/site-packages/airflow/example_dags/example_nested_branch_dag.py for tasks to queue
[2025-10-29T20:26:42.224-0700] {logging_mixin.py:188} INFO - [2025-10-29T20:26:42.224-0700] {dagbag.py:545} INFO - Filling up the DagBag from /opt/miniconda3/envs/airflow_env/lib/python3.11/site-packages/airflow/example_dags/example_nested_branch_dag.py
[2025-10-29T20:26:42.248-0700] {processor.py:840} INFO - DAG(s) 'example_nested_branch_dag' retrieved from /opt/miniconda3/envs/airflow_env/lib/python3.11/site-packages/airflow/example_dags/example_nested_branch_dag.py
[2025-10-29T20:26:42.300-0700] {logging_mixin.py:188} INFO - [2025-10-29T20:26:42.299-0700] {dag.py:3089} INFO - Sync 1 DAGs
[2025-10-29T20:26:42.308-0700] {logging_mixin.py:188} INFO - [2025-10-29T20:26:42.308-0700] {dag.py:3947} INFO - Setting next_dagrun for example_nested_branch_dag to 2025-10-29 00:00:00+00:00, run_after=2025-10-30 00:00:00+00:00
[2025-10-29T20:26:42.319-0700] {processor.py:183} INFO - Processing /opt/miniconda3/envs/airflow_env/lib/python3.11/site-packages/airflow/example_dags/example_nested_branch_dag.py took 0.098 seconds
[2025-10-29T20:26:45.128-0700] {processor.py:161} INFO - Started process (PID=29573) to work on /opt/miniconda3/envs/airflow_env/lib/python3.11/site-packages/airflow/example_dags/example_nested_branch_dag.py
[2025-10-29T20:26:45.129-0700] {processor.py:830} INFO - Processing file /opt/miniconda3/envs/airflow_env/lib/python3.11/site-packages/airflow/example_dags/example_nested_branch_dag.py for tasks to queue
[2025-10-29T20:26:45.129-0700] {logging_mixin.py:188} INFO - [2025-10-29T20:26:45.129-0700] {dagbag.py:545} INFO - Filling up the DagBag from /opt/miniconda3/envs/airflow_env/lib/python3.11/site-packages/airflow/example_dags/example_nested_branch_dag.py
[2025-10-29T20:26:45.154-0700] {processor.py:840} INFO - DAG(s) 'example_nested_branch_dag' retrieved from /opt/miniconda3/envs/airflow_env/lib/python3.11/site-packages/airflow/example_dags/example_nested_branch_dag.py
[2025-10-29T20:26:45.211-0700] {logging_mixin.py:188} INFO - [2025-10-29T20:26:45.211-0700] {dag.py:3089} INFO - Sync 1 DAGs
[2025-10-29T20:26:45.221-0700] {logging_mixin.py:188} INFO - [2025-10-29T20:26:45.221-0700] {dag.py:3947} INFO - Setting next_dagrun for example_nested_branch_dag to 2025-10-29 00:00:00+00:00, run_after=2025-10-30 00:00:00+00:00
[2025-10-29T20:26:45.233-0700] {processor.py:183} INFO - Processing /opt/miniconda3/envs/airflow_env/lib/python3.11/site-packages/airflow/example_dags/example_nested_branch_dag.py took 0.107 seconds
[2025-10-29T20:27:46.614-0700] {processor.py:161} INFO - Started process (PID=29788) to work on /opt/miniconda3/envs/airflow_env/lib/python3.11/site-packages/airflow/example_dags/example_nested_branch_dag.py
[2025-10-29T20:27:46.615-0700] {processor.py:830} INFO - Processing file /opt/miniconda3/envs/airflow_env/lib/python3.11/site-packages/airflow/example_dags/example_nested_branch_dag.py for tasks to queue
[2025-10-29T20:27:46.615-0700] {logging_mixin.py:188} INFO - [2025-10-29T20:27:46.615-0700] {dagbag.py:545} INFO - Filling up the DagBag from /opt/miniconda3/envs/airflow_env/lib/python3.11/site-packages/airflow/example_dags/example_nested_branch_dag.py
[2025-10-29T20:27:46.649-0700] {processor.py:840} INFO - DAG(s) 'example_nested_branch_dag' retrieved from /opt/miniconda3/envs/airflow_env/lib/python3.11/site-packages/airflow/example_dags/example_nested_branch_dag.py
[2025-10-29T20:27:46.720-0700] {logging_mixin.py:188} INFO - [2025-10-29T20:27:46.719-0700] {dag.py:3089} INFO - Sync 1 DAGs
[2025-10-29T20:27:46.731-0700] {logging_mixin.py:188} INFO - [2025-10-29T20:27:46.731-0700] {dag.py:3947} INFO - Setting next_dagrun for example_nested_branch_dag to 2025-10-29 00:00:00+00:00, run_after=2025-10-30 00:00:00+00:00
[2025-10-29T20:27:46.746-0700] {processor.py:183} INFO - Processing /opt/miniconda3/envs/airflow_env/lib/python3.11/site-packages/airflow/example_dags/example_nested_branch_dag.py took 0.135 seconds
[2025-10-29T20:29:30.891-0700] {processor.py:161} INFO - Started process (PID=30147) to work on /opt/miniconda3/envs/airflow_env/lib/python3.11/site-packages/airflow/example_dags/example_nested_branch_dag.py
[2025-10-29T20:29:30.892-0700] {processor.py:830} INFO - Processing file /opt/miniconda3/envs/airflow_env/lib/python3.11/site-packages/airflow/example_dags/example_nested_branch_dag.py for tasks to queue
[2025-10-29T20:29:30.893-0700] {logging_mixin.py:188} INFO - [2025-10-29T20:29:30.893-0700] {dagbag.py:545} INFO - Filling up the DagBag from /opt/miniconda3/envs/airflow_env/lib/python3.11/site-packages/airflow/example_dags/example_nested_branch_dag.py
[2025-10-29T20:29:30.921-0700] {processor.py:840} INFO - DAG(s) 'example_nested_branch_dag' retrieved from /opt/miniconda3/envs/airflow_env/lib/python3.11/site-packages/airflow/example_dags/example_nested_branch_dag.py
[2025-10-29T20:29:30.988-0700] {logging_mixin.py:188} INFO - [2025-10-29T20:29:30.987-0700] {dag.py:3089} INFO - Sync 1 DAGs
[2025-10-29T20:29:30.999-0700] {logging_mixin.py:188} INFO - [2025-10-29T20:29:30.999-0700] {dag.py:3947} INFO - Setting next_dagrun for example_nested_branch_dag to 2025-10-29 00:00:00+00:00, run_after=2025-10-30 00:00:00+00:00
[2025-10-29T20:29:31.012-0700] {processor.py:183} INFO - Processing /opt/miniconda3/envs/airflow_env/lib/python3.11/site-packages/airflow/example_dags/example_nested_branch_dag.py took 0.124 seconds
[2025-10-29T20:29:33.362-0700] {processor.py:161} INFO - Started process (PID=30156) to work on /opt/miniconda3/envs/airflow_env/lib/python3.11/site-packages/airflow/example_dags/example_nested_branch_dag.py
[2025-10-29T20:29:33.363-0700] {processor.py:830} INFO - Processing file /opt/miniconda3/envs/airflow_env/lib/python3.11/site-packages/airflow/example_dags/example_nested_branch_dag.py for tasks to queue
[2025-10-29T20:29:33.363-0700] {logging_mixin.py:188} INFO - [2025-10-29T20:29:33.363-0700] {dagbag.py:545} INFO - Filling up the DagBag from /opt/miniconda3/envs/airflow_env/lib/python3.11/site-packages/airflow/example_dags/example_nested_branch_dag.py
[2025-10-29T20:29:33.388-0700] {processor.py:840} INFO - DAG(s) 'example_nested_branch_dag' retrieved from /opt/miniconda3/envs/airflow_env/lib/python3.11/site-packages/airflow/example_dags/example_nested_branch_dag.py
[2025-10-29T20:29:33.444-0700] {logging_mixin.py:188} INFO - [2025-10-29T20:29:33.444-0700] {dag.py:3089} INFO - Sync 1 DAGs
[2025-10-29T20:29:33.454-0700] {logging_mixin.py:188} INFO - [2025-10-29T20:29:33.454-0700] {dag.py:3947} INFO - Setting next_dagrun for example_nested_branch_dag to 2025-10-29 00:00:00+00:00, run_after=2025-10-30 00:00:00+00:00
[2025-10-29T20:29:33.466-0700] {processor.py:183} INFO - Processing /opt/miniconda3/envs/airflow_env/lib/python3.11/site-packages/airflow/example_dags/example_nested_branch_dag.py took 0.106 seconds
