[2025-10-29T18:41:31.948-0700] {processor.py:161} INFO - Started process (PID=5243) to work on /opt/miniconda3/envs/airflow_env/lib/python3.11/site-packages/airflow/example_dags/example_branch_operator.py
[2025-10-29T18:41:31.948-0700] {processor.py:830} INFO - Processing file /opt/miniconda3/envs/airflow_env/lib/python3.11/site-packages/airflow/example_dags/example_branch_operator.py for tasks to queue
[2025-10-29T18:41:31.949-0700] {logging_mixin.py:188} INFO - [2025-10-29T18:41:31.948-0700] {dagbag.py:545} INFO - Filling up the DagBag from /opt/miniconda3/envs/airflow_env/lib/python3.11/site-packages/airflow/example_dags/example_branch_operator.py
[2025-10-29T18:41:31.960-0700] {processor.py:842} WARNING - No viable dags retrieved from /opt/miniconda3/envs/airflow_env/lib/python3.11/site-packages/airflow/example_dags/example_branch_operator.py
[2025-10-29T18:41:31.999-0700] {processor.py:183} INFO - Processing /opt/miniconda3/envs/airflow_env/lib/python3.11/site-packages/airflow/example_dags/example_branch_operator.py took 0.054 seconds
[2025-10-29T18:43:50.031-0700] {processor.py:161} INFO - Started process (PID=5510) to work on /opt/miniconda3/envs/airflow_env/lib/python3.11/site-packages/airflow/example_dags/example_branch_operator.py
[2025-10-29T18:43:50.032-0700] {processor.py:830} INFO - Processing file /opt/miniconda3/envs/airflow_env/lib/python3.11/site-packages/airflow/example_dags/example_branch_operator.py for tasks to queue
[2025-10-29T18:43:50.033-0700] {logging_mixin.py:188} INFO - [2025-10-29T18:43:50.033-0700] {dagbag.py:545} INFO - Filling up the DagBag from /opt/miniconda3/envs/airflow_env/lib/python3.11/site-packages/airflow/example_dags/example_branch_operator.py
[2025-10-29T18:43:50.045-0700] {processor.py:842} WARNING - No viable dags retrieved from /opt/miniconda3/envs/airflow_env/lib/python3.11/site-packages/airflow/example_dags/example_branch_operator.py
[2025-10-29T18:43:50.082-0700] {processor.py:183} INFO - Processing /opt/miniconda3/envs/airflow_env/lib/python3.11/site-packages/airflow/example_dags/example_branch_operator.py took 0.053 seconds
[2025-10-29T18:46:14.594-0700] {processor.py:161} INFO - Started process (PID=5772) to work on /opt/miniconda3/envs/airflow_env/lib/python3.11/site-packages/airflow/example_dags/example_branch_operator.py
[2025-10-29T18:46:14.594-0700] {processor.py:830} INFO - Processing file /opt/miniconda3/envs/airflow_env/lib/python3.11/site-packages/airflow/example_dags/example_branch_operator.py for tasks to queue
[2025-10-29T18:46:14.595-0700] {logging_mixin.py:188} INFO - [2025-10-29T18:46:14.595-0700] {dagbag.py:545} INFO - Filling up the DagBag from /opt/miniconda3/envs/airflow_env/lib/python3.11/site-packages/airflow/example_dags/example_branch_operator.py
[2025-10-29T18:46:14.607-0700] {processor.py:842} WARNING - No viable dags retrieved from /opt/miniconda3/envs/airflow_env/lib/python3.11/site-packages/airflow/example_dags/example_branch_operator.py
[2025-10-29T18:46:14.645-0700] {processor.py:183} INFO - Processing /opt/miniconda3/envs/airflow_env/lib/python3.11/site-packages/airflow/example_dags/example_branch_operator.py took 0.053 seconds
[2025-10-29T18:48:39.743-0700] {processor.py:161} INFO - Started process (PID=6027) to work on /opt/miniconda3/envs/airflow_env/lib/python3.11/site-packages/airflow/example_dags/example_branch_operator.py
[2025-10-29T18:48:39.744-0700] {processor.py:830} INFO - Processing file /opt/miniconda3/envs/airflow_env/lib/python3.11/site-packages/airflow/example_dags/example_branch_operator.py for tasks to queue
[2025-10-29T18:48:39.744-0700] {logging_mixin.py:188} INFO - [2025-10-29T18:48:39.744-0700] {dagbag.py:545} INFO - Filling up the DagBag from /opt/miniconda3/envs/airflow_env/lib/python3.11/site-packages/airflow/example_dags/example_branch_operator.py
[2025-10-29T18:48:39.756-0700] {processor.py:842} WARNING - No viable dags retrieved from /opt/miniconda3/envs/airflow_env/lib/python3.11/site-packages/airflow/example_dags/example_branch_operator.py
[2025-10-29T18:48:39.794-0700] {processor.py:183} INFO - Processing /opt/miniconda3/envs/airflow_env/lib/python3.11/site-packages/airflow/example_dags/example_branch_operator.py took 0.053 seconds
[2025-10-29T18:51:04.006-0700] {processor.py:161} INFO - Started process (PID=9840) to work on /opt/miniconda3/envs/airflow_env/lib/python3.11/site-packages/airflow/example_dags/example_branch_operator.py
[2025-10-29T18:51:04.007-0700] {processor.py:830} INFO - Processing file /opt/miniconda3/envs/airflow_env/lib/python3.11/site-packages/airflow/example_dags/example_branch_operator.py for tasks to queue
[2025-10-29T18:51:04.008-0700] {logging_mixin.py:188} INFO - [2025-10-29T18:51:04.008-0700] {dagbag.py:545} INFO - Filling up the DagBag from /opt/miniconda3/envs/airflow_env/lib/python3.11/site-packages/airflow/example_dags/example_branch_operator.py
[2025-10-29T18:51:04.020-0700] {processor.py:842} WARNING - No viable dags retrieved from /opt/miniconda3/envs/airflow_env/lib/python3.11/site-packages/airflow/example_dags/example_branch_operator.py
[2025-10-29T18:51:04.058-0700] {processor.py:183} INFO - Processing /opt/miniconda3/envs/airflow_env/lib/python3.11/site-packages/airflow/example_dags/example_branch_operator.py took 0.054 seconds
[2025-10-29T18:53:21.541-0700] {processor.py:161} INFO - Started process (PID=10076) to work on /opt/miniconda3/envs/airflow_env/lib/python3.11/site-packages/airflow/example_dags/example_branch_operator.py
[2025-10-29T18:53:21.542-0700] {processor.py:830} INFO - Processing file /opt/miniconda3/envs/airflow_env/lib/python3.11/site-packages/airflow/example_dags/example_branch_operator.py for tasks to queue
[2025-10-29T18:53:21.542-0700] {logging_mixin.py:188} INFO - [2025-10-29T18:53:21.542-0700] {dagbag.py:545} INFO - Filling up the DagBag from /opt/miniconda3/envs/airflow_env/lib/python3.11/site-packages/airflow/example_dags/example_branch_operator.py
[2025-10-29T18:53:21.554-0700] {processor.py:842} WARNING - No viable dags retrieved from /opt/miniconda3/envs/airflow_env/lib/python3.11/site-packages/airflow/example_dags/example_branch_operator.py
[2025-10-29T18:53:21.592-0700] {processor.py:183} INFO - Processing /opt/miniconda3/envs/airflow_env/lib/python3.11/site-packages/airflow/example_dags/example_branch_operator.py took 0.053 seconds
[2025-10-29T18:55:43.560-0700] {processor.py:161} INFO - Started process (PID=10362) to work on /opt/miniconda3/envs/airflow_env/lib/python3.11/site-packages/airflow/example_dags/example_branch_operator.py
[2025-10-29T18:55:43.561-0700] {processor.py:830} INFO - Processing file /opt/miniconda3/envs/airflow_env/lib/python3.11/site-packages/airflow/example_dags/example_branch_operator.py for tasks to queue
[2025-10-29T18:55:43.561-0700] {logging_mixin.py:188} INFO - [2025-10-29T18:55:43.561-0700] {dagbag.py:545} INFO - Filling up the DagBag from /opt/miniconda3/envs/airflow_env/lib/python3.11/site-packages/airflow/example_dags/example_branch_operator.py
[2025-10-29T18:55:43.573-0700] {processor.py:842} WARNING - No viable dags retrieved from /opt/miniconda3/envs/airflow_env/lib/python3.11/site-packages/airflow/example_dags/example_branch_operator.py
[2025-10-29T18:55:43.611-0700] {processor.py:183} INFO - Processing /opt/miniconda3/envs/airflow_env/lib/python3.11/site-packages/airflow/example_dags/example_branch_operator.py took 0.052 seconds
[2025-10-29T18:58:06.404-0700] {processor.py:161} INFO - Started process (PID=10620) to work on /opt/miniconda3/envs/airflow_env/lib/python3.11/site-packages/airflow/example_dags/example_branch_operator.py
[2025-10-29T18:58:06.405-0700] {processor.py:830} INFO - Processing file /opt/miniconda3/envs/airflow_env/lib/python3.11/site-packages/airflow/example_dags/example_branch_operator.py for tasks to queue
[2025-10-29T18:58:06.405-0700] {logging_mixin.py:188} INFO - [2025-10-29T18:58:06.405-0700] {dagbag.py:545} INFO - Filling up the DagBag from /opt/miniconda3/envs/airflow_env/lib/python3.11/site-packages/airflow/example_dags/example_branch_operator.py
[2025-10-29T18:58:06.417-0700] {processor.py:842} WARNING - No viable dags retrieved from /opt/miniconda3/envs/airflow_env/lib/python3.11/site-packages/airflow/example_dags/example_branch_operator.py
[2025-10-29T18:58:06.454-0700] {processor.py:183} INFO - Processing /opt/miniconda3/envs/airflow_env/lib/python3.11/site-packages/airflow/example_dags/example_branch_operator.py took 0.052 seconds
[2025-10-29T19:00:07.194-0700] {processor.py:161} INFO - Started process (PID=10871) to work on /opt/miniconda3/envs/airflow_env/lib/python3.11/site-packages/airflow/example_dags/example_branch_operator.py
[2025-10-29T19:00:07.194-0700] {processor.py:830} INFO - Processing file /opt/miniconda3/envs/airflow_env/lib/python3.11/site-packages/airflow/example_dags/example_branch_operator.py for tasks to queue
[2025-10-29T19:00:07.195-0700] {logging_mixin.py:188} INFO - [2025-10-29T19:00:07.194-0700] {dagbag.py:545} INFO - Filling up the DagBag from /opt/miniconda3/envs/airflow_env/lib/python3.11/site-packages/airflow/example_dags/example_branch_operator.py
[2025-10-29T19:00:07.206-0700] {processor.py:842} WARNING - No viable dags retrieved from /opt/miniconda3/envs/airflow_env/lib/python3.11/site-packages/airflow/example_dags/example_branch_operator.py
[2025-10-29T19:00:07.245-0700] {processor.py:183} INFO - Processing /opt/miniconda3/envs/airflow_env/lib/python3.11/site-packages/airflow/example_dags/example_branch_operator.py took 0.053 seconds
[2025-10-29T19:02:31.621-0700] {processor.py:161} INFO - Started process (PID=11124) to work on /opt/miniconda3/envs/airflow_env/lib/python3.11/site-packages/airflow/example_dags/example_branch_operator.py
[2025-10-29T19:02:31.623-0700] {processor.py:830} INFO - Processing file /opt/miniconda3/envs/airflow_env/lib/python3.11/site-packages/airflow/example_dags/example_branch_operator.py for tasks to queue
[2025-10-29T19:02:31.623-0700] {logging_mixin.py:188} INFO - [2025-10-29T19:02:31.623-0700] {dagbag.py:545} INFO - Filling up the DagBag from /opt/miniconda3/envs/airflow_env/lib/python3.11/site-packages/airflow/example_dags/example_branch_operator.py
[2025-10-29T19:02:31.635-0700] {processor.py:842} WARNING - No viable dags retrieved from /opt/miniconda3/envs/airflow_env/lib/python3.11/site-packages/airflow/example_dags/example_branch_operator.py
[2025-10-29T19:02:31.673-0700] {processor.py:183} INFO - Processing /opt/miniconda3/envs/airflow_env/lib/python3.11/site-packages/airflow/example_dags/example_branch_operator.py took 0.053 seconds
[2025-10-29T19:04:59.015-0700] {processor.py:161} INFO - Started process (PID=11385) to work on /opt/miniconda3/envs/airflow_env/lib/python3.11/site-packages/airflow/example_dags/example_branch_operator.py
[2025-10-29T19:04:59.016-0700] {processor.py:830} INFO - Processing file /opt/miniconda3/envs/airflow_env/lib/python3.11/site-packages/airflow/example_dags/example_branch_operator.py for tasks to queue
[2025-10-29T19:04:59.016-0700] {logging_mixin.py:188} INFO - [2025-10-29T19:04:59.016-0700] {dagbag.py:545} INFO - Filling up the DagBag from /opt/miniconda3/envs/airflow_env/lib/python3.11/site-packages/airflow/example_dags/example_branch_operator.py
[2025-10-29T19:04:59.028-0700] {processor.py:842} WARNING - No viable dags retrieved from /opt/miniconda3/envs/airflow_env/lib/python3.11/site-packages/airflow/example_dags/example_branch_operator.py
[2025-10-29T19:04:59.066-0700] {processor.py:183} INFO - Processing /opt/miniconda3/envs/airflow_env/lib/python3.11/site-packages/airflow/example_dags/example_branch_operator.py took 0.053 seconds
[2025-10-29T19:07:27.490-0700] {processor.py:161} INFO - Started process (PID=11656) to work on /opt/miniconda3/envs/airflow_env/lib/python3.11/site-packages/airflow/example_dags/example_branch_operator.py
[2025-10-29T19:07:27.491-0700] {processor.py:830} INFO - Processing file /opt/miniconda3/envs/airflow_env/lib/python3.11/site-packages/airflow/example_dags/example_branch_operator.py for tasks to queue
[2025-10-29T19:07:27.492-0700] {logging_mixin.py:188} INFO - [2025-10-29T19:07:27.492-0700] {dagbag.py:545} INFO - Filling up the DagBag from /opt/miniconda3/envs/airflow_env/lib/python3.11/site-packages/airflow/example_dags/example_branch_operator.py
[2025-10-29T19:07:27.504-0700] {processor.py:842} WARNING - No viable dags retrieved from /opt/miniconda3/envs/airflow_env/lib/python3.11/site-packages/airflow/example_dags/example_branch_operator.py
[2025-10-29T19:07:27.541-0700] {processor.py:183} INFO - Processing /opt/miniconda3/envs/airflow_env/lib/python3.11/site-packages/airflow/example_dags/example_branch_operator.py took 0.053 seconds
[2025-10-29T19:09:53.326-0700] {processor.py:161} INFO - Started process (PID=11895) to work on /opt/miniconda3/envs/airflow_env/lib/python3.11/site-packages/airflow/example_dags/example_branch_operator.py
[2025-10-29T19:09:53.327-0700] {processor.py:830} INFO - Processing file /opt/miniconda3/envs/airflow_env/lib/python3.11/site-packages/airflow/example_dags/example_branch_operator.py for tasks to queue
[2025-10-29T19:09:53.327-0700] {logging_mixin.py:188} INFO - [2025-10-29T19:09:53.327-0700] {dagbag.py:545} INFO - Filling up the DagBag from /opt/miniconda3/envs/airflow_env/lib/python3.11/site-packages/airflow/example_dags/example_branch_operator.py
[2025-10-29T19:09:53.339-0700] {processor.py:842} WARNING - No viable dags retrieved from /opt/miniconda3/envs/airflow_env/lib/python3.11/site-packages/airflow/example_dags/example_branch_operator.py
[2025-10-29T19:09:53.377-0700] {processor.py:183} INFO - Processing /opt/miniconda3/envs/airflow_env/lib/python3.11/site-packages/airflow/example_dags/example_branch_operator.py took 0.053 seconds
[2025-10-29T19:12:26.502-0700] {processor.py:161} INFO - Started process (PID=12174) to work on /opt/miniconda3/envs/airflow_env/lib/python3.11/site-packages/airflow/example_dags/example_branch_operator.py
[2025-10-29T19:12:26.503-0700] {processor.py:830} INFO - Processing file /opt/miniconda3/envs/airflow_env/lib/python3.11/site-packages/airflow/example_dags/example_branch_operator.py for tasks to queue
[2025-10-29T19:12:26.504-0700] {logging_mixin.py:188} INFO - [2025-10-29T19:12:26.504-0700] {dagbag.py:545} INFO - Filling up the DagBag from /opt/miniconda3/envs/airflow_env/lib/python3.11/site-packages/airflow/example_dags/example_branch_operator.py
[2025-10-29T19:12:26.517-0700] {processor.py:842} WARNING - No viable dags retrieved from /opt/miniconda3/envs/airflow_env/lib/python3.11/site-packages/airflow/example_dags/example_branch_operator.py
[2025-10-29T19:12:26.558-0700] {processor.py:183} INFO - Processing /opt/miniconda3/envs/airflow_env/lib/python3.11/site-packages/airflow/example_dags/example_branch_operator.py took 0.058 seconds
[2025-10-29T19:14:52.494-0700] {processor.py:161} INFO - Started process (PID=12432) to work on /opt/miniconda3/envs/airflow_env/lib/python3.11/site-packages/airflow/example_dags/example_branch_operator.py
[2025-10-29T19:14:52.495-0700] {processor.py:830} INFO - Processing file /opt/miniconda3/envs/airflow_env/lib/python3.11/site-packages/airflow/example_dags/example_branch_operator.py for tasks to queue
[2025-10-29T19:14:52.495-0700] {logging_mixin.py:188} INFO - [2025-10-29T19:14:52.495-0700] {dagbag.py:545} INFO - Filling up the DagBag from /opt/miniconda3/envs/airflow_env/lib/python3.11/site-packages/airflow/example_dags/example_branch_operator.py
[2025-10-29T19:14:52.507-0700] {processor.py:842} WARNING - No viable dags retrieved from /opt/miniconda3/envs/airflow_env/lib/python3.11/site-packages/airflow/example_dags/example_branch_operator.py
[2025-10-29T19:14:52.545-0700] {processor.py:183} INFO - Processing /opt/miniconda3/envs/airflow_env/lib/python3.11/site-packages/airflow/example_dags/example_branch_operator.py took 0.053 seconds
[2025-10-29T19:17:20.271-0700] {processor.py:161} INFO - Started process (PID=12690) to work on /opt/miniconda3/envs/airflow_env/lib/python3.11/site-packages/airflow/example_dags/example_branch_operator.py
[2025-10-29T19:17:20.272-0700] {processor.py:830} INFO - Processing file /opt/miniconda3/envs/airflow_env/lib/python3.11/site-packages/airflow/example_dags/example_branch_operator.py for tasks to queue
[2025-10-29T19:17:20.272-0700] {logging_mixin.py:188} INFO - [2025-10-29T19:17:20.272-0700] {dagbag.py:545} INFO - Filling up the DagBag from /opt/miniconda3/envs/airflow_env/lib/python3.11/site-packages/airflow/example_dags/example_branch_operator.py
[2025-10-29T19:17:20.284-0700] {processor.py:842} WARNING - No viable dags retrieved from /opt/miniconda3/envs/airflow_env/lib/python3.11/site-packages/airflow/example_dags/example_branch_operator.py
[2025-10-29T19:17:20.322-0700] {processor.py:183} INFO - Processing /opt/miniconda3/envs/airflow_env/lib/python3.11/site-packages/airflow/example_dags/example_branch_operator.py took 0.053 seconds
[2025-10-29T19:19:48.369-0700] {processor.py:161} INFO - Started process (PID=12946) to work on /opt/miniconda3/envs/airflow_env/lib/python3.11/site-packages/airflow/example_dags/example_branch_operator.py
[2025-10-29T19:19:48.370-0700] {processor.py:830} INFO - Processing file /opt/miniconda3/envs/airflow_env/lib/python3.11/site-packages/airflow/example_dags/example_branch_operator.py for tasks to queue
[2025-10-29T19:19:48.371-0700] {logging_mixin.py:188} INFO - [2025-10-29T19:19:48.371-0700] {dagbag.py:545} INFO - Filling up the DagBag from /opt/miniconda3/envs/airflow_env/lib/python3.11/site-packages/airflow/example_dags/example_branch_operator.py
[2025-10-29T19:19:48.383-0700] {processor.py:842} WARNING - No viable dags retrieved from /opt/miniconda3/envs/airflow_env/lib/python3.11/site-packages/airflow/example_dags/example_branch_operator.py
[2025-10-29T19:19:48.421-0700] {processor.py:183} INFO - Processing /opt/miniconda3/envs/airflow_env/lib/python3.11/site-packages/airflow/example_dags/example_branch_operator.py took 0.054 seconds
[2025-10-29T19:22:13.538-0700] {processor.py:161} INFO - Started process (PID=13249) to work on /opt/miniconda3/envs/airflow_env/lib/python3.11/site-packages/airflow/example_dags/example_branch_operator.py
[2025-10-29T19:22:13.538-0700] {processor.py:830} INFO - Processing file /opt/miniconda3/envs/airflow_env/lib/python3.11/site-packages/airflow/example_dags/example_branch_operator.py for tasks to queue
[2025-10-29T19:22:13.539-0700] {logging_mixin.py:188} INFO - [2025-10-29T19:22:13.539-0700] {dagbag.py:545} INFO - Filling up the DagBag from /opt/miniconda3/envs/airflow_env/lib/python3.11/site-packages/airflow/example_dags/example_branch_operator.py
[2025-10-29T19:22:13.550-0700] {processor.py:842} WARNING - No viable dags retrieved from /opt/miniconda3/envs/airflow_env/lib/python3.11/site-packages/airflow/example_dags/example_branch_operator.py
[2025-10-29T19:22:13.588-0700] {processor.py:183} INFO - Processing /opt/miniconda3/envs/airflow_env/lib/python3.11/site-packages/airflow/example_dags/example_branch_operator.py took 0.052 seconds
[2025-10-29T19:24:41.791-0700] {processor.py:161} INFO - Started process (PID=13554) to work on /opt/miniconda3/envs/airflow_env/lib/python3.11/site-packages/airflow/example_dags/example_branch_operator.py
[2025-10-29T19:24:41.792-0700] {processor.py:830} INFO - Processing file /opt/miniconda3/envs/airflow_env/lib/python3.11/site-packages/airflow/example_dags/example_branch_operator.py for tasks to queue
[2025-10-29T19:24:41.793-0700] {logging_mixin.py:188} INFO - [2025-10-29T19:24:41.793-0700] {dagbag.py:545} INFO - Filling up the DagBag from /opt/miniconda3/envs/airflow_env/lib/python3.11/site-packages/airflow/example_dags/example_branch_operator.py
[2025-10-29T19:24:41.805-0700] {processor.py:842} WARNING - No viable dags retrieved from /opt/miniconda3/envs/airflow_env/lib/python3.11/site-packages/airflow/example_dags/example_branch_operator.py
[2025-10-29T19:24:41.842-0700] {processor.py:183} INFO - Processing /opt/miniconda3/envs/airflow_env/lib/python3.11/site-packages/airflow/example_dags/example_branch_operator.py took 0.054 seconds
[2025-10-29T19:27:05.782-0700] {processor.py:161} INFO - Started process (PID=14221) to work on /opt/miniconda3/envs/airflow_env/lib/python3.11/site-packages/airflow/example_dags/example_branch_operator.py
[2025-10-29T19:27:05.783-0700] {processor.py:830} INFO - Processing file /opt/miniconda3/envs/airflow_env/lib/python3.11/site-packages/airflow/example_dags/example_branch_operator.py for tasks to queue
[2025-10-29T19:27:05.784-0700] {logging_mixin.py:188} INFO - [2025-10-29T19:27:05.784-0700] {dagbag.py:545} INFO - Filling up the DagBag from /opt/miniconda3/envs/airflow_env/lib/python3.11/site-packages/airflow/example_dags/example_branch_operator.py
[2025-10-29T19:27:05.796-0700] {processor.py:842} WARNING - No viable dags retrieved from /opt/miniconda3/envs/airflow_env/lib/python3.11/site-packages/airflow/example_dags/example_branch_operator.py
[2025-10-29T19:27:05.834-0700] {processor.py:183} INFO - Processing /opt/miniconda3/envs/airflow_env/lib/python3.11/site-packages/airflow/example_dags/example_branch_operator.py took 0.054 seconds
[2025-10-29T19:29:34.153-0700] {processor.py:161} INFO - Started process (PID=14905) to work on /opt/miniconda3/envs/airflow_env/lib/python3.11/site-packages/airflow/example_dags/example_branch_operator.py
[2025-10-29T19:29:34.154-0700] {processor.py:830} INFO - Processing file /opt/miniconda3/envs/airflow_env/lib/python3.11/site-packages/airflow/example_dags/example_branch_operator.py for tasks to queue
[2025-10-29T19:29:34.154-0700] {logging_mixin.py:188} INFO - [2025-10-29T19:29:34.154-0700] {dagbag.py:545} INFO - Filling up the DagBag from /opt/miniconda3/envs/airflow_env/lib/python3.11/site-packages/airflow/example_dags/example_branch_operator.py
[2025-10-29T19:29:34.166-0700] {processor.py:842} WARNING - No viable dags retrieved from /opt/miniconda3/envs/airflow_env/lib/python3.11/site-packages/airflow/example_dags/example_branch_operator.py
[2025-10-29T19:29:34.204-0700] {processor.py:183} INFO - Processing /opt/miniconda3/envs/airflow_env/lib/python3.11/site-packages/airflow/example_dags/example_branch_operator.py took 0.053 seconds
[2025-10-29T19:32:04.160-0700] {processor.py:161} INFO - Started process (PID=15592) to work on /opt/miniconda3/envs/airflow_env/lib/python3.11/site-packages/airflow/example_dags/example_branch_operator.py
[2025-10-29T19:32:04.161-0700] {processor.py:830} INFO - Processing file /opt/miniconda3/envs/airflow_env/lib/python3.11/site-packages/airflow/example_dags/example_branch_operator.py for tasks to queue
[2025-10-29T19:32:04.161-0700] {logging_mixin.py:188} INFO - [2025-10-29T19:32:04.161-0700] {dagbag.py:545} INFO - Filling up the DagBag from /opt/miniconda3/envs/airflow_env/lib/python3.11/site-packages/airflow/example_dags/example_branch_operator.py
[2025-10-29T19:32:04.173-0700] {processor.py:842} WARNING - No viable dags retrieved from /opt/miniconda3/envs/airflow_env/lib/python3.11/site-packages/airflow/example_dags/example_branch_operator.py
[2025-10-29T19:32:04.211-0700] {processor.py:183} INFO - Processing /opt/miniconda3/envs/airflow_env/lib/python3.11/site-packages/airflow/example_dags/example_branch_operator.py took 0.053 seconds
[2025-10-29T19:34:33.718-0700] {processor.py:161} INFO - Started process (PID=16306) to work on /opt/miniconda3/envs/airflow_env/lib/python3.11/site-packages/airflow/example_dags/example_branch_operator.py
[2025-10-29T19:34:33.719-0700] {processor.py:830} INFO - Processing file /opt/miniconda3/envs/airflow_env/lib/python3.11/site-packages/airflow/example_dags/example_branch_operator.py for tasks to queue
[2025-10-29T19:34:33.719-0700] {logging_mixin.py:188} INFO - [2025-10-29T19:34:33.719-0700] {dagbag.py:545} INFO - Filling up the DagBag from /opt/miniconda3/envs/airflow_env/lib/python3.11/site-packages/airflow/example_dags/example_branch_operator.py
[2025-10-29T19:34:33.731-0700] {processor.py:842} WARNING - No viable dags retrieved from /opt/miniconda3/envs/airflow_env/lib/python3.11/site-packages/airflow/example_dags/example_branch_operator.py
[2025-10-29T19:34:33.769-0700] {processor.py:183} INFO - Processing /opt/miniconda3/envs/airflow_env/lib/python3.11/site-packages/airflow/example_dags/example_branch_operator.py took 0.053 seconds
[2025-10-29T19:37:04.588-0700] {processor.py:161} INFO - Started process (PID=16998) to work on /opt/miniconda3/envs/airflow_env/lib/python3.11/site-packages/airflow/example_dags/example_branch_operator.py
[2025-10-29T19:37:04.588-0700] {processor.py:830} INFO - Processing file /opt/miniconda3/envs/airflow_env/lib/python3.11/site-packages/airflow/example_dags/example_branch_operator.py for tasks to queue
[2025-10-29T19:37:04.589-0700] {logging_mixin.py:188} INFO - [2025-10-29T19:37:04.589-0700] {dagbag.py:545} INFO - Filling up the DagBag from /opt/miniconda3/envs/airflow_env/lib/python3.11/site-packages/airflow/example_dags/example_branch_operator.py
[2025-10-29T19:37:04.601-0700] {processor.py:842} WARNING - No viable dags retrieved from /opt/miniconda3/envs/airflow_env/lib/python3.11/site-packages/airflow/example_dags/example_branch_operator.py
[2025-10-29T19:37:04.638-0700] {processor.py:183} INFO - Processing /opt/miniconda3/envs/airflow_env/lib/python3.11/site-packages/airflow/example_dags/example_branch_operator.py took 0.053 seconds
[2025-10-29T19:39:33.924-0700] {processor.py:161} INFO - Started process (PID=17725) to work on /opt/miniconda3/envs/airflow_env/lib/python3.11/site-packages/airflow/example_dags/example_branch_operator.py
[2025-10-29T19:39:33.924-0700] {processor.py:830} INFO - Processing file /opt/miniconda3/envs/airflow_env/lib/python3.11/site-packages/airflow/example_dags/example_branch_operator.py for tasks to queue
[2025-10-29T19:39:33.925-0700] {logging_mixin.py:188} INFO - [2025-10-29T19:39:33.925-0700] {dagbag.py:545} INFO - Filling up the DagBag from /opt/miniconda3/envs/airflow_env/lib/python3.11/site-packages/airflow/example_dags/example_branch_operator.py
[2025-10-29T19:39:33.936-0700] {processor.py:842} WARNING - No viable dags retrieved from /opt/miniconda3/envs/airflow_env/lib/python3.11/site-packages/airflow/example_dags/example_branch_operator.py
[2025-10-29T19:39:33.974-0700] {processor.py:183} INFO - Processing /opt/miniconda3/envs/airflow_env/lib/python3.11/site-packages/airflow/example_dags/example_branch_operator.py took 0.053 seconds
[2025-10-29T19:42:04.268-0700] {processor.py:161} INFO - Started process (PID=18440) to work on /opt/miniconda3/envs/airflow_env/lib/python3.11/site-packages/airflow/example_dags/example_branch_operator.py
[2025-10-29T19:42:04.269-0700] {processor.py:830} INFO - Processing file /opt/miniconda3/envs/airflow_env/lib/python3.11/site-packages/airflow/example_dags/example_branch_operator.py for tasks to queue
[2025-10-29T19:42:04.270-0700] {logging_mixin.py:188} INFO - [2025-10-29T19:42:04.270-0700] {dagbag.py:545} INFO - Filling up the DagBag from /opt/miniconda3/envs/airflow_env/lib/python3.11/site-packages/airflow/example_dags/example_branch_operator.py
[2025-10-29T19:42:04.282-0700] {processor.py:842} WARNING - No viable dags retrieved from /opt/miniconda3/envs/airflow_env/lib/python3.11/site-packages/airflow/example_dags/example_branch_operator.py
[2025-10-29T19:42:04.320-0700] {processor.py:183} INFO - Processing /opt/miniconda3/envs/airflow_env/lib/python3.11/site-packages/airflow/example_dags/example_branch_operator.py took 0.054 seconds
[2025-10-29T19:46:01.191-0700] {processor.py:161} INFO - Started process (PID=19639) to work on /opt/miniconda3/envs/airflow_env/lib/python3.11/site-packages/airflow/example_dags/example_branch_operator.py
[2025-10-29T19:46:01.191-0700] {processor.py:830} INFO - Processing file /opt/miniconda3/envs/airflow_env/lib/python3.11/site-packages/airflow/example_dags/example_branch_operator.py for tasks to queue
[2025-10-29T19:46:01.192-0700] {logging_mixin.py:188} INFO - [2025-10-29T19:46:01.192-0700] {dagbag.py:545} INFO - Filling up the DagBag from /opt/miniconda3/envs/airflow_env/lib/python3.11/site-packages/airflow/example_dags/example_branch_operator.py
[2025-10-29T19:46:01.204-0700] {processor.py:842} WARNING - No viable dags retrieved from /opt/miniconda3/envs/airflow_env/lib/python3.11/site-packages/airflow/example_dags/example_branch_operator.py
[2025-10-29T19:46:01.242-0700] {processor.py:183} INFO - Processing /opt/miniconda3/envs/airflow_env/lib/python3.11/site-packages/airflow/example_dags/example_branch_operator.py took 0.054 seconds
[2025-10-29T20:00:41.244-0700] {processor.py:161} INFO - Started process (PID=23199) to work on /opt/miniconda3/envs/airflow_env/lib/python3.11/site-packages/airflow/example_dags/example_branch_operator.py
[2025-10-29T20:00:41.245-0700] {processor.py:830} INFO - Processing file /opt/miniconda3/envs/airflow_env/lib/python3.11/site-packages/airflow/example_dags/example_branch_operator.py for tasks to queue
[2025-10-29T20:00:41.246-0700] {logging_mixin.py:188} INFO - [2025-10-29T20:00:41.246-0700] {dagbag.py:545} INFO - Filling up the DagBag from /opt/miniconda3/envs/airflow_env/lib/python3.11/site-packages/airflow/example_dags/example_branch_operator.py
[2025-10-29T20:00:41.258-0700] {processor.py:842} WARNING - No viable dags retrieved from /opt/miniconda3/envs/airflow_env/lib/python3.11/site-packages/airflow/example_dags/example_branch_operator.py
[2025-10-29T20:00:41.298-0700] {processor.py:183} INFO - Processing /opt/miniconda3/envs/airflow_env/lib/python3.11/site-packages/airflow/example_dags/example_branch_operator.py took 0.056 seconds
[2025-10-29T20:01:46.630-0700] {processor.py:161} INFO - Started process (PID=23580) to work on /opt/miniconda3/envs/airflow_env/lib/python3.11/site-packages/airflow/example_dags/example_branch_operator.py
[2025-10-29T20:01:46.631-0700] {processor.py:830} INFO - Processing file /opt/miniconda3/envs/airflow_env/lib/python3.11/site-packages/airflow/example_dags/example_branch_operator.py for tasks to queue
[2025-10-29T20:01:46.631-0700] {logging_mixin.py:188} INFO - [2025-10-29T20:01:46.631-0700] {dagbag.py:545} INFO - Filling up the DagBag from /opt/miniconda3/envs/airflow_env/lib/python3.11/site-packages/airflow/example_dags/example_branch_operator.py
[2025-10-29T20:01:46.643-0700] {processor.py:842} WARNING - No viable dags retrieved from /opt/miniconda3/envs/airflow_env/lib/python3.11/site-packages/airflow/example_dags/example_branch_operator.py
[2025-10-29T20:01:46.681-0700] {processor.py:183} INFO - Processing /opt/miniconda3/envs/airflow_env/lib/python3.11/site-packages/airflow/example_dags/example_branch_operator.py took 0.053 seconds
[2025-10-29T20:03:06.966-0700] {processor.py:161} INFO - Started process (PID=24025) to work on /opt/miniconda3/envs/airflow_env/lib/python3.11/site-packages/airflow/example_dags/example_branch_operator.py
[2025-10-29T20:03:06.967-0700] {processor.py:830} INFO - Processing file /opt/miniconda3/envs/airflow_env/lib/python3.11/site-packages/airflow/example_dags/example_branch_operator.py for tasks to queue
[2025-10-29T20:03:06.967-0700] {logging_mixin.py:188} INFO - [2025-10-29T20:03:06.967-0700] {dagbag.py:545} INFO - Filling up the DagBag from /opt/miniconda3/envs/airflow_env/lib/python3.11/site-packages/airflow/example_dags/example_branch_operator.py
[2025-10-29T20:03:06.980-0700] {processor.py:842} WARNING - No viable dags retrieved from /opt/miniconda3/envs/airflow_env/lib/python3.11/site-packages/airflow/example_dags/example_branch_operator.py
[2025-10-29T20:03:07.018-0700] {processor.py:183} INFO - Processing /opt/miniconda3/envs/airflow_env/lib/python3.11/site-packages/airflow/example_dags/example_branch_operator.py took 0.054 seconds
[2025-10-29T20:04:12.646-0700] {processor.py:161} INFO - Started process (PID=24408) to work on /opt/miniconda3/envs/airflow_env/lib/python3.11/site-packages/airflow/example_dags/example_branch_operator.py
[2025-10-29T20:04:12.647-0700] {processor.py:830} INFO - Processing file /opt/miniconda3/envs/airflow_env/lib/python3.11/site-packages/airflow/example_dags/example_branch_operator.py for tasks to queue
[2025-10-29T20:04:12.648-0700] {logging_mixin.py:188} INFO - [2025-10-29T20:04:12.647-0700] {dagbag.py:545} INFO - Filling up the DagBag from /opt/miniconda3/envs/airflow_env/lib/python3.11/site-packages/airflow/example_dags/example_branch_operator.py
[2025-10-29T20:04:12.661-0700] {processor.py:842} WARNING - No viable dags retrieved from /opt/miniconda3/envs/airflow_env/lib/python3.11/site-packages/airflow/example_dags/example_branch_operator.py
[2025-10-29T20:04:12.700-0700] {processor.py:183} INFO - Processing /opt/miniconda3/envs/airflow_env/lib/python3.11/site-packages/airflow/example_dags/example_branch_operator.py took 0.056 seconds
[2025-10-29T20:05:27.959-0700] {processor.py:161} INFO - Started process (PID=24845) to work on /opt/miniconda3/envs/airflow_env/lib/python3.11/site-packages/airflow/example_dags/example_branch_operator.py
[2025-10-29T20:05:27.961-0700] {processor.py:830} INFO - Processing file /opt/miniconda3/envs/airflow_env/lib/python3.11/site-packages/airflow/example_dags/example_branch_operator.py for tasks to queue
[2025-10-29T20:05:27.961-0700] {logging_mixin.py:188} INFO - [2025-10-29T20:05:27.961-0700] {dagbag.py:545} INFO - Filling up the DagBag from /opt/miniconda3/envs/airflow_env/lib/python3.11/site-packages/airflow/example_dags/example_branch_operator.py
[2025-10-29T20:05:27.973-0700] {processor.py:842} WARNING - No viable dags retrieved from /opt/miniconda3/envs/airflow_env/lib/python3.11/site-packages/airflow/example_dags/example_branch_operator.py
[2025-10-29T20:05:28.012-0700] {processor.py:183} INFO - Processing /opt/miniconda3/envs/airflow_env/lib/python3.11/site-packages/airflow/example_dags/example_branch_operator.py took 0.055 seconds
[2025-10-29T20:06:41.044-0700] {processor.py:161} INFO - Started process (PID=25253) to work on /opt/miniconda3/envs/airflow_env/lib/python3.11/site-packages/airflow/example_dags/example_branch_operator.py
[2025-10-29T20:06:41.045-0700] {processor.py:830} INFO - Processing file /opt/miniconda3/envs/airflow_env/lib/python3.11/site-packages/airflow/example_dags/example_branch_operator.py for tasks to queue
[2025-10-29T20:06:41.045-0700] {logging_mixin.py:188} INFO - [2025-10-29T20:06:41.045-0700] {dagbag.py:545} INFO - Filling up the DagBag from /opt/miniconda3/envs/airflow_env/lib/python3.11/site-packages/airflow/example_dags/example_branch_operator.py
[2025-10-29T20:06:41.057-0700] {processor.py:842} WARNING - No viable dags retrieved from /opt/miniconda3/envs/airflow_env/lib/python3.11/site-packages/airflow/example_dags/example_branch_operator.py
[2025-10-29T20:06:41.095-0700] {processor.py:183} INFO - Processing /opt/miniconda3/envs/airflow_env/lib/python3.11/site-packages/airflow/example_dags/example_branch_operator.py took 0.053 seconds
[2025-10-29T20:07:55.802-0700] {processor.py:161} INFO - Started process (PID=25688) to work on /opt/miniconda3/envs/airflow_env/lib/python3.11/site-packages/airflow/example_dags/example_branch_operator.py
[2025-10-29T20:07:55.803-0700] {processor.py:830} INFO - Processing file /opt/miniconda3/envs/airflow_env/lib/python3.11/site-packages/airflow/example_dags/example_branch_operator.py for tasks to queue
[2025-10-29T20:07:55.803-0700] {logging_mixin.py:188} INFO - [2025-10-29T20:07:55.803-0700] {dagbag.py:545} INFO - Filling up the DagBag from /opt/miniconda3/envs/airflow_env/lib/python3.11/site-packages/airflow/example_dags/example_branch_operator.py
[2025-10-29T20:07:55.815-0700] {processor.py:842} WARNING - No viable dags retrieved from /opt/miniconda3/envs/airflow_env/lib/python3.11/site-packages/airflow/example_dags/example_branch_operator.py
[2025-10-29T20:07:55.854-0700] {processor.py:183} INFO - Processing /opt/miniconda3/envs/airflow_env/lib/python3.11/site-packages/airflow/example_dags/example_branch_operator.py took 0.054 seconds
[2025-10-29T20:09:05.212-0700] {processor.py:161} INFO - Started process (PID=26053) to work on /opt/miniconda3/envs/airflow_env/lib/python3.11/site-packages/airflow/example_dags/example_branch_operator.py
[2025-10-29T20:09:05.213-0700] {processor.py:830} INFO - Processing file /opt/miniconda3/envs/airflow_env/lib/python3.11/site-packages/airflow/example_dags/example_branch_operator.py for tasks to queue
[2025-10-29T20:09:05.213-0700] {logging_mixin.py:188} INFO - [2025-10-29T20:09:05.213-0700] {dagbag.py:545} INFO - Filling up the DagBag from /opt/miniconda3/envs/airflow_env/lib/python3.11/site-packages/airflow/example_dags/example_branch_operator.py
[2025-10-29T20:09:05.225-0700] {processor.py:842} WARNING - No viable dags retrieved from /opt/miniconda3/envs/airflow_env/lib/python3.11/site-packages/airflow/example_dags/example_branch_operator.py
[2025-10-29T20:09:05.265-0700] {processor.py:183} INFO - Processing /opt/miniconda3/envs/airflow_env/lib/python3.11/site-packages/airflow/example_dags/example_branch_operator.py took 0.055 seconds
[2025-10-29T20:10:25.648-0700] {processor.py:161} INFO - Started process (PID=26269) to work on /opt/miniconda3/envs/airflow_env/lib/python3.11/site-packages/airflow/example_dags/example_branch_operator.py
[2025-10-29T20:10:25.649-0700] {processor.py:830} INFO - Processing file /opt/miniconda3/envs/airflow_env/lib/python3.11/site-packages/airflow/example_dags/example_branch_operator.py for tasks to queue
[2025-10-29T20:10:25.649-0700] {logging_mixin.py:188} INFO - [2025-10-29T20:10:25.649-0700] {dagbag.py:545} INFO - Filling up the DagBag from /opt/miniconda3/envs/airflow_env/lib/python3.11/site-packages/airflow/example_dags/example_branch_operator.py
[2025-10-29T20:10:25.661-0700] {processor.py:842} WARNING - No viable dags retrieved from /opt/miniconda3/envs/airflow_env/lib/python3.11/site-packages/airflow/example_dags/example_branch_operator.py
[2025-10-29T20:10:25.699-0700] {processor.py:183} INFO - Processing /opt/miniconda3/envs/airflow_env/lib/python3.11/site-packages/airflow/example_dags/example_branch_operator.py took 0.053 seconds
[2025-10-29T20:11:35.898-0700] {processor.py:161} INFO - Started process (PID=26503) to work on /opt/miniconda3/envs/airflow_env/lib/python3.11/site-packages/airflow/example_dags/example_branch_operator.py
[2025-10-29T20:11:35.898-0700] {processor.py:830} INFO - Processing file /opt/miniconda3/envs/airflow_env/lib/python3.11/site-packages/airflow/example_dags/example_branch_operator.py for tasks to queue
[2025-10-29T20:11:35.899-0700] {logging_mixin.py:188} INFO - [2025-10-29T20:11:35.899-0700] {dagbag.py:545} INFO - Filling up the DagBag from /opt/miniconda3/envs/airflow_env/lib/python3.11/site-packages/airflow/example_dags/example_branch_operator.py
[2025-10-29T20:11:35.911-0700] {processor.py:842} WARNING - No viable dags retrieved from /opt/miniconda3/envs/airflow_env/lib/python3.11/site-packages/airflow/example_dags/example_branch_operator.py
[2025-10-29T20:11:35.949-0700] {processor.py:183} INFO - Processing /opt/miniconda3/envs/airflow_env/lib/python3.11/site-packages/airflow/example_dags/example_branch_operator.py took 0.053 seconds
[2025-10-29T20:13:02.975-0700] {processor.py:161} INFO - Started process (PID=26798) to work on /opt/miniconda3/envs/airflow_env/lib/python3.11/site-packages/airflow/example_dags/example_branch_operator.py
[2025-10-29T20:13:02.976-0700] {processor.py:830} INFO - Processing file /opt/miniconda3/envs/airflow_env/lib/python3.11/site-packages/airflow/example_dags/example_branch_operator.py for tasks to queue
[2025-10-29T20:13:02.976-0700] {logging_mixin.py:188} INFO - [2025-10-29T20:13:02.976-0700] {dagbag.py:545} INFO - Filling up the DagBag from /opt/miniconda3/envs/airflow_env/lib/python3.11/site-packages/airflow/example_dags/example_branch_operator.py
[2025-10-29T20:13:02.990-0700] {processor.py:842} WARNING - No viable dags retrieved from /opt/miniconda3/envs/airflow_env/lib/python3.11/site-packages/airflow/example_dags/example_branch_operator.py
[2025-10-29T20:13:03.034-0700] {processor.py:183} INFO - Processing /opt/miniconda3/envs/airflow_env/lib/python3.11/site-packages/airflow/example_dags/example_branch_operator.py took 0.061 seconds
[2025-10-29T20:13:09.616-0700] {processor.py:161} INFO - Started process (PID=26826) to work on /opt/miniconda3/envs/airflow_env/lib/python3.11/site-packages/airflow/example_dags/example_branch_operator.py
[2025-10-29T20:13:09.616-0700] {processor.py:830} INFO - Processing file /opt/miniconda3/envs/airflow_env/lib/python3.11/site-packages/airflow/example_dags/example_branch_operator.py for tasks to queue
[2025-10-29T20:13:09.617-0700] {logging_mixin.py:188} INFO - [2025-10-29T20:13:09.617-0700] {dagbag.py:545} INFO - Filling up the DagBag from /opt/miniconda3/envs/airflow_env/lib/python3.11/site-packages/airflow/example_dags/example_branch_operator.py
[2025-10-29T20:13:09.631-0700] {processor.py:842} WARNING - No viable dags retrieved from /opt/miniconda3/envs/airflow_env/lib/python3.11/site-packages/airflow/example_dags/example_branch_operator.py
[2025-10-29T20:13:09.676-0700] {processor.py:183} INFO - Processing /opt/miniconda3/envs/airflow_env/lib/python3.11/site-packages/airflow/example_dags/example_branch_operator.py took 0.062 seconds
[2025-10-29T20:14:20.858-0700] {processor.py:161} INFO - Started process (PID=27073) to work on /opt/miniconda3/envs/airflow_env/lib/python3.11/site-packages/airflow/example_dags/example_branch_operator.py
[2025-10-29T20:14:20.858-0700] {processor.py:830} INFO - Processing file /opt/miniconda3/envs/airflow_env/lib/python3.11/site-packages/airflow/example_dags/example_branch_operator.py for tasks to queue
[2025-10-29T20:14:20.859-0700] {logging_mixin.py:188} INFO - [2025-10-29T20:14:20.859-0700] {dagbag.py:545} INFO - Filling up the DagBag from /opt/miniconda3/envs/airflow_env/lib/python3.11/site-packages/airflow/example_dags/example_branch_operator.py
[2025-10-29T20:14:20.872-0700] {processor.py:842} WARNING - No viable dags retrieved from /opt/miniconda3/envs/airflow_env/lib/python3.11/site-packages/airflow/example_dags/example_branch_operator.py
[2025-10-29T20:14:20.917-0700] {processor.py:183} INFO - Processing /opt/miniconda3/envs/airflow_env/lib/python3.11/site-packages/airflow/example_dags/example_branch_operator.py took 0.062 seconds
[2025-10-29T20:15:53.329-0700] {processor.py:161} INFO - Started process (PID=27378) to work on /opt/miniconda3/envs/airflow_env/lib/python3.11/site-packages/airflow/example_dags/example_branch_operator.py
[2025-10-29T20:15:53.329-0700] {processor.py:830} INFO - Processing file /opt/miniconda3/envs/airflow_env/lib/python3.11/site-packages/airflow/example_dags/example_branch_operator.py for tasks to queue
[2025-10-29T20:15:53.330-0700] {logging_mixin.py:188} INFO - [2025-10-29T20:15:53.330-0700] {dagbag.py:545} INFO - Filling up the DagBag from /opt/miniconda3/envs/airflow_env/lib/python3.11/site-packages/airflow/example_dags/example_branch_operator.py
[2025-10-29T20:15:53.346-0700] {processor.py:842} WARNING - No viable dags retrieved from /opt/miniconda3/envs/airflow_env/lib/python3.11/site-packages/airflow/example_dags/example_branch_operator.py
[2025-10-29T20:15:53.394-0700] {processor.py:183} INFO - Processing /opt/miniconda3/envs/airflow_env/lib/python3.11/site-packages/airflow/example_dags/example_branch_operator.py took 0.069 seconds
[2025-10-29T20:15:56.071-0700] {processor.py:161} INFO - Started process (PID=27394) to work on /opt/miniconda3/envs/airflow_env/lib/python3.11/site-packages/airflow/example_dags/example_branch_operator.py
[2025-10-29T20:15:56.071-0700] {processor.py:830} INFO - Processing file /opt/miniconda3/envs/airflow_env/lib/python3.11/site-packages/airflow/example_dags/example_branch_operator.py for tasks to queue
[2025-10-29T20:15:56.072-0700] {logging_mixin.py:188} INFO - [2025-10-29T20:15:56.071-0700] {dagbag.py:545} INFO - Filling up the DagBag from /opt/miniconda3/envs/airflow_env/lib/python3.11/site-packages/airflow/example_dags/example_branch_operator.py
[2025-10-29T20:15:56.083-0700] {processor.py:842} WARNING - No viable dags retrieved from /opt/miniconda3/envs/airflow_env/lib/python3.11/site-packages/airflow/example_dags/example_branch_operator.py
[2025-10-29T20:15:56.122-0700] {processor.py:183} INFO - Processing /opt/miniconda3/envs/airflow_env/lib/python3.11/site-packages/airflow/example_dags/example_branch_operator.py took 0.053 seconds
[2025-10-29T20:17:18.934-0700] {processor.py:161} INFO - Started process (PID=27673) to work on /opt/miniconda3/envs/airflow_env/lib/python3.11/site-packages/airflow/example_dags/example_branch_operator.py
[2025-10-29T20:17:18.935-0700] {processor.py:830} INFO - Processing file /opt/miniconda3/envs/airflow_env/lib/python3.11/site-packages/airflow/example_dags/example_branch_operator.py for tasks to queue
[2025-10-29T20:17:18.936-0700] {logging_mixin.py:188} INFO - [2025-10-29T20:17:18.936-0700] {dagbag.py:545} INFO - Filling up the DagBag from /opt/miniconda3/envs/airflow_env/lib/python3.11/site-packages/airflow/example_dags/example_branch_operator.py
[2025-10-29T20:17:18.957-0700] {processor.py:842} WARNING - No viable dags retrieved from /opt/miniconda3/envs/airflow_env/lib/python3.11/site-packages/airflow/example_dags/example_branch_operator.py
[2025-10-29T20:17:19.025-0700] {processor.py:183} INFO - Processing /opt/miniconda3/envs/airflow_env/lib/python3.11/site-packages/airflow/example_dags/example_branch_operator.py took 0.094 seconds
[2025-10-29T20:18:54.110-0700] {processor.py:161} INFO - Started process (PID=27980) to work on /opt/miniconda3/envs/airflow_env/lib/python3.11/site-packages/airflow/example_dags/example_branch_operator.py
[2025-10-29T20:18:54.111-0700] {processor.py:830} INFO - Processing file /opt/miniconda3/envs/airflow_env/lib/python3.11/site-packages/airflow/example_dags/example_branch_operator.py for tasks to queue
[2025-10-29T20:18:54.111-0700] {logging_mixin.py:188} INFO - [2025-10-29T20:18:54.111-0700] {dagbag.py:545} INFO - Filling up the DagBag from /opt/miniconda3/envs/airflow_env/lib/python3.11/site-packages/airflow/example_dags/example_branch_operator.py
[2025-10-29T20:18:54.133-0700] {processor.py:842} WARNING - No viable dags retrieved from /opt/miniconda3/envs/airflow_env/lib/python3.11/site-packages/airflow/example_dags/example_branch_operator.py
[2025-10-29T20:18:54.202-0700] {processor.py:183} INFO - Processing /opt/miniconda3/envs/airflow_env/lib/python3.11/site-packages/airflow/example_dags/example_branch_operator.py took 0.097 seconds
[2025-10-29T20:18:57.366-0700] {processor.py:161} INFO - Started process (PID=27990) to work on /opt/miniconda3/envs/airflow_env/lib/python3.11/site-packages/airflow/example_dags/example_branch_operator.py
[2025-10-29T20:18:57.366-0700] {processor.py:830} INFO - Processing file /opt/miniconda3/envs/airflow_env/lib/python3.11/site-packages/airflow/example_dags/example_branch_operator.py for tasks to queue
[2025-10-29T20:18:57.367-0700] {logging_mixin.py:188} INFO - [2025-10-29T20:18:57.367-0700] {dagbag.py:545} INFO - Filling up the DagBag from /opt/miniconda3/envs/airflow_env/lib/python3.11/site-packages/airflow/example_dags/example_branch_operator.py
[2025-10-29T20:18:57.383-0700] {processor.py:842} WARNING - No viable dags retrieved from /opt/miniconda3/envs/airflow_env/lib/python3.11/site-packages/airflow/example_dags/example_branch_operator.py
[2025-10-29T20:18:57.433-0700] {processor.py:183} INFO - Processing /opt/miniconda3/envs/airflow_env/lib/python3.11/site-packages/airflow/example_dags/example_branch_operator.py took 0.070 seconds
[2025-10-29T20:20:17.785-0700] {processor.py:161} INFO - Started process (PID=28244) to work on /opt/miniconda3/envs/airflow_env/lib/python3.11/site-packages/airflow/example_dags/example_branch_operator.py
[2025-10-29T20:20:17.786-0700] {processor.py:830} INFO - Processing file /opt/miniconda3/envs/airflow_env/lib/python3.11/site-packages/airflow/example_dags/example_branch_operator.py for tasks to queue
[2025-10-29T20:20:17.787-0700] {logging_mixin.py:188} INFO - [2025-10-29T20:20:17.787-0700] {dagbag.py:545} INFO - Filling up the DagBag from /opt/miniconda3/envs/airflow_env/lib/python3.11/site-packages/airflow/example_dags/example_branch_operator.py
[2025-10-29T20:20:17.809-0700] {processor.py:842} WARNING - No viable dags retrieved from /opt/miniconda3/envs/airflow_env/lib/python3.11/site-packages/airflow/example_dags/example_branch_operator.py
[2025-10-29T20:20:17.909-0700] {processor.py:183} INFO - Processing /opt/miniconda3/envs/airflow_env/lib/python3.11/site-packages/airflow/example_dags/example_branch_operator.py took 0.127 seconds
[2025-10-29T20:22:03.174-0700] {processor.py:161} INFO - Started process (PID=28611) to work on /opt/miniconda3/envs/airflow_env/lib/python3.11/site-packages/airflow/example_dags/example_branch_operator.py
[2025-10-29T20:22:03.175-0700] {processor.py:830} INFO - Processing file /opt/miniconda3/envs/airflow_env/lib/python3.11/site-packages/airflow/example_dags/example_branch_operator.py for tasks to queue
[2025-10-29T20:22:03.175-0700] {logging_mixin.py:188} INFO - [2025-10-29T20:22:03.175-0700] {dagbag.py:545} INFO - Filling up the DagBag from /opt/miniconda3/envs/airflow_env/lib/python3.11/site-packages/airflow/example_dags/example_branch_operator.py
[2025-10-29T20:22:03.196-0700] {processor.py:842} WARNING - No viable dags retrieved from /opt/miniconda3/envs/airflow_env/lib/python3.11/site-packages/airflow/example_dags/example_branch_operator.py
[2025-10-29T20:22:03.262-0700] {processor.py:183} INFO - Processing /opt/miniconda3/envs/airflow_env/lib/python3.11/site-packages/airflow/example_dags/example_branch_operator.py took 0.091 seconds
[2025-10-29T20:22:11.430-0700] {processor.py:161} INFO - Started process (PID=28636) to work on /opt/miniconda3/envs/airflow_env/lib/python3.11/site-packages/airflow/example_dags/example_branch_operator.py
[2025-10-29T20:22:11.431-0700] {processor.py:830} INFO - Processing file /opt/miniconda3/envs/airflow_env/lib/python3.11/site-packages/airflow/example_dags/example_branch_operator.py for tasks to queue
[2025-10-29T20:22:11.432-0700] {logging_mixin.py:188} INFO - [2025-10-29T20:22:11.431-0700] {dagbag.py:545} INFO - Filling up the DagBag from /opt/miniconda3/envs/airflow_env/lib/python3.11/site-packages/airflow/example_dags/example_branch_operator.py
[2025-10-29T20:22:11.452-0700] {processor.py:842} WARNING - No viable dags retrieved from /opt/miniconda3/envs/airflow_env/lib/python3.11/site-packages/airflow/example_dags/example_branch_operator.py
[2025-10-29T20:22:11.512-0700] {processor.py:183} INFO - Processing /opt/miniconda3/envs/airflow_env/lib/python3.11/site-packages/airflow/example_dags/example_branch_operator.py took 0.085 seconds
[2025-10-29T20:23:31.811-0700] {processor.py:161} INFO - Started process (PID=28924) to work on /opt/miniconda3/envs/airflow_env/lib/python3.11/site-packages/airflow/example_dags/example_branch_operator.py
[2025-10-29T20:23:31.812-0700] {processor.py:830} INFO - Processing file /opt/miniconda3/envs/airflow_env/lib/python3.11/site-packages/airflow/example_dags/example_branch_operator.py for tasks to queue
[2025-10-29T20:23:31.813-0700] {logging_mixin.py:188} INFO - [2025-10-29T20:23:31.812-0700] {dagbag.py:545} INFO - Filling up the DagBag from /opt/miniconda3/envs/airflow_env/lib/python3.11/site-packages/airflow/example_dags/example_branch_operator.py
[2025-10-29T20:23:31.828-0700] {processor.py:842} WARNING - No viable dags retrieved from /opt/miniconda3/envs/airflow_env/lib/python3.11/site-packages/airflow/example_dags/example_branch_operator.py
[2025-10-29T20:23:31.879-0700] {processor.py:183} INFO - Processing /opt/miniconda3/envs/airflow_env/lib/python3.11/site-packages/airflow/example_dags/example_branch_operator.py took 0.071 seconds
[2025-10-29T20:25:21.894-0700] {processor.py:161} INFO - Started process (PID=29286) to work on /opt/miniconda3/envs/airflow_env/lib/python3.11/site-packages/airflow/example_dags/example_branch_operator.py
[2025-10-29T20:25:21.895-0700] {processor.py:830} INFO - Processing file /opt/miniconda3/envs/airflow_env/lib/python3.11/site-packages/airflow/example_dags/example_branch_operator.py for tasks to queue
[2025-10-29T20:25:21.895-0700] {logging_mixin.py:188} INFO - [2025-10-29T20:25:21.895-0700] {dagbag.py:545} INFO - Filling up the DagBag from /opt/miniconda3/envs/airflow_env/lib/python3.11/site-packages/airflow/example_dags/example_branch_operator.py
[2025-10-29T20:25:21.907-0700] {processor.py:842} WARNING - No viable dags retrieved from /opt/miniconda3/envs/airflow_env/lib/python3.11/site-packages/airflow/example_dags/example_branch_operator.py
[2025-10-29T20:25:21.945-0700] {processor.py:183} INFO - Processing /opt/miniconda3/envs/airflow_env/lib/python3.11/site-packages/airflow/example_dags/example_branch_operator.py took 0.053 seconds
[2025-10-29T20:25:22.455-0700] {processor.py:161} INFO - Started process (PID=29288) to work on /opt/miniconda3/envs/airflow_env/lib/python3.11/site-packages/airflow/example_dags/example_branch_operator.py
[2025-10-29T20:25:22.456-0700] {processor.py:830} INFO - Processing file /opt/miniconda3/envs/airflow_env/lib/python3.11/site-packages/airflow/example_dags/example_branch_operator.py for tasks to queue
[2025-10-29T20:25:22.456-0700] {logging_mixin.py:188} INFO - [2025-10-29T20:25:22.456-0700] {dagbag.py:545} INFO - Filling up the DagBag from /opt/miniconda3/envs/airflow_env/lib/python3.11/site-packages/airflow/example_dags/example_branch_operator.py
[2025-10-29T20:25:22.470-0700] {processor.py:842} WARNING - No viable dags retrieved from /opt/miniconda3/envs/airflow_env/lib/python3.11/site-packages/airflow/example_dags/example_branch_operator.py
[2025-10-29T20:25:22.514-0700] {processor.py:183} INFO - Processing /opt/miniconda3/envs/airflow_env/lib/python3.11/site-packages/airflow/example_dags/example_branch_operator.py took 0.061 seconds
[2025-10-29T20:26:23.935-0700] {processor.py:161} INFO - Started process (PID=29501) to work on /opt/miniconda3/envs/airflow_env/lib/python3.11/site-packages/airflow/example_dags/example_branch_operator.py
[2025-10-29T20:26:23.936-0700] {processor.py:830} INFO - Processing file /opt/miniconda3/envs/airflow_env/lib/python3.11/site-packages/airflow/example_dags/example_branch_operator.py for tasks to queue
[2025-10-29T20:26:23.937-0700] {logging_mixin.py:188} INFO - [2025-10-29T20:26:23.936-0700] {dagbag.py:545} INFO - Filling up the DagBag from /opt/miniconda3/envs/airflow_env/lib/python3.11/site-packages/airflow/example_dags/example_branch_operator.py
[2025-10-29T20:26:23.959-0700] {processor.py:842} WARNING - No viable dags retrieved from /opt/miniconda3/envs/airflow_env/lib/python3.11/site-packages/airflow/example_dags/example_branch_operator.py
[2025-10-29T20:26:24.026-0700] {processor.py:183} INFO - Processing /opt/miniconda3/envs/airflow_env/lib/python3.11/site-packages/airflow/example_dags/example_branch_operator.py took 0.097 seconds
[2025-10-29T20:28:07.426-0700] {processor.py:161} INFO - Started process (PID=29853) to work on /opt/miniconda3/envs/airflow_env/lib/python3.11/site-packages/airflow/example_dags/example_branch_operator.py
[2025-10-29T20:28:07.427-0700] {processor.py:830} INFO - Processing file /opt/miniconda3/envs/airflow_env/lib/python3.11/site-packages/airflow/example_dags/example_branch_operator.py for tasks to queue
[2025-10-29T20:28:07.428-0700] {logging_mixin.py:188} INFO - [2025-10-29T20:28:07.428-0700] {dagbag.py:545} INFO - Filling up the DagBag from /opt/miniconda3/envs/airflow_env/lib/python3.11/site-packages/airflow/example_dags/example_branch_operator.py
[2025-10-29T20:28:07.451-0700] {processor.py:842} WARNING - No viable dags retrieved from /opt/miniconda3/envs/airflow_env/lib/python3.11/site-packages/airflow/example_dags/example_branch_operator.py
[2025-10-29T20:28:07.532-0700] {processor.py:183} INFO - Processing /opt/miniconda3/envs/airflow_env/lib/python3.11/site-packages/airflow/example_dags/example_branch_operator.py took 0.109 seconds
[2025-10-29T20:28:10.755-0700] {processor.py:161} INFO - Started process (PID=29866) to work on /opt/miniconda3/envs/airflow_env/lib/python3.11/site-packages/airflow/example_dags/example_branch_operator.py
[2025-10-29T20:28:10.756-0700] {processor.py:830} INFO - Processing file /opt/miniconda3/envs/airflow_env/lib/python3.11/site-packages/airflow/example_dags/example_branch_operator.py for tasks to queue
[2025-10-29T20:28:10.756-0700] {logging_mixin.py:188} INFO - [2025-10-29T20:28:10.756-0700] {dagbag.py:545} INFO - Filling up the DagBag from /opt/miniconda3/envs/airflow_env/lib/python3.11/site-packages/airflow/example_dags/example_branch_operator.py
[2025-10-29T20:28:10.776-0700] {processor.py:842} WARNING - No viable dags retrieved from /opt/miniconda3/envs/airflow_env/lib/python3.11/site-packages/airflow/example_dags/example_branch_operator.py
[2025-10-29T20:28:10.841-0700] {processor.py:183} INFO - Processing /opt/miniconda3/envs/airflow_env/lib/python3.11/site-packages/airflow/example_dags/example_branch_operator.py took 0.090 seconds
[2025-10-29T20:29:12.916-0700] {processor.py:161} INFO - Started process (PID=30080) to work on /opt/miniconda3/envs/airflow_env/lib/python3.11/site-packages/airflow/example_dags/example_branch_operator.py
[2025-10-29T20:29:12.917-0700] {processor.py:830} INFO - Processing file /opt/miniconda3/envs/airflow_env/lib/python3.11/site-packages/airflow/example_dags/example_branch_operator.py for tasks to queue
[2025-10-29T20:29:12.918-0700] {logging_mixin.py:188} INFO - [2025-10-29T20:29:12.918-0700] {dagbag.py:545} INFO - Filling up the DagBag from /opt/miniconda3/envs/airflow_env/lib/python3.11/site-packages/airflow/example_dags/example_branch_operator.py
[2025-10-29T20:29:12.934-0700] {processor.py:842} WARNING - No viable dags retrieved from /opt/miniconda3/envs/airflow_env/lib/python3.11/site-packages/airflow/example_dags/example_branch_operator.py
[2025-10-29T20:29:12.986-0700] {processor.py:183} INFO - Processing /opt/miniconda3/envs/airflow_env/lib/python3.11/site-packages/airflow/example_dags/example_branch_operator.py took 0.073 seconds
