[2025-10-29T18:41:39.956-0700] {processor.py:161} INFO - Started process (PID=5256) to work on /opt/miniconda3/envs/airflow_env/lib/python3.11/site-packages/airflow/example_dags/example_bash_operator.py
[2025-10-29T18:41:39.957-0700] {processor.py:830} INFO - Processing file /opt/miniconda3/envs/airflow_env/lib/python3.11/site-packages/airflow/example_dags/example_bash_operator.py for tasks to queue
[2025-10-29T18:41:39.957-0700] {logging_mixin.py:188} INFO - [2025-10-29T18:41:39.957-0700] {dagbag.py:545} INFO - Filling up the DagBag from /opt/miniconda3/envs/airflow_env/lib/python3.11/site-packages/airflow/example_dags/example_bash_operator.py
[2025-10-29T18:41:39.964-0700] {processor.py:840} INFO - DAG(s) 'example_bash_operator' retrieved from /opt/miniconda3/envs/airflow_env/lib/python3.11/site-packages/airflow/example_dags/example_bash_operator.py
[2025-10-29T18:41:40.057-0700] {logging_mixin.py:188} INFO - [2025-10-29T18:41:40.056-0700] {override.py:1930} INFO - Created Permission View: can read on DAG:example_bash_operator
[2025-10-29T18:41:40.061-0700] {logging_mixin.py:188} INFO - [2025-10-29T18:41:40.061-0700] {override.py:1930} INFO - Created Permission View: can edit on DAG:example_bash_operator
[2025-10-29T18:41:40.064-0700] {logging_mixin.py:188} INFO - [2025-10-29T18:41:40.064-0700] {override.py:1930} INFO - Created Permission View: can delete on DAG:example_bash_operator
[2025-10-29T18:41:40.064-0700] {logging_mixin.py:188} INFO - [2025-10-29T18:41:40.064-0700] {dag.py:3089} INFO - Sync 1 DAGs
[2025-10-29T18:41:40.069-0700] {logging_mixin.py:188} INFO - [2025-10-29T18:41:40.069-0700] {dag.py:3111} INFO - Creating ORM DAG for example_bash_operator
[2025-10-29T18:41:40.073-0700] {logging_mixin.py:188} INFO - [2025-10-29T18:41:40.073-0700] {dag.py:3947} INFO - Setting next_dagrun for example_bash_operator to 2025-10-29 00:00:00+00:00, run_after=2025-10-30 00:00:00+00:00
[2025-10-29T18:41:40.114-0700] {processor.py:183} INFO - Processing /opt/miniconda3/envs/airflow_env/lib/python3.11/site-packages/airflow/example_dags/example_bash_operator.py took 0.160 seconds
[2025-10-29T18:43:58.070-0700] {processor.py:161} INFO - Started process (PID=5523) to work on /opt/miniconda3/envs/airflow_env/lib/python3.11/site-packages/airflow/example_dags/example_bash_operator.py
[2025-10-29T18:43:58.072-0700] {processor.py:830} INFO - Processing file /opt/miniconda3/envs/airflow_env/lib/python3.11/site-packages/airflow/example_dags/example_bash_operator.py for tasks to queue
[2025-10-29T18:43:58.072-0700] {logging_mixin.py:188} INFO - [2025-10-29T18:43:58.072-0700] {dagbag.py:545} INFO - Filling up the DagBag from /opt/miniconda3/envs/airflow_env/lib/python3.11/site-packages/airflow/example_dags/example_bash_operator.py
[2025-10-29T18:43:58.079-0700] {processor.py:840} INFO - DAG(s) 'example_bash_operator' retrieved from /opt/miniconda3/envs/airflow_env/lib/python3.11/site-packages/airflow/example_dags/example_bash_operator.py
[2025-10-29T18:43:58.130-0700] {logging_mixin.py:188} INFO - [2025-10-29T18:43:58.130-0700] {dag.py:3089} INFO - Sync 1 DAGs
[2025-10-29T18:43:58.140-0700] {logging_mixin.py:188} INFO - [2025-10-29T18:43:58.140-0700] {dag.py:3947} INFO - Setting next_dagrun for example_bash_operator to 2025-10-29 00:00:00+00:00, run_after=2025-10-30 00:00:00+00:00
[2025-10-29T18:43:58.149-0700] {processor.py:183} INFO - Processing /opt/miniconda3/envs/airflow_env/lib/python3.11/site-packages/airflow/example_dags/example_bash_operator.py took 0.081 seconds
[2025-10-29T18:46:22.659-0700] {processor.py:161} INFO - Started process (PID=5785) to work on /opt/miniconda3/envs/airflow_env/lib/python3.11/site-packages/airflow/example_dags/example_bash_operator.py
[2025-10-29T18:46:22.660-0700] {processor.py:830} INFO - Processing file /opt/miniconda3/envs/airflow_env/lib/python3.11/site-packages/airflow/example_dags/example_bash_operator.py for tasks to queue
[2025-10-29T18:46:22.660-0700] {logging_mixin.py:188} INFO - [2025-10-29T18:46:22.660-0700] {dagbag.py:545} INFO - Filling up the DagBag from /opt/miniconda3/envs/airflow_env/lib/python3.11/site-packages/airflow/example_dags/example_bash_operator.py
[2025-10-29T18:46:22.666-0700] {processor.py:840} INFO - DAG(s) 'example_bash_operator' retrieved from /opt/miniconda3/envs/airflow_env/lib/python3.11/site-packages/airflow/example_dags/example_bash_operator.py
[2025-10-29T18:46:22.718-0700] {logging_mixin.py:188} INFO - [2025-10-29T18:46:22.718-0700] {dag.py:3089} INFO - Sync 1 DAGs
[2025-10-29T18:46:22.728-0700] {logging_mixin.py:188} INFO - [2025-10-29T18:46:22.728-0700] {dag.py:3947} INFO - Setting next_dagrun for example_bash_operator to 2025-10-29 00:00:00+00:00, run_after=2025-10-30 00:00:00+00:00
[2025-10-29T18:46:22.737-0700] {processor.py:183} INFO - Processing /opt/miniconda3/envs/airflow_env/lib/python3.11/site-packages/airflow/example_dags/example_bash_operator.py took 0.080 seconds
[2025-10-29T18:48:47.116-0700] {processor.py:161} INFO - Started process (PID=6039) to work on /opt/miniconda3/envs/airflow_env/lib/python3.11/site-packages/airflow/example_dags/example_bash_operator.py
[2025-10-29T18:48:47.118-0700] {processor.py:830} INFO - Processing file /opt/miniconda3/envs/airflow_env/lib/python3.11/site-packages/airflow/example_dags/example_bash_operator.py for tasks to queue
[2025-10-29T18:48:47.118-0700] {logging_mixin.py:188} INFO - [2025-10-29T18:48:47.118-0700] {dagbag.py:545} INFO - Filling up the DagBag from /opt/miniconda3/envs/airflow_env/lib/python3.11/site-packages/airflow/example_dags/example_bash_operator.py
[2025-10-29T18:48:47.125-0700] {processor.py:840} INFO - DAG(s) 'example_bash_operator' retrieved from /opt/miniconda3/envs/airflow_env/lib/python3.11/site-packages/airflow/example_dags/example_bash_operator.py
[2025-10-29T18:48:47.176-0700] {logging_mixin.py:188} INFO - [2025-10-29T18:48:47.176-0700] {dag.py:3089} INFO - Sync 1 DAGs
[2025-10-29T18:48:47.185-0700] {logging_mixin.py:188} INFO - [2025-10-29T18:48:47.185-0700] {dag.py:3947} INFO - Setting next_dagrun for example_bash_operator to 2025-10-29 00:00:00+00:00, run_after=2025-10-30 00:00:00+00:00
[2025-10-29T18:48:47.195-0700] {processor.py:183} INFO - Processing /opt/miniconda3/envs/airflow_env/lib/python3.11/site-packages/airflow/example_dags/example_bash_operator.py took 0.081 seconds
[2025-10-29T18:51:11.010-0700] {processor.py:161} INFO - Started process (PID=9852) to work on /opt/miniconda3/envs/airflow_env/lib/python3.11/site-packages/airflow/example_dags/example_bash_operator.py
[2025-10-29T18:51:11.010-0700] {processor.py:830} INFO - Processing file /opt/miniconda3/envs/airflow_env/lib/python3.11/site-packages/airflow/example_dags/example_bash_operator.py for tasks to queue
[2025-10-29T18:51:11.011-0700] {logging_mixin.py:188} INFO - [2025-10-29T18:51:11.011-0700] {dagbag.py:545} INFO - Filling up the DagBag from /opt/miniconda3/envs/airflow_env/lib/python3.11/site-packages/airflow/example_dags/example_bash_operator.py
[2025-10-29T18:51:11.017-0700] {processor.py:840} INFO - DAG(s) 'example_bash_operator' retrieved from /opt/miniconda3/envs/airflow_env/lib/python3.11/site-packages/airflow/example_dags/example_bash_operator.py
[2025-10-29T18:51:11.069-0700] {logging_mixin.py:188} INFO - [2025-10-29T18:51:11.069-0700] {dag.py:3089} INFO - Sync 1 DAGs
[2025-10-29T18:51:11.079-0700] {logging_mixin.py:188} INFO - [2025-10-29T18:51:11.079-0700] {dag.py:3947} INFO - Setting next_dagrun for example_bash_operator to 2025-10-29 00:00:00+00:00, run_after=2025-10-30 00:00:00+00:00
[2025-10-29T18:51:11.088-0700] {processor.py:183} INFO - Processing /opt/miniconda3/envs/airflow_env/lib/python3.11/site-packages/airflow/example_dags/example_bash_operator.py took 0.081 seconds
[2025-10-29T18:53:29.599-0700] {processor.py:161} INFO - Started process (PID=10121) to work on /opt/miniconda3/envs/airflow_env/lib/python3.11/site-packages/airflow/example_dags/example_bash_operator.py
[2025-10-29T18:53:29.599-0700] {processor.py:830} INFO - Processing file /opt/miniconda3/envs/airflow_env/lib/python3.11/site-packages/airflow/example_dags/example_bash_operator.py for tasks to queue
[2025-10-29T18:53:29.600-0700] {logging_mixin.py:188} INFO - [2025-10-29T18:53:29.600-0700] {dagbag.py:545} INFO - Filling up the DagBag from /opt/miniconda3/envs/airflow_env/lib/python3.11/site-packages/airflow/example_dags/example_bash_operator.py
[2025-10-29T18:53:29.606-0700] {processor.py:840} INFO - DAG(s) 'example_bash_operator' retrieved from /opt/miniconda3/envs/airflow_env/lib/python3.11/site-packages/airflow/example_dags/example_bash_operator.py
[2025-10-29T18:53:29.660-0700] {logging_mixin.py:188} INFO - [2025-10-29T18:53:29.660-0700] {dag.py:3089} INFO - Sync 1 DAGs
[2025-10-29T18:53:29.670-0700] {logging_mixin.py:188} INFO - [2025-10-29T18:53:29.669-0700] {dag.py:3947} INFO - Setting next_dagrun for example_bash_operator to 2025-10-29 00:00:00+00:00, run_after=2025-10-30 00:00:00+00:00
[2025-10-29T18:53:29.680-0700] {processor.py:183} INFO - Processing /opt/miniconda3/envs/airflow_env/lib/python3.11/site-packages/airflow/example_dags/example_bash_operator.py took 0.084 seconds
[2025-10-29T18:55:51.599-0700] {processor.py:161} INFO - Started process (PID=10375) to work on /opt/miniconda3/envs/airflow_env/lib/python3.11/site-packages/airflow/example_dags/example_bash_operator.py
[2025-10-29T18:55:51.601-0700] {processor.py:830} INFO - Processing file /opt/miniconda3/envs/airflow_env/lib/python3.11/site-packages/airflow/example_dags/example_bash_operator.py for tasks to queue
[2025-10-29T18:55:51.601-0700] {logging_mixin.py:188} INFO - [2025-10-29T18:55:51.601-0700] {dagbag.py:545} INFO - Filling up the DagBag from /opt/miniconda3/envs/airflow_env/lib/python3.11/site-packages/airflow/example_dags/example_bash_operator.py
[2025-10-29T18:55:51.607-0700] {processor.py:840} INFO - DAG(s) 'example_bash_operator' retrieved from /opt/miniconda3/envs/airflow_env/lib/python3.11/site-packages/airflow/example_dags/example_bash_operator.py
[2025-10-29T18:55:51.659-0700] {logging_mixin.py:188} INFO - [2025-10-29T18:55:51.659-0700] {dag.py:3089} INFO - Sync 1 DAGs
[2025-10-29T18:55:51.668-0700] {logging_mixin.py:188} INFO - [2025-10-29T18:55:51.668-0700] {dag.py:3947} INFO - Setting next_dagrun for example_bash_operator to 2025-10-29 00:00:00+00:00, run_after=2025-10-30 00:00:00+00:00
[2025-10-29T18:55:51.678-0700] {processor.py:183} INFO - Processing /opt/miniconda3/envs/airflow_env/lib/python3.11/site-packages/airflow/example_dags/example_bash_operator.py took 0.080 seconds
[2025-10-29T18:58:13.487-0700] {processor.py:161} INFO - Started process (PID=10629) to work on /opt/miniconda3/envs/airflow_env/lib/python3.11/site-packages/airflow/example_dags/example_bash_operator.py
[2025-10-29T18:58:13.488-0700] {processor.py:830} INFO - Processing file /opt/miniconda3/envs/airflow_env/lib/python3.11/site-packages/airflow/example_dags/example_bash_operator.py for tasks to queue
[2025-10-29T18:58:13.488-0700] {logging_mixin.py:188} INFO - [2025-10-29T18:58:13.488-0700] {dagbag.py:545} INFO - Filling up the DagBag from /opt/miniconda3/envs/airflow_env/lib/python3.11/site-packages/airflow/example_dags/example_bash_operator.py
[2025-10-29T18:58:13.494-0700] {processor.py:840} INFO - DAG(s) 'example_bash_operator' retrieved from /opt/miniconda3/envs/airflow_env/lib/python3.11/site-packages/airflow/example_dags/example_bash_operator.py
[2025-10-29T18:58:13.546-0700] {logging_mixin.py:188} INFO - [2025-10-29T18:58:13.545-0700] {dag.py:3089} INFO - Sync 1 DAGs
[2025-10-29T18:58:13.555-0700] {logging_mixin.py:188} INFO - [2025-10-29T18:58:13.555-0700] {dag.py:3947} INFO - Setting next_dagrun for example_bash_operator to 2025-10-29 00:00:00+00:00, run_after=2025-10-30 00:00:00+00:00
[2025-10-29T18:58:13.564-0700] {processor.py:183} INFO - Processing /opt/miniconda3/envs/airflow_env/lib/python3.11/site-packages/airflow/example_dags/example_bash_operator.py took 0.079 seconds
[2025-10-29T19:00:14.844-0700] {processor.py:161} INFO - Started process (PID=10883) to work on /opt/miniconda3/envs/airflow_env/lib/python3.11/site-packages/airflow/example_dags/example_bash_operator.py
[2025-10-29T19:00:14.845-0700] {processor.py:830} INFO - Processing file /opt/miniconda3/envs/airflow_env/lib/python3.11/site-packages/airflow/example_dags/example_bash_operator.py for tasks to queue
[2025-10-29T19:00:14.845-0700] {logging_mixin.py:188} INFO - [2025-10-29T19:00:14.845-0700] {dagbag.py:545} INFO - Filling up the DagBag from /opt/miniconda3/envs/airflow_env/lib/python3.11/site-packages/airflow/example_dags/example_bash_operator.py
[2025-10-29T19:00:14.853-0700] {processor.py:840} INFO - DAG(s) 'example_bash_operator' retrieved from /opt/miniconda3/envs/airflow_env/lib/python3.11/site-packages/airflow/example_dags/example_bash_operator.py
[2025-10-29T19:00:14.945-0700] {logging_mixin.py:188} INFO - [2025-10-29T19:00:14.944-0700] {dag.py:3089} INFO - Sync 1 DAGs
[2025-10-29T19:00:14.953-0700] {logging_mixin.py:188} INFO - [2025-10-29T19:00:14.953-0700] {dag.py:3947} INFO - Setting next_dagrun for example_bash_operator to 2025-10-29 00:00:00+00:00, run_after=2025-10-30 00:00:00+00:00
[2025-10-29T19:00:15.003-0700] {processor.py:183} INFO - Processing /opt/miniconda3/envs/airflow_env/lib/python3.11/site-packages/airflow/example_dags/example_bash_operator.py took 0.161 seconds
[2025-10-29T19:02:38.902-0700] {processor.py:161} INFO - Started process (PID=11139) to work on /opt/miniconda3/envs/airflow_env/lib/python3.11/site-packages/airflow/example_dags/example_bash_operator.py
[2025-10-29T19:02:38.904-0700] {processor.py:830} INFO - Processing file /opt/miniconda3/envs/airflow_env/lib/python3.11/site-packages/airflow/example_dags/example_bash_operator.py for tasks to queue
[2025-10-29T19:02:38.905-0700] {logging_mixin.py:188} INFO - [2025-10-29T19:02:38.905-0700] {dagbag.py:545} INFO - Filling up the DagBag from /opt/miniconda3/envs/airflow_env/lib/python3.11/site-packages/airflow/example_dags/example_bash_operator.py
[2025-10-29T19:02:38.911-0700] {processor.py:840} INFO - DAG(s) 'example_bash_operator' retrieved from /opt/miniconda3/envs/airflow_env/lib/python3.11/site-packages/airflow/example_dags/example_bash_operator.py
[2025-10-29T19:02:38.965-0700] {logging_mixin.py:188} INFO - [2025-10-29T19:02:38.965-0700] {dag.py:3089} INFO - Sync 1 DAGs
[2025-10-29T19:02:38.974-0700] {logging_mixin.py:188} INFO - [2025-10-29T19:02:38.974-0700] {dag.py:3947} INFO - Setting next_dagrun for example_bash_operator to 2025-10-29 00:00:00+00:00, run_after=2025-10-30 00:00:00+00:00
[2025-10-29T19:02:38.984-0700] {processor.py:183} INFO - Processing /opt/miniconda3/envs/airflow_env/lib/python3.11/site-packages/airflow/example_dags/example_bash_operator.py took 0.084 seconds
[2025-10-29T19:05:06.353-0700] {processor.py:161} INFO - Started process (PID=11397) to work on /opt/miniconda3/envs/airflow_env/lib/python3.11/site-packages/airflow/example_dags/example_bash_operator.py
[2025-10-29T19:05:06.354-0700] {processor.py:830} INFO - Processing file /opt/miniconda3/envs/airflow_env/lib/python3.11/site-packages/airflow/example_dags/example_bash_operator.py for tasks to queue
[2025-10-29T19:05:06.354-0700] {logging_mixin.py:188} INFO - [2025-10-29T19:05:06.354-0700] {dagbag.py:545} INFO - Filling up the DagBag from /opt/miniconda3/envs/airflow_env/lib/python3.11/site-packages/airflow/example_dags/example_bash_operator.py
[2025-10-29T19:05:06.360-0700] {processor.py:840} INFO - DAG(s) 'example_bash_operator' retrieved from /opt/miniconda3/envs/airflow_env/lib/python3.11/site-packages/airflow/example_dags/example_bash_operator.py
[2025-10-29T19:05:06.412-0700] {logging_mixin.py:188} INFO - [2025-10-29T19:05:06.411-0700] {dag.py:3089} INFO - Sync 1 DAGs
[2025-10-29T19:05:06.421-0700] {logging_mixin.py:188} INFO - [2025-10-29T19:05:06.421-0700] {dag.py:3947} INFO - Setting next_dagrun for example_bash_operator to 2025-10-29 00:00:00+00:00, run_after=2025-10-30 00:00:00+00:00
[2025-10-29T19:05:06.431-0700] {processor.py:183} INFO - Processing /opt/miniconda3/envs/airflow_env/lib/python3.11/site-packages/airflow/example_dags/example_bash_operator.py took 0.080 seconds
[2025-10-29T19:07:35.508-0700] {processor.py:161} INFO - Started process (PID=11669) to work on /opt/miniconda3/envs/airflow_env/lib/python3.11/site-packages/airflow/example_dags/example_bash_operator.py
[2025-10-29T19:07:35.510-0700] {processor.py:830} INFO - Processing file /opt/miniconda3/envs/airflow_env/lib/python3.11/site-packages/airflow/example_dags/example_bash_operator.py for tasks to queue
[2025-10-29T19:07:35.510-0700] {logging_mixin.py:188} INFO - [2025-10-29T19:07:35.510-0700] {dagbag.py:545} INFO - Filling up the DagBag from /opt/miniconda3/envs/airflow_env/lib/python3.11/site-packages/airflow/example_dags/example_bash_operator.py
[2025-10-29T19:07:35.517-0700] {processor.py:840} INFO - DAG(s) 'example_bash_operator' retrieved from /opt/miniconda3/envs/airflow_env/lib/python3.11/site-packages/airflow/example_dags/example_bash_operator.py
[2025-10-29T19:07:35.569-0700] {logging_mixin.py:188} INFO - [2025-10-29T19:07:35.569-0700] {dag.py:3089} INFO - Sync 1 DAGs
[2025-10-29T19:07:35.578-0700] {logging_mixin.py:188} INFO - [2025-10-29T19:07:35.578-0700] {dag.py:3947} INFO - Setting next_dagrun for example_bash_operator to 2025-10-29 00:00:00+00:00, run_after=2025-10-30 00:00:00+00:00
[2025-10-29T19:07:35.587-0700] {processor.py:183} INFO - Processing /opt/miniconda3/envs/airflow_env/lib/python3.11/site-packages/airflow/example_dags/example_bash_operator.py took 0.081 seconds
[2025-10-29T19:10:01.424-0700] {processor.py:161} INFO - Started process (PID=11908) to work on /opt/miniconda3/envs/airflow_env/lib/python3.11/site-packages/airflow/example_dags/example_bash_operator.py
[2025-10-29T19:10:01.425-0700] {processor.py:830} INFO - Processing file /opt/miniconda3/envs/airflow_env/lib/python3.11/site-packages/airflow/example_dags/example_bash_operator.py for tasks to queue
[2025-10-29T19:10:01.425-0700] {logging_mixin.py:188} INFO - [2025-10-29T19:10:01.425-0700] {dagbag.py:545} INFO - Filling up the DagBag from /opt/miniconda3/envs/airflow_env/lib/python3.11/site-packages/airflow/example_dags/example_bash_operator.py
[2025-10-29T19:10:01.432-0700] {processor.py:840} INFO - DAG(s) 'example_bash_operator' retrieved from /opt/miniconda3/envs/airflow_env/lib/python3.11/site-packages/airflow/example_dags/example_bash_operator.py
[2025-10-29T19:10:01.483-0700] {logging_mixin.py:188} INFO - [2025-10-29T19:10:01.483-0700] {dag.py:3089} INFO - Sync 1 DAGs
[2025-10-29T19:10:01.492-0700] {logging_mixin.py:188} INFO - [2025-10-29T19:10:01.492-0700] {dag.py:3947} INFO - Setting next_dagrun for example_bash_operator to 2025-10-29 00:00:00+00:00, run_after=2025-10-30 00:00:00+00:00
[2025-10-29T19:10:01.502-0700] {processor.py:183} INFO - Processing /opt/miniconda3/envs/airflow_env/lib/python3.11/site-packages/airflow/example_dags/example_bash_operator.py took 0.079 seconds
[2025-10-29T19:12:33.897-0700] {processor.py:161} INFO - Started process (PID=12188) to work on /opt/miniconda3/envs/airflow_env/lib/python3.11/site-packages/airflow/example_dags/example_bash_operator.py
[2025-10-29T19:12:33.899-0700] {processor.py:830} INFO - Processing file /opt/miniconda3/envs/airflow_env/lib/python3.11/site-packages/airflow/example_dags/example_bash_operator.py for tasks to queue
[2025-10-29T19:12:33.899-0700] {logging_mixin.py:188} INFO - [2025-10-29T19:12:33.899-0700] {dagbag.py:545} INFO - Filling up the DagBag from /opt/miniconda3/envs/airflow_env/lib/python3.11/site-packages/airflow/example_dags/example_bash_operator.py
[2025-10-29T19:12:33.906-0700] {processor.py:840} INFO - DAG(s) 'example_bash_operator' retrieved from /opt/miniconda3/envs/airflow_env/lib/python3.11/site-packages/airflow/example_dags/example_bash_operator.py
[2025-10-29T19:12:33.957-0700] {logging_mixin.py:188} INFO - [2025-10-29T19:12:33.957-0700] {dag.py:3089} INFO - Sync 1 DAGs
[2025-10-29T19:12:33.967-0700] {logging_mixin.py:188} INFO - [2025-10-29T19:12:33.966-0700] {dag.py:3947} INFO - Setting next_dagrun for example_bash_operator to 2025-10-29 00:00:00+00:00, run_after=2025-10-30 00:00:00+00:00
[2025-10-29T19:12:33.976-0700] {processor.py:183} INFO - Processing /opt/miniconda3/envs/airflow_env/lib/python3.11/site-packages/airflow/example_dags/example_bash_operator.py took 0.081 seconds
[2025-10-29T19:15:00.606-0700] {processor.py:161} INFO - Started process (PID=12444) to work on /opt/miniconda3/envs/airflow_env/lib/python3.11/site-packages/airflow/example_dags/example_bash_operator.py
[2025-10-29T19:15:00.607-0700] {processor.py:830} INFO - Processing file /opt/miniconda3/envs/airflow_env/lib/python3.11/site-packages/airflow/example_dags/example_bash_operator.py for tasks to queue
[2025-10-29T19:15:00.607-0700] {logging_mixin.py:188} INFO - [2025-10-29T19:15:00.607-0700] {dagbag.py:545} INFO - Filling up the DagBag from /opt/miniconda3/envs/airflow_env/lib/python3.11/site-packages/airflow/example_dags/example_bash_operator.py
[2025-10-29T19:15:00.613-0700] {processor.py:840} INFO - DAG(s) 'example_bash_operator' retrieved from /opt/miniconda3/envs/airflow_env/lib/python3.11/site-packages/airflow/example_dags/example_bash_operator.py
[2025-10-29T19:15:00.665-0700] {logging_mixin.py:188} INFO - [2025-10-29T19:15:00.664-0700] {dag.py:3089} INFO - Sync 1 DAGs
[2025-10-29T19:15:00.674-0700] {logging_mixin.py:188} INFO - [2025-10-29T19:15:00.674-0700] {dag.py:3947} INFO - Setting next_dagrun for example_bash_operator to 2025-10-29 00:00:00+00:00, run_after=2025-10-30 00:00:00+00:00
[2025-10-29T19:15:00.683-0700] {processor.py:183} INFO - Processing /opt/miniconda3/envs/airflow_env/lib/python3.11/site-packages/airflow/example_dags/example_bash_operator.py took 0.079 seconds
[2025-10-29T19:17:28.267-0700] {processor.py:161} INFO - Started process (PID=12706) to work on /opt/miniconda3/envs/airflow_env/lib/python3.11/site-packages/airflow/example_dags/example_bash_operator.py
[2025-10-29T19:17:28.267-0700] {processor.py:830} INFO - Processing file /opt/miniconda3/envs/airflow_env/lib/python3.11/site-packages/airflow/example_dags/example_bash_operator.py for tasks to queue
[2025-10-29T19:17:28.268-0700] {logging_mixin.py:188} INFO - [2025-10-29T19:17:28.268-0700] {dagbag.py:545} INFO - Filling up the DagBag from /opt/miniconda3/envs/airflow_env/lib/python3.11/site-packages/airflow/example_dags/example_bash_operator.py
[2025-10-29T19:17:28.274-0700] {processor.py:840} INFO - DAG(s) 'example_bash_operator' retrieved from /opt/miniconda3/envs/airflow_env/lib/python3.11/site-packages/airflow/example_dags/example_bash_operator.py
[2025-10-29T19:17:28.326-0700] {logging_mixin.py:188} INFO - [2025-10-29T19:17:28.326-0700] {dag.py:3089} INFO - Sync 1 DAGs
[2025-10-29T19:17:28.335-0700] {logging_mixin.py:188} INFO - [2025-10-29T19:17:28.335-0700] {dag.py:3947} INFO - Setting next_dagrun for example_bash_operator to 2025-10-29 00:00:00+00:00, run_after=2025-10-30 00:00:00+00:00
[2025-10-29T19:17:28.344-0700] {processor.py:183} INFO - Processing /opt/miniconda3/envs/airflow_env/lib/python3.11/site-packages/airflow/example_dags/example_bash_operator.py took 0.080 seconds
[2025-10-29T19:19:55.680-0700] {processor.py:161} INFO - Started process (PID=12966) to work on /opt/miniconda3/envs/airflow_env/lib/python3.11/site-packages/airflow/example_dags/example_bash_operator.py
[2025-10-29T19:19:55.682-0700] {processor.py:830} INFO - Processing file /opt/miniconda3/envs/airflow_env/lib/python3.11/site-packages/airflow/example_dags/example_bash_operator.py for tasks to queue
[2025-10-29T19:19:55.682-0700] {logging_mixin.py:188} INFO - [2025-10-29T19:19:55.682-0700] {dagbag.py:545} INFO - Filling up the DagBag from /opt/miniconda3/envs/airflow_env/lib/python3.11/site-packages/airflow/example_dags/example_bash_operator.py
[2025-10-29T19:19:55.688-0700] {processor.py:840} INFO - DAG(s) 'example_bash_operator' retrieved from /opt/miniconda3/envs/airflow_env/lib/python3.11/site-packages/airflow/example_dags/example_bash_operator.py
[2025-10-29T19:19:55.742-0700] {logging_mixin.py:188} INFO - [2025-10-29T19:19:55.741-0700] {dag.py:3089} INFO - Sync 1 DAGs
[2025-10-29T19:19:55.751-0700] {logging_mixin.py:188} INFO - [2025-10-29T19:19:55.751-0700] {dag.py:3947} INFO - Setting next_dagrun for example_bash_operator to 2025-10-29 00:00:00+00:00, run_after=2025-10-30 00:00:00+00:00
[2025-10-29T19:19:55.761-0700] {processor.py:183} INFO - Processing /opt/miniconda3/envs/airflow_env/lib/python3.11/site-packages/airflow/example_dags/example_bash_operator.py took 0.083 seconds
[2025-10-29T19:22:21.595-0700] {processor.py:161} INFO - Started process (PID=13262) to work on /opt/miniconda3/envs/airflow_env/lib/python3.11/site-packages/airflow/example_dags/example_bash_operator.py
[2025-10-29T19:22:21.595-0700] {processor.py:830} INFO - Processing file /opt/miniconda3/envs/airflow_env/lib/python3.11/site-packages/airflow/example_dags/example_bash_operator.py for tasks to queue
[2025-10-29T19:22:21.596-0700] {logging_mixin.py:188} INFO - [2025-10-29T19:22:21.596-0700] {dagbag.py:545} INFO - Filling up the DagBag from /opt/miniconda3/envs/airflow_env/lib/python3.11/site-packages/airflow/example_dags/example_bash_operator.py
[2025-10-29T19:22:21.602-0700] {processor.py:840} INFO - DAG(s) 'example_bash_operator' retrieved from /opt/miniconda3/envs/airflow_env/lib/python3.11/site-packages/airflow/example_dags/example_bash_operator.py
[2025-10-29T19:22:21.655-0700] {logging_mixin.py:188} INFO - [2025-10-29T19:22:21.655-0700] {dag.py:3089} INFO - Sync 1 DAGs
[2025-10-29T19:22:21.664-0700] {logging_mixin.py:188} INFO - [2025-10-29T19:22:21.664-0700] {dag.py:3947} INFO - Setting next_dagrun for example_bash_operator to 2025-10-29 00:00:00+00:00, run_after=2025-10-30 00:00:00+00:00
[2025-10-29T19:22:21.674-0700] {processor.py:183} INFO - Processing /opt/miniconda3/envs/airflow_env/lib/python3.11/site-packages/airflow/example_dags/example_bash_operator.py took 0.081 seconds
[2025-10-29T19:24:48.960-0700] {processor.py:161} INFO - Started process (PID=13583) to work on /opt/miniconda3/envs/airflow_env/lib/python3.11/site-packages/airflow/example_dags/example_bash_operator.py
[2025-10-29T19:24:48.961-0700] {processor.py:830} INFO - Processing file /opt/miniconda3/envs/airflow_env/lib/python3.11/site-packages/airflow/example_dags/example_bash_operator.py for tasks to queue
[2025-10-29T19:24:48.962-0700] {logging_mixin.py:188} INFO - [2025-10-29T19:24:48.961-0700] {dagbag.py:545} INFO - Filling up the DagBag from /opt/miniconda3/envs/airflow_env/lib/python3.11/site-packages/airflow/example_dags/example_bash_operator.py
[2025-10-29T19:24:48.968-0700] {processor.py:840} INFO - DAG(s) 'example_bash_operator' retrieved from /opt/miniconda3/envs/airflow_env/lib/python3.11/site-packages/airflow/example_dags/example_bash_operator.py
[2025-10-29T19:24:49.019-0700] {logging_mixin.py:188} INFO - [2025-10-29T19:24:49.019-0700] {dag.py:3089} INFO - Sync 1 DAGs
[2025-10-29T19:24:49.029-0700] {logging_mixin.py:188} INFO - [2025-10-29T19:24:49.029-0700] {dag.py:3947} INFO - Setting next_dagrun for example_bash_operator to 2025-10-29 00:00:00+00:00, run_after=2025-10-30 00:00:00+00:00
[2025-10-29T19:24:49.039-0700] {processor.py:183} INFO - Processing /opt/miniconda3/envs/airflow_env/lib/python3.11/site-packages/airflow/example_dags/example_bash_operator.py took 0.081 seconds
[2025-10-29T19:27:12.782-0700] {processor.py:161} INFO - Started process (PID=14250) to work on /opt/miniconda3/envs/airflow_env/lib/python3.11/site-packages/airflow/example_dags/example_bash_operator.py
[2025-10-29T19:27:12.782-0700] {processor.py:830} INFO - Processing file /opt/miniconda3/envs/airflow_env/lib/python3.11/site-packages/airflow/example_dags/example_bash_operator.py for tasks to queue
[2025-10-29T19:27:12.783-0700] {logging_mixin.py:188} INFO - [2025-10-29T19:27:12.783-0700] {dagbag.py:545} INFO - Filling up the DagBag from /opt/miniconda3/envs/airflow_env/lib/python3.11/site-packages/airflow/example_dags/example_bash_operator.py
[2025-10-29T19:27:12.790-0700] {processor.py:840} INFO - DAG(s) 'example_bash_operator' retrieved from /opt/miniconda3/envs/airflow_env/lib/python3.11/site-packages/airflow/example_dags/example_bash_operator.py
[2025-10-29T19:27:12.842-0700] {logging_mixin.py:188} INFO - [2025-10-29T19:27:12.842-0700] {dag.py:3089} INFO - Sync 1 DAGs
[2025-10-29T19:27:12.852-0700] {logging_mixin.py:188} INFO - [2025-10-29T19:27:12.852-0700] {dag.py:3947} INFO - Setting next_dagrun for example_bash_operator to 2025-10-29 00:00:00+00:00, run_after=2025-10-30 00:00:00+00:00
[2025-10-29T19:27:12.861-0700] {processor.py:183} INFO - Processing /opt/miniconda3/envs/airflow_env/lib/python3.11/site-packages/airflow/example_dags/example_bash_operator.py took 0.081 seconds
[2025-10-29T19:29:42.142-0700] {processor.py:161} INFO - Started process (PID=14942) to work on /opt/miniconda3/envs/airflow_env/lib/python3.11/site-packages/airflow/example_dags/example_bash_operator.py
[2025-10-29T19:29:42.144-0700] {processor.py:830} INFO - Processing file /opt/miniconda3/envs/airflow_env/lib/python3.11/site-packages/airflow/example_dags/example_bash_operator.py for tasks to queue
[2025-10-29T19:29:42.144-0700] {logging_mixin.py:188} INFO - [2025-10-29T19:29:42.144-0700] {dagbag.py:545} INFO - Filling up the DagBag from /opt/miniconda3/envs/airflow_env/lib/python3.11/site-packages/airflow/example_dags/example_bash_operator.py
[2025-10-29T19:29:42.151-0700] {processor.py:840} INFO - DAG(s) 'example_bash_operator' retrieved from /opt/miniconda3/envs/airflow_env/lib/python3.11/site-packages/airflow/example_dags/example_bash_operator.py
[2025-10-29T19:29:42.205-0700] {logging_mixin.py:188} INFO - [2025-10-29T19:29:42.205-0700] {dag.py:3089} INFO - Sync 1 DAGs
[2025-10-29T19:29:42.215-0700] {logging_mixin.py:188} INFO - [2025-10-29T19:29:42.214-0700] {dag.py:3947} INFO - Setting next_dagrun for example_bash_operator to 2025-10-29 00:00:00+00:00, run_after=2025-10-30 00:00:00+00:00
[2025-10-29T19:29:42.225-0700] {processor.py:183} INFO - Processing /opt/miniconda3/envs/airflow_env/lib/python3.11/site-packages/airflow/example_dags/example_bash_operator.py took 0.085 seconds
[2025-10-29T19:32:12.336-0700] {processor.py:161} INFO - Started process (PID=15627) to work on /opt/miniconda3/envs/airflow_env/lib/python3.11/site-packages/airflow/example_dags/example_bash_operator.py
[2025-10-29T19:32:12.336-0700] {processor.py:830} INFO - Processing file /opt/miniconda3/envs/airflow_env/lib/python3.11/site-packages/airflow/example_dags/example_bash_operator.py for tasks to queue
[2025-10-29T19:32:12.337-0700] {logging_mixin.py:188} INFO - [2025-10-29T19:32:12.337-0700] {dagbag.py:545} INFO - Filling up the DagBag from /opt/miniconda3/envs/airflow_env/lib/python3.11/site-packages/airflow/example_dags/example_bash_operator.py
[2025-10-29T19:32:12.344-0700] {processor.py:840} INFO - DAG(s) 'example_bash_operator' retrieved from /opt/miniconda3/envs/airflow_env/lib/python3.11/site-packages/airflow/example_dags/example_bash_operator.py
[2025-10-29T19:32:12.402-0700] {logging_mixin.py:188} INFO - [2025-10-29T19:32:12.401-0700] {dag.py:3089} INFO - Sync 1 DAGs
[2025-10-29T19:32:12.413-0700] {logging_mixin.py:188} INFO - [2025-10-29T19:32:12.413-0700] {dag.py:3947} INFO - Setting next_dagrun for example_bash_operator to 2025-10-29 00:00:00+00:00, run_after=2025-10-30 00:00:00+00:00
[2025-10-29T19:32:12.425-0700] {processor.py:183} INFO - Processing /opt/miniconda3/envs/airflow_env/lib/python3.11/site-packages/airflow/example_dags/example_bash_operator.py took 0.091 seconds
[2025-10-29T19:34:41.803-0700] {processor.py:161} INFO - Started process (PID=16342) to work on /opt/miniconda3/envs/airflow_env/lib/python3.11/site-packages/airflow/example_dags/example_bash_operator.py
[2025-10-29T19:34:41.804-0700] {processor.py:830} INFO - Processing file /opt/miniconda3/envs/airflow_env/lib/python3.11/site-packages/airflow/example_dags/example_bash_operator.py for tasks to queue
[2025-10-29T19:34:41.804-0700] {logging_mixin.py:188} INFO - [2025-10-29T19:34:41.804-0700] {dagbag.py:545} INFO - Filling up the DagBag from /opt/miniconda3/envs/airflow_env/lib/python3.11/site-packages/airflow/example_dags/example_bash_operator.py
[2025-10-29T19:34:41.811-0700] {processor.py:840} INFO - DAG(s) 'example_bash_operator' retrieved from /opt/miniconda3/envs/airflow_env/lib/python3.11/site-packages/airflow/example_dags/example_bash_operator.py
[2025-10-29T19:34:41.863-0700] {logging_mixin.py:188} INFO - [2025-10-29T19:34:41.863-0700] {dag.py:3089} INFO - Sync 1 DAGs
[2025-10-29T19:34:41.872-0700] {logging_mixin.py:188} INFO - [2025-10-29T19:34:41.872-0700] {dag.py:3947} INFO - Setting next_dagrun for example_bash_operator to 2025-10-29 00:00:00+00:00, run_after=2025-10-30 00:00:00+00:00
[2025-10-29T19:34:41.882-0700] {processor.py:183} INFO - Processing /opt/miniconda3/envs/airflow_env/lib/python3.11/site-packages/airflow/example_dags/example_bash_operator.py took 0.080 seconds
[2025-10-29T19:37:12.446-0700] {processor.py:161} INFO - Started process (PID=17036) to work on /opt/miniconda3/envs/airflow_env/lib/python3.11/site-packages/airflow/example_dags/example_bash_operator.py
[2025-10-29T19:37:12.447-0700] {processor.py:830} INFO - Processing file /opt/miniconda3/envs/airflow_env/lib/python3.11/site-packages/airflow/example_dags/example_bash_operator.py for tasks to queue
[2025-10-29T19:37:12.448-0700] {logging_mixin.py:188} INFO - [2025-10-29T19:37:12.448-0700] {dagbag.py:545} INFO - Filling up the DagBag from /opt/miniconda3/envs/airflow_env/lib/python3.11/site-packages/airflow/example_dags/example_bash_operator.py
[2025-10-29T19:37:12.455-0700] {processor.py:840} INFO - DAG(s) 'example_bash_operator' retrieved from /opt/miniconda3/envs/airflow_env/lib/python3.11/site-packages/airflow/example_dags/example_bash_operator.py
[2025-10-29T19:37:12.509-0700] {logging_mixin.py:188} INFO - [2025-10-29T19:37:12.509-0700] {dag.py:3089} INFO - Sync 1 DAGs
[2025-10-29T19:37:12.519-0700] {logging_mixin.py:188} INFO - [2025-10-29T19:37:12.519-0700] {dag.py:3947} INFO - Setting next_dagrun for example_bash_operator to 2025-10-29 00:00:00+00:00, run_after=2025-10-30 00:00:00+00:00
[2025-10-29T19:37:12.530-0700] {processor.py:183} INFO - Processing /opt/miniconda3/envs/airflow_env/lib/python3.11/site-packages/airflow/example_dags/example_bash_operator.py took 0.087 seconds
[2025-10-29T19:39:41.976-0700] {processor.py:161} INFO - Started process (PID=17761) to work on /opt/miniconda3/envs/airflow_env/lib/python3.11/site-packages/airflow/example_dags/example_bash_operator.py
[2025-10-29T19:39:41.977-0700] {processor.py:830} INFO - Processing file /opt/miniconda3/envs/airflow_env/lib/python3.11/site-packages/airflow/example_dags/example_bash_operator.py for tasks to queue
[2025-10-29T19:39:41.977-0700] {logging_mixin.py:188} INFO - [2025-10-29T19:39:41.977-0700] {dagbag.py:545} INFO - Filling up the DagBag from /opt/miniconda3/envs/airflow_env/lib/python3.11/site-packages/airflow/example_dags/example_bash_operator.py
[2025-10-29T19:39:41.983-0700] {processor.py:840} INFO - DAG(s) 'example_bash_operator' retrieved from /opt/miniconda3/envs/airflow_env/lib/python3.11/site-packages/airflow/example_dags/example_bash_operator.py
[2025-10-29T19:39:42.035-0700] {logging_mixin.py:188} INFO - [2025-10-29T19:39:42.035-0700] {dag.py:3089} INFO - Sync 1 DAGs
[2025-10-29T19:39:42.045-0700] {logging_mixin.py:188} INFO - [2025-10-29T19:39:42.045-0700] {dag.py:3947} INFO - Setting next_dagrun for example_bash_operator to 2025-10-29 00:00:00+00:00, run_after=2025-10-30 00:00:00+00:00
[2025-10-29T19:39:42.054-0700] {processor.py:183} INFO - Processing /opt/miniconda3/envs/airflow_env/lib/python3.11/site-packages/airflow/example_dags/example_bash_operator.py took 0.080 seconds
[2025-10-29T19:42:10.797-0700] {processor.py:161} INFO - Started process (PID=18468) to work on /opt/miniconda3/envs/airflow_env/lib/python3.11/site-packages/airflow/example_dags/example_bash_operator.py
[2025-10-29T19:42:10.798-0700] {processor.py:830} INFO - Processing file /opt/miniconda3/envs/airflow_env/lib/python3.11/site-packages/airflow/example_dags/example_bash_operator.py for tasks to queue
[2025-10-29T19:42:10.799-0700] {logging_mixin.py:188} INFO - [2025-10-29T19:42:10.799-0700] {dagbag.py:545} INFO - Filling up the DagBag from /opt/miniconda3/envs/airflow_env/lib/python3.11/site-packages/airflow/example_dags/example_bash_operator.py
[2025-10-29T19:42:10.805-0700] {processor.py:840} INFO - DAG(s) 'example_bash_operator' retrieved from /opt/miniconda3/envs/airflow_env/lib/python3.11/site-packages/airflow/example_dags/example_bash_operator.py
[2025-10-29T19:42:10.857-0700] {logging_mixin.py:188} INFO - [2025-10-29T19:42:10.857-0700] {dag.py:3089} INFO - Sync 1 DAGs
[2025-10-29T19:42:10.866-0700] {logging_mixin.py:188} INFO - [2025-10-29T19:42:10.866-0700] {dag.py:3947} INFO - Setting next_dagrun for example_bash_operator to 2025-10-29 00:00:00+00:00, run_after=2025-10-30 00:00:00+00:00
[2025-10-29T19:42:10.876-0700] {processor.py:183} INFO - Processing /opt/miniconda3/envs/airflow_env/lib/python3.11/site-packages/airflow/example_dags/example_bash_operator.py took 0.081 seconds
[2025-10-29T19:46:08.308-0700] {processor.py:161} INFO - Started process (PID=19671) to work on /opt/miniconda3/envs/airflow_env/lib/python3.11/site-packages/airflow/example_dags/example_bash_operator.py
[2025-10-29T19:46:08.308-0700] {processor.py:830} INFO - Processing file /opt/miniconda3/envs/airflow_env/lib/python3.11/site-packages/airflow/example_dags/example_bash_operator.py for tasks to queue
[2025-10-29T19:46:08.309-0700] {logging_mixin.py:188} INFO - [2025-10-29T19:46:08.309-0700] {dagbag.py:545} INFO - Filling up the DagBag from /opt/miniconda3/envs/airflow_env/lib/python3.11/site-packages/airflow/example_dags/example_bash_operator.py
[2025-10-29T19:46:08.316-0700] {processor.py:840} INFO - DAG(s) 'example_bash_operator' retrieved from /opt/miniconda3/envs/airflow_env/lib/python3.11/site-packages/airflow/example_dags/example_bash_operator.py
[2025-10-29T19:46:08.369-0700] {logging_mixin.py:188} INFO - [2025-10-29T19:46:08.369-0700] {dag.py:3089} INFO - Sync 1 DAGs
[2025-10-29T19:46:08.379-0700] {logging_mixin.py:188} INFO - [2025-10-29T19:46:08.379-0700] {dag.py:3947} INFO - Setting next_dagrun for example_bash_operator to 2025-10-29 00:00:00+00:00, run_after=2025-10-30 00:00:00+00:00
[2025-10-29T19:46:08.390-0700] {processor.py:183} INFO - Processing /opt/miniconda3/envs/airflow_env/lib/python3.11/site-packages/airflow/example_dags/example_bash_operator.py took 0.084 seconds
[2025-10-29T20:00:49.335-0700] {processor.py:161} INFO - Started process (PID=23245) to work on /opt/miniconda3/envs/airflow_env/lib/python3.11/site-packages/airflow/example_dags/example_bash_operator.py
[2025-10-29T20:00:49.337-0700] {processor.py:830} INFO - Processing file /opt/miniconda3/envs/airflow_env/lib/python3.11/site-packages/airflow/example_dags/example_bash_operator.py for tasks to queue
[2025-10-29T20:00:49.337-0700] {logging_mixin.py:188} INFO - [2025-10-29T20:00:49.337-0700] {dagbag.py:545} INFO - Filling up the DagBag from /opt/miniconda3/envs/airflow_env/lib/python3.11/site-packages/airflow/example_dags/example_bash_operator.py
[2025-10-29T20:00:49.346-0700] {processor.py:840} INFO - DAG(s) 'example_bash_operator' retrieved from /opt/miniconda3/envs/airflow_env/lib/python3.11/site-packages/airflow/example_dags/example_bash_operator.py
[2025-10-29T20:00:49.420-0700] {logging_mixin.py:188} INFO - [2025-10-29T20:00:49.419-0700] {dag.py:3089} INFO - Sync 1 DAGs
[2025-10-29T20:00:49.433-0700] {logging_mixin.py:188} INFO - [2025-10-29T20:00:49.432-0700] {dag.py:3947} INFO - Setting next_dagrun for example_bash_operator to 2025-10-29 00:00:00+00:00, run_after=2025-10-30 00:00:00+00:00
[2025-10-29T20:00:49.446-0700] {processor.py:183} INFO - Processing /opt/miniconda3/envs/airflow_env/lib/python3.11/site-packages/airflow/example_dags/example_bash_operator.py took 0.114 seconds
[2025-10-29T20:01:53.903-0700] {processor.py:161} INFO - Started process (PID=23616) to work on /opt/miniconda3/envs/airflow_env/lib/python3.11/site-packages/airflow/example_dags/example_bash_operator.py
[2025-10-29T20:01:53.904-0700] {processor.py:830} INFO - Processing file /opt/miniconda3/envs/airflow_env/lib/python3.11/site-packages/airflow/example_dags/example_bash_operator.py for tasks to queue
[2025-10-29T20:01:53.904-0700] {logging_mixin.py:188} INFO - [2025-10-29T20:01:53.904-0700] {dagbag.py:545} INFO - Filling up the DagBag from /opt/miniconda3/envs/airflow_env/lib/python3.11/site-packages/airflow/example_dags/example_bash_operator.py
[2025-10-29T20:01:53.911-0700] {processor.py:840} INFO - DAG(s) 'example_bash_operator' retrieved from /opt/miniconda3/envs/airflow_env/lib/python3.11/site-packages/airflow/example_dags/example_bash_operator.py
[2025-10-29T20:01:53.964-0700] {logging_mixin.py:188} INFO - [2025-10-29T20:01:53.963-0700] {dag.py:3089} INFO - Sync 1 DAGs
[2025-10-29T20:01:53.974-0700] {logging_mixin.py:188} INFO - [2025-10-29T20:01:53.974-0700] {dag.py:3947} INFO - Setting next_dagrun for example_bash_operator to 2025-10-29 00:00:00+00:00, run_after=2025-10-30 00:00:00+00:00
[2025-10-29T20:01:53.984-0700] {processor.py:183} INFO - Processing /opt/miniconda3/envs/airflow_env/lib/python3.11/site-packages/airflow/example_dags/example_bash_operator.py took 0.083 seconds
[2025-10-29T20:03:12.975-0700] {processor.py:161} INFO - Started process (PID=24062) to work on /opt/miniconda3/envs/airflow_env/lib/python3.11/site-packages/airflow/example_dags/example_bash_operator.py
[2025-10-29T20:03:12.975-0700] {processor.py:830} INFO - Processing file /opt/miniconda3/envs/airflow_env/lib/python3.11/site-packages/airflow/example_dags/example_bash_operator.py for tasks to queue
[2025-10-29T20:03:12.976-0700] {logging_mixin.py:188} INFO - [2025-10-29T20:03:12.976-0700] {dagbag.py:545} INFO - Filling up the DagBag from /opt/miniconda3/envs/airflow_env/lib/python3.11/site-packages/airflow/example_dags/example_bash_operator.py
[2025-10-29T20:03:12.982-0700] {processor.py:840} INFO - DAG(s) 'example_bash_operator' retrieved from /opt/miniconda3/envs/airflow_env/lib/python3.11/site-packages/airflow/example_dags/example_bash_operator.py
[2025-10-29T20:03:13.035-0700] {logging_mixin.py:188} INFO - [2025-10-29T20:03:13.034-0700] {dag.py:3089} INFO - Sync 1 DAGs
[2025-10-29T20:03:13.044-0700] {logging_mixin.py:188} INFO - [2025-10-29T20:03:13.044-0700] {dag.py:3947} INFO - Setting next_dagrun for example_bash_operator to 2025-10-29 00:00:00+00:00, run_after=2025-10-30 00:00:00+00:00
[2025-10-29T20:03:13.053-0700] {processor.py:183} INFO - Processing /opt/miniconda3/envs/airflow_env/lib/python3.11/site-packages/airflow/example_dags/example_bash_operator.py took 0.081 seconds
[2025-10-29T20:04:19.780-0700] {processor.py:161} INFO - Started process (PID=24448) to work on /opt/miniconda3/envs/airflow_env/lib/python3.11/site-packages/airflow/example_dags/example_bash_operator.py
[2025-10-29T20:04:19.780-0700] {processor.py:830} INFO - Processing file /opt/miniconda3/envs/airflow_env/lib/python3.11/site-packages/airflow/example_dags/example_bash_operator.py for tasks to queue
[2025-10-29T20:04:19.781-0700] {logging_mixin.py:188} INFO - [2025-10-29T20:04:19.781-0700] {dagbag.py:545} INFO - Filling up the DagBag from /opt/miniconda3/envs/airflow_env/lib/python3.11/site-packages/airflow/example_dags/example_bash_operator.py
[2025-10-29T20:04:19.787-0700] {processor.py:840} INFO - DAG(s) 'example_bash_operator' retrieved from /opt/miniconda3/envs/airflow_env/lib/python3.11/site-packages/airflow/example_dags/example_bash_operator.py
[2025-10-29T20:04:19.839-0700] {logging_mixin.py:188} INFO - [2025-10-29T20:04:19.839-0700] {dag.py:3089} INFO - Sync 1 DAGs
[2025-10-29T20:04:19.849-0700] {logging_mixin.py:188} INFO - [2025-10-29T20:04:19.849-0700] {dag.py:3947} INFO - Setting next_dagrun for example_bash_operator to 2025-10-29 00:00:00+00:00, run_after=2025-10-30 00:00:00+00:00
[2025-10-29T20:04:19.858-0700] {processor.py:183} INFO - Processing /opt/miniconda3/envs/airflow_env/lib/python3.11/site-packages/airflow/example_dags/example_bash_operator.py took 0.080 seconds
[2025-10-29T20:05:35.966-0700] {processor.py:161} INFO - Started process (PID=24889) to work on /opt/miniconda3/envs/airflow_env/lib/python3.11/site-packages/airflow/example_dags/example_bash_operator.py
[2025-10-29T20:05:35.967-0700] {processor.py:830} INFO - Processing file /opt/miniconda3/envs/airflow_env/lib/python3.11/site-packages/airflow/example_dags/example_bash_operator.py for tasks to queue
[2025-10-29T20:05:35.968-0700] {logging_mixin.py:188} INFO - [2025-10-29T20:05:35.968-0700] {dagbag.py:545} INFO - Filling up the DagBag from /opt/miniconda3/envs/airflow_env/lib/python3.11/site-packages/airflow/example_dags/example_bash_operator.py
[2025-10-29T20:05:35.974-0700] {processor.py:840} INFO - DAG(s) 'example_bash_operator' retrieved from /opt/miniconda3/envs/airflow_env/lib/python3.11/site-packages/airflow/example_dags/example_bash_operator.py
[2025-10-29T20:05:36.027-0700] {logging_mixin.py:188} INFO - [2025-10-29T20:05:36.027-0700] {dag.py:3089} INFO - Sync 1 DAGs
[2025-10-29T20:05:36.037-0700] {logging_mixin.py:188} INFO - [2025-10-29T20:05:36.036-0700] {dag.py:3947} INFO - Setting next_dagrun for example_bash_operator to 2025-10-29 00:00:00+00:00, run_after=2025-10-30 00:00:00+00:00
[2025-10-29T20:05:36.046-0700] {processor.py:183} INFO - Processing /opt/miniconda3/envs/airflow_env/lib/python3.11/site-packages/airflow/example_dags/example_bash_operator.py took 0.082 seconds
[2025-10-29T20:06:47.820-0700] {processor.py:161} INFO - Started process (PID=25294) to work on /opt/miniconda3/envs/airflow_env/lib/python3.11/site-packages/airflow/example_dags/example_bash_operator.py
[2025-10-29T20:06:47.821-0700] {processor.py:830} INFO - Processing file /opt/miniconda3/envs/airflow_env/lib/python3.11/site-packages/airflow/example_dags/example_bash_operator.py for tasks to queue
[2025-10-29T20:06:47.821-0700] {logging_mixin.py:188} INFO - [2025-10-29T20:06:47.821-0700] {dagbag.py:545} INFO - Filling up the DagBag from /opt/miniconda3/envs/airflow_env/lib/python3.11/site-packages/airflow/example_dags/example_bash_operator.py
[2025-10-29T20:06:47.828-0700] {processor.py:840} INFO - DAG(s) 'example_bash_operator' retrieved from /opt/miniconda3/envs/airflow_env/lib/python3.11/site-packages/airflow/example_dags/example_bash_operator.py
[2025-10-29T20:06:47.880-0700] {logging_mixin.py:188} INFO - [2025-10-29T20:06:47.880-0700] {dag.py:3089} INFO - Sync 1 DAGs
[2025-10-29T20:06:47.890-0700] {logging_mixin.py:188} INFO - [2025-10-29T20:06:47.889-0700] {dag.py:3947} INFO - Setting next_dagrun for example_bash_operator to 2025-10-29 00:00:00+00:00, run_after=2025-10-30 00:00:00+00:00
[2025-10-29T20:06:47.899-0700] {processor.py:183} INFO - Processing /opt/miniconda3/envs/airflow_env/lib/python3.11/site-packages/airflow/example_dags/example_bash_operator.py took 0.081 seconds
[2025-10-29T20:08:03.612-0700] {processor.py:161} INFO - Started process (PID=25734) to work on /opt/miniconda3/envs/airflow_env/lib/python3.11/site-packages/airflow/example_dags/example_bash_operator.py
[2025-10-29T20:08:03.613-0700] {processor.py:830} INFO - Processing file /opt/miniconda3/envs/airflow_env/lib/python3.11/site-packages/airflow/example_dags/example_bash_operator.py for tasks to queue
[2025-10-29T20:08:03.613-0700] {logging_mixin.py:188} INFO - [2025-10-29T20:08:03.613-0700] {dagbag.py:545} INFO - Filling up the DagBag from /opt/miniconda3/envs/airflow_env/lib/python3.11/site-packages/airflow/example_dags/example_bash_operator.py
[2025-10-29T20:08:03.620-0700] {processor.py:840} INFO - DAG(s) 'example_bash_operator' retrieved from /opt/miniconda3/envs/airflow_env/lib/python3.11/site-packages/airflow/example_dags/example_bash_operator.py
[2025-10-29T20:08:03.674-0700] {logging_mixin.py:188} INFO - [2025-10-29T20:08:03.674-0700] {dag.py:3089} INFO - Sync 1 DAGs
[2025-10-29T20:08:03.684-0700] {logging_mixin.py:188} INFO - [2025-10-29T20:08:03.684-0700] {dag.py:3947} INFO - Setting next_dagrun for example_bash_operator to 2025-10-29 00:00:00+00:00, run_after=2025-10-30 00:00:00+00:00
[2025-10-29T20:08:03.695-0700] {processor.py:183} INFO - Processing /opt/miniconda3/envs/airflow_env/lib/python3.11/site-packages/airflow/example_dags/example_bash_operator.py took 0.084 seconds
[2025-10-29T20:09:12.433-0700] {processor.py:161} INFO - Started process (PID=26073) to work on /opt/miniconda3/envs/airflow_env/lib/python3.11/site-packages/airflow/example_dags/example_bash_operator.py
[2025-10-29T20:09:12.434-0700] {processor.py:830} INFO - Processing file /opt/miniconda3/envs/airflow_env/lib/python3.11/site-packages/airflow/example_dags/example_bash_operator.py for tasks to queue
[2025-10-29T20:09:12.434-0700] {logging_mixin.py:188} INFO - [2025-10-29T20:09:12.434-0700] {dagbag.py:545} INFO - Filling up the DagBag from /opt/miniconda3/envs/airflow_env/lib/python3.11/site-packages/airflow/example_dags/example_bash_operator.py
[2025-10-29T20:09:12.441-0700] {processor.py:840} INFO - DAG(s) 'example_bash_operator' retrieved from /opt/miniconda3/envs/airflow_env/lib/python3.11/site-packages/airflow/example_dags/example_bash_operator.py
[2025-10-29T20:09:12.495-0700] {logging_mixin.py:188} INFO - [2025-10-29T20:09:12.495-0700] {dag.py:3089} INFO - Sync 1 DAGs
[2025-10-29T20:09:12.506-0700] {logging_mixin.py:188} INFO - [2025-10-29T20:09:12.505-0700] {dag.py:3947} INFO - Setting next_dagrun for example_bash_operator to 2025-10-29 00:00:00+00:00, run_after=2025-10-30 00:00:00+00:00
[2025-10-29T20:09:12.515-0700] {processor.py:183} INFO - Processing /opt/miniconda3/envs/airflow_env/lib/python3.11/site-packages/airflow/example_dags/example_bash_operator.py took 0.084 seconds
[2025-10-29T20:10:33.654-0700] {processor.py:161} INFO - Started process (PID=26290) to work on /opt/miniconda3/envs/airflow_env/lib/python3.11/site-packages/airflow/example_dags/example_bash_operator.py
[2025-10-29T20:10:33.654-0700] {processor.py:830} INFO - Processing file /opt/miniconda3/envs/airflow_env/lib/python3.11/site-packages/airflow/example_dags/example_bash_operator.py for tasks to queue
[2025-10-29T20:10:33.655-0700] {logging_mixin.py:188} INFO - [2025-10-29T20:10:33.655-0700] {dagbag.py:545} INFO - Filling up the DagBag from /opt/miniconda3/envs/airflow_env/lib/python3.11/site-packages/airflow/example_dags/example_bash_operator.py
[2025-10-29T20:10:33.661-0700] {processor.py:840} INFO - DAG(s) 'example_bash_operator' retrieved from /opt/miniconda3/envs/airflow_env/lib/python3.11/site-packages/airflow/example_dags/example_bash_operator.py
[2025-10-29T20:10:33.712-0700] {logging_mixin.py:188} INFO - [2025-10-29T20:10:33.712-0700] {dag.py:3089} INFO - Sync 1 DAGs
[2025-10-29T20:10:33.722-0700] {logging_mixin.py:188} INFO - [2025-10-29T20:10:33.722-0700] {dag.py:3947} INFO - Setting next_dagrun for example_bash_operator to 2025-10-29 00:00:00+00:00, run_after=2025-10-30 00:00:00+00:00
[2025-10-29T20:10:33.731-0700] {processor.py:183} INFO - Processing /opt/miniconda3/envs/airflow_env/lib/python3.11/site-packages/airflow/example_dags/example_bash_operator.py took 0.079 seconds
[2025-10-29T20:11:43.990-0700] {processor.py:161} INFO - Started process (PID=26529) to work on /opt/miniconda3/envs/airflow_env/lib/python3.11/site-packages/airflow/example_dags/example_bash_operator.py
[2025-10-29T20:11:43.991-0700] {processor.py:830} INFO - Processing file /opt/miniconda3/envs/airflow_env/lib/python3.11/site-packages/airflow/example_dags/example_bash_operator.py for tasks to queue
[2025-10-29T20:11:43.991-0700] {logging_mixin.py:188} INFO - [2025-10-29T20:11:43.991-0700] {dagbag.py:545} INFO - Filling up the DagBag from /opt/miniconda3/envs/airflow_env/lib/python3.11/site-packages/airflow/example_dags/example_bash_operator.py
[2025-10-29T20:11:43.997-0700] {processor.py:840} INFO - DAG(s) 'example_bash_operator' retrieved from /opt/miniconda3/envs/airflow_env/lib/python3.11/site-packages/airflow/example_dags/example_bash_operator.py
[2025-10-29T20:11:44.049-0700] {logging_mixin.py:188} INFO - [2025-10-29T20:11:44.049-0700] {dag.py:3089} INFO - Sync 1 DAGs
[2025-10-29T20:11:44.058-0700] {logging_mixin.py:188} INFO - [2025-10-29T20:11:44.058-0700] {dag.py:3947} INFO - Setting next_dagrun for example_bash_operator to 2025-10-29 00:00:00+00:00, run_after=2025-10-30 00:00:00+00:00
[2025-10-29T20:11:44.068-0700] {processor.py:183} INFO - Processing /opt/miniconda3/envs/airflow_env/lib/python3.11/site-packages/airflow/example_dags/example_bash_operator.py took 0.080 seconds
[2025-10-29T20:13:10.667-0700] {processor.py:161} INFO - Started process (PID=26830) to work on /opt/miniconda3/envs/airflow_env/lib/python3.11/site-packages/airflow/example_dags/example_bash_operator.py
[2025-10-29T20:13:10.668-0700] {processor.py:830} INFO - Processing file /opt/miniconda3/envs/airflow_env/lib/python3.11/site-packages/airflow/example_dags/example_bash_operator.py for tasks to queue
[2025-10-29T20:13:10.668-0700] {logging_mixin.py:188} INFO - [2025-10-29T20:13:10.668-0700] {dagbag.py:545} INFO - Filling up the DagBag from /opt/miniconda3/envs/airflow_env/lib/python3.11/site-packages/airflow/example_dags/example_bash_operator.py
[2025-10-29T20:13:10.675-0700] {processor.py:840} INFO - DAG(s) 'example_bash_operator' retrieved from /opt/miniconda3/envs/airflow_env/lib/python3.11/site-packages/airflow/example_dags/example_bash_operator.py
[2025-10-29T20:13:10.732-0700] {logging_mixin.py:188} INFO - [2025-10-29T20:13:10.732-0700] {dag.py:3089} INFO - Sync 1 DAGs
[2025-10-29T20:13:10.743-0700] {logging_mixin.py:188} INFO - [2025-10-29T20:13:10.743-0700] {dag.py:3947} INFO - Setting next_dagrun for example_bash_operator to 2025-10-29 00:00:00+00:00, run_after=2025-10-30 00:00:00+00:00
[2025-10-29T20:13:10.754-0700] {processor.py:183} INFO - Processing /opt/miniconda3/envs/airflow_env/lib/python3.11/site-packages/airflow/example_dags/example_bash_operator.py took 0.088 seconds
[2025-10-29T20:13:17.771-0700] {processor.py:161} INFO - Started process (PID=26860) to work on /opt/miniconda3/envs/airflow_env/lib/python3.11/site-packages/airflow/example_dags/example_bash_operator.py
[2025-10-29T20:13:17.771-0700] {processor.py:830} INFO - Processing file /opt/miniconda3/envs/airflow_env/lib/python3.11/site-packages/airflow/example_dags/example_bash_operator.py for tasks to queue
[2025-10-29T20:13:17.772-0700] {logging_mixin.py:188} INFO - [2025-10-29T20:13:17.772-0700] {dagbag.py:545} INFO - Filling up the DagBag from /opt/miniconda3/envs/airflow_env/lib/python3.11/site-packages/airflow/example_dags/example_bash_operator.py
[2025-10-29T20:13:17.779-0700] {processor.py:840} INFO - DAG(s) 'example_bash_operator' retrieved from /opt/miniconda3/envs/airflow_env/lib/python3.11/site-packages/airflow/example_dags/example_bash_operator.py
[2025-10-29T20:13:17.839-0700] {logging_mixin.py:188} INFO - [2025-10-29T20:13:17.839-0700] {dag.py:3089} INFO - Sync 1 DAGs
[2025-10-29T20:13:17.850-0700] {logging_mixin.py:188} INFO - [2025-10-29T20:13:17.849-0700] {dag.py:3947} INFO - Setting next_dagrun for example_bash_operator to 2025-10-29 00:00:00+00:00, run_after=2025-10-30 00:00:00+00:00
[2025-10-29T20:13:17.860-0700] {processor.py:183} INFO - Processing /opt/miniconda3/envs/airflow_env/lib/python3.11/site-packages/airflow/example_dags/example_bash_operator.py took 0.092 seconds
[2025-10-29T20:14:29.758-0700] {processor.py:161} INFO - Started process (PID=27102) to work on /opt/miniconda3/envs/airflow_env/lib/python3.11/site-packages/airflow/example_dags/example_bash_operator.py
[2025-10-29T20:14:29.759-0700] {processor.py:830} INFO - Processing file /opt/miniconda3/envs/airflow_env/lib/python3.11/site-packages/airflow/example_dags/example_bash_operator.py for tasks to queue
[2025-10-29T20:14:29.759-0700] {logging_mixin.py:188} INFO - [2025-10-29T20:14:29.759-0700] {dagbag.py:545} INFO - Filling up the DagBag from /opt/miniconda3/envs/airflow_env/lib/python3.11/site-packages/airflow/example_dags/example_bash_operator.py
[2025-10-29T20:14:29.770-0700] {processor.py:840} INFO - DAG(s) 'example_bash_operator' retrieved from /opt/miniconda3/envs/airflow_env/lib/python3.11/site-packages/airflow/example_dags/example_bash_operator.py
[2025-10-29T20:14:29.852-0700] {logging_mixin.py:188} INFO - [2025-10-29T20:14:29.851-0700] {dag.py:3089} INFO - Sync 1 DAGs
[2025-10-29T20:14:29.867-0700] {logging_mixin.py:188} INFO - [2025-10-29T20:14:29.867-0700] {dag.py:3947} INFO - Setting next_dagrun for example_bash_operator to 2025-10-29 00:00:00+00:00, run_after=2025-10-30 00:00:00+00:00
[2025-10-29T20:14:29.883-0700] {processor.py:183} INFO - Processing /opt/miniconda3/envs/airflow_env/lib/python3.11/site-packages/airflow/example_dags/example_bash_operator.py took 0.128 seconds
[2025-10-29T20:16:01.057-0700] {processor.py:161} INFO - Started process (PID=27412) to work on /opt/miniconda3/envs/airflow_env/lib/python3.11/site-packages/airflow/example_dags/example_bash_operator.py
[2025-10-29T20:16:01.058-0700] {processor.py:830} INFO - Processing file /opt/miniconda3/envs/airflow_env/lib/python3.11/site-packages/airflow/example_dags/example_bash_operator.py for tasks to queue
[2025-10-29T20:16:01.058-0700] {logging_mixin.py:188} INFO - [2025-10-29T20:16:01.058-0700] {dagbag.py:545} INFO - Filling up the DagBag from /opt/miniconda3/envs/airflow_env/lib/python3.11/site-packages/airflow/example_dags/example_bash_operator.py
[2025-10-29T20:16:01.065-0700] {processor.py:840} INFO - DAG(s) 'example_bash_operator' retrieved from /opt/miniconda3/envs/airflow_env/lib/python3.11/site-packages/airflow/example_dags/example_bash_operator.py
[2025-10-29T20:16:01.116-0700] {logging_mixin.py:188} INFO - [2025-10-29T20:16:01.116-0700] {dag.py:3089} INFO - Sync 1 DAGs
[2025-10-29T20:16:01.125-0700] {logging_mixin.py:188} INFO - [2025-10-29T20:16:01.125-0700] {dag.py:3947} INFO - Setting next_dagrun for example_bash_operator to 2025-10-29 00:00:00+00:00, run_after=2025-10-30 00:00:00+00:00
[2025-10-29T20:16:01.135-0700] {processor.py:183} INFO - Processing /opt/miniconda3/envs/airflow_env/lib/python3.11/site-packages/airflow/example_dags/example_bash_operator.py took 0.080 seconds
[2025-10-29T20:16:04.406-0700] {processor.py:161} INFO - Started process (PID=27422) to work on /opt/miniconda3/envs/airflow_env/lib/python3.11/site-packages/airflow/example_dags/example_bash_operator.py
[2025-10-29T20:16:04.406-0700] {processor.py:830} INFO - Processing file /opt/miniconda3/envs/airflow_env/lib/python3.11/site-packages/airflow/example_dags/example_bash_operator.py for tasks to queue
[2025-10-29T20:16:04.407-0700] {logging_mixin.py:188} INFO - [2025-10-29T20:16:04.407-0700] {dagbag.py:545} INFO - Filling up the DagBag from /opt/miniconda3/envs/airflow_env/lib/python3.11/site-packages/airflow/example_dags/example_bash_operator.py
[2025-10-29T20:16:04.414-0700] {processor.py:840} INFO - DAG(s) 'example_bash_operator' retrieved from /opt/miniconda3/envs/airflow_env/lib/python3.11/site-packages/airflow/example_dags/example_bash_operator.py
[2025-10-29T20:16:04.475-0700] {logging_mixin.py:188} INFO - [2025-10-29T20:16:04.474-0700] {dag.py:3089} INFO - Sync 1 DAGs
[2025-10-29T20:16:04.486-0700] {logging_mixin.py:188} INFO - [2025-10-29T20:16:04.486-0700] {dag.py:3947} INFO - Setting next_dagrun for example_bash_operator to 2025-10-29 00:00:00+00:00, run_after=2025-10-30 00:00:00+00:00
[2025-10-29T20:16:04.498-0700] {processor.py:183} INFO - Processing /opt/miniconda3/envs/airflow_env/lib/python3.11/site-packages/airflow/example_dags/example_bash_operator.py took 0.095 seconds
[2025-10-29T20:17:27.363-0700] {processor.py:161} INFO - Started process (PID=27701) to work on /opt/miniconda3/envs/airflow_env/lib/python3.11/site-packages/airflow/example_dags/example_bash_operator.py
[2025-10-29T20:17:27.365-0700] {processor.py:830} INFO - Processing file /opt/miniconda3/envs/airflow_env/lib/python3.11/site-packages/airflow/example_dags/example_bash_operator.py for tasks to queue
[2025-10-29T20:17:27.366-0700] {logging_mixin.py:188} INFO - [2025-10-29T20:17:27.366-0700] {dagbag.py:545} INFO - Filling up the DagBag from /opt/miniconda3/envs/airflow_env/lib/python3.11/site-packages/airflow/example_dags/example_bash_operator.py
[2025-10-29T20:17:27.378-0700] {processor.py:840} INFO - DAG(s) 'example_bash_operator' retrieved from /opt/miniconda3/envs/airflow_env/lib/python3.11/site-packages/airflow/example_dags/example_bash_operator.py
[2025-10-29T20:17:27.473-0700] {logging_mixin.py:188} INFO - [2025-10-29T20:17:27.473-0700] {dag.py:3089} INFO - Sync 1 DAGs
[2025-10-29T20:17:27.489-0700] {logging_mixin.py:188} INFO - [2025-10-29T20:17:27.489-0700] {dag.py:3947} INFO - Setting next_dagrun for example_bash_operator to 2025-10-29 00:00:00+00:00, run_after=2025-10-30 00:00:00+00:00
[2025-10-29T20:17:27.505-0700] {processor.py:183} INFO - Processing /opt/miniconda3/envs/airflow_env/lib/python3.11/site-packages/airflow/example_dags/example_bash_operator.py took 0.147 seconds
[2025-10-29T20:19:03.064-0700] {processor.py:161} INFO - Started process (PID=28010) to work on /opt/miniconda3/envs/airflow_env/lib/python3.11/site-packages/airflow/example_dags/example_bash_operator.py
[2025-10-29T20:19:03.065-0700] {processor.py:830} INFO - Processing file /opt/miniconda3/envs/airflow_env/lib/python3.11/site-packages/airflow/example_dags/example_bash_operator.py for tasks to queue
[2025-10-29T20:19:03.066-0700] {logging_mixin.py:188} INFO - [2025-10-29T20:19:03.066-0700] {dagbag.py:545} INFO - Filling up the DagBag from /opt/miniconda3/envs/airflow_env/lib/python3.11/site-packages/airflow/example_dags/example_bash_operator.py
[2025-10-29T20:19:03.074-0700] {processor.py:840} INFO - DAG(s) 'example_bash_operator' retrieved from /opt/miniconda3/envs/airflow_env/lib/python3.11/site-packages/airflow/example_dags/example_bash_operator.py
[2025-10-29T20:19:03.136-0700] {logging_mixin.py:188} INFO - [2025-10-29T20:19:03.135-0700] {dag.py:3089} INFO - Sync 1 DAGs
[2025-10-29T20:19:03.147-0700] {logging_mixin.py:188} INFO - [2025-10-29T20:19:03.146-0700] {dag.py:3947} INFO - Setting next_dagrun for example_bash_operator to 2025-10-29 00:00:00+00:00, run_after=2025-10-30 00:00:00+00:00
[2025-10-29T20:19:03.158-0700] {processor.py:183} INFO - Processing /opt/miniconda3/envs/airflow_env/lib/python3.11/site-packages/airflow/example_dags/example_bash_operator.py took 0.096 seconds
[2025-10-29T20:19:06.404-0700] {processor.py:161} INFO - Started process (PID=28020) to work on /opt/miniconda3/envs/airflow_env/lib/python3.11/site-packages/airflow/example_dags/example_bash_operator.py
[2025-10-29T20:19:06.405-0700] {processor.py:830} INFO - Processing file /opt/miniconda3/envs/airflow_env/lib/python3.11/site-packages/airflow/example_dags/example_bash_operator.py for tasks to queue
[2025-10-29T20:19:06.405-0700] {logging_mixin.py:188} INFO - [2025-10-29T20:19:06.405-0700] {dagbag.py:545} INFO - Filling up the DagBag from /opt/miniconda3/envs/airflow_env/lib/python3.11/site-packages/airflow/example_dags/example_bash_operator.py
[2025-10-29T20:19:06.416-0700] {processor.py:840} INFO - DAG(s) 'example_bash_operator' retrieved from /opt/miniconda3/envs/airflow_env/lib/python3.11/site-packages/airflow/example_dags/example_bash_operator.py
[2025-10-29T20:19:06.504-0700] {logging_mixin.py:188} INFO - [2025-10-29T20:19:06.504-0700] {dag.py:3089} INFO - Sync 1 DAGs
[2025-10-29T20:19:06.520-0700] {logging_mixin.py:188} INFO - [2025-10-29T20:19:06.520-0700] {dag.py:3947} INFO - Setting next_dagrun for example_bash_operator to 2025-10-29 00:00:00+00:00, run_after=2025-10-30 00:00:00+00:00
[2025-10-29T20:19:06.537-0700] {processor.py:183} INFO - Processing /opt/miniconda3/envs/airflow_env/lib/python3.11/site-packages/airflow/example_dags/example_bash_operator.py took 0.136 seconds
[2025-10-29T20:20:27.182-0700] {processor.py:161} INFO - Started process (PID=28272) to work on /opt/miniconda3/envs/airflow_env/lib/python3.11/site-packages/airflow/example_dags/example_bash_operator.py
[2025-10-29T20:20:27.183-0700] {processor.py:830} INFO - Processing file /opt/miniconda3/envs/airflow_env/lib/python3.11/site-packages/airflow/example_dags/example_bash_operator.py for tasks to queue
[2025-10-29T20:20:27.183-0700] {logging_mixin.py:188} INFO - [2025-10-29T20:20:27.183-0700] {dagbag.py:545} INFO - Filling up the DagBag from /opt/miniconda3/envs/airflow_env/lib/python3.11/site-packages/airflow/example_dags/example_bash_operator.py
[2025-10-29T20:20:27.197-0700] {processor.py:840} INFO - DAG(s) 'example_bash_operator' retrieved from /opt/miniconda3/envs/airflow_env/lib/python3.11/site-packages/airflow/example_dags/example_bash_operator.py
[2025-10-29T20:20:27.301-0700] {logging_mixin.py:188} INFO - [2025-10-29T20:20:27.301-0700] {dag.py:3089} INFO - Sync 1 DAGs
[2025-10-29T20:20:27.318-0700] {logging_mixin.py:188} INFO - [2025-10-29T20:20:27.318-0700] {dag.py:3947} INFO - Setting next_dagrun for example_bash_operator to 2025-10-29 00:00:00+00:00, run_after=2025-10-30 00:00:00+00:00
[2025-10-29T20:20:27.335-0700] {processor.py:183} INFO - Processing /opt/miniconda3/envs/airflow_env/lib/python3.11/site-packages/airflow/example_dags/example_bash_operator.py took 0.158 seconds
[2025-10-29T20:22:12.407-0700] {processor.py:161} INFO - Started process (PID=28638) to work on /opt/miniconda3/envs/airflow_env/lib/python3.11/site-packages/airflow/example_dags/example_bash_operator.py
[2025-10-29T20:22:12.408-0700] {processor.py:830} INFO - Processing file /opt/miniconda3/envs/airflow_env/lib/python3.11/site-packages/airflow/example_dags/example_bash_operator.py for tasks to queue
[2025-10-29T20:22:12.408-0700] {logging_mixin.py:188} INFO - [2025-10-29T20:22:12.408-0700] {dagbag.py:545} INFO - Filling up the DagBag from /opt/miniconda3/envs/airflow_env/lib/python3.11/site-packages/airflow/example_dags/example_bash_operator.py
[2025-10-29T20:22:12.416-0700] {processor.py:840} INFO - DAG(s) 'example_bash_operator' retrieved from /opt/miniconda3/envs/airflow_env/lib/python3.11/site-packages/airflow/example_dags/example_bash_operator.py
[2025-10-29T20:22:12.498-0700] {logging_mixin.py:188} INFO - [2025-10-29T20:22:12.497-0700] {dag.py:3089} INFO - Sync 1 DAGs
[2025-10-29T20:22:12.514-0700] {logging_mixin.py:188} INFO - [2025-10-29T20:22:12.514-0700] {dag.py:3947} INFO - Setting next_dagrun for example_bash_operator to 2025-10-29 00:00:00+00:00, run_after=2025-10-30 00:00:00+00:00
[2025-10-29T20:22:12.530-0700] {processor.py:183} INFO - Processing /opt/miniconda3/envs/airflow_env/lib/python3.11/site-packages/airflow/example_dags/example_bash_operator.py took 0.126 seconds
[2025-10-29T20:22:19.491-0700] {processor.py:161} INFO - Started process (PID=28662) to work on /opt/miniconda3/envs/airflow_env/lib/python3.11/site-packages/airflow/example_dags/example_bash_operator.py
[2025-10-29T20:22:19.491-0700] {processor.py:830} INFO - Processing file /opt/miniconda3/envs/airflow_env/lib/python3.11/site-packages/airflow/example_dags/example_bash_operator.py for tasks to queue
[2025-10-29T20:22:19.492-0700] {logging_mixin.py:188} INFO - [2025-10-29T20:22:19.492-0700] {dagbag.py:545} INFO - Filling up the DagBag from /opt/miniconda3/envs/airflow_env/lib/python3.11/site-packages/airflow/example_dags/example_bash_operator.py
[2025-10-29T20:22:19.499-0700] {processor.py:840} INFO - DAG(s) 'example_bash_operator' retrieved from /opt/miniconda3/envs/airflow_env/lib/python3.11/site-packages/airflow/example_dags/example_bash_operator.py
[2025-10-29T20:22:19.560-0700] {logging_mixin.py:188} INFO - [2025-10-29T20:22:19.560-0700] {dag.py:3089} INFO - Sync 1 DAGs
[2025-10-29T20:22:19.571-0700] {logging_mixin.py:188} INFO - [2025-10-29T20:22:19.571-0700] {dag.py:3947} INFO - Setting next_dagrun for example_bash_operator to 2025-10-29 00:00:00+00:00, run_after=2025-10-30 00:00:00+00:00
[2025-10-29T20:22:19.582-0700] {processor.py:183} INFO - Processing /opt/miniconda3/envs/airflow_env/lib/python3.11/site-packages/airflow/example_dags/example_bash_operator.py took 0.093 seconds
[2025-10-29T20:23:41.532-0700] {processor.py:161} INFO - Started process (PID=28953) to work on /opt/miniconda3/envs/airflow_env/lib/python3.11/site-packages/airflow/example_dags/example_bash_operator.py
[2025-10-29T20:23:41.533-0700] {processor.py:830} INFO - Processing file /opt/miniconda3/envs/airflow_env/lib/python3.11/site-packages/airflow/example_dags/example_bash_operator.py for tasks to queue
[2025-10-29T20:23:41.534-0700] {logging_mixin.py:188} INFO - [2025-10-29T20:23:41.534-0700] {dagbag.py:545} INFO - Filling up the DagBag from /opt/miniconda3/envs/airflow_env/lib/python3.11/site-packages/airflow/example_dags/example_bash_operator.py
[2025-10-29T20:23:41.546-0700] {processor.py:840} INFO - DAG(s) 'example_bash_operator' retrieved from /opt/miniconda3/envs/airflow_env/lib/python3.11/site-packages/airflow/example_dags/example_bash_operator.py
[2025-10-29T20:23:41.642-0700] {logging_mixin.py:188} INFO - [2025-10-29T20:23:41.642-0700] {dag.py:3089} INFO - Sync 1 DAGs
[2025-10-29T20:23:41.659-0700] {logging_mixin.py:188} INFO - [2025-10-29T20:23:41.658-0700] {dag.py:3947} INFO - Setting next_dagrun for example_bash_operator to 2025-10-29 00:00:00+00:00, run_after=2025-10-30 00:00:00+00:00
[2025-10-29T20:23:41.674-0700] {processor.py:183} INFO - Processing /opt/miniconda3/envs/airflow_env/lib/python3.11/site-packages/airflow/example_dags/example_bash_operator.py took 0.147 seconds
[2025-10-29T20:25:29.695-0700] {processor.py:161} INFO - Started process (PID=29314) to work on /opt/miniconda3/envs/airflow_env/lib/python3.11/site-packages/airflow/example_dags/example_bash_operator.py
[2025-10-29T20:25:29.695-0700] {processor.py:830} INFO - Processing file /opt/miniconda3/envs/airflow_env/lib/python3.11/site-packages/airflow/example_dags/example_bash_operator.py for tasks to queue
[2025-10-29T20:25:29.696-0700] {logging_mixin.py:188} INFO - [2025-10-29T20:25:29.696-0700] {dagbag.py:545} INFO - Filling up the DagBag from /opt/miniconda3/envs/airflow_env/lib/python3.11/site-packages/airflow/example_dags/example_bash_operator.py
[2025-10-29T20:25:29.702-0700] {processor.py:840} INFO - DAG(s) 'example_bash_operator' retrieved from /opt/miniconda3/envs/airflow_env/lib/python3.11/site-packages/airflow/example_dags/example_bash_operator.py
[2025-10-29T20:25:29.754-0700] {logging_mixin.py:188} INFO - [2025-10-29T20:25:29.754-0700] {dag.py:3089} INFO - Sync 1 DAGs
[2025-10-29T20:25:29.763-0700] {logging_mixin.py:188} INFO - [2025-10-29T20:25:29.763-0700] {dag.py:3947} INFO - Setting next_dagrun for example_bash_operator to 2025-10-29 00:00:00+00:00, run_after=2025-10-30 00:00:00+00:00
[2025-10-29T20:25:29.773-0700] {processor.py:183} INFO - Processing /opt/miniconda3/envs/airflow_env/lib/python3.11/site-packages/airflow/example_dags/example_bash_operator.py took 0.080 seconds
[2025-10-29T20:25:30.868-0700] {processor.py:161} INFO - Started process (PID=29317) to work on /opt/miniconda3/envs/airflow_env/lib/python3.11/site-packages/airflow/example_dags/example_bash_operator.py
[2025-10-29T20:25:30.869-0700] {processor.py:830} INFO - Processing file /opt/miniconda3/envs/airflow_env/lib/python3.11/site-packages/airflow/example_dags/example_bash_operator.py for tasks to queue
[2025-10-29T20:25:30.869-0700] {logging_mixin.py:188} INFO - [2025-10-29T20:25:30.869-0700] {dagbag.py:545} INFO - Filling up the DagBag from /opt/miniconda3/envs/airflow_env/lib/python3.11/site-packages/airflow/example_dags/example_bash_operator.py
[2025-10-29T20:25:30.877-0700] {processor.py:840} INFO - DAG(s) 'example_bash_operator' retrieved from /opt/miniconda3/envs/airflow_env/lib/python3.11/site-packages/airflow/example_dags/example_bash_operator.py
[2025-10-29T20:25:30.942-0700] {logging_mixin.py:188} INFO - [2025-10-29T20:25:30.941-0700] {dag.py:3089} INFO - Sync 1 DAGs
[2025-10-29T20:25:30.954-0700] {logging_mixin.py:188} INFO - [2025-10-29T20:25:30.954-0700] {dag.py:3947} INFO - Setting next_dagrun for example_bash_operator to 2025-10-29 00:00:00+00:00, run_after=2025-10-30 00:00:00+00:00
[2025-10-29T20:25:30.965-0700] {processor.py:183} INFO - Processing /opt/miniconda3/envs/airflow_env/lib/python3.11/site-packages/airflow/example_dags/example_bash_operator.py took 0.100 seconds
[2025-10-29T20:26:32.873-0700] {processor.py:161} INFO - Started process (PID=29532) to work on /opt/miniconda3/envs/airflow_env/lib/python3.11/site-packages/airflow/example_dags/example_bash_operator.py
[2025-10-29T20:26:32.873-0700] {processor.py:830} INFO - Processing file /opt/miniconda3/envs/airflow_env/lib/python3.11/site-packages/airflow/example_dags/example_bash_operator.py for tasks to queue
[2025-10-29T20:26:32.874-0700] {logging_mixin.py:188} INFO - [2025-10-29T20:26:32.874-0700] {dagbag.py:545} INFO - Filling up the DagBag from /opt/miniconda3/envs/airflow_env/lib/python3.11/site-packages/airflow/example_dags/example_bash_operator.py
[2025-10-29T20:26:32.881-0700] {processor.py:840} INFO - DAG(s) 'example_bash_operator' retrieved from /opt/miniconda3/envs/airflow_env/lib/python3.11/site-packages/airflow/example_dags/example_bash_operator.py
[2025-10-29T20:26:32.942-0700] {logging_mixin.py:188} INFO - [2025-10-29T20:26:32.942-0700] {dag.py:3089} INFO - Sync 1 DAGs
[2025-10-29T20:26:32.954-0700] {logging_mixin.py:188} INFO - [2025-10-29T20:26:32.953-0700] {dag.py:3947} INFO - Setting next_dagrun for example_bash_operator to 2025-10-29 00:00:00+00:00, run_after=2025-10-30 00:00:00+00:00
[2025-10-29T20:26:32.965-0700] {processor.py:183} INFO - Processing /opt/miniconda3/envs/airflow_env/lib/python3.11/site-packages/airflow/example_dags/example_bash_operator.py took 0.094 seconds
[2025-10-29T20:28:15.969-0700] {processor.py:161} INFO - Started process (PID=29884) to work on /opt/miniconda3/envs/airflow_env/lib/python3.11/site-packages/airflow/example_dags/example_bash_operator.py
[2025-10-29T20:28:15.970-0700] {processor.py:830} INFO - Processing file /opt/miniconda3/envs/airflow_env/lib/python3.11/site-packages/airflow/example_dags/example_bash_operator.py for tasks to queue
[2025-10-29T20:28:15.970-0700] {logging_mixin.py:188} INFO - [2025-10-29T20:28:15.970-0700] {dagbag.py:545} INFO - Filling up the DagBag from /opt/miniconda3/envs/airflow_env/lib/python3.11/site-packages/airflow/example_dags/example_bash_operator.py
[2025-10-29T20:28:15.976-0700] {processor.py:840} INFO - DAG(s) 'example_bash_operator' retrieved from /opt/miniconda3/envs/airflow_env/lib/python3.11/site-packages/airflow/example_dags/example_bash_operator.py
[2025-10-29T20:28:16.028-0700] {logging_mixin.py:188} INFO - [2025-10-29T20:28:16.028-0700] {dag.py:3089} INFO - Sync 1 DAGs
[2025-10-29T20:28:16.037-0700] {logging_mixin.py:188} INFO - [2025-10-29T20:28:16.037-0700] {dag.py:3947} INFO - Setting next_dagrun for example_bash_operator to 2025-10-29 00:00:00+00:00, run_after=2025-10-30 00:00:00+00:00
[2025-10-29T20:28:16.046-0700] {processor.py:183} INFO - Processing /opt/miniconda3/envs/airflow_env/lib/python3.11/site-packages/airflow/example_dags/example_bash_operator.py took 0.079 seconds
[2025-10-29T20:28:19.366-0700] {processor.py:161} INFO - Started process (PID=29897) to work on /opt/miniconda3/envs/airflow_env/lib/python3.11/site-packages/airflow/example_dags/example_bash_operator.py
[2025-10-29T20:28:19.368-0700] {processor.py:830} INFO - Processing file /opt/miniconda3/envs/airflow_env/lib/python3.11/site-packages/airflow/example_dags/example_bash_operator.py for tasks to queue
[2025-10-29T20:28:19.369-0700] {logging_mixin.py:188} INFO - [2025-10-29T20:28:19.369-0700] {dagbag.py:545} INFO - Filling up the DagBag from /opt/miniconda3/envs/airflow_env/lib/python3.11/site-packages/airflow/example_dags/example_bash_operator.py
[2025-10-29T20:28:19.380-0700] {processor.py:840} INFO - DAG(s) 'example_bash_operator' retrieved from /opt/miniconda3/envs/airflow_env/lib/python3.11/site-packages/airflow/example_dags/example_bash_operator.py
[2025-10-29T20:28:19.486-0700] {logging_mixin.py:188} INFO - [2025-10-29T20:28:19.486-0700] {dag.py:3089} INFO - Sync 1 DAGs
[2025-10-29T20:28:19.507-0700] {logging_mixin.py:188} INFO - [2025-10-29T20:28:19.507-0700] {dag.py:3947} INFO - Setting next_dagrun for example_bash_operator to 2025-10-29 00:00:00+00:00, run_after=2025-10-30 00:00:00+00:00
[2025-10-29T20:28:19.528-0700] {processor.py:183} INFO - Processing /opt/miniconda3/envs/airflow_env/lib/python3.11/site-packages/airflow/example_dags/example_bash_operator.py took 0.165 seconds
[2025-10-29T20:29:21.021-0700] {processor.py:161} INFO - Started process (PID=30115) to work on /opt/miniconda3/envs/airflow_env/lib/python3.11/site-packages/airflow/example_dags/example_bash_operator.py
[2025-10-29T20:29:21.023-0700] {processor.py:830} INFO - Processing file /opt/miniconda3/envs/airflow_env/lib/python3.11/site-packages/airflow/example_dags/example_bash_operator.py for tasks to queue
[2025-10-29T20:29:21.023-0700] {logging_mixin.py:188} INFO - [2025-10-29T20:29:21.023-0700] {dagbag.py:545} INFO - Filling up the DagBag from /opt/miniconda3/envs/airflow_env/lib/python3.11/site-packages/airflow/example_dags/example_bash_operator.py
[2025-10-29T20:29:21.034-0700] {processor.py:840} INFO - DAG(s) 'example_bash_operator' retrieved from /opt/miniconda3/envs/airflow_env/lib/python3.11/site-packages/airflow/example_dags/example_bash_operator.py
[2025-10-29T20:29:21.120-0700] {logging_mixin.py:188} INFO - [2025-10-29T20:29:21.119-0700] {dag.py:3089} INFO - Sync 1 DAGs
[2025-10-29T20:29:21.133-0700] {logging_mixin.py:188} INFO - [2025-10-29T20:29:21.133-0700] {dag.py:3947} INFO - Setting next_dagrun for example_bash_operator to 2025-10-29 00:00:00+00:00, run_after=2025-10-30 00:00:00+00:00
[2025-10-29T20:29:21.146-0700] {processor.py:183} INFO - Processing /opt/miniconda3/envs/airflow_env/lib/python3.11/site-packages/airflow/example_dags/example_bash_operator.py took 0.128 seconds
