  ____________       _____________
 ____    |__( )_________  __/__  /________      __
____  /| |_  /__  ___/_  /_ __  /_  __ \_ | /| / /
___  ___ |  / _  /   _  __/ _  / / /_/ /_ |/ |/ /
 _/_/  |_/_/  /_/    /_/    /_/  \____/____/|__/
2025-10-31T08:26:21.933590Z [info     ] Starting the triggerer         [airflow.jobs.triggerer_job_runner.TriggererJobRunner] loc=triggerer_job_runner.py:162
2025-10-31T08:26:23.296239Z [info     ] Starting log server on http://[::]:8794 [airflow.utils.serve_logs.core] loc=core.py:50
WARNING:  ASGI app factory detected. Using it, but please consider setting the --factory flag explicitly.
INFO:     Started server process [86686]
INFO:     Waiting for application startup.
INFO:     Application startup complete.
INFO:     Uvicorn running on http://:8794 (Press CTRL+C to quit)
2025-10-31T08:27:22.072608Z [info     ] 0 triggers currently running   [airflow.jobs.triggerer_job_runner] loc=triggerer_job_runner.py:729
2025-10-31T08:27:22.073040Z [info     ] 0 watchers currently running   [airflow.jobs.triggerer_job_runner] loc=triggerer_job_runner.py:729
2025-10-31T08:28:22.164367Z [info     ] 0 triggers currently running   [airflow.jobs.triggerer_job_runner] loc=triggerer_job_runner.py:729
2025-10-31T08:28:22.164993Z [info     ] 0 watchers currently running   [airflow.jobs.triggerer_job_runner] loc=triggerer_job_runner.py:729
2025-10-31T08:29:22.263264Z [info     ] 0 triggers currently running   [airflow.jobs.triggerer_job_runner] loc=triggerer_job_runner.py:729
2025-10-31T08:29:22.264070Z [info     ] 0 watchers currently running   [airflow.jobs.triggerer_job_runner] loc=triggerer_job_runner.py:729
2025-10-31T08:30:22.361031Z [info     ] 0 triggers currently running   [airflow.jobs.triggerer_job_runner] loc=triggerer_job_runner.py:729
2025-10-31T08:30:22.361603Z [info     ] 0 watchers currently running   [airflow.jobs.triggerer_job_runner] loc=triggerer_job_runner.py:729
2025-10-31T08:31:22.466690Z [info     ] 0 triggers currently running   [airflow.jobs.triggerer_job_runner] loc=triggerer_job_runner.py:729
2025-10-31T08:31:22.467417Z [info     ] 0 watchers currently running   [airflow.jobs.triggerer_job_runner] loc=triggerer_job_runner.py:729
2025-10-31T08:32:22.563398Z [info     ] 0 triggers currently running   [airflow.jobs.triggerer_job_runner] loc=triggerer_job_runner.py:729
2025-10-31T08:32:22.563930Z [info     ] 0 watchers currently running   [airflow.jobs.triggerer_job_runner] loc=triggerer_job_runner.py:729
2025-10-31T08:33:22.656661Z [info     ] 0 triggers currently running   [airflow.jobs.triggerer_job_runner] loc=triggerer_job_runner.py:729
2025-10-31T08:33:22.657356Z [info     ] 0 watchers currently running   [airflow.jobs.triggerer_job_runner] loc=triggerer_job_runner.py:729
2025-10-31T08:34:22.748546Z [info     ] 0 triggers currently running   [airflow.jobs.triggerer_job_runner] loc=triggerer_job_runner.py:729
2025-10-31T08:34:22.749198Z [info     ] 0 watchers currently running   [airflow.jobs.triggerer_job_runner] loc=triggerer_job_runner.py:729
2025-10-31T08:35:22.845582Z [info     ] 0 triggers currently running   [airflow.jobs.triggerer_job_runner] loc=triggerer_job_runner.py:729
2025-10-31T08:35:22.846087Z [info     ] 0 watchers currently running   [airflow.jobs.triggerer_job_runner] loc=triggerer_job_runner.py:729
2025-10-31T08:36:22.941942Z [info     ] 0 triggers currently running   [airflow.jobs.triggerer_job_runner] loc=triggerer_job_runner.py:729
2025-10-31T08:36:22.942510Z [info     ] 0 watchers currently running   [airflow.jobs.triggerer_job_runner] loc=triggerer_job_runner.py:729
2025-10-31T08:37:23.029529Z [info     ] 0 triggers currently running   [airflow.jobs.triggerer_job_runner] loc=triggerer_job_runner.py:729
2025-10-31T08:37:23.029766Z [info     ] 0 watchers currently running   [airflow.jobs.triggerer_job_runner] loc=triggerer_job_runner.py:729
2025-10-31T08:38:23.123993Z [info     ] 0 triggers currently running   [airflow.jobs.triggerer_job_runner] loc=triggerer_job_runner.py:729
2025-10-31T08:38:23.124131Z [info     ] 0 watchers currently running   [airflow.jobs.triggerer_job_runner] loc=triggerer_job_runner.py:729
2025-10-31T08:39:23.212819Z [info     ] 0 triggers currently running   [airflow.jobs.triggerer_job_runner] loc=triggerer_job_runner.py:729
2025-10-31T08:39:23.213027Z [info     ] 0 watchers currently running   [airflow.jobs.triggerer_job_runner] loc=triggerer_job_runner.py:729
2025-10-31T08:40:23.304676Z [info     ] 0 triggers currently running   [airflow.jobs.triggerer_job_runner] loc=triggerer_job_runner.py:729
2025-10-31T08:40:23.305014Z [info     ] 0 watchers currently running   [airflow.jobs.triggerer_job_runner] loc=triggerer_job_runner.py:729
2025-10-31T08:41:23.396391Z [info     ] 0 triggers currently running   [airflow.jobs.triggerer_job_runner] loc=triggerer_job_runner.py:729
2025-10-31T08:41:23.396521Z [info     ] 0 watchers currently running   [airflow.jobs.triggerer_job_runner] loc=triggerer_job_runner.py:729
2025-10-31T08:42:23.488793Z [info     ] 0 triggers currently running   [airflow.jobs.triggerer_job_runner] loc=triggerer_job_runner.py:729
2025-10-31T08:42:23.489404Z [info     ] 0 watchers currently running   [airflow.jobs.triggerer_job_runner] loc=triggerer_job_runner.py:729
2025-10-31T08:43:23.589161Z [info     ] 0 triggers currently running   [airflow.jobs.triggerer_job_runner] loc=triggerer_job_runner.py:729
2025-10-31T08:43:23.589836Z [info     ] 0 watchers currently running   [airflow.jobs.triggerer_job_runner] loc=triggerer_job_runner.py:729
2025-10-31T08:44:23.676310Z [info     ] 0 triggers currently running   [airflow.jobs.triggerer_job_runner] loc=triggerer_job_runner.py:729
2025-10-31T08:44:23.676403Z [info     ] 0 watchers currently running   [airflow.jobs.triggerer_job_runner] loc=triggerer_job_runner.py:729
2025-10-31T08:45:23.768684Z [info     ] 0 triggers currently running   [airflow.jobs.triggerer_job_runner] loc=triggerer_job_runner.py:729
2025-10-31T08:45:23.769402Z [info     ] 0 watchers currently running   [airflow.jobs.triggerer_job_runner] loc=triggerer_job_runner.py:729
2025-10-31T08:46:23.858858Z [info     ] 0 triggers currently running   [airflow.jobs.triggerer_job_runner] loc=triggerer_job_runner.py:729
2025-10-31T08:46:23.859032Z [info     ] 0 watchers currently running   [airflow.jobs.triggerer_job_runner] loc=triggerer_job_runner.py:729
2025-10-31T08:47:23.954720Z [info     ] 0 triggers currently running   [airflow.jobs.triggerer_job_runner] loc=triggerer_job_runner.py:729
2025-10-31T08:47:23.954878Z [info     ] 0 watchers currently running   [airflow.jobs.triggerer_job_runner] loc=triggerer_job_runner.py:729
2025-10-31T08:47:45.093718Z [info     ] Triggerer's async thread was blocked for 0.24 seconds, likely by a badly-written trigger. Set PYTHONASYNCIODEBUG=1 to get more information on overrunning coroutines. [airflow.jobs.triggerer_job_runner] loc=triggerer_job_runner.py:729
2025-10-31T08:48:24.329309Z [info     ] 0 triggers currently running   [airflow.jobs.triggerer_job_runner] loc=triggerer_job_runner.py:729
2025-10-31T08:48:24.329952Z [info     ] 0 watchers currently running   [airflow.jobs.triggerer_job_runner] loc=triggerer_job_runner.py:729
2025-10-31T08:49:24.422929Z [info     ] 0 triggers currently running   [airflow.jobs.triggerer_job_runner] loc=triggerer_job_runner.py:729
2025-10-31T08:49:24.423481Z [info     ] 0 watchers currently running   [airflow.jobs.triggerer_job_runner] loc=triggerer_job_runner.py:729
2025-10-31T08:50:24.511035Z [info     ] 0 triggers currently running   [airflow.jobs.triggerer_job_runner] loc=triggerer_job_runner.py:729
2025-10-31T08:50:24.511136Z [info     ] 0 watchers currently running   [airflow.jobs.triggerer_job_runner] loc=triggerer_job_runner.py:729
2025-10-31T08:51:24.598800Z [info     ] 0 triggers currently running   [airflow.jobs.triggerer_job_runner] loc=triggerer_job_runner.py:729
2025-10-31T08:51:24.598916Z [info     ] 0 watchers currently running   [airflow.jobs.triggerer_job_runner] loc=triggerer_job_runner.py:729
2025-10-31T08:52:24.689811Z [info     ] 0 triggers currently running   [airflow.jobs.triggerer_job_runner] loc=triggerer_job_runner.py:729
2025-10-31T08:52:24.690045Z [info     ] 0 watchers currently running   [airflow.jobs.triggerer_job_runner] loc=triggerer_job_runner.py:729
2025-10-31T08:53:24.779561Z [info     ] 0 triggers currently running   [airflow.jobs.triggerer_job_runner] loc=triggerer_job_runner.py:729
2025-10-31T08:53:24.779732Z [info     ] 0 watchers currently running   [airflow.jobs.triggerer_job_runner] loc=triggerer_job_runner.py:729
2025-10-31T08:54:24.872419Z [info     ] 0 triggers currently running   [airflow.jobs.triggerer_job_runner] loc=triggerer_job_runner.py:729
2025-10-31T08:54:24.872726Z [info     ] 0 watchers currently running   [airflow.jobs.triggerer_job_runner] loc=triggerer_job_runner.py:729
2025-10-31T08:55:24.967241Z [info     ] 0 triggers currently running   [airflow.jobs.triggerer_job_runner] loc=triggerer_job_runner.py:729
2025-10-31T08:55:24.967854Z [info     ] 0 watchers currently running   [airflow.jobs.triggerer_job_runner] loc=triggerer_job_runner.py:729
2025-10-31T08:56:03.655860Z [info     ] Waiting for triggers to clean up [airflow.jobs.triggerer_job_runner.TriggererJobRunner] loc=triggerer_job_runner.py:176
2025-10-31T08:56:03.662291Z [error    ] Process terminated by signal. For more information, see https://airflow.apache.org/docs/apache-airflow/stable/troubleshooting.html#process-terminated-by-signal. [airflow.jobs.triggerer_job_runner] loc=supervisor.py:817 signal=-15 signal_name=SIGTERM
2025-10-31T08:56:03.662563Z [info     ] Process exited                 [supervisor] exit_code=-15 loc=supervisor.py:708 pid=86687 signal_sent=SIGINT
2025-10-31T08:56:03.662662Z [info     ] Exited trigger loop            [airflow.jobs.triggerer_job_runner.TriggererJobRunner] loc=triggerer_job_runner.py:181
INFO:     Shutting down
INFO:     Waiting for application shutdown.
INFO:     Application shutdown complete.
INFO:     Finished server process [86686]
